2024-04-30 11:36:57,940 - root - INFO - Logger is setup
2024-04-30 11:36:57,987 - utils_portfolio - INFO - Updating info of portfolio - p1
2024-04-30 11:36:58,052 - utils_portfolio - INFO - Updating state of portfolio - p1
2024-04-30 11:36:58,052 - utils_portfolio - INFO - Calculating closed trades stats
2024-04-30 11:37:00,295 - utils_portfolio - INFO - Calculating open trades stats
2024-04-30 11:37:02,097 - utils_portfolio - INFO - Calculating symbols weights
2024-04-30 11:37:02,097 - root - INFO - Portfolio p1 symbols weights - {'PLTR': 0.09090909090909091, 'BTC/USD': 0.09090909090909091, 'AAL': 0.09090909090909091, 'VRT': 0.09090909090909091, 'GBTC': 0.09090909090909091, 'DELL': 0.09090909090909091, 'GM': 0.09090909090909091, 'IYR': 0.09090909090909091, 'DKNG': 0.09090909090909091, 'EBAY': 0.09090909090909091, 'CRWD': 0.09090909090909091}
2024-04-30 11:37:02,098 - utils_strategy - INFO - PLTR - downloading data from alpaca - stock client
2024-04-30 11:37:02,754 - utils_portfolio - INFO - Checking if we have correct date
2024-04-30 11:37:02,754 - utils_portfolio - INFO - PLTR - running symbols strategy to get entries and exits
2024-04-30 11:37:02,770 - utils_portfolio - INFO - Evaluating symbol if to open, close, or no change
2024-04-30 11:37:07,957 - utils_strategy - INFO - BTC/USD - downloading data from alpaca - stock client
2024-04-30 11:37:08,417 - utils_strategy - INFO - BTC/USD - downloading data from alpaca - crypto client
2024-04-30 11:37:09,672 - utils_portfolio - INFO - Checking if we have correct date
2024-04-30 11:37:09,672 - utils_portfolio - INFO - BTC/USD - running symbols strategy to get entries and exits
2024-04-30 11:37:09,687 - utils_portfolio - INFO - Evaluating symbol if to open, close, or no change
2024-04-30 11:37:09,717 - utils_strategy - INFO - AAL - downloading data from alpaca - stock client
2024-04-30 11:37:11,068 - utils_portfolio - INFO - Checking if we have correct date
2024-04-30 11:37:11,068 - utils_portfolio - INFO - AAL - running symbols strategy to get entries and exits
2024-04-30 11:37:11,085 - utils_portfolio - INFO - Evaluating symbol if to open, close, or no change
2024-04-30 11:37:11,124 - utils_strategy - INFO - VRT - downloading data from alpaca - stock client
2024-04-30 11:37:12,114 - utils_portfolio - INFO - Checking if we have correct date
2024-04-30 11:37:12,114 - utils_portfolio - INFO - VRT - running symbols strategy to get entries and exits
2024-04-30 11:37:12,128 - utils_portfolio - INFO - Evaluating symbol if to open, close, or no change
2024-04-30 11:37:12,159 - utils_portfolio - INFO - VRT - submitting order to close existing position
2024-04-30 11:37:12,729 - utils_strategy - INFO - GBTC - downloading data from alpaca - stock client
2024-04-30 11:37:13,276 - utils_portfolio - INFO - Checking if we have correct date
2024-04-30 11:37:13,277 - utils_portfolio - INFO - GBTC - running symbols strategy to get entries and exits
2024-04-30 11:37:13,290 - utils_portfolio - INFO - Evaluating symbol if to open, close, or no change
2024-04-30 11:37:13,317 - utils_strategy - INFO - DELL - downloading data from alpaca - stock client
2024-04-30 11:37:14,314 - utils_portfolio - INFO - Checking if we have correct date
2024-04-30 11:37:14,314 - utils_portfolio - INFO - DELL - running symbols strategy to get entries and exits
2024-04-30 11:37:14,328 - utils_portfolio - INFO - Evaluating symbol if to open, close, or no change
2024-04-30 11:37:14,364 - utils_portfolio - INFO - DELL - submitting order to close existing position
2024-04-30 11:37:14,872 - utils_strategy - INFO - GM - downloading data from alpaca - stock client
2024-04-30 11:37:15,993 - utils_portfolio - INFO - Checking if we have correct date
2024-04-30 11:37:15,993 - utils_portfolio - INFO - GM - running symbols strategy to get entries and exits
2024-04-30 11:37:16,009 - utils_portfolio - INFO - Evaluating symbol if to open, close, or no change
2024-04-30 11:37:16,050 - utils_portfolio - INFO - GM - submitting order to close existing position
2024-04-30 11:37:16,614 - utils_strategy - INFO - IYR - downloading data from alpaca - stock client
2024-04-30 11:37:17,802 - utils_portfolio - INFO - Checking if we have correct date
2024-04-30 11:37:17,802 - utils_portfolio - INFO - IYR - running symbols strategy to get entries and exits
2024-04-30 11:37:17,823 - utils_portfolio - INFO - Evaluating symbol if to open, close, or no change
2024-04-30 11:37:17,863 - utils_strategy - INFO - DKNG - downloading data from alpaca - stock client
2024-04-30 11:37:18,608 - utils_portfolio - INFO - Checking if we have correct date
2024-04-30 11:37:18,608 - utils_portfolio - INFO - DKNG - running symbols strategy to get entries and exits
2024-04-30 11:37:18,621 - utils_portfolio - INFO - Evaluating symbol if to open, close, or no change
2024-04-30 11:37:18,650 - utils_strategy - INFO - EBAY - downloading data from alpaca - stock client
2024-04-30 11:37:20,044 - utils_portfolio - INFO - Checking if we have correct date
2024-04-30 11:37:20,044 - utils_portfolio - INFO - EBAY - running symbols strategy to get entries and exits
2024-04-30 11:37:20,060 - utils_portfolio - INFO - Evaluating symbol if to open, close, or no change
2024-04-30 11:37:20,096 - utils_portfolio - INFO - EBAY - submitting order to close existing position
2024-04-30 11:37:20,510 - utils_portfolio - WARNING - EBAY - trying to close non-existing position
2024-04-30 11:37:20,512 - utils_strategy - INFO - CRWD - downloading data from alpaca - stock client
2024-04-30 11:37:21,480 - utils_portfolio - INFO - Checking if we have correct date
2024-04-30 11:37:21,480 - utils_portfolio - INFO - CRWD - running symbols strategy to get entries and exits
2024-04-30 11:37:21,494 - utils_portfolio - INFO - Evaluating symbol if to open, close, or no change
2024-04-30 11:37:21,528 - root - INFO - Portfolio p1 symbols actions - {'PLTR': 'open', 'BTCUSD': 'no_change', 'AAL': 'no_change', 'VRT': 'close', 'GBTC': 'no_change', 'DELL': 'close', 'GM': 'close', 'IYR': 'no_change', 'DKNG': 'no_change', 'EBAY': 'close', 'CRWD': 'no_change'}
2024-04-30 11:37:21,528 - utils_portfolio - INFO - Portfolio p1 - calculating position sizes
2024-04-30 11:37:21,563 - root - INFO - Portfolio p1 position sizes - symbol
PLTR      454.54
BTCUSD    454.54
AAL       454.54
VRT       454.55
GBTC      454.54
DELL      454.55
GM        454.55
IYR       454.54
DKNG      454.54
EBAY      454.54
CRWD      454.54
Name: position, dtype: float64
2024-04-30 11:37:21,563 - utils_portfolio - INFO - Submitting orders to open positions
2024-04-30 11:37:22,142 - utils_portfolio - INFO - Updating info of portfolio - p2
2024-04-30 11:37:22,214 - utils_portfolio - INFO - Updating state of portfolio - p2
2024-04-30 11:37:22,215 - utils_portfolio - INFO - Calculating closed trades stats
2024-04-30 11:37:24,031 - utils_portfolio - INFO - Calculating open trades stats
2024-04-30 11:37:25,999 - utils_portfolio - INFO - Calculating symbols weights
2024-04-30 11:37:26,000 - utils_portfolio - INFO - Calculating closed trades count
2024-04-30 11:37:27,982 - root - INFO - Portfolio p2 symbols weights - {'AAPL': 0.1111111111111111, 'GOOGL': 0.1111111111111111, 'META': 0.1111111111111111, 'MRVL': 0.1111111111111111, 'MSTR': 0.1111111111111111, 'SCHD': 0.1111111111111111, 'BITO': 0.1111111111111111, 'AVGO': 0.1111111111111111, 'SOUN': 0.1111111111111111}
2024-04-30 11:37:27,983 - utils_strategy - INFO - AAPL - downloading data from yfinance
2024-04-30 11:37:28,668 - utils_portfolio - INFO - Checking if we have correct date
2024-04-30 11:37:28,668 - utils_portfolio - INFO - AAPL - running symbols strategy to get entries and exits
2024-04-30 11:37:28,679 - utils_portfolio - INFO - Evaluating symbol if to open, close, or no change
2024-04-30 11:37:28,722 - utils_portfolio - INFO - AAPL - submitting order to close existing position
2024-04-30 11:37:29,312 - utils_strategy - INFO - GOOGL - downloading data from yfinance
2024-04-30 11:37:29,583 - utils_portfolio - INFO - Checking if we have correct date
2024-04-30 11:37:29,583 - utils_portfolio - INFO - GOOGL - running symbols strategy to get entries and exits
2024-04-30 11:37:29,590 - utils_portfolio - INFO - Evaluating symbol if to open, close, or no change
2024-04-30 11:37:29,828 - utils_portfolio - INFO - GOOGL - submitting order to close existing position
2024-04-30 11:37:30,282 - utils_strategy - INFO - META - downloading data from yfinance
2024-04-30 11:37:30,470 - utils_portfolio - INFO - Checking if we have correct date
2024-04-30 11:37:30,470 - utils_portfolio - INFO - META - running symbols strategy to get entries and exits
2024-04-30 11:37:30,479 - utils_portfolio - INFO - Evaluating symbol if to open, close, or no change
2024-04-30 11:37:30,510 - utils_strategy - INFO - MRVL - downloading data from yfinance
2024-04-30 11:37:30,711 - utils_portfolio - INFO - Checking if we have correct date
2024-04-30 11:37:30,711 - utils_portfolio - INFO - MRVL - running symbols strategy to get entries and exits
2024-04-30 11:37:30,719 - utils_portfolio - INFO - Evaluating symbol if to open, close, or no change
2024-04-30 11:37:30,767 - utils_portfolio - INFO - MRVL - submitting order to close existing position
2024-04-30 11:37:31,256 - utils_strategy - INFO - MSTR - downloading data from yfinance
2024-04-30 11:37:31,506 - utils_portfolio - INFO - Checking if we have correct date
2024-04-30 11:37:31,507 - utils_portfolio - INFO - MSTR - running symbols strategy to get entries and exits
2024-04-30 11:37:31,515 - utils_portfolio - INFO - Evaluating symbol if to open, close, or no change
2024-04-30 11:37:31,550 - utils_strategy - INFO - SCHD - downloading data from yfinance
2024-04-30 11:37:31,708 - utils_portfolio - INFO - Checking if we have correct date
2024-04-30 11:37:31,708 - utils_portfolio - INFO - SCHD - running symbols strategy to get entries and exits
2024-04-30 11:37:31,718 - utils_portfolio - INFO - Evaluating symbol if to open, close, or no change
2024-04-30 11:37:31,752 - utils_portfolio - INFO - SCHD - submitting order to close existing position
2024-04-30 11:37:32,340 - utils_portfolio - WARNING - SCHD - trying to close non-existing position
2024-04-30 11:37:32,341 - utils_strategy - INFO - BITO - downloading data from yfinance
2024-04-30 11:37:32,483 - utils_portfolio - INFO - Checking if we have correct date
2024-04-30 11:37:32,483 - utils_portfolio - INFO - BITO - running symbols strategy to get entries and exits
2024-04-30 11:37:32,491 - utils_portfolio - INFO - Evaluating symbol if to open, close, or no change
2024-04-30 11:37:32,519 - utils_strategy - INFO - AVGO - downloading data from yfinance
2024-04-30 11:37:32,715 - utils_portfolio - INFO - Checking if we have correct date
2024-04-30 11:37:32,715 - utils_portfolio - INFO - AVGO - running symbols strategy to get entries and exits
2024-04-30 11:37:32,723 - utils_portfolio - INFO - Evaluating symbol if to open, close, or no change
2024-04-30 11:37:32,758 - utils_portfolio - INFO - AVGO - submitting order to close existing position
2024-04-30 11:37:33,303 - utils_strategy - INFO - SOUN - downloading data from yfinance
2024-04-30 11:37:33,403 - utils_portfolio - INFO - Checking if we have correct date
2024-04-30 11:37:33,403 - utils_portfolio - INFO - SOUN - running symbols strategy to get entries and exits
2024-04-30 11:37:33,414 - utils_portfolio - INFO - Evaluating symbol if to open, close, or no change
2024-04-30 11:37:33,447 - root - INFO - Portfolio p2 symbols actions - {'AAPL': 'close', 'GOOGL': 'close', 'META': 'no_change', 'MRVL': 'close', 'MSTR': 'no_change', 'SCHD': 'close', 'BITO': 'no_change', 'AVGO': 'close', 'SOUN': 'no_change'}
2024-04-30 11:37:33,447 - utils_portfolio - INFO - Portfolio p2 - calculating position sizes
2024-04-30 11:37:33,465 - root - INFO - Portfolio p2 position sizes - symbol
AAPL     555.56
GOOGL    555.56
META     555.56
MRVL     555.56
MSTR     555.56
SCHD     555.56
BITO     555.56
AVGO     555.56
SOUN     555.56
Name: position, dtype: float64
2024-04-30 11:37:33,466 - utils_portfolio - INFO - Submitting orders to open positions
2024-04-30 11:37:33,466 - utils_portfolio - INFO - Updating info of portfolio - p3
2024-04-30 11:37:33,538 - utils_portfolio - INFO - Updating state of portfolio - p3
2024-04-30 11:37:33,539 - utils_portfolio - INFO - Calculating closed trades stats
2024-04-30 11:37:35,565 - utils_portfolio - INFO - Calculating open trades stats
2024-04-30 11:37:37,723 - utils_portfolio - INFO - Calculating symbols weights
2024-04-30 11:37:37,723 - root - INFO - Portfolio p3 symbols weights - {'TSLA': 0.1, 'NVDA': 0.1, 'AMD': 0.1, 'QQQ': 0.1, 'AMZN': 0.1, 'TQQQ': 0.1, 'VOO': 0.1, 'BABA': 0.1, 'BA': 0.1, 'XLI': 0.1}
2024-04-30 11:37:37,723 - utils_strategy - INFO - TSLA - downloading data from yfinance
2024-04-30 11:37:37,957 - utils_portfolio - INFO - Checking if we have correct date
2024-04-30 11:37:37,957 - utils_portfolio - INFO - TSLA - running symbols strategy to get entries and exits
2024-04-30 11:37:37,964 - utils_portfolio - INFO - Evaluating symbol if to open, close, or no change
2024-04-30 11:37:37,993 - utils_portfolio - INFO - TSLA - submitting order to close existing position
2024-04-30 11:37:38,537 - utils_strategy - INFO - NVDA - downloading data from yfinance
2024-04-30 11:37:38,923 - utils_portfolio - INFO - Checking if we have correct date
2024-04-30 11:37:38,924 - utils_portfolio - INFO - NVDA - running symbols strategy to get entries and exits
2024-04-30 11:37:38,932 - utils_portfolio - INFO - Evaluating symbol if to open, close, or no change
2024-04-30 11:37:38,973 - utils_portfolio - INFO - NVDA - submitting order to close existing position
2024-04-30 11:37:39,444 - utils_strategy - INFO - AMD - downloading data from yfinance
2024-04-30 11:37:39,722 - utils_portfolio - INFO - Checking if we have correct date
2024-04-30 11:37:39,722 - utils_portfolio - INFO - AMD - running symbols strategy to get entries and exits
2024-04-30 11:37:39,729 - utils_portfolio - INFO - Evaluating symbol if to open, close, or no change
2024-04-30 11:37:39,767 - utils_portfolio - INFO - AMD - submitting order to close existing position
2024-04-30 11:37:40,371 - utils_strategy - INFO - QQQ - downloading data from yfinance
2024-04-30 11:37:40,681 - utils_portfolio - INFO - Checking if we have correct date
2024-04-30 11:37:40,681 - utils_portfolio - INFO - QQQ - running symbols strategy to get entries and exits
2024-04-30 11:37:40,689 - utils_portfolio - INFO - Evaluating symbol if to open, close, or no change
2024-04-30 11:37:40,727 - utils_strategy - INFO - AMZN - downloading data from yfinance
2024-04-30 11:37:40,951 - utils_portfolio - INFO - Checking if we have correct date
2024-04-30 11:37:40,951 - utils_portfolio - INFO - AMZN - running symbols strategy to get entries and exits
2024-04-30 11:37:40,960 - utils_portfolio - INFO - Evaluating symbol if to open, close, or no change
2024-04-30 11:37:41,000 - utils_strategy - INFO - TQQQ - downloading data from yfinance
2024-04-30 11:37:41,172 - utils_portfolio - INFO - Checking if we have correct date
2024-04-30 11:37:41,172 - utils_portfolio - INFO - TQQQ - running symbols strategy to get entries and exits
2024-04-30 11:37:41,182 - utils_portfolio - INFO - Evaluating symbol if to open, close, or no change
2024-04-30 11:37:41,218 - utils_strategy - INFO - VOO - downloading data from yfinance
2024-04-30 11:37:41,464 - utils_portfolio - INFO - Checking if we have correct date
2024-04-30 11:37:41,464 - utils_portfolio - INFO - VOO - running symbols strategy to get entries and exits
2024-04-30 11:37:41,473 - utils_portfolio - INFO - Evaluating symbol if to open, close, or no change
2024-04-30 11:37:41,508 - utils_portfolio - INFO - VOO - submitting order to close existing position
2024-04-30 11:37:42,111 - utils_strategy - INFO - BABA - downloading data from yfinance
2024-04-30 11:37:42,294 - utils_portfolio - INFO - Checking if we have correct date
2024-04-30 11:37:42,295 - utils_portfolio - INFO - BABA - running symbols strategy to get entries and exits
2024-04-30 11:37:42,302 - utils_portfolio - INFO - Evaluating symbol if to open, close, or no change
2024-04-30 11:37:42,498 - utils_portfolio - INFO - BABA - submitting order to close existing position
2024-04-30 11:37:43,037 - utils_portfolio - WARNING - BABA - trying to close non-existing position
2024-04-30 11:37:43,041 - utils_strategy - INFO - BA - downloading data from yfinance
2024-04-30 11:37:43,527 - utils_portfolio - INFO - Checking if we have correct date
2024-04-30 11:37:43,527 - utils_portfolio - INFO - BA - running symbols strategy to get entries and exits
2024-04-30 11:37:43,535 - utils_portfolio - INFO - Evaluating symbol if to open, close, or no change
2024-04-30 11:37:43,572 - utils_strategy - INFO - XLI - downloading data from yfinance
2024-04-30 11:37:43,825 - utils_portfolio - INFO - Checking if we have correct date
2024-04-30 11:37:43,825 - utils_portfolio - INFO - XLI - running symbols strategy to get entries and exits
2024-04-30 11:37:43,833 - utils_portfolio - INFO - Evaluating symbol if to open, close, or no change
2024-04-30 11:37:43,871 - root - INFO - Portfolio p3 symbols actions - {'TSLA': 'close', 'NVDA': 'close', 'AMD': 'close', 'QQQ': 'no_change', 'AMZN': 'open', 'TQQQ': 'open', 'VOO': 'close', 'BABA': 'close', 'BA': 'no_change', 'XLI': 'open'}
2024-04-30 11:37:43,871 - utils_portfolio - INFO - Portfolio p3 - calculating position sizes
2024-04-30 11:37:43,899 - root - INFO - Portfolio p3 position sizes - symbol
TSLA    500.0
NVDA    500.0
AMD     500.0
QQQ     500.0
AMZN    500.0
TQQQ    500.0
VOO     500.0
BABA    500.0
BA      500.0
XLI     500.0
Name: position, dtype: float64
2024-04-30 11:37:43,899 - utils_portfolio - INFO - Submitting orders to open positions
2024-04-30 11:37:44,772 - utils_portfolio - INFO - Updating info of portfolio - p4
2024-04-30 11:37:44,924 - utils_portfolio - INFO - Updating state of portfolio - p4
2024-04-30 11:37:44,924 - utils_portfolio - INFO - Calculating closed trades stats
2024-04-30 11:37:48,703 - utils_portfolio - INFO - Calculating open trades stats
2024-04-30 11:37:52,656 - utils_portfolio - INFO - Calculating symbols weights
2024-04-30 11:37:52,656 - root - INFO - Portfolio p4 symbols weights - {'RIOT': 0.05, 'NEE': 0.05, 'SLV': 0.05, 'SHOP': 0.05, 'FAST': 0.05, 'SPXL': 0.05, 'VALE': 0.05, 'SNAP': 0.05, 'WDC': 0.05, 'MO': 0.05, 'PM': 0.05, 'SQ': 0.05, 'PDD': 0.05, 'ABBV': 0.05, 'ON': 0.05, 'UPRO': 0.05, 'TSLL': 0.05, 'PBR': 0.05, 'MP': 0.05, 'U': 0.05}
2024-04-30 11:37:52,656 - utils_strategy - INFO - RIOT - downloading data from yfinance
2024-04-30 11:37:52,857 - utils_portfolio - INFO - Checking if we have correct date
2024-04-30 11:37:52,857 - utils_portfolio - INFO - RIOT - running symbols strategy to get entries and exits
2024-04-30 11:37:52,865 - utils_portfolio - INFO - Evaluating symbol if to open, close, or no change
2024-04-30 11:37:52,897 - utils_portfolio - INFO - RIOT - submitting order to close existing position
2024-04-30 11:37:53,241 - utils_portfolio - WARNING - RIOT - trying to close non-existing position
2024-04-30 11:37:53,244 - utils_strategy - INFO - NEE - downloading data from yfinance
2024-04-30 11:37:53,624 - utils_portfolio - INFO - Checking if we have correct date
2024-04-30 11:37:53,624 - utils_portfolio - INFO - NEE - running symbols strategy to get entries and exits
2024-04-30 11:37:53,632 - utils_portfolio - INFO - Evaluating symbol if to open, close, or no change
2024-04-30 11:37:53,669 - utils_portfolio - INFO - NEE - submitting order to close existing position
2024-04-30 11:37:54,037 - utils_portfolio - WARNING - NEE - trying to close non-existing position
2024-04-30 11:37:54,040 - utils_strategy - INFO - SLV - downloading data from yfinance
2024-04-30 11:37:54,244 - utils_portfolio - INFO - Checking if we have correct date
2024-04-30 11:37:54,244 - utils_portfolio - INFO - SLV - running symbols strategy to get entries and exits
2024-04-30 11:37:54,252 - utils_portfolio - INFO - Evaluating symbol if to open, close, or no change
2024-04-30 11:37:54,287 - utils_strategy - INFO - SHOP - downloading data from yfinance
2024-04-30 11:37:54,479 - utils_portfolio - INFO - Checking if we have correct date
2024-04-30 11:37:54,479 - utils_portfolio - INFO - SHOP - running symbols strategy to get entries and exits
2024-04-30 11:37:54,488 - utils_portfolio - INFO - Evaluating symbol if to open, close, or no change
2024-04-30 11:37:54,515 - utils_strategy - INFO - FAST - downloading data from yfinance
2024-04-30 11:37:54,800 - utils_portfolio - INFO - Checking if we have correct date
2024-04-30 11:37:54,801 - utils_portfolio - INFO - FAST - running symbols strategy to get entries and exits
2024-04-30 11:37:54,810 - utils_portfolio - INFO - Evaluating symbol if to open, close, or no change
2024-04-30 11:37:54,847 - utils_strategy - INFO - SPXL - downloading data from yfinance
2024-04-30 11:37:55,041 - utils_portfolio - INFO - Checking if we have correct date
2024-04-30 11:37:55,041 - utils_portfolio - INFO - SPXL - running symbols strategy to get entries and exits
2024-04-30 11:37:55,048 - utils_portfolio - INFO - Evaluating symbol if to open, close, or no change
2024-04-30 11:37:55,083 - utils_portfolio - INFO - SPXL - submitting order to close existing position
2024-04-30 11:37:55,626 - utils_strategy - INFO - VALE - downloading data from yfinance
2024-04-30 11:37:55,915 - utils_portfolio - INFO - Checking if we have correct date
2024-04-30 11:37:55,915 - utils_portfolio - INFO - VALE - running symbols strategy to get entries and exits
2024-04-30 11:37:55,922 - utils_portfolio - INFO - Evaluating symbol if to open, close, or no change
2024-04-30 11:37:55,959 - utils_portfolio - INFO - VALE - submitting order to close existing position
2024-04-30 11:37:56,453 - utils_portfolio - WARNING - VALE - trying to close non-existing position
2024-04-30 11:37:56,456 - utils_strategy - INFO - SNAP - downloading data from yfinance
2024-04-30 11:37:56,645 - utils_portfolio - INFO - Checking if we have correct date
2024-04-30 11:37:56,645 - utils_portfolio - INFO - SNAP - running symbols strategy to get entries and exits
2024-04-30 11:37:56,654 - utils_portfolio - INFO - Evaluating symbol if to open, close, or no change
2024-04-30 11:37:56,681 - utils_strategy - INFO - WDC - downloading data from yfinance
2024-04-30 11:37:56,900 - utils_portfolio - INFO - Checking if we have correct date
2024-04-30 11:37:56,900 - utils_portfolio - INFO - WDC - running symbols strategy to get entries and exits
2024-04-30 11:37:56,908 - utils_portfolio - INFO - Evaluating symbol if to open, close, or no change
2024-04-30 11:37:56,945 - utils_portfolio - INFO - WDC - submitting order to close existing position
2024-04-30 11:37:57,675 - utils_strategy - INFO - MO - downloading data from yfinance
2024-04-30 11:37:58,071 - utils_portfolio - INFO - Checking if we have correct date
2024-04-30 11:37:58,072 - utils_portfolio - INFO - MO - running symbols strategy to get entries and exits
2024-04-30 11:37:58,080 - utils_portfolio - INFO - Evaluating symbol if to open, close, or no change
2024-04-30 11:37:58,275 - utils_portfolio - INFO - MO - submitting order to close existing position
2024-04-30 11:37:58,758 - utils_portfolio - WARNING - MO - trying to close non-existing position
2024-04-30 11:37:58,760 - utils_strategy - INFO - PM - downloading data from yfinance
2024-04-30 11:37:58,993 - utils_portfolio - INFO - Checking if we have correct date
2024-04-30 11:37:58,993 - utils_portfolio - INFO - PM - running symbols strategy to get entries and exits
2024-04-30 11:37:59,001 - utils_portfolio - INFO - Evaluating symbol if to open, close, or no change
2024-04-30 11:37:59,033 - utils_portfolio - INFO - PM - submitting order to close existing position
2024-04-30 11:37:59,618 - utils_portfolio - WARNING - PM - trying to close non-existing position
2024-04-30 11:37:59,621 - utils_strategy - INFO - SQ - downloading data from yfinance
2024-04-30 11:37:59,802 - utils_portfolio - INFO - Checking if we have correct date
2024-04-30 11:37:59,802 - utils_portfolio - INFO - SQ - running symbols strategy to get entries and exits
2024-04-30 11:37:59,812 - utils_portfolio - INFO - Evaluating symbol if to open, close, or no change
2024-04-30 11:37:59,843 - utils_strategy - INFO - PDD - downloading data from yfinance
2024-04-30 11:37:59,959 - utils_portfolio - INFO - Checking if we have correct date
2024-04-30 11:37:59,959 - utils_portfolio - INFO - PDD - running symbols strategy to get entries and exits
2024-04-30 11:37:59,969 - utils_portfolio - INFO - Evaluating symbol if to open, close, or no change
2024-04-30 11:38:00,001 - utils_strategy - INFO - ABBV - downloading data from yfinance
2024-04-30 11:38:00,169 - utils_portfolio - INFO - Checking if we have correct date
2024-04-30 11:38:00,169 - utils_portfolio - INFO - ABBV - running symbols strategy to get entries and exits
2024-04-30 11:38:00,178 - utils_portfolio - INFO - Evaluating symbol if to open, close, or no change
2024-04-30 11:38:00,208 - utils_strategy - INFO - ON - downloading data from yfinance
2024-04-30 11:38:00,415 - utils_portfolio - INFO - Checking if we have correct date
2024-04-30 11:38:00,415 - utils_portfolio - INFO - ON - running symbols strategy to get entries and exits
2024-04-30 11:38:00,424 - utils_portfolio - INFO - Evaluating symbol if to open, close, or no change
2024-04-30 11:38:00,472 - utils_portfolio - INFO - ON - submitting order to close existing position
2024-04-30 11:38:01,092 - utils_strategy - INFO - UPRO - downloading data from yfinance
2024-04-30 11:38:01,319 - utils_portfolio - INFO - Checking if we have correct date
2024-04-30 11:38:01,319 - utils_portfolio - INFO - UPRO - running symbols strategy to get entries and exits
2024-04-30 11:38:01,327 - utils_portfolio - INFO - Evaluating symbol if to open, close, or no change
2024-04-30 11:38:01,357 - utils_strategy - INFO - TSLL - downloading data from yfinance
2024-04-30 11:38:01,493 - utils_portfolio - INFO - Checking if we have correct date
2024-04-30 11:38:01,494 - utils_portfolio - INFO - TSLL - running symbols strategy to get entries and exits
2024-04-30 11:38:01,503 - utils_portfolio - INFO - Evaluating symbol if to open, close, or no change
2024-04-30 11:38:01,529 - utils_portfolio - INFO - TSLL - submitting order to close existing position
2024-04-30 11:38:02,078 - utils_strategy - INFO - PBR - downloading data from yfinance
2024-04-30 11:38:02,390 - utils_portfolio - INFO - Checking if we have correct date
2024-04-30 11:38:02,390 - utils_portfolio - INFO - PBR - running symbols strategy to get entries and exits
2024-04-30 11:38:02,398 - utils_portfolio - INFO - Evaluating symbol if to open, close, or no change
2024-04-30 11:38:02,438 - utils_portfolio - INFO - PBR - submitting order to close existing position
2024-04-30 11:38:03,201 - utils_portfolio - WARNING - PBR - trying to close non-existing position
2024-04-30 11:38:03,204 - utils_strategy - INFO - MP - downloading data from yfinance
2024-04-30 11:38:03,358 - utils_portfolio - INFO - Checking if we have correct date
2024-04-30 11:38:03,359 - utils_portfolio - INFO - MP - running symbols strategy to get entries and exits
2024-04-30 11:38:03,371 - utils_portfolio - INFO - Evaluating symbol if to open, close, or no change
2024-04-30 11:38:03,400 - utils_strategy - INFO - U - downloading data from yfinance
2024-04-30 11:38:03,540 - utils_portfolio - INFO - Checking if we have correct date
2024-04-30 11:38:03,541 - utils_portfolio - INFO - U - running symbols strategy to get entries and exits
2024-04-30 11:38:03,555 - utils_portfolio - INFO - Evaluating symbol if to open, close, or no change
2024-04-30 11:38:03,580 - utils_portfolio - INFO - U - submitting order to close existing position
2024-04-30 11:38:03,971 - root - INFO - Portfolio p4 symbols actions - {'RIOT': 'close', 'NEE': 'close', 'SLV': 'no_change', 'SHOP': 'open', 'FAST': 'no_change', 'SPXL': 'close', 'VALE': 'close', 'SNAP': 'no_change', 'WDC': 'close', 'MO': 'close', 'PM': 'close', 'SQ': 'open', 'PDD': 'no_change', 'ABBV': 'no_change', 'ON': 'close', 'UPRO': 'open', 'TSLL': 'close', 'PBR': 'close', 'MP': 'no_change', 'U': 'close'}
2024-04-30 11:38:03,973 - utils_portfolio - INFO - Portfolio p4 - calculating position sizes
2024-04-30 11:38:04,027 - root - INFO - Portfolio p4 position sizes - symbol
RIOT    250.0
NEE     250.0
SLV     250.0
SHOP    250.0
FAST    250.0
SPXL    250.0
VALE    250.0
SNAP    250.0
WDC     250.0
MO      250.0
PM      250.0
SQ      250.0
PDD     250.0
ABBV    250.0
ON      250.0
UPRO    250.0
TSLL    250.0
PBR     250.0
MP      250.0
U       250.0
Name: position, dtype: float64
2024-04-30 11:38:04,027 - utils_portfolio - INFO - Submitting orders to open positions
