2025-01-30 10:05:06,217 - root - INFO - Logger is setup
2025-01-30 10:05:06,311 - utils_portfolio - INFO - Updating info of portfolio - p1
2025-01-30 10:05:06,984 - utils_portfolio - INFO - Calculating symbols weights
2025-01-30 10:05:06,985 - root - INFO - Portfolio p1 symbols weights - {'ACB': 0.01, 'ACN': 0.01, 'ADBE': 0.01, 'ALB': 0.01, 'AMAT': 0.01, 'AMD': 0.01, 'AMT': 0.01, 'AMZN': 0.01, 'ANET': 0.01, 'ARKK': 0.01, 'AVGO': 0.01, 'BA': 0.01, 'BABA': 0.01, 'BMY': 0.01, 'BSX': 0.01, 'CMCSA': 0.01, 'COP': 0.01, 'CSX': 0.01, 'CVNA': 0.01, 'CVX': 0.01, 'DAL': 0.01, 'DELL': 0.01, 'ENPH': 0.01, 'ETN': 0.01, 'F': 0.01, 'FXI': 0.01, 'GBTC': 0.01, 'GDX': 0.01, 'GDXJ': 0.01, 'GE': 0.01, 'GLD': 0.01, 'GM': 0.01, 'GOOG': 0.01, 'HAL': 0.01, 'HBAN': 0.01, 'HPQ': 0.01, 'HYG': 0.01, 'INTC': 0.01, 'IP': 0.01, 'JNJ': 0.01, 'KEY': 0.01, 'KMI': 0.01, 'KMX': 0.01, 'LOW': 0.01, 'LUV': 0.01, 'MCD': 0.01, 'MDLZ': 0.01, 'MDT': 0.01, 'META': 0.01, 'MMM': 0.01, 'MRIN': 0.01, 'MRO': 0.01, 'MRVL': 0.01, 'MSTR': 0.01, 'NCLH': 0.01, 'NEE': 0.01, 'NEM': 0.01, 'NXPL': 0.01, 'ON': 0.01, 'ORCL': 0.01, 'OXY': 0.01, 'PAAS': 0.01, 'PANW': 0.01, 'PARA': 0.01, 'PLD': 0.01, 'PM': 0.01, 'PYPL': 0.01, 'QCOM': 0.01, 'QLD': 0.01, 'QQQ': 0.01, 'RSP': 0.01, 'RUN': 0.01, 'SCHD': 0.01, 'SHEL': 0.01, 'SHOP': 0.01, 'SIRI': 0.01, 'SMCI': 0.01, 'SNAP': 0.01, 'SOXL': 0.01, 'SPY': 0.01, 'SQQQ': 0.01, 'T': 0.01, 'TFC': 0.01, 'TJX': 0.01, 'TLT': 0.01, 'TMUS': 0.01, 'TZA': 0.01, 'UVXY': 0.01, 'V': 0.01, 'VST': 0.01, 'VTI': 0.01, 'VZ': 0.01, 'WBA': 0.01, 'WFC': 0.01, 'WMB': 0.01, 'WMT': 0.01, 'XLF': 0.01, 'XLU': 0.01, 'XOM': 0.01, 'ZTS': 0.01}
2025-01-30 10:05:06,985 - utils_strategy - INFO - ACB - downloading data from yfinance
2025-01-30 10:05:10,903 - utils_portfolio - INFO - Checking if we have correct date
2025-01-30 10:05:10,943 - utils_portfolio - INFO - ACB - running symbols strategy to get entries and exits
2025-01-30 10:05:25,796 - utils_portfolio - INFO - Evaluating symbol if to open, close, or no change
2025-01-30 10:05:30,950 - utils_strategy - INFO - ACN - downloading data from yfinance
2025-01-30 10:05:37,887 - utils_portfolio - INFO - Checking if we have correct date
2025-01-30 10:05:37,902 - utils_portfolio - INFO - ACN - running symbols strategy to get entries and exits
2025-01-30 10:06:01,269 - utils_portfolio - INFO - Evaluating symbol if to open, close, or no change
2025-01-30 10:06:01,300 - utils_strategy - INFO - ADBE - downloading data from yfinance
2025-01-30 10:06:08,477 - utils_portfolio - INFO - Checking if we have correct date
2025-01-30 10:06:08,491 - utils_portfolio - INFO - ADBE - running symbols strategy to get entries and exits
2025-01-30 10:06:34,325 - utils_portfolio - INFO - Evaluating symbol if to open, close, or no change
2025-01-30 10:06:34,361 - utils_strategy - INFO - ALB - downloading data from yfinance
2025-01-30 10:06:41,898 - utils_portfolio - INFO - Checking if we have correct date
2025-01-30 10:06:41,913 - utils_portfolio - INFO - ALB - running symbols strategy to get entries and exits
2025-01-30 10:07:07,541 - utils_portfolio - INFO - Evaluating symbol if to open, close, or no change
2025-01-30 10:07:07,575 - utils_strategy - INFO - AMAT - downloading data from yfinance
2025-01-30 10:07:15,181 - utils_portfolio - INFO - Checking if we have correct date
2025-01-30 10:07:15,195 - utils_portfolio - INFO - AMAT - running symbols strategy to get entries and exits
2025-01-30 10:07:40,828 - utils_portfolio - INFO - Evaluating symbol if to open, close, or no change
2025-01-30 10:07:40,863 - utils_strategy - INFO - AMD - downloading data from yfinance
2025-01-30 10:07:48,483 - utils_portfolio - INFO - Checking if we have correct date
2025-01-30 10:07:48,503 - utils_portfolio - INFO - AMD - running symbols strategy to get entries and exits
2025-01-30 10:08:17,178 - utils_portfolio - INFO - Evaluating symbol if to open, close, or no change
2025-01-30 10:08:17,211 - utils_strategy - INFO - AMT - downloading data from yfinance
2025-01-30 10:08:24,961 - utils_portfolio - INFO - Checking if we have correct date
2025-01-30 10:08:24,975 - utils_portfolio - INFO - AMT - running symbols strategy to get entries and exits
2025-01-30 10:08:51,405 - utils_portfolio - INFO - Evaluating symbol if to open, close, or no change
2025-01-30 10:08:51,440 - utils_strategy - INFO - AMZN - downloading data from yfinance
2025-01-30 10:08:59,281 - utils_portfolio - INFO - Checking if we have correct date
2025-01-30 10:08:59,295 - utils_portfolio - INFO - AMZN - running symbols strategy to get entries and exits
2025-01-30 10:09:25,320 - utils_portfolio - INFO - Evaluating symbol if to open, close, or no change
2025-01-30 10:09:25,352 - utils_strategy - INFO - ANET - downloading data from yfinance
2025-01-30 10:09:29,038 - utils_portfolio - INFO - Checking if we have correct date
2025-01-30 10:09:29,053 - utils_portfolio - INFO - ANET - running symbols strategy to get entries and exits
2025-01-30 10:09:43,812 - utils_portfolio - INFO - Evaluating symbol if to open, close, or no change
2025-01-30 10:09:43,836 - utils_strategy - INFO - ARKK - downloading data from yfinance
2025-01-30 10:09:47,441 - utils_portfolio - INFO - Checking if we have correct date
2025-01-30 10:09:47,457 - utils_portfolio - INFO - ARKK - running symbols strategy to get entries and exits
2025-01-30 10:10:02,544 - utils_portfolio - INFO - Evaluating symbol if to open, close, or no change
2025-01-30 10:10:02,579 - utils_strategy - INFO - AVGO - downloading data from yfinance
2025-01-30 10:10:08,207 - utils_portfolio - INFO - Checking if we have correct date
2025-01-30 10:10:08,215 - utils_portfolio - INFO - AVGO - running symbols strategy to get entries and exits
2025-01-30 10:10:27,100 - utils_portfolio - INFO - Evaluating symbol if to open, close, or no change
2025-01-30 10:10:27,129 - utils_strategy - INFO - BA - downloading data from yfinance
2025-01-30 10:10:34,996 - utils_portfolio - INFO - Checking if we have correct date
2025-01-30 10:10:35,012 - utils_portfolio - INFO - BA - running symbols strategy to get entries and exits
2025-01-30 10:11:01,467 - utils_portfolio - INFO - Evaluating symbol if to open, close, or no change
2025-01-30 10:11:01,507 - utils_strategy - INFO - BABA - downloading data from yfinance
2025-01-30 10:11:05,248 - utils_portfolio - INFO - Checking if we have correct date
2025-01-30 10:11:05,262 - utils_portfolio - INFO - BABA - running symbols strategy to get entries and exits
2025-01-30 10:11:20,418 - utils_portfolio - INFO - Evaluating symbol if to open, close, or no change
2025-01-30 10:11:20,443 - utils_strategy - INFO - BMY - downloading data from yfinance
2025-01-30 10:11:28,577 - utils_portfolio - INFO - Checking if we have correct date
2025-01-30 10:11:28,592 - utils_portfolio - INFO - BMY - running symbols strategy to get entries and exits
2025-01-30 10:11:54,293 - utils_portfolio - INFO - Evaluating symbol if to open, close, or no change
2025-01-30 10:11:54,331 - utils_strategy - INFO - BSX - downloading data from yfinance
2025-01-30 10:12:02,248 - utils_portfolio - INFO - Checking if we have correct date
2025-01-30 10:12:02,263 - utils_portfolio - INFO - BSX - running symbols strategy to get entries and exits
2025-01-30 10:12:27,936 - utils_portfolio - INFO - Evaluating symbol if to open, close, or no change
2025-01-30 10:12:27,972 - utils_strategy - INFO - CMCSA - downloading data from yfinance
2025-01-30 10:12:36,043 - utils_portfolio - INFO - Checking if we have correct date
2025-01-30 10:12:36,057 - utils_portfolio - INFO - CMCSA - running symbols strategy to get entries and exits
2025-01-30 10:13:02,069 - utils_portfolio - INFO - Evaluating symbol if to open, close, or no change
2025-01-30 10:13:02,111 - utils_strategy - INFO - COP - downloading data from yfinance
2025-01-30 10:13:10,473 - utils_portfolio - INFO - Checking if we have correct date
2025-01-30 10:13:10,488 - utils_portfolio - INFO - COP - running symbols strategy to get entries and exits
2025-01-30 10:13:38,258 - utils_portfolio - INFO - Evaluating symbol if to open, close, or no change
2025-01-30 10:13:38,295 - utils_strategy - INFO - CSX - downloading data from yfinance
2025-01-30 10:13:46,995 - utils_portfolio - INFO - Checking if we have correct date
2025-01-30 10:13:47,010 - utils_portfolio - INFO - CSX - running symbols strategy to get entries and exits
2025-01-30 10:14:14,486 - utils_portfolio - INFO - Evaluating symbol if to open, close, or no change
2025-01-30 10:14:14,521 - utils_strategy - INFO - CVNA - downloading data from yfinance
2025-01-30 10:14:18,090 - utils_portfolio - INFO - Checking if we have correct date
2025-01-30 10:14:18,108 - utils_portfolio - INFO - CVNA - running symbols strategy to get entries and exits
2025-01-30 10:14:33,824 - utils_portfolio - INFO - Evaluating symbol if to open, close, or no change
2025-01-30 10:14:33,850 - utils_strategy - INFO - CVX - downloading data from yfinance
2025-01-30 10:14:43,641 - utils_portfolio - INFO - Checking if we have correct date
2025-01-30 10:14:43,658 - utils_portfolio - INFO - CVX - running symbols strategy to get entries and exits
2025-01-30 10:15:16,751 - utils_portfolio - INFO - Evaluating symbol if to open, close, or no change
2025-01-30 10:15:16,795 - utils_strategy - INFO - DAL - downloading data from yfinance
2025-01-30 10:15:23,676 - utils_portfolio - INFO - Checking if we have correct date
2025-01-30 10:15:23,683 - utils_portfolio - INFO - DAL - running symbols strategy to get entries and exits
2025-01-30 10:15:47,826 - utils_portfolio - INFO - Evaluating symbol if to open, close, or no change
2025-01-30 10:15:47,877 - utils_strategy - INFO - DELL - downloading data from yfinance
2025-01-30 10:15:51,603 - utils_portfolio - INFO - Checking if we have correct date
2025-01-30 10:15:51,612 - utils_portfolio - INFO - DELL - running symbols strategy to get entries and exits
2025-01-30 10:16:06,652 - utils_portfolio - INFO - Evaluating symbol if to open, close, or no change
2025-01-30 10:16:06,676 - utils_strategy - INFO - ENPH - downloading data from yfinance
2025-01-30 10:16:11,312 - utils_portfolio - INFO - Checking if we have correct date
2025-01-30 10:16:11,326 - utils_portfolio - INFO - ENPH - running symbols strategy to get entries and exits
2025-01-30 10:16:29,077 - utils_portfolio - INFO - Evaluating symbol if to open, close, or no change
2025-01-30 10:16:29,109 - utils_strategy - INFO - ETN - downloading data from yfinance
2025-01-30 10:16:32,097 - yfinance - ERROR - 
1 Failed download:
2025-01-30 10:16:32,097 - yfinance - ERROR - ['ETN']: Exception('%ticker%: No price data found, symbol may be delisted (1d 2000-01-01 00:00:00 -> 2025-01-30)')
2025-01-30 10:16:32,098 - utils_strategy - WARNING - ETN - No data available from yfinance
2025-01-30 10:16:32,264 - root - WARNING - ETN - in data prep or during data download occured an error, skipping symbol: Argument 'high' has incorrect type (expected numpy.ndarray, got NoneType)
2025-01-30 10:16:32,264 - utils_strategy - INFO - F - downloading data from yfinance
2025-01-30 10:16:41,154 - utils_portfolio - INFO - Checking if we have correct date
2025-01-30 10:16:41,169 - utils_portfolio - INFO - F - running symbols strategy to get entries and exits
2025-01-30 10:17:09,228 - utils_portfolio - INFO - Evaluating symbol if to open, close, or no change
2025-01-30 10:17:09,263 - utils_strategy - INFO - FXI - downloading data from yfinance
2025-01-30 10:17:16,474 - utils_portfolio - INFO - Checking if we have correct date
2025-01-30 10:17:16,489 - utils_portfolio - INFO - FXI - running symbols strategy to get entries and exits
2025-01-30 10:17:40,477 - utils_portfolio - INFO - Evaluating symbol if to open, close, or no change
2025-01-30 10:17:40,511 - utils_strategy - INFO - GBTC - downloading data from yfinance
2025-01-30 10:17:44,913 - utils_portfolio - INFO - Checking if we have correct date
2025-01-30 10:17:44,931 - utils_portfolio - INFO - GBTC - running symbols strategy to get entries and exits
2025-01-30 10:18:00,901 - utils_portfolio - INFO - Evaluating symbol if to open, close, or no change
2025-01-30 10:18:00,927 - utils_strategy - INFO - GDX - downloading data from yfinance
2025-01-30 10:18:07,316 - utils_portfolio - INFO - Checking if we have correct date
2025-01-30 10:18:07,323 - utils_portfolio - INFO - GDX - running symbols strategy to get entries and exits
2025-01-30 10:18:28,330 - utils_portfolio - INFO - Evaluating symbol if to open, close, or no change
2025-01-30 10:18:28,535 - utils_strategy - INFO - GDXJ - downloading data from yfinance
2025-01-30 10:18:33,853 - utils_portfolio - INFO - Checking if we have correct date
2025-01-30 10:18:33,866 - utils_portfolio - INFO - GDXJ - running symbols strategy to get entries and exits
2025-01-30 10:18:52,532 - utils_portfolio - INFO - Evaluating symbol if to open, close, or no change
2025-01-30 10:18:52,561 - utils_strategy - INFO - GE - downloading data from yfinance
2025-01-30 10:19:00,890 - utils_portfolio - INFO - Checking if we have correct date
2025-01-30 10:19:00,905 - utils_portfolio - INFO - GE - running symbols strategy to get entries and exits
2025-01-30 10:19:27,259 - utils_portfolio - INFO - Evaluating symbol if to open, close, or no change
2025-01-30 10:19:27,294 - utils_strategy - INFO - GLD - downloading data from yfinance
2025-01-30 10:19:34,007 - utils_portfolio - INFO - Checking if we have correct date
2025-01-30 10:19:34,021 - utils_portfolio - INFO - GLD - running symbols strategy to get entries and exits
2025-01-30 10:19:57,494 - utils_portfolio - INFO - Evaluating symbol if to open, close, or no change
2025-01-30 10:19:57,529 - utils_strategy - INFO - GM - downloading data from yfinance
2025-01-30 10:20:02,528 - utils_portfolio - INFO - Checking if we have correct date
2025-01-30 10:20:02,548 - utils_portfolio - INFO - GM - running symbols strategy to get entries and exits
2025-01-30 10:20:20,661 - utils_portfolio - INFO - Evaluating symbol if to open, close, or no change
2025-01-30 10:20:20,687 - utils_strategy - INFO - GOOG - downloading data from yfinance
2025-01-30 10:20:27,526 - utils_portfolio - INFO - Checking if we have correct date
2025-01-30 10:20:27,540 - utils_portfolio - INFO - GOOG - running symbols strategy to get entries and exits
2025-01-30 10:20:50,187 - utils_portfolio - INFO - Evaluating symbol if to open, close, or no change
2025-01-30 10:20:50,225 - utils_strategy - INFO - HAL - downloading data from yfinance
2025-01-30 10:20:58,942 - utils_portfolio - INFO - Checking if we have correct date
2025-01-30 10:20:58,957 - utils_portfolio - INFO - HAL - running symbols strategy to get entries and exits
2025-01-30 10:21:25,807 - utils_portfolio - INFO - Evaluating symbol if to open, close, or no change
2025-01-30 10:21:25,844 - utils_strategy - INFO - HBAN - downloading data from yfinance
2025-01-30 10:21:34,722 - utils_portfolio - INFO - Checking if we have correct date
2025-01-30 10:21:34,736 - utils_portfolio - INFO - HBAN - running symbols strategy to get entries and exits
2025-01-30 10:22:01,809 - utils_portfolio - INFO - Evaluating symbol if to open, close, or no change
2025-01-30 10:22:01,845 - utils_strategy - INFO - HPQ - downloading data from yfinance
2025-01-30 10:22:10,306 - utils_portfolio - INFO - Checking if we have correct date
2025-01-30 10:22:10,321 - utils_portfolio - INFO - HPQ - running symbols strategy to get entries and exits
2025-01-30 10:22:37,268 - utils_portfolio - INFO - Evaluating symbol if to open, close, or no change
2025-01-30 10:22:37,306 - utils_strategy - INFO - HYG - downloading data from yfinance
2025-01-30 10:22:43,533 - utils_portfolio - INFO - Checking if we have correct date
2025-01-30 10:22:43,548 - utils_portfolio - INFO - HYG - running symbols strategy to get entries and exits
2025-01-30 10:23:04,071 - utils_portfolio - INFO - Evaluating symbol if to open, close, or no change
2025-01-30 10:23:04,103 - utils_strategy - INFO - INTC - downloading data from yfinance
2025-01-30 10:23:12,436 - utils_portfolio - INFO - Checking if we have correct date
2025-01-30 10:23:12,451 - utils_portfolio - INFO - INTC - running symbols strategy to get entries and exits
2025-01-30 10:23:39,619 - utils_portfolio - INFO - Evaluating symbol if to open, close, or no change
2025-01-30 10:23:39,659 - utils_strategy - INFO - IP - downloading data from yfinance
2025-01-30 10:23:48,173 - utils_portfolio - INFO - Checking if we have correct date
2025-01-30 10:23:48,178 - utils_portfolio - INFO - IP - running symbols strategy to get entries and exits
2025-01-30 10:24:13,975 - utils_portfolio - INFO - Evaluating symbol if to open, close, or no change
2025-01-30 10:24:14,012 - utils_strategy - INFO - JNJ - downloading data from yfinance
2025-01-30 10:24:22,503 - utils_portfolio - INFO - Checking if we have correct date
2025-01-30 10:24:22,517 - utils_portfolio - INFO - JNJ - running symbols strategy to get entries and exits
2025-01-30 10:24:49,379 - utils_portfolio - INFO - Evaluating symbol if to open, close, or no change
2025-01-30 10:24:49,415 - utils_strategy - INFO - KEY - downloading data from yfinance
2025-01-30 10:24:57,696 - utils_portfolio - INFO - Checking if we have correct date
2025-01-30 10:24:57,710 - utils_portfolio - INFO - KEY - running symbols strategy to get entries and exits
2025-01-30 10:25:24,701 - utils_portfolio - INFO - Evaluating symbol if to open, close, or no change
2025-01-30 10:25:24,743 - utils_strategy - INFO - KMI - downloading data from yfinance
2025-01-30 10:25:29,914 - utils_portfolio - INFO - Checking if we have correct date
2025-01-30 10:25:29,929 - utils_portfolio - INFO - KMI - running symbols strategy to get entries and exits
2025-01-30 10:25:48,455 - utils_portfolio - INFO - Evaluating symbol if to open, close, or no change
2025-01-30 10:25:48,495 - utils_strategy - INFO - KMX - downloading data from yfinance
2025-01-30 10:25:57,172 - utils_portfolio - INFO - Checking if we have correct date
2025-01-30 10:25:57,186 - utils_portfolio - INFO - KMX - running symbols strategy to get entries and exits
2025-01-30 10:26:27,446 - utils_portfolio - INFO - Evaluating symbol if to open, close, or no change
2025-01-30 10:26:27,657 - utils_strategy - INFO - LOW - downloading data from yfinance
2025-01-30 10:26:36,490 - utils_portfolio - INFO - Checking if we have correct date
2025-01-30 10:26:36,503 - utils_portfolio - INFO - LOW - running symbols strategy to get entries and exits
2025-01-30 10:27:05,655 - utils_portfolio - INFO - Evaluating symbol if to open, close, or no change
2025-01-30 10:27:05,694 - utils_strategy - INFO - LUV - downloading data from yfinance
2025-01-30 10:27:14,798 - utils_portfolio - INFO - Checking if we have correct date
2025-01-30 10:27:14,816 - utils_portfolio - INFO - LUV - running symbols strategy to get entries and exits
2025-01-30 10:27:44,725 - utils_portfolio - INFO - Evaluating symbol if to open, close, or no change
2025-01-30 10:27:44,770 - utils_strategy - INFO - MCD - downloading data from yfinance
2025-01-30 10:27:54,175 - utils_portfolio - INFO - Checking if we have correct date
2025-01-30 10:27:54,190 - utils_portfolio - INFO - MCD - running symbols strategy to get entries and exits
2025-01-30 10:28:23,878 - utils_portfolio - INFO - Evaluating symbol if to open, close, or no change
2025-01-30 10:28:23,924 - utils_strategy - INFO - MDLZ - downloading data from yfinance
2025-01-30 10:28:32,463 - utils_portfolio - INFO - Checking if we have correct date
2025-01-30 10:28:32,479 - utils_portfolio - INFO - MDLZ - running symbols strategy to get entries and exits
2025-01-30 10:29:01,195 - utils_portfolio - INFO - Evaluating symbol if to open, close, or no change
2025-01-30 10:29:01,233 - utils_strategy - INFO - MDT - downloading data from yfinance
2025-01-30 10:29:10,282 - utils_portfolio - INFO - Checking if we have correct date
2025-01-30 10:29:10,296 - utils_portfolio - INFO - MDT - running symbols strategy to get entries and exits
2025-01-30 10:29:39,623 - utils_portfolio - INFO - Evaluating symbol if to open, close, or no change
2025-01-30 10:29:39,662 - utils_strategy - INFO - META - downloading data from yfinance
2025-01-30 10:29:45,307 - utils_portfolio - INFO - Checking if we have correct date
2025-01-30 10:29:45,322 - utils_portfolio - INFO - META - running symbols strategy to get entries and exits
2025-01-30 10:30:04,411 - utils_portfolio - INFO - Evaluating symbol if to open, close, or no change
2025-01-30 10:30:04,448 - utils_strategy - INFO - MMM - downloading data from yfinance
2025-01-30 10:30:14,611 - utils_portfolio - INFO - Checking if we have correct date
2025-01-30 10:30:14,627 - utils_portfolio - INFO - MMM - running symbols strategy to get entries and exits
2025-01-30 10:30:46,040 - utils_portfolio - INFO - Evaluating symbol if to open, close, or no change
2025-01-30 10:30:46,081 - utils_strategy - INFO - MRIN - downloading data from yfinance
2025-01-30 10:30:50,597 - utils_portfolio - INFO - Checking if we have correct date
2025-01-30 10:30:50,611 - utils_portfolio - INFO - MRIN - running symbols strategy to get entries and exits
2025-01-30 10:31:08,438 - utils_portfolio - INFO - Evaluating symbol if to open, close, or no change
2025-01-30 10:31:08,466 - utils_strategy - INFO - MRO - downloading data from yfinance
2025-01-30 10:31:08,714 - yfinance - ERROR - 
1 Failed download:
2025-01-30 10:31:08,715 - yfinance - ERROR - ['MRO']: Exception('%ticker%: No data found, symbol may be delisted')
2025-01-30 10:31:08,718 - utils_strategy - WARNING - MRO - No data available from yfinance
2025-01-30 10:31:08,896 - root - WARNING - MRO - in data prep or during data download occured an error, skipping symbol: Argument 'high' has incorrect type (expected numpy.ndarray, got NoneType)
2025-01-30 10:31:08,896 - utils_strategy - INFO - MRVL - downloading data from yfinance
2025-01-30 10:31:17,564 - utils_portfolio - INFO - Checking if we have correct date
2025-01-30 10:31:17,580 - utils_portfolio - INFO - MRVL - running symbols strategy to get entries and exits
2025-01-30 10:31:45,394 - utils_portfolio - INFO - Evaluating symbol if to open, close, or no change
2025-01-30 10:31:45,432 - utils_strategy - INFO - MSTR - downloading data from yfinance
2025-01-30 10:31:53,979 - utils_portfolio - INFO - Checking if we have correct date
2025-01-30 10:31:53,993 - utils_portfolio - INFO - MSTR - running symbols strategy to get entries and exits
2025-01-30 10:32:21,011 - utils_portfolio - INFO - Evaluating symbol if to open, close, or no change
2025-01-30 10:32:21,050 - utils_strategy - INFO - NCLH - downloading data from yfinance
2025-01-30 10:32:25,578 - utils_portfolio - INFO - Checking if we have correct date
2025-01-30 10:32:25,596 - utils_portfolio - INFO - NCLH - running symbols strategy to get entries and exits
2025-01-30 10:32:41,783 - utils_portfolio - INFO - Evaluating symbol if to open, close, or no change
2025-01-30 10:32:41,808 - utils_strategy - INFO - NEE - downloading data from yfinance
2025-01-30 10:32:50,426 - utils_portfolio - INFO - Checking if we have correct date
2025-01-30 10:32:50,439 - utils_portfolio - INFO - NEE - running symbols strategy to get entries and exits
2025-01-30 10:33:17,449 - utils_portfolio - INFO - Evaluating symbol if to open, close, or no change
2025-01-30 10:33:17,484 - utils_strategy - INFO - NEM - downloading data from yfinance
2025-01-30 10:33:26,093 - utils_portfolio - INFO - Checking if we have correct date
2025-01-30 10:33:26,108 - utils_portfolio - INFO - NEM - running symbols strategy to get entries and exits
2025-01-30 10:33:54,565 - utils_portfolio - INFO - Evaluating symbol if to open, close, or no change
2025-01-30 10:33:54,604 - utils_strategy - INFO - NXPL - downloading data from yfinance
2025-01-30 10:34:03,048 - utils_portfolio - INFO - Checking if we have correct date
2025-01-30 10:34:03,062 - utils_portfolio - INFO - NXPL - running symbols strategy to get entries and exits
2025-01-30 10:34:33,896 - utils_portfolio - INFO - Evaluating symbol if to open, close, or no change
2025-01-30 10:34:33,937 - utils_strategy - INFO - ON - downloading data from yfinance
2025-01-30 10:34:42,854 - utils_portfolio - INFO - Checking if we have correct date
2025-01-30 10:34:42,869 - utils_portfolio - INFO - ON - running symbols strategy to get entries and exits
2025-01-30 10:35:11,675 - utils_portfolio - INFO - Evaluating symbol if to open, close, or no change
2025-01-30 10:35:11,717 - utils_strategy - INFO - ORCL - downloading data from yfinance
2025-01-30 10:35:20,200 - utils_portfolio - INFO - Checking if we have correct date
2025-01-30 10:35:20,215 - utils_portfolio - INFO - ORCL - running symbols strategy to get entries and exits
2025-01-30 10:35:49,284 - utils_portfolio - INFO - Evaluating symbol if to open, close, or no change
2025-01-30 10:35:49,326 - utils_strategy - INFO - OXY - downloading data from yfinance
2025-01-30 10:35:57,892 - utils_portfolio - INFO - Checking if we have correct date
2025-01-30 10:35:57,899 - utils_portfolio - INFO - OXY - running symbols strategy to get entries and exits
2025-01-30 10:36:26,413 - utils_portfolio - INFO - Evaluating symbol if to open, close, or no change
2025-01-30 10:36:26,623 - utils_strategy - INFO - PAAS - downloading data from yfinance
2025-01-30 10:36:35,368 - utils_portfolio - INFO - Checking if we have correct date
2025-01-30 10:36:35,382 - utils_portfolio - INFO - PAAS - running symbols strategy to get entries and exits
2025-01-30 10:37:03,360 - utils_portfolio - INFO - Evaluating symbol if to open, close, or no change
2025-01-30 10:37:03,402 - utils_strategy - INFO - PANW - downloading data from yfinance
2025-01-30 10:37:08,095 - utils_portfolio - INFO - Checking if we have correct date
2025-01-30 10:37:08,102 - utils_portfolio - INFO - PANW - running symbols strategy to get entries and exits
2025-01-30 10:37:25,497 - utils_portfolio - INFO - Evaluating symbol if to open, close, or no change
2025-01-30 10:37:25,525 - utils_strategy - INFO - PARA - downloading data from yfinance
2025-01-30 10:37:32,261 - utils_portfolio - INFO - Checking if we have correct date
2025-01-30 10:37:32,275 - utils_portfolio - INFO - PARA - running symbols strategy to get entries and exits
2025-01-30 10:37:55,199 - utils_portfolio - INFO - Evaluating symbol if to open, close, or no change
2025-01-30 10:37:55,234 - utils_strategy - INFO - PLD - downloading data from yfinance
2025-01-30 10:38:03,797 - utils_portfolio - INFO - Checking if we have correct date
2025-01-30 10:38:03,812 - utils_portfolio - INFO - PLD - running symbols strategy to get entries and exits
2025-01-30 10:38:31,094 - utils_portfolio - INFO - Evaluating symbol if to open, close, or no change
2025-01-30 10:38:31,132 - utils_strategy - INFO - PM - downloading data from yfinance
2025-01-30 10:38:37,120 - utils_portfolio - INFO - Checking if we have correct date
2025-01-30 10:38:37,133 - utils_portfolio - INFO - PM - running symbols strategy to get entries and exits
2025-01-30 10:38:57,678 - utils_portfolio - INFO - Evaluating symbol if to open, close, or no change
2025-01-30 10:38:57,713 - utils_strategy - INFO - PYPL - downloading data from yfinance
2025-01-30 10:39:01,437 - utils_portfolio - INFO - Checking if we have correct date
2025-01-30 10:39:01,452 - utils_portfolio - INFO - PYPL - running symbols strategy to get entries and exits
2025-01-30 10:39:16,790 - utils_portfolio - INFO - Evaluating symbol if to open, close, or no change
2025-01-30 10:39:16,816 - utils_strategy - INFO - QCOM - downloading data from yfinance
2025-01-30 10:39:25,298 - utils_portfolio - INFO - Checking if we have correct date
2025-01-30 10:39:25,312 - utils_portfolio - INFO - QCOM - running symbols strategy to get entries and exits
2025-01-30 10:39:52,785 - utils_portfolio - INFO - Evaluating symbol if to open, close, or no change
2025-01-30 10:39:52,825 - utils_strategy - INFO - QLD - downloading data from yfinance
2025-01-30 10:39:59,669 - utils_portfolio - INFO - Checking if we have correct date
2025-01-30 10:39:59,683 - utils_portfolio - INFO - QLD - running symbols strategy to get entries and exits
2025-01-30 10:40:22,678 - utils_portfolio - INFO - Evaluating symbol if to open, close, or no change
2025-01-30 10:40:22,710 - utils_strategy - INFO - QQQ - downloading data from yfinance
2025-01-30 10:40:31,630 - utils_portfolio - INFO - Checking if we have correct date
2025-01-30 10:40:31,645 - utils_portfolio - INFO - QQQ - running symbols strategy to get entries and exits
2025-01-30 10:40:58,799 - utils_portfolio - INFO - Evaluating symbol if to open, close, or no change
2025-01-30 10:40:58,835 - utils_strategy - INFO - RSP - downloading data from yfinance
2025-01-30 10:41:06,420 - utils_portfolio - INFO - Checking if we have correct date
2025-01-30 10:41:06,436 - utils_portfolio - INFO - RSP - running symbols strategy to get entries and exits
2025-01-30 10:41:30,699 - utils_portfolio - INFO - Evaluating symbol if to open, close, or no change
2025-01-30 10:41:30,733 - utils_strategy - INFO - RUN - downloading data from yfinance
2025-01-30 10:41:34,541 - utils_portfolio - INFO - Checking if we have correct date
2025-01-30 10:41:34,555 - utils_portfolio - INFO - RUN - running symbols strategy to get entries and exits
2025-01-30 10:41:50,071 - utils_portfolio - INFO - Evaluating symbol if to open, close, or no change
2025-01-30 10:41:50,095 - utils_strategy - INFO - SCHD - downloading data from yfinance
2025-01-30 10:41:55,296 - utils_portfolio - INFO - Checking if we have correct date
2025-01-30 10:41:55,304 - utils_portfolio - INFO - SCHD - running symbols strategy to get entries and exits
2025-01-30 10:42:13,419 - utils_portfolio - INFO - Evaluating symbol if to open, close, or no change
2025-01-30 10:42:13,448 - utils_strategy - INFO - SHEL - downloading data from yfinance
2025-01-30 10:42:21,696 - utils_portfolio - INFO - Checking if we have correct date
2025-01-30 10:42:21,710 - utils_portfolio - INFO - SHEL - running symbols strategy to get entries and exits
2025-01-30 10:42:47,744 - utils_portfolio - INFO - Evaluating symbol if to open, close, or no change
2025-01-30 10:42:47,780 - utils_strategy - INFO - SHOP - downloading data from yfinance
2025-01-30 10:42:51,942 - utils_portfolio - INFO - Checking if we have correct date
2025-01-30 10:42:51,956 - utils_portfolio - INFO - SHOP - running symbols strategy to get entries and exits
2025-01-30 10:43:06,998 - utils_portfolio - INFO - Evaluating symbol if to open, close, or no change
2025-01-30 10:43:07,023 - utils_strategy - INFO - SIRI - downloading data from yfinance
2025-01-30 10:43:14,972 - utils_portfolio - INFO - Checking if we have correct date
2025-01-30 10:43:14,987 - utils_portfolio - INFO - SIRI - running symbols strategy to get entries and exits
2025-01-30 10:43:41,956 - utils_portfolio - INFO - Evaluating symbol if to open, close, or no change
2025-01-30 10:43:41,994 - utils_strategy - INFO - SMCI - downloading data from yfinance
2025-01-30 10:43:48,088 - utils_portfolio - INFO - Checking if we have correct date
2025-01-30 10:43:48,103 - utils_portfolio - INFO - SMCI - running symbols strategy to get entries and exits
2025-01-30 10:44:10,005 - utils_portfolio - INFO - Evaluating symbol if to open, close, or no change
2025-01-30 10:44:10,034 - utils_strategy - INFO - SNAP - downloading data from yfinance
2025-01-30 10:44:13,540 - utils_portfolio - INFO - Checking if we have correct date
2025-01-30 10:44:13,550 - utils_portfolio - INFO - SNAP - running symbols strategy to get entries and exits
2025-01-30 10:44:27,084 - utils_portfolio - INFO - Evaluating symbol if to open, close, or no change
2025-01-30 10:44:27,107 - utils_strategy - INFO - SOXL - downloading data from yfinance
2025-01-30 10:44:32,157 - utils_portfolio - INFO - Checking if we have correct date
2025-01-30 10:44:32,172 - utils_portfolio - INFO - SOXL - running symbols strategy to get entries and exits
2025-01-30 10:44:51,541 - utils_portfolio - INFO - Evaluating symbol if to open, close, or no change
2025-01-30 10:44:51,569 - utils_strategy - INFO - SPY - downloading data from yfinance
2025-01-30 10:45:00,486 - utils_portfolio - INFO - Checking if we have correct date
2025-01-30 10:45:00,501 - utils_portfolio - INFO - SPY - running symbols strategy to get entries and exits
2025-01-30 10:45:27,064 - utils_portfolio - INFO - Evaluating symbol if to open, close, or no change
2025-01-30 10:45:27,103 - utils_strategy - INFO - SQQQ - downloading data from yfinance
2025-01-30 10:45:32,147 - utils_portfolio - INFO - Checking if we have correct date
2025-01-30 10:45:32,161 - utils_portfolio - INFO - SQQQ - running symbols strategy to get entries and exits
2025-01-30 10:45:50,692 - utils_portfolio - INFO - Evaluating symbol if to open, close, or no change
2025-01-30 10:45:50,722 - utils_strategy - INFO - T - downloading data from yfinance
2025-01-30 10:45:58,799 - utils_portfolio - INFO - Checking if we have correct date
2025-01-30 10:45:58,805 - utils_portfolio - INFO - T - running symbols strategy to get entries and exits
2025-01-30 10:46:24,241 - utils_portfolio - INFO - Evaluating symbol if to open, close, or no change
2025-01-30 10:46:24,276 - utils_strategy - INFO - TFC - downloading data from yfinance
2025-01-30 10:46:32,107 - utils_portfolio - INFO - Checking if we have correct date
2025-01-30 10:46:32,123 - utils_portfolio - INFO - TFC - running symbols strategy to get entries and exits
2025-01-30 10:46:58,604 - utils_portfolio - INFO - Evaluating symbol if to open, close, or no change
2025-01-30 10:46:58,639 - utils_strategy - INFO - TJX - downloading data from yfinance
2025-01-30 10:47:06,848 - utils_portfolio - INFO - Checking if we have correct date
2025-01-30 10:47:06,861 - utils_portfolio - INFO - TJX - running symbols strategy to get entries and exits
2025-01-30 10:47:33,161 - utils_portfolio - INFO - Evaluating symbol if to open, close, or no change
2025-01-30 10:47:33,198 - utils_strategy - INFO - TLT - downloading data from yfinance
2025-01-30 10:47:40,426 - utils_portfolio - INFO - Checking if we have correct date
2025-01-30 10:47:40,441 - utils_portfolio - INFO - TLT - running symbols strategy to get entries and exits
2025-01-30 10:48:04,716 - utils_portfolio - INFO - Evaluating symbol if to open, close, or no change
2025-01-30 10:48:04,747 - utils_strategy - INFO - TMUS - downloading data from yfinance
2025-01-30 10:48:10,733 - utils_portfolio - INFO - Checking if we have correct date
2025-01-30 10:48:10,747 - utils_portfolio - INFO - TMUS - running symbols strategy to get entries and exits
2025-01-30 10:48:31,668 - utils_portfolio - INFO - Evaluating symbol if to open, close, or no change
2025-01-30 10:48:31,701 - utils_strategy - INFO - TZA - downloading data from yfinance
2025-01-30 10:48:37,188 - utils_portfolio - INFO - Checking if we have correct date
2025-01-30 10:48:37,195 - utils_portfolio - INFO - TZA - running symbols strategy to get entries and exits
2025-01-30 10:48:56,286 - utils_portfolio - INFO - Evaluating symbol if to open, close, or no change
2025-01-30 10:48:56,316 - utils_strategy - INFO - UVXY - downloading data from yfinance
2025-01-30 10:49:00,956 - utils_portfolio - INFO - Checking if we have correct date
2025-01-30 10:49:00,972 - utils_portfolio - INFO - UVXY - running symbols strategy to get entries and exits
2025-01-30 10:49:18,912 - utils_portfolio - INFO - Evaluating symbol if to open, close, or no change
2025-01-30 10:49:18,937 - utils_strategy - INFO - V - downloading data from yfinance
2025-01-30 10:49:24,615 - utils_portfolio - INFO - Checking if we have correct date
2025-01-30 10:49:24,629 - utils_portfolio - INFO - V - running symbols strategy to get entries and exits
2025-01-30 10:49:44,380 - utils_portfolio - INFO - Evaluating symbol if to open, close, or no change
2025-01-30 10:49:44,407 - utils_strategy - INFO - VST - downloading data from yfinance
2025-01-30 10:49:47,652 - utils_portfolio - INFO - Checking if we have correct date
2025-01-30 10:49:47,667 - utils_portfolio - INFO - VST - running symbols strategy to get entries and exits
2025-01-30 10:50:00,723 - utils_portfolio - INFO - Evaluating symbol if to open, close, or no change
2025-01-30 10:50:00,746 - utils_strategy - INFO - VTI - downloading data from yfinance
2025-01-30 10:50:08,012 - utils_portfolio - INFO - Checking if we have correct date
2025-01-30 10:50:08,026 - utils_portfolio - INFO - VTI - running symbols strategy to get entries and exits
2025-01-30 10:50:33,149 - utils_portfolio - INFO - Evaluating symbol if to open, close, or no change
2025-01-30 10:50:33,184 - utils_strategy - INFO - VZ - downloading data from yfinance
2025-01-30 10:50:41,111 - utils_portfolio - INFO - Checking if we have correct date
2025-01-30 10:50:41,127 - utils_portfolio - INFO - VZ - running symbols strategy to get entries and exits
2025-01-30 10:51:06,799 - utils_portfolio - INFO - Evaluating symbol if to open, close, or no change
2025-01-30 10:51:06,837 - utils_strategy - INFO - WBA - downloading data from yfinance
2025-01-30 10:51:14,693 - utils_portfolio - INFO - Checking if we have correct date
2025-01-30 10:51:14,707 - utils_portfolio - INFO - WBA - running symbols strategy to get entries and exits
2025-01-30 10:51:40,598 - utils_portfolio - INFO - Evaluating symbol if to open, close, or no change
2025-01-30 10:51:40,640 - utils_strategy - INFO - WFC - downloading data from yfinance
2025-01-30 10:51:49,053 - utils_portfolio - INFO - Checking if we have correct date
2025-01-30 10:51:49,068 - utils_portfolio - INFO - WFC - running symbols strategy to get entries and exits
2025-01-30 10:52:15,133 - utils_portfolio - INFO - Evaluating symbol if to open, close, or no change
2025-01-30 10:52:15,168 - utils_strategy - INFO - WMB - downloading data from yfinance
2025-01-30 10:52:23,156 - utils_portfolio - INFO - Checking if we have correct date
2025-01-30 10:52:23,169 - utils_portfolio - INFO - WMB - running symbols strategy to get entries and exits
2025-01-30 10:52:48,702 - utils_portfolio - INFO - Evaluating symbol if to open, close, or no change
2025-01-30 10:52:48,752 - utils_strategy - INFO - WMT - downloading data from yfinance
2025-01-30 10:52:56,687 - utils_portfolio - INFO - Checking if we have correct date
2025-01-30 10:52:56,701 - utils_portfolio - INFO - WMT - running symbols strategy to get entries and exits
2025-01-30 10:53:22,718 - utils_portfolio - INFO - Evaluating symbol if to open, close, or no change
2025-01-30 10:53:22,753 - utils_strategy - INFO - XLF - downloading data from yfinance
2025-01-30 10:53:30,556 - utils_portfolio - INFO - Checking if we have correct date
2025-01-30 10:53:30,571 - utils_portfolio - INFO - XLF - running symbols strategy to get entries and exits
2025-01-30 10:53:56,871 - utils_portfolio - INFO - Evaluating symbol if to open, close, or no change
2025-01-30 10:53:56,915 - utils_strategy - INFO - XLU - downloading data from yfinance
2025-01-30 10:54:04,914 - utils_portfolio - INFO - Checking if we have correct date
2025-01-30 10:54:04,929 - utils_portfolio - INFO - XLU - running symbols strategy to get entries and exits
2025-01-30 10:54:31,150 - utils_portfolio - INFO - Evaluating symbol if to open, close, or no change
2025-01-30 10:54:31,184 - utils_strategy - INFO - XOM - downloading data from yfinance
2025-01-30 10:54:39,080 - utils_portfolio - INFO - Checking if we have correct date
2025-01-30 10:54:39,095 - utils_portfolio - INFO - XOM - running symbols strategy to get entries and exits
2025-01-30 10:55:05,269 - utils_portfolio - INFO - Evaluating symbol if to open, close, or no change
2025-01-30 10:55:05,303 - utils_strategy - INFO - ZTS - downloading data from yfinance
2025-01-30 10:55:09,605 - utils_portfolio - INFO - Checking if we have correct date
2025-01-30 10:55:09,623 - utils_portfolio - INFO - ZTS - running symbols strategy to get entries and exits
2025-01-30 10:55:25,944 - utils_portfolio - INFO - Evaluating symbol if to open, close, or no change
2025-01-30 10:55:25,970 - root - INFO - Portfolio p1 symbols actions - {'ACB': 'no_change', 'ACN': 'no_change', 'ADBE': 'no_change', 'ALB': 'no_change', 'AMAT': 'close', 'AMD': 'no_change', 'AMT': 'no_change', 'AMZN': 'no_change', 'ANET': 'no_change', 'ARKK': 'no_change', 'AVGO': 'no_change', 'BA': 'no_change', 'BABA': 'no_change', 'BMY': 'no_change', 'BSX': 'no_change', 'CMCSA': 'no_change', 'COP': 'no_change', 'CSX': 'no_change', 'CVNA': 'no_change', 'CVX': 'no_change', 'DAL': 'no_change', 'DELL': 'no_change', 'ENPH': 'no_change', 'F': 'no_change', 'FXI': 'no_change', 'GBTC': 'no_change', 'GDX': 'close', 'GDXJ': 'no_change', 'GE': 'close', 'GLD': 'no_change', 'GM': 'no_change', 'GOOG': 'no_change', 'HAL': 'no_change', 'HBAN': 'no_change', 'HPQ': 'no_change', 'HYG': 'no_change', 'INTC': 'close', 'IP': 'no_change', 'JNJ': 'no_change', 'KEY': 'no_change', 'KMI': 'no_change', 'KMX': 'no_change', 'LOW': 'no_change', 'LUV': 'no_change', 'MCD': 'close', 'MDLZ': 'no_change', 'MDT': 'no_change', 'META': 'no_change', 'MMM': 'no_change', 'MRIN': 'no_change', 'MRVL': 'no_change', 'MSTR': 'no_change', 'NCLH': 'no_change', 'NEE': 'no_change', 'NEM': 'no_change', 'NXPL': 'no_change', 'ON': 'no_change', 'ORCL': 'close', 'OXY': 'no_change', 'PAAS': 'no_change', 'PANW': 'no_change', 'PARA': 'no_change', 'PLD': 'no_change', 'PM': 'open', 'PYPL': 'no_change', 'QCOM': 'no_change', 'QLD': 'no_change', 'QQQ': 'no_change', 'RSP': 'no_change', 'RUN': 'no_change', 'SCHD': 'no_change', 'SHEL': 'no_change', 'SHOP': 'no_change', 'SIRI': 'no_change', 'SMCI': 'no_change', 'SNAP': 'no_change', 'SOXL': 'no_change', 'SPY': 'no_change', 'SQQQ': 'close', 'T': 'no_change', 'TFC': 'no_change', 'TJX': 'no_change', 'TLT': 'no_change', 'TMUS': 'no_change', 'TZA': 'no_change', 'UVXY': 'no_change', 'V': 'no_change', 'VST': 'no_change', 'VTI': 'no_change', 'VZ': 'no_change', 'WBA': 'no_change', 'WFC': 'no_change', 'WMB': 'no_change', 'WMT': 'no_change', 'XLF': 'close', 'XLU': 'no_change', 'XOM': 'no_change', 'ZTS': 'close'}
2025-01-30 10:55:25,970 - utils_portfolio - INFO - Submitting orders to close existing positions
2025-01-30 10:55:27,182 - utils_portfolio - WARNING - INTC - trying to close non-existing position
2025-01-30 10:55:27,387 - utils_portfolio - WARNING - MCD - trying to close non-existing position
2025-01-30 10:55:27,681 - utils_portfolio - WARNING - SQQQ - trying to close non-existing position
2025-01-30 10:55:28,001 - utils_portfolio - WARNING - ZTS - trying to close non-existing position
2025-01-30 10:55:28,004 - utils_portfolio - INFO - Updating state of portfolio - p1
2025-01-30 10:55:28,005 - utils_portfolio - INFO - Calculating closed trades stats
2025-01-30 10:55:28,005 - utils_portfolio - INFO - Processing symbol - ACB
2025-01-30 10:55:28,520 - utils_portfolio - INFO - Processing symbol - ACN
2025-01-30 10:55:28,725 - utils_portfolio - INFO - Processing symbol - ADBE
2025-01-30 10:55:28,932 - utils_portfolio - INFO - Processing symbol - ALB
2025-01-30 10:55:29,134 - utils_portfolio - INFO - Processing symbol - AMAT
2025-01-30 10:55:29,341 - utils_portfolio - INFO - Processing symbol - AMD
2025-01-30 10:55:29,564 - utils_portfolio - INFO - Processing symbol - AMT
2025-01-30 10:55:29,751 - utils_portfolio - INFO - Processing symbol - AMZN
2025-01-30 10:55:29,954 - utils_portfolio - INFO - Processing symbol - ANET
2025-01-30 10:55:30,156 - utils_portfolio - INFO - Processing symbol - ARKK
2025-01-30 10:55:30,364 - utils_portfolio - INFO - Processing symbol - AVGO
2025-01-30 10:55:30,593 - utils_portfolio - INFO - Processing symbol - BA
2025-01-30 10:55:30,776 - utils_portfolio - INFO - Processing symbol - BABA
2025-01-30 10:55:30,978 - utils_portfolio - INFO - Processing symbol - BMY
2025-01-30 10:55:31,177 - utils_portfolio - INFO - Processing symbol - BSX
2025-01-30 10:55:31,388 - utils_portfolio - INFO - Processing symbol - CMCSA
2025-01-30 10:55:31,594 - utils_portfolio - INFO - Processing symbol - COP
2025-01-30 10:55:31,797 - utils_portfolio - INFO - Processing symbol - CSX
2025-01-30 10:55:31,999 - utils_portfolio - INFO - Processing symbol - CVNA
