2024-06-29 11:14:04,209 - root - INFO - Logger is setup
2024-06-29 11:14:04,259 - utils_portfolio - INFO - Updating whole portfolio state
2024-06-29 11:14:05,509 - utils_portfolio - INFO - Calculating open trades stats
2024-06-29 11:14:17,316 - utils_portfolio - INFO - Calculating closed trades stats
2024-06-29 11:14:27,501 - utils_portfolio - INFO - Updating info of portfolio - p1
2024-06-29 11:14:27,564 - utils_portfolio - INFO - Calculating symbols weights
2024-06-29 11:14:27,564 - root - INFO - Portfolio p1 symbols weights - {'PLTR': 0.09090909090909091, 'BTC/USD': 0.09090909090909091, 'AAL': 0.09090909090909091, 'VRT': 0.09090909090909091, 'GBTC': 0.09090909090909091, 'DELL': 0.09090909090909091, 'GM': 0.09090909090909091, 'IYR': 0.09090909090909091, 'DKNG': 0.09090909090909091, 'EBAY': 0.09090909090909091, 'CRWD': 0.09090909090909091}
2024-06-29 11:14:27,565 - utils_strategy - INFO - PLTR - downloading data from alpaca
2024-06-29 11:14:28,304 - utils_portfolio - INFO - Checking if we have correct date
2024-06-29 11:14:28,304 - utils_strategy - INFO - BTC/USD - downloading data from alpaca
2024-06-29 11:14:29,498 - utils_portfolio - INFO - Checking if we have correct date
2024-06-29 11:14:29,498 - utils_portfolio - INFO - BTC/USD - running symbols strategy to get entries and exits
2024-06-29 11:14:29,525 - utils_portfolio - INFO - Evaluating symbol if to open, close, or no change
2024-06-29 11:14:34,756 - utils_strategy - INFO - AAL - downloading data from alpaca
2024-06-29 11:14:36,159 - utils_portfolio - INFO - Checking if we have correct date
2024-06-29 11:14:36,159 - utils_strategy - INFO - VRT - downloading data from alpaca
2024-06-29 11:14:37,003 - utils_portfolio - INFO - Checking if we have correct date
2024-06-29 11:14:37,003 - utils_strategy - INFO - GBTC - downloading data from alpaca
2024-06-29 11:14:37,465 - utils_portfolio - INFO - Checking if we have correct date
2024-06-29 11:14:37,465 - utils_strategy - INFO - DELL - downloading data from alpaca
2024-06-29 11:14:38,335 - utils_portfolio - INFO - Checking if we have correct date
2024-06-29 11:14:38,335 - utils_strategy - INFO - GM - downloading data from alpaca
2024-06-29 11:14:39,657 - utils_portfolio - INFO - Checking if we have correct date
2024-06-29 11:14:39,658 - utils_strategy - INFO - IYR - downloading data from alpaca
2024-06-29 11:14:41,010 - utils_portfolio - INFO - Checking if we have correct date
2024-06-29 11:14:41,010 - utils_strategy - INFO - DKNG - downloading data from alpaca
2024-06-29 11:14:42,017 - utils_portfolio - INFO - Checking if we have correct date
2024-06-29 11:14:42,017 - utils_strategy - INFO - EBAY - downloading data from alpaca
2024-06-29 11:14:43,436 - utils_portfolio - INFO - Checking if we have correct date
2024-06-29 11:14:43,436 - utils_strategy - INFO - CRWD - downloading data from alpaca
2024-06-29 11:14:44,378 - utils_portfolio - INFO - Checking if we have correct date
2024-06-29 11:14:44,378 - root - INFO - Portfolio p1 symbols actions - {'BTCUSD': 'no_change'}
2024-06-29 11:14:44,378 - utils_portfolio - INFO - Submitting orders to close existing positions
2024-06-29 11:14:44,378 - utils_portfolio - INFO - Updating state of portfolio - p1
2024-06-29 11:14:44,379 - utils_portfolio - INFO - Calculating closed trades stats
2024-06-29 11:14:47,012 - utils_portfolio - INFO - Calculating open trades stats
2024-06-29 11:14:50,022 - utils_portfolio - INFO - Portfolio p1 - calculating position sizes
2024-06-29 11:14:50,053 - root - INFO - Portfolio p1 position sizes - symbol
PLTR      452.75
BTCUSD    452.63
AAL       452.63
VRT       452.63
GBTC      452.63
DELL      452.63
GM        452.63
IYR       452.63
DKNG      452.63
EBAY      452.63
CRWD      452.75
Name: position, dtype: float64
2024-06-29 11:14:50,053 - utils_portfolio - INFO - Submitting orders to open positions
2024-06-29 11:14:50,053 - root - INFO - XXXXXXXXXXXXXXXXXXXX --- Portfolio p1 - DONE --- XXXXXXXXXXXXXXXXXXXX
2024-06-29 11:14:50,053 - utils_portfolio - INFO - Updating info of portfolio - p2
2024-06-29 11:14:50,102 - utils_portfolio - INFO - Calculating symbols weights
2024-06-29 11:14:50,102 - utils_portfolio - INFO - Calculating closed trades count
2024-06-29 11:14:52,331 - root - INFO - Portfolio p2 symbols weights - {'AAPL': 0.1111111111111111, 'GOOGL': 0.1111111111111111, 'META': 0.1111111111111111, 'MRVL': 0.1111111111111111, 'MSTR': 0.1111111111111111, 'SCHD': 0.1111111111111111, 'BITO': 0.1111111111111111, 'AVGO': 0.1111111111111111, 'SOUN': 0.1111111111111111}
2024-06-29 11:14:52,332 - utils_strategy - INFO - AAPL - downloading data from yfinance
2024-06-29 11:14:52,921 - utils_portfolio - INFO - Checking if we have correct date
2024-06-29 11:14:52,921 - utils_strategy - INFO - GOOGL - downloading data from yfinance
2024-06-29 11:14:53,132 - utils_portfolio - INFO - Checking if we have correct date
2024-06-29 11:14:53,132 - utils_strategy - INFO - META - downloading data from yfinance
2024-06-29 11:14:53,292 - utils_portfolio - INFO - Checking if we have correct date
2024-06-29 11:14:53,292 - utils_strategy - INFO - MRVL - downloading data from yfinance
2024-06-29 11:14:53,489 - utils_portfolio - INFO - Checking if we have correct date
2024-06-29 11:14:53,490 - utils_strategy - INFO - MSTR - downloading data from yfinance
2024-06-29 11:14:53,694 - utils_portfolio - INFO - Checking if we have correct date
2024-06-29 11:14:53,694 - utils_strategy - INFO - SCHD - downloading data from yfinance
2024-06-29 11:14:53,842 - utils_portfolio - INFO - Checking if we have correct date
2024-06-29 11:14:53,842 - utils_strategy - INFO - BITO - downloading data from yfinance
2024-06-29 11:14:53,928 - utils_portfolio - INFO - Checking if we have correct date
2024-06-29 11:14:53,928 - utils_strategy - INFO - AVGO - downloading data from yfinance
2024-06-29 11:14:54,100 - utils_portfolio - INFO - Checking if we have correct date
2024-06-29 11:14:54,100 - utils_strategy - INFO - SOUN - downloading data from yfinance
2024-06-29 11:14:54,186 - utils_portfolio - INFO - Checking if we have correct date
2024-06-29 11:14:54,187 - root - INFO - Portfolio p2 symbols actions - {}
2024-06-29 11:14:54,187 - utils_portfolio - INFO - Submitting orders to close existing positions
2024-06-29 11:14:54,187 - utils_portfolio - INFO - Updating state of portfolio - p2
2024-06-29 11:14:54,187 - utils_portfolio - INFO - Calculating closed trades stats
2024-06-29 11:14:56,337 - utils_portfolio - INFO - Calculating open trades stats
2024-06-29 11:14:58,822 - utils_portfolio - INFO - Portfolio p2 - calculating position sizes
2024-06-29 11:14:58,845 - root - INFO - Portfolio p2 position sizes - symbol
AAPL     596.65
GOOGL    596.65
META     596.65
MRVL     596.65
MSTR     596.65
SCHD     596.65
BITO     596.65
AVGO     596.65
SOUN     596.65
Name: position, dtype: float64
2024-06-29 11:14:58,845 - utils_portfolio - INFO - Submitting orders to open positions
2024-06-29 11:14:58,846 - root - INFO - XXXXXXXXXXXXXXXXXXXX --- Portfolio p2 - DONE --- XXXXXXXXXXXXXXXXXXXX
2024-06-29 11:14:58,846 - utils_portfolio - INFO - Updating info of portfolio - p3
2024-06-29 11:14:58,913 - utils_portfolio - INFO - Calculating symbols weights
2024-06-29 11:14:58,914 - root - INFO - Portfolio p3 symbols weights - {'TSLA': 0.1, 'NVDA': 0.1, 'AMD': 0.1, 'QQQ': 0.1, 'AMZN': 0.1, 'TQQQ': 0.1, 'VOO': 0.1, 'BABA': 0.1, 'BA': 0.1, 'XLI': 0.1}
2024-06-29 11:14:58,914 - utils_strategy - INFO - TSLA - downloading data from yfinance
2024-06-29 11:14:59,163 - utils_portfolio - INFO - Checking if we have correct date
2024-06-29 11:14:59,163 - utils_strategy - INFO - NVDA - downloading data from yfinance
2024-06-29 11:14:59,405 - utils_portfolio - INFO - Checking if we have correct date
2024-06-29 11:14:59,405 - utils_strategy - INFO - AMD - downloading data from yfinance
2024-06-29 11:14:59,641 - utils_portfolio - INFO - Checking if we have correct date
2024-06-29 11:14:59,641 - utils_strategy - INFO - QQQ - downloading data from yfinance
2024-06-29 11:15:00,061 - utils_portfolio - INFO - Checking if we have correct date
2024-06-29 11:15:00,062 - utils_strategy - INFO - AMZN - downloading data from yfinance
2024-06-29 11:15:00,271 - utils_portfolio - INFO - Checking if we have correct date
2024-06-29 11:15:00,271 - utils_strategy - INFO - TQQQ - downloading data from yfinance
2024-06-29 11:15:00,548 - utils_portfolio - INFO - Checking if we have correct date
2024-06-29 11:15:00,549 - utils_strategy - INFO - VOO - downloading data from yfinance
2024-06-29 11:15:00,746 - utils_portfolio - INFO - Checking if we have correct date
2024-06-29 11:15:00,747 - utils_strategy - INFO - BABA - downloading data from yfinance
2024-06-29 11:15:00,889 - utils_portfolio - INFO - Checking if we have correct date
2024-06-29 11:15:00,889 - utils_strategy - INFO - BA - downloading data from yfinance
2024-06-29 11:15:01,201 - utils_portfolio - INFO - Checking if we have correct date
2024-06-29 11:15:01,201 - utils_strategy - INFO - XLI - downloading data from yfinance
2024-06-29 11:15:01,486 - utils_portfolio - INFO - Checking if we have correct date
2024-06-29 11:15:01,486 - root - INFO - Portfolio p3 symbols actions - {}
2024-06-29 11:15:01,486 - utils_portfolio - INFO - Submitting orders to close existing positions
2024-06-29 11:15:01,486 - utils_portfolio - INFO - Updating state of portfolio - p3
2024-06-29 11:15:01,487 - utils_portfolio - INFO - Calculating closed trades stats
2024-06-29 11:15:03,811 - utils_portfolio - INFO - Calculating open trades stats
2024-06-29 11:15:06,588 - utils_portfolio - INFO - Portfolio p3 - calculating position sizes
2024-06-29 11:15:06,607 - root - INFO - Portfolio p3 position sizes - symbol
TSLA    480.84
NVDA    464.62
AMD     464.62
QQQ     480.84
AMZN    480.84
TQQQ    464.62
VOO     480.84
BABA    464.62
BA      464.62
XLI     464.62
Name: position, dtype: float64
2024-06-29 11:15:06,607 - utils_portfolio - INFO - Submitting orders to open positions
2024-06-29 11:15:06,607 - root - INFO - XXXXXXXXXXXXXXXXXXXX --- Portfolio p3 - DONE --- XXXXXXXXXXXXXXXXXXXX
2024-06-29 11:15:06,607 - utils_portfolio - INFO - Updating info of portfolio - p4
2024-06-29 11:15:06,736 - utils_portfolio - INFO - Calculating symbols weights
2024-06-29 11:15:06,737 - root - INFO - Portfolio p4 symbols weights - {'RIOT': 0.05, 'NEE': 0.05, 'SLV': 0.05, 'SHOP': 0.05, 'FAST': 0.05, 'SPXL': 0.05, 'VALE': 0.05, 'SNAP': 0.05, 'WDC': 0.05, 'MO': 0.05, 'PM': 0.05, 'SQ': 0.05, 'PDD': 0.05, 'ABBV': 0.05, 'ON': 0.05, 'UPRO': 0.05, 'TSLL': 0.05, 'PBR': 0.05, 'MP': 0.05, 'U': 0.05}
2024-06-29 11:15:06,737 - utils_strategy - INFO - RIOT - downloading data from yfinance
2024-06-29 11:15:06,933 - utils_portfolio - INFO - Checking if we have correct date
2024-06-29 11:15:06,933 - utils_strategy - INFO - NEE - downloading data from yfinance
2024-06-29 11:15:07,256 - utils_portfolio - INFO - Checking if we have correct date
2024-06-29 11:15:07,256 - utils_strategy - INFO - SLV - downloading data from yfinance
2024-06-29 11:15:07,426 - utils_portfolio - INFO - Checking if we have correct date
2024-06-29 11:15:07,426 - utils_strategy - INFO - SHOP - downloading data from yfinance
2024-06-29 11:15:07,565 - utils_portfolio - INFO - Checking if we have correct date
2024-06-29 11:15:07,565 - utils_strategy - INFO - FAST - downloading data from yfinance
2024-06-29 11:15:07,869 - utils_portfolio - INFO - Checking if we have correct date
2024-06-29 11:15:07,869 - utils_strategy - INFO - SPXL - downloading data from yfinance
2024-06-29 11:15:08,069 - utils_portfolio - INFO - Checking if we have correct date
2024-06-29 11:15:08,069 - utils_strategy - INFO - VALE - downloading data from yfinance
2024-06-29 11:15:08,377 - utils_portfolio - INFO - Checking if we have correct date
2024-06-29 11:15:08,377 - utils_strategy - INFO - SNAP - downloading data from yfinance
2024-06-29 11:15:08,494 - utils_portfolio - INFO - Checking if we have correct date
2024-06-29 11:15:08,494 - utils_strategy - INFO - WDC - downloading data from yfinance
2024-06-29 11:15:08,683 - utils_portfolio - INFO - Checking if we have correct date
2024-06-29 11:15:08,683 - utils_strategy - INFO - MO - downloading data from yfinance
2024-06-29 11:15:08,986 - utils_portfolio - INFO - Checking if we have correct date
2024-06-29 11:15:08,986 - utils_strategy - INFO - PM - downloading data from yfinance
2024-06-29 11:15:09,166 - utils_portfolio - INFO - Checking if we have correct date
2024-06-29 11:15:09,167 - utils_strategy - INFO - SQ - downloading data from yfinance
2024-06-29 11:15:09,291 - utils_portfolio - INFO - Checking if we have correct date
2024-06-29 11:15:09,291 - utils_strategy - INFO - PDD - downloading data from yfinance
2024-06-29 11:15:09,408 - utils_portfolio - INFO - Checking if we have correct date
2024-06-29 11:15:09,408 - utils_strategy - INFO - ABBV - downloading data from yfinance
2024-06-29 11:15:09,576 - utils_portfolio - INFO - Checking if we have correct date
2024-06-29 11:15:09,576 - utils_strategy - INFO - ON - downloading data from yfinance
2024-06-29 11:15:09,748 - utils_portfolio - INFO - Checking if we have correct date
2024-06-29 11:15:09,748 - utils_strategy - INFO - UPRO - downloading data from yfinance
2024-06-29 11:15:09,940 - utils_portfolio - INFO - Checking if we have correct date
2024-06-29 11:15:09,940 - utils_strategy - INFO - TSLL - downloading data from yfinance
2024-06-29 11:15:10,039 - utils_portfolio - INFO - Checking if we have correct date
2024-06-29 11:15:10,039 - utils_strategy - INFO - PBR - downloading data from yfinance
2024-06-29 11:15:10,274 - utils_portfolio - INFO - Checking if we have correct date
2024-06-29 11:15:10,274 - utils_strategy - INFO - MP - downloading data from yfinance
2024-06-29 11:15:10,428 - utils_portfolio - INFO - Checking if we have correct date
2024-06-29 11:15:10,428 - utils_strategy - INFO - U - downloading data from yfinance
2024-06-29 11:15:10,578 - utils_portfolio - INFO - Checking if we have correct date
2024-06-29 11:15:10,579 - root - INFO - Portfolio p4 symbols actions - {}
2024-06-29 11:15:10,579 - utils_portfolio - INFO - Submitting orders to close existing positions
2024-06-29 11:15:10,579 - utils_portfolio - INFO - Updating state of portfolio - p4
2024-06-29 11:15:10,579 - utils_portfolio - INFO - Calculating closed trades stats
2024-06-29 11:15:14,795 - utils_portfolio - INFO - Calculating open trades stats
2024-06-29 11:15:20,422 - utils_portfolio - INFO - Portfolio p4 - calculating position sizes
2024-06-29 11:15:20,440 - root - INFO - Portfolio p4 position sizes - symbol
RIOT    250.17
NEE     250.17
SLV     250.17
SHOP    250.17
FAST    250.17
SPXL    250.17
VALE    250.17
SNAP    250.17
WDC     250.17
MO      250.17
PM      250.17
SQ      250.17
PDD     250.17
ABBV    250.17
ON      250.17
UPRO    250.17
TSLL    250.17
PBR     250.17
MP      250.17
U       250.17
Name: position, dtype: float64
2024-06-29 11:15:20,440 - utils_portfolio - INFO - Submitting orders to open positions
2024-06-29 11:15:20,440 - root - INFO - XXXXXXXXXXXXXXXXXXXX --- Portfolio p4 - DONE --- XXXXXXXXXXXXXXXXXXXX
2024-06-29 11:15:20,440 - utils_portfolio - INFO - Updating state of symbols
2024-06-29 11:15:20,440 - utils_portfolio - INFO - Calculating closed trades stats
2024-06-29 11:15:30,538 - utils_portfolio - INFO - Calculating open trades stats
2024-06-29 11:15:44,037 - utils_portfolio - INFO - Updating symbol stats - SPXL
2024-06-29 11:15:44,081 - utils_portfolio - INFO - Updating symbol stats - IYR
2024-06-29 11:15:44,122 - utils_portfolio - INFO - Updating symbol stats - GOOGL
2024-06-29 11:15:44,155 - utils_portfolio - INFO - Updating symbol stats - QQQ
2024-06-29 11:15:44,185 - utils_portfolio - INFO - Updating symbol stats - NVDA
2024-06-29 11:15:44,206 - utils_portfolio - INFO - Updating symbol stats - ABBV
2024-06-29 11:15:44,226 - utils_portfolio - INFO - Updating symbol stats - AVGO
2024-06-29 11:15:44,247 - utils_portfolio - INFO - Updating symbol stats - WDC
2024-06-29 11:15:44,269 - utils_portfolio - INFO - Updating symbol stats - SQ
2024-06-29 11:15:44,290 - utils_portfolio - INFO - Updating symbol stats - EBAY
2024-06-29 11:15:44,321 - utils_portfolio - INFO - Updating symbol stats - UPRO
2024-06-29 11:15:44,341 - utils_portfolio - INFO - Updating symbol stats - PBR
2024-06-29 11:15:44,362 - utils_portfolio - INFO - Updating symbol stats - DKNG
2024-06-29 11:15:44,382 - utils_portfolio - INFO - Updating symbol stats - MSTR
2024-06-29 11:15:44,403 - utils_portfolio - INFO - Updating symbol stats - MRVL
2024-06-29 11:15:44,423 - utils_portfolio - INFO - Updating symbol stats - BABA
2024-06-29 11:15:44,443 - utils_portfolio - INFO - Updating symbol stats - SOUN
2024-06-29 11:15:44,464 - utils_portfolio - INFO - Updating symbol stats - PM
2024-06-29 11:15:44,483 - utils_portfolio - INFO - Updating symbol stats - MO
2024-06-29 11:15:44,508 - utils_portfolio - INFO - Updating symbol stats - BA
2024-06-29 11:15:44,528 - utils_portfolio - INFO - Updating symbol stats - MP
2024-06-29 11:15:44,549 - utils_portfolio - INFO - Updating symbol stats - TSLA
2024-06-29 11:15:44,569 - utils_portfolio - INFO - Updating symbol stats - VOO
2024-06-29 11:15:44,591 - utils_portfolio - INFO - Updating symbol stats - NEE
2024-06-29 11:15:44,611 - utils_portfolio - INFO - Updating symbol stats - BTC/USD
2024-06-29 11:15:44,632 - utils_portfolio - INFO - Updating symbol stats - GM
2024-06-29 11:15:44,662 - utils_portfolio - INFO - Updating symbol stats - AAPL
2024-06-29 11:15:44,682 - utils_portfolio - INFO - Updating symbol stats - CRWD
2024-06-29 11:15:44,702 - utils_portfolio - INFO - Updating symbol stats - SCHD
2024-06-29 11:15:44,722 - utils_portfolio - INFO - Updating symbol stats - PLTR
2024-06-29 11:15:44,763 - utils_portfolio - INFO - Updating symbol stats - META
2024-06-29 11:15:44,796 - utils_portfolio - INFO - Updating symbol stats - AMZN
2024-06-29 11:15:44,819 - utils_portfolio - INFO - Updating symbol stats - XLI
2024-06-29 11:15:44,862 - utils_portfolio - INFO - Updating symbol stats - BITO
2024-06-29 11:15:44,883 - utils_portfolio - INFO - Updating symbol stats - AMD
2024-06-29 11:15:44,904 - utils_portfolio - INFO - Updating symbol stats - PDD
2024-06-29 11:15:44,925 - utils_portfolio - INFO - Updating symbol stats - SHOP
2024-06-29 11:15:44,945 - utils_portfolio - INFO - Updating symbol stats - TSLL
2024-06-29 11:15:44,973 - utils_portfolio - INFO - Updating symbol stats - U
2024-06-29 11:15:44,995 - utils_portfolio - INFO - Updating symbol stats - VALE
2024-06-29 11:15:45,016 - utils_portfolio - INFO - Updating symbol stats - FAST
2024-06-29 11:15:45,037 - utils_portfolio - INFO - Updating symbol stats - AAL
2024-06-29 11:15:45,078 - utils_portfolio - INFO - Updating symbol stats - GBTC
2024-06-29 11:15:45,113 - utils_portfolio - INFO - Updating symbol stats - TQQQ
2024-06-29 11:15:45,141 - utils_portfolio - INFO - Updating symbol stats - RIOT
2024-06-29 11:15:45,165 - utils_portfolio - INFO - Updating symbol stats - SLV
2024-06-29 11:15:45,184 - utils_portfolio - INFO - Updating symbol stats - SNAP
2024-06-29 11:15:45,206 - utils_portfolio - INFO - Updating symbol stats - ON
2024-06-29 11:15:45,243 - utils_portfolio - INFO - Updating symbol stats - VRT
2024-06-29 11:15:45,281 - utils_portfolio - INFO - Updating symbol stats - DELL
2024-06-29 11:15:45,303 - root - INFO - XXXXXXXXXXXXXXXXXXXX --- Everything DONE --- XXXXXXXXXXXXXXXXXXXX
