2025-02-02 10:05:04,743 - root - INFO - Logger is setup
2025-02-02 10:05:04,846 - utils_portfolio - INFO - Updating info of portfolio - p1
2025-02-02 10:05:05,476 - utils_portfolio - INFO - Calculating symbols weights
2025-02-02 10:05:05,476 - root - INFO - Portfolio p1 symbols weights - {'ACB': 0.01, 'ACN': 0.01, 'ADBE': 0.01, 'ALB': 0.01, 'AMAT': 0.01, 'AMD': 0.01, 'AMT': 0.01, 'AMZN': 0.01, 'ANET': 0.01, 'ARKK': 0.01, 'AVGO': 0.01, 'BA': 0.01, 'BABA': 0.01, 'BMY': 0.01, 'BSX': 0.01, 'CMCSA': 0.01, 'COP': 0.01, 'CSX': 0.01, 'CVNA': 0.01, 'CVX': 0.01, 'DAL': 0.01, 'DELL': 0.01, 'ENPH': 0.01, 'ETN': 0.01, 'F': 0.01, 'FXI': 0.01, 'GBTC': 0.01, 'GDX': 0.01, 'GDXJ': 0.01, 'GE': 0.01, 'GLD': 0.01, 'GM': 0.01, 'GOOG': 0.01, 'HAL': 0.01, 'HBAN': 0.01, 'HPQ': 0.01, 'HYG': 0.01, 'INTC': 0.01, 'IP': 0.01, 'JNJ': 0.01, 'KEY': 0.01, 'KMI': 0.01, 'KMX': 0.01, 'LOW': 0.01, 'LUV': 0.01, 'MCD': 0.01, 'MDLZ': 0.01, 'MDT': 0.01, 'META': 0.01, 'MMM': 0.01, 'MRIN': 0.01, 'MRO': 0.01, 'MRVL': 0.01, 'MSTR': 0.01, 'NCLH': 0.01, 'NEE': 0.01, 'NEM': 0.01, 'NXPL': 0.01, 'ON': 0.01, 'ORCL': 0.01, 'OXY': 0.01, 'PAAS': 0.01, 'PANW': 0.01, 'PARA': 0.01, 'PLD': 0.01, 'PM': 0.01, 'PYPL': 0.01, 'QCOM': 0.01, 'QLD': 0.01, 'QQQ': 0.01, 'RSP': 0.01, 'RUN': 0.01, 'SCHD': 0.01, 'SHEL': 0.01, 'SHOP': 0.01, 'SIRI': 0.01, 'SMCI': 0.01, 'SNAP': 0.01, 'SOXL': 0.01, 'SPY': 0.01, 'SQQQ': 0.01, 'T': 0.01, 'TFC': 0.01, 'TJX': 0.01, 'TLT': 0.01, 'TMUS': 0.01, 'TZA': 0.01, 'UVXY': 0.01, 'V': 0.01, 'VST': 0.01, 'VTI': 0.01, 'VZ': 0.01, 'WBA': 0.01, 'WFC': 0.01, 'WMB': 0.01, 'WMT': 0.01, 'XLF': 0.01, 'XLU': 0.01, 'XOM': 0.01, 'ZTS': 0.01}
2025-02-02 10:05:05,476 - utils_strategy - INFO - ACB - downloading data from yfinance
2025-02-02 10:05:09,857 - utils_portfolio - INFO - Checking if we have correct date
2025-02-02 10:05:09,857 - utils_strategy - INFO - ACN - downloading data from yfinance
2025-02-02 10:05:17,304 - utils_portfolio - INFO - Checking if we have correct date
2025-02-02 10:05:17,305 - utils_strategy - INFO - ADBE - downloading data from yfinance
2025-02-02 10:05:25,330 - utils_portfolio - INFO - Checking if we have correct date
2025-02-02 10:05:25,331 - utils_strategy - INFO - ALB - downloading data from yfinance
2025-02-02 10:05:32,860 - utils_portfolio - INFO - Checking if we have correct date
2025-02-02 10:05:32,861 - utils_strategy - INFO - AMAT - downloading data from yfinance
2025-02-02 10:05:42,446 - utils_portfolio - INFO - Checking if we have correct date
2025-02-02 10:05:42,446 - utils_strategy - INFO - AMD - downloading data from yfinance
2025-02-02 10:05:50,972 - utils_portfolio - INFO - Checking if we have correct date
2025-02-02 10:05:50,973 - utils_strategy - INFO - AMT - downloading data from yfinance
2025-02-02 10:05:59,069 - utils_portfolio - INFO - Checking if we have correct date
2025-02-02 10:05:59,070 - utils_strategy - INFO - AMZN - downloading data from yfinance
2025-02-02 10:06:07,835 - utils_portfolio - INFO - Checking if we have correct date
2025-02-02 10:06:07,836 - utils_strategy - INFO - ANET - downloading data from yfinance
2025-02-02 10:06:11,754 - utils_portfolio - INFO - Checking if we have correct date
2025-02-02 10:06:11,755 - utils_strategy - INFO - ARKK - downloading data from yfinance
2025-02-02 10:06:15,963 - utils_portfolio - INFO - Checking if we have correct date
2025-02-02 10:06:15,963 - utils_strategy - INFO - AVGO - downloading data from yfinance
2025-02-02 10:06:21,559 - utils_portfolio - INFO - Checking if we have correct date
2025-02-02 10:06:21,559 - utils_strategy - INFO - BA - downloading data from yfinance
2025-02-02 10:06:30,421 - utils_portfolio - INFO - Checking if we have correct date
2025-02-02 10:06:30,421 - utils_strategy - INFO - BABA - downloading data from yfinance
2025-02-02 10:06:34,800 - utils_portfolio - INFO - Checking if we have correct date
2025-02-02 10:06:34,800 - utils_strategy - INFO - BMY - downloading data from yfinance
2025-02-02 10:06:43,844 - utils_portfolio - INFO - Checking if we have correct date
2025-02-02 10:06:43,844 - utils_strategy - INFO - BSX - downloading data from yfinance
2025-02-02 10:06:53,048 - utils_portfolio - INFO - Checking if we have correct date
2025-02-02 10:06:53,048 - utils_strategy - INFO - CMCSA - downloading data from yfinance
2025-02-02 10:07:02,152 - utils_portfolio - INFO - Checking if we have correct date
2025-02-02 10:07:02,152 - utils_strategy - INFO - COP - downloading data from yfinance
2025-02-02 10:07:10,810 - utils_portfolio - INFO - Checking if we have correct date
2025-02-02 10:07:10,810 - utils_strategy - INFO - CSX - downloading data from yfinance
2025-02-02 10:07:19,392 - utils_portfolio - INFO - Checking if we have correct date
2025-02-02 10:07:19,392 - utils_strategy - INFO - CVNA - downloading data from yfinance
2025-02-02 10:07:22,964 - utils_portfolio - INFO - Checking if we have correct date
2025-02-02 10:07:22,965 - utils_strategy - INFO - CVX - downloading data from yfinance
2025-02-02 10:07:31,830 - utils_portfolio - INFO - Checking if we have correct date
2025-02-02 10:07:31,831 - utils_strategy - INFO - DAL - downloading data from yfinance
2025-02-02 10:07:38,076 - utils_portfolio - INFO - Checking if we have correct date
2025-02-02 10:07:38,077 - utils_strategy - INFO - DELL - downloading data from yfinance
2025-02-02 10:07:42,309 - utils_portfolio - INFO - Checking if we have correct date
2025-02-02 10:07:42,309 - utils_strategy - INFO - ENPH - downloading data from yfinance
2025-02-02 10:07:48,341 - utils_portfolio - INFO - Checking if we have correct date
2025-02-02 10:07:48,341 - utils_strategy - INFO - ETN - downloading data from yfinance
2025-02-02 10:07:58,088 - utils_portfolio - INFO - Checking if we have correct date
2025-02-02 10:07:58,089 - utils_strategy - INFO - F - downloading data from yfinance
2025-02-02 10:08:11,914 - utils_portfolio - INFO - Checking if we have correct date
2025-02-02 10:08:11,914 - utils_strategy - INFO - FXI - downloading data from yfinance
2025-02-02 10:08:20,303 - utils_portfolio - INFO - Checking if we have correct date
2025-02-02 10:08:20,304 - utils_strategy - INFO - GBTC - downloading data from yfinance
2025-02-02 10:08:24,299 - utils_portfolio - INFO - Checking if we have correct date
2025-02-02 10:08:24,300 - utils_strategy - INFO - GDX - downloading data from yfinance
2025-02-02 10:08:32,204 - utils_portfolio - INFO - Checking if we have correct date
2025-02-02 10:08:32,204 - utils_strategy - INFO - GDXJ - downloading data from yfinance
2025-02-02 10:08:38,167 - utils_portfolio - INFO - Checking if we have correct date
2025-02-02 10:08:38,167 - utils_strategy - INFO - GE - downloading data from yfinance
2025-02-02 10:08:47,556 - utils_portfolio - INFO - Checking if we have correct date
2025-02-02 10:08:47,556 - utils_strategy - INFO - GLD - downloading data from yfinance
2025-02-02 10:08:55,252 - utils_portfolio - INFO - Checking if we have correct date
2025-02-02 10:08:55,252 - utils_strategy - INFO - GM - downloading data from yfinance
2025-02-02 10:09:00,119 - utils_portfolio - INFO - Checking if we have correct date
2025-02-02 10:09:00,119 - utils_strategy - INFO - GOOG - downloading data from yfinance
2025-02-02 10:09:08,195 - utils_portfolio - INFO - Checking if we have correct date
2025-02-02 10:09:08,196 - utils_strategy - INFO - HAL - downloading data from yfinance
2025-02-02 10:09:17,281 - utils_portfolio - INFO - Checking if we have correct date
2025-02-02 10:09:17,282 - utils_strategy - INFO - HBAN - downloading data from yfinance
2025-02-02 10:09:26,076 - utils_portfolio - INFO - Checking if we have correct date
2025-02-02 10:09:26,077 - utils_strategy - INFO - HPQ - downloading data from yfinance
2025-02-02 10:09:35,291 - utils_portfolio - INFO - Checking if we have correct date
2025-02-02 10:09:35,292 - utils_strategy - INFO - HYG - downloading data from yfinance
2025-02-02 10:09:41,718 - utils_portfolio - INFO - Checking if we have correct date
2025-02-02 10:09:41,718 - utils_strategy - INFO - INTC - downloading data from yfinance
2025-02-02 10:09:50,344 - utils_portfolio - INFO - Checking if we have correct date
2025-02-02 10:09:50,344 - utils_strategy - INFO - IP - downloading data from yfinance
2025-02-02 10:09:59,710 - utils_portfolio - INFO - Checking if we have correct date
2025-02-02 10:09:59,711 - utils_strategy - INFO - JNJ - downloading data from yfinance
2025-02-02 10:10:10,417 - utils_portfolio - INFO - Checking if we have correct date
2025-02-02 10:10:10,418 - utils_strategy - INFO - KEY - downloading data from yfinance
2025-02-02 10:10:20,988 - utils_portfolio - INFO - Checking if we have correct date
2025-02-02 10:10:20,988 - utils_strategy - INFO - KMI - downloading data from yfinance
2025-02-02 10:10:26,637 - utils_portfolio - INFO - Checking if we have correct date
2025-02-02 10:10:26,638 - utils_strategy - INFO - KMX - downloading data from yfinance
2025-02-02 10:10:36,591 - utils_portfolio - INFO - Checking if we have correct date
2025-02-02 10:10:36,591 - utils_strategy - INFO - LOW - downloading data from yfinance
2025-02-02 10:10:46,236 - utils_portfolio - INFO - Checking if we have correct date
2025-02-02 10:10:46,236 - utils_strategy - INFO - LUV - downloading data from yfinance
2025-02-02 10:10:56,049 - utils_portfolio - INFO - Checking if we have correct date
2025-02-02 10:10:56,050 - utils_strategy - INFO - MCD - downloading data from yfinance
2025-02-02 10:11:05,451 - utils_portfolio - INFO - Checking if we have correct date
2025-02-02 10:11:05,451 - utils_strategy - INFO - MDLZ - downloading data from yfinance
2025-02-02 10:11:13,887 - utils_portfolio - INFO - Checking if we have correct date
2025-02-02 10:11:13,887 - utils_strategy - INFO - MDT - downloading data from yfinance
2025-02-02 10:11:21,860 - utils_portfolio - INFO - Checking if we have correct date
2025-02-02 10:11:21,861 - utils_strategy - INFO - META - downloading data from yfinance
2025-02-02 10:11:26,382 - utils_portfolio - INFO - Checking if we have correct date
2025-02-02 10:11:26,383 - utils_strategy - INFO - MMM - downloading data from yfinance
2025-02-02 10:11:35,290 - utils_portfolio - INFO - Checking if we have correct date
2025-02-02 10:11:35,291 - utils_strategy - INFO - MRIN - downloading data from yfinance
2025-02-02 10:11:39,608 - utils_portfolio - INFO - Checking if we have correct date
2025-02-02 10:11:39,609 - utils_strategy - INFO - MRO - downloading data from yfinance
2025-02-02 10:11:41,665 - yfinance - ERROR - 
1 Failed download:
2025-02-02 10:11:41,665 - yfinance - ERROR - ['MRO']: Exception('%ticker%: No data found, symbol may be delisted')
2025-02-02 10:11:41,669 - utils_strategy - WARNING - MRO - No data available from yfinance
2025-02-02 10:11:41,881 - root - WARNING - MRO - in data prep or during data download occured an error, skipping symbol: Argument 'high' has incorrect type (expected numpy.ndarray, got NoneType)
2025-02-02 10:11:41,881 - utils_strategy - INFO - MRVL - downloading data from yfinance
2025-02-02 10:11:49,876 - utils_portfolio - INFO - Checking if we have correct date
2025-02-02 10:11:49,876 - utils_strategy - INFO - MSTR - downloading data from yfinance
2025-02-02 10:11:58,596 - utils_portfolio - INFO - Checking if we have correct date
2025-02-02 10:11:58,597 - utils_strategy - INFO - NCLH - downloading data from yfinance
2025-02-02 10:12:03,932 - utils_portfolio - INFO - Checking if we have correct date
2025-02-02 10:12:03,932 - utils_strategy - INFO - NEE - downloading data from yfinance
2025-02-02 10:12:13,043 - utils_portfolio - INFO - Checking if we have correct date
2025-02-02 10:12:13,043 - utils_strategy - INFO - NEM - downloading data from yfinance
2025-02-02 10:12:22,104 - utils_portfolio - INFO - Checking if we have correct date
2025-02-02 10:12:22,105 - utils_strategy - INFO - NXPL - downloading data from yfinance
2025-02-02 10:12:31,233 - utils_portfolio - INFO - Checking if we have correct date
2025-02-02 10:12:31,233 - utils_strategy - INFO - ON - downloading data from yfinance
2025-02-02 10:12:40,558 - utils_portfolio - INFO - Checking if we have correct date
2025-02-02 10:12:40,558 - utils_strategy - INFO - ORCL - downloading data from yfinance
2025-02-02 10:12:49,928 - utils_portfolio - INFO - Checking if we have correct date
2025-02-02 10:12:49,928 - utils_strategy - INFO - OXY - downloading data from yfinance
2025-02-02 10:12:59,604 - utils_portfolio - INFO - Checking if we have correct date
2025-02-02 10:12:59,605 - utils_strategy - INFO - PAAS - downloading data from yfinance
2025-02-02 10:13:08,639 - utils_portfolio - INFO - Checking if we have correct date
2025-02-02 10:13:08,639 - utils_strategy - INFO - PANW - downloading data from yfinance
2025-02-02 10:13:13,853 - utils_portfolio - INFO - Checking if we have correct date
2025-02-02 10:13:13,853 - utils_strategy - INFO - PARA - downloading data from yfinance
2025-02-02 10:13:20,811 - utils_portfolio - INFO - Checking if we have correct date
2025-02-02 10:13:20,812 - utils_strategy - INFO - PLD - downloading data from yfinance
2025-02-02 10:13:29,752 - utils_portfolio - INFO - Checking if we have correct date
2025-02-02 10:13:29,752 - utils_strategy - INFO - PM - downloading data from yfinance
2025-02-02 10:13:36,027 - utils_portfolio - INFO - Checking if we have correct date
2025-02-02 10:13:36,028 - utils_strategy - INFO - PYPL - downloading data from yfinance
2025-02-02 10:13:40,252 - utils_portfolio - INFO - Checking if we have correct date
2025-02-02 10:13:40,252 - utils_strategy - INFO - QCOM - downloading data from yfinance
2025-02-02 10:13:49,964 - utils_portfolio - INFO - Checking if we have correct date
2025-02-02 10:13:49,965 - utils_strategy - INFO - QLD - downloading data from yfinance
2025-02-02 10:13:58,141 - utils_portfolio - INFO - Checking if we have correct date
2025-02-02 10:13:58,142 - utils_strategy - INFO - QQQ - downloading data from yfinance
2025-02-02 10:14:07,403 - utils_portfolio - INFO - Checking if we have correct date
2025-02-02 10:14:07,403 - utils_strategy - INFO - RSP - downloading data from yfinance
2025-02-02 10:14:15,342 - utils_portfolio - INFO - Checking if we have correct date
2025-02-02 10:14:15,342 - utils_strategy - INFO - RUN - downloading data from yfinance
2025-02-02 10:14:19,212 - utils_portfolio - INFO - Checking if we have correct date
2025-02-02 10:14:19,212 - utils_strategy - INFO - SCHD - downloading data from yfinance
2025-02-02 10:14:24,597 - utils_portfolio - INFO - Checking if we have correct date
2025-02-02 10:14:24,598 - utils_strategy - INFO - SHEL - downloading data from yfinance
2025-02-02 10:14:34,440 - utils_portfolio - INFO - Checking if we have correct date
2025-02-02 10:14:34,441 - utils_strategy - INFO - SHOP - downloading data from yfinance
2025-02-02 10:14:38,227 - utils_portfolio - INFO - Checking if we have correct date
2025-02-02 10:14:38,228 - utils_strategy - INFO - SIRI - downloading data from yfinance
2025-02-02 10:14:47,415 - utils_portfolio - INFO - Checking if we have correct date
2025-02-02 10:14:47,415 - utils_strategy - INFO - SMCI - downloading data from yfinance
2025-02-02 10:14:53,928 - utils_portfolio - INFO - Checking if we have correct date
2025-02-02 10:14:53,928 - utils_strategy - INFO - SNAP - downloading data from yfinance
2025-02-02 10:14:57,148 - utils_portfolio - INFO - Checking if we have correct date
2025-02-02 10:14:57,149 - utils_strategy - INFO - SOXL - downloading data from yfinance
2025-02-02 10:15:02,414 - utils_portfolio - INFO - Checking if we have correct date
2025-02-02 10:15:02,414 - utils_strategy - INFO - SPY - downloading data from yfinance
2025-02-02 10:15:11,604 - utils_portfolio - INFO - Checking if we have correct date
2025-02-02 10:15:11,604 - utils_strategy - INFO - SQQQ - downloading data from yfinance
2025-02-02 10:15:17,711 - utils_portfolio - INFO - Checking if we have correct date
2025-02-02 10:15:17,711 - utils_strategy - INFO - T - downloading data from yfinance
2025-02-02 10:15:27,645 - utils_portfolio - INFO - Checking if we have correct date
2025-02-02 10:15:27,645 - utils_strategy - INFO - TFC - downloading data from yfinance
2025-02-02 10:15:37,352 - utils_portfolio - INFO - Checking if we have correct date
2025-02-02 10:15:37,352 - utils_strategy - INFO - TJX - downloading data from yfinance
2025-02-02 10:15:46,190 - utils_portfolio - INFO - Checking if we have correct date
2025-02-02 10:15:46,191 - utils_strategy - INFO - TLT - downloading data from yfinance
2025-02-02 10:15:53,730 - utils_portfolio - INFO - Checking if we have correct date
2025-02-02 10:15:53,730 - utils_strategy - INFO - TMUS - downloading data from yfinance
2025-02-02 10:16:00,105 - utils_portfolio - INFO - Checking if we have correct date
2025-02-02 10:16:00,106 - utils_strategy - INFO - TZA - downloading data from yfinance
2025-02-02 10:16:06,297 - utils_portfolio - INFO - Checking if we have correct date
2025-02-02 10:16:06,298 - utils_strategy - INFO - UVXY - downloading data from yfinance
2025-02-02 10:16:11,353 - utils_portfolio - INFO - Checking if we have correct date
2025-02-02 10:16:11,353 - utils_strategy - INFO - V - downloading data from yfinance
2025-02-02 10:16:17,511 - utils_portfolio - INFO - Checking if we have correct date
2025-02-02 10:16:17,511 - utils_strategy - INFO - VST - downloading data from yfinance
2025-02-02 10:16:20,834 - utils_portfolio - INFO - Checking if we have correct date
2025-02-02 10:16:20,834 - utils_strategy - INFO - VTI - downloading data from yfinance
2025-02-02 10:16:29,311 - utils_portfolio - INFO - Checking if we have correct date
2025-02-02 10:16:29,312 - utils_strategy - INFO - VZ - downloading data from yfinance
2025-02-02 10:16:37,847 - utils_portfolio - INFO - Checking if we have correct date
2025-02-02 10:16:37,847 - utils_strategy - INFO - WBA - downloading data from yfinance
2025-02-02 10:16:46,221 - utils_portfolio - INFO - Checking if we have correct date
2025-02-02 10:16:46,222 - utils_strategy - INFO - WFC - downloading data from yfinance
2025-02-02 10:16:55,355 - utils_portfolio - INFO - Checking if we have correct date
2025-02-02 10:16:55,356 - utils_strategy - INFO - WMB - downloading data from yfinance
2025-02-02 10:17:04,648 - utils_portfolio - INFO - Checking if we have correct date
2025-02-02 10:17:04,649 - utils_strategy - INFO - WMT - downloading data from yfinance
2025-02-02 10:17:13,782 - utils_portfolio - INFO - Checking if we have correct date
2025-02-02 10:17:13,782 - utils_strategy - INFO - XLF - downloading data from yfinance
2025-02-02 10:17:23,127 - utils_portfolio - INFO - Checking if we have correct date
2025-02-02 10:17:23,127 - utils_strategy - INFO - XLU - downloading data from yfinance
2025-02-02 10:17:31,916 - utils_portfolio - INFO - Checking if we have correct date
2025-02-02 10:17:31,917 - utils_strategy - INFO - XOM - downloading data from yfinance
2025-02-02 10:17:40,798 - utils_portfolio - INFO - Checking if we have correct date
2025-02-02 10:17:40,798 - utils_strategy - INFO - ZTS - downloading data from yfinance
2025-02-02 10:17:45,228 - utils_portfolio - INFO - Checking if we have correct date
2025-02-02 10:17:45,228 - root - INFO - Portfolio p1 symbols actions - {}
2025-02-02 10:17:45,228 - utils_portfolio - INFO - Submitting orders to close existing positions
2025-02-02 10:17:45,229 - utils_portfolio - INFO - Updating state of portfolio - p1
2025-02-02 10:17:45,229 - utils_portfolio - INFO - Calculating closed trades stats
2025-02-02 10:17:45,229 - utils_portfolio - INFO - Processing symbol - ACB
2025-02-02 10:17:45,730 - utils_portfolio - INFO - Processing symbol - ACN
2025-02-02 10:17:45,891 - utils_portfolio - INFO - Processing symbol - ADBE
2025-02-02 10:17:46,092 - utils_portfolio - INFO - Processing symbol - ALB
2025-02-02 10:17:46,294 - utils_portfolio - INFO - Processing symbol - AMAT
2025-02-02 10:17:46,536 - utils_portfolio - INFO - Processing symbol - AMD
2025-02-02 10:17:46,734 - utils_portfolio - INFO - Processing symbol - AMT
2025-02-02 10:17:46,916 - utils_portfolio - INFO - Processing symbol - AMZN
2025-02-02 10:17:47,117 - utils_portfolio - INFO - Processing symbol - ANET
2025-02-02 10:17:47,318 - utils_portfolio - INFO - Processing symbol - ARKK
2025-02-02 10:17:47,529 - utils_portfolio - INFO - Processing symbol - AVGO
2025-02-02 10:17:47,677 - utils_portfolio - INFO - Processing symbol - BA
2025-02-02 10:17:47,840 - utils_portfolio - INFO - Processing symbol - BABA
2025-02-02 10:17:48,041 - utils_portfolio - INFO - Processing symbol - BMY
2025-02-02 10:17:48,168 - utils_portfolio - INFO - Processing symbol - BSX
2025-02-02 10:17:48,343 - utils_portfolio - INFO - Processing symbol - CMCSA
2025-02-02 10:17:48,553 - utils_portfolio - INFO - Processing symbol - COP
2025-02-02 10:17:48,757 - utils_portfolio - INFO - Processing symbol - CSX
2025-02-02 10:17:48,963 - utils_portfolio - INFO - Processing symbol - CVNA
