2024-11-27 11:28:00,731 - root - INFO - Logger is setup
2024-11-27 11:28:00,779 - utils_portfolio - INFO - Updating info of portfolio - p1
2024-11-27 11:28:00,849 - utils_portfolio - INFO - Calculating symbols weights
2024-11-27 11:28:00,850 - root - INFO - Portfolio p1 symbols weights - {'PLTR': 0.09090909090909091, 'BTC/USD': 0.09090909090909091, 'AAL': 0.09090909090909091, 'VRT': 0.09090909090909091, 'GBTC': 0.09090909090909091, 'DELL': 0.09090909090909091, 'GM': 0.09090909090909091, 'IYR': 0.09090909090909091, 'DKNG': 0.09090909090909091, 'EBAY': 0.09090909090909091, 'CRWD': 0.09090909090909091}
2024-11-27 11:28:00,850 - utils_strategy - INFO - PLTR - downloading data from alpaca
2024-11-27 11:28:02,217 - utils_portfolio - INFO - Checking if we have correct date
2024-11-27 11:28:02,217 - utils_portfolio - INFO - PLTR - running symbols strategy to get entries and exits
2024-11-27 11:28:02,232 - utils_portfolio - INFO - Evaluating symbol if to open, close, or no change
2024-11-27 11:28:07,442 - utils_strategy - INFO - BTC/USD - downloading data from alpaca
2024-11-27 11:28:08,665 - utils_portfolio - INFO - Checking if we have correct date
2024-11-27 11:28:08,666 - utils_portfolio - INFO - BTC/USD - running symbols strategy to get entries and exits
2024-11-27 11:28:08,681 - utils_portfolio - INFO - Evaluating symbol if to open, close, or no change
2024-11-27 11:28:08,715 - utils_strategy - INFO - AAL - downloading data from alpaca
2024-11-27 11:28:10,100 - utils_portfolio - INFO - Checking if we have correct date
2024-11-27 11:28:10,100 - utils_portfolio - INFO - AAL - running symbols strategy to get entries and exits
2024-11-27 11:28:10,119 - utils_portfolio - INFO - Evaluating symbol if to open, close, or no change
2024-11-27 11:28:10,156 - utils_strategy - INFO - VRT - downloading data from alpaca
2024-11-27 11:28:11,108 - utils_portfolio - INFO - Checking if we have correct date
2024-11-27 11:28:11,108 - utils_portfolio - INFO - VRT - running symbols strategy to get entries and exits
2024-11-27 11:28:11,124 - utils_portfolio - INFO - Evaluating symbol if to open, close, or no change
2024-11-27 11:28:11,161 - utils_strategy - INFO - GBTC - downloading data from alpaca
2024-11-27 11:28:11,683 - utils_portfolio - INFO - Checking if we have correct date
2024-11-27 11:28:11,684 - utils_portfolio - INFO - GBTC - running symbols strategy to get entries and exits
2024-11-27 11:28:11,692 - utils_portfolio - INFO - Evaluating symbol if to open, close, or no change
2024-11-27 11:28:11,724 - utils_strategy - INFO - DELL - downloading data from alpaca
2024-11-27 11:28:12,548 - utils_portfolio - INFO - Checking if we have correct date
2024-11-27 11:28:12,549 - utils_portfolio - INFO - DELL - running symbols strategy to get entries and exits
2024-11-27 11:28:12,564 - utils_portfolio - INFO - Evaluating symbol if to open, close, or no change
2024-11-27 11:28:12,600 - utils_strategy - INFO - GM - downloading data from alpaca
2024-11-27 11:28:13,995 - utils_portfolio - INFO - Checking if we have correct date
2024-11-27 11:28:13,995 - utils_portfolio - INFO - GM - running symbols strategy to get entries and exits
2024-11-27 11:28:14,014 - utils_portfolio - INFO - Evaluating symbol if to open, close, or no change
2024-11-27 11:28:14,061 - utils_strategy - INFO - IYR - downloading data from alpaca
2024-11-27 11:28:15,118 - utils_portfolio - INFO - Checking if we have correct date
2024-11-27 11:28:15,118 - utils_portfolio - INFO - IYR - running symbols strategy to get entries and exits
2024-11-27 11:28:15,137 - utils_portfolio - INFO - Evaluating symbol if to open, close, or no change
2024-11-27 11:28:15,179 - utils_strategy - INFO - DKNG - downloading data from alpaca
2024-11-27 11:28:16,029 - utils_portfolio - INFO - Checking if we have correct date
2024-11-27 11:28:16,029 - utils_portfolio - INFO - DKNG - running symbols strategy to get entries and exits
2024-11-27 11:28:16,047 - utils_portfolio - INFO - Evaluating symbol if to open, close, or no change
2024-11-27 11:28:16,083 - utils_strategy - INFO - EBAY - downloading data from alpaca
2024-11-27 11:28:17,460 - utils_portfolio - INFO - Checking if we have correct date
2024-11-27 11:28:17,460 - utils_portfolio - INFO - EBAY - running symbols strategy to get entries and exits
2024-11-27 11:28:17,483 - utils_portfolio - INFO - Evaluating symbol if to open, close, or no change
2024-11-27 11:28:17,521 - utils_strategy - INFO - CRWD - downloading data from alpaca
2024-11-27 11:28:18,375 - utils_portfolio - INFO - Checking if we have correct date
2024-11-27 11:28:18,376 - utils_portfolio - INFO - CRWD - running symbols strategy to get entries and exits
2024-11-27 11:28:18,390 - utils_portfolio - INFO - Evaluating symbol if to open, close, or no change
2024-11-27 11:28:18,425 - root - INFO - Portfolio p1 symbols actions - {'PLTR': 'no_change', 'BTCUSD': 'no_change', 'AAL': 'no_change', 'VRT': 'no_change', 'GBTC': 'no_change', 'DELL': 'no_change', 'GM': 'close', 'IYR': 'open', 'DKNG': 'no_change', 'EBAY': 'open', 'CRWD': 'no_change'}
2024-11-27 11:28:18,426 - utils_portfolio - INFO - Submitting orders to close existing positions
2024-11-27 11:28:18,950 - utils_portfolio - INFO - Updating state of portfolio - p1
2024-11-27 11:28:18,952 - utils_portfolio - INFO - Calculating closed trades stats
2024-11-27 11:28:18,953 - utils_portfolio - INFO - Processing symbol - PLTR
2024-11-27 11:28:19,803 - utils_portfolio - INFO - Processing symbol - BTC/USD
2024-11-27 11:28:20,007 - utils_portfolio - INFO - Processing symbol - AAL
2024-11-27 11:28:20,211 - utils_portfolio - INFO - Processing symbol - VRT
2024-11-27 11:28:20,417 - utils_portfolio - INFO - Processing symbol - GBTC
2024-11-27 11:28:20,607 - utils_portfolio - INFO - Processing symbol - DELL
2024-11-27 11:28:20,828 - utils_portfolio - INFO - Processing symbol - GM
2024-11-27 11:28:21,030 - utils_portfolio - INFO - Processing symbol - IYR
2024-11-27 11:28:21,234 - utils_portfolio - INFO - Processing symbol - DKNG
2024-11-27 11:28:21,416 - utils_portfolio - INFO - Processing symbol - EBAY
2024-11-27 11:28:21,645 - utils_portfolio - INFO - Processing symbol - CRWD
2024-11-27 11:28:21,801 - utils_portfolio - INFO - Calculating open trades stats
2024-11-27 11:28:21,802 - utils_portfolio - INFO - Processing symbol - PLTR
2024-11-27 11:28:22,325 - utils_portfolio - INFO - Processing symbol - BTC/USD
2024-11-27 11:28:22,531 - utils_portfolio - INFO - Processing symbol - AAL
2024-11-27 11:28:22,735 - utils_portfolio - INFO - Processing symbol - VRT
2024-11-27 11:28:22,940 - utils_portfolio - INFO - Processing symbol - GBTC
2024-11-27 11:28:23,146 - utils_portfolio - INFO - Processing symbol - DELL
2024-11-27 11:28:23,446 - utils_portfolio - INFO - Processing symbol - GM
2024-11-27 11:28:23,869 - utils_portfolio - INFO - Processing symbol - IYR
2024-11-27 11:28:24,068 - utils_portfolio - INFO - Processing symbol - DKNG
2024-11-27 11:28:24,271 - utils_portfolio - INFO - Processing symbol - EBAY
2024-11-27 11:28:24,477 - utils_portfolio - INFO - Processing symbol - CRWD
2024-11-27 11:28:25,167 - utils_portfolio - INFO - Portfolio p1 - calculating position sizes
2024-11-27 11:28:25,187 - root - INFO - Portfolio p1 position sizes - symbol
PLTR      459.44
BTCUSD    459.44
AAL       459.44
VRT       459.44
GBTC      459.44
DELL      501.05
GM        501.05
IYR       459.44
DKNG      459.44
EBAY      459.44
CRWD      501.05
Name: position, dtype: float64
2024-11-27 11:28:25,188 - utils_portfolio - INFO - Submitting orders to open positions
2024-11-27 11:28:26,018 - root - INFO - XXXXXXXXXXXXXXXXXXXX --- Portfolio p1 - DONE --- XXXXXXXXXXXXXXXXXXXX
2024-11-27 11:28:26,020 - utils_portfolio - INFO - Updating info of portfolio - p2
2024-11-27 11:28:26,093 - utils_portfolio - INFO - Calculating symbols weights
2024-11-27 11:28:26,094 - utils_portfolio - INFO - Calculating closed trades count
2024-11-27 11:28:28,333 - utils_portfolio - INFO - Calculating win rates
2024-11-27 11:28:28,334 - utils_portfolio - INFO - Processing symbol - AAPL
2024-11-27 11:28:28,921 - utils_portfolio - INFO - Processing symbol - GOOGL
2024-11-27 11:28:29,120 - utils_portfolio - INFO - Processing symbol - META
2024-11-27 11:28:29,330 - utils_portfolio - INFO - Processing symbol - MRVL
2024-11-27 11:28:29,537 - utils_portfolio - INFO - Processing symbol - MSTR
2024-11-27 11:28:29,738 - utils_portfolio - INFO - Processing symbol - SCHD
2024-11-27 11:28:29,945 - utils_portfolio - INFO - Processing symbol - BITO
2024-11-27 11:28:30,144 - utils_portfolio - INFO - Processing symbol - AVGO
2024-11-27 11:28:30,356 - utils_portfolio - INFO - Processing symbol - SOUN
2024-11-27 11:28:30,563 - utils_portfolio - INFO - Calculating closed trades count
2024-11-27 11:28:32,715 - root - INFO - Portfolio p2 symbols weights - {'AAPL': 0.1953255425709516, 'GOOGL': 0.11393989983305511, 'META': 0.10517529215358934, 'MRVL': 0.07011686143572622, 'MSTR': 0.11393989983305511, 'SCHD': 0.07595993322203673, 'BITO': 0.0976627712854758, 'AVGO': 0.0976627712854758, 'SOUN': 0.1302170283806344}
2024-11-27 11:28:32,715 - utils_strategy - INFO - AAPL - downloading data from yfinance
2024-11-27 11:28:33,405 - utils_portfolio - INFO - Checking if we have correct date
2024-11-27 11:28:33,405 - utils_portfolio - INFO - AAPL - running symbols strategy to get entries and exits
2024-11-27 11:28:33,414 - utils_portfolio - INFO - Evaluating symbol if to open, close, or no change
2024-11-27 11:28:33,653 - utils_strategy - INFO - GOOGL - downloading data from yfinance
2024-11-27 11:28:33,923 - utils_portfolio - INFO - Checking if we have correct date
2024-11-27 11:28:33,923 - utils_portfolio - INFO - GOOGL - running symbols strategy to get entries and exits
2024-11-27 11:28:33,930 - utils_portfolio - INFO - Evaluating symbol if to open, close, or no change
2024-11-27 11:28:33,975 - utils_strategy - INFO - META - downloading data from yfinance
2024-11-27 11:28:34,154 - utils_portfolio - INFO - Checking if we have correct date
2024-11-27 11:28:34,155 - utils_portfolio - INFO - META - running symbols strategy to get entries and exits
2024-11-27 11:28:34,162 - utils_portfolio - INFO - Evaluating symbol if to open, close, or no change
2024-11-27 11:28:34,203 - utils_strategy - INFO - MRVL - downloading data from yfinance
2024-11-27 11:28:34,424 - utils_portfolio - INFO - Checking if we have correct date
2024-11-27 11:28:34,424 - utils_portfolio - INFO - MRVL - running symbols strategy to get entries and exits
2024-11-27 11:28:34,432 - utils_portfolio - INFO - Evaluating symbol if to open, close, or no change
2024-11-27 11:28:34,481 - utils_strategy - INFO - MSTR - downloading data from yfinance
2024-11-27 11:28:34,691 - utils_portfolio - INFO - Checking if we have correct date
2024-11-27 11:28:34,691 - utils_portfolio - INFO - MSTR - running symbols strategy to get entries and exits
2024-11-27 11:28:34,701 - utils_portfolio - INFO - Evaluating symbol if to open, close, or no change
2024-11-27 11:28:34,747 - utils_strategy - INFO - SCHD - downloading data from yfinance
2024-11-27 11:28:34,988 - utils_portfolio - INFO - Checking if we have correct date
2024-11-27 11:28:34,988 - utils_portfolio - INFO - SCHD - running symbols strategy to get entries and exits
2024-11-27 11:28:34,996 - utils_portfolio - INFO - Evaluating symbol if to open, close, or no change
2024-11-27 11:28:35,039 - utils_strategy - INFO - BITO - downloading data from yfinance
2024-11-27 11:28:35,164 - utils_portfolio - INFO - Checking if we have correct date
2024-11-27 11:28:35,164 - utils_portfolio - INFO - BITO - running symbols strategy to get entries and exits
2024-11-27 11:28:35,173 - utils_portfolio - INFO - Evaluating symbol if to open, close, or no change
2024-11-27 11:28:35,201 - utils_strategy - INFO - AVGO - downloading data from yfinance
2024-11-27 11:28:35,415 - utils_portfolio - INFO - Checking if we have correct date
2024-11-27 11:28:35,415 - utils_portfolio - INFO - AVGO - running symbols strategy to get entries and exits
2024-11-27 11:28:35,423 - utils_portfolio - INFO - Evaluating symbol if to open, close, or no change
2024-11-27 11:28:35,466 - utils_strategy - INFO - SOUN - downloading data from yfinance
2024-11-27 11:28:35,679 - utils_portfolio - INFO - Checking if we have correct date
2024-11-27 11:28:35,679 - utils_portfolio - INFO - SOUN - running symbols strategy to get entries and exits
2024-11-27 11:28:35,690 - utils_portfolio - INFO - Evaluating symbol if to open, close, or no change
2024-11-27 11:28:35,721 - root - INFO - Portfolio p2 symbols actions - {'AAPL': 'no_change', 'GOOGL': 'no_change', 'META': 'no_change', 'MRVL': 'no_change', 'MSTR': 'no_change', 'SCHD': 'no_change', 'BITO': 'no_change', 'AVGO': 'no_change', 'SOUN': 'close'}
2024-11-27 11:28:35,721 - utils_portfolio - INFO - Submitting orders to close existing positions
2024-11-27 11:28:36,256 - utils_portfolio - INFO - Updating state of portfolio - p2
2024-11-27 11:28:36,258 - utils_portfolio - INFO - Calculating closed trades stats
2024-11-27 11:28:36,258 - utils_portfolio - INFO - Processing symbol - AAPL
2024-11-27 11:28:36,803 - utils_portfolio - INFO - Processing symbol - GOOGL
2024-11-27 11:28:37,003 - utils_portfolio - INFO - Processing symbol - META
2024-11-27 11:28:37,206 - utils_portfolio - INFO - Processing symbol - MRVL
2024-11-27 11:28:37,417 - utils_portfolio - INFO - Processing symbol - MSTR
2024-11-27 11:28:37,620 - utils_portfolio - INFO - Processing symbol - SCHD
2024-11-27 11:28:37,823 - utils_portfolio - INFO - Processing symbol - BITO
2024-11-27 11:28:38,028 - utils_portfolio - INFO - Processing symbol - AVGO
2024-11-27 11:28:38,234 - utils_portfolio - INFO - Processing symbol - SOUN
2024-11-27 11:28:38,390 - utils_portfolio - INFO - Calculating open trades stats
2024-11-27 11:28:38,391 - utils_portfolio - INFO - Processing symbol - AAPL
2024-11-27 11:28:39,138 - utils_portfolio - INFO - Processing symbol - GOOGL
2024-11-27 11:28:39,326 - utils_portfolio - INFO - Processing symbol - META
2024-11-27 11:28:39,529 - utils_portfolio - INFO - Processing symbol - MRVL
2024-11-27 11:28:39,957 - utils_portfolio - INFO - Processing symbol - MSTR
2024-11-27 11:28:40,143 - utils_portfolio - INFO - Processing symbol - SCHD
2024-11-27 11:28:40,568 - utils_portfolio - INFO - Processing symbol - BITO
2024-11-27 11:28:40,759 - utils_portfolio - INFO - Processing symbol - AVGO
2024-11-27 11:28:40,963 - utils_portfolio - INFO - Processing symbol - SOUN
2024-11-27 11:28:41,443 - utils_portfolio - INFO - Portfolio p2 - calculating position sizes
2024-11-27 11:28:41,460 - root - INFO - Portfolio p2 position sizes - symbol
AAPL     903.33
GOOGL    526.95
META     486.41
MRVL     324.27
MSTR     526.95
SCHD     351.30
BITO     451.67
AVGO     451.67
SOUN     602.22
Name: position, dtype: float64
2024-11-27 11:28:41,460 - utils_portfolio - INFO - Submitting orders to open positions
2024-11-27 11:28:41,460 - root - INFO - XXXXXXXXXXXXXXXXXXXX --- Portfolio p2 - DONE --- XXXXXXXXXXXXXXXXXXXX
2024-11-27 11:28:41,460 - utils_portfolio - INFO - Updating info of portfolio - p3
2024-11-27 11:28:41,526 - utils_portfolio - INFO - Calculating symbols weights
2024-11-27 11:28:41,527 - root - INFO - Portfolio p3 symbols weights - {'TSLA': 0.1, 'NVDA': 0.1, 'AMD': 0.1, 'QQQ': 0.1, 'AMZN': 0.1, 'TQQQ': 0.1, 'VOO': 0.1, 'BABA': 0.1, 'BA': 0.1, 'XLI': 0.1}
2024-11-27 11:28:41,527 - utils_strategy - INFO - TSLA - downloading data from yfinance
2024-11-27 11:28:41,744 - utils_portfolio - INFO - Checking if we have correct date
2024-11-27 11:28:41,744 - utils_portfolio - INFO - TSLA - running symbols strategy to get entries and exits
2024-11-27 11:28:41,752 - utils_portfolio - INFO - Evaluating symbol if to open, close, or no change
2024-11-27 11:28:41,791 - utils_strategy - INFO - NVDA - downloading data from yfinance
2024-11-27 11:28:42,030 - utils_portfolio - INFO - Checking if we have correct date
2024-11-27 11:28:42,031 - utils_portfolio - INFO - NVDA - running symbols strategy to get entries and exits
2024-11-27 11:28:42,038 - utils_portfolio - INFO - Evaluating symbol if to open, close, or no change
2024-11-27 11:28:42,086 - utils_strategy - INFO - AMD - downloading data from yfinance
2024-11-27 11:28:42,347 - utils_portfolio - INFO - Checking if we have correct date
2024-11-27 11:28:42,348 - utils_portfolio - INFO - AMD - running symbols strategy to get entries and exits
2024-11-27 11:28:42,356 - utils_portfolio - INFO - Evaluating symbol if to open, close, or no change
2024-11-27 11:28:42,404 - utils_strategy - INFO - QQQ - downloading data from yfinance
2024-11-27 11:28:42,686 - utils_portfolio - INFO - Checking if we have correct date
2024-11-27 11:28:42,686 - utils_portfolio - INFO - QQQ - running symbols strategy to get entries and exits
2024-11-27 11:28:42,695 - utils_portfolio - INFO - Evaluating symbol if to open, close, or no change
2024-11-27 11:28:42,902 - utils_strategy - INFO - AMZN - downloading data from yfinance
2024-11-27 11:28:43,188 - utils_portfolio - INFO - Checking if we have correct date
2024-11-27 11:28:43,188 - utils_portfolio - INFO - AMZN - running symbols strategy to get entries and exits
2024-11-27 11:28:43,197 - utils_portfolio - INFO - Evaluating symbol if to open, close, or no change
2024-11-27 11:28:43,266 - utils_strategy - INFO - TQQQ - downloading data from yfinance
2024-11-27 11:28:43,458 - utils_portfolio - INFO - Checking if we have correct date
2024-11-27 11:28:43,458 - utils_portfolio - INFO - TQQQ - running symbols strategy to get entries and exits
2024-11-27 11:28:43,466 - utils_portfolio - INFO - Evaluating symbol if to open, close, or no change
2024-11-27 11:28:43,505 - utils_strategy - INFO - VOO - downloading data from yfinance
2024-11-27 11:28:43,769 - utils_portfolio - INFO - Checking if we have correct date
2024-11-27 11:28:43,769 - utils_portfolio - INFO - VOO - running symbols strategy to get entries and exits
2024-11-27 11:28:43,776 - utils_portfolio - INFO - Evaluating symbol if to open, close, or no change
2024-11-27 11:28:43,816 - utils_strategy - INFO - BABA - downloading data from yfinance
2024-11-27 11:28:44,005 - utils_portfolio - INFO - Checking if we have correct date
2024-11-27 11:28:44,005 - utils_portfolio - INFO - BABA - running symbols strategy to get entries and exits
2024-11-27 11:28:44,013 - utils_portfolio - INFO - Evaluating symbol if to open, close, or no change
2024-11-27 11:28:44,049 - utils_strategy - INFO - BA - downloading data from yfinance
2024-11-27 11:28:44,366 - utils_portfolio - INFO - Checking if we have correct date
2024-11-27 11:28:44,366 - utils_portfolio - INFO - BA - running symbols strategy to get entries and exits
2024-11-27 11:28:44,376 - utils_portfolio - INFO - Evaluating symbol if to open, close, or no change
2024-11-27 11:28:44,425 - utils_strategy - INFO - XLI - downloading data from yfinance
2024-11-27 11:28:44,741 - utils_portfolio - INFO - Checking if we have correct date
2024-11-27 11:28:44,741 - utils_portfolio - INFO - XLI - running symbols strategy to get entries and exits
2024-11-27 11:28:44,751 - utils_portfolio - INFO - Evaluating symbol if to open, close, or no change
2024-11-27 11:28:44,799 - root - INFO - Portfolio p3 symbols actions - {'TSLA': 'no_change', 'NVDA': 'no_change', 'AMD': 'close', 'QQQ': 'no_change', 'AMZN': 'no_change', 'TQQQ': 'no_change', 'VOO': 'no_change', 'BABA': 'no_change', 'BA': 'no_change', 'XLI': 'no_change'}
2024-11-27 11:28:44,799 - utils_portfolio - INFO - Submitting orders to close existing positions
2024-11-27 11:28:45,370 - utils_portfolio - INFO - Updating state of portfolio - p3
2024-11-27 11:28:45,372 - utils_portfolio - INFO - Calculating closed trades stats
2024-11-27 11:28:45,373 - utils_portfolio - INFO - Processing symbol - TSLA
2024-11-27 11:28:45,913 - utils_portfolio - INFO - Processing symbol - NVDA
2024-11-27 11:28:46,121 - utils_portfolio - INFO - Processing symbol - AMD
2024-11-27 11:28:46,296 - utils_portfolio - INFO - Processing symbol - QQQ
2024-11-27 11:28:46,499 - utils_portfolio - INFO - Processing symbol - AMZN
2024-11-27 11:28:46,734 - utils_portfolio - INFO - Processing symbol - TQQQ
2024-11-27 11:28:46,940 - utils_portfolio - INFO - Processing symbol - VOO
2024-11-27 11:28:47,143 - utils_portfolio - INFO - Processing symbol - BABA
2024-11-27 11:28:47,346 - utils_portfolio - INFO - Processing symbol - BA
2024-11-27 11:28:47,551 - utils_portfolio - INFO - Processing symbol - XLI
2024-11-27 11:28:47,757 - utils_portfolio - INFO - Calculating open trades stats
2024-11-27 11:28:47,757 - utils_portfolio - INFO - Processing symbol - TSLA
2024-11-27 11:28:48,235 - utils_portfolio - INFO - Processing symbol - NVDA
2024-11-27 11:28:48,438 - utils_portfolio - INFO - Processing symbol - AMD
2024-11-27 11:28:48,864 - utils_portfolio - INFO - Processing symbol - QQQ
2024-11-27 11:28:49,270 - utils_portfolio - INFO - Processing symbol - AMZN
2024-11-27 11:28:49,462 - utils_portfolio - INFO - Processing symbol - TQQQ
2024-11-27 11:28:49,667 - utils_portfolio - INFO - Processing symbol - VOO
2024-11-27 11:28:50,093 - utils_portfolio - INFO - Processing symbol - BABA
2024-11-27 11:28:50,281 - utils_portfolio - INFO - Processing symbol - BA
2024-11-27 11:28:50,709 - utils_portfolio - INFO - Processing symbol - XLI
2024-11-27 11:28:51,175 - utils_portfolio - INFO - Portfolio p3 - calculating position sizes
2024-11-27 11:28:51,197 - root - INFO - Portfolio p3 position sizes - symbol
TSLA    499.48
NVDA    499.48
AMD     505.85
QQQ     505.85
AMZN    499.48
TQQQ    499.48
VOO     505.85
BABA    499.48
BA      505.85
XLI     505.85
Name: position, dtype: float64
2024-11-27 11:28:51,197 - utils_portfolio - INFO - Submitting orders to open positions
2024-11-27 11:28:51,198 - root - INFO - XXXXXXXXXXXXXXXXXXXX --- Portfolio p3 - DONE --- XXXXXXXXXXXXXXXXXXXX
2024-11-27 11:28:51,198 - utils_portfolio - INFO - Updating info of portfolio - p4
2024-11-27 11:28:51,325 - utils_portfolio - INFO - Calculating symbols weights
2024-11-27 11:28:51,326 - root - INFO - Portfolio p4 symbols weights - {'RIOT': 0.05, 'NEE': 0.05, 'SLV': 0.05, 'SHOP': 0.05, 'FAST': 0.05, 'SPXL': 0.05, 'VALE': 0.05, 'SNAP': 0.05, 'WDC': 0.05, 'MO': 0.05, 'PM': 0.05, 'SQ': 0.05, 'PDD': 0.05, 'ABBV': 0.05, 'ON': 0.05, 'UPRO': 0.05, 'TSLL': 0.05, 'PBR': 0.05, 'MP': 0.05, 'U': 0.05}
2024-11-27 11:28:51,326 - utils_strategy - INFO - RIOT - downloading data from yfinance
2024-11-27 11:28:51,529 - utils_portfolio - INFO - Checking if we have correct date
2024-11-27 11:28:51,529 - utils_portfolio - INFO - RIOT - running symbols strategy to get entries and exits
2024-11-27 11:28:51,537 - utils_portfolio - INFO - Evaluating symbol if to open, close, or no change
2024-11-27 11:28:51,572 - utils_strategy - INFO - NEE - downloading data from yfinance
2024-11-27 11:28:51,962 - utils_portfolio - INFO - Checking if we have correct date
2024-11-27 11:28:51,962 - utils_portfolio - INFO - NEE - running symbols strategy to get entries and exits
2024-11-27 11:28:51,971 - utils_portfolio - INFO - Evaluating symbol if to open, close, or no change
2024-11-27 11:28:52,019 - utils_strategy - INFO - SLV - downloading data from yfinance
2024-11-27 11:28:52,259 - utils_portfolio - INFO - Checking if we have correct date
2024-11-27 11:28:52,259 - utils_portfolio - INFO - SLV - running symbols strategy to get entries and exits
2024-11-27 11:28:52,267 - utils_portfolio - INFO - Evaluating symbol if to open, close, or no change
2024-11-27 11:28:52,312 - utils_strategy - INFO - SHOP - downloading data from yfinance
2024-11-27 11:28:52,516 - utils_portfolio - INFO - Checking if we have correct date
2024-11-27 11:28:52,517 - utils_portfolio - INFO - SHOP - running symbols strategy to get entries and exits
2024-11-27 11:28:52,524 - utils_portfolio - INFO - Evaluating symbol if to open, close, or no change
2024-11-27 11:28:52,561 - utils_strategy - INFO - FAST - downloading data from yfinance
2024-11-27 11:28:52,903 - utils_portfolio - INFO - Checking if we have correct date
2024-11-27 11:28:52,903 - utils_portfolio - INFO - FAST - running symbols strategy to get entries and exits
2024-11-27 11:28:52,911 - utils_portfolio - INFO - Evaluating symbol if to open, close, or no change
2024-11-27 11:28:53,120 - utils_strategy - INFO - SPXL - downloading data from yfinance
2024-11-27 11:28:53,331 - utils_portfolio - INFO - Checking if we have correct date
2024-11-27 11:28:53,331 - utils_portfolio - INFO - SPXL - running symbols strategy to get entries and exits
2024-11-27 11:28:53,339 - utils_portfolio - INFO - Evaluating symbol if to open, close, or no change
2024-11-27 11:28:53,383 - utils_strategy - INFO - VALE - downloading data from yfinance
2024-11-27 11:28:53,659 - utils_portfolio - INFO - Checking if we have correct date
2024-11-27 11:28:53,659 - utils_portfolio - INFO - VALE - running symbols strategy to get entries and exits
2024-11-27 11:28:53,667 - utils_portfolio - INFO - Evaluating symbol if to open, close, or no change
2024-11-27 11:28:53,713 - utils_strategy - INFO - SNAP - downloading data from yfinance
2024-11-27 11:28:53,895 - utils_portfolio - INFO - Checking if we have correct date
2024-11-27 11:28:53,895 - utils_portfolio - INFO - SNAP - running symbols strategy to get entries and exits
2024-11-27 11:28:53,905 - utils_portfolio - INFO - Evaluating symbol if to open, close, or no change
2024-11-27 11:28:53,938 - utils_strategy - INFO - WDC - downloading data from yfinance
2024-11-27 11:28:54,218 - utils_portfolio - INFO - Checking if we have correct date
2024-11-27 11:28:54,218 - utils_portfolio - INFO - WDC - running symbols strategy to get entries and exits
2024-11-27 11:28:54,226 - utils_portfolio - INFO - Evaluating symbol if to open, close, or no change
2024-11-27 11:28:54,273 - utils_strategy - INFO - MO - downloading data from yfinance
2024-11-27 11:28:54,648 - utils_portfolio - INFO - Checking if we have correct date
2024-11-27 11:28:54,648 - utils_portfolio - INFO - MO - running symbols strategy to get entries and exits
2024-11-27 11:28:54,657 - utils_portfolio - INFO - Evaluating symbol if to open, close, or no change
2024-11-27 11:28:54,706 - utils_strategy - INFO - PM - downloading data from yfinance
2024-11-27 11:28:54,917 - utils_portfolio - INFO - Checking if we have correct date
2024-11-27 11:28:54,917 - utils_portfolio - INFO - PM - running symbols strategy to get entries and exits
2024-11-27 11:28:54,925 - utils_portfolio - INFO - Evaluating symbol if to open, close, or no change
2024-11-27 11:28:54,965 - utils_strategy - INFO - SQ - downloading data from yfinance
2024-11-27 11:28:55,098 - utils_portfolio - INFO - Checking if we have correct date
2024-11-27 11:28:55,098 - utils_portfolio - INFO - SQ - running symbols strategy to get entries and exits
2024-11-27 11:28:55,106 - utils_portfolio - INFO - Evaluating symbol if to open, close, or no change
2024-11-27 11:28:55,144 - utils_strategy - INFO - PDD - downloading data from yfinance
2024-11-27 11:28:55,300 - utils_portfolio - INFO - Checking if we have correct date
2024-11-27 11:28:55,300 - utils_portfolio - INFO - PDD - running symbols strategy to get entries and exits
2024-11-27 11:28:55,312 - utils_portfolio - INFO - Evaluating symbol if to open, close, or no change
2024-11-27 11:28:55,345 - utils_strategy - INFO - ABBV - downloading data from yfinance
2024-11-27 11:28:55,570 - utils_portfolio - INFO - Checking if we have correct date
2024-11-27 11:28:55,570 - utils_portfolio - INFO - ABBV - running symbols strategy to get entries and exits
2024-11-27 11:28:55,578 - utils_portfolio - INFO - Evaluating symbol if to open, close, or no change
2024-11-27 11:28:55,613 - utils_strategy - INFO - ON - downloading data from yfinance
2024-11-27 11:28:55,778 - utils_portfolio - INFO - Checking if we have correct date
2024-11-27 11:28:55,778 - utils_portfolio - INFO - ON - running symbols strategy to get entries and exits
2024-11-27 11:28:55,786 - utils_portfolio - INFO - Evaluating symbol if to open, close, or no change
2024-11-27 11:28:55,832 - utils_strategy - INFO - UPRO - downloading data from yfinance
2024-11-27 11:28:56,046 - utils_portfolio - INFO - Checking if we have correct date
2024-11-27 11:28:56,046 - utils_portfolio - INFO - UPRO - running symbols strategy to get entries and exits
2024-11-27 11:28:56,053 - utils_portfolio - INFO - Evaluating symbol if to open, close, or no change
2024-11-27 11:28:56,095 - utils_strategy - INFO - TSLL - downloading data from yfinance
2024-11-27 11:28:56,190 - utils_portfolio - INFO - Checking if we have correct date
2024-11-27 11:28:56,190 - utils_portfolio - INFO - TSLL - running symbols strategy to get entries and exits
2024-11-27 11:28:56,198 - utils_portfolio - INFO - Evaluating symbol if to open, close, or no change
2024-11-27 11:28:56,232 - utils_strategy - INFO - PBR - downloading data from yfinance
2024-11-27 11:28:56,681 - utils_portfolio - INFO - Checking if we have correct date
2024-11-27 11:28:56,682 - utils_portfolio - INFO - PBR - running symbols strategy to get entries and exits
2024-11-27 11:28:56,690 - utils_portfolio - INFO - Evaluating symbol if to open, close, or no change
2024-11-27 11:28:56,739 - utils_strategy - INFO - MP - downloading data from yfinance
2024-11-27 11:28:56,887 - utils_portfolio - INFO - Checking if we have correct date
2024-11-27 11:28:56,887 - utils_portfolio - INFO - MP - running symbols strategy to get entries and exits
2024-11-27 11:28:56,897 - utils_portfolio - INFO - Evaluating symbol if to open, close, or no change
2024-11-27 11:28:56,928 - utils_strategy - INFO - U - downloading data from yfinance
2024-11-27 11:28:57,073 - utils_portfolio - INFO - Checking if we have correct date
2024-11-27 11:28:57,073 - utils_portfolio - INFO - U - running symbols strategy to get entries and exits
2024-11-27 11:28:57,083 - utils_portfolio - INFO - Evaluating symbol if to open, close, or no change
2024-11-27 11:28:57,112 - root - INFO - Portfolio p4 symbols actions - {'RIOT': 'close', 'NEE': 'no_change', 'SLV': 'no_change', 'SHOP': 'no_change', 'FAST': 'no_change', 'SPXL': 'no_change', 'VALE': 'no_change', 'SNAP': 'open', 'WDC': 'no_change', 'MO': 'no_change', 'PM': 'no_change', 'SQ': 'no_change', 'PDD': 'no_change', 'ABBV': 'no_change', 'ON': 'no_change', 'UPRO': 'no_change', 'TSLL': 'no_change', 'PBR': 'no_change', 'MP': 'no_change', 'U': 'no_change'}
2024-11-27 11:28:57,112 - utils_portfolio - INFO - Submitting orders to close existing positions
2024-11-27 11:28:57,654 - utils_portfolio - INFO - Updating state of portfolio - p4
2024-11-27 11:28:57,655 - utils_portfolio - INFO - Calculating closed trades stats
2024-11-27 11:28:57,655 - utils_portfolio - INFO - Processing symbol - RIOT
2024-11-27 11:28:58,192 - utils_portfolio - INFO - Processing symbol - NEE
2024-11-27 11:28:58,341 - utils_portfolio - INFO - Processing symbol - SLV
2024-11-27 11:28:58,506 - utils_portfolio - INFO - Processing symbol - SHOP
2024-11-27 11:28:58,714 - utils_portfolio - INFO - Processing symbol - FAST
2024-11-27 11:28:58,917 - utils_portfolio - INFO - Processing symbol - SPXL
2024-11-27 11:28:59,124 - utils_portfolio - INFO - Processing symbol - VALE
2024-11-27 11:28:59,327 - utils_portfolio - INFO - Processing symbol - SNAP
2024-11-27 11:28:59,531 - utils_portfolio - INFO - Processing symbol - WDC
2024-11-27 11:28:59,741 - utils_portfolio - INFO - Processing symbol - MO
2024-11-27 11:28:59,893 - utils_portfolio - INFO - Processing symbol - PM
2024-11-27 11:29:00,145 - utils_portfolio - INFO - Processing symbol - SQ
2024-11-27 11:29:00,353 - utils_portfolio - INFO - Processing symbol - PDD
2024-11-27 11:29:00,558 - utils_portfolio - INFO - Processing symbol - ABBV
2024-11-27 11:29:00,759 - utils_portfolio - INFO - Processing symbol - ON
2024-11-27 11:29:00,965 - utils_portfolio - INFO - Processing symbol - UPRO
2024-11-27 11:29:01,175 - utils_portfolio - INFO - Processing symbol - TSLL
2024-11-27 11:29:01,374 - utils_portfolio - INFO - Processing symbol - PBR
2024-11-27 11:29:01,579 - utils_portfolio - INFO - Processing symbol - MP
2024-11-27 11:29:01,785 - utils_portfolio - INFO - Processing symbol - U
2024-11-27 11:29:01,992 - utils_portfolio - INFO - Calculating open trades stats
2024-11-27 11:29:01,994 - utils_portfolio - INFO - Processing symbol - RIOT
2024-11-27 11:29:02,688 - utils_portfolio - INFO - Processing symbol - NEE
2024-11-27 11:29:02,877 - utils_portfolio - INFO - Processing symbol - SLV
2024-11-27 11:29:03,300 - utils_portfolio - INFO - Processing symbol - SHOP
2024-11-27 11:29:03,711 - utils_portfolio - INFO - Processing symbol - FAST
2024-11-27 11:29:04,120 - utils_portfolio - INFO - Processing symbol - SPXL
2024-11-27 11:29:04,530 - utils_portfolio - INFO - Processing symbol - VALE
2024-11-27 11:29:04,719 - utils_portfolio - INFO - Processing symbol - SNAP
2024-11-27 11:29:04,924 - utils_portfolio - INFO - Processing symbol - WDC
2024-11-27 11:29:05,350 - utils_portfolio - INFO - Processing symbol - MO
2024-11-27 11:29:05,757 - utils_portfolio - INFO - Processing symbol - PM
2024-11-27 11:29:05,948 - utils_portfolio - INFO - Processing symbol - SQ
2024-11-27 11:29:06,153 - utils_portfolio - INFO - Processing symbol - PDD
2024-11-27 11:29:06,358 - utils_portfolio - INFO - Processing symbol - ABBV
2024-11-27 11:29:06,786 - utils_portfolio - INFO - Processing symbol - ON
2024-11-27 11:29:07,104 - utils_portfolio - INFO - Processing symbol - UPRO
2024-11-27 11:29:07,412 - utils_portfolio - INFO - Processing symbol - TSLL
2024-11-27 11:29:07,806 - utils_portfolio - INFO - Processing symbol - PBR
2024-11-27 11:29:08,209 - utils_portfolio - INFO - Processing symbol - MP
2024-11-27 11:29:08,624 - utils_portfolio - INFO - Processing symbol - U
2024-11-27 11:29:09,092 - utils_portfolio - INFO - Portfolio p4 - calculating position sizes
2024-11-27 11:29:09,123 - root - INFO - Portfolio p4 position sizes - symbol
RIOT    271.71
NEE     270.61
SLV     271.71
SHOP    271.71
FAST    271.71
SPXL    271.71
VALE    270.61
SNAP    270.61
WDC     271.71
MO      271.71
PM      270.61
SQ      270.61
PDD     270.61
ABBV    271.71
ON      271.71
UPRO    271.71
TSLL    271.71
PBR     271.71
MP      271.71
U       271.71
Name: position, dtype: float64
2024-11-27 11:29:09,123 - utils_portfolio - INFO - Submitting orders to open positions
2024-11-27 11:29:09,638 - root - INFO - XXXXXXXXXXXXXXXXXXXX --- Portfolio p4 - DONE --- XXXXXXXXXXXXXXXXXXXX
2024-11-27 11:29:09,640 - utils_portfolio - INFO - Updating whole portfolio state
2024-11-27 11:29:10,762 - utils_portfolio - INFO - Calculating open trades stats
2024-11-27 11:29:10,763 - utils_portfolio - INFO - Processing symbol - PLTR
2024-11-27 11:29:11,376 - utils_portfolio - INFO - Processing symbol - BTC/USD
2024-11-27 11:29:11,581 - utils_portfolio - INFO - Processing symbol - AAL
2024-11-27 11:29:11,786 - utils_portfolio - INFO - Processing symbol - VRT
2024-11-27 11:29:11,990 - utils_portfolio - INFO - Processing symbol - GBTC
2024-11-27 11:29:12,195 - utils_portfolio - INFO - Processing symbol - DELL
2024-11-27 11:29:12,623 - utils_portfolio - INFO - Processing symbol - GM
2024-11-27 11:29:13,029 - utils_portfolio - INFO - Processing symbol - IYR
2024-11-27 11:29:13,218 - utils_portfolio - INFO - Processing symbol - DKNG
2024-11-27 11:29:13,424 - utils_portfolio - INFO - Processing symbol - EBAY
2024-11-27 11:29:13,629 - utils_portfolio - INFO - Processing symbol - CRWD
2024-11-27 11:29:14,052 - utils_portfolio - INFO - Processing symbol - AAPL
2024-11-27 11:29:14,463 - utils_portfolio - INFO - Processing symbol - GOOGL
2024-11-27 11:29:14,652 - utils_portfolio - INFO - Processing symbol - META
2024-11-27 11:29:14,856 - utils_portfolio - INFO - Processing symbol - MRVL
2024-11-27 11:29:15,211 - utils_portfolio - INFO - Processing symbol - MSTR
2024-11-27 11:29:15,370 - utils_portfolio - INFO - Processing symbol - SCHD
2024-11-27 11:29:15,795 - utils_portfolio - INFO - Processing symbol - BITO
2024-11-27 11:29:15,983 - utils_portfolio - INFO - Processing symbol - AVGO
2024-11-27 11:29:16,190 - utils_portfolio - INFO - Processing symbol - SOUN
2024-11-27 11:29:16,606 - utils_portfolio - INFO - Processing symbol - TSLA
2024-11-27 11:29:16,803 - utils_portfolio - INFO - Processing symbol - NVDA
2024-11-27 11:29:17,007 - utils_portfolio - INFO - Processing symbol - AMD
2024-11-27 11:29:17,433 - utils_portfolio - INFO - Processing symbol - QQQ
2024-11-27 11:29:17,841 - utils_portfolio - INFO - Processing symbol - AMZN
2024-11-27 11:29:18,032 - utils_portfolio - INFO - Processing symbol - TQQQ
2024-11-27 11:29:18,237 - utils_portfolio - INFO - Processing symbol - VOO
2024-11-27 11:29:18,663 - utils_portfolio - INFO - Processing symbol - BABA
2024-11-27 11:29:18,851 - utils_portfolio - INFO - Processing symbol - BA
2024-11-27 11:29:19,273 - utils_portfolio - INFO - Processing symbol - XLI
2024-11-27 11:29:19,584 - utils_portfolio - INFO - Processing symbol - RIOT
2024-11-27 11:29:19,993 - utils_portfolio - INFO - Processing symbol - NEE
2024-11-27 11:29:20,182 - utils_portfolio - INFO - Processing symbol - SLV
2024-11-27 11:29:20,606 - utils_portfolio - INFO - Processing symbol - SHOP
2024-11-27 11:29:21,019 - utils_portfolio - INFO - Processing symbol - FAST
2024-11-27 11:29:21,427 - utils_portfolio - INFO - Processing symbol - SPXL
2024-11-27 11:29:21,767 - utils_portfolio - INFO - Processing symbol - VALE
2024-11-27 11:29:21,923 - utils_portfolio - INFO - Processing symbol - SNAP
2024-11-27 11:29:22,127 - utils_portfolio - INFO - Processing symbol - WDC
2024-11-27 11:29:22,552 - utils_portfolio - INFO - Processing symbol - MO
2024-11-27 11:29:22,960 - utils_portfolio - INFO - Processing symbol - PM
2024-11-27 11:29:23,152 - utils_portfolio - INFO - Processing symbol - SQ
2024-11-27 11:29:23,311 - utils_portfolio - INFO - Processing symbol - PDD
2024-11-27 11:29:23,426 - utils_portfolio - INFO - Processing symbol - ABBV
2024-11-27 11:29:23,782 - utils_portfolio - INFO - Processing symbol - ON
2024-11-27 11:29:24,027 - utils_portfolio - INFO - Processing symbol - UPRO
2024-11-27 11:29:24,396 - utils_portfolio - INFO - Processing symbol - TSLL
2024-11-27 11:29:24,805 - utils_portfolio - INFO - Processing symbol - PBR
2024-11-27 11:29:25,216 - utils_portfolio - INFO - Processing symbol - MP
2024-11-27 11:29:25,627 - utils_portfolio - INFO - Processing symbol - U
2024-11-27 11:29:26,059 - utils_portfolio - INFO - Calculating closed trades stats
2024-11-27 11:29:26,060 - utils_portfolio - INFO - Processing symbol - PLTR
2024-11-27 11:29:26,656 - utils_portfolio - INFO - Processing symbol - BTC/USD
2024-11-27 11:29:26,872 - utils_portfolio - INFO - Processing symbol - AAL
2024-11-27 11:29:27,077 - utils_portfolio - INFO - Processing symbol - VRT
2024-11-27 11:29:27,268 - utils_portfolio - INFO - Processing symbol - GBTC
2024-11-27 11:29:27,489 - utils_portfolio - INFO - Processing symbol - DELL
2024-11-27 11:29:27,694 - utils_portfolio - INFO - Processing symbol - GM
2024-11-27 11:29:27,899 - utils_portfolio - INFO - Processing symbol - IYR
2024-11-27 11:29:28,102 - utils_portfolio - INFO - Processing symbol - DKNG
2024-11-27 11:29:28,291 - utils_portfolio - INFO - Processing symbol - EBAY
2024-11-27 11:29:28,444 - utils_portfolio - INFO - Processing symbol - CRWD
2024-11-27 11:29:28,615 - utils_portfolio - INFO - Processing symbol - AAPL
2024-11-27 11:29:28,817 - utils_portfolio - INFO - Processing symbol - GOOGL
2024-11-27 11:29:29,025 - utils_portfolio - INFO - Processing symbol - META
2024-11-27 11:29:29,231 - utils_portfolio - INFO - Processing symbol - MRVL
2024-11-27 11:29:29,434 - utils_portfolio - INFO - Processing symbol - MSTR
2024-11-27 11:29:29,637 - utils_portfolio - INFO - Processing symbol - SCHD
2024-11-27 11:29:29,844 - utils_portfolio - INFO - Processing symbol - BITO
2024-11-27 11:29:30,050 - utils_portfolio - INFO - Processing symbol - AVGO
2024-11-27 11:29:30,254 - utils_portfolio - INFO - Processing symbol - SOUN
2024-11-27 11:29:30,457 - utils_portfolio - INFO - Processing symbol - TSLA
2024-11-27 11:29:30,665 - utils_portfolio - INFO - Processing symbol - NVDA
2024-11-27 11:29:30,867 - utils_portfolio - INFO - Processing symbol - AMD
2024-11-27 11:29:31,073 - utils_portfolio - INFO - Processing symbol - QQQ
2024-11-27 11:29:31,270 - utils_portfolio - INFO - Processing symbol - AMZN
2024-11-27 11:29:31,482 - utils_portfolio - INFO - Processing symbol - TQQQ
2024-11-27 11:29:31,663 - utils_portfolio - INFO - Processing symbol - VOO
2024-11-27 11:29:31,890 - utils_portfolio - INFO - Processing symbol - BABA
2024-11-27 11:29:32,091 - utils_portfolio - INFO - Processing symbol - BA
2024-11-27 11:29:32,291 - utils_portfolio - INFO - Processing symbol - XLI
2024-11-27 11:29:32,503 - utils_portfolio - INFO - Processing symbol - RIOT
2024-11-27 11:29:32,707 - utils_portfolio - INFO - Processing symbol - NEE
2024-11-27 11:29:32,914 - utils_portfolio - INFO - Processing symbol - SLV
2024-11-27 11:29:33,119 - utils_portfolio - INFO - Processing symbol - SHOP
2024-11-27 11:29:33,327 - utils_portfolio - INFO - Processing symbol - FAST
2024-11-27 11:29:33,531 - utils_portfolio - INFO - Processing symbol - SPXL
2024-11-27 11:29:33,734 - utils_portfolio - INFO - Processing symbol - VALE
2024-11-27 11:29:33,938 - utils_portfolio - INFO - Processing symbol - SNAP
2024-11-27 11:29:34,142 - utils_portfolio - INFO - Processing symbol - WDC
2024-11-27 11:29:34,349 - utils_portfolio - INFO - Processing symbol - MO
2024-11-27 11:29:34,552 - utils_portfolio - INFO - Processing symbol - PM
2024-11-27 11:29:34,757 - utils_portfolio - INFO - Processing symbol - SQ
2024-11-27 11:29:34,940 - utils_portfolio - INFO - Processing symbol - PDD
2024-11-27 11:29:35,170 - utils_portfolio - INFO - Processing symbol - ABBV
2024-11-27 11:29:35,373 - utils_portfolio - INFO - Processing symbol - ON
2024-11-27 11:29:35,579 - utils_portfolio - INFO - Processing symbol - UPRO
2024-11-27 11:29:35,782 - utils_portfolio - INFO - Processing symbol - TSLL
2024-11-27 11:29:35,991 - utils_portfolio - INFO - Processing symbol - PBR
2024-11-27 11:29:36,192 - utils_portfolio - INFO - Processing symbol - MP
2024-11-27 11:29:36,395 - utils_portfolio - INFO - Processing symbol - U
2024-11-27 11:29:36,650 - utils_portfolio - INFO - Updating state of symbols
2024-11-27 11:29:36,651 - utils_portfolio - INFO - Calculating closed trades stats
2024-11-27 11:29:36,651 - utils_portfolio - INFO - Processing symbol - NEE
2024-11-27 11:29:37,196 - utils_portfolio - INFO - Processing symbol - AAPL
2024-11-27 11:29:37,419 - utils_portfolio - INFO - Processing symbol - TQQQ
2024-11-27 11:29:37,628 - utils_portfolio - INFO - Processing symbol - VALE
2024-11-27 11:29:37,829 - utils_portfolio - INFO - Processing symbol - SOUN
2024-11-27 11:29:38,035 - utils_portfolio - INFO - Processing symbol - SNAP
2024-11-27 11:29:38,238 - utils_portfolio - INFO - Processing symbol - BITO
2024-11-27 11:29:38,444 - utils_portfolio - INFO - Processing symbol - MRVL
2024-11-27 11:29:38,651 - utils_portfolio - INFO - Processing symbol - PM
2024-11-27 11:29:38,854 - utils_portfolio - INFO - Processing symbol - BTC/USD
2024-11-27 11:29:39,058 - utils_portfolio - INFO - Processing symbol - QQQ
2024-11-27 11:29:39,262 - utils_portfolio - INFO - Processing symbol - ON
2024-11-27 11:29:39,471 - utils_portfolio - INFO - Processing symbol - BABA
2024-11-27 11:29:39,674 - utils_portfolio - INFO - Processing symbol - PBR
2024-11-27 11:29:39,877 - utils_portfolio - INFO - Processing symbol - U
2024-11-27 11:29:40,085 - utils_portfolio - INFO - Processing symbol - UPRO
2024-11-27 11:29:40,281 - utils_portfolio - INFO - Processing symbol - MO
2024-11-27 11:29:40,491 - utils_portfolio - INFO - Processing symbol - VOO
2024-11-27 11:29:40,698 - utils_portfolio - INFO - Processing symbol - EBAY
2024-11-27 11:29:40,897 - utils_portfolio - INFO - Processing symbol - META
2024-11-27 11:29:41,107 - utils_portfolio - INFO - Processing symbol - DKNG
2024-11-27 11:29:41,297 - utils_portfolio - INFO - Processing symbol - FAST
2024-11-27 11:29:41,516 - utils_portfolio - INFO - Processing symbol - TSLA
2024-11-27 11:29:41,721 - utils_portfolio - INFO - Processing symbol - SQ
2024-11-27 11:29:41,925 - utils_portfolio - INFO - Processing symbol - ABBV
2024-11-27 11:29:42,132 - utils_portfolio - INFO - Processing symbol - IYR
2024-11-27 11:29:42,334 - utils_portfolio - INFO - Processing symbol - GM
2024-11-27 11:29:42,541 - utils_portfolio - INFO - Processing symbol - CRWD
2024-11-27 11:29:42,742 - utils_portfolio - INFO - Processing symbol - SPXL
2024-11-27 11:29:42,950 - utils_portfolio - INFO - Processing symbol - SCHD
2024-11-27 11:29:43,154 - utils_portfolio - INFO - Processing symbol - MP
2024-11-27 11:29:43,357 - utils_portfolio - INFO - Processing symbol - GOOGL
2024-11-27 11:29:43,564 - utils_portfolio - INFO - Processing symbol - MSTR
2024-11-27 11:29:43,767 - utils_portfolio - INFO - Processing symbol - SHOP
2024-11-27 11:29:43,975 - utils_portfolio - INFO - Processing symbol - TSLL
2024-11-27 11:29:44,179 - utils_portfolio - INFO - Processing symbol - PLTR
2024-11-27 11:29:44,385 - utils_portfolio - INFO - Processing symbol - VRT
2024-11-27 11:29:44,595 - utils_portfolio - INFO - Processing symbol - AMD
2024-11-27 11:29:44,794 - utils_portfolio - INFO - Processing symbol - GBTC
2024-11-27 11:29:45,000 - utils_portfolio - INFO - Processing symbol - SLV
2024-11-27 11:29:45,200 - utils_portfolio - INFO - Processing symbol - AMZN
2024-11-27 11:29:45,409 - utils_portfolio - INFO - Processing symbol - NVDA
2024-11-27 11:29:45,612 - utils_portfolio - INFO - Processing symbol - XLI
2024-11-27 11:29:45,817 - utils_portfolio - INFO - Processing symbol - BA
2024-11-27 11:29:46,022 - utils_portfolio - INFO - Processing symbol - AVGO
2024-11-27 11:29:46,227 - utils_portfolio - INFO - Processing symbol - DELL
2024-11-27 11:29:46,431 - utils_portfolio - INFO - Processing symbol - RIOT
2024-11-27 11:29:46,635 - utils_portfolio - INFO - Processing symbol - WDC
2024-11-27 11:29:46,844 - utils_portfolio - INFO - Processing symbol - AAL
2024-11-27 11:29:47,041 - utils_portfolio - INFO - Processing symbol - PDD
2024-11-27 11:29:47,258 - utils_portfolio - INFO - Calculating open trades stats
2024-11-27 11:29:47,259 - utils_portfolio - INFO - Processing symbol - NEE
2024-11-27 11:29:47,831 - utils_portfolio - INFO - Processing symbol - AAPL
2024-11-27 11:29:48,096 - utils_portfolio - INFO - Processing symbol - TQQQ
2024-11-27 11:29:48,240 - utils_portfolio - INFO - Processing symbol - VALE
2024-11-27 11:29:48,444 - utils_portfolio - INFO - Processing symbol - SOUN
2024-11-27 11:29:48,870 - utils_portfolio - INFO - Processing symbol - SNAP
2024-11-27 11:29:49,059 - utils_portfolio - INFO - Processing symbol - BITO
2024-11-27 11:29:49,264 - utils_portfolio - INFO - Processing symbol - MRVL
2024-11-27 11:29:49,692 - utils_portfolio - INFO - Processing symbol - PM
2024-11-27 11:29:49,879 - utils_portfolio - INFO - Processing symbol - BTC/USD
2024-11-27 11:29:50,084 - utils_portfolio - INFO - Processing symbol - QQQ
2024-11-27 11:29:50,506 - utils_portfolio - INFO - Processing symbol - ON
2024-11-27 11:29:50,917 - utils_portfolio - INFO - Processing symbol - BABA
2024-11-27 11:29:51,108 - utils_portfolio - INFO - Processing symbol - PBR
2024-11-27 11:29:51,531 - utils_portfolio - INFO - Processing symbol - U
2024-11-27 11:29:51,853 - utils_portfolio - INFO - Processing symbol - UPRO
2024-11-27 11:29:52,251 - utils_portfolio - INFO - Processing symbol - MO
2024-11-27 11:29:52,595 - utils_portfolio - INFO - Processing symbol - VOO
2024-11-27 11:29:52,965 - utils_portfolio - INFO - Processing symbol - EBAY
2024-11-27 11:29:53,156 - utils_portfolio - INFO - Processing symbol - META
2024-11-27 11:29:53,268 - utils_portfolio - INFO - Processing symbol - DKNG
2024-11-27 11:29:53,383 - utils_portfolio - INFO - Processing symbol - FAST
2024-11-27 11:29:53,631 - utils_portfolio - INFO - Processing symbol - TSLA
2024-11-27 11:29:53,770 - utils_portfolio - INFO - Processing symbol - SQ
2024-11-27 11:29:53,973 - utils_portfolio - INFO - Processing symbol - ABBV
2024-11-27 11:29:54,400 - utils_portfolio - INFO - Processing symbol - IYR
2024-11-27 11:29:54,582 - utils_portfolio - INFO - Processing symbol - GM
2024-11-27 11:29:55,015 - utils_portfolio - INFO - Processing symbol - CRWD
2024-11-27 11:29:55,422 - utils_portfolio - INFO - Processing symbol - SPXL
2024-11-27 11:29:55,729 - utils_portfolio - INFO - Processing symbol - SCHD
2024-11-27 11:29:56,246 - utils_portfolio - INFO - Processing symbol - MP
2024-11-27 11:29:56,643 - utils_portfolio - INFO - Processing symbol - GOOGL
2024-11-27 11:29:56,841 - utils_portfolio - INFO - Processing symbol - MSTR
2024-11-27 11:29:57,047 - utils_portfolio - INFO - Processing symbol - SHOP
2024-11-27 11:29:57,474 - utils_portfolio - INFO - Processing symbol - TSLL
2024-11-27 11:29:57,880 - utils_portfolio - INFO - Processing symbol - PLTR
2024-11-27 11:29:58,072 - utils_portfolio - INFO - Processing symbol - VRT
2024-11-27 11:29:58,275 - utils_portfolio - INFO - Processing symbol - AMD
2024-11-27 11:29:58,706 - utils_portfolio - INFO - Processing symbol - GBTC
2024-11-27 11:29:58,890 - utils_portfolio - INFO - Processing symbol - SLV
2024-11-27 11:29:59,314 - utils_portfolio - INFO - Processing symbol - AMZN
2024-11-27 11:29:59,504 - utils_portfolio - INFO - Processing symbol - NVDA
2024-11-27 11:29:59,709 - utils_portfolio - INFO - Processing symbol - XLI
2024-11-27 11:30:00,132 - utils_portfolio - INFO - Processing symbol - BA
2024-11-27 11:30:00,542 - utils_portfolio - INFO - Processing symbol - AVGO
2024-11-27 11:30:00,733 - utils_portfolio - INFO - Processing symbol - DELL
2024-11-27 11:30:01,160 - utils_portfolio - INFO - Processing symbol - RIOT
2024-11-27 11:30:01,467 - utils_portfolio - INFO - Processing symbol - WDC
2024-11-27 11:30:01,879 - utils_portfolio - INFO - Processing symbol - AAL
2024-11-27 11:30:02,063 - utils_portfolio - INFO - Processing symbol - PDD
2024-11-27 11:30:02,301 - utils_portfolio - INFO - Updating symbol stats - NEE
2024-11-27 11:30:02,366 - utils_portfolio - INFO - Updating symbol stats - AAPL
2024-11-27 11:30:02,411 - utils_portfolio - INFO - Updating symbol stats - TQQQ
2024-11-27 11:30:02,460 - utils_portfolio - INFO - Updating symbol stats - VALE
2024-11-27 11:30:02,497 - utils_portfolio - INFO - Updating symbol stats - SOUN
2024-11-27 11:30:02,533 - utils_portfolio - INFO - Updating symbol stats - SNAP
2024-11-27 11:30:02,571 - utils_portfolio - INFO - Updating symbol stats - BITO
2024-11-27 11:30:02,612 - utils_portfolio - INFO - Updating symbol stats - MRVL
2024-11-27 11:30:02,652 - utils_portfolio - INFO - Updating symbol stats - PM
2024-11-27 11:30:02,689 - utils_portfolio - INFO - Updating symbol stats - BTC/USD
2024-11-27 11:30:02,724 - utils_portfolio - INFO - Updating symbol stats - QQQ
2024-11-27 11:30:02,759 - utils_portfolio - INFO - Updating symbol stats - ON
2024-11-27 11:30:02,792 - utils_portfolio - INFO - Updating symbol stats - BABA
2024-11-27 11:30:02,827 - utils_portfolio - INFO - Updating symbol stats - PBR
2024-11-27 11:30:02,864 - utils_portfolio - INFO - Updating symbol stats - U
2024-11-27 11:30:02,897 - utils_portfolio - INFO - Updating symbol stats - UPRO
2024-11-27 11:30:02,929 - utils_portfolio - INFO - Updating symbol stats - MO
2024-11-27 11:30:02,963 - utils_portfolio - INFO - Updating symbol stats - VOO
2024-11-27 11:30:02,995 - utils_portfolio - INFO - Updating symbol stats - EBAY
2024-11-27 11:30:03,055 - utils_portfolio - INFO - Updating symbol stats - META
2024-11-27 11:30:03,090 - utils_portfolio - INFO - Updating symbol stats - DKNG
2024-11-27 11:30:03,126 - utils_portfolio - INFO - Updating symbol stats - FAST
2024-11-27 11:30:03,161 - utils_portfolio - INFO - Updating symbol stats - TSLA
2024-11-27 11:30:03,199 - utils_portfolio - INFO - Updating symbol stats - SQ
2024-11-27 11:30:03,259 - utils_portfolio - INFO - Updating symbol stats - ABBV
2024-11-27 11:30:03,295 - utils_portfolio - INFO - Updating symbol stats - IYR
2024-11-27 11:30:03,336 - utils_portfolio - INFO - Updating symbol stats - GM
2024-11-27 11:30:03,372 - utils_portfolio - INFO - Updating symbol stats - CRWD
2024-11-27 11:30:03,408 - utils_portfolio - INFO - Updating symbol stats - SPXL
2024-11-27 11:30:03,442 - utils_portfolio - INFO - Updating symbol stats - SCHD
2024-11-27 11:30:03,478 - utils_portfolio - INFO - Updating symbol stats - MP
2024-11-27 11:30:03,516 - utils_portfolio - INFO - Updating symbol stats - GOOGL
2024-11-27 11:30:03,551 - utils_portfolio - INFO - Updating symbol stats - MSTR
2024-11-27 11:30:03,584 - utils_portfolio - INFO - Updating symbol stats - SHOP
2024-11-27 11:30:03,618 - utils_portfolio - INFO - Updating symbol stats - TSLL
2024-11-27 11:30:03,652 - utils_portfolio - INFO - Updating symbol stats - PLTR
2024-11-27 11:30:03,685 - utils_portfolio - INFO - Updating symbol stats - VRT
2024-11-27 11:30:03,717 - utils_portfolio - INFO - Updating symbol stats - AMD
2024-11-27 11:30:03,750 - utils_portfolio - INFO - Updating symbol stats - GBTC
2024-11-27 11:30:03,783 - utils_portfolio - INFO - Updating symbol stats - SLV
2024-11-27 11:30:03,816 - utils_portfolio - INFO - Updating symbol stats - AMZN
2024-11-27 11:30:03,850 - utils_portfolio - INFO - Updating symbol stats - NVDA
2024-11-27 11:30:03,883 - utils_portfolio - INFO - Updating symbol stats - XLI
2024-11-27 11:30:03,917 - utils_portfolio - INFO - Updating symbol stats - BA
2024-11-27 11:30:03,950 - utils_portfolio - INFO - Updating symbol stats - AVGO
2024-11-27 11:30:03,983 - utils_portfolio - INFO - Updating symbol stats - DELL
2024-11-27 11:30:04,016 - utils_portfolio - INFO - Updating symbol stats - RIOT
2024-11-27 11:30:04,053 - utils_portfolio - INFO - Updating symbol stats - WDC
2024-11-27 11:30:04,098 - utils_portfolio - INFO - Updating symbol stats - AAL
2024-11-27 11:30:04,133 - utils_portfolio - INFO - Updating symbol stats - PDD
2024-11-27 11:30:04,169 - utils_portfolio - INFO - Updating state of strategies
2024-11-27 11:30:04,170 - utils_portfolio - INFO - Calculating closed trades stats
2024-11-27 11:30:04,170 - utils_portfolio - INFO - Processing symbol - PLTR
2024-11-27 11:30:04,657 - utils_portfolio - INFO - Processing symbol - BTC/USD
2024-11-27 11:30:04,865 - utils_portfolio - INFO - Processing symbol - AAL
2024-11-27 11:30:05,065 - utils_portfolio - INFO - Processing symbol - VRT
2024-11-27 11:30:05,277 - utils_portfolio - INFO - Processing symbol - GBTC
2024-11-27 11:30:05,481 - utils_portfolio - INFO - Processing symbol - DELL
2024-11-27 11:30:05,685 - utils_portfolio - INFO - Processing symbol - GM
2024-11-27 11:30:05,888 - utils_portfolio - INFO - Processing symbol - IYR
2024-11-27 11:30:06,091 - utils_portfolio - INFO - Processing symbol - DKNG
2024-11-27 11:30:06,300 - utils_portfolio - INFO - Processing symbol - EBAY
2024-11-27 11:30:06,501 - utils_portfolio - INFO - Processing symbol - CRWD
2024-11-27 11:30:06,680 - utils_portfolio - INFO - Processing symbol - AAPL
2024-11-27 11:30:06,911 - utils_portfolio - INFO - Processing symbol - GOOGL
2024-11-27 11:30:07,117 - utils_portfolio - INFO - Processing symbol - META
2024-11-27 11:30:07,324 - utils_portfolio - INFO - Processing symbol - MRVL
2024-11-27 11:30:07,528 - utils_portfolio - INFO - Processing symbol - MSTR
2024-11-27 11:30:07,681 - utils_portfolio - INFO - Processing symbol - SCHD
2024-11-27 11:30:07,937 - utils_portfolio - INFO - Processing symbol - BITO
2024-11-27 11:30:08,142 - utils_portfolio - INFO - Processing symbol - AVGO
2024-11-27 11:30:08,334 - utils_portfolio - INFO - Processing symbol - SOUN
2024-11-27 11:30:08,485 - utils_portfolio - INFO - Processing symbol - TSLA
2024-11-27 11:30:08,650 - utils_portfolio - INFO - Processing symbol - NVDA
2024-11-27 11:30:08,856 - utils_portfolio - INFO - Processing symbol - AMD
2024-11-27 11:30:09,007 - utils_portfolio - INFO - Processing symbol - QQQ
2024-11-27 11:30:09,268 - utils_portfolio - INFO - Processing symbol - AMZN
2024-11-27 11:30:09,465 - utils_portfolio - INFO - Processing symbol - TQQQ
2024-11-27 11:30:09,680 - utils_portfolio - INFO - Processing symbol - VOO
2024-11-27 11:30:09,884 - utils_portfolio - INFO - Processing symbol - BABA
2024-11-27 11:30:10,085 - utils_portfolio - INFO - Processing symbol - BA
2024-11-27 11:30:10,282 - utils_portfolio - INFO - Processing symbol - XLI
2024-11-27 11:30:10,495 - utils_portfolio - INFO - Processing symbol - RIOT
2024-11-27 11:30:10,699 - utils_portfolio - INFO - Processing symbol - NEE
2024-11-27 11:30:10,904 - utils_portfolio - INFO - Processing symbol - SLV
2024-11-27 11:30:11,109 - utils_portfolio - INFO - Processing symbol - SHOP
2024-11-27 11:30:11,317 - utils_portfolio - INFO - Processing symbol - FAST
2024-11-27 11:30:11,518 - utils_portfolio - INFO - Processing symbol - SPXL
2024-11-27 11:30:11,703 - utils_portfolio - INFO - Processing symbol - VALE
2024-11-27 11:30:11,929 - utils_portfolio - INFO - Processing symbol - SNAP
2024-11-27 11:30:12,132 - utils_portfolio - INFO - Processing symbol - WDC
2024-11-27 11:30:12,341 - utils_portfolio - INFO - Processing symbol - MO
2024-11-27 11:30:12,543 - utils_portfolio - INFO - Processing symbol - PM
2024-11-27 11:30:12,746 - utils_portfolio - INFO - Processing symbol - SQ
2024-11-27 11:30:12,929 - utils_portfolio - INFO - Processing symbol - PDD
2024-11-27 11:30:13,160 - utils_portfolio - INFO - Processing symbol - ABBV
2024-11-27 11:30:13,357 - utils_portfolio - INFO - Processing symbol - ON
2024-11-27 11:30:13,569 - utils_portfolio - INFO - Processing symbol - UPRO
2024-11-27 11:30:13,774 - utils_portfolio - INFO - Processing symbol - TSLL
2024-11-27 11:30:13,978 - utils_portfolio - INFO - Processing symbol - PBR
2024-11-27 11:30:14,184 - utils_portfolio - INFO - Processing symbol - MP
2024-11-27 11:30:14,368 - utils_portfolio - INFO - Processing symbol - U
2024-11-27 11:30:14,594 - utils_portfolio - INFO - Calculating open trades stats
2024-11-27 11:30:14,595 - utils_portfolio - INFO - Processing symbol - PLTR
2024-11-27 11:30:15,070 - utils_portfolio - INFO - Processing symbol - BTC/USD
2024-11-27 11:30:15,273 - utils_portfolio - INFO - Processing symbol - AAL
2024-11-27 11:30:15,479 - utils_portfolio - INFO - Processing symbol - VRT
2024-11-27 11:30:15,683 - utils_portfolio - INFO - Processing symbol - GBTC
2024-11-27 11:30:15,889 - utils_portfolio - INFO - Processing symbol - DELL
2024-11-27 11:30:16,314 - utils_portfolio - INFO - Processing symbol - GM
2024-11-27 11:30:16,722 - utils_portfolio - INFO - Processing symbol - IYR
2024-11-27 11:30:16,913 - utils_portfolio - INFO - Processing symbol - DKNG
2024-11-27 11:30:17,118 - utils_portfolio - INFO - Processing symbol - EBAY
2024-11-27 11:30:17,322 - utils_portfolio - INFO - Processing symbol - CRWD
2024-11-27 11:30:17,745 - utils_portfolio - INFO - Processing symbol - AAPL
2024-11-27 11:30:18,155 - utils_portfolio - INFO - Processing symbol - GOOGL
2024-11-27 11:30:18,346 - utils_portfolio - INFO - Processing symbol - META
2024-11-27 11:30:18,550 - utils_portfolio - INFO - Processing symbol - MRVL
2024-11-27 11:30:18,977 - utils_portfolio - INFO - Processing symbol - MSTR
2024-11-27 11:30:19,167 - utils_portfolio - INFO - Processing symbol - SCHD
2024-11-27 11:30:19,590 - utils_portfolio - INFO - Processing symbol - BITO
2024-11-27 11:30:19,780 - utils_portfolio - INFO - Processing symbol - AVGO
2024-11-27 11:30:19,985 - utils_portfolio - INFO - Processing symbol - SOUN
2024-11-27 11:30:20,405 - utils_portfolio - INFO - Processing symbol - TSLA
2024-11-27 11:30:20,599 - utils_portfolio - INFO - Processing symbol - NVDA
2024-11-27 11:30:20,804 - utils_portfolio - INFO - Processing symbol - AMD
2024-11-27 11:30:21,127 - utils_portfolio - INFO - Processing symbol - QQQ
2024-11-27 11:30:21,533 - utils_portfolio - INFO - Processing symbol - AMZN
2024-11-27 11:30:21,724 - utils_portfolio - INFO - Processing symbol - TQQQ
2024-11-27 11:30:21,837 - utils_portfolio - INFO - Processing symbol - VOO
2024-11-27 11:30:22,252 - utils_portfolio - INFO - Processing symbol - BABA
2024-11-27 11:30:22,545 - utils_portfolio - INFO - Processing symbol - BA
2024-11-27 11:30:22,969 - utils_portfolio - INFO - Processing symbol - XLI
2024-11-27 11:30:23,320 - utils_portfolio - INFO - Processing symbol - RIOT
2024-11-27 11:30:23,687 - utils_portfolio - INFO - Processing symbol - NEE
2024-11-27 11:30:23,876 - utils_portfolio - INFO - Processing symbol - SLV
2024-11-27 11:30:24,299 - utils_portfolio - INFO - Processing symbol - SHOP
2024-11-27 11:30:24,710 - utils_portfolio - INFO - Processing symbol - FAST
2024-11-27 11:30:25,118 - utils_portfolio - INFO - Processing symbol - SPXL
2024-11-27 11:30:25,528 - utils_portfolio - INFO - Processing symbol - VALE
2024-11-27 11:30:25,719 - utils_portfolio - INFO - Processing symbol - SNAP
2024-11-27 11:30:25,924 - utils_portfolio - INFO - Processing symbol - WDC
2024-11-27 11:30:26,348 - utils_portfolio - INFO - Processing symbol - MO
2024-11-27 11:30:26,758 - utils_portfolio - INFO - Processing symbol - PM
2024-11-27 11:30:26,947 - utils_portfolio - INFO - Processing symbol - SQ
2024-11-27 11:30:27,152 - utils_portfolio - INFO - Processing symbol - PDD
2024-11-27 11:30:27,356 - utils_portfolio - INFO - Processing symbol - ABBV
2024-11-27 11:30:27,781 - utils_portfolio - INFO - Processing symbol - ON
2024-11-27 11:30:28,088 - utils_portfolio - INFO - Processing symbol - UPRO
2024-11-27 11:30:28,404 - utils_portfolio - INFO - Processing symbol - TSLL
2024-11-27 11:30:28,806 - utils_portfolio - INFO - Processing symbol - PBR
2024-11-27 11:30:29,220 - utils_portfolio - INFO - Processing symbol - MP
2024-11-27 11:30:29,623 - utils_portfolio - INFO - Processing symbol - U
2024-11-27 11:30:30,109 - root - INFO - XXXXXXXXXXXXXXXXXXXX --- Everything DONE --- XXXXXXXXXXXXXXXXXXXX
