2024-08-03 11:56:56,391 - root - INFO - Logger is setup
2024-08-03 11:56:56,436 - utils_portfolio - INFO - Updating whole portfolio state
2024-08-03 11:56:58,121 - utils_portfolio - INFO - Calculating open trades stats
2024-08-03 11:56:58,121 - utils_portfolio - INFO - Processing symbol - PLTR
2024-08-03 11:56:58,938 - utils_portfolio - INFO - Processing symbol - BTC/USD
2024-08-03 11:56:59,245 - utils_portfolio - INFO - Processing symbol - AAL
2024-08-03 11:56:59,449 - utils_portfolio - INFO - Processing symbol - VRT
2024-08-03 11:56:59,654 - utils_portfolio - INFO - Processing symbol - GBTC
2024-08-03 11:56:59,962 - utils_portfolio - INFO - Processing symbol - DELL
2024-08-03 11:57:00,166 - utils_portfolio - INFO - Processing symbol - GM
2024-08-03 11:57:00,473 - utils_portfolio - INFO - Processing symbol - IYR
2024-08-03 11:57:00,992 - utils_portfolio - INFO - Processing symbol - DKNG
2024-08-03 11:57:01,293 - utils_portfolio - INFO - Processing symbol - EBAY
2024-08-03 11:57:01,811 - utils_portfolio - INFO - Processing symbol - CRWD
2024-08-03 11:57:02,008 - utils_portfolio - INFO - Processing symbol - AAPL
2024-08-03 11:57:02,214 - utils_portfolio - INFO - Processing symbol - GOOGL
2024-08-03 11:57:02,386 - utils_portfolio - INFO - Processing symbol - META
2024-08-03 11:57:02,946 - utils_portfolio - INFO - Processing symbol - MRVL
2024-08-03 11:57:03,298 - utils_portfolio - INFO - Processing symbol - MSTR
2024-08-03 11:57:03,443 - utils_portfolio - INFO - Processing symbol - SCHD
2024-08-03 11:57:03,858 - utils_portfolio - INFO - Processing symbol - BITO
2024-08-03 11:57:04,057 - utils_portfolio - INFO - Processing symbol - AVGO
2024-08-03 11:57:04,482 - utils_portfolio - INFO - Processing symbol - SOUN
2024-08-03 11:57:04,672 - utils_portfolio - INFO - Processing symbol - TSLA
2024-08-03 11:57:04,878 - utils_portfolio - INFO - Processing symbol - NVDA
2024-08-03 11:57:05,299 - utils_portfolio - INFO - Processing symbol - AMD
2024-08-03 11:57:05,492 - utils_portfolio - INFO - Processing symbol - QQQ
2024-08-03 11:57:05,694 - utils_portfolio - INFO - Processing symbol - AMZN
2024-08-03 11:57:06,044 - utils_portfolio - INFO - Processing symbol - TQQQ
2024-08-03 11:57:06,207 - utils_portfolio - INFO - Processing symbol - VOO
2024-08-03 11:57:06,412 - utils_portfolio - INFO - Processing symbol - BABA
2024-08-03 11:57:06,828 - utils_portfolio - INFO - Processing symbol - BA
2024-08-03 11:57:07,245 - utils_portfolio - INFO - Processing symbol - XLI
2024-08-03 11:57:07,435 - utils_portfolio - INFO - Processing symbol - RIOT
2024-08-03 11:57:07,608 - utils_portfolio - INFO - Processing symbol - NEE
2024-08-03 11:57:08,056 - utils_portfolio - INFO - Processing symbol - SLV
2024-08-03 11:57:08,255 - utils_portfolio - INFO - Processing symbol - SHOP
2024-08-03 11:57:08,461 - utils_portfolio - INFO - Processing symbol - FAST
2024-08-03 11:57:08,872 - utils_portfolio - INFO - Processing symbol - SPXL
2024-08-03 11:57:09,075 - utils_portfolio - INFO - Processing symbol - VALE
2024-08-03 11:57:09,280 - utils_portfolio - INFO - Processing symbol - SNAP
2024-08-03 11:57:09,484 - utils_portfolio - INFO - Processing symbol - WDC
2024-08-03 11:57:09,689 - utils_portfolio - INFO - Processing symbol - MO
2024-08-03 11:57:09,823 - utils_portfolio - INFO - Processing symbol - PM
2024-08-03 11:57:10,226 - utils_portfolio - INFO - Processing symbol - SQ
2024-08-03 11:57:10,409 - utils_portfolio - INFO - Processing symbol - PDD
2024-08-03 11:57:10,611 - utils_portfolio - INFO - Processing symbol - ABBV
2024-08-03 11:57:11,025 - utils_portfolio - INFO - Processing symbol - ON
2024-08-03 11:57:11,443 - utils_portfolio - INFO - Processing symbol - UPRO
2024-08-03 11:57:11,840 - utils_portfolio - INFO - Processing symbol - TSLL
2024-08-03 11:57:12,034 - utils_portfolio - INFO - Processing symbol - PBR
2024-08-03 11:57:12,250 - utils_portfolio - INFO - Processing symbol - MP
2024-08-03 11:57:12,454 - utils_portfolio - INFO - Processing symbol - U
2024-08-03 11:57:12,683 - utils_portfolio - INFO - Calculating closed trades stats
2024-08-03 11:57:12,685 - utils_portfolio - INFO - Processing symbol - PLTR
2024-08-03 11:57:13,283 - utils_portfolio - INFO - Processing symbol - BTC/USD
2024-08-03 11:57:13,605 - utils_portfolio - INFO - Processing symbol - AAL
2024-08-03 11:57:13,817 - utils_portfolio - INFO - Processing symbol - VRT
2024-08-03 11:57:13,979 - utils_portfolio - INFO - Processing symbol - GBTC
2024-08-03 11:57:14,206 - utils_portfolio - INFO - Processing symbol - DELL
2024-08-03 11:57:14,434 - utils_portfolio - INFO - Processing symbol - GM
2024-08-03 11:57:14,638 - utils_portfolio - INFO - Processing symbol - IYR
2024-08-03 11:57:14,840 - utils_portfolio - INFO - Processing symbol - DKNG
2024-08-03 11:57:15,048 - utils_portfolio - INFO - Processing symbol - EBAY
2024-08-03 11:57:15,246 - utils_portfolio - INFO - Processing symbol - CRWD
2024-08-03 11:57:15,456 - utils_portfolio - INFO - Processing symbol - AAPL
2024-08-03 11:57:15,661 - utils_portfolio - INFO - Processing symbol - GOOGL
2024-08-03 11:57:15,802 - utils_portfolio - INFO - Processing symbol - META
2024-08-03 11:57:16,086 - utils_portfolio - INFO - Processing symbol - MRVL
2024-08-03 11:57:16,275 - utils_portfolio - INFO - Processing symbol - MSTR
2024-08-03 11:57:16,478 - utils_portfolio - INFO - Processing symbol - SCHD
2024-08-03 11:57:16,696 - utils_portfolio - INFO - Processing symbol - BITO
2024-08-03 11:57:16,873 - utils_portfolio - INFO - Processing symbol - AVGO
2024-08-03 11:57:17,177 - utils_portfolio - INFO - Processing symbol - SOUN
2024-08-03 11:57:17,378 - utils_portfolio - INFO - Processing symbol - TSLA
2024-08-03 11:57:17,569 - utils_portfolio - INFO - Processing symbol - NVDA
2024-08-03 11:57:18,017 - utils_portfolio - INFO - Processing symbol - AMD
2024-08-03 11:57:18,191 - utils_portfolio - INFO - Processing symbol - QQQ
2024-08-03 11:57:18,355 - utils_portfolio - INFO - Processing symbol - AMZN
2024-08-03 11:57:18,677 - utils_portfolio - INFO - Processing symbol - TQQQ
2024-08-03 11:57:18,913 - utils_portfolio - INFO - Processing symbol - VOO
2024-08-03 11:57:19,118 - utils_portfolio - INFO - Processing symbol - BABA
2024-08-03 11:57:19,293 - utils_portfolio - INFO - Processing symbol - BA
2024-08-03 11:57:19,480 - utils_portfolio - INFO - Processing symbol - XLI
2024-08-03 11:57:19,667 - utils_portfolio - INFO - Processing symbol - RIOT
2024-08-03 11:57:20,118 - utils_portfolio - INFO - Processing symbol - NEE
2024-08-03 11:57:20,383 - utils_portfolio - INFO - Processing symbol - SLV
2024-08-03 11:57:20,680 - utils_portfolio - INFO - Processing symbol - SHOP
2024-08-03 11:57:20,992 - utils_portfolio - INFO - Processing symbol - FAST
2024-08-03 11:57:21,295 - utils_portfolio - INFO - Processing symbol - SPXL
2024-08-03 11:57:21,578 - utils_portfolio - INFO - Processing symbol - VALE
2024-08-03 11:57:21,903 - utils_portfolio - INFO - Processing symbol - SNAP
2024-08-03 11:57:22,093 - utils_portfolio - INFO - Processing symbol - WDC
2024-08-03 11:57:22,522 - utils_portfolio - INFO - Processing symbol - MO
2024-08-03 11:57:22,845 - utils_portfolio - INFO - Processing symbol - PM
2024-08-03 11:57:23,138 - utils_portfolio - INFO - Processing symbol - SQ
2024-08-03 11:57:23,326 - utils_portfolio - INFO - Processing symbol - PDD
2024-08-03 11:57:23,662 - utils_portfolio - INFO - Processing symbol - ABBV
2024-08-03 11:57:23,942 - utils_portfolio - INFO - Processing symbol - ON
2024-08-03 11:57:24,132 - utils_portfolio - INFO - Processing symbol - UPRO
2024-08-03 11:57:24,470 - utils_portfolio - INFO - Processing symbol - TSLL
2024-08-03 11:57:24,778 - utils_portfolio - INFO - Processing symbol - PBR
2024-08-03 11:57:25,184 - utils_portfolio - INFO - Processing symbol - MP
2024-08-03 11:57:25,415 - utils_portfolio - INFO - Processing symbol - U
2024-08-03 11:57:25,934 - utils_portfolio - INFO - Updating info of portfolio - p1
2024-08-03 11:57:26,007 - utils_portfolio - INFO - Calculating symbols weights
2024-08-03 11:57:26,008 - root - INFO - Portfolio p1 symbols weights - {'PLTR': 0.09090909090909091, 'BTC/USD': 0.09090909090909091, 'AAL': 0.09090909090909091, 'VRT': 0.09090909090909091, 'GBTC': 0.09090909090909091, 'DELL': 0.09090909090909091, 'GM': 0.09090909090909091, 'IYR': 0.09090909090909091, 'DKNG': 0.09090909090909091, 'EBAY': 0.09090909090909091, 'CRWD': 0.09090909090909091}
2024-08-03 11:57:26,008 - utils_strategy - INFO - PLTR - downloading data from alpaca
2024-08-03 11:57:27,245 - utils_portfolio - INFO - Checking if we have correct date
2024-08-03 11:57:27,245 - utils_strategy - INFO - BTC/USD - downloading data from alpaca
2024-08-03 11:57:28,734 - utils_portfolio - INFO - Checking if we have correct date
2024-08-03 11:57:28,734 - utils_portfolio - INFO - BTC/USD - running symbols strategy to get entries and exits
2024-08-03 11:57:28,754 - utils_portfolio - INFO - Evaluating symbol if to open, close, or no change
2024-08-03 11:57:33,675 - utils_strategy - INFO - AAL - downloading data from alpaca
2024-08-03 11:57:35,234 - utils_portfolio - INFO - Checking if we have correct date
2024-08-03 11:57:35,234 - utils_strategy - INFO - VRT - downloading data from alpaca
2024-08-03 11:57:36,342 - utils_portfolio - INFO - Checking if we have correct date
2024-08-03 11:57:36,342 - utils_strategy - INFO - GBTC - downloading data from alpaca
2024-08-03 11:57:36,952 - utils_portfolio - INFO - Checking if we have correct date
2024-08-03 11:57:36,952 - utils_strategy - INFO - DELL - downloading data from alpaca
2024-08-03 11:57:38,079 - utils_portfolio - INFO - Checking if we have correct date
2024-08-03 11:57:38,079 - utils_strategy - INFO - GM - downloading data from alpaca
2024-08-03 11:57:39,867 - utils_portfolio - INFO - Checking if we have correct date
2024-08-03 11:57:39,868 - utils_strategy - INFO - IYR - downloading data from alpaca
2024-08-03 11:57:41,334 - utils_portfolio - INFO - Checking if we have correct date
2024-08-03 11:57:41,334 - utils_strategy - INFO - DKNG - downloading data from alpaca
2024-08-03 11:57:42,515 - utils_portfolio - INFO - Checking if we have correct date
2024-08-03 11:57:42,515 - utils_strategy - INFO - EBAY - downloading data from alpaca
2024-08-03 11:57:44,063 - utils_portfolio - INFO - Checking if we have correct date
2024-08-03 11:57:44,063 - utils_strategy - INFO - CRWD - downloading data from alpaca
2024-08-03 11:57:45,281 - utils_portfolio - INFO - Checking if we have correct date
2024-08-03 11:57:45,281 - root - INFO - Portfolio p1 symbols actions - {'BTCUSD': 'no_change'}
2024-08-03 11:57:45,281 - utils_portfolio - INFO - Submitting orders to close existing positions
2024-08-03 11:57:45,282 - utils_portfolio - INFO - Updating state of portfolio - p1
2024-08-03 11:57:45,282 - utils_portfolio - INFO - Calculating closed trades stats
2024-08-03 11:57:45,282 - utils_portfolio - INFO - Processing symbol - PLTR
2024-08-03 11:57:45,996 - utils_portfolio - INFO - Processing symbol - BTC/USD
2024-08-03 11:57:46,178 - utils_portfolio - INFO - Processing symbol - AAL
2024-08-03 11:57:46,379 - utils_portfolio - INFO - Processing symbol - VRT
2024-08-03 11:57:46,587 - utils_portfolio - INFO - Processing symbol - GBTC
2024-08-03 11:57:46,807 - utils_portfolio - INFO - Processing symbol - DELL
2024-08-03 11:57:47,003 - utils_portfolio - INFO - Processing symbol - GM
2024-08-03 11:57:47,198 - utils_portfolio - INFO - Processing symbol - IYR
2024-08-03 11:57:47,383 - utils_portfolio - INFO - Processing symbol - DKNG
2024-08-03 11:57:47,544 - utils_portfolio - INFO - Processing symbol - EBAY
2024-08-03 11:57:47,718 - utils_portfolio - INFO - Processing symbol - CRWD
2024-08-03 11:57:47,873 - utils_portfolio - INFO - Calculating open trades stats
2024-08-03 11:57:47,873 - utils_portfolio - INFO - Processing symbol - PLTR
2024-08-03 11:57:48,398 - utils_portfolio - INFO - Processing symbol - BTC/USD
2024-08-03 11:57:48,702 - utils_portfolio - INFO - Processing symbol - AAL
2024-08-03 11:57:48,907 - utils_portfolio - INFO - Processing symbol - VRT
2024-08-03 11:57:49,113 - utils_portfolio - INFO - Processing symbol - GBTC
2024-08-03 11:57:49,318 - utils_portfolio - INFO - Processing symbol - DELL
2024-08-03 11:57:49,523 - utils_portfolio - INFO - Processing symbol - GM
2024-08-03 11:57:49,654 - utils_portfolio - INFO - Processing symbol - IYR
2024-08-03 11:57:50,041 - utils_portfolio - INFO - Processing symbol - DKNG
2024-08-03 11:57:50,239 - utils_portfolio - INFO - Processing symbol - EBAY
2024-08-03 11:57:50,656 - utils_portfolio - INFO - Processing symbol - CRWD
2024-08-03 11:57:50,927 - utils_portfolio - INFO - Portfolio p1 - calculating position sizes
2024-08-03 11:57:50,961 - root - INFO - Portfolio p1 position sizes - symbol
PLTR      393.37
BTCUSD    393.37
AAL       393.37
VRT       393.37
GBTC      393.37
DELL      393.37
GM        393.37
IYR       445.68
DKNG      393.37
EBAY      445.68
CRWD      393.37
Name: position, dtype: float64
2024-08-03 11:57:50,961 - utils_portfolio - INFO - Submitting orders to open positions
2024-08-03 11:57:50,962 - root - INFO - XXXXXXXXXXXXXXXXXXXX --- Portfolio p1 - DONE --- XXXXXXXXXXXXXXXXXXXX
2024-08-03 11:57:50,962 - utils_portfolio - INFO - Updating info of portfolio - p2
2024-08-03 11:57:51,027 - utils_portfolio - INFO - Calculating symbols weights
2024-08-03 11:57:51,027 - utils_portfolio - INFO - Calculating closed trades count
2024-08-03 11:57:53,391 - root - INFO - Portfolio p2 symbols weights - {'AAPL': 0.1111111111111111, 'GOOGL': 0.1111111111111111, 'META': 0.1111111111111111, 'MRVL': 0.1111111111111111, 'MSTR': 0.1111111111111111, 'SCHD': 0.1111111111111111, 'BITO': 0.1111111111111111, 'AVGO': 0.1111111111111111, 'SOUN': 0.1111111111111111}
2024-08-03 11:57:53,393 - utils_strategy - INFO - AAPL - downloading data from yfinance
2024-08-03 11:57:54,634 - utils_portfolio - INFO - Checking if we have correct date
2024-08-03 11:57:54,634 - utils_strategy - INFO - GOOGL - downloading data from yfinance
2024-08-03 11:57:55,003 - utils_portfolio - INFO - Checking if we have correct date
2024-08-03 11:57:55,003 - utils_strategy - INFO - META - downloading data from yfinance
2024-08-03 11:57:55,189 - utils_portfolio - INFO - Checking if we have correct date
2024-08-03 11:57:55,189 - utils_strategy - INFO - MRVL - downloading data from yfinance
2024-08-03 11:57:55,510 - utils_portfolio - INFO - Checking if we have correct date
2024-08-03 11:57:55,510 - utils_strategy - INFO - MSTR - downloading data from yfinance
2024-08-03 11:57:55,847 - utils_portfolio - INFO - Checking if we have correct date
2024-08-03 11:57:55,847 - utils_strategy - INFO - SCHD - downloading data from yfinance
2024-08-03 11:57:56,090 - utils_portfolio - INFO - Checking if we have correct date
2024-08-03 11:57:56,090 - utils_strategy - INFO - BITO - downloading data from yfinance
2024-08-03 11:57:56,265 - utils_portfolio - INFO - Checking if we have correct date
2024-08-03 11:57:56,265 - utils_strategy - INFO - AVGO - downloading data from yfinance
2024-08-03 11:57:56,508 - utils_portfolio - INFO - Checking if we have correct date
2024-08-03 11:57:56,508 - utils_strategy - INFO - SOUN - downloading data from yfinance
2024-08-03 11:57:56,623 - utils_portfolio - INFO - Checking if we have correct date
2024-08-03 11:57:56,624 - root - INFO - Portfolio p2 symbols actions - {}
2024-08-03 11:57:56,624 - utils_portfolio - INFO - Submitting orders to close existing positions
2024-08-03 11:57:56,624 - utils_portfolio - INFO - Updating state of portfolio - p2
2024-08-03 11:57:56,624 - utils_portfolio - INFO - Calculating closed trades stats
2024-08-03 11:57:56,625 - utils_portfolio - INFO - Processing symbol - AAPL
2024-08-03 11:57:57,236 - utils_portfolio - INFO - Processing symbol - GOOGL
2024-08-03 11:57:57,418 - utils_portfolio - INFO - Processing symbol - META
2024-08-03 11:57:57,643 - utils_portfolio - INFO - Processing symbol - MRVL
2024-08-03 11:57:57,850 - utils_portfolio - INFO - Processing symbol - MSTR
2024-08-03 11:57:58,037 - utils_portfolio - INFO - Processing symbol - SCHD
2024-08-03 11:57:58,205 - utils_portfolio - INFO - Processing symbol - BITO
2024-08-03 11:57:58,383 - utils_portfolio - INFO - Processing symbol - AVGO
2024-08-03 11:57:58,668 - utils_portfolio - INFO - Processing symbol - SOUN
2024-08-03 11:57:58,829 - utils_portfolio - INFO - Calculating open trades stats
2024-08-03 11:57:58,830 - utils_portfolio - INFO - Processing symbol - AAPL
2024-08-03 11:57:59,317 - utils_portfolio - INFO - Processing symbol - GOOGL
2024-08-03 11:57:59,558 - utils_portfolio - INFO - Processing symbol - META
2024-08-03 11:57:59,975 - utils_portfolio - INFO - Processing symbol - MRVL
2024-08-03 11:58:00,390 - utils_portfolio - INFO - Processing symbol - MSTR
2024-08-03 11:58:00,583 - utils_portfolio - INFO - Processing symbol - SCHD
2024-08-03 11:58:00,928 - utils_portfolio - INFO - Processing symbol - BITO
2024-08-03 11:58:01,127 - utils_portfolio - INFO - Processing symbol - AVGO
2024-08-03 11:58:01,511 - utils_portfolio - INFO - Processing symbol - SOUN
2024-08-03 11:58:01,753 - utils_portfolio - INFO - Portfolio p2 - calculating position sizes
2024-08-03 11:58:01,770 - root - INFO - Portfolio p2 position sizes - symbol
AAPL     559.59
GOOGL    559.59
META     559.59
MRVL     559.59
MSTR     559.59
SCHD     559.59
BITO     559.59
AVGO     559.59
SOUN     559.59
Name: position, dtype: float64
2024-08-03 11:58:01,771 - utils_portfolio - INFO - Submitting orders to open positions
2024-08-03 11:58:01,771 - root - INFO - XXXXXXXXXXXXXXXXXXXX --- Portfolio p2 - DONE --- XXXXXXXXXXXXXXXXXXXX
2024-08-03 11:58:01,771 - utils_portfolio - INFO - Updating info of portfolio - p3
2024-08-03 11:58:01,838 - utils_portfolio - INFO - Calculating symbols weights
2024-08-03 11:58:01,838 - root - INFO - Portfolio p3 symbols weights - {'TSLA': 0.1, 'NVDA': 0.1, 'AMD': 0.1, 'QQQ': 0.1, 'AMZN': 0.1, 'TQQQ': 0.1, 'VOO': 0.1, 'BABA': 0.1, 'BA': 0.1, 'XLI': 0.1}
2024-08-03 11:58:01,839 - utils_strategy - INFO - TSLA - downloading data from yfinance
2024-08-03 11:58:02,390 - utils_portfolio - INFO - Checking if we have correct date
2024-08-03 11:58:02,390 - utils_strategy - INFO - NVDA - downloading data from yfinance
2024-08-03 11:58:02,852 - utils_portfolio - INFO - Checking if we have correct date
2024-08-03 11:58:02,852 - utils_strategy - INFO - AMD - downloading data from yfinance
2024-08-03 11:58:03,130 - utils_portfolio - INFO - Checking if we have correct date
2024-08-03 11:58:03,130 - utils_strategy - INFO - QQQ - downloading data from yfinance
2024-08-03 11:58:03,928 - utils_portfolio - INFO - Checking if we have correct date
2024-08-03 11:58:03,928 - utils_strategy - INFO - AMZN - downloading data from yfinance
2024-08-03 11:58:04,325 - utils_portfolio - INFO - Checking if we have correct date
2024-08-03 11:58:04,325 - utils_strategy - INFO - TQQQ - downloading data from yfinance
2024-08-03 11:58:04,658 - utils_portfolio - INFO - Checking if we have correct date
2024-08-03 11:58:04,658 - utils_strategy - INFO - VOO - downloading data from yfinance
2024-08-03 11:58:04,969 - utils_portfolio - INFO - Checking if we have correct date
2024-08-03 11:58:04,970 - utils_strategy - INFO - BABA - downloading data from yfinance
2024-08-03 11:58:05,160 - utils_portfolio - INFO - Checking if we have correct date
2024-08-03 11:58:05,160 - utils_strategy - INFO - BA - downloading data from yfinance
2024-08-03 11:58:05,940 - utils_portfolio - INFO - Checking if we have correct date
2024-08-03 11:58:05,940 - utils_strategy - INFO - XLI - downloading data from yfinance
2024-08-03 11:58:06,403 - utils_portfolio - INFO - Checking if we have correct date
2024-08-03 11:58:06,403 - root - INFO - Portfolio p3 symbols actions - {}
2024-08-03 11:58:06,403 - utils_portfolio - INFO - Submitting orders to close existing positions
2024-08-03 11:58:06,403 - utils_portfolio - INFO - Updating state of portfolio - p3
2024-08-03 11:58:06,404 - utils_portfolio - INFO - Calculating closed trades stats
2024-08-03 11:58:06,404 - utils_portfolio - INFO - Processing symbol - TSLA
2024-08-03 11:58:07,046 - utils_portfolio - INFO - Processing symbol - NVDA
2024-08-03 11:58:07,371 - utils_portfolio - INFO - Processing symbol - AMD
2024-08-03 11:58:07,574 - utils_portfolio - INFO - Processing symbol - QQQ
2024-08-03 11:58:07,859 - utils_portfolio - INFO - Processing symbol - AMZN
2024-08-03 11:58:08,172 - utils_portfolio - INFO - Processing symbol - TQQQ
2024-08-03 11:58:08,391 - utils_portfolio - INFO - Processing symbol - VOO
2024-08-03 11:58:08,602 - utils_portfolio - INFO - Processing symbol - BABA
2024-08-03 11:58:08,805 - utils_portfolio - INFO - Processing symbol - BA
2024-08-03 11:58:09,012 - utils_portfolio - INFO - Processing symbol - XLI
2024-08-03 11:58:09,322 - utils_portfolio - INFO - Calculating open trades stats
2024-08-03 11:58:09,323 - utils_portfolio - INFO - Processing symbol - TSLA
2024-08-03 11:58:10,208 - utils_portfolio - INFO - Processing symbol - NVDA
2024-08-03 11:58:10,732 - utils_portfolio - INFO - Processing symbol - AMD
2024-08-03 11:58:10,956 - utils_portfolio - INFO - Processing symbol - QQQ
2024-08-03 11:58:11,232 - utils_portfolio - INFO - Processing symbol - AMZN
2024-08-03 11:58:11,782 - utils_portfolio - INFO - Processing symbol - TQQQ
2024-08-03 11:58:11,949 - utils_portfolio - INFO - Processing symbol - VOO
2024-08-03 11:58:12,100 - utils_portfolio - INFO - Processing symbol - BABA
2024-08-03 11:58:12,492 - utils_portfolio - INFO - Processing symbol - BA
2024-08-03 11:58:12,797 - utils_portfolio - INFO - Processing symbol - XLI
2024-08-03 11:58:12,994 - utils_portfolio - INFO - Portfolio p3 - calculating position sizes
2024-08-03 11:58:13,014 - root - INFO - Portfolio p3 position sizes - symbol
TSLA    448.29
NVDA    504.74
AMD     448.29
QQQ     448.29
AMZN    504.74
TQQQ    448.29
VOO     448.29
BABA    504.74
BA      504.74
XLI     448.29
Name: position, dtype: float64
2024-08-03 11:58:13,014 - utils_portfolio - INFO - Submitting orders to open positions
2024-08-03 11:58:13,015 - root - INFO - XXXXXXXXXXXXXXXXXXXX --- Portfolio p3 - DONE --- XXXXXXXXXXXXXXXXXXXX
2024-08-03 11:58:13,015 - utils_portfolio - INFO - Updating info of portfolio - p4
2024-08-03 11:58:13,151 - utils_portfolio - INFO - Calculating symbols weights
2024-08-03 11:58:13,151 - root - INFO - Portfolio p4 symbols weights - {'RIOT': 0.05, 'NEE': 0.05, 'SLV': 0.05, 'SHOP': 0.05, 'FAST': 0.05, 'SPXL': 0.05, 'VALE': 0.05, 'SNAP': 0.05, 'WDC': 0.05, 'MO': 0.05, 'PM': 0.05, 'SQ': 0.05, 'PDD': 0.05, 'ABBV': 0.05, 'ON': 0.05, 'UPRO': 0.05, 'TSLL': 0.05, 'PBR': 0.05, 'MP': 0.05, 'U': 0.05}
2024-08-03 11:58:13,152 - utils_strategy - INFO - RIOT - downloading data from yfinance
2024-08-03 11:58:13,365 - utils_portfolio - INFO - Checking if we have correct date
2024-08-03 11:58:13,365 - utils_strategy - INFO - NEE - downloading data from yfinance
2024-08-03 11:58:14,097 - utils_portfolio - INFO - Checking if we have correct date
2024-08-03 11:58:14,098 - utils_strategy - INFO - SLV - downloading data from yfinance
2024-08-03 11:58:14,368 - utils_portfolio - INFO - Checking if we have correct date
2024-08-03 11:58:14,368 - utils_strategy - INFO - SHOP - downloading data from yfinance
2024-08-03 11:58:14,589 - utils_portfolio - INFO - Checking if we have correct date
2024-08-03 11:58:14,589 - utils_strategy - INFO - FAST - downloading data from yfinance
2024-08-03 11:58:15,195 - utils_portfolio - INFO - Checking if we have correct date
2024-08-03 11:58:15,196 - utils_strategy - INFO - SPXL - downloading data from yfinance
2024-08-03 11:58:15,506 - utils_portfolio - INFO - Checking if we have correct date
2024-08-03 11:58:15,506 - utils_strategy - INFO - VALE - downloading data from yfinance
2024-08-03 11:58:15,847 - utils_portfolio - INFO - Checking if we have correct date
2024-08-03 11:58:15,847 - utils_strategy - INFO - SNAP - downloading data from yfinance
2024-08-03 11:58:16,000 - utils_portfolio - INFO - Checking if we have correct date
2024-08-03 11:58:16,000 - utils_strategy - INFO - WDC - downloading data from yfinance
2024-08-03 11:58:16,346 - utils_portfolio - INFO - Checking if we have correct date
2024-08-03 11:58:16,346 - utils_strategy - INFO - MO - downloading data from yfinance
2024-08-03 11:58:16,744 - utils_portfolio - INFO - Checking if we have correct date
2024-08-03 11:58:16,744 - utils_strategy - INFO - PM - downloading data from yfinance
2024-08-03 11:58:16,977 - utils_portfolio - INFO - Checking if we have correct date
2024-08-03 11:58:16,977 - utils_strategy - INFO - SQ - downloading data from yfinance
2024-08-03 11:58:17,192 - utils_portfolio - INFO - Checking if we have correct date
2024-08-03 11:58:17,193 - utils_strategy - INFO - PDD - downloading data from yfinance
2024-08-03 11:58:17,325 - utils_portfolio - INFO - Checking if we have correct date
2024-08-03 11:58:17,325 - utils_strategy - INFO - ABBV - downloading data from yfinance
2024-08-03 11:58:17,643 - utils_portfolio - INFO - Checking if we have correct date
2024-08-03 11:58:17,643 - utils_strategy - INFO - ON - downloading data from yfinance
2024-08-03 11:58:17,859 - utils_portfolio - INFO - Checking if we have correct date
2024-08-03 11:58:17,859 - utils_strategy - INFO - UPRO - downloading data from yfinance
2024-08-03 11:58:18,119 - utils_portfolio - INFO - Checking if we have correct date
2024-08-03 11:58:18,119 - utils_strategy - INFO - TSLL - downloading data from yfinance
2024-08-03 11:58:18,243 - utils_portfolio - INFO - Checking if we have correct date
2024-08-03 11:58:18,244 - utils_strategy - INFO - PBR - downloading data from yfinance
2024-08-03 11:58:18,603 - utils_portfolio - INFO - Checking if we have correct date
2024-08-03 11:58:18,603 - utils_strategy - INFO - MP - downloading data from yfinance
2024-08-03 11:58:18,747 - utils_portfolio - INFO - Checking if we have correct date
2024-08-03 11:58:18,747 - utils_strategy - INFO - U - downloading data from yfinance
2024-08-03 11:58:18,910 - utils_portfolio - INFO - Checking if we have correct date
2024-08-03 11:58:18,910 - root - INFO - Portfolio p4 symbols actions - {}
2024-08-03 11:58:18,910 - utils_portfolio - INFO - Submitting orders to close existing positions
2024-08-03 11:58:18,911 - utils_portfolio - INFO - Updating state of portfolio - p4
2024-08-03 11:58:18,911 - utils_portfolio - INFO - Calculating closed trades stats
2024-08-03 11:58:18,911 - utils_portfolio - INFO - Processing symbol - RIOT
2024-08-03 11:58:19,557 - utils_portfolio - INFO - Processing symbol - NEE
2024-08-03 11:58:19,763 - utils_portfolio - INFO - Processing symbol - SLV
2024-08-03 11:58:19,967 - utils_portfolio - INFO - Processing symbol - SHOP
2024-08-03 11:58:20,252 - utils_portfolio - INFO - Processing symbol - FAST
2024-08-03 11:58:20,482 - utils_portfolio - INFO - Processing symbol - SPXL
2024-08-03 11:58:20,672 - utils_portfolio - INFO - Processing symbol - VALE
2024-08-03 11:58:20,891 - utils_portfolio - INFO - Processing symbol - SNAP
2024-08-03 11:58:21,093 - utils_portfolio - INFO - Processing symbol - WDC
2024-08-03 11:58:21,301 - utils_portfolio - INFO - Processing symbol - MO
2024-08-03 11:58:21,503 - utils_portfolio - INFO - Processing symbol - PM
2024-08-03 11:58:21,692 - utils_portfolio - INFO - Processing symbol - SQ
2024-08-03 11:58:21,914 - utils_portfolio - INFO - Processing symbol - PDD
2024-08-03 11:58:22,119 - utils_portfolio - INFO - Processing symbol - ABBV
2024-08-03 11:58:22,426 - utils_portfolio - INFO - Processing symbol - ON
2024-08-03 11:58:22,631 - utils_portfolio - INFO - Processing symbol - UPRO
2024-08-03 11:58:22,835 - utils_portfolio - INFO - Processing symbol - TSLL
2024-08-03 11:58:23,041 - utils_portfolio - INFO - Processing symbol - PBR
2024-08-03 11:58:23,348 - utils_portfolio - INFO - Processing symbol - MP
2024-08-03 11:58:23,588 - utils_portfolio - INFO - Processing symbol - U
2024-08-03 11:58:23,864 - utils_portfolio - INFO - Calculating open trades stats
2024-08-03 11:58:23,864 - utils_portfolio - INFO - Processing symbol - RIOT
2024-08-03 11:58:24,545 - utils_portfolio - INFO - Processing symbol - NEE
2024-08-03 11:58:24,966 - utils_portfolio - INFO - Processing symbol - SLV
2024-08-03 11:58:25,159 - utils_portfolio - INFO - Processing symbol - SHOP
2024-08-03 11:58:25,363 - utils_portfolio - INFO - Processing symbol - FAST
2024-08-03 11:58:25,780 - utils_portfolio - INFO - Processing symbol - SPXL
2024-08-03 11:58:25,978 - utils_portfolio - INFO - Processing symbol - VALE
2024-08-03 11:58:26,183 - utils_portfolio - INFO - Processing symbol - SNAP
2024-08-03 11:58:26,387 - utils_portfolio - INFO - Processing symbol - WDC
2024-08-03 11:58:26,718 - utils_portfolio - INFO - Processing symbol - MO
2024-08-03 11:58:26,950 - utils_portfolio - INFO - Processing symbol - PM
2024-08-03 11:58:27,520 - utils_portfolio - INFO - Processing symbol - SQ
2024-08-03 11:58:27,728 - utils_portfolio - INFO - Processing symbol - PDD
2024-08-03 11:58:27,890 - utils_portfolio - INFO - Processing symbol - ABBV
2024-08-03 11:58:28,340 - utils_portfolio - INFO - Processing symbol - ON
2024-08-03 11:58:28,953 - utils_portfolio - INFO - Processing symbol - UPRO
2024-08-03 11:58:29,255 - utils_portfolio - INFO - Processing symbol - TSLL
2024-08-03 11:58:29,675 - utils_portfolio - INFO - Processing symbol - PBR
2024-08-03 11:58:29,886 - utils_portfolio - INFO - Processing symbol - MP
2024-08-03 11:58:30,036 - utils_portfolio - INFO - Processing symbol - U
2024-08-03 11:58:30,398 - utils_portfolio - INFO - Portfolio p4 - calculating position sizes
2024-08-03 11:58:30,420 - root - INFO - Portfolio p4 position sizes - symbol
RIOT    241.11
NEE     255.85
SLV     241.11
SHOP    241.11
FAST    255.85
SPXL    241.11
VALE    241.11
SNAP    241.11
WDC     241.11
MO      241.11
PM      255.85
SQ      241.11
PDD     241.11
ABBV    255.85
ON      255.85
UPRO    241.11
TSLL    241.11
PBR     241.11
MP      241.11
U       241.11
Name: position, dtype: float64
2024-08-03 11:58:30,420 - utils_portfolio - INFO - Submitting orders to open positions
2024-08-03 11:58:30,420 - root - INFO - XXXXXXXXXXXXXXXXXXXX --- Portfolio p4 - DONE --- XXXXXXXXXXXXXXXXXXXX
2024-08-03 11:58:30,420 - utils_portfolio - INFO - Updating state of symbols
2024-08-03 11:58:30,421 - utils_portfolio - INFO - Calculating closed trades stats
2024-08-03 11:58:30,421 - utils_portfolio - INFO - Processing symbol - SOUN
2024-08-03 11:58:31,110 - utils_portfolio - INFO - Processing symbol - TQQQ
2024-08-03 11:58:31,469 - utils_portfolio - INFO - Processing symbol - PLTR
2024-08-03 11:58:31,744 - utils_portfolio - INFO - Processing symbol - GM
2024-08-03 11:58:32,035 - utils_portfolio - INFO - Processing symbol - FAST
2024-08-03 11:58:32,217 - utils_portfolio - INFO - Processing symbol - AVGO
2024-08-03 11:58:32,439 - utils_portfolio - INFO - Processing symbol - NVDA
2024-08-03 11:58:32,638 - utils_portfolio - INFO - Processing symbol - TSLL
2024-08-03 11:58:33,024 - utils_portfolio - INFO - Processing symbol - BITO
2024-08-03 11:58:33,268 - utils_portfolio - INFO - Processing symbol - ON
2024-08-03 11:58:33,568 - utils_portfolio - INFO - Processing symbol - PM
2024-08-03 11:58:33,792 - utils_portfolio - INFO - Processing symbol - CRWD
2024-08-03 11:58:34,027 - utils_portfolio - INFO - Processing symbol - DELL
2024-08-03 11:58:34,307 - utils_portfolio - INFO - Processing symbol - EBAY
2024-08-03 11:58:34,528 - utils_portfolio - INFO - Processing symbol - MSTR
2024-08-03 11:58:34,714 - utils_portfolio - INFO - Processing symbol - MP
2024-08-03 11:58:34,941 - utils_portfolio - INFO - Processing symbol - QQQ
2024-08-03 11:58:35,228 - utils_portfolio - INFO - Processing symbol - PBR
2024-08-03 11:58:35,439 - utils_portfolio - INFO - Processing symbol - NEE
2024-08-03 11:58:35,738 - utils_portfolio - INFO - Processing symbol - BA
2024-08-03 11:58:35,927 - utils_portfolio - INFO - Processing symbol - DKNG
2024-08-03 11:58:36,151 - utils_portfolio - INFO - Processing symbol - BTC/USD
2024-08-03 11:58:36,433 - utils_portfolio - INFO - Processing symbol - MO
2024-08-03 11:58:36,659 - utils_portfolio - INFO - Processing symbol - SQ
2024-08-03 11:58:36,945 - utils_portfolio - INFO - Processing symbol - SPXL
2024-08-03 11:58:37,173 - utils_portfolio - INFO - Processing symbol - VRT
2024-08-03 11:58:37,340 - utils_portfolio - INFO - Processing symbol - META
2024-08-03 11:58:37,708 - utils_portfolio - INFO - Processing symbol - SCHD
2024-08-03 11:58:37,927 - utils_portfolio - INFO - Processing symbol - TSLA
2024-08-03 11:58:38,197 - utils_portfolio - INFO - Processing symbol - PDD
2024-08-03 11:58:38,403 - utils_portfolio - INFO - Processing symbol - ABBV
2024-08-03 11:58:38,722 - utils_portfolio - INFO - Processing symbol - WDC
2024-08-03 11:58:38,951 - utils_portfolio - INFO - Processing symbol - GOOGL
2024-08-03 11:58:39,225 - utils_portfolio - INFO - Processing symbol - VALE
2024-08-03 11:58:39,525 - utils_portfolio - INFO - Processing symbol - SNAP
2024-08-03 11:58:39,941 - utils_portfolio - INFO - Processing symbol - IYR
2024-08-03 11:58:40,244 - utils_portfolio - INFO - Processing symbol - UPRO
2024-08-03 11:58:40,551 - utils_portfolio - INFO - Processing symbol - AAPL
2024-08-03 11:58:40,858 - utils_portfolio - INFO - Processing symbol - GBTC
2024-08-03 11:58:41,064 - utils_portfolio - INFO - Processing symbol - RIOT
2024-08-03 11:58:41,268 - utils_portfolio - INFO - Processing symbol - MRVL
2024-08-03 11:58:41,577 - utils_portfolio - INFO - Processing symbol - SHOP
2024-08-03 11:58:41,780 - utils_portfolio - INFO - Processing symbol - VOO
2024-08-03 11:58:41,984 - utils_portfolio - INFO - Processing symbol - XLI
2024-08-03 11:58:42,190 - utils_portfolio - INFO - Processing symbol - BABA
2024-08-03 11:58:42,496 - utils_portfolio - INFO - Processing symbol - U
2024-08-03 11:58:42,783 - utils_portfolio - INFO - Processing symbol - AAL
2024-08-03 11:58:42,988 - utils_portfolio - INFO - Processing symbol - SLV
2024-08-03 11:58:43,272 - utils_portfolio - INFO - Processing symbol - AMD
2024-08-03 11:58:43,483 - utils_portfolio - INFO - Processing symbol - AMZN
2024-08-03 11:58:43,689 - utils_portfolio - INFO - Calculating open trades stats
2024-08-03 11:58:43,690 - utils_portfolio - INFO - Processing symbol - SOUN
2024-08-03 11:58:44,308 - utils_portfolio - INFO - Processing symbol - TQQQ
2024-08-03 11:58:44,512 - utils_portfolio - INFO - Processing symbol - PLTR
2024-08-03 11:58:44,717 - utils_portfolio - INFO - Processing symbol - GM
2024-08-03 11:58:44,922 - utils_portfolio - INFO - Processing symbol - FAST
2024-08-03 11:58:45,336 - utils_portfolio - INFO - Processing symbol - AVGO
2024-08-03 11:58:45,754 - utils_portfolio - INFO - Processing symbol - NVDA
2024-08-03 11:58:46,259 - utils_portfolio - INFO - Processing symbol - TSLL
2024-08-03 11:58:46,470 - utils_portfolio - INFO - Processing symbol - BITO
2024-08-03 11:58:46,663 - utils_portfolio - INFO - Processing symbol - ON
2024-08-03 11:58:47,097 - utils_portfolio - INFO - Processing symbol - PM
2024-08-03 11:58:47,465 - utils_portfolio - INFO - Processing symbol - CRWD
2024-08-03 11:58:47,687 - utils_portfolio - INFO - Processing symbol - DELL
2024-08-03 11:58:47,836 - utils_portfolio - INFO - Processing symbol - EBAY
2024-08-03 11:58:48,179 - utils_portfolio - INFO - Processing symbol - MSTR
2024-08-03 11:58:48,405 - utils_portfolio - INFO - Processing symbol - MP
2024-08-03 11:58:48,625 - utils_portfolio - INFO - Processing symbol - QQQ
2024-08-03 11:58:48,829 - utils_portfolio - INFO - Processing symbol - PBR
2024-08-03 11:58:49,018 - utils_portfolio - INFO - Processing symbol - NEE
2024-08-03 11:58:49,433 - utils_portfolio - INFO - Processing symbol - BA
2024-08-03 11:58:49,851 - utils_portfolio - INFO - Processing symbol - DKNG
2024-08-03 11:58:50,050 - utils_portfolio - INFO - Processing symbol - BTC/USD
2024-08-03 11:58:50,246 - utils_portfolio - INFO - Processing symbol - MO
2024-08-03 11:58:50,465 - utils_portfolio - INFO - Processing symbol - SQ
2024-08-03 11:58:50,655 - utils_portfolio - INFO - Processing symbol - SPXL
2024-08-03 11:58:50,861 - utils_portfolio - INFO - Processing symbol - VRT
2024-08-03 11:58:51,066 - utils_portfolio - INFO - Processing symbol - META
2024-08-03 11:58:51,489 - utils_portfolio - INFO - Processing symbol - SCHD
2024-08-03 11:58:51,830 - utils_portfolio - INFO - Processing symbol - TSLA
2024-08-03 11:58:51,988 - utils_portfolio - INFO - Processing symbol - PDD
2024-08-03 11:58:52,193 - utils_portfolio - INFO - Processing symbol - ABBV
2024-08-03 11:58:52,604 - utils_portfolio - INFO - Processing symbol - WDC
2024-08-03 11:58:52,909 - utils_portfolio - INFO - Processing symbol - GOOGL
2024-08-03 11:58:53,114 - utils_portfolio - INFO - Processing symbol - VALE
2024-08-03 11:58:53,320 - utils_portfolio - INFO - Processing symbol - SNAP
2024-08-03 11:58:53,524 - utils_portfolio - INFO - Processing symbol - IYR
2024-08-03 11:58:54,019 - utils_portfolio - INFO - Processing symbol - UPRO
2024-08-03 11:58:54,240 - utils_portfolio - INFO - Processing symbol - AAPL
2024-08-03 11:58:54,384 - utils_portfolio - INFO - Processing symbol - GBTC
2024-08-03 11:58:54,547 - utils_portfolio - INFO - Processing symbol - RIOT
2024-08-03 11:58:54,758 - utils_portfolio - INFO - Processing symbol - MRVL
2024-08-03 11:58:55,174 - utils_portfolio - INFO - Processing symbol - SHOP
2024-08-03 11:58:55,468 - utils_portfolio - INFO - Processing symbol - VOO
2024-08-03 11:58:55,674 - utils_portfolio - INFO - Processing symbol - XLI
2024-08-03 11:58:55,980 - utils_portfolio - INFO - Processing symbol - BABA
2024-08-03 11:58:56,396 - utils_portfolio - INFO - Processing symbol - U
2024-08-03 11:58:56,594 - utils_portfolio - INFO - Processing symbol - AAL
2024-08-03 11:58:56,800 - utils_portfolio - INFO - Processing symbol - SLV
2024-08-03 11:58:57,006 - utils_portfolio - INFO - Processing symbol - AMD
2024-08-03 11:58:57,210 - utils_portfolio - INFO - Processing symbol - AMZN
2024-08-03 11:58:57,565 - utils_portfolio - INFO - Updating symbol stats - SOUN
2024-08-03 11:58:57,590 - utils_portfolio - INFO - Updating symbol stats - TQQQ
2024-08-03 11:58:57,613 - utils_portfolio - INFO - Updating symbol stats - PLTR
2024-08-03 11:58:57,635 - utils_portfolio - INFO - Updating symbol stats - GM
2024-08-03 11:58:57,659 - utils_portfolio - INFO - Updating symbol stats - FAST
2024-08-03 11:58:57,695 - utils_portfolio - INFO - Updating symbol stats - AVGO
2024-08-03 11:58:57,730 - utils_portfolio - INFO - Updating symbol stats - NVDA
2024-08-03 11:58:57,754 - utils_portfolio - INFO - Updating symbol stats - TSLL
2024-08-03 11:58:57,778 - utils_portfolio - INFO - Updating symbol stats - BITO
2024-08-03 11:58:57,802 - utils_portfolio - INFO - Updating symbol stats - ON
2024-08-03 11:58:57,826 - utils_portfolio - INFO - Updating symbol stats - PM
2024-08-03 11:58:57,849 - utils_portfolio - INFO - Updating symbol stats - CRWD
2024-08-03 11:58:57,871 - utils_portfolio - INFO - Updating symbol stats - DELL
2024-08-03 11:58:57,895 - utils_portfolio - INFO - Updating symbol stats - EBAY
2024-08-03 11:58:57,918 - utils_portfolio - INFO - Updating symbol stats - MSTR
2024-08-03 11:58:57,941 - utils_portfolio - INFO - Updating symbol stats - MP
2024-08-03 11:58:57,966 - utils_portfolio - INFO - Updating symbol stats - QQQ
2024-08-03 11:58:57,989 - utils_portfolio - INFO - Updating symbol stats - PBR
2024-08-03 11:58:58,013 - utils_portfolio - INFO - Updating symbol stats - NEE
2024-08-03 11:58:58,044 - utils_portfolio - INFO - Updating symbol stats - BA
2024-08-03 11:58:58,067 - utils_portfolio - INFO - Updating symbol stats - DKNG
2024-08-03 11:58:58,090 - utils_portfolio - INFO - Updating symbol stats - BTC/USD
2024-08-03 12:13:29,885 - utils_portfolio - INFO - Updating symbol stats - MO
2024-08-03 12:13:29,916 - utils_portfolio - INFO - Updating symbol stats - SQ
2024-08-03 12:13:29,954 - utils_portfolio - INFO - Updating symbol stats - SPXL
2024-08-03 12:13:29,977 - utils_portfolio - INFO - Updating symbol stats - VRT
2024-08-03 12:13:30,000 - utils_portfolio - INFO - Updating symbol stats - META
2024-08-03 12:13:30,022 - utils_portfolio - INFO - Updating symbol stats - SCHD
2024-08-03 12:13:30,043 - utils_portfolio - INFO - Updating symbol stats - TSLA
2024-08-03 12:13:30,069 - utils_portfolio - INFO - Updating symbol stats - PDD
2024-08-03 12:13:30,092 - utils_portfolio - INFO - Updating symbol stats - ABBV
2024-08-03 12:13:30,115 - utils_portfolio - INFO - Updating symbol stats - WDC
2024-08-03 12:13:30,138 - utils_portfolio - INFO - Updating symbol stats - GOOGL
2024-08-03 12:13:30,162 - utils_portfolio - INFO - Updating symbol stats - VALE
2024-08-03 12:13:30,201 - utils_portfolio - INFO - Updating symbol stats - SNAP
2024-08-03 12:13:30,236 - utils_portfolio - INFO - Updating symbol stats - IYR
2024-08-03 12:13:30,259 - utils_portfolio - INFO - Updating symbol stats - UPRO
2024-08-03 12:13:30,282 - utils_portfolio - INFO - Updating symbol stats - AAPL
2024-08-03 12:13:30,305 - utils_portfolio - INFO - Updating symbol stats - GBTC
2024-08-03 12:13:30,329 - utils_portfolio - INFO - Updating symbol stats - RIOT
2024-08-03 12:13:30,351 - utils_portfolio - INFO - Updating symbol stats - MRVL
2024-08-03 12:13:30,374 - utils_portfolio - INFO - Updating symbol stats - SHOP
2024-08-03 12:13:30,398 - utils_portfolio - INFO - Updating symbol stats - VOO
2024-08-03 12:13:30,422 - utils_portfolio - INFO - Updating symbol stats - XLI
2024-08-03 12:13:30,445 - utils_portfolio - INFO - Updating symbol stats - BABA
2024-08-03 12:13:30,468 - utils_portfolio - INFO - Updating symbol stats - U
2024-08-03 12:13:30,492 - utils_portfolio - INFO - Updating symbol stats - AAL
2024-08-03 12:13:30,527 - utils_portfolio - INFO - Updating symbol stats - SLV
2024-08-03 12:13:30,551 - utils_portfolio - INFO - Updating symbol stats - AMD
2024-08-03 12:13:30,574 - utils_portfolio - INFO - Updating symbol stats - AMZN
2024-08-03 12:13:30,607 - root - INFO - XXXXXXXXXXXXXXXXXXXX --- Everything DONE --- XXXXXXXXXXXXXXXXXXXX
