2024-12-22 19:48:55,740 - root - INFO - Logger is setup
2024-12-22 19:48:55,758 - utils_portfolio - INFO - Updating info of portfolio - p1
2024-12-22 19:48:55,850 - utils_portfolio - INFO - Calculating symbols weights
2024-12-22 19:48:55,850 - root - INFO - Portfolio p1 symbols weights - {'PBR': 0.07692307692307693, 'T': 0.07692307692307693, 'VALE': 0.07692307692307693, 'FTNT': 0.07692307692307693, 'BX': 0.07692307692307693, 'MO': 0.07692307692307693, 'NVDA': 0.07692307692307693, 'TNA': 0.07692307692307693, 'BSX': 0.07692307692307693, 'PANW': 0.07692307692307693, 'VZ': 0.07692307692307693, 'ANET': 0.07692307692307693, 'WBD': 0.07692307692307693}
2024-12-22 19:48:55,851 - utils_strategy - INFO - PBR - downloading data from yfinance
2024-12-22 19:48:59,728 - utils_portfolio - INFO - Checking if we have correct date
2024-12-22 19:48:59,728 - utils_strategy - INFO - T - downloading data from yfinance
2024-12-22 19:49:03,274 - utils_portfolio - INFO - Checking if we have correct date
2024-12-22 19:49:03,274 - utils_strategy - INFO - VALE - downloading data from yfinance
2024-12-22 19:49:06,705 - utils_portfolio - INFO - Checking if we have correct date
2024-12-22 19:49:06,705 - utils_strategy - INFO - FTNT - downloading data from yfinance
2024-12-22 19:49:09,047 - utils_portfolio - INFO - Checking if we have correct date
2024-12-22 19:49:09,048 - utils_strategy - INFO - BX - downloading data from yfinance
2024-12-22 19:49:11,754 - utils_portfolio - INFO - Checking if we have correct date
2024-12-22 19:49:11,754 - utils_strategy - INFO - MO - downloading data from yfinance
2024-12-22 19:49:15,428 - utils_portfolio - INFO - Checking if we have correct date
2024-12-22 19:49:15,428 - utils_strategy - INFO - NVDA - downloading data from yfinance
2024-12-22 19:49:19,079 - utils_portfolio - INFO - Checking if we have correct date
2024-12-22 19:49:19,080 - utils_strategy - INFO - TNA - downloading data from yfinance
2024-12-22 19:49:21,550 - utils_portfolio - INFO - Checking if we have correct date
2024-12-22 19:49:21,550 - utils_strategy - INFO - BSX - downloading data from yfinance
2024-12-22 19:49:25,325 - utils_portfolio - INFO - Checking if we have correct date
2024-12-22 19:49:25,325 - utils_strategy - INFO - PANW - downloading data from yfinance
2024-12-22 19:49:27,413 - utils_portfolio - INFO - Checking if we have correct date
2024-12-22 19:49:27,413 - utils_strategy - INFO - VZ - downloading data from yfinance
2024-12-22 19:49:31,155 - utils_portfolio - INFO - Checking if we have correct date
2024-12-22 19:49:31,156 - utils_strategy - INFO - ANET - downloading data from yfinance
2024-12-22 19:49:33,047 - utils_portfolio - INFO - Checking if we have correct date
2024-12-22 19:49:33,047 - utils_strategy - INFO - WBD - downloading data from yfinance
2024-12-22 19:49:36,256 - utils_portfolio - INFO - Checking if we have correct date
2024-12-22 19:49:36,256 - root - INFO - Portfolio p1 symbols actions - {}
2024-12-22 19:49:36,256 - utils_portfolio - INFO - Submitting orders to close existing positions
2024-12-22 19:49:36,256 - utils_portfolio - INFO - Updating state of portfolio - p1
2024-12-22 19:49:36,256 - utils_portfolio - INFO - Calculating closed trades stats
2024-12-22 19:49:36,257 - utils_portfolio - INFO - Processing symbol - PBR
2024-12-22 19:49:36,951 - utils_portfolio - INFO - Processing symbol - T
2024-12-22 19:49:37,120 - utils_portfolio - INFO - Processing symbol - VALE
2024-12-22 19:49:37,236 - utils_portfolio - INFO - Processing symbol - FTNT
2024-12-22 19:49:37,437 - utils_portfolio - INFO - Processing symbol - BX
2024-12-22 19:49:37,643 - utils_portfolio - INFO - Processing symbol - MO
2024-12-22 19:49:37,844 - utils_portfolio - INFO - Processing symbol - NVDA
2024-12-22 19:49:38,043 - utils_portfolio - INFO - Processing symbol - TNA
2024-12-22 19:49:38,162 - utils_portfolio - INFO - Processing symbol - BSX
2024-12-22 19:49:38,357 - utils_portfolio - INFO - Processing symbol - PANW
2024-12-22 19:49:38,562 - utils_portfolio - INFO - Processing symbol - VZ
2024-12-22 19:49:38,761 - utils_portfolio - INFO - Processing symbol - ANET
2024-12-22 19:49:38,972 - utils_portfolio - INFO - Processing symbol - WBD
2024-12-22 19:49:39,108 - utils_portfolio - INFO - Calculating open trades stats
2024-12-22 19:49:39,109 - utils_portfolio - INFO - Processing symbol - PBR
2024-12-22 19:49:39,519 - utils_portfolio - INFO - Processing symbol - T
2024-12-22 19:49:39,679 - utils_portfolio - INFO - Processing symbol - VALE
2024-12-22 19:49:39,885 - utils_portfolio - INFO - Processing symbol - FTNT
2024-12-22 19:49:40,090 - utils_portfolio - INFO - Processing symbol - BX
2024-12-22 19:49:40,221 - utils_portfolio - INFO - Processing symbol - MO
2024-12-22 19:49:40,396 - utils_portfolio - INFO - Processing symbol - NVDA
2024-12-22 19:49:40,511 - utils_portfolio - INFO - Processing symbol - TNA
2024-12-22 19:49:40,703 - utils_portfolio - INFO - Processing symbol - BSX
2024-12-22 19:49:40,908 - utils_portfolio - INFO - Processing symbol - PANW
2024-12-22 19:49:41,114 - utils_portfolio - INFO - Processing symbol - VZ
2024-12-22 19:49:41,227 - utils_portfolio - INFO - Processing symbol - ANET
2024-12-22 19:49:41,418 - utils_portfolio - INFO - Processing symbol - WBD
2024-12-22 19:49:41,830 - utils_portfolio - INFO - Portfolio p1 - calculating position sizes
2024-12-22 19:49:41,853 - root - INFO - Portfolio p1 position sizes - symbol
PBR     100.0
T       100.0
VALE    100.0
FTNT    100.0
BX      100.0
MO      100.0
NVDA    100.0
TNA     100.0
BSX     100.0
PANW    100.0
VZ      100.0
ANET    100.0
WBD     100.0
Name: position, dtype: float64
2024-12-22 19:49:41,854 - utils_portfolio - INFO - Submitting orders to open positions
2024-12-22 19:49:41,854 - root - INFO - XXXXXXXXXXXXXXXXXXXX --- Portfolio p1 - DONE --- XXXXXXXXXXXXXXXXXXXX
2024-12-22 19:49:41,854 - utils_portfolio - INFO - Updating info of portfolio - p2
2024-12-22 19:49:41,929 - utils_portfolio - INFO - Calculating symbols weights
2024-12-22 19:49:41,930 - root - INFO - Portfolio p2 symbols weights - {'UPRO': 0.08333333333333333, 'IYR': 0.08333333333333333, 'AMZN': 0.08333333333333333, 'MRK': 0.08333333333333333, 'SHOP': 0.08333333333333333, 'KEY': 0.08333333333333333, 'IBM': 0.08333333333333333, 'TSM': 0.08333333333333333, 'CAG': 0.08333333333333333, 'MMM': 0.08333333333333333, 'MDLZ': 0.08333333333333333, 'HBAN': 0.08333333333333333}
2024-12-22 19:49:41,931 - utils_strategy - INFO - UPRO - downloading data from yfinance
2024-12-22 19:49:44,470 - utils_portfolio - INFO - Checking if we have correct date
2024-12-22 19:49:44,470 - utils_strategy - INFO - IYR - downloading data from yfinance
2024-12-22 19:49:48,149 - utils_portfolio - INFO - Checking if we have correct date
2024-12-22 19:49:48,149 - utils_strategy - INFO - AMZN - downloading data from yfinance
2024-12-22 19:49:51,715 - utils_portfolio - INFO - Checking if we have correct date
2024-12-22 19:49:51,715 - utils_strategy - INFO - MRK - downloading data from yfinance
2024-12-22 19:49:55,563 - utils_portfolio - INFO - Checking if we have correct date
2024-12-22 19:49:55,563 - utils_strategy - INFO - SHOP - downloading data from yfinance
2024-12-22 19:49:57,294 - utils_portfolio - INFO - Checking if we have correct date
2024-12-22 19:49:57,294 - utils_strategy - INFO - KEY - downloading data from yfinance
2024-12-22 19:50:01,026 - utils_portfolio - INFO - Checking if we have correct date
2024-12-22 19:50:01,026 - utils_strategy - INFO - IBM - downloading data from yfinance
2024-12-22 19:50:04,914 - utils_portfolio - INFO - Checking if we have correct date
2024-12-22 19:50:04,914 - utils_strategy - INFO - TSM - downloading data from yfinance
2024-12-22 19:50:08,817 - utils_portfolio - INFO - Checking if we have correct date
2024-12-22 19:50:08,817 - utils_strategy - INFO - CAG - downloading data from yfinance
2024-12-22 19:50:12,559 - utils_portfolio - INFO - Checking if we have correct date
2024-12-22 19:50:12,559 - utils_strategy - INFO - MMM - downloading data from yfinance
2024-12-22 19:50:16,532 - utils_portfolio - INFO - Checking if we have correct date
2024-12-22 19:50:16,532 - utils_strategy - INFO - MDLZ - downloading data from yfinance
2024-12-22 19:50:20,253 - utils_portfolio - INFO - Checking if we have correct date
2024-12-22 19:50:20,253 - utils_strategy - INFO - HBAN - downloading data from yfinance
2024-12-22 19:50:24,127 - utils_portfolio - INFO - Checking if we have correct date
2024-12-22 19:50:24,127 - root - INFO - Portfolio p2 symbols actions - {}
2024-12-22 19:50:24,127 - utils_portfolio - INFO - Submitting orders to close existing positions
2024-12-22 19:50:24,128 - utils_portfolio - INFO - Updating state of portfolio - p2
2024-12-22 19:50:24,128 - utils_portfolio - INFO - Calculating closed trades stats
2024-12-22 19:50:24,128 - utils_portfolio - INFO - Processing symbol - UPRO
2024-12-22 19:50:24,650 - utils_portfolio - INFO - Processing symbol - IYR
2024-12-22 19:50:24,846 - utils_portfolio - INFO - Processing symbol - AMZN
2024-12-22 19:50:25,045 - utils_portfolio - INFO - Processing symbol - MRK
2024-12-22 19:50:25,170 - utils_portfolio - INFO - Processing symbol - SHOP
2024-12-22 19:50:25,286 - utils_portfolio - INFO - Processing symbol - KEY
2024-12-22 19:50:25,401 - utils_portfolio - INFO - Processing symbol - IBM
2024-12-22 19:50:25,555 - utils_portfolio - INFO - Processing symbol - TSM
2024-12-22 19:50:25,672 - utils_portfolio - INFO - Processing symbol - CAG
2024-12-22 19:50:25,868 - utils_portfolio - INFO - Processing symbol - MMM
2024-12-22 19:50:26,071 - utils_portfolio - INFO - Processing symbol - MDLZ
2024-12-22 19:50:26,278 - utils_portfolio - INFO - Processing symbol - HBAN
2024-12-22 19:50:26,403 - utils_portfolio - INFO - Calculating open trades stats
2024-12-22 19:50:26,404 - utils_portfolio - INFO - Processing symbol - UPRO
2024-12-22 19:50:26,784 - utils_portfolio - INFO - Processing symbol - IYR
2024-12-22 19:50:26,989 - utils_portfolio - INFO - Processing symbol - AMZN
2024-12-22 19:50:27,102 - utils_portfolio - INFO - Processing symbol - MRK
2024-12-22 19:50:27,296 - utils_portfolio - INFO - Processing symbol - SHOP
2024-12-22 19:50:27,498 - utils_portfolio - INFO - Processing symbol - KEY
2024-12-22 19:50:27,705 - utils_portfolio - INFO - Processing symbol - IBM
2024-12-22 19:50:27,818 - utils_portfolio - INFO - Processing symbol - TSM
2024-12-22 19:50:28,057 - utils_portfolio - INFO - Processing symbol - CAG
2024-12-22 19:50:28,171 - utils_portfolio - INFO - Processing symbol - MMM
2024-12-22 19:50:28,317 - utils_portfolio - INFO - Processing symbol - MDLZ
2024-12-22 19:50:28,522 - utils_portfolio - INFO - Processing symbol - HBAN
2024-12-22 19:50:28,797 - utils_portfolio - INFO - Portfolio p2 - calculating position sizes
2024-12-22 19:50:28,831 - root - INFO - Portfolio p2 position sizes - symbol
UPRO    100.0
IYR     100.0
AMZN    100.0
MRK     100.0
SHOP    100.0
KEY     100.0
IBM     100.0
TSM     100.0
CAG     100.0
MMM     100.0
MDLZ    100.0
HBAN    100.0
Name: position, dtype: float64
2024-12-22 19:50:28,831 - utils_portfolio - INFO - Submitting orders to open positions
2024-12-22 19:50:28,832 - root - INFO - XXXXXXXXXXXXXXXXXXXX --- Portfolio p2 - DONE --- XXXXXXXXXXXXXXXXXXXX
2024-12-22 19:50:28,832 - utils_portfolio - INFO - Updating whole portfolio state
2024-12-22 19:50:29,958 - utils_portfolio - INFO - Calculating open trades stats
2024-12-22 19:50:29,958 - utils_portfolio - INFO - Processing symbol - PBR
2024-12-22 19:50:30,568 - utils_portfolio - INFO - Processing symbol - T
2024-12-22 19:50:30,681 - utils_portfolio - INFO - Processing symbol - VALE
2024-12-22 19:50:30,880 - utils_portfolio - INFO - Processing symbol - FTNT
2024-12-22 19:50:31,085 - utils_portfolio - INFO - Processing symbol - BX
2024-12-22 19:50:31,200 - utils_portfolio - INFO - Processing symbol - MO
2024-12-22 19:50:31,317 - utils_portfolio - INFO - Processing symbol - NVDA
2024-12-22 19:50:31,430 - utils_portfolio - INFO - Processing symbol - TNA
2024-12-22 19:50:31,540 - utils_portfolio - INFO - Processing symbol - BSX
2024-12-22 19:50:31,652 - utils_portfolio - INFO - Processing symbol - PANW
2024-12-22 19:50:31,764 - utils_portfolio - INFO - Processing symbol - VZ
2024-12-22 19:50:31,876 - utils_portfolio - INFO - Processing symbol - ANET
2024-12-22 19:50:32,005 - utils_portfolio - INFO - Processing symbol - WBD
2024-12-22 19:50:32,211 - utils_portfolio - INFO - Processing symbol - UPRO
2024-12-22 19:50:32,416 - utils_portfolio - INFO - Processing symbol - IYR
2024-12-22 19:50:32,616 - utils_portfolio - INFO - Processing symbol - AMZN
2024-12-22 19:50:32,824 - utils_portfolio - INFO - Processing symbol - MRK
2024-12-22 19:50:33,028 - utils_portfolio - INFO - Processing symbol - SHOP
2024-12-22 19:50:33,235 - utils_portfolio - INFO - Processing symbol - KEY
2024-12-22 19:50:33,351 - utils_portfolio - INFO - Processing symbol - IBM
2024-12-22 19:50:33,541 - utils_portfolio - INFO - Processing symbol - TSM
2024-12-22 19:50:33,783 - utils_portfolio - INFO - Processing symbol - CAG
2024-12-22 19:50:33,951 - utils_portfolio - INFO - Processing symbol - MMM
2024-12-22 19:50:34,156 - utils_portfolio - INFO - Processing symbol - MDLZ
2024-12-22 19:50:34,323 - utils_portfolio - INFO - Processing symbol - HBAN
2024-12-22 19:50:34,466 - utils_portfolio - INFO - Calculating closed trades stats
2024-12-22 19:50:34,466 - utils_portfolio - INFO - Processing symbol - PBR
2024-12-22 19:50:34,883 - utils_portfolio - INFO - Processing symbol - T
2024-12-22 19:50:35,001 - utils_portfolio - INFO - Processing symbol - VALE
2024-12-22 19:50:35,187 - utils_portfolio - INFO - Processing symbol - FTNT
2024-12-22 19:50:35,393 - utils_portfolio - INFO - Processing symbol - BX
2024-12-22 19:50:35,592 - utils_portfolio - INFO - Processing symbol - MO
2024-12-22 19:50:35,803 - utils_portfolio - INFO - Processing symbol - NVDA
2024-12-22 19:50:35,930 - utils_portfolio - INFO - Processing symbol - TNA
2024-12-22 19:50:36,049 - utils_portfolio - INFO - Processing symbol - BSX
2024-12-22 19:50:36,211 - utils_portfolio - INFO - Processing symbol - PANW
2024-12-22 19:50:36,413 - utils_portfolio - INFO - Processing symbol - VZ
2024-12-22 19:50:36,566 - utils_portfolio - INFO - Processing symbol - ANET
2024-12-22 19:50:36,723 - utils_portfolio - INFO - Processing symbol - WBD
2024-12-22 19:50:36,927 - utils_portfolio - INFO - Processing symbol - UPRO
2024-12-22 19:50:37,126 - utils_portfolio - INFO - Processing symbol - IYR
2024-12-22 19:50:37,329 - utils_portfolio - INFO - Processing symbol - AMZN
2024-12-22 19:50:37,538 - utils_portfolio - INFO - Processing symbol - MRK
2024-12-22 19:50:37,742 - utils_portfolio - INFO - Processing symbol - SHOP
2024-12-22 19:50:37,946 - utils_portfolio - INFO - Processing symbol - KEY
2024-12-22 19:50:38,150 - utils_portfolio - INFO - Processing symbol - IBM
2024-12-22 19:50:38,362 - utils_portfolio - INFO - Processing symbol - TSM
2024-12-22 19:50:38,561 - utils_portfolio - INFO - Processing symbol - CAG
2024-12-22 19:50:38,773 - utils_portfolio - INFO - Processing symbol - MMM
2024-12-22 19:50:38,976 - utils_portfolio - INFO - Processing symbol - MDLZ
2024-12-22 19:50:39,184 - utils_portfolio - INFO - Processing symbol - HBAN
2024-12-22 19:50:39,417 - utils_portfolio - INFO - Updating state of symbols
2024-12-22 19:50:39,417 - utils_portfolio - INFO - Calculating closed trades stats
2024-12-22 19:50:39,417 - utils_portfolio - INFO - Processing symbol - BX
2024-12-22 19:50:39,899 - utils_portfolio - INFO - Processing symbol - WBD
2024-12-22 19:50:40,103 - utils_portfolio - INFO - Processing symbol - PBR
2024-12-22 19:50:40,310 - utils_portfolio - INFO - Processing symbol - UPRO
2024-12-22 19:50:40,435 - utils_portfolio - INFO - Processing symbol - MO
2024-12-22 19:50:40,554 - utils_portfolio - INFO - Processing symbol - BSX
2024-12-22 19:50:40,718 - utils_portfolio - INFO - Processing symbol - MMM
2024-12-22 19:50:40,843 - utils_portfolio - INFO - Processing symbol - ANET
2024-12-22 19:50:40,968 - utils_portfolio - INFO - Processing symbol - KEY
2024-12-22 19:50:41,095 - utils_portfolio - INFO - Processing symbol - PANW
2024-12-22 19:50:41,230 - utils_portfolio - INFO - Processing symbol - VZ
2024-12-22 19:50:41,427 - utils_portfolio - INFO - Processing symbol - IBM
2024-12-22 19:50:41,633 - utils_portfolio - INFO - Processing symbol - MRK
2024-12-22 19:50:41,844 - utils_portfolio - INFO - Processing symbol - TSM
2024-12-22 19:50:42,043 - utils_portfolio - INFO - Processing symbol - T
2024-12-22 19:50:42,254 - utils_portfolio - INFO - Processing symbol - FTNT
2024-12-22 19:50:42,457 - utils_portfolio - INFO - Processing symbol - MDLZ
2024-12-22 19:50:42,657 - utils_portfolio - INFO - Processing symbol - AMZN
2024-12-22 19:50:42,778 - utils_portfolio - INFO - Processing symbol - HBAN
2024-12-22 19:50:42,973 - utils_portfolio - INFO - Processing symbol - NVDA
2024-12-22 19:50:43,092 - utils_portfolio - INFO - Processing symbol - TNA
2024-12-22 19:50:43,282 - utils_portfolio - INFO - Processing symbol - VALE
2024-12-22 19:50:43,401 - utils_portfolio - INFO - Processing symbol - SHOP
2024-12-22 19:50:43,579 - utils_portfolio - INFO - Processing symbol - CAG
2024-12-22 19:50:43,785 - utils_portfolio - INFO - Processing symbol - IYR
2024-12-22 19:50:43,993 - utils_portfolio - INFO - Calculating open trades stats
2024-12-22 19:50:43,993 - utils_portfolio - INFO - Processing symbol - BX
2024-12-22 19:50:44,599 - utils_portfolio - INFO - Processing symbol - WBD
2024-12-22 19:50:44,805 - utils_portfolio - INFO - Processing symbol - PBR
2024-12-22 19:50:45,008 - utils_portfolio - INFO - Processing symbol - UPRO
2024-12-22 19:50:45,122 - utils_portfolio - INFO - Processing symbol - MO
2024-12-22 19:50:45,316 - utils_portfolio - INFO - Processing symbol - BSX
2024-12-22 19:50:45,522 - utils_portfolio - INFO - Processing symbol - MMM
2024-12-22 19:50:45,727 - utils_portfolio - INFO - Processing symbol - ANET
2024-12-22 19:50:45,932 - utils_portfolio - INFO - Processing symbol - KEY
2024-12-22 19:50:46,054 - utils_portfolio - INFO - Processing symbol - PANW
2024-12-22 19:50:46,238 - utils_portfolio - INFO - Processing symbol - VZ
2024-12-22 19:50:46,350 - utils_portfolio - INFO - Processing symbol - IBM
2024-12-22 19:50:46,465 - utils_portfolio - INFO - Processing symbol - MRK
2024-12-22 19:50:46,647 - utils_portfolio - INFO - Processing symbol - TSM
2024-12-22 19:50:47,071 - utils_portfolio - INFO - Processing symbol - T
2024-12-22 19:50:47,265 - utils_portfolio - INFO - Processing symbol - FTNT
2024-12-22 19:50:47,468 - utils_portfolio - INFO - Processing symbol - MDLZ
2024-12-22 19:50:47,671 - utils_portfolio - INFO - Processing symbol - AMZN
2024-12-22 19:50:47,876 - utils_portfolio - INFO - Processing symbol - HBAN
2024-12-22 19:50:48,066 - utils_portfolio - INFO - Processing symbol - NVDA
2024-12-22 19:50:48,176 - utils_portfolio - INFO - Processing symbol - TNA
2024-12-22 19:50:48,288 - utils_portfolio - INFO - Processing symbol - VALE
2024-12-22 19:50:48,493 - utils_portfolio - INFO - Processing symbol - SHOP
2024-12-22 19:50:48,697 - utils_portfolio - INFO - Processing symbol - CAG
2024-12-22 19:50:48,901 - utils_portfolio - INFO - Processing symbol - IYR
2024-12-22 19:50:49,136 - utils_portfolio - INFO - Updating symbol stats - BX
2024-12-22 19:50:49,171 - utils_portfolio - INFO - Updating symbol stats - WBD
2024-12-22 19:50:49,194 - utils_portfolio - INFO - Updating symbol stats - PBR
2024-12-22 19:50:49,237 - utils_portfolio - INFO - Updating symbol stats - UPRO
2024-12-22 19:50:49,260 - utils_portfolio - INFO - Updating symbol stats - MO
2024-12-22 19:50:49,283 - utils_portfolio - INFO - Updating symbol stats - BSX
2024-12-22 19:50:49,305 - utils_portfolio - INFO - Updating symbol stats - MMM
2024-12-22 19:50:49,328 - utils_portfolio - INFO - Updating symbol stats - ANET
2024-12-22 19:50:49,350 - utils_portfolio - INFO - Updating symbol stats - KEY
2024-12-22 19:50:49,373 - utils_portfolio - INFO - Updating symbol stats - PANW
2024-12-22 19:50:49,395 - utils_portfolio - INFO - Updating symbol stats - VZ
2024-12-22 19:50:49,416 - utils_portfolio - INFO - Updating symbol stats - IBM
2024-12-22 19:50:49,438 - utils_portfolio - INFO - Updating symbol stats - MRK
2024-12-22 19:50:49,461 - utils_portfolio - INFO - Updating symbol stats - TSM
2024-12-22 19:50:49,484 - utils_portfolio - INFO - Updating symbol stats - T
2024-12-22 19:50:49,506 - utils_portfolio - INFO - Updating symbol stats - FTNT
2024-12-22 19:50:49,528 - utils_portfolio - INFO - Updating symbol stats - MDLZ
2024-12-22 19:50:49,552 - utils_portfolio - INFO - Updating symbol stats - AMZN
2024-12-22 19:50:49,574 - utils_portfolio - INFO - Updating symbol stats - HBAN
2024-12-22 19:50:49,602 - utils_portfolio - INFO - Updating symbol stats - NVDA
2024-12-22 19:50:49,625 - utils_portfolio - INFO - Updating symbol stats - TNA
2024-12-22 19:50:49,646 - utils_portfolio - INFO - Updating symbol stats - VALE
2024-12-22 19:50:49,667 - utils_portfolio - INFO - Updating symbol stats - SHOP
2024-12-22 19:50:49,688 - utils_portfolio - INFO - Updating symbol stats - CAG
2024-12-22 19:50:49,710 - utils_portfolio - INFO - Updating symbol stats - IYR
2024-12-22 19:50:49,744 - utils_portfolio - INFO - Updating state of strategies
2024-12-22 19:50:49,745 - utils_portfolio - INFO - Calculating closed trades stats
2024-12-22 19:50:49,746 - utils_portfolio - INFO - Processing symbol - PBR
2024-12-22 19:50:50,343 - utils_portfolio - INFO - Processing symbol - T
2024-12-22 19:50:50,551 - utils_portfolio - INFO - Processing symbol - VALE
2024-12-22 19:50:50,755 - utils_portfolio - INFO - Processing symbol - FTNT
2024-12-22 19:50:50,874 - utils_portfolio - INFO - Processing symbol - BX
2024-12-22 19:50:50,991 - utils_portfolio - INFO - Processing symbol - MO
2024-12-22 19:50:51,112 - utils_portfolio - INFO - Processing symbol - NVDA
2024-12-22 19:50:51,238 - utils_portfolio - INFO - Processing symbol - TNA
2024-12-22 19:50:51,365 - utils_portfolio - INFO - Processing symbol - BSX
2024-12-22 19:50:51,568 - utils_portfolio - INFO - Processing symbol - PANW
2024-12-22 19:50:51,776 - utils_portfolio - INFO - Processing symbol - VZ
2024-12-22 19:50:51,981 - utils_portfolio - INFO - Processing symbol - ANET
2024-12-22 19:50:52,186 - utils_portfolio - INFO - Processing symbol - WBD
2024-12-22 19:50:52,391 - utils_portfolio - INFO - Processing symbol - UPRO
2024-12-22 19:50:52,520 - utils_portfolio - INFO - Processing symbol - IYR
2024-12-22 19:50:52,636 - utils_portfolio - INFO - Processing symbol - AMZN
2024-12-22 19:50:52,803 - utils_portfolio - INFO - Processing symbol - MRK
2024-12-22 19:50:53,009 - utils_portfolio - INFO - Processing symbol - SHOP
2024-12-22 19:50:53,134 - utils_portfolio - INFO - Processing symbol - KEY
2024-12-22 19:50:53,252 - utils_portfolio - INFO - Processing symbol - IBM
2024-12-22 19:50:53,377 - utils_portfolio - INFO - Processing symbol - TSM
2024-12-22 19:50:53,520 - utils_portfolio - INFO - Processing symbol - CAG
2024-12-22 19:50:53,723 - utils_portfolio - INFO - Processing symbol - MMM
2024-12-22 19:50:53,926 - utils_portfolio - INFO - Processing symbol - MDLZ
2024-12-22 19:50:54,125 - utils_portfolio - INFO - Processing symbol - HBAN
2024-12-22 19:50:54,347 - utils_portfolio - INFO - Calculating open trades stats
2024-12-22 19:50:54,349 - utils_portfolio - INFO - Processing symbol - PBR
2024-12-22 19:50:54,843 - utils_portfolio - INFO - Processing symbol - T
2024-12-22 19:50:55,047 - utils_portfolio - INFO - Processing symbol - VALE
2024-12-22 19:50:55,172 - utils_portfolio - INFO - Processing symbol - FTNT
2024-12-22 19:50:55,291 - utils_portfolio - INFO - Processing symbol - BX
2024-12-22 19:50:55,445 - utils_portfolio - INFO - Processing symbol - MO
2024-12-22 19:50:55,659 - utils_portfolio - INFO - Processing symbol - NVDA
2024-12-22 19:50:55,865 - utils_portfolio - INFO - Processing symbol - TNA
2024-12-22 19:50:56,068 - utils_portfolio - INFO - Processing symbol - BSX
2024-12-22 19:50:56,181 - utils_portfolio - INFO - Processing symbol - PANW
2024-12-22 19:50:56,377 - utils_portfolio - INFO - Processing symbol - VZ
2024-12-22 19:50:56,582 - utils_portfolio - INFO - Processing symbol - ANET
2024-12-22 19:50:56,788 - utils_portfolio - INFO - Processing symbol - WBD
2024-12-22 19:50:56,992 - utils_portfolio - INFO - Processing symbol - UPRO
2024-12-22 19:50:57,106 - utils_portfolio - INFO - Processing symbol - IYR
2024-12-22 19:50:57,297 - utils_portfolio - INFO - Processing symbol - AMZN
2024-12-22 19:50:57,503 - utils_portfolio - INFO - Processing symbol - MRK
2024-12-22 19:50:57,706 - utils_portfolio - INFO - Processing symbol - SHOP
2024-12-22 19:50:57,914 - utils_portfolio - INFO - Processing symbol - KEY
2024-12-22 19:50:58,117 - utils_portfolio - INFO - Processing symbol - IBM
2024-12-22 19:50:58,323 - utils_portfolio - INFO - Processing symbol - TSM
2024-12-22 19:50:58,604 - utils_portfolio - INFO - Processing symbol - CAG
2024-12-22 19:50:58,731 - utils_portfolio - INFO - Processing symbol - MMM
2024-12-22 19:50:58,938 - utils_portfolio - INFO - Processing symbol - MDLZ
2024-12-22 19:50:59,142 - utils_portfolio - INFO - Processing symbol - HBAN
2024-12-22 19:50:59,400 - root - INFO - XXXXXXXXXXXXXXXXXXXX --- Everything DONE --- XXXXXXXXXXXXXXXXXXXX
