2024-11-03 10:17:24,244 - root - INFO - Logger is setup
2024-11-03 10:17:24,292 - utils_portfolio - INFO - Updating info of portfolio - p1
2024-11-03 10:17:24,364 - utils_portfolio - INFO - Calculating symbols weights
2024-11-03 10:17:24,364 - root - INFO - Portfolio p1 symbols weights - {'PLTR': 0.09090909090909091, 'BTC/USD': 0.09090909090909091, 'AAL': 0.09090909090909091, 'VRT': 0.09090909090909091, 'GBTC': 0.09090909090909091, 'DELL': 0.09090909090909091, 'GM': 0.09090909090909091, 'IYR': 0.09090909090909091, 'DKNG': 0.09090909090909091, 'EBAY': 0.09090909090909091, 'CRWD': 0.09090909090909091}
2024-11-03 10:17:24,364 - utils_strategy - INFO - PLTR - downloading data from alpaca
2024-11-03 10:17:25,476 - utils_portfolio - INFO - Checking if we have correct date
2024-11-03 10:17:25,476 - utils_strategy - INFO - BTC/USD - downloading data from alpaca
2024-11-03 10:17:26,605 - utils_portfolio - INFO - Checking if we have correct date
2024-11-03 10:17:26,605 - utils_portfolio - INFO - BTC/USD - running symbols strategy to get entries and exits
2024-11-03 10:17:26,626 - utils_portfolio - INFO - Evaluating symbol if to open, close, or no change
2024-11-03 10:17:36,075 - utils_strategy - INFO - AAL - downloading data from alpaca
2024-11-03 10:17:37,094 - utils_portfolio - INFO - Checking if we have correct date
2024-11-03 10:17:37,095 - utils_strategy - INFO - VRT - downloading data from alpaca
2024-11-03 10:17:37,799 - utils_portfolio - INFO - Checking if we have correct date
2024-11-03 10:17:37,799 - utils_strategy - INFO - GBTC - downloading data from alpaca
2024-11-03 10:17:38,167 - utils_portfolio - INFO - Checking if we have correct date
2024-11-03 10:17:38,167 - utils_strategy - INFO - DELL - downloading data from alpaca
2024-11-03 10:17:38,817 - utils_portfolio - INFO - Checking if we have correct date
2024-11-03 10:17:38,818 - utils_strategy - INFO - GM - downloading data from alpaca
2024-11-03 10:17:39,775 - utils_portfolio - INFO - Checking if we have correct date
2024-11-03 10:17:39,775 - utils_strategy - INFO - IYR - downloading data from alpaca
2024-11-03 10:17:40,685 - utils_portfolio - INFO - Checking if we have correct date
2024-11-03 10:17:40,685 - utils_strategy - INFO - DKNG - downloading data from alpaca
2024-11-03 10:17:41,324 - utils_portfolio - INFO - Checking if we have correct date
2024-11-03 10:17:41,324 - utils_strategy - INFO - EBAY - downloading data from alpaca
2024-11-03 10:17:42,231 - utils_portfolio - INFO - Checking if we have correct date
2024-11-03 10:17:42,232 - utils_strategy - INFO - CRWD - downloading data from alpaca
2024-11-03 10:17:42,872 - utils_portfolio - INFO - Checking if we have correct date
2024-11-03 10:17:42,872 - root - INFO - Portfolio p1 symbols actions - {'BTCUSD': 'no_change'}
2024-11-03 10:17:42,872 - utils_portfolio - INFO - Submitting orders to close existing positions
2024-11-03 10:17:42,872 - utils_portfolio - INFO - Updating state of portfolio - p1
2024-11-03 10:17:42,873 - utils_portfolio - INFO - Calculating closed trades stats
2024-11-03 10:17:42,873 - utils_portfolio - INFO - Processing symbol - PLTR
2024-11-03 10:17:43,539 - utils_portfolio - INFO - Processing symbol - BTC/USD
2024-11-03 10:17:43,677 - utils_portfolio - INFO - Processing symbol - AAL
2024-11-03 10:17:43,818 - utils_portfolio - INFO - Processing symbol - VRT
2024-11-03 10:17:43,954 - utils_portfolio - INFO - Processing symbol - GBTC
2024-11-03 10:17:44,084 - utils_portfolio - INFO - Processing symbol - DELL
2024-11-03 10:17:44,212 - utils_portfolio - INFO - Processing symbol - GM
2024-11-03 10:17:44,336 - utils_portfolio - INFO - Processing symbol - IYR
2024-11-03 10:17:44,459 - utils_portfolio - INFO - Processing symbol - DKNG
2024-11-03 10:17:44,586 - utils_portfolio - INFO - Processing symbol - EBAY
2024-11-03 10:17:44,714 - utils_portfolio - INFO - Processing symbol - CRWD
2024-11-03 10:17:44,844 - utils_portfolio - INFO - Calculating open trades stats
2024-11-03 10:17:44,845 - utils_portfolio - INFO - Processing symbol - PLTR
2024-11-03 10:17:45,190 - utils_portfolio - INFO - Processing symbol - BTC/USD
2024-11-03 10:17:45,304 - utils_portfolio - INFO - Processing symbol - AAL
2024-11-03 10:17:45,538 - utils_portfolio - INFO - Processing symbol - VRT
2024-11-03 10:17:45,650 - utils_portfolio - INFO - Processing symbol - GBTC
2024-11-03 10:17:45,810 - utils_portfolio - INFO - Processing symbol - DELL
2024-11-03 10:17:45,921 - utils_portfolio - INFO - Processing symbol - GM
2024-11-03 10:17:46,226 - utils_portfolio - INFO - Processing symbol - IYR
2024-11-03 10:17:46,335 - utils_portfolio - INFO - Processing symbol - DKNG
2024-11-03 10:17:46,447 - utils_portfolio - INFO - Processing symbol - EBAY
2024-11-03 10:17:46,557 - utils_portfolio - INFO - Processing symbol - CRWD
2024-11-03 10:17:47,221 - utils_portfolio - INFO - Portfolio p1 - calculating position sizes
2024-11-03 10:17:47,247 - root - INFO - Portfolio p1 position sizes - symbol
PLTR      478.83
BTCUSD    478.83
AAL       478.83
VRT       478.83
GBTC      478.83
DELL      478.83
GM        478.83
IYR       478.83
DKNG      478.83
EBAY      478.83
CRWD      478.83
Name: position, dtype: float64
2024-11-03 10:17:47,247 - utils_portfolio - INFO - Submitting orders to open positions
2024-11-03 10:17:47,248 - root - INFO - XXXXXXXXXXXXXXXXXXXX --- Portfolio p1 - DONE --- XXXXXXXXXXXXXXXXXXXX
2024-11-03 10:17:47,248 - utils_portfolio - INFO - Updating info of portfolio - p2
2024-11-03 10:17:47,303 - utils_portfolio - INFO - Calculating symbols weights
2024-11-03 10:17:47,303 - utils_portfolio - INFO - Calculating closed trades count
2024-11-03 10:17:48,683 - utils_portfolio - INFO - Calculating win rates
2024-11-03 10:17:48,683 - utils_portfolio - INFO - Processing symbol - AAPL
2024-11-03 10:17:49,061 - utils_portfolio - INFO - Processing symbol - GOOGL
2024-11-03 10:17:49,196 - utils_portfolio - INFO - Processing symbol - META
2024-11-03 10:17:49,335 - utils_portfolio - INFO - Processing symbol - MRVL
2024-11-03 10:17:49,472 - utils_portfolio - INFO - Processing symbol - MSTR
2024-11-03 10:17:49,611 - utils_portfolio - INFO - Processing symbol - SCHD
2024-11-03 10:17:49,747 - utils_portfolio - INFO - Processing symbol - BITO
2024-11-03 10:17:49,887 - utils_portfolio - INFO - Processing symbol - AVGO
2024-11-03 10:17:50,094 - utils_portfolio - INFO - Processing symbol - SOUN
2024-11-03 10:17:50,239 - utils_portfolio - INFO - Calculating closed trades count
2024-11-03 10:17:51,671 - root - INFO - Portfolio p2 symbols weights - {'AAPL': 0.1839386013806114, 'GOOGL': 0.10729751747202333, 'META': 0.11705183724220726, 'MRVL': 0.05852591862110363, 'MSTR': 0.128757020966428, 'SCHD': 0.07153167831468221, 'BITO': 0.08253655190155641, 'AVGO': 0.10729751747202333, 'SOUN': 0.14306335662936442}
2024-11-03 10:17:51,671 - utils_strategy - INFO - AAPL - downloading data from yfinance
2024-11-03 10:17:52,217 - utils_portfolio - INFO - Checking if we have correct date
2024-11-03 10:17:52,218 - utils_strategy - INFO - GOOGL - downloading data from yfinance
2024-11-03 10:17:52,466 - utils_portfolio - INFO - Checking if we have correct date
2024-11-03 10:17:52,466 - utils_strategy - INFO - META - downloading data from yfinance
2024-11-03 10:17:52,615 - utils_portfolio - INFO - Checking if we have correct date
2024-11-03 10:17:52,615 - utils_strategy - INFO - MRVL - downloading data from yfinance
2024-11-03 10:17:52,890 - utils_portfolio - INFO - Checking if we have correct date
2024-11-03 10:17:52,891 - utils_strategy - INFO - MSTR - downloading data from yfinance
2024-11-03 10:17:53,179 - utils_portfolio - INFO - Checking if we have correct date
2024-11-03 10:17:53,180 - utils_strategy - INFO - SCHD - downloading data from yfinance
2024-11-03 10:17:53,387 - utils_portfolio - INFO - Checking if we have correct date
2024-11-03 10:17:53,387 - utils_strategy - INFO - BITO - downloading data from yfinance
2024-11-03 10:17:53,511 - utils_portfolio - INFO - Checking if we have correct date
2024-11-03 10:17:53,511 - utils_strategy - INFO - AVGO - downloading data from yfinance
2024-11-03 10:17:53,731 - utils_portfolio - INFO - Checking if we have correct date
2024-11-03 10:17:53,732 - utils_strategy - INFO - SOUN - downloading data from yfinance
2024-11-03 10:17:53,816 - utils_portfolio - INFO - Checking if we have correct date
2024-11-03 10:17:53,816 - root - INFO - Portfolio p2 symbols actions - {}
2024-11-03 10:17:53,816 - utils_portfolio - INFO - Submitting orders to close existing positions
2024-11-03 10:17:53,817 - utils_portfolio - INFO - Updating state of portfolio - p2
2024-11-03 10:17:53,817 - utils_portfolio - INFO - Calculating closed trades stats
2024-11-03 10:17:53,817 - utils_portfolio - INFO - Processing symbol - AAPL
2024-11-03 10:17:54,178 - utils_portfolio - INFO - Processing symbol - GOOGL
2024-11-03 10:17:54,309 - utils_portfolio - INFO - Processing symbol - META
2024-11-03 10:17:54,446 - utils_portfolio - INFO - Processing symbol - MRVL
2024-11-03 10:17:54,582 - utils_portfolio - INFO - Processing symbol - MSTR
2024-11-03 10:17:54,712 - utils_portfolio - INFO - Processing symbol - SCHD
2024-11-03 10:17:54,842 - utils_portfolio - INFO - Processing symbol - BITO
2024-11-03 10:17:54,981 - utils_portfolio - INFO - Processing symbol - AVGO
2024-11-03 10:17:55,115 - utils_portfolio - INFO - Processing symbol - SOUN
2024-11-03 10:17:55,247 - utils_portfolio - INFO - Calculating open trades stats
2024-11-03 10:17:55,247 - utils_portfolio - INFO - Processing symbol - AAPL
2024-11-03 10:17:55,591 - utils_portfolio - INFO - Processing symbol - GOOGL
2024-11-03 10:17:55,823 - utils_portfolio - INFO - Processing symbol - META
2024-11-03 10:17:56,056 - utils_portfolio - INFO - Processing symbol - MRVL
2024-11-03 10:17:56,290 - utils_portfolio - INFO - Processing symbol - MSTR
2024-11-03 10:17:56,402 - utils_portfolio - INFO - Processing symbol - SCHD
2024-11-03 10:17:56,637 - utils_portfolio - INFO - Processing symbol - BITO
2024-11-03 10:17:56,746 - utils_portfolio - INFO - Processing symbol - AVGO
2024-11-03 10:17:56,857 - utils_portfolio - INFO - Processing symbol - SOUN
2024-11-03 10:17:57,036 - utils_portfolio - INFO - Portfolio p2 - calculating position sizes
2024-11-03 10:17:57,063 - root - INFO - Portfolio p2 position sizes - symbol
AAPL     842.80
GOOGL    499.33
META     544.73
MRVL     272.36
MSTR     589.96
SCHD     332.89
BITO     378.18
AVGO     491.63
SOUN     655.51
Name: position, dtype: float64
2024-11-03 10:17:57,063 - utils_portfolio - INFO - Submitting orders to open positions
2024-11-03 10:17:57,063 - root - INFO - XXXXXXXXXXXXXXXXXXXX --- Portfolio p2 - DONE --- XXXXXXXXXXXXXXXXXXXX
2024-11-03 10:17:57,063 - utils_portfolio - INFO - Updating info of portfolio - p3
2024-11-03 10:17:57,123 - utils_portfolio - INFO - Calculating symbols weights
2024-11-03 10:17:57,123 - root - INFO - Portfolio p3 symbols weights - {'TSLA': 0.1, 'NVDA': 0.1, 'AMD': 0.1, 'QQQ': 0.1, 'AMZN': 0.1, 'TQQQ': 0.1, 'VOO': 0.1, 'BABA': 0.1, 'BA': 0.1, 'XLI': 0.1}
2024-11-03 10:17:57,123 - utils_strategy - INFO - TSLA - downloading data from yfinance
2024-11-03 10:17:57,508 - utils_portfolio - INFO - Checking if we have correct date
2024-11-03 10:17:57,508 - utils_strategy - INFO - NVDA - downloading data from yfinance
2024-11-03 10:17:57,793 - utils_portfolio - INFO - Checking if we have correct date
2024-11-03 10:17:57,793 - utils_strategy - INFO - AMD - downloading data from yfinance
2024-11-03 10:17:58,034 - utils_portfolio - INFO - Checking if we have correct date
2024-11-03 10:17:58,034 - utils_strategy - INFO - QQQ - downloading data from yfinance
2024-11-03 10:17:58,394 - utils_portfolio - INFO - Checking if we have correct date
2024-11-03 10:17:58,394 - utils_strategy - INFO - AMZN - downloading data from yfinance
2024-11-03 10:17:58,595 - utils_portfolio - INFO - Checking if we have correct date
2024-11-03 10:17:58,595 - utils_strategy - INFO - TQQQ - downloading data from yfinance
2024-11-03 10:17:58,778 - utils_portfolio - INFO - Checking if we have correct date
2024-11-03 10:17:58,778 - utils_strategy - INFO - VOO - downloading data from yfinance
2024-11-03 10:17:58,957 - utils_portfolio - INFO - Checking if we have correct date
2024-11-03 10:17:58,957 - utils_strategy - INFO - BABA - downloading data from yfinance
2024-11-03 10:17:59,156 - utils_portfolio - INFO - Checking if we have correct date
2024-11-03 10:17:59,157 - utils_strategy - INFO - BA - downloading data from yfinance
2024-11-03 10:17:59,517 - utils_portfolio - INFO - Checking if we have correct date
2024-11-03 10:17:59,517 - utils_strategy - INFO - XLI - downloading data from yfinance
2024-11-03 10:17:59,789 - utils_portfolio - INFO - Checking if we have correct date
2024-11-03 10:17:59,789 - root - INFO - Portfolio p3 symbols actions - {}
2024-11-03 10:17:59,789 - utils_portfolio - INFO - Submitting orders to close existing positions
2024-11-03 10:17:59,789 - utils_portfolio - INFO - Updating state of portfolio - p3
2024-11-03 10:17:59,789 - utils_portfolio - INFO - Calculating closed trades stats
2024-11-03 10:17:59,789 - utils_portfolio - INFO - Processing symbol - TSLA
2024-11-03 10:18:00,174 - utils_portfolio - INFO - Processing symbol - NVDA
2024-11-03 10:18:00,393 - utils_portfolio - INFO - Processing symbol - AMD
2024-11-03 10:18:00,514 - utils_portfolio - INFO - Processing symbol - QQQ
2024-11-03 10:18:00,695 - utils_portfolio - INFO - Processing symbol - AMZN
2024-11-03 10:18:00,840 - utils_portfolio - INFO - Processing symbol - TQQQ
2024-11-03 10:18:00,964 - utils_portfolio - INFO - Processing symbol - VOO
2024-11-03 10:18:01,108 - utils_portfolio - INFO - Processing symbol - BABA
2024-11-03 10:18:01,243 - utils_portfolio - INFO - Processing symbol - BA
2024-11-03 10:18:01,413 - utils_portfolio - INFO - Processing symbol - XLI
2024-11-03 10:18:01,565 - utils_portfolio - INFO - Calculating open trades stats
2024-11-03 10:18:01,566 - utils_portfolio - INFO - Processing symbol - TSLA
2024-11-03 10:18:02,003 - utils_portfolio - INFO - Processing symbol - NVDA
2024-11-03 10:18:02,117 - utils_portfolio - INFO - Processing symbol - AMD
2024-11-03 10:18:02,230 - utils_portfolio - INFO - Processing symbol - QQQ
2024-11-03 10:18:02,401 - utils_portfolio - INFO - Processing symbol - AMZN
2024-11-03 10:18:02,727 - utils_portfolio - INFO - Processing symbol - TQQQ
2024-11-03 10:18:02,839 - utils_portfolio - INFO - Processing symbol - VOO
2024-11-03 10:18:02,954 - utils_portfolio - INFO - Processing symbol - BABA
2024-11-03 10:18:03,066 - utils_portfolio - INFO - Processing symbol - BA
2024-11-03 10:18:03,340 - utils_portfolio - INFO - Processing symbol - XLI
2024-11-03 10:18:03,583 - utils_portfolio - INFO - Portfolio p3 - calculating position sizes
2024-11-03 10:18:03,608 - root - INFO - Portfolio p3 position sizes - symbol
TSLA    511.72
NVDA    511.72
AMD     511.72
QQQ     511.72
AMZN    514.07
TQQQ    511.72
VOO     511.72
BABA    511.72
BA      514.07
XLI     511.72
Name: position, dtype: float64
2024-11-03 10:18:03,608 - utils_portfolio - INFO - Submitting orders to open positions
2024-11-03 10:18:03,609 - root - INFO - XXXXXXXXXXXXXXXXXXXX --- Portfolio p3 - DONE --- XXXXXXXXXXXXXXXXXXXX
2024-11-03 10:18:03,609 - utils_portfolio - INFO - Updating info of portfolio - p4
2024-11-03 10:18:03,739 - utils_portfolio - INFO - Calculating symbols weights
2024-11-03 10:18:03,739 - root - INFO - Portfolio p4 symbols weights - {'RIOT': 0.05, 'NEE': 0.05, 'SLV': 0.05, 'SHOP': 0.05, 'FAST': 0.05, 'SPXL': 0.05, 'VALE': 0.05, 'SNAP': 0.05, 'WDC': 0.05, 'MO': 0.05, 'PM': 0.05, 'SQ': 0.05, 'PDD': 0.05, 'ABBV': 0.05, 'ON': 0.05, 'UPRO': 0.05, 'TSLL': 0.05, 'PBR': 0.05, 'MP': 0.05, 'U': 0.05}
2024-11-03 10:18:03,740 - utils_strategy - INFO - RIOT - downloading data from yfinance
2024-11-03 10:18:03,889 - utils_portfolio - INFO - Checking if we have correct date
2024-11-03 10:18:03,890 - utils_strategy - INFO - NEE - downloading data from yfinance
2024-11-03 10:18:04,229 - utils_portfolio - INFO - Checking if we have correct date
2024-11-03 10:18:04,230 - utils_strategy - INFO - SLV - downloading data from yfinance
2024-11-03 10:18:04,390 - utils_portfolio - INFO - Checking if we have correct date
2024-11-03 10:18:04,391 - utils_strategy - INFO - SHOP - downloading data from yfinance
2024-11-03 10:18:04,552 - utils_portfolio - INFO - Checking if we have correct date
2024-11-03 10:18:04,552 - utils_strategy - INFO - FAST - downloading data from yfinance
2024-11-03 10:18:04,888 - utils_portfolio - INFO - Checking if we have correct date
2024-11-03 10:18:04,888 - utils_strategy - INFO - SPXL - downloading data from yfinance
2024-11-03 10:18:05,240 - utils_portfolio - INFO - Checking if we have correct date
2024-11-03 10:18:05,240 - utils_strategy - INFO - VALE - downloading data from yfinance
2024-11-03 10:18:05,469 - utils_portfolio - INFO - Checking if we have correct date
2024-11-03 10:18:05,470 - utils_strategy - INFO - SNAP - downloading data from yfinance
2024-11-03 10:18:05,624 - utils_portfolio - INFO - Checking if we have correct date
2024-11-03 10:18:05,624 - utils_strategy - INFO - WDC - downloading data from yfinance
2024-11-03 10:18:05,824 - utils_portfolio - INFO - Checking if we have correct date
2024-11-03 10:18:05,825 - utils_strategy - INFO - MO - downloading data from yfinance
2024-11-03 10:18:06,111 - utils_portfolio - INFO - Checking if we have correct date
2024-11-03 10:18:06,111 - utils_strategy - INFO - PM - downloading data from yfinance
2024-11-03 10:18:06,287 - utils_portfolio - INFO - Checking if we have correct date
2024-11-03 10:18:06,287 - utils_strategy - INFO - SQ - downloading data from yfinance
2024-11-03 10:18:06,407 - utils_portfolio - INFO - Checking if we have correct date
2024-11-03 10:18:06,408 - utils_strategy - INFO - PDD - downloading data from yfinance
2024-11-03 10:18:06,501 - utils_portfolio - INFO - Checking if we have correct date
2024-11-03 10:18:06,502 - utils_strategy - INFO - ABBV - downloading data from yfinance
2024-11-03 10:18:06,636 - utils_portfolio - INFO - Checking if we have correct date
2024-11-03 10:18:06,637 - utils_strategy - INFO - ON - downloading data from yfinance
2024-11-03 10:18:06,789 - utils_portfolio - INFO - Checking if we have correct date
2024-11-03 10:18:06,789 - utils_strategy - INFO - UPRO - downloading data from yfinance
2024-11-03 10:18:07,053 - utils_portfolio - INFO - Checking if we have correct date
2024-11-03 10:18:07,053 - utils_strategy - INFO - TSLL - downloading data from yfinance
2024-11-03 10:18:07,152 - utils_portfolio - INFO - Checking if we have correct date
2024-11-03 10:18:07,153 - utils_strategy - INFO - PBR - downloading data from yfinance
2024-11-03 10:18:07,400 - utils_portfolio - INFO - Checking if we have correct date
2024-11-03 10:18:07,400 - utils_strategy - INFO - MP - downloading data from yfinance
2024-11-03 10:18:07,487 - utils_portfolio - INFO - Checking if we have correct date
2024-11-03 10:18:07,487 - utils_strategy - INFO - U - downloading data from yfinance
2024-11-03 10:18:07,569 - utils_portfolio - INFO - Checking if we have correct date
2024-11-03 10:18:07,569 - root - INFO - Portfolio p4 symbols actions - {}
2024-11-03 10:18:07,569 - utils_portfolio - INFO - Submitting orders to close existing positions
2024-11-03 10:18:07,569 - utils_portfolio - INFO - Updating state of portfolio - p4
2024-11-03 10:18:07,569 - utils_portfolio - INFO - Calculating closed trades stats
2024-11-03 10:18:07,569 - utils_portfolio - INFO - Processing symbol - RIOT
2024-11-03 10:18:07,924 - utils_portfolio - INFO - Processing symbol - NEE
2024-11-03 10:18:08,058 - utils_portfolio - INFO - Processing symbol - SLV
2024-11-03 10:18:08,204 - utils_portfolio - INFO - Processing symbol - SHOP
2024-11-03 10:18:08,329 - utils_portfolio - INFO - Processing symbol - FAST
2024-11-03 10:18:08,482 - utils_portfolio - INFO - Processing symbol - SPXL
2024-11-03 10:18:08,631 - utils_portfolio - INFO - Processing symbol - VALE
2024-11-03 10:18:08,778 - utils_portfolio - INFO - Processing symbol - SNAP
2024-11-03 10:18:08,988 - utils_portfolio - INFO - Processing symbol - WDC
2024-11-03 10:18:09,121 - utils_portfolio - INFO - Processing symbol - MO
2024-11-03 10:18:09,284 - utils_portfolio - INFO - Processing symbol - PM
2024-11-03 10:18:09,411 - utils_portfolio - INFO - Processing symbol - SQ
2024-11-03 10:18:09,548 - utils_portfolio - INFO - Processing symbol - PDD
2024-11-03 10:18:09,674 - utils_portfolio - INFO - Processing symbol - ABBV
2024-11-03 10:18:09,803 - utils_portfolio - INFO - Processing symbol - ON
2024-11-03 10:18:09,941 - utils_portfolio - INFO - Processing symbol - UPRO
2024-11-03 10:18:10,069 - utils_portfolio - INFO - Processing symbol - TSLL
2024-11-03 10:18:10,201 - utils_portfolio - INFO - Processing symbol - PBR
2024-11-03 10:18:10,421 - utils_portfolio - INFO - Processing symbol - MP
2024-11-03 10:18:10,626 - utils_portfolio - INFO - Processing symbol - U
2024-11-03 10:18:10,835 - utils_portfolio - INFO - Calculating open trades stats
2024-11-03 10:18:10,836 - utils_portfolio - INFO - Processing symbol - RIOT
2024-11-03 10:18:11,214 - utils_portfolio - INFO - Processing symbol - NEE
2024-11-03 10:18:11,410 - utils_portfolio - INFO - Processing symbol - SLV
2024-11-03 10:18:11,615 - utils_portfolio - INFO - Processing symbol - SHOP
2024-11-03 10:18:11,729 - utils_portfolio - INFO - Processing symbol - FAST
2024-11-03 10:18:12,145 - utils_portfolio - INFO - Processing symbol - SPXL
2024-11-03 10:18:12,332 - utils_portfolio - INFO - Processing symbol - VALE
2024-11-03 10:18:12,537 - utils_portfolio - INFO - Processing symbol - SNAP
2024-11-03 10:18:12,960 - utils_portfolio - INFO - Processing symbol - WDC
2024-11-03 10:18:13,151 - utils_portfolio - INFO - Processing symbol - MO
2024-11-03 10:18:13,409 - utils_portfolio - INFO - Processing symbol - PM
2024-11-03 10:18:13,650 - utils_portfolio - INFO - Processing symbol - SQ
2024-11-03 10:18:13,869 - utils_portfolio - INFO - Processing symbol - PDD
2024-11-03 10:18:14,071 - utils_portfolio - INFO - Processing symbol - ABBV
2024-11-03 10:18:14,498 - utils_portfolio - INFO - Processing symbol - ON
2024-11-03 10:18:14,686 - utils_portfolio - INFO - Processing symbol - UPRO
2024-11-03 10:18:14,891 - utils_portfolio - INFO - Processing symbol - TSLL
2024-11-03 10:18:15,097 - utils_portfolio - INFO - Processing symbol - PBR
2024-11-03 10:18:15,306 - utils_portfolio - INFO - Processing symbol - MP
2024-11-03 10:18:15,913 - utils_portfolio - INFO - Processing symbol - U
2024-11-03 10:18:16,102 - utils_portfolio - INFO - Portfolio p4 - calculating position sizes
2024-11-03 10:18:16,123 - root - INFO - Portfolio p4 position sizes - symbol
RIOT    269.63
NEE     269.63
SLV     269.63
SHOP    269.63
FAST    270.44
SPXL    269.63
VALE    269.63
SNAP    270.44
WDC     269.63
MO      270.44
PM      270.44
SQ      269.63
PDD     269.63
ABBV    270.44
ON      269.63
UPRO    269.63
TSLL    269.63
PBR     269.63
MP      270.44
U       269.63
Name: position, dtype: float64
2024-11-03 10:18:16,124 - utils_portfolio - INFO - Submitting orders to open positions
2024-11-03 10:18:16,124 - root - INFO - XXXXXXXXXXXXXXXXXXXX --- Portfolio p4 - DONE --- XXXXXXXXXXXXXXXXXXXX
2024-11-03 10:18:16,124 - utils_portfolio - INFO - Updating whole portfolio state
2024-11-03 10:18:16,889 - utils_portfolio - INFO - Calculating open trades stats
2024-11-03 10:18:16,890 - utils_portfolio - INFO - Processing symbol - PLTR
2024-11-03 10:18:17,498 - utils_portfolio - INFO - Processing symbol - BTC/USD
2024-11-03 10:18:17,611 - utils_portfolio - INFO - Processing symbol - AAL
2024-11-03 10:18:17,890 - utils_portfolio - INFO - Processing symbol - VRT
2024-11-03 10:18:18,005 - utils_portfolio - INFO - Processing symbol - GBTC
2024-11-03 10:18:18,167 - utils_portfolio - INFO - Processing symbol - DELL
2024-11-03 10:18:18,311 - utils_portfolio - INFO - Processing symbol - GM
2024-11-03 10:18:18,697 - utils_portfolio - INFO - Processing symbol - IYR
2024-11-03 10:18:18,812 - utils_portfolio - INFO - Processing symbol - DKNG
2024-11-03 10:18:18,926 - utils_portfolio - INFO - Processing symbol - EBAY
2024-11-03 10:18:19,041 - utils_portfolio - INFO - Processing symbol - CRWD
2024-11-03 10:18:19,326 - utils_portfolio - INFO - Processing symbol - AAPL
2024-11-03 10:18:19,441 - utils_portfolio - INFO - Processing symbol - GOOGL
2024-11-03 10:18:19,739 - utils_portfolio - INFO - Processing symbol - META
2024-11-03 10:18:20,027 - utils_portfolio - INFO - Processing symbol - MRVL
2024-11-03 10:18:20,438 - utils_portfolio - INFO - Processing symbol - MSTR
2024-11-03 10:18:20,627 - utils_portfolio - INFO - Processing symbol - SCHD
2024-11-03 10:18:20,874 - utils_portfolio - INFO - Processing symbol - BITO
2024-11-03 10:18:21,036 - utils_portfolio - INFO - Processing symbol - AVGO
2024-11-03 10:18:21,241 - utils_portfolio - INFO - Processing symbol - SOUN
2024-11-03 10:18:21,356 - utils_portfolio - INFO - Processing symbol - TSLA
2024-11-03 10:18:21,469 - utils_portfolio - INFO - Processing symbol - NVDA
2024-11-03 10:18:21,651 - utils_portfolio - INFO - Processing symbol - AMD
2024-11-03 10:18:21,856 - utils_portfolio - INFO - Processing symbol - QQQ
2024-11-03 10:18:21,971 - utils_portfolio - INFO - Processing symbol - AMZN
2024-11-03 10:18:22,382 - utils_portfolio - INFO - Processing symbol - TQQQ
2024-11-03 10:18:22,572 - utils_portfolio - INFO - Processing symbol - VOO
2024-11-03 10:18:22,782 - utils_portfolio - INFO - Processing symbol - BABA
2024-11-03 10:18:22,982 - utils_portfolio - INFO - Processing symbol - BA
2024-11-03 10:18:23,407 - utils_portfolio - INFO - Processing symbol - XLI
2024-11-03 10:18:23,597 - utils_portfolio - INFO - Processing symbol - RIOT
2024-11-03 10:18:23,801 - utils_portfolio - INFO - Processing symbol - NEE
2024-11-03 10:18:24,006 - utils_portfolio - INFO - Processing symbol - SLV
2024-11-03 10:18:24,209 - utils_portfolio - INFO - Processing symbol - SHOP
2024-11-03 10:18:24,416 - utils_portfolio - INFO - Processing symbol - FAST
2024-11-03 10:18:24,840 - utils_portfolio - INFO - Processing symbol - SPXL
2024-11-03 10:18:24,970 - utils_portfolio - INFO - Processing symbol - VALE
2024-11-03 10:18:25,131 - utils_portfolio - INFO - Processing symbol - SNAP
2024-11-03 10:18:25,549 - utils_portfolio - INFO - Processing symbol - WDC
2024-11-03 10:18:25,746 - utils_portfolio - INFO - Processing symbol - MO
2024-11-03 10:18:26,253 - utils_portfolio - INFO - Processing symbol - PM
2024-11-03 10:18:26,520 - utils_portfolio - INFO - Processing symbol - SQ
2024-11-03 10:18:26,667 - utils_portfolio - INFO - Processing symbol - PDD
2024-11-03 10:18:26,803 - utils_portfolio - INFO - Processing symbol - ABBV
2024-11-03 10:18:27,036 - utils_portfolio - INFO - Processing symbol - ON
2024-11-03 10:18:27,180 - utils_portfolio - INFO - Processing symbol - UPRO
2024-11-03 10:18:27,385 - utils_portfolio - INFO - Processing symbol - TSLL
2024-11-03 10:18:27,590 - utils_portfolio - INFO - Processing symbol - PBR
2024-11-03 10:18:27,794 - utils_portfolio - INFO - Processing symbol - MP
2024-11-03 10:18:28,042 - utils_portfolio - INFO - Processing symbol - U
2024-11-03 10:18:28,166 - utils_portfolio - INFO - Calculating closed trades stats
2024-11-03 10:18:28,166 - utils_portfolio - INFO - Processing symbol - PLTR
2024-11-03 10:18:28,642 - utils_portfolio - INFO - Processing symbol - BTC/USD
2024-11-03 10:18:28,796 - utils_portfolio - INFO - Processing symbol - AAL
2024-11-03 10:18:28,925 - utils_portfolio - INFO - Processing symbol - VRT
2024-11-03 10:18:29,154 - utils_portfolio - INFO - Processing symbol - GBTC
2024-11-03 10:18:29,366 - utils_portfolio - INFO - Processing symbol - DELL
2024-11-03 10:18:29,574 - utils_portfolio - INFO - Processing symbol - GM
2024-11-03 10:18:29,840 - utils_portfolio - INFO - Processing symbol - IYR
2024-11-03 10:18:29,992 - utils_portfolio - INFO - Processing symbol - DKNG
2024-11-03 10:18:30,164 - utils_portfolio - INFO - Processing symbol - EBAY
2024-11-03 10:18:30,388 - utils_portfolio - INFO - Processing symbol - CRWD
2024-11-03 10:18:30,596 - utils_portfolio - INFO - Processing symbol - AAPL
2024-11-03 10:18:30,801 - utils_portfolio - INFO - Processing symbol - GOOGL
2024-11-03 10:18:31,000 - utils_portfolio - INFO - Processing symbol - META
2024-11-03 10:18:31,153 - utils_portfolio - INFO - Processing symbol - MRVL
2024-11-03 10:18:31,300 - utils_portfolio - INFO - Processing symbol - MSTR
2024-11-03 10:18:31,510 - utils_portfolio - INFO - Processing symbol - SCHD
2024-11-03 10:18:31,664 - utils_portfolio - INFO - Processing symbol - BITO
2024-11-03 10:18:31,816 - utils_portfolio - INFO - Processing symbol - AVGO
2024-11-03 10:18:31,964 - utils_portfolio - INFO - Processing symbol - SOUN
2024-11-03 10:18:32,121 - utils_portfolio - INFO - Processing symbol - TSLA
2024-11-03 10:18:32,252 - utils_portfolio - INFO - Processing symbol - NVDA
2024-11-03 10:18:32,439 - utils_portfolio - INFO - Processing symbol - AMD
2024-11-03 10:18:32,746 - utils_portfolio - INFO - Processing symbol - QQQ
2024-11-03 10:18:32,892 - utils_portfolio - INFO - Processing symbol - AMZN
2024-11-03 10:18:33,132 - utils_portfolio - INFO - Processing symbol - TQQQ
2024-11-03 10:18:33,361 - utils_portfolio - INFO - Processing symbol - VOO
2024-11-03 10:18:33,568 - utils_portfolio - INFO - Processing symbol - BABA
2024-11-03 10:18:33,771 - utils_portfolio - INFO - Processing symbol - BA
2024-11-03 10:18:33,923 - utils_portfolio - INFO - Processing symbol - XLI
2024-11-03 10:18:34,258 - utils_portfolio - INFO - Processing symbol - RIOT
2024-11-03 10:18:34,486 - utils_portfolio - INFO - Processing symbol - NEE
2024-11-03 10:18:34,692 - utils_portfolio - INFO - Processing symbol - SLV
2024-11-03 10:18:34,881 - utils_portfolio - INFO - Processing symbol - SHOP
2024-11-03 10:18:35,100 - utils_portfolio - INFO - Processing symbol - FAST
2024-11-03 10:18:35,303 - utils_portfolio - INFO - Processing symbol - SPXL
2024-11-03 10:18:35,508 - utils_portfolio - INFO - Processing symbol - VALE
2024-11-03 10:18:35,713 - utils_portfolio - INFO - Processing symbol - SNAP
2024-11-03 10:18:35,868 - utils_portfolio - INFO - Processing symbol - WDC
2024-11-03 10:18:36,022 - utils_portfolio - INFO - Processing symbol - MO
2024-11-03 10:18:36,327 - utils_portfolio - INFO - Processing symbol - PM
2024-11-03 10:18:36,532 - utils_portfolio - INFO - Processing symbol - SQ
2024-11-03 10:18:36,719 - utils_portfolio - INFO - Processing symbol - PDD
2024-11-03 10:18:36,848 - utils_portfolio - INFO - Processing symbol - ABBV
2024-11-03 10:18:36,998 - utils_portfolio - INFO - Processing symbol - ON
2024-11-03 10:18:37,225 - utils_portfolio - INFO - Processing symbol - UPRO
2024-11-03 10:18:37,373 - utils_portfolio - INFO - Processing symbol - TSLL
2024-11-03 10:18:37,560 - utils_portfolio - INFO - Processing symbol - PBR
2024-11-03 10:18:37,867 - utils_portfolio - INFO - Processing symbol - MP
2024-11-03 10:18:38,012 - utils_portfolio - INFO - Processing symbol - U
2024-11-03 10:18:38,221 - utils_portfolio - INFO - Updating state of symbols
2024-11-03 10:18:38,221 - utils_portfolio - INFO - Calculating closed trades stats
2024-11-03 10:18:38,222 - utils_portfolio - INFO - Processing symbol - AMD
2024-11-03 10:18:38,686 - utils_portfolio - INFO - Processing symbol - UPRO
2024-11-03 10:18:38,838 - utils_portfolio - INFO - Processing symbol - VOO
2024-11-03 10:18:38,991 - utils_portfolio - INFO - Processing symbol - AVGO
2024-11-03 10:18:39,144 - utils_portfolio - INFO - Processing symbol - TSLA
2024-11-03 10:18:39,342 - utils_portfolio - INFO - Processing symbol - AAPL
2024-11-03 10:18:39,508 - utils_portfolio - INFO - Processing symbol - SNAP
2024-11-03 10:18:39,699 - utils_portfolio - INFO - Processing symbol - XLI
2024-11-03 10:18:39,854 - utils_portfolio - INFO - Processing symbol - AAL
2024-11-03 10:18:39,983 - utils_portfolio - INFO - Processing symbol - NVDA
2024-11-03 10:18:40,109 - utils_portfolio - INFO - Processing symbol - BTC/USD
2024-11-03 10:18:40,234 - utils_portfolio - INFO - Processing symbol - GM
2024-11-03 10:18:40,387 - utils_portfolio - INFO - Processing symbol - AMZN
2024-11-03 10:18:40,531 - utils_portfolio - INFO - Processing symbol - MO
2024-11-03 10:18:40,669 - utils_portfolio - INFO - Processing symbol - BITO
2024-11-03 10:18:40,803 - utils_portfolio - INFO - Processing symbol - RIOT
2024-11-03 10:18:40,937 - utils_portfolio - INFO - Processing symbol - VALE
2024-11-03 10:18:41,069 - utils_portfolio - INFO - Processing symbol - VRT
2024-11-03 10:18:41,195 - utils_portfolio - INFO - Processing symbol - SQ
2024-11-03 10:18:41,325 - utils_portfolio - INFO - Processing symbol - SOUN
2024-11-03 10:18:41,481 - utils_portfolio - INFO - Processing symbol - TQQQ
2024-11-03 10:18:41,653 - utils_portfolio - INFO - Processing symbol - SCHD
2024-11-03 10:18:41,859 - utils_portfolio - INFO - Processing symbol - META
2024-11-03 10:18:42,003 - utils_portfolio - INFO - Processing symbol - NEE
2024-11-03 10:18:42,160 - utils_portfolio - INFO - Processing symbol - PM
2024-11-03 10:18:42,286 - utils_portfolio - INFO - Processing symbol - SHOP
2024-11-03 10:18:42,437 - utils_portfolio - INFO - Processing symbol - SPXL
2024-11-03 10:18:42,677 - utils_portfolio - INFO - Processing symbol - IYR
2024-11-03 10:18:42,882 - utils_portfolio - INFO - Processing symbol - WDC
2024-11-03 10:18:43,038 - utils_portfolio - INFO - Processing symbol - DKNG
2024-11-03 10:18:43,267 - utils_portfolio - INFO - Processing symbol - SLV
2024-11-03 10:18:43,500 - utils_portfolio - INFO - Processing symbol - BABA
2024-11-03 10:18:43,703 - utils_portfolio - INFO - Processing symbol - PDD
2024-11-03 10:18:43,909 - utils_portfolio - INFO - Processing symbol - PBR
2024-11-03 10:18:44,111 - utils_portfolio - INFO - Processing symbol - MSTR
2024-11-03 10:18:44,294 - utils_portfolio - INFO - Processing symbol - MP
2024-11-03 10:18:44,523 - utils_portfolio - INFO - Processing symbol - FAST
2024-11-03 10:18:44,726 - utils_portfolio - INFO - Processing symbol - DELL
2024-11-03 10:18:44,927 - utils_portfolio - INFO - Processing symbol - BA
2024-11-03 10:18:45,134 - utils_portfolio - INFO - Processing symbol - ON
2024-11-03 10:18:45,321 - utils_portfolio - INFO - Processing symbol - U
2024-11-03 10:18:45,546 - utils_portfolio - INFO - Processing symbol - ABBV
2024-11-03 10:18:45,747 - utils_portfolio - INFO - Processing symbol - QQQ
2024-11-03 10:18:45,953 - utils_portfolio - INFO - Processing symbol - EBAY
2024-11-03 10:18:46,162 - utils_portfolio - INFO - Processing symbol - GBTC
2024-11-03 10:18:46,296 - utils_portfolio - INFO - Processing symbol - CRWD
2024-11-03 10:18:46,446 - utils_portfolio - INFO - Processing symbol - TSLL
2024-11-03 10:18:46,596 - utils_portfolio - INFO - Processing symbol - GOOGL
2024-11-03 10:18:46,749 - utils_portfolio - INFO - Processing symbol - PLTR
2024-11-03 10:18:46,980 - utils_portfolio - INFO - Processing symbol - MRVL
2024-11-03 10:18:47,188 - utils_portfolio - INFO - Calculating open trades stats
2024-11-03 10:18:47,190 - utils_portfolio - INFO - Processing symbol - AMD
2024-11-03 10:18:47,537 - utils_portfolio - INFO - Processing symbol - UPRO
2024-11-03 10:18:47,763 - utils_portfolio - INFO - Processing symbol - VOO
2024-11-03 10:18:47,968 - utils_portfolio - INFO - Processing symbol - AVGO
2024-11-03 10:18:48,172 - utils_portfolio - INFO - Processing symbol - TSLA
2024-11-03 10:18:48,377 - utils_portfolio - INFO - Processing symbol - AAPL
2024-11-03 10:18:48,582 - utils_portfolio - INFO - Processing symbol - SNAP
2024-11-03 10:18:49,004 - utils_portfolio - INFO - Processing symbol - XLI
2024-11-03 10:18:49,120 - utils_portfolio - INFO - Processing symbol - AAL
2024-11-03 10:18:49,363 - utils_portfolio - INFO - Processing symbol - NVDA
2024-11-03 10:18:49,503 - utils_portfolio - INFO - Processing symbol - BTC/USD
2024-11-03 10:18:49,708 - utils_portfolio - INFO - Processing symbol - GM
2024-11-03 10:18:50,071 - utils_portfolio - INFO - Processing symbol - AMZN
2024-11-03 10:18:50,342 - utils_portfolio - INFO - Processing symbol - MO
2024-11-03 10:18:50,588 - utils_portfolio - INFO - Processing symbol - BITO
2024-11-03 10:18:50,700 - utils_portfolio - INFO - Processing symbol - RIOT
2024-11-03 10:18:50,813 - utils_portfolio - INFO - Processing symbol - VALE
2024-11-03 10:18:50,926 - utils_portfolio - INFO - Processing symbol - VRT
2024-11-03 10:18:51,145 - utils_portfolio - INFO - Processing symbol - SQ
2024-11-03 10:18:51,261 - utils_portfolio - INFO - Processing symbol - SOUN
2024-11-03 10:18:51,372 - utils_portfolio - INFO - Processing symbol - TQQQ
2024-11-03 10:18:51,553 - utils_portfolio - INFO - Processing symbol - SCHD
2024-11-03 10:18:51,976 - utils_portfolio - INFO - Processing symbol - META
2024-11-03 10:18:52,220 - utils_portfolio - INFO - Processing symbol - NEE
2024-11-03 10:18:52,331 - utils_portfolio - INFO - Processing symbol - PM
2024-11-03 10:18:52,606 - utils_portfolio - INFO - Processing symbol - SHOP
2024-11-03 10:18:52,722 - utils_portfolio - INFO - Processing symbol - SPXL
2024-11-03 10:18:52,882 - utils_portfolio - INFO - Processing symbol - IYR
2024-11-03 10:18:53,089 - utils_portfolio - INFO - Processing symbol - WDC
2024-11-03 10:18:53,290 - utils_portfolio - INFO - Processing symbol - DKNG
2024-11-03 10:18:53,497 - utils_portfolio - INFO - Processing symbol - SLV
2024-11-03 10:18:53,701 - utils_portfolio - INFO - Processing symbol - BABA
2024-11-03 10:18:53,906 - utils_portfolio - INFO - Processing symbol - PDD
2024-11-03 10:18:54,111 - utils_portfolio - INFO - Processing symbol - PBR
2024-11-03 10:18:54,303 - utils_portfolio - INFO - Processing symbol - MSTR
2024-11-03 10:18:54,415 - utils_portfolio - INFO - Processing symbol - MP
2024-11-03 10:18:54,842 - utils_portfolio - INFO - Processing symbol - FAST
2024-11-03 10:18:55,242 - utils_portfolio - INFO - Processing symbol - DELL
2024-11-03 10:18:55,442 - utils_portfolio - INFO - Processing symbol - BA
2024-11-03 10:18:55,870 - utils_portfolio - INFO - Processing symbol - ON
2024-11-03 10:18:56,057 - utils_portfolio - INFO - Processing symbol - U
2024-11-03 10:18:56,259 - utils_portfolio - INFO - Processing symbol - ABBV
2024-11-03 10:18:56,678 - utils_portfolio - INFO - Processing symbol - QQQ
2024-11-03 10:18:56,791 - utils_portfolio - INFO - Processing symbol - EBAY
2024-11-03 10:18:56,907 - utils_portfolio - INFO - Processing symbol - GBTC
2024-11-03 10:18:57,022 - utils_portfolio - INFO - Processing symbol - CRWD
2024-11-03 10:18:57,304 - utils_portfolio - INFO - Processing symbol - TSLL
2024-11-03 10:18:57,491 - utils_portfolio - INFO - Processing symbol - GOOGL
2024-11-03 10:18:57,829 - utils_portfolio - INFO - Processing symbol - PLTR
2024-11-03 10:18:58,104 - utils_portfolio - INFO - Processing symbol - MRVL
2024-11-03 10:18:58,635 - utils_portfolio - INFO - Updating symbol stats - AMD
2024-11-03 10:18:58,709 - utils_portfolio - INFO - Updating symbol stats - UPRO
2024-11-03 10:18:58,746 - utils_portfolio - INFO - Updating symbol stats - VOO
2024-11-03 10:18:58,789 - utils_portfolio - INFO - Updating symbol stats - AVGO
2024-11-03 10:18:58,824 - utils_portfolio - INFO - Updating symbol stats - TSLA
2024-11-03 10:18:58,865 - utils_portfolio - INFO - Updating symbol stats - AAPL
2024-11-03 10:18:58,903 - utils_portfolio - INFO - Updating symbol stats - SNAP
2024-11-03 10:18:58,936 - utils_portfolio - INFO - Updating symbol stats - XLI
2024-11-03 10:18:58,968 - utils_portfolio - INFO - Updating symbol stats - AAL
2024-11-03 10:18:59,000 - utils_portfolio - INFO - Updating symbol stats - NVDA
2024-11-03 10:18:59,032 - utils_portfolio - INFO - Updating symbol stats - BTC/USD
2024-11-03 10:18:59,063 - utils_portfolio - INFO - Updating symbol stats - GM
2024-11-03 10:18:59,099 - utils_portfolio - INFO - Updating symbol stats - AMZN
2024-11-03 10:18:59,143 - utils_portfolio - INFO - Updating symbol stats - MO
2024-11-03 10:18:59,187 - utils_portfolio - INFO - Updating symbol stats - BITO
2024-11-03 10:18:59,220 - utils_portfolio - INFO - Updating symbol stats - RIOT
2024-11-03 10:18:59,261 - utils_portfolio - INFO - Updating symbol stats - VALE
2024-11-03 10:18:59,294 - utils_portfolio - INFO - Updating symbol stats - VRT
2024-11-03 10:18:59,328 - utils_portfolio - INFO - Updating symbol stats - SQ
2024-11-03 10:18:59,363 - utils_portfolio - INFO - Updating symbol stats - SOUN
2024-11-03 10:18:59,395 - utils_portfolio - INFO - Updating symbol stats - TQQQ
2024-11-03 10:18:59,427 - utils_portfolio - INFO - Updating symbol stats - SCHD
2024-11-03 10:18:59,459 - utils_portfolio - INFO - Updating symbol stats - META
2024-11-03 10:18:59,493 - utils_portfolio - INFO - Updating symbol stats - NEE
2024-11-03 10:18:59,524 - utils_portfolio - INFO - Updating symbol stats - PM
2024-11-03 10:18:59,556 - utils_portfolio - INFO - Updating symbol stats - SHOP
2024-11-03 10:18:59,588 - utils_portfolio - INFO - Updating symbol stats - SPXL
2024-11-03 10:18:59,618 - utils_portfolio - INFO - Updating symbol stats - IYR
2024-11-03 10:18:59,651 - utils_portfolio - INFO - Updating symbol stats - WDC
2024-11-03 10:18:59,683 - utils_portfolio - INFO - Updating symbol stats - DKNG
2024-11-03 10:18:59,715 - utils_portfolio - INFO - Updating symbol stats - SLV
2024-11-03 10:18:59,749 - utils_portfolio - INFO - Updating symbol stats - BABA
2024-11-03 10:18:59,782 - utils_portfolio - INFO - Updating symbol stats - PDD
2024-11-03 10:18:59,815 - utils_portfolio - INFO - Updating symbol stats - PBR
2024-11-03 10:18:59,848 - utils_portfolio - INFO - Updating symbol stats - MSTR
2024-11-03 10:18:59,884 - utils_portfolio - INFO - Updating symbol stats - MP
2024-11-03 10:18:59,915 - utils_portfolio - INFO - Updating symbol stats - FAST
2024-11-03 10:18:59,950 - utils_portfolio - INFO - Updating symbol stats - DELL
2024-11-03 10:18:59,982 - utils_portfolio - INFO - Updating symbol stats - BA
2024-11-03 10:19:00,014 - utils_portfolio - INFO - Updating symbol stats - ON
2024-11-03 10:19:00,047 - utils_portfolio - INFO - Updating symbol stats - U
2024-11-03 10:19:00,080 - utils_portfolio - INFO - Updating symbol stats - ABBV
2024-11-03 10:19:00,112 - utils_portfolio - INFO - Updating symbol stats - QQQ
2024-11-03 10:19:00,144 - utils_portfolio - INFO - Updating symbol stats - EBAY
2024-11-03 10:19:00,177 - utils_portfolio - INFO - Updating symbol stats - GBTC
2024-11-03 10:19:00,209 - utils_portfolio - INFO - Updating symbol stats - CRWD
2024-11-03 10:19:00,249 - utils_portfolio - INFO - Updating symbol stats - TSLL
2024-11-03 10:19:00,295 - utils_portfolio - INFO - Updating symbol stats - GOOGL
2024-11-03 10:19:00,328 - utils_portfolio - INFO - Updating symbol stats - PLTR
2024-11-03 10:19:00,364 - utils_portfolio - INFO - Updating symbol stats - MRVL
2024-11-03 10:19:00,400 - utils_portfolio - INFO - Updating state of strategies
2024-11-03 10:19:00,401 - utils_portfolio - INFO - Calculating closed trades stats
2024-11-03 10:19:00,402 - utils_portfolio - INFO - Processing symbol - PLTR
2024-11-03 10:19:00,989 - utils_portfolio - INFO - Processing symbol - BTC/USD
2024-11-03 10:19:01,144 - utils_portfolio - INFO - Processing symbol - AAL
2024-11-03 10:19:01,296 - utils_portfolio - INFO - Processing symbol - VRT
2024-11-03 10:19:01,521 - utils_portfolio - INFO - Processing symbol - GBTC
2024-11-03 10:19:01,725 - utils_portfolio - INFO - Processing symbol - DELL
2024-11-03 10:19:01,877 - utils_portfolio - INFO - Processing symbol - GM
2024-11-03 10:19:02,109 - utils_portfolio - INFO - Processing symbol - IYR
2024-11-03 10:19:02,312 - utils_portfolio - INFO - Processing symbol - DKNG
2024-11-03 10:19:02,465 - utils_portfolio - INFO - Processing symbol - EBAY
2024-11-03 10:19:02,647 - utils_portfolio - INFO - Processing symbol - CRWD
2024-11-03 10:19:02,804 - utils_portfolio - INFO - Processing symbol - AAPL
2024-11-03 10:19:02,955 - utils_portfolio - INFO - Processing symbol - GOOGL
2024-11-03 10:19:03,106 - utils_portfolio - INFO - Processing symbol - META
2024-11-03 10:19:03,339 - utils_portfolio - INFO - Processing symbol - MRVL
2024-11-03 10:19:03,572 - utils_portfolio - INFO - Processing symbol - MSTR
2024-11-03 10:19:03,774 - utils_portfolio - INFO - Processing symbol - SCHD
2024-11-03 10:19:03,956 - utils_portfolio - INFO - Processing symbol - BITO
2024-11-03 10:19:04,183 - utils_portfolio - INFO - Processing symbol - AVGO
2024-11-03 10:19:04,386 - utils_portfolio - INFO - Processing symbol - SOUN
2024-11-03 10:19:04,591 - utils_portfolio - INFO - Processing symbol - TSLA
2024-11-03 10:19:04,775 - utils_portfolio - INFO - Processing symbol - NVDA
2024-11-03 10:19:05,001 - utils_portfolio - INFO - Processing symbol - AMD
2024-11-03 10:19:05,206 - utils_portfolio - INFO - Processing symbol - QQQ
2024-11-03 10:19:05,409 - utils_portfolio - INFO - Processing symbol - AMZN
2024-11-03 10:19:05,598 - utils_portfolio - INFO - Processing symbol - TQQQ
2024-11-03 10:19:05,814 - utils_portfolio - INFO - Processing symbol - VOO
2024-11-03 10:19:06,021 - utils_portfolio - INFO - Processing symbol - BABA
2024-11-03 10:19:06,232 - utils_portfolio - INFO - Processing symbol - BA
2024-11-03 10:19:06,362 - utils_portfolio - INFO - Processing symbol - XLI
2024-11-03 10:19:06,537 - utils_portfolio - INFO - Processing symbol - RIOT
2024-11-03 10:19:06,741 - utils_portfolio - INFO - Processing symbol - NEE
2024-11-03 10:19:06,931 - utils_portfolio - INFO - Processing symbol - SLV
2024-11-03 10:19:07,153 - utils_portfolio - INFO - Processing symbol - SHOP
2024-11-03 10:19:07,329 - utils_portfolio - INFO - Processing symbol - FAST
2024-11-03 10:19:07,501 - utils_portfolio - INFO - Processing symbol - SPXL
2024-11-03 10:19:07,664 - utils_portfolio - INFO - Processing symbol - VALE
2024-11-03 10:19:07,872 - utils_portfolio - INFO - Processing symbol - SNAP
2024-11-03 10:19:08,023 - utils_portfolio - INFO - Processing symbol - WDC
2024-11-03 10:19:08,281 - utils_portfolio - INFO - Processing symbol - MO
2024-11-03 10:19:08,424 - utils_portfolio - INFO - Processing symbol - PM
2024-11-03 10:19:08,586 - utils_portfolio - INFO - Processing symbol - SQ
2024-11-03 10:19:08,792 - utils_portfolio - INFO - Processing symbol - PDD
2024-11-03 10:19:08,983 - utils_portfolio - INFO - Processing symbol - ABBV
2024-11-03 10:19:09,199 - utils_portfolio - INFO - Processing symbol - ON
2024-11-03 10:19:09,380 - utils_portfolio - INFO - Processing symbol - UPRO
2024-11-03 10:19:09,527 - utils_portfolio - INFO - Processing symbol - TSLL
2024-11-03 10:19:09,712 - utils_portfolio - INFO - Processing symbol - PBR
2024-11-03 10:19:09,917 - utils_portfolio - INFO - Processing symbol - MP
2024-11-03 10:19:10,122 - utils_portfolio - INFO - Processing symbol - U
2024-11-03 10:19:10,307 - utils_portfolio - INFO - Calculating open trades stats
2024-11-03 10:19:10,308 - utils_portfolio - INFO - Processing symbol - PLTR
2024-11-03 10:19:10,700 - utils_portfolio - INFO - Processing symbol - BTC/USD
2024-11-03 10:19:10,905 - utils_portfolio - INFO - Processing symbol - AAL
2024-11-03 10:19:11,318 - utils_portfolio - INFO - Processing symbol - VRT
2024-11-03 10:19:11,519 - utils_portfolio - INFO - Processing symbol - GBTC
2024-11-03 10:19:11,635 - utils_portfolio - INFO - Processing symbol - DELL
2024-11-03 10:19:11,826 - utils_portfolio - INFO - Processing symbol - GM
2024-11-03 10:19:12,210 - utils_portfolio - INFO - Processing symbol - IYR
2024-11-03 10:19:12,336 - utils_portfolio - INFO - Processing symbol - DKNG
2024-11-03 10:19:12,449 - utils_portfolio - INFO - Processing symbol - EBAY
2024-11-03 10:19:12,588 - utils_portfolio - INFO - Processing symbol - CRWD
2024-11-03 10:19:12,866 - utils_portfolio - INFO - Processing symbol - AAPL
2024-11-03 10:19:13,055 - utils_portfolio - INFO - Processing symbol - GOOGL
2024-11-03 10:19:13,364 - utils_portfolio - INFO - Processing symbol - META
2024-11-03 10:19:13,890 - utils_portfolio - INFO - Processing symbol - MRVL
2024-11-03 10:19:14,291 - utils_portfolio - INFO - Processing symbol - MSTR
2024-11-03 10:19:14,488 - utils_portfolio - INFO - Processing symbol - SCHD
2024-11-03 10:19:14,914 - utils_portfolio - INFO - Processing symbol - BITO
2024-11-03 10:19:15,103 - utils_portfolio - INFO - Processing symbol - AVGO
2024-11-03 10:19:15,309 - utils_portfolio - INFO - Processing symbol - SOUN
2024-11-03 10:19:15,423 - utils_portfolio - INFO - Processing symbol - TSLA
2024-11-03 10:19:15,538 - utils_portfolio - INFO - Processing symbol - NVDA
2024-11-03 10:19:15,657 - utils_portfolio - INFO - Processing symbol - AMD
2024-11-03 10:19:15,922 - utils_portfolio - INFO - Processing symbol - QQQ
2024-11-03 10:19:16,127 - utils_portfolio - INFO - Processing symbol - AMZN
2024-11-03 10:19:16,522 - utils_portfolio - INFO - Processing symbol - TQQQ
2024-11-03 10:19:16,637 - utils_portfolio - INFO - Processing symbol - VOO
2024-11-03 10:19:16,752 - utils_portfolio - INFO - Processing symbol - BABA
2024-11-03 10:19:16,888 - utils_portfolio - INFO - Processing symbol - BA
2024-11-03 10:19:17,136 - utils_portfolio - INFO - Processing symbol - XLI
2024-11-03 10:19:17,354 - utils_portfolio - INFO - Processing symbol - RIOT
2024-11-03 10:19:17,561 - utils_portfolio - INFO - Processing symbol - NEE
2024-11-03 10:19:17,706 - utils_portfolio - INFO - Processing symbol - SLV
2024-11-03 10:19:17,970 - utils_portfolio - INFO - Processing symbol - SHOP
2024-11-03 10:19:18,174 - utils_portfolio - INFO - Processing symbol - FAST
2024-11-03 10:19:18,413 - utils_portfolio - INFO - Processing symbol - SPXL
2024-11-03 10:19:18,526 - utils_portfolio - INFO - Processing symbol - VALE
2024-11-03 10:19:18,893 - utils_portfolio - INFO - Processing symbol - SNAP
2024-11-03 10:19:19,308 - utils_portfolio - INFO - Processing symbol - WDC
2024-11-03 10:19:19,506 - utils_portfolio - INFO - Processing symbol - MO
2024-11-03 10:19:19,840 - utils_portfolio - INFO - Processing symbol - PM
2024-11-03 10:19:20,250 - utils_portfolio - INFO - Processing symbol - SQ
2024-11-03 10:19:20,530 - utils_portfolio - INFO - Processing symbol - PDD
2024-11-03 10:19:20,734 - utils_portfolio - INFO - Processing symbol - ABBV
2024-11-03 10:19:21,048 - utils_portfolio - INFO - Processing symbol - ON
2024-11-03 10:19:21,451 - utils_portfolio - INFO - Processing symbol - UPRO
2024-11-03 10:19:21,759 - utils_portfolio - INFO - Processing symbol - TSLL
2024-11-03 10:19:21,964 - utils_portfolio - INFO - Processing symbol - PBR
2024-11-03 10:19:22,169 - utils_portfolio - INFO - Processing symbol - MP
2024-11-03 10:19:22,490 - utils_portfolio - INFO - Processing symbol - U
2024-11-03 10:19:22,854 - root - INFO - XXXXXXXXXXXXXXXXXXXX --- Everything DONE --- XXXXXXXXXXXXXXXXXXXX
