2025-01-26 18:08:48,854 - root - INFO - Logger is setup
2025-01-26 18:08:48,961 - utils_portfolio - INFO - Updating info of portfolio - p1
2025-01-26 18:08:49,621 - utils_portfolio - INFO - Calculating symbols weights
2025-01-26 18:08:49,622 - root - INFO - Portfolio p1 symbols weights - {'ACB': 0.01, 'ACN': 0.01, 'ADBE': 0.01, 'ALB': 0.01, 'AMAT': 0.01, 'AMD': 0.01, 'AMT': 0.01, 'AMZN': 0.01, 'ANET': 0.01, 'ARKK': 0.01, 'AVGO': 0.01, 'BA': 0.01, 'BABA': 0.01, 'BMY': 0.01, 'BSX': 0.01, 'CMCSA': 0.01, 'COP': 0.01, 'CSX': 0.01, 'CVNA': 0.01, 'CVX': 0.01, 'DAL': 0.01, 'DELL': 0.01, 'ENPH': 0.01, 'ETN': 0.01, 'F': 0.01, 'FXI': 0.01, 'GBTC': 0.01, 'GDX': 0.01, 'GDXJ': 0.01, 'GE': 0.01, 'GLD': 0.01, 'GM': 0.01, 'GOOG': 0.01, 'HAL': 0.01, 'HBAN': 0.01, 'HPQ': 0.01, 'HYG': 0.01, 'INTC': 0.01, 'IP': 0.01, 'JNJ': 0.01, 'KEY': 0.01, 'KMI': 0.01, 'KMX': 0.01, 'LOW': 0.01, 'LUV': 0.01, 'MCD': 0.01, 'MDLZ': 0.01, 'MDT': 0.01, 'META': 0.01, 'MMM': 0.01, 'MRIN': 0.01, 'MRO': 0.01, 'MRVL': 0.01, 'MSTR': 0.01, 'NCLH': 0.01, 'NEE': 0.01, 'NEM': 0.01, 'NXPL': 0.01, 'ON': 0.01, 'ORCL': 0.01, 'OXY': 0.01, 'PAAS': 0.01, 'PANW': 0.01, 'PARA': 0.01, 'PLD': 0.01, 'PM': 0.01, 'PYPL': 0.01, 'QCOM': 0.01, 'QLD': 0.01, 'QQQ': 0.01, 'RSP': 0.01, 'RUN': 0.01, 'SCHD': 0.01, 'SHEL': 0.01, 'SHOP': 0.01, 'SIRI': 0.01, 'SMCI': 0.01, 'SNAP': 0.01, 'SOXL': 0.01, 'SPY': 0.01, 'SQQQ': 0.01, 'T': 0.01, 'TFC': 0.01, 'TJX': 0.01, 'TLT': 0.01, 'TMUS': 0.01, 'TZA': 0.01, 'UVXY': 0.01, 'V': 0.01, 'VST': 0.01, 'VTI': 0.01, 'VZ': 0.01, 'WBA': 0.01, 'WFC': 0.01, 'WMB': 0.01, 'WMT': 0.01, 'XLF': 0.01, 'XLU': 0.01, 'XOM': 0.01, 'ZTS': 0.01}
2025-01-26 18:08:49,622 - utils_strategy - INFO - ACB - downloading data from yfinance
2025-01-26 18:08:53,385 - utils_portfolio - INFO - Checking if we have correct date
2025-01-26 18:08:53,386 - utils_strategy - INFO - ACN - downloading data from yfinance
2025-01-26 18:09:00,384 - utils_portfolio - INFO - Checking if we have correct date
2025-01-26 18:09:00,385 - utils_strategy - INFO - ADBE - downloading data from yfinance
2025-01-26 18:09:08,043 - utils_portfolio - INFO - Checking if we have correct date
2025-01-26 18:09:08,044 - utils_strategy - INFO - ALB - downloading data from yfinance
2025-01-26 18:09:15,523 - utils_portfolio - INFO - Checking if we have correct date
2025-01-26 18:09:15,523 - utils_strategy - INFO - AMAT - downloading data from yfinance
2025-01-26 18:09:23,654 - utils_portfolio - INFO - Checking if we have correct date
2025-01-26 18:09:23,655 - utils_strategy - INFO - AMD - downloading data from yfinance
2025-01-26 18:09:31,577 - utils_portfolio - INFO - Checking if we have correct date
2025-01-26 18:09:31,578 - utils_strategy - INFO - AMT - downloading data from yfinance
2025-01-26 18:09:39,185 - utils_portfolio - INFO - Checking if we have correct date
2025-01-26 18:09:39,185 - utils_strategy - INFO - AMZN - downloading data from yfinance
2025-01-26 18:09:47,056 - utils_portfolio - INFO - Checking if we have correct date
2025-01-26 18:09:47,057 - utils_strategy - INFO - ANET - downloading data from yfinance
2025-01-26 18:09:50,713 - utils_portfolio - INFO - Checking if we have correct date
2025-01-26 18:09:50,713 - utils_strategy - INFO - ARKK - downloading data from yfinance
2025-01-26 18:09:54,517 - utils_portfolio - INFO - Checking if we have correct date
2025-01-26 18:09:54,517 - utils_strategy - INFO - AVGO - downloading data from yfinance
2025-01-26 18:09:59,766 - utils_portfolio - INFO - Checking if we have correct date
2025-01-26 18:09:59,766 - utils_strategy - INFO - BA - downloading data from yfinance
2025-01-26 18:10:07,695 - utils_portfolio - INFO - Checking if we have correct date
2025-01-26 18:10:07,695 - utils_strategy - INFO - BABA - downloading data from yfinance
2025-01-26 18:10:11,391 - utils_portfolio - INFO - Checking if we have correct date
2025-01-26 18:10:11,391 - utils_strategy - INFO - BMY - downloading data from yfinance
2025-01-26 18:10:19,062 - utils_portfolio - INFO - Checking if we have correct date
2025-01-26 18:10:19,062 - utils_strategy - INFO - BSX - downloading data from yfinance
2025-01-26 18:10:27,417 - utils_portfolio - INFO - Checking if we have correct date
2025-01-26 18:10:27,418 - utils_strategy - INFO - CMCSA - downloading data from yfinance
2025-01-26 18:10:35,415 - utils_portfolio - INFO - Checking if we have correct date
2025-01-26 18:10:35,416 - utils_strategy - INFO - COP - downloading data from yfinance
2025-01-26 18:10:43,398 - utils_portfolio - INFO - Checking if we have correct date
2025-01-26 18:10:43,398 - utils_strategy - INFO - CSX - downloading data from yfinance
2025-01-26 18:10:51,115 - utils_portfolio - INFO - Checking if we have correct date
2025-01-26 18:10:51,115 - utils_strategy - INFO - CVNA - downloading data from yfinance
2025-01-26 18:10:54,143 - utils_portfolio - INFO - Checking if we have correct date
2025-01-26 18:10:54,143 - utils_strategy - INFO - CVX - downloading data from yfinance
2025-01-26 18:11:02,098 - utils_portfolio - INFO - Checking if we have correct date
2025-01-26 18:11:02,099 - utils_strategy - INFO - DAL - downloading data from yfinance
2025-01-26 18:11:08,129 - utils_portfolio - INFO - Checking if we have correct date
2025-01-26 18:11:08,130 - utils_strategy - INFO - DELL - downloading data from yfinance
2025-01-26 18:11:11,515 - utils_portfolio - INFO - Checking if we have correct date
2025-01-26 18:11:11,515 - utils_strategy - INFO - ENPH - downloading data from yfinance
2025-01-26 18:11:16,087 - utils_portfolio - INFO - Checking if we have correct date
2025-01-26 18:11:16,087 - utils_strategy - INFO - ETN - downloading data from yfinance
2025-01-26 18:11:24,338 - utils_portfolio - INFO - Checking if we have correct date
2025-01-26 18:11:24,338 - utils_strategy - INFO - F - downloading data from yfinance
2025-01-26 18:11:32,890 - utils_portfolio - INFO - Checking if we have correct date
2025-01-26 18:11:32,890 - utils_strategy - INFO - FXI - downloading data from yfinance
2025-01-26 18:11:39,658 - utils_portfolio - INFO - Checking if we have correct date
2025-01-26 18:11:39,658 - utils_strategy - INFO - GBTC - downloading data from yfinance
2025-01-26 18:11:43,261 - utils_portfolio - INFO - Checking if we have correct date
2025-01-26 18:11:43,261 - utils_strategy - INFO - GDX - downloading data from yfinance
2025-01-26 18:11:49,269 - utils_portfolio - INFO - Checking if we have correct date
2025-01-26 18:11:49,269 - utils_strategy - INFO - GDXJ - downloading data from yfinance
2025-01-26 18:11:54,385 - utils_portfolio - INFO - Checking if we have correct date
2025-01-26 18:11:54,386 - utils_strategy - INFO - GE - downloading data from yfinance
2025-01-26 18:12:03,065 - utils_portfolio - INFO - Checking if we have correct date
2025-01-26 18:12:03,065 - utils_strategy - INFO - GLD - downloading data from yfinance
2025-01-26 18:12:09,890 - utils_portfolio - INFO - Checking if we have correct date
2025-01-26 18:12:09,890 - utils_strategy - INFO - GM - downloading data from yfinance
2025-01-26 18:12:14,911 - utils_portfolio - INFO - Checking if we have correct date
2025-01-26 18:12:14,911 - utils_strategy - INFO - GOOG - downloading data from yfinance
2025-01-26 18:12:21,614 - utils_portfolio - INFO - Checking if we have correct date
2025-01-26 18:12:21,614 - utils_strategy - INFO - HAL - downloading data from yfinance
2025-01-26 18:12:29,876 - utils_portfolio - INFO - Checking if we have correct date
2025-01-26 18:12:29,877 - utils_strategy - INFO - HBAN - downloading data from yfinance
2025-01-26 18:12:38,573 - utils_portfolio - INFO - Checking if we have correct date
2025-01-26 18:12:38,574 - utils_strategy - INFO - HPQ - downloading data from yfinance
2025-01-26 18:12:46,957 - utils_portfolio - INFO - Checking if we have correct date
2025-01-26 18:12:46,958 - utils_strategy - INFO - HYG - downloading data from yfinance
2025-01-26 18:12:53,069 - utils_portfolio - INFO - Checking if we have correct date
2025-01-26 18:12:53,069 - utils_strategy - INFO - INTC - downloading data from yfinance
2025-01-26 18:13:01,248 - utils_portfolio - INFO - Checking if we have correct date
2025-01-26 18:13:01,249 - utils_strategy - INFO - IP - downloading data from yfinance
2025-01-26 18:13:09,598 - utils_portfolio - INFO - Checking if we have correct date
2025-01-26 18:13:09,599 - utils_strategy - INFO - JNJ - downloading data from yfinance
2025-01-26 18:13:18,215 - utils_portfolio - INFO - Checking if we have correct date
2025-01-26 18:13:18,215 - utils_strategy - INFO - KEY - downloading data from yfinance
2025-01-26 18:13:26,460 - utils_portfolio - INFO - Checking if we have correct date
2025-01-26 18:13:26,461 - utils_strategy - INFO - KMI - downloading data from yfinance
2025-01-26 18:13:31,313 - utils_portfolio - INFO - Checking if we have correct date
2025-01-26 18:13:31,313 - utils_strategy - INFO - KMX - downloading data from yfinance
2025-01-26 18:13:39,232 - utils_portfolio - INFO - Checking if we have correct date
2025-01-26 18:13:39,232 - utils_strategy - INFO - LOW - downloading data from yfinance
2025-01-26 18:13:47,703 - utils_portfolio - INFO - Checking if we have correct date
2025-01-26 18:13:47,704 - utils_strategy - INFO - LUV - downloading data from yfinance
2025-01-26 18:13:56,152 - utils_portfolio - INFO - Checking if we have correct date
2025-01-26 18:13:56,152 - utils_strategy - INFO - MCD - downloading data from yfinance
2025-01-26 18:14:04,111 - utils_portfolio - INFO - Checking if we have correct date
2025-01-26 18:14:04,112 - utils_strategy - INFO - MDLZ - downloading data from yfinance
2025-01-26 18:14:11,829 - utils_portfolio - INFO - Checking if we have correct date
2025-01-26 18:14:11,829 - utils_strategy - INFO - MDT - downloading data from yfinance
2025-01-26 18:14:20,319 - utils_portfolio - INFO - Checking if we have correct date
2025-01-26 18:14:20,320 - utils_strategy - INFO - META - downloading data from yfinance
2025-01-26 18:14:25,040 - utils_portfolio - INFO - Checking if we have correct date
2025-01-26 18:14:25,040 - utils_strategy - INFO - MMM - downloading data from yfinance
2025-01-26 18:14:33,313 - utils_portfolio - INFO - Checking if we have correct date
2025-01-26 18:14:33,313 - utils_strategy - INFO - MRIN - downloading data from yfinance
2025-01-26 18:14:37,807 - utils_portfolio - INFO - Checking if we have correct date
2025-01-26 18:14:37,808 - utils_strategy - INFO - MRO - downloading data from yfinance
2025-01-26 18:14:39,291 - yfinance - ERROR - 
1 Failed download:
2025-01-26 18:14:39,291 - yfinance - ERROR - ['MRO']: Exception('%ticker%: No data found, symbol may be delisted')
2025-01-26 18:14:39,296 - utils_strategy - WARNING - MRO - No data available from yfinance
2025-01-26 18:14:39,505 - root - WARNING - MRO - in data prep or during data download occured an error, skipping symbol: Argument 'high' has incorrect type (expected numpy.ndarray, got NoneType)
2025-01-26 18:14:39,506 - utils_strategy - INFO - MRVL - downloading data from yfinance
2025-01-26 18:14:48,483 - utils_portfolio - INFO - Checking if we have correct date
2025-01-26 18:14:48,483 - utils_strategy - INFO - MSTR - downloading data from yfinance
2025-01-26 18:14:57,910 - utils_portfolio - INFO - Checking if we have correct date
2025-01-26 18:14:57,910 - utils_strategy - INFO - NCLH - downloading data from yfinance
2025-01-26 18:15:02,599 - utils_portfolio - INFO - Checking if we have correct date
2025-01-26 18:15:02,599 - utils_strategy - INFO - NEE - downloading data from yfinance
2025-01-26 18:15:11,545 - utils_portfolio - INFO - Checking if we have correct date
2025-01-26 18:15:11,545 - utils_strategy - INFO - NEM - downloading data from yfinance
2025-01-26 18:15:19,868 - utils_portfolio - INFO - Checking if we have correct date
2025-01-26 18:15:19,869 - utils_strategy - INFO - NXPL - downloading data from yfinance
2025-01-26 18:15:28,145 - utils_portfolio - INFO - Checking if we have correct date
2025-01-26 18:15:28,145 - utils_strategy - INFO - ON - downloading data from yfinance
2025-01-26 18:15:36,508 - utils_portfolio - INFO - Checking if we have correct date
2025-01-26 18:15:36,508 - utils_strategy - INFO - ORCL - downloading data from yfinance
2025-01-26 18:15:44,789 - utils_portfolio - INFO - Checking if we have correct date
2025-01-26 18:15:44,790 - utils_strategy - INFO - OXY - downloading data from yfinance
2025-01-26 18:15:54,392 - utils_portfolio - INFO - Checking if we have correct date
2025-01-26 18:15:54,393 - utils_strategy - INFO - PAAS - downloading data from yfinance
2025-01-26 18:16:03,627 - utils_portfolio - INFO - Checking if we have correct date
2025-01-26 18:16:03,627 - utils_strategy - INFO - PANW - downloading data from yfinance
2025-01-26 18:16:08,902 - utils_portfolio - INFO - Checking if we have correct date
2025-01-26 18:16:08,902 - utils_strategy - INFO - PARA - downloading data from yfinance
2025-01-26 18:16:16,078 - utils_portfolio - INFO - Checking if we have correct date
2025-01-26 18:16:16,078 - utils_strategy - INFO - PLD - downloading data from yfinance
2025-01-26 18:16:26,340 - utils_portfolio - INFO - Checking if we have correct date
2025-01-26 18:16:26,340 - utils_strategy - INFO - PM - downloading data from yfinance
2025-01-26 18:16:32,799 - utils_portfolio - INFO - Checking if we have correct date
2025-01-26 18:16:32,799 - utils_strategy - INFO - PYPL - downloading data from yfinance
2025-01-26 18:16:37,936 - utils_portfolio - INFO - Checking if we have correct date
2025-01-26 18:16:37,937 - utils_strategy - INFO - QCOM - downloading data from yfinance
2025-01-26 18:16:46,884 - utils_portfolio - INFO - Checking if we have correct date
2025-01-26 18:16:46,885 - utils_strategy - INFO - QLD - downloading data from yfinance
2025-01-26 18:16:53,675 - utils_portfolio - INFO - Checking if we have correct date
2025-01-26 18:16:53,675 - utils_strategy - INFO - QQQ - downloading data from yfinance
2025-01-26 18:17:02,266 - utils_portfolio - INFO - Checking if we have correct date
2025-01-26 18:17:02,266 - utils_strategy - INFO - RSP - downloading data from yfinance
2025-01-26 18:17:09,955 - utils_portfolio - INFO - Checking if we have correct date
2025-01-26 18:17:09,956 - utils_strategy - INFO - RUN - downloading data from yfinance
2025-01-26 18:17:13,678 - utils_portfolio - INFO - Checking if we have correct date
2025-01-26 18:17:13,678 - utils_strategy - INFO - SCHD - downloading data from yfinance
2025-01-26 18:17:18,513 - utils_portfolio - INFO - Checking if we have correct date
2025-01-26 18:17:18,513 - utils_strategy - INFO - SHEL - downloading data from yfinance
2025-01-26 18:17:26,770 - utils_portfolio - INFO - Checking if we have correct date
2025-01-26 18:17:26,770 - utils_strategy - INFO - SHOP - downloading data from yfinance
2025-01-26 18:17:30,514 - utils_portfolio - INFO - Checking if we have correct date
2025-01-26 18:17:30,514 - utils_strategy - INFO - SIRI - downloading data from yfinance
2025-01-26 18:17:38,857 - utils_portfolio - INFO - Checking if we have correct date
2025-01-26 18:17:38,858 - utils_strategy - INFO - SMCI - downloading data from yfinance
2025-01-26 18:17:44,940 - utils_portfolio - INFO - Checking if we have correct date
2025-01-26 18:17:44,940 - utils_strategy - INFO - SNAP - downloading data from yfinance
2025-01-26 18:17:48,172 - utils_portfolio - INFO - Checking if we have correct date
2025-01-26 18:17:48,173 - utils_strategy - INFO - SOXL - downloading data from yfinance
2025-01-26 18:17:53,320 - utils_portfolio - INFO - Checking if we have correct date
2025-01-26 18:17:53,320 - utils_strategy - INFO - SPY - downloading data from yfinance
2025-01-26 18:18:02,321 - utils_portfolio - INFO - Checking if we have correct date
2025-01-26 18:18:02,322 - utils_strategy - INFO - SQQQ - downloading data from yfinance
2025-01-26 18:18:07,861 - utils_portfolio - INFO - Checking if we have correct date
2025-01-26 18:18:07,862 - utils_strategy - INFO - T - downloading data from yfinance
2025-01-26 18:18:16,319 - utils_portfolio - INFO - Checking if we have correct date
2025-01-26 18:18:16,319 - utils_strategy - INFO - TFC - downloading data from yfinance
2025-01-26 18:18:24,598 - utils_portfolio - INFO - Checking if we have correct date
2025-01-26 18:18:24,599 - utils_strategy - INFO - TJX - downloading data from yfinance
2025-01-26 18:18:33,033 - utils_portfolio - INFO - Checking if we have correct date
2025-01-26 18:18:33,033 - utils_strategy - INFO - TLT - downloading data from yfinance
2025-01-26 18:18:40,703 - utils_portfolio - INFO - Checking if we have correct date
2025-01-26 18:18:40,703 - utils_strategy - INFO - TMUS - downloading data from yfinance
2025-01-26 18:18:46,928 - utils_portfolio - INFO - Checking if we have correct date
2025-01-26 18:18:46,929 - utils_strategy - INFO - TZA - downloading data from yfinance
2025-01-26 18:18:52,590 - utils_portfolio - INFO - Checking if we have correct date
2025-01-26 18:18:52,591 - utils_strategy - INFO - UVXY - downloading data from yfinance
2025-01-26 18:18:57,386 - utils_portfolio - INFO - Checking if we have correct date
2025-01-26 18:18:57,386 - utils_strategy - INFO - V - downloading data from yfinance
2025-01-26 18:19:03,383 - utils_portfolio - INFO - Checking if we have correct date
2025-01-26 18:19:03,383 - utils_strategy - INFO - VST - downloading data from yfinance
2025-01-26 18:19:06,839 - utils_portfolio - INFO - Checking if we have correct date
2025-01-26 18:19:06,840 - utils_strategy - INFO - VTI - downloading data from yfinance
2025-01-26 18:19:14,534 - utils_portfolio - INFO - Checking if we have correct date
2025-01-26 18:19:14,535 - utils_strategy - INFO - VZ - downloading data from yfinance
2025-01-26 18:19:22,842 - utils_portfolio - INFO - Checking if we have correct date
2025-01-26 18:19:22,842 - utils_strategy - INFO - WBA - downloading data from yfinance
2025-01-26 18:19:31,208 - utils_portfolio - INFO - Checking if we have correct date
2025-01-26 18:19:31,209 - utils_strategy - INFO - WFC - downloading data from yfinance
2025-01-26 18:19:39,742 - utils_portfolio - INFO - Checking if we have correct date
2025-01-26 18:19:39,743 - utils_strategy - INFO - WMB - downloading data from yfinance
2025-01-26 18:19:48,146 - utils_portfolio - INFO - Checking if we have correct date
2025-01-26 18:19:48,147 - utils_strategy - INFO - WMT - downloading data from yfinance
2025-01-26 18:19:56,673 - utils_portfolio - INFO - Checking if we have correct date
2025-01-26 18:19:56,673 - utils_strategy - INFO - XLF - downloading data from yfinance
2025-01-26 18:20:05,092 - utils_portfolio - INFO - Checking if we have correct date
2025-01-26 18:20:05,093 - utils_strategy - INFO - XLU - downloading data from yfinance
2025-01-26 18:20:13,963 - utils_portfolio - INFO - Checking if we have correct date
2025-01-26 18:20:13,964 - utils_strategy - INFO - XOM - downloading data from yfinance
2025-01-26 18:20:22,256 - utils_portfolio - INFO - Checking if we have correct date
2025-01-26 18:20:22,257 - utils_strategy - INFO - ZTS - downloading data from yfinance
2025-01-26 18:20:26,695 - utils_portfolio - INFO - Checking if we have correct date
2025-01-26 18:20:26,695 - root - INFO - Portfolio p1 symbols actions - {}
2025-01-26 18:20:26,695 - utils_portfolio - INFO - Submitting orders to close existing positions
2025-01-26 18:20:26,696 - utils_portfolio - INFO - Updating state of portfolio - p1
2025-01-26 18:20:26,696 - utils_portfolio - INFO - Calculating closed trades stats
2025-01-26 18:20:26,697 - utils_portfolio - INFO - Processing symbol - ACB
2025-01-26 18:20:27,270 - utils_portfolio - INFO - Processing symbol - ACN
2025-01-26 18:20:27,477 - utils_portfolio - INFO - Processing symbol - ADBE
2025-01-26 18:20:27,683 - utils_portfolio - INFO - Processing symbol - ALB
2025-01-26 18:20:27,887 - utils_portfolio - INFO - Processing symbol - AMAT
2025-01-26 18:20:28,093 - utils_portfolio - INFO - Processing symbol - AMD
2025-01-26 18:20:28,298 - utils_portfolio - INFO - Processing symbol - AMT
2025-01-26 18:20:28,502 - utils_portfolio - INFO - Processing symbol - AMZN
2025-01-26 18:20:28,707 - utils_portfolio - INFO - Processing symbol - ANET
2025-01-26 18:20:28,899 - utils_portfolio - INFO - Processing symbol - ARKK
2025-01-26 18:20:29,021 - utils_portfolio - INFO - Processing symbol - AVGO
2025-01-26 18:20:29,140 - utils_portfolio - INFO - Processing symbol - BA
2025-01-26 18:20:29,314 - utils_portfolio - INFO - Processing symbol - BABA
2025-01-26 18:20:29,520 - utils_portfolio - INFO - Processing symbol - BMY
2025-01-26 18:20:29,730 - utils_portfolio - INFO - Processing symbol - BSX
2025-01-26 18:20:29,884 - utils_portfolio - INFO - Processing symbol - CMCSA
2025-01-26 18:20:30,038 - utils_portfolio - INFO - Processing symbol - COP
2025-01-26 18:20:30,244 - utils_portfolio - INFO - Processing symbol - CSX
2025-01-26 18:20:30,449 - utils_portfolio - INFO - Processing symbol - CVNA
