2024-07-15 13:45:05,372 - root - INFO - Logger is setup
2024-07-15 13:45:05,414 - utils_portfolio - INFO - Updating whole portfolio state
2024-07-15 13:45:06,640 - utils_portfolio - INFO - Calculating open trades stats
2024-07-15 13:45:06,640 - utils_portfolio - INFO - Processing symbol - PLTR
2024-07-15 13:45:07,468 - utils_portfolio - INFO - Processing symbol - BTC/USD
2024-07-15 13:45:07,700 - utils_portfolio - WARNING - Unable to get any closed orders even if position is open - BTCUSD
2024-07-15 13:45:07,701 - utils_portfolio - INFO - Processing symbol - AAL
2024-07-15 13:45:07,871 - utils_portfolio - INFO - Processing symbol - VRT
2024-07-15 13:45:08,291 - utils_portfolio - INFO - Processing symbol - GBTC
2024-07-15 13:45:08,484 - utils_portfolio - INFO - Processing symbol - DELL
2024-07-15 13:45:08,691 - utils_portfolio - INFO - Processing symbol - GM
2024-07-15 13:45:08,892 - utils_portfolio - INFO - Processing symbol - IYR
2024-07-15 13:45:09,308 - utils_portfolio - INFO - Processing symbol - DKNG
2024-07-15 13:45:09,418 - utils_portfolio - INFO - Processing symbol - EBAY
2024-07-15 13:45:09,611 - utils_portfolio - INFO - Processing symbol - CRWD
2024-07-15 13:45:09,814 - utils_portfolio - INFO - Processing symbol - AAPL
2024-07-15 13:45:10,235 - utils_portfolio - INFO - Processing symbol - GOOGL
2024-07-15 13:45:10,554 - utils_portfolio - INFO - Processing symbol - META
2024-07-15 13:45:10,668 - utils_portfolio - INFO - Processing symbol - MRVL
2024-07-15 13:45:10,952 - utils_portfolio - INFO - Processing symbol - MSTR
2024-07-15 13:45:11,146 - utils_portfolio - INFO - Processing symbol - SCHD
2024-07-15 13:45:11,561 - utils_portfolio - INFO - Processing symbol - BITO
2024-07-15 13:45:11,761 - utils_portfolio - INFO - Processing symbol - AVGO
2024-07-15 13:45:12,177 - utils_portfolio - INFO - Processing symbol - SOUN
2024-07-15 13:45:12,586 - utils_portfolio - INFO - Processing symbol - TSLA
2024-07-15 13:45:13,011 - utils_portfolio - INFO - Processing symbol - NVDA
2024-07-15 13:45:13,404 - utils_portfolio - INFO - Processing symbol - AMD
2024-07-15 13:45:13,823 - utils_portfolio - INFO - Processing symbol - QQQ
2024-07-15 13:45:14,223 - utils_portfolio - INFO - Processing symbol - AMZN
2024-07-15 13:45:14,550 - utils_portfolio - INFO - Processing symbol - TQQQ
2024-07-15 13:45:14,783 - utils_portfolio - INFO - Processing symbol - VOO
2024-07-15 13:45:15,151 - utils_portfolio - INFO - Processing symbol - BABA
2024-07-15 13:45:15,555 - utils_portfolio - INFO - Processing symbol - BA
2024-07-15 13:45:15,971 - utils_portfolio - INFO - Processing symbol - XLI
2024-07-15 13:45:16,380 - utils_portfolio - INFO - Processing symbol - RIOT
2024-07-15 13:45:16,573 - utils_portfolio - INFO - Processing symbol - NEE
2024-07-15 13:45:16,892 - utils_portfolio - INFO - Processing symbol - SLV
2024-07-15 13:45:17,297 - utils_portfolio - INFO - Processing symbol - SHOP
2024-07-15 13:45:17,614 - utils_portfolio - INFO - Processing symbol - FAST
2024-07-15 13:45:17,852 - utils_portfolio - INFO - Processing symbol - SPXL
2024-07-15 13:45:18,326 - utils_portfolio - INFO - Processing symbol - VALE
2024-07-15 13:45:18,729 - utils_portfolio - INFO - Processing symbol - SNAP
2024-07-15 13:45:18,928 - utils_portfolio - INFO - Processing symbol - WDC
2024-07-15 13:45:19,352 - utils_portfolio - INFO - Processing symbol - MO
2024-07-15 13:45:19,758 - utils_portfolio - INFO - Processing symbol - PM
2024-07-15 13:45:20,170 - utils_portfolio - INFO - Processing symbol - SQ
2024-07-15 13:45:20,363 - utils_portfolio - INFO - Processing symbol - PDD
2024-07-15 13:45:20,693 - utils_portfolio - INFO - Processing symbol - ABBV
2024-07-15 13:45:20,989 - utils_portfolio - INFO - Processing symbol - ON
2024-07-15 13:45:21,398 - utils_portfolio - INFO - Processing symbol - UPRO
2024-07-15 13:45:21,805 - utils_portfolio - INFO - Processing symbol - TSLL
2024-07-15 13:45:22,003 - utils_portfolio - INFO - Processing symbol - PBR
2024-07-15 13:45:22,427 - utils_portfolio - INFO - Processing symbol - MP
2024-07-15 13:45:22,830 - utils_portfolio - INFO - Processing symbol - U
