2024-08-06 12:41:34,290 - root - INFO - Logger is setup
2024-08-06 12:41:34,343 - utils_portfolio - INFO - Updating whole portfolio state
2024-08-06 12:41:35,513 - utils_portfolio - INFO - Calculating open trades stats
2024-08-06 12:41:35,513 - utils_portfolio - INFO - Processing symbol - PLTR
2024-08-06 12:41:36,132 - utils_portfolio - INFO - Processing symbol - BTC/USD
2024-08-06 12:41:36,337 - utils_portfolio - INFO - Processing symbol - AAL
2024-08-06 12:41:36,543 - utils_portfolio - INFO - Processing symbol - VRT
2024-08-06 12:41:36,748 - utils_portfolio - INFO - Processing symbol - GBTC
2024-08-06 12:41:36,955 - utils_portfolio - INFO - Processing symbol - DELL
2024-08-06 12:41:37,160 - utils_portfolio - INFO - Processing symbol - GM
2024-08-06 12:41:37,365 - utils_portfolio - INFO - Processing symbol - IYR
2024-08-06 12:41:37,827 - utils_portfolio - INFO - Processing symbol - DKNG
2024-08-06 12:41:37,983 - utils_portfolio - INFO - Processing symbol - EBAY
2024-08-06 12:41:38,399 - utils_portfolio - INFO - Processing symbol - CRWD
2024-08-06 12:41:38,599 - utils_portfolio - INFO - Processing symbol - AAPL
2024-08-06 12:41:38,805 - utils_portfolio - INFO - Processing symbol - GOOGL
2024-08-06 12:41:39,010 - utils_portfolio - INFO - Processing symbol - META
2024-08-06 12:41:39,427 - utils_portfolio - INFO - Processing symbol - MRVL
2024-08-06 12:41:39,627 - utils_portfolio - INFO - Processing symbol - MSTR
2024-08-06 12:41:39,832 - utils_portfolio - INFO - Processing symbol - SCHD
2024-08-06 12:41:40,038 - utils_portfolio - INFO - Processing symbol - BITO
2024-08-06 12:41:40,243 - utils_portfolio - INFO - Processing symbol - AVGO
2024-08-06 12:41:40,607 - utils_portfolio - INFO - Processing symbol - SOUN
2024-08-06 12:41:40,724 - utils_portfolio - INFO - Processing symbol - TSLA
2024-08-06 12:41:40,858 - utils_portfolio - INFO - Processing symbol - NVDA
2024-08-06 12:41:41,281 - utils_portfolio - INFO - Processing symbol - AMD
2024-08-06 12:41:41,475 - utils_portfolio - INFO - Processing symbol - QQQ
2024-08-06 12:41:41,680 - utils_portfolio - INFO - Processing symbol - AMZN
2024-08-06 12:41:41,885 - utils_portfolio - INFO - Processing symbol - TQQQ
2024-08-06 12:41:42,090 - utils_portfolio - INFO - Processing symbol - VOO
2024-08-06 12:41:42,296 - utils_portfolio - INFO - Processing symbol - BABA
2024-08-06 12:41:42,653 - utils_portfolio - INFO - Processing symbol - BA
2024-08-06 12:41:42,810 - utils_portfolio - INFO - Processing symbol - XLI
2024-08-06 12:41:42,927 - utils_portfolio - INFO - Processing symbol - RIOT
2024-08-06 12:41:43,117 - utils_portfolio - INFO - Processing symbol - NEE
2024-08-06 12:41:43,537 - utils_portfolio - INFO - Processing symbol - SLV
2024-08-06 12:41:43,732 - utils_portfolio - INFO - Processing symbol - SHOP
2024-08-06 12:41:43,937 - utils_portfolio - INFO - Processing symbol - FAST
2024-08-06 12:41:44,143 - utils_portfolio - INFO - Processing symbol - SPXL
2024-08-06 12:41:44,346 - utils_portfolio - INFO - Processing symbol - VALE
2024-08-06 12:41:44,553 - utils_portfolio - INFO - Processing symbol - SNAP
2024-08-06 12:41:44,758 - utils_portfolio - INFO - Processing symbol - WDC
2024-08-06 12:41:44,961 - utils_portfolio - INFO - Processing symbol - MO
2024-08-06 12:41:45,377 - utils_portfolio - INFO - Processing symbol - PM
2024-08-06 12:41:45,790 - utils_portfolio - INFO - Processing symbol - SQ
2024-08-06 12:41:45,988 - utils_portfolio - INFO - Processing symbol - PDD
2024-08-06 12:41:46,195 - utils_portfolio - INFO - Processing symbol - ABBV
2024-08-06 12:41:46,608 - utils_portfolio - INFO - Processing symbol - ON
2024-08-06 12:41:46,808 - utils_portfolio - INFO - Processing symbol - UPRO
2024-08-06 12:41:47,016 - utils_portfolio - INFO - Processing symbol - TSLL
2024-08-06 12:41:47,217 - utils_portfolio - INFO - Processing symbol - PBR
2024-08-06 12:41:47,423 - utils_portfolio - INFO - Processing symbol - MP
2024-08-06 12:41:47,628 - utils_portfolio - INFO - Processing symbol - U
2024-08-06 12:41:47,874 - utils_portfolio - INFO - Calculating closed trades stats
2024-08-06 12:41:47,874 - utils_portfolio - INFO - Processing symbol - PLTR
2024-08-06 12:41:48,359 - utils_portfolio - INFO - Processing symbol - BTC/USD
2024-08-06 12:41:48,583 - utils_portfolio - INFO - Processing symbol - AAL
2024-08-06 12:41:48,785 - utils_portfolio - INFO - Processing symbol - VRT
2024-08-06 12:41:48,992 - utils_portfolio - INFO - Processing symbol - GBTC
2024-08-06 12:41:49,197 - utils_portfolio - INFO - Processing symbol - DELL
2024-08-06 12:41:49,402 - utils_portfolio - INFO - Processing symbol - GM
2024-08-06 12:41:49,607 - utils_portfolio - INFO - Processing symbol - IYR
2024-08-06 12:41:49,811 - utils_portfolio - INFO - Processing symbol - DKNG
2024-08-06 12:41:49,995 - utils_portfolio - INFO - Processing symbol - EBAY
2024-08-06 12:41:50,222 - utils_portfolio - INFO - Processing symbol - CRWD
2024-08-06 12:41:50,426 - utils_portfolio - INFO - Processing symbol - AAPL
2024-08-06 12:41:50,574 - utils_portfolio - INFO - Processing symbol - GOOGL
2024-08-06 12:41:50,736 - utils_portfolio - INFO - Processing symbol - META
2024-08-06 12:41:50,940 - utils_portfolio - INFO - Processing symbol - MRVL
2024-08-06 12:41:51,146 - utils_portfolio - INFO - Processing symbol - MSTR
2024-08-06 12:41:51,348 - utils_portfolio - INFO - Processing symbol - SCHD
2024-08-06 12:41:51,555 - utils_portfolio - INFO - Processing symbol - BITO
2024-08-06 12:41:51,760 - utils_portfolio - INFO - Processing symbol - AVGO
2024-08-06 12:41:51,965 - utils_portfolio - INFO - Processing symbol - SOUN
2024-08-06 12:41:52,157 - utils_portfolio - INFO - Processing symbol - TSLA
2024-08-06 12:41:52,375 - utils_portfolio - INFO - Processing symbol - NVDA
2024-08-06 12:41:52,579 - utils_portfolio - INFO - Processing symbol - AMD
2024-08-06 12:41:52,786 - utils_portfolio - INFO - Processing symbol - QQQ
2024-08-06 12:41:52,988 - utils_portfolio - INFO - Processing symbol - AMZN
2024-08-06 12:41:53,195 - utils_portfolio - INFO - Processing symbol - TQQQ
2024-08-06 12:41:53,400 - utils_portfolio - INFO - Processing symbol - VOO
2024-08-06 12:41:53,605 - utils_portfolio - INFO - Processing symbol - BABA
2024-08-06 12:41:53,809 - utils_portfolio - INFO - Processing symbol - BA
2024-08-06 12:41:54,011 - utils_portfolio - INFO - Processing symbol - XLI
2024-08-06 12:41:54,220 - utils_portfolio - INFO - Processing symbol - RIOT
2024-08-06 12:41:54,426 - utils_portfolio - INFO - Processing symbol - NEE
2024-08-06 12:41:54,629 - utils_portfolio - INFO - Processing symbol - SLV
2024-08-06 12:41:54,815 - utils_portfolio - INFO - Processing symbol - SHOP
2024-08-06 12:41:55,035 - utils_portfolio - INFO - Processing symbol - FAST
2024-08-06 12:41:55,244 - utils_portfolio - INFO - Processing symbol - SPXL
2024-08-06 12:41:55,449 - utils_portfolio - INFO - Processing symbol - VALE
2024-08-06 12:41:55,628 - utils_portfolio - INFO - Processing symbol - SNAP
2024-08-06 12:41:55,858 - utils_portfolio - INFO - Processing symbol - WDC
2024-08-06 12:41:56,064 - utils_portfolio - INFO - Processing symbol - MO
2024-08-06 12:41:56,269 - utils_portfolio - INFO - Processing symbol - PM
2024-08-06 12:41:56,474 - utils_portfolio - INFO - Processing symbol - SQ
2024-08-06 12:41:56,680 - utils_portfolio - INFO - Processing symbol - PDD
2024-08-06 12:41:56,824 - utils_portfolio - INFO - Processing symbol - ABBV
2024-08-06 12:41:56,987 - utils_portfolio - INFO - Processing symbol - ON
2024-08-06 12:41:57,191 - utils_portfolio - INFO - Processing symbol - UPRO
2024-08-06 12:41:57,399 - utils_portfolio - INFO - Processing symbol - TSLL
2024-08-06 12:41:57,603 - utils_portfolio - INFO - Processing symbol - PBR
2024-08-06 12:41:57,806 - utils_portfolio - INFO - Processing symbol - MP
2024-08-06 12:41:58,011 - utils_portfolio - INFO - Processing symbol - U
2024-08-06 12:41:58,457 - utils_portfolio - INFO - Updating info of portfolio - p1
2024-08-06 12:41:58,528 - utils_portfolio - INFO - Calculating symbols weights
2024-08-06 12:41:58,528 - root - INFO - Portfolio p1 symbols weights - {'PLTR': 0.09090909090909091, 'BTC/USD': 0.09090909090909091, 'AAL': 0.09090909090909091, 'VRT': 0.09090909090909091, 'GBTC': 0.09090909090909091, 'DELL': 0.09090909090909091, 'GM': 0.09090909090909091, 'IYR': 0.09090909090909091, 'DKNG': 0.09090909090909091, 'EBAY': 0.09090909090909091, 'CRWD': 0.09090909090909091}
2024-08-06 12:41:58,529 - utils_strategy - INFO - PLTR - downloading data from alpaca
2024-08-06 12:41:59,373 - utils_portfolio - INFO - Checking if we have correct date
2024-08-06 12:41:59,374 - utils_portfolio - INFO - PLTR - running symbols strategy to get entries and exits
2024-08-06 12:41:59,387 - utils_portfolio - INFO - Evaluating symbol if to open, close, or no change
2024-08-06 12:42:04,559 - utils_strategy - INFO - BTC/USD - downloading data from alpaca
2024-08-06 12:42:05,705 - utils_portfolio - INFO - Checking if we have correct date
2024-08-06 12:42:05,705 - utils_portfolio - INFO - BTC/USD - running symbols strategy to get entries and exits
2024-08-06 12:42:05,719 - utils_portfolio - INFO - Evaluating symbol if to open, close, or no change
2024-08-06 12:42:05,751 - utils_strategy - INFO - AAL - downloading data from alpaca
2024-08-06 12:42:07,067 - utils_portfolio - INFO - Checking if we have correct date
2024-08-06 12:42:07,067 - utils_portfolio - INFO - AAL - running symbols strategy to get entries and exits
2024-08-06 12:42:07,083 - utils_portfolio - INFO - Evaluating symbol if to open, close, or no change
2024-08-06 12:42:07,115 - utils_strategy - INFO - VRT - downloading data from alpaca
2024-08-06 12:42:08,055 - utils_portfolio - INFO - Checking if we have correct date
2024-08-06 12:42:08,055 - utils_portfolio - INFO - VRT - running symbols strategy to get entries and exits
2024-08-06 12:42:08,069 - utils_portfolio - INFO - Evaluating symbol if to open, close, or no change
2024-08-06 12:42:08,098 - utils_strategy - INFO - GBTC - downloading data from alpaca
2024-08-06 12:42:08,666 - utils_portfolio - INFO - Checking if we have correct date
2024-08-06 12:42:08,666 - utils_portfolio - INFO - GBTC - running symbols strategy to get entries and exits
2024-08-06 12:42:08,682 - utils_portfolio - INFO - Evaluating symbol if to open, close, or no change
2024-08-06 12:42:08,707 - utils_strategy - INFO - DELL - downloading data from alpaca
2024-08-06 12:42:09,720 - utils_portfolio - INFO - Checking if we have correct date
2024-08-06 12:42:09,720 - utils_portfolio - INFO - DELL - running symbols strategy to get entries and exits
2024-08-06 12:42:09,733 - utils_portfolio - INFO - Evaluating symbol if to open, close, or no change
2024-08-06 12:42:09,763 - utils_strategy - INFO - GM - downloading data from alpaca
2024-08-06 12:42:10,964 - utils_portfolio - INFO - Checking if we have correct date
2024-08-06 12:42:10,964 - utils_portfolio - INFO - GM - running symbols strategy to get entries and exits
2024-08-06 12:42:10,981 - utils_portfolio - INFO - Evaluating symbol if to open, close, or no change
2024-08-06 12:42:11,013 - utils_strategy - INFO - IYR - downloading data from alpaca
2024-08-06 12:42:12,391 - utils_portfolio - INFO - Checking if we have correct date
2024-08-06 12:42:12,391 - utils_portfolio - INFO - IYR - running symbols strategy to get entries and exits
2024-08-06 12:42:12,407 - utils_portfolio - INFO - Evaluating symbol if to open, close, or no change
2024-08-06 12:42:12,439 - utils_strategy - INFO - DKNG - downloading data from alpaca
2024-08-06 12:42:13,405 - utils_portfolio - INFO - Checking if we have correct date
2024-08-06 12:42:13,405 - utils_portfolio - INFO - DKNG - running symbols strategy to get entries and exits
2024-08-06 12:42:13,418 - utils_portfolio - INFO - Evaluating symbol if to open, close, or no change
2024-08-06 12:42:13,446 - utils_strategy - INFO - EBAY - downloading data from alpaca
2024-08-06 12:42:14,817 - utils_portfolio - INFO - Checking if we have correct date
2024-08-06 12:42:14,817 - utils_portfolio - INFO - EBAY - running symbols strategy to get entries and exits
2024-08-06 12:42:14,831 - utils_portfolio - INFO - Evaluating symbol if to open, close, or no change
2024-08-06 12:42:14,862 - utils_strategy - INFO - CRWD - downloading data from alpaca
2024-08-06 12:42:15,857 - utils_portfolio - INFO - Checking if we have correct date
2024-08-06 12:42:15,857 - utils_portfolio - INFO - CRWD - running symbols strategy to get entries and exits
2024-08-06 12:42:15,872 - utils_portfolio - INFO - Evaluating symbol if to open, close, or no change
2024-08-06 12:42:15,900 - root - INFO - Portfolio p1 symbols actions - {'PLTR': 'no_change', 'BTCUSD': 'no_change', 'AAL': 'no_change', 'VRT': 'no_change', 'GBTC': 'no_change', 'DELL': 'no_change', 'GM': 'no_change', 'IYR': 'no_change', 'DKNG': 'no_change', 'EBAY': 'no_change', 'CRWD': 'no_change'}
2024-08-06 12:42:15,901 - utils_portfolio - INFO - Submitting orders to close existing positions
2024-08-06 12:42:15,901 - utils_portfolio - INFO - Updating state of portfolio - p1
2024-08-06 12:42:15,901 - utils_portfolio - INFO - Calculating closed trades stats
2024-08-06 12:42:15,901 - utils_portfolio - INFO - Processing symbol - PLTR
2024-08-06 12:42:16,445 - utils_portfolio - INFO - Processing symbol - BTC/USD
2024-08-06 12:42:16,658 - utils_portfolio - INFO - Processing symbol - AAL
2024-08-06 12:42:16,859 - utils_portfolio - INFO - Processing symbol - VRT
2024-08-06 12:42:17,045 - utils_portfolio - INFO - Processing symbol - GBTC
2024-08-06 12:42:17,271 - utils_portfolio - INFO - Processing symbol - DELL
2024-08-06 12:42:17,476 - utils_portfolio - INFO - Processing symbol - GM
2024-08-06 12:42:17,681 - utils_portfolio - INFO - Processing symbol - IYR
2024-08-06 12:42:17,885 - utils_portfolio - INFO - Processing symbol - DKNG
2024-08-06 12:42:18,093 - utils_portfolio - INFO - Processing symbol - EBAY
2024-08-06 12:42:18,293 - utils_portfolio - INFO - Processing symbol - CRWD
2024-08-06 12:42:18,505 - utils_portfolio - INFO - Calculating open trades stats
2024-08-06 12:42:18,505 - utils_portfolio - INFO - Processing symbol - PLTR
2024-08-06 12:42:18,878 - utils_portfolio - INFO - Processing symbol - BTC/USD
2024-08-06 12:42:19,083 - utils_portfolio - INFO - Processing symbol - AAL
2024-08-06 12:42:19,289 - utils_portfolio - INFO - Processing symbol - VRT
2024-08-06 12:42:19,492 - utils_portfolio - INFO - Processing symbol - GBTC
2024-08-06 12:42:19,698 - utils_portfolio - INFO - Processing symbol - DELL
2024-08-06 12:42:19,902 - utils_portfolio - INFO - Processing symbol - GM
2024-08-06 12:42:20,108 - utils_portfolio - INFO - Processing symbol - IYR
2024-08-06 12:42:20,530 - utils_portfolio - INFO - Processing symbol - DKNG
2024-08-06 12:42:20,722 - utils_portfolio - INFO - Processing symbol - EBAY
2024-08-06 12:42:21,139 - utils_portfolio - INFO - Processing symbol - CRWD
2024-08-06 12:42:21,413 - utils_portfolio - INFO - Portfolio p1 - calculating position sizes
2024-08-06 12:42:21,432 - root - INFO - Portfolio p1 position sizes - symbol
PLTR      393.37
BTCUSD    393.37
AAL       393.37
VRT       393.37
GBTC      393.37
DELL      393.37
GM        393.37
IYR       445.68
DKNG      393.37
EBAY      445.68
CRWD      393.37
Name: position, dtype: float64
2024-08-06 12:42:21,432 - utils_portfolio - INFO - Submitting orders to open positions
2024-08-06 12:42:21,432 - root - INFO - XXXXXXXXXXXXXXXXXXXX --- Portfolio p1 - DONE --- XXXXXXXXXXXXXXXXXXXX
2024-08-06 12:42:21,432 - utils_portfolio - INFO - Updating info of portfolio - p2
2024-08-06 12:42:21,487 - utils_portfolio - INFO - Calculating symbols weights
2024-08-06 12:42:21,488 - utils_portfolio - INFO - Calculating closed trades count
2024-08-06 12:42:23,821 - root - INFO - Portfolio p2 symbols weights - {'AAPL': 0.1111111111111111, 'GOOGL': 0.1111111111111111, 'META': 0.1111111111111111, 'MRVL': 0.1111111111111111, 'MSTR': 0.1111111111111111, 'SCHD': 0.1111111111111111, 'BITO': 0.1111111111111111, 'AVGO': 0.1111111111111111, 'SOUN': 0.1111111111111111}
2024-08-06 12:42:23,821 - utils_strategy - INFO - AAPL - downloading data from yfinance
2024-08-06 12:42:24,504 - utils_portfolio - INFO - Checking if we have correct date
2024-08-06 12:42:24,504 - utils_portfolio - INFO - AAPL - running symbols strategy to get entries and exits
2024-08-06 12:42:24,513 - utils_portfolio - INFO - Evaluating symbol if to open, close, or no change
2024-08-06 12:42:24,546 - utils_strategy - INFO - GOOGL - downloading data from yfinance
2024-08-06 12:42:24,965 - utils_portfolio - INFO - Checking if we have correct date
2024-08-06 12:42:24,965 - utils_portfolio - INFO - GOOGL - running symbols strategy to get entries and exits
2024-08-06 12:42:24,975 - utils_portfolio - INFO - Evaluating symbol if to open, close, or no change
2024-08-06 12:42:25,007 - utils_strategy - INFO - META - downloading data from yfinance
2024-08-06 12:42:25,149 - utils_portfolio - INFO - Checking if we have correct date
2024-08-06 12:42:25,149 - utils_portfolio - INFO - META - running symbols strategy to get entries and exits
2024-08-06 12:42:25,157 - utils_portfolio - INFO - Evaluating symbol if to open, close, or no change
2024-08-06 12:42:25,186 - utils_strategy - INFO - MRVL - downloading data from yfinance
2024-08-06 12:42:25,402 - utils_portfolio - INFO - Checking if we have correct date
2024-08-06 12:42:25,402 - utils_portfolio - INFO - MRVL - running symbols strategy to get entries and exits
2024-08-06 12:42:25,410 - utils_portfolio - INFO - Evaluating symbol if to open, close, or no change
2024-08-06 12:42:25,449 - utils_strategy - INFO - MSTR - downloading data from yfinance
2024-08-06 12:42:25,722 - utils_portfolio - INFO - Checking if we have correct date
2024-08-06 12:42:25,722 - utils_portfolio - INFO - MSTR - running symbols strategy to get entries and exits
2024-08-06 12:42:25,730 - utils_portfolio - INFO - Evaluating symbol if to open, close, or no change
2024-08-06 12:42:25,765 - utils_strategy - INFO - SCHD - downloading data from yfinance
2024-08-06 12:42:25,943 - utils_portfolio - INFO - Checking if we have correct date
2024-08-06 12:42:25,943 - utils_portfolio - INFO - SCHD - running symbols strategy to get entries and exits
2024-08-06 12:42:25,951 - utils_portfolio - INFO - Evaluating symbol if to open, close, or no change
2024-08-06 12:42:25,984 - utils_strategy - INFO - BITO - downloading data from yfinance
2024-08-06 12:42:26,097 - utils_portfolio - INFO - Checking if we have correct date
2024-08-06 12:42:26,098 - utils_portfolio - INFO - BITO - running symbols strategy to get entries and exits
2024-08-06 12:42:26,106 - utils_portfolio - INFO - Evaluating symbol if to open, close, or no change
2024-08-06 12:42:26,131 - utils_strategy - INFO - AVGO - downloading data from yfinance
2024-08-06 12:42:26,326 - utils_portfolio - INFO - Checking if we have correct date
2024-08-06 12:42:26,326 - utils_portfolio - INFO - AVGO - running symbols strategy to get entries and exits
2024-08-06 12:42:26,333 - utils_portfolio - INFO - Evaluating symbol if to open, close, or no change
2024-08-06 12:42:26,363 - utils_strategy - INFO - SOUN - downloading data from yfinance
2024-08-06 12:42:26,456 - utils_portfolio - INFO - Checking if we have correct date
2024-08-06 12:42:26,456 - utils_portfolio - INFO - SOUN - running symbols strategy to get entries and exits
2024-08-06 12:42:26,470 - utils_portfolio - INFO - Evaluating symbol if to open, close, or no change
2024-08-06 12:42:26,495 - root - INFO - Portfolio p2 symbols actions - {'AAPL': 'no_change', 'GOOGL': 'no_change', 'META': 'no_change', 'MRVL': 'no_change', 'MSTR': 'no_change', 'SCHD': 'no_change', 'BITO': 'no_change', 'AVGO': 'no_change', 'SOUN': 'no_change'}
2024-08-06 12:42:26,496 - utils_portfolio - INFO - Submitting orders to close existing positions
2024-08-06 12:42:26,496 - utils_portfolio - INFO - Updating state of portfolio - p2
2024-08-06 12:42:26,496 - utils_portfolio - INFO - Calculating closed trades stats
2024-08-06 12:42:26,496 - utils_portfolio - INFO - Processing symbol - AAPL
2024-08-06 12:42:27,085 - utils_portfolio - INFO - Processing symbol - GOOGL
2024-08-06 12:42:27,311 - utils_portfolio - INFO - Processing symbol - META
2024-08-06 12:42:27,458 - utils_portfolio - INFO - Processing symbol - MRVL
2024-08-06 12:42:27,617 - utils_portfolio - INFO - Processing symbol - MSTR
2024-08-06 12:42:27,820 - utils_portfolio - INFO - Processing symbol - SCHD
2024-08-06 12:42:28,026 - utils_portfolio - INFO - Processing symbol - BITO
2024-08-06 12:42:28,231 - utils_portfolio - INFO - Processing symbol - AVGO
2024-08-06 12:42:28,435 - utils_portfolio - INFO - Processing symbol - SOUN
2024-08-06 12:42:28,645 - utils_portfolio - INFO - Calculating open trades stats
2024-08-06 12:42:28,646 - utils_portfolio - INFO - Processing symbol - AAPL
2024-08-06 12:42:29,121 - utils_portfolio - INFO - Processing symbol - GOOGL
2024-08-06 12:42:29,325 - utils_portfolio - INFO - Processing symbol - META
2024-08-06 12:42:29,640 - utils_portfolio - INFO - Processing symbol - MRVL
2024-08-06 12:42:29,837 - utils_portfolio - INFO - Processing symbol - MSTR
2024-08-06 12:42:30,043 - utils_portfolio - INFO - Processing symbol - SCHD
2024-08-06 12:42:30,247 - utils_portfolio - INFO - Processing symbol - BITO
2024-08-06 12:42:30,452 - utils_portfolio - INFO - Processing symbol - AVGO
2024-08-06 12:42:30,867 - utils_portfolio - INFO - Processing symbol - SOUN
2024-08-06 12:42:31,135 - utils_portfolio - INFO - Portfolio p2 - calculating position sizes
2024-08-06 12:42:31,156 - root - INFO - Portfolio p2 position sizes - symbol
AAPL     553.28
GOOGL    553.28
META     553.28
MRVL     553.28
MSTR     553.28
SCHD     553.28
BITO     553.28
AVGO     553.28
SOUN     553.28
Name: position, dtype: float64
2024-08-06 12:42:31,156 - utils_portfolio - INFO - Submitting orders to open positions
2024-08-06 12:42:31,156 - root - INFO - XXXXXXXXXXXXXXXXXXXX --- Portfolio p2 - DONE --- XXXXXXXXXXXXXXXXXXXX
2024-08-06 12:42:31,156 - utils_portfolio - INFO - Updating info of portfolio - p3
2024-08-06 12:42:31,226 - utils_portfolio - INFO - Calculating symbols weights
2024-08-06 12:42:31,226 - root - INFO - Portfolio p3 symbols weights - {'TSLA': 0.1, 'NVDA': 0.1, 'AMD': 0.1, 'QQQ': 0.1, 'AMZN': 0.1, 'TQQQ': 0.1, 'VOO': 0.1, 'BABA': 0.1, 'BA': 0.1, 'XLI': 0.1}
2024-08-06 12:42:31,227 - utils_strategy - INFO - TSLA - downloading data from yfinance
2024-08-06 12:42:31,559 - utils_portfolio - INFO - Checking if we have correct date
2024-08-06 12:42:31,559 - utils_portfolio - INFO - TSLA - running symbols strategy to get entries and exits
2024-08-06 12:42:31,567 - utils_portfolio - INFO - Evaluating symbol if to open, close, or no change
2024-08-06 12:42:31,597 - utils_strategy - INFO - NVDA - downloading data from yfinance
2024-08-06 12:42:31,834 - utils_portfolio - INFO - Checking if we have correct date
2024-08-06 12:42:31,835 - utils_portfolio - INFO - NVDA - running symbols strategy to get entries and exits
2024-08-06 12:42:31,842 - utils_portfolio - INFO - Evaluating symbol if to open, close, or no change
2024-08-06 12:42:31,877 - utils_strategy - INFO - AMD - downloading data from yfinance
2024-08-06 12:42:32,102 - utils_portfolio - INFO - Checking if we have correct date
2024-08-06 12:42:32,102 - utils_portfolio - INFO - AMD - running symbols strategy to get entries and exits
2024-08-06 12:42:32,110 - utils_portfolio - INFO - Evaluating symbol if to open, close, or no change
2024-08-06 12:42:32,149 - utils_strategy - INFO - QQQ - downloading data from yfinance
2024-08-06 12:42:32,422 - utils_portfolio - INFO - Checking if we have correct date
2024-08-06 12:42:32,422 - utils_portfolio - INFO - QQQ - running symbols strategy to get entries and exits
2024-08-06 12:42:32,429 - utils_portfolio - INFO - Evaluating symbol if to open, close, or no change
2024-08-06 12:42:32,461 - utils_strategy - INFO - AMZN - downloading data from yfinance
2024-08-06 12:42:32,863 - utils_portfolio - INFO - Checking if we have correct date
2024-08-06 12:42:32,863 - utils_portfolio - INFO - AMZN - running symbols strategy to get entries and exits
2024-08-06 12:42:32,874 - utils_portfolio - INFO - Evaluating symbol if to open, close, or no change
2024-08-06 12:42:32,913 - utils_strategy - INFO - TQQQ - downloading data from yfinance
2024-08-06 12:42:33,092 - utils_portfolio - INFO - Checking if we have correct date
2024-08-06 12:42:33,092 - utils_portfolio - INFO - TQQQ - running symbols strategy to get entries and exits
2024-08-06 12:42:33,100 - utils_portfolio - INFO - Evaluating symbol if to open, close, or no change
2024-08-06 12:42:33,132 - utils_strategy - INFO - VOO - downloading data from yfinance
2024-08-06 12:42:33,387 - utils_portfolio - INFO - Checking if we have correct date
2024-08-06 12:42:33,387 - utils_portfolio - INFO - VOO - running symbols strategy to get entries and exits
2024-08-06 12:42:33,394 - utils_portfolio - INFO - Evaluating symbol if to open, close, or no change
2024-08-06 12:42:33,425 - utils_strategy - INFO - BABA - downloading data from yfinance
2024-08-06 12:42:33,598 - utils_portfolio - INFO - Checking if we have correct date
2024-08-06 12:42:33,598 - utils_portfolio - INFO - BABA - running symbols strategy to get entries and exits
2024-08-06 12:42:33,605 - utils_portfolio - INFO - Evaluating symbol if to open, close, or no change
2024-08-06 12:42:33,631 - utils_strategy - INFO - BA - downloading data from yfinance
2024-08-06 12:42:33,972 - utils_portfolio - INFO - Checking if we have correct date
2024-08-06 12:42:33,972 - utils_portfolio - INFO - BA - running symbols strategy to get entries and exits
2024-08-06 12:42:33,979 - utils_portfolio - INFO - Evaluating symbol if to open, close, or no change
2024-08-06 12:42:34,012 - utils_strategy - INFO - XLI - downloading data from yfinance
2024-08-06 12:42:34,328 - utils_portfolio - INFO - Checking if we have correct date
2024-08-06 12:42:34,328 - utils_portfolio - INFO - XLI - running symbols strategy to get entries and exits
2024-08-06 12:42:34,335 - utils_portfolio - INFO - Evaluating symbol if to open, close, or no change
2024-08-06 12:42:34,369 - root - INFO - Portfolio p3 symbols actions - {'TSLA': 'no_change', 'NVDA': 'close', 'AMD': 'no_change', 'QQQ': 'no_change', 'AMZN': 'no_change', 'TQQQ': 'no_change', 'VOO': 'no_change', 'BABA': 'no_change', 'BA': 'no_change', 'XLI': 'no_change'}
2024-08-06 12:42:34,369 - utils_portfolio - INFO - Submitting orders to close existing positions
2024-08-06 12:42:34,963 - utils_portfolio - INFO - Updating state of portfolio - p3
2024-08-06 12:42:34,965 - utils_portfolio - INFO - Calculating closed trades stats
2024-08-06 12:42:34,965 - utils_portfolio - INFO - Processing symbol - TSLA
2024-08-06 12:42:35,484 - utils_portfolio - INFO - Processing symbol - NVDA
2024-08-06 12:42:35,707 - utils_portfolio - INFO - Processing symbol - AMD
2024-08-06 12:42:35,912 - utils_portfolio - INFO - Processing symbol - QQQ
2024-08-06 12:42:36,116 - utils_portfolio - INFO - Processing symbol - AMZN
2024-08-06 12:42:36,321 - utils_portfolio - INFO - Processing symbol - TQQQ
2024-08-06 12:42:36,528 - utils_portfolio - INFO - Processing symbol - VOO
2024-08-06 12:42:36,733 - utils_portfolio - INFO - Processing symbol - BABA
2024-08-06 12:42:36,935 - utils_portfolio - INFO - Processing symbol - BA
2024-08-06 12:42:37,133 - utils_portfolio - INFO - Processing symbol - XLI
2024-08-06 12:42:37,347 - utils_portfolio - INFO - Calculating open trades stats
2024-08-06 12:42:37,348 - utils_portfolio - INFO - Processing symbol - TSLA
2024-08-06 12:42:37,929 - utils_portfolio - INFO - Processing symbol - NVDA
2024-08-06 12:42:38,350 - utils_portfolio - INFO - Processing symbol - AMD
2024-08-06 12:42:38,544 - utils_portfolio - INFO - Processing symbol - QQQ
2024-08-06 12:42:38,749 - utils_portfolio - INFO - Processing symbol - AMZN
2024-08-06 12:42:38,954 - utils_portfolio - INFO - Processing symbol - TQQQ
2024-08-06 12:42:39,158 - utils_portfolio - INFO - Processing symbol - VOO
2024-08-06 12:42:39,363 - utils_portfolio - INFO - Processing symbol - BABA
2024-08-06 12:42:39,779 - utils_portfolio - INFO - Processing symbol - BA
2024-08-06 12:42:39,978 - utils_portfolio - INFO - Processing symbol - XLI
2024-08-06 12:42:40,253 - utils_portfolio - INFO - Portfolio p3 - calculating position sizes
2024-08-06 12:42:40,277 - root - INFO - Portfolio p3 position sizes - symbol
TSLA    501.13
NVDA    501.13
AMD     501.13
QQQ     501.13
AMZN    501.13
TQQQ    501.13
VOO     501.13
BABA    501.13
BA      501.13
XLI     501.13
Name: position, dtype: float64
2024-08-06 12:42:40,278 - utils_portfolio - INFO - Submitting orders to open positions
2024-08-06 12:42:40,278 - root - INFO - XXXXXXXXXXXXXXXXXXXX --- Portfolio p3 - DONE --- XXXXXXXXXXXXXXXXXXXX
2024-08-06 12:42:40,278 - utils_portfolio - INFO - Updating info of portfolio - p4
2024-08-06 12:42:40,404 - utils_portfolio - INFO - Calculating symbols weights
2024-08-06 12:42:40,404 - root - INFO - Portfolio p4 symbols weights - {'RIOT': 0.05, 'NEE': 0.05, 'SLV': 0.05, 'SHOP': 0.05, 'FAST': 0.05, 'SPXL': 0.05, 'VALE': 0.05, 'SNAP': 0.05, 'WDC': 0.05, 'MO': 0.05, 'PM': 0.05, 'SQ': 0.05, 'PDD': 0.05, 'ABBV': 0.05, 'ON': 0.05, 'UPRO': 0.05, 'TSLL': 0.05, 'PBR': 0.05, 'MP': 0.05, 'U': 0.05}
2024-08-06 12:42:40,405 - utils_strategy - INFO - RIOT - downloading data from yfinance
2024-08-06 12:42:40,599 - utils_portfolio - INFO - Checking if we have correct date
2024-08-06 12:42:40,599 - utils_portfolio - INFO - RIOT - running symbols strategy to get entries and exits
2024-08-06 12:42:40,606 - utils_portfolio - INFO - Evaluating symbol if to open, close, or no change
2024-08-06 12:42:40,649 - utils_strategy - INFO - NEE - downloading data from yfinance
2024-08-06 12:42:41,002 - utils_portfolio - INFO - Checking if we have correct date
2024-08-06 12:42:41,002 - utils_portfolio - INFO - NEE - running symbols strategy to get entries and exits
2024-08-06 12:42:41,009 - utils_portfolio - INFO - Evaluating symbol if to open, close, or no change
2024-08-06 12:42:41,048 - utils_strategy - INFO - SLV - downloading data from yfinance
2024-08-06 12:42:41,290 - utils_portfolio - INFO - Checking if we have correct date
2024-08-06 12:42:41,290 - utils_portfolio - INFO - SLV - running symbols strategy to get entries and exits
2024-08-06 12:42:41,298 - utils_portfolio - INFO - Evaluating symbol if to open, close, or no change
2024-08-06 12:42:41,331 - utils_strategy - INFO - SHOP - downloading data from yfinance
2024-08-06 12:42:41,490 - utils_portfolio - INFO - Checking if we have correct date
2024-08-06 12:42:41,491 - utils_portfolio - INFO - SHOP - running symbols strategy to get entries and exits
2024-08-06 12:42:41,499 - utils_portfolio - INFO - Evaluating symbol if to open, close, or no change
2024-08-06 12:42:41,527 - utils_strategy - INFO - FAST - downloading data from yfinance
2024-08-06 12:42:41,925 - utils_portfolio - INFO - Checking if we have correct date
2024-08-06 12:42:41,925 - utils_portfolio - INFO - FAST - running symbols strategy to get entries and exits
2024-08-06 12:42:41,933 - utils_portfolio - INFO - Evaluating symbol if to open, close, or no change
2024-08-06 12:42:41,969 - utils_strategy - INFO - SPXL - downloading data from yfinance
2024-08-06 12:42:42,159 - utils_portfolio - INFO - Checking if we have correct date
2024-08-06 12:42:42,159 - utils_portfolio - INFO - SPXL - running symbols strategy to get entries and exits
2024-08-06 12:42:42,166 - utils_portfolio - INFO - Evaluating symbol if to open, close, or no change
2024-08-06 12:42:42,198 - utils_strategy - INFO - VALE - downloading data from yfinance
2024-08-06 12:42:42,438 - utils_portfolio - INFO - Checking if we have correct date
2024-08-06 12:42:42,438 - utils_portfolio - INFO - VALE - running symbols strategy to get entries and exits
2024-08-06 12:42:42,445 - utils_portfolio - INFO - Evaluating symbol if to open, close, or no change
2024-08-06 12:42:42,480 - utils_strategy - INFO - SNAP - downloading data from yfinance
2024-08-06 12:42:42,637 - utils_portfolio - INFO - Checking if we have correct date
2024-08-06 12:42:42,637 - utils_portfolio - INFO - SNAP - running symbols strategy to get entries and exits
2024-08-06 12:42:42,648 - utils_portfolio - INFO - Evaluating symbol if to open, close, or no change
2024-08-06 12:42:42,831 - utils_strategy - INFO - WDC - downloading data from yfinance
2024-08-06 12:42:43,072 - utils_portfolio - INFO - Checking if we have correct date
2024-08-06 12:42:43,072 - utils_portfolio - INFO - WDC - running symbols strategy to get entries and exits
2024-08-06 12:42:43,081 - utils_portfolio - INFO - Evaluating symbol if to open, close, or no change
2024-08-06 12:42:43,117 - utils_strategy - INFO - MO - downloading data from yfinance
2024-08-06 12:42:43,452 - utils_portfolio - INFO - Checking if we have correct date
2024-08-06 12:42:43,452 - utils_portfolio - INFO - MO - running symbols strategy to get entries and exits
2024-08-06 12:42:43,461 - utils_portfolio - INFO - Evaluating symbol if to open, close, or no change
2024-08-06 12:42:43,497 - utils_strategy - INFO - PM - downloading data from yfinance
2024-08-06 12:42:43,760 - utils_portfolio - INFO - Checking if we have correct date
2024-08-06 12:42:43,760 - utils_portfolio - INFO - PM - running symbols strategy to get entries and exits
2024-08-06 12:42:43,767 - utils_portfolio - INFO - Evaluating symbol if to open, close, or no change
2024-08-06 12:42:43,799 - utils_strategy - INFO - SQ - downloading data from yfinance
2024-08-06 12:42:43,984 - utils_portfolio - INFO - Checking if we have correct date
2024-08-06 12:42:43,984 - utils_portfolio - INFO - SQ - running symbols strategy to get entries and exits
2024-08-06 12:42:43,994 - utils_portfolio - INFO - Evaluating symbol if to open, close, or no change
2024-08-06 12:42:44,022 - utils_strategy - INFO - PDD - downloading data from yfinance
2024-08-06 12:42:44,135 - utils_portfolio - INFO - Checking if we have correct date
2024-08-06 12:42:44,135 - utils_portfolio - INFO - PDD - running symbols strategy to get entries and exits
2024-08-06 12:42:44,146 - utils_portfolio - INFO - Evaluating symbol if to open, close, or no change
2024-08-06 12:42:44,172 - utils_strategy - INFO - ABBV - downloading data from yfinance
2024-08-06 12:42:44,350 - utils_portfolio - INFO - Checking if we have correct date
2024-08-06 12:42:44,351 - utils_portfolio - INFO - ABBV - running symbols strategy to get entries and exits
2024-08-06 12:42:44,358 - utils_portfolio - INFO - Evaluating symbol if to open, close, or no change
2024-08-06 12:42:44,388 - utils_strategy - INFO - ON - downloading data from yfinance
2024-08-06 12:42:44,618 - utils_portfolio - INFO - Checking if we have correct date
2024-08-06 12:42:44,618 - utils_portfolio - INFO - ON - running symbols strategy to get entries and exits
2024-08-06 12:42:44,632 - utils_portfolio - INFO - Evaluating symbol if to open, close, or no change
2024-08-06 12:42:44,666 - utils_strategy - INFO - UPRO - downloading data from yfinance
2024-08-06 12:42:44,863 - utils_portfolio - INFO - Checking if we have correct date
2024-08-06 12:42:44,863 - utils_portfolio - INFO - UPRO - running symbols strategy to get entries and exits
2024-08-06 12:42:44,870 - utils_portfolio - INFO - Evaluating symbol if to open, close, or no change
2024-08-06 12:42:44,901 - utils_strategy - INFO - TSLL - downloading data from yfinance
2024-08-06 12:42:45,010 - utils_portfolio - INFO - Checking if we have correct date
2024-08-06 12:42:45,010 - utils_portfolio - INFO - TSLL - running symbols strategy to get entries and exits
2024-08-06 12:42:45,019 - utils_portfolio - INFO - Evaluating symbol if to open, close, or no change
2024-08-06 12:42:45,044 - utils_strategy - INFO - PBR - downloading data from yfinance
2024-08-06 12:42:45,292 - utils_portfolio - INFO - Checking if we have correct date
2024-08-06 12:42:45,292 - utils_portfolio - INFO - PBR - running symbols strategy to get entries and exits
2024-08-06 12:42:45,301 - utils_portfolio - INFO - Evaluating symbol if to open, close, or no change
2024-08-06 12:42:45,336 - utils_strategy - INFO - MP - downloading data from yfinance
2024-08-06 12:42:45,449 - utils_portfolio - INFO - Checking if we have correct date
2024-08-06 12:42:45,449 - utils_portfolio - INFO - MP - running symbols strategy to get entries and exits
2024-08-06 12:42:45,466 - utils_portfolio - INFO - Evaluating symbol if to open, close, or no change
2024-08-06 12:42:45,490 - utils_strategy - INFO - U - downloading data from yfinance
2024-08-06 12:42:45,640 - utils_portfolio - INFO - Checking if we have correct date
2024-08-06 12:42:45,640 - utils_portfolio - INFO - U - running symbols strategy to get entries and exits
2024-08-06 12:42:45,651 - utils_portfolio - INFO - Evaluating symbol if to open, close, or no change
2024-08-06 12:42:45,675 - root - INFO - Portfolio p4 symbols actions - {'RIOT': 'no_change', 'NEE': 'no_change', 'SLV': 'no_change', 'SHOP': 'no_change', 'FAST': 'no_change', 'SPXL': 'no_change', 'VALE': 'no_change', 'SNAP': 'no_change', 'WDC': 'no_change', 'MO': 'no_change', 'PM': 'no_change', 'SQ': 'no_change', 'PDD': 'no_change', 'ABBV': 'close', 'ON': 'no_change', 'UPRO': 'no_change', 'TSLL': 'no_change', 'PBR': 'no_change', 'MP': 'no_change', 'U': 'no_change'}
2024-08-06 12:42:45,675 - utils_portfolio - INFO - Submitting orders to close existing positions
2024-08-06 12:42:46,229 - utils_portfolio - INFO - Updating state of portfolio - p4
2024-08-06 12:42:46,230 - utils_portfolio - INFO - Calculating closed trades stats
2024-08-06 12:42:46,231 - utils_portfolio - INFO - Processing symbol - RIOT
2024-08-06 12:42:46,752 - utils_portfolio - INFO - Processing symbol - NEE
2024-08-06 12:42:46,977 - utils_portfolio - INFO - Processing symbol - SLV
2024-08-06 12:42:47,177 - utils_portfolio - INFO - Processing symbol - SHOP
2024-08-06 12:42:47,384 - utils_portfolio - INFO - Processing symbol - FAST
2024-08-06 12:42:47,593 - utils_portfolio - INFO - Processing symbol - SPXL
2024-08-06 12:42:47,793 - utils_portfolio - INFO - Processing symbol - VALE
2024-08-06 12:42:47,996 - utils_portfolio - INFO - Processing symbol - SNAP
2024-08-06 12:42:48,201 - utils_portfolio - INFO - Processing symbol - WDC
2024-08-06 12:42:48,409 - utils_portfolio - INFO - Processing symbol - MO
2024-08-06 12:42:48,613 - utils_portfolio - INFO - Processing symbol - PM
2024-08-06 12:42:48,815 - utils_portfolio - INFO - Processing symbol - SQ
2024-08-06 12:42:49,025 - utils_portfolio - INFO - Processing symbol - PDD
2024-08-06 12:42:49,228 - utils_portfolio - INFO - Processing symbol - ABBV
2024-08-06 12:42:49,431 - utils_portfolio - INFO - Processing symbol - ON
2024-08-06 12:42:49,636 - utils_portfolio - INFO - Processing symbol - UPRO
2024-08-06 12:42:49,840 - utils_portfolio - INFO - Processing symbol - TSLL
2024-08-06 12:42:49,986 - utils_portfolio - INFO - Processing symbol - PBR
2024-08-06 12:42:50,148 - utils_portfolio - INFO - Processing symbol - MP
2024-08-06 12:42:50,353 - utils_portfolio - INFO - Processing symbol - U
2024-08-06 12:42:50,567 - utils_portfolio - INFO - Calculating open trades stats
2024-08-06 12:42:50,568 - utils_portfolio - INFO - Processing symbol - RIOT
2024-08-06 12:42:51,141 - utils_portfolio - INFO - Processing symbol - NEE
2024-08-06 12:42:51,556 - utils_portfolio - INFO - Processing symbol - SLV
2024-08-06 12:42:51,756 - utils_portfolio - INFO - Processing symbol - SHOP
2024-08-06 12:42:51,947 - utils_portfolio - INFO - Processing symbol - FAST
2024-08-06 12:42:52,062 - utils_portfolio - INFO - Processing symbol - SPXL
2024-08-06 12:42:52,266 - utils_portfolio - INFO - Processing symbol - VALE
2024-08-06 12:42:52,473 - utils_portfolio - INFO - Processing symbol - SNAP
2024-08-06 12:42:52,677 - utils_portfolio - INFO - Processing symbol - WDC
2024-08-06 12:42:52,882 - utils_portfolio - INFO - Processing symbol - MO
2024-08-06 12:42:53,299 - utils_portfolio - INFO - Processing symbol - PM
2024-08-06 12:42:53,706 - utils_portfolio - INFO - Processing symbol - SQ
2024-08-06 12:42:53,906 - utils_portfolio - INFO - Processing symbol - PDD
2024-08-06 12:42:54,111 - utils_portfolio - INFO - Processing symbol - ABBV
2024-08-06 12:42:54,534 - utils_portfolio - INFO - Processing symbol - ON
2024-08-06 12:42:54,653 - utils_portfolio - INFO - Processing symbol - UPRO
2024-08-06 12:42:54,765 - utils_portfolio - INFO - Processing symbol - TSLL
2024-08-06 12:42:54,930 - utils_portfolio - INFO - Processing symbol - PBR
2024-08-06 12:42:55,135 - utils_portfolio - INFO - Processing symbol - MP
2024-08-06 12:42:55,339 - utils_portfolio - INFO - Processing symbol - U
2024-08-06 12:42:55,617 - utils_portfolio - INFO - Portfolio p4 - calculating position sizes
2024-08-06 12:42:55,646 - root - INFO - Portfolio p4 position sizes - symbol
RIOT    238.57
NEE     254.03
SLV     238.57
SHOP    238.57
FAST    238.57
SPXL    238.57
VALE    238.57
SNAP    238.57
WDC     238.57
MO      254.03
PM      254.03
SQ      238.57
PDD     238.57
ABBV    254.03
ON      238.57
UPRO    238.57
TSLL    238.57
PBR     238.57
MP      238.57
U       238.57
Name: position, dtype: float64
2024-08-06 12:42:55,646 - utils_portfolio - INFO - Submitting orders to open positions
2024-08-06 12:42:55,646 - root - INFO - XXXXXXXXXXXXXXXXXXXX --- Portfolio p4 - DONE --- XXXXXXXXXXXXXXXXXXXX
2024-08-06 12:42:55,647 - utils_portfolio - INFO - Updating state of symbols
2024-08-06 12:42:55,647 - utils_portfolio - INFO - Calculating closed trades stats
2024-08-06 12:42:55,647 - utils_portfolio - INFO - Processing symbol - IYR
2024-08-06 12:42:56,170 - utils_portfolio - INFO - Processing symbol - VRT
2024-08-06 12:42:56,397 - utils_portfolio - INFO - Processing symbol - UPRO
2024-08-06 12:42:56,600 - utils_portfolio - INFO - Processing symbol - XLI
2024-08-06 12:42:56,804 - utils_portfolio - INFO - Processing symbol - AAPL
2024-08-06 12:42:57,009 - utils_portfolio - INFO - Processing symbol - VALE
2024-08-06 12:42:57,213 - utils_portfolio - INFO - Processing symbol - MP
2024-08-06 12:42:57,420 - utils_portfolio - INFO - Processing symbol - SOUN
2024-08-06 12:42:57,623 - utils_portfolio - INFO - Processing symbol - BA
2024-08-06 12:42:57,816 - utils_portfolio - INFO - Processing symbol - PBR
2024-08-06 12:42:58,034 - utils_portfolio - INFO - Processing symbol - SPXL
2024-08-06 12:42:58,236 - utils_portfolio - INFO - Processing symbol - PDD
2024-08-06 12:42:58,443 - utils_portfolio - INFO - Processing symbol - DKNG
2024-08-06 12:42:58,650 - utils_portfolio - INFO - Processing symbol - WDC
2024-08-06 12:42:58,854 - utils_portfolio - INFO - Processing symbol - SQ
2024-08-06 12:42:59,059 - utils_portfolio - INFO - Processing symbol - DELL
2024-08-06 12:42:59,264 - utils_portfolio - INFO - Processing symbol - SHOP
2024-08-06 12:42:59,465 - utils_portfolio - INFO - Processing symbol - RIOT
2024-08-06 12:42:59,673 - utils_portfolio - INFO - Processing symbol - CRWD
2024-08-06 12:42:59,876 - utils_portfolio - INFO - Processing symbol - BTC/USD
2024-08-06 12:43:00,081 - utils_portfolio - INFO - Processing symbol - TSLA
2024-08-06 12:43:00,266 - utils_portfolio - INFO - Processing symbol - TQQQ
2024-08-06 12:43:00,491 - utils_portfolio - INFO - Processing symbol - VOO
2024-08-06 12:43:00,697 - utils_portfolio - INFO - Processing symbol - TSLL
2024-08-06 12:43:00,900 - utils_portfolio - INFO - Processing symbol - PLTR
2024-08-06 12:43:01,105 - utils_portfolio - INFO - Processing symbol - AMZN
2024-08-06 12:43:01,309 - utils_portfolio - INFO - Processing symbol - NVDA
2024-08-06 12:43:01,515 - utils_portfolio - INFO - Processing symbol - AAL
2024-08-06 12:43:01,718 - utils_portfolio - INFO - Processing symbol - MRVL
2024-08-06 12:43:01,923 - utils_portfolio - INFO - Processing symbol - GBTC
2024-08-06 12:43:02,109 - utils_portfolio - INFO - Processing symbol - GM
2024-08-06 12:43:02,333 - utils_portfolio - INFO - Processing symbol - AMD
2024-08-06 12:43:02,538 - utils_portfolio - INFO - Processing symbol - NEE
2024-08-06 12:43:02,743 - utils_portfolio - INFO - Processing symbol - PM
2024-08-06 12:43:02,947 - utils_portfolio - INFO - Processing symbol - META
2024-08-06 12:43:03,154 - utils_portfolio - INFO - Processing symbol - QQQ
2024-08-06 12:43:03,357 - utils_portfolio - INFO - Processing symbol - EBAY
2024-08-06 12:43:03,561 - utils_portfolio - INFO - Processing symbol - AVGO
2024-08-06 12:43:03,778 - utils_portfolio - INFO - Processing symbol - U
2024-08-06 12:43:03,941 - utils_portfolio - INFO - Processing symbol - GOOGL
2024-08-06 12:43:04,176 - utils_portfolio - INFO - Processing symbol - BITO
2024-08-06 12:43:04,381 - utils_portfolio - INFO - Processing symbol - SLV
2024-08-06 12:43:04,585 - utils_portfolio - INFO - Processing symbol - MSTR
2024-08-06 12:43:04,792 - utils_portfolio - INFO - Processing symbol - ON
2024-08-06 12:43:04,995 - utils_portfolio - INFO - Processing symbol - SNAP
2024-08-06 12:43:05,147 - utils_portfolio - INFO - Processing symbol - BABA
2024-08-06 12:43:05,380 - utils_portfolio - INFO - Processing symbol - SCHD
2024-08-06 12:43:05,612 - utils_portfolio - INFO - Processing symbol - ABBV
2024-08-06 12:43:05,815 - utils_portfolio - INFO - Processing symbol - MO
2024-08-06 12:43:06,021 - utils_portfolio - INFO - Processing symbol - FAST
2024-08-06 12:43:06,230 - utils_portfolio - INFO - Calculating open trades stats
2024-08-06 12:43:06,231 - utils_portfolio - INFO - Processing symbol - IYR
2024-08-06 12:43:06,920 - utils_portfolio - INFO - Processing symbol - VRT
2024-08-06 12:43:07,113 - utils_portfolio - INFO - Processing symbol - UPRO
2024-08-06 12:43:07,319 - utils_portfolio - INFO - Processing symbol - XLI
2024-08-06 12:43:07,524 - utils_portfolio - INFO - Processing symbol - AAPL
2024-08-06 12:43:07,729 - utils_portfolio - INFO - Processing symbol - VALE
2024-08-06 12:43:07,933 - utils_portfolio - INFO - Processing symbol - MP
2024-08-06 12:43:08,136 - utils_portfolio - INFO - Processing symbol - SOUN
2024-08-06 12:43:08,343 - utils_portfolio - INFO - Processing symbol - BA
2024-08-06 12:43:08,548 - utils_portfolio - INFO - Processing symbol - PBR
2024-08-06 12:43:08,753 - utils_portfolio - INFO - Processing symbol - SPXL
2024-08-06 12:43:08,957 - utils_portfolio - INFO - Processing symbol - PDD
2024-08-06 12:43:09,162 - utils_portfolio - INFO - Processing symbol - DKNG
2024-08-06 12:43:09,367 - utils_portfolio - INFO - Processing symbol - WDC
2024-08-06 12:43:09,571 - utils_portfolio - INFO - Processing symbol - SQ
2024-08-06 12:43:09,777 - utils_portfolio - INFO - Processing symbol - DELL
2024-08-06 12:43:09,982 - utils_portfolio - INFO - Processing symbol - SHOP
2024-08-06 12:43:10,186 - utils_portfolio - INFO - Processing symbol - RIOT
2024-08-06 12:43:10,391 - utils_portfolio - INFO - Processing symbol - CRWD
2024-08-06 12:43:10,596 - utils_portfolio - INFO - Processing symbol - BTC/USD
2024-08-06 12:43:10,711 - utils_portfolio - INFO - Processing symbol - TSLA
2024-08-06 12:43:10,903 - utils_portfolio - INFO - Processing symbol - TQQQ
2024-08-06 12:43:11,108 - utils_portfolio - INFO - Processing symbol - VOO
2024-08-06 12:43:11,312 - utils_portfolio - INFO - Processing symbol - TSLL
2024-08-06 12:43:11,517 - utils_portfolio - INFO - Processing symbol - PLTR
2024-08-06 12:43:11,722 - utils_portfolio - INFO - Processing symbol - AMZN
2024-08-06 12:43:11,926 - utils_portfolio - INFO - Processing symbol - NVDA
2024-08-06 12:43:12,341 - utils_portfolio - INFO - Processing symbol - AAL
2024-08-06 12:43:12,541 - utils_portfolio - INFO - Processing symbol - MRVL
2024-08-06 12:43:12,746 - utils_portfolio - INFO - Processing symbol - GBTC
2024-08-06 12:43:12,951 - utils_portfolio - INFO - Processing symbol - GM
2024-08-06 12:43:13,155 - utils_portfolio - INFO - Processing symbol - AMD
2024-08-06 12:43:13,361 - utils_portfolio - INFO - Processing symbol - NEE
2024-08-06 12:43:13,775 - utils_portfolio - INFO - Processing symbol - PM
2024-08-06 12:43:14,189 - utils_portfolio - INFO - Processing symbol - META
2024-08-06 12:43:14,596 - utils_portfolio - INFO - Processing symbol - QQQ
2024-08-06 12:43:14,706 - utils_portfolio - INFO - Processing symbol - EBAY
2024-08-06 12:43:15,009 - utils_portfolio - INFO - Processing symbol - AVGO
2024-08-06 12:43:15,414 - utils_portfolio - INFO - Processing symbol - U
2024-08-06 12:43:15,614 - utils_portfolio - INFO - Processing symbol - GOOGL
2024-08-06 12:43:15,819 - utils_portfolio - INFO - Processing symbol - BITO
2024-08-06 12:43:16,023 - utils_portfolio - INFO - Processing symbol - SLV
2024-08-06 12:43:16,228 - utils_portfolio - INFO - Processing symbol - MSTR
2024-08-06 12:43:16,433 - utils_portfolio - INFO - Processing symbol - ON
2024-08-06 12:43:16,638 - utils_portfolio - INFO - Processing symbol - SNAP
2024-08-06 12:43:16,842 - utils_portfolio - INFO - Processing symbol - BABA
2024-08-06 12:43:17,258 - utils_portfolio - INFO - Processing symbol - SCHD
2024-08-06 12:43:17,457 - utils_portfolio - INFO - Processing symbol - ABBV
2024-08-06 12:43:17,873 - utils_portfolio - INFO - Processing symbol - MO
2024-08-06 12:43:18,287 - utils_portfolio - INFO - Processing symbol - FAST
2024-08-06 12:43:18,505 - utils_portfolio - INFO - Updating symbol stats - IYR
2024-08-06 12:43:18,568 - utils_portfolio - INFO - Updating symbol stats - VRT
2024-08-06 12:43:18,602 - utils_portfolio - INFO - Updating symbol stats - UPRO
2024-08-06 12:43:18,636 - utils_portfolio - INFO - Updating symbol stats - XLI
2024-08-06 12:43:18,659 - utils_portfolio - INFO - Updating symbol stats - AAPL
2024-08-06 12:43:18,682 - utils_portfolio - INFO - Updating symbol stats - VALE
2024-08-06 12:43:18,726 - utils_portfolio - INFO - Updating symbol stats - MP
2024-08-06 12:43:18,751 - utils_portfolio - INFO - Updating symbol stats - SOUN
2024-08-06 12:43:18,775 - utils_portfolio - INFO - Updating symbol stats - BA
2024-08-06 12:43:18,798 - utils_portfolio - INFO - Updating symbol stats - PBR
2024-08-06 12:43:18,831 - utils_portfolio - INFO - Updating symbol stats - SPXL
2024-08-06 12:43:18,857 - utils_portfolio - INFO - Updating symbol stats - PDD
2024-08-06 12:43:18,879 - utils_portfolio - INFO - Updating symbol stats - DKNG
2024-08-06 12:43:18,902 - utils_portfolio - INFO - Updating symbol stats - WDC
2024-08-06 12:43:18,925 - utils_portfolio - INFO - Updating symbol stats - SQ
2024-08-06 12:43:18,948 - utils_portfolio - INFO - Updating symbol stats - DELL
2024-08-06 12:43:18,972 - utils_portfolio - INFO - Updating symbol stats - SHOP
2024-08-06 12:43:18,996 - utils_portfolio - INFO - Updating symbol stats - RIOT
2024-08-06 12:43:19,019 - utils_portfolio - INFO - Updating symbol stats - CRWD
2024-08-06 12:43:19,042 - utils_portfolio - INFO - Updating symbol stats - BTC/USD
2024-08-06 12:43:19,065 - utils_portfolio - INFO - Updating symbol stats - TSLA
2024-08-06 12:43:19,088 - utils_portfolio - INFO - Updating symbol stats - TQQQ
2024-08-06 12:43:19,111 - utils_portfolio - INFO - Updating symbol stats - VOO
2024-08-06 12:43:19,134 - utils_portfolio - INFO - Updating symbol stats - TSLL
2024-08-06 12:43:19,161 - utils_portfolio - INFO - Updating symbol stats - PLTR
2024-08-06 12:43:19,187 - utils_portfolio - INFO - Updating symbol stats - AMZN
2024-08-06 12:43:19,213 - utils_portfolio - INFO - Updating symbol stats - NVDA
2024-08-06 12:43:19,237 - utils_portfolio - INFO - Updating symbol stats - AAL
2024-08-06 12:43:19,260 - utils_portfolio - INFO - Updating symbol stats - MRVL
2024-08-06 12:43:19,285 - utils_portfolio - INFO - Updating symbol stats - GBTC
2024-08-06 12:43:19,309 - utils_portfolio - INFO - Updating symbol stats - GM
2024-08-06 12:43:19,332 - utils_portfolio - INFO - Updating symbol stats - AMD
2024-08-06 12:43:19,356 - utils_portfolio - INFO - Updating symbol stats - NEE
2024-08-06 12:43:19,379 - utils_portfolio - INFO - Updating symbol stats - PM
2024-08-06 12:43:19,402 - utils_portfolio - INFO - Updating symbol stats - META
2024-08-06 12:43:19,437 - utils_portfolio - INFO - Updating symbol stats - QQQ
2024-08-06 12:43:19,461 - utils_portfolio - INFO - Updating symbol stats - EBAY
2024-08-06 12:43:19,484 - utils_portfolio - INFO - Updating symbol stats - AVGO
2024-08-06 12:43:19,506 - utils_portfolio - INFO - Updating symbol stats - U
2024-08-06 12:43:19,544 - utils_portfolio - INFO - Updating symbol stats - GOOGL
2024-08-06 12:43:19,568 - utils_portfolio - INFO - Updating symbol stats - BITO
2024-08-06 12:43:19,591 - utils_portfolio - INFO - Updating symbol stats - SLV
2024-08-06 12:43:19,615 - utils_portfolio - INFO - Updating symbol stats - MSTR
2024-08-06 12:43:19,648 - utils_portfolio - INFO - Updating symbol stats - ON
2024-08-06 12:43:19,673 - utils_portfolio - INFO - Updating symbol stats - SNAP
2024-08-06 12:43:19,697 - utils_portfolio - INFO - Updating symbol stats - BABA
2024-08-06 12:43:19,720 - utils_portfolio - INFO - Updating symbol stats - SCHD
2024-08-06 12:43:19,742 - utils_portfolio - INFO - Updating symbol stats - ABBV
2024-08-06 12:43:19,764 - utils_portfolio - INFO - Updating symbol stats - MO
2024-08-06 12:43:19,787 - utils_portfolio - INFO - Updating symbol stats - FAST
2024-08-06 12:43:19,809 - root - INFO - XXXXXXXXXXXXXXXXXXXX --- Everything DONE --- XXXXXXXXXXXXXXXXXXXX
