2024-12-23 10:41:29,600 - root - INFO - Logger is setup
2024-12-23 10:41:29,652 - utils_portfolio - INFO - Updating info of portfolio - p1
2024-12-23 10:41:29,814 - utils_portfolio - INFO - Calculating symbols weights
2024-12-23 10:41:29,814 - root - INFO - Portfolio p1 symbols weights - {'PBR': 0.07692307692307693, 'T': 0.07692307692307693, 'VALE': 0.07692307692307693, 'FTNT': 0.07692307692307693, 'BX': 0.07692307692307693, 'MO': 0.07692307692307693, 'NVDA': 0.07692307692307693, 'TNA': 0.07692307692307693, 'BSX': 0.07692307692307693, 'PANW': 0.07692307692307693, 'VZ': 0.07692307692307693, 'ANET': 0.07692307692307693, 'WBD': 0.07692307692307693}
2024-12-23 10:41:29,815 - utils_strategy - INFO - PBR - downloading data from yfinance
2024-12-23 10:41:39,186 - utils_portfolio - INFO - Checking if we have correct date
2024-12-23 10:41:39,261 - utils_portfolio - INFO - PBR - running symbols strategy to get entries and exits
2024-12-23 10:42:43,710 - utils_portfolio - INFO - Evaluating symbol if to open, close, or no change
2024-12-23 10:42:49,868 - utils_strategy - INFO - T - downloading data from yfinance
2024-12-23 10:42:53,903 - utils_portfolio - INFO - Checking if we have correct date
2024-12-23 10:42:53,919 - utils_portfolio - INFO - T - running symbols strategy to get entries and exits
2024-12-23 10:43:50,435 - utils_portfolio - INFO - Evaluating symbol if to open, close, or no change
2024-12-23 10:43:50,608 - utils_strategy - INFO - VALE - downloading data from yfinance
2024-12-23 10:43:54,666 - utils_portfolio - INFO - Checking if we have correct date
2024-12-23 10:43:54,682 - utils_portfolio - INFO - VALE - running symbols strategy to get entries and exits
2024-12-23 10:44:51,366 - utils_portfolio - INFO - Evaluating symbol if to open, close, or no change
2024-12-23 10:44:51,412 - utils_strategy - INFO - FTNT - downloading data from yfinance
2024-12-23 10:44:54,226 - utils_portfolio - INFO - Checking if we have correct date
2024-12-23 10:44:54,244 - utils_portfolio - INFO - FTNT - running symbols strategy to get entries and exits
2024-12-23 10:45:39,198 - utils_portfolio - INFO - Evaluating symbol if to open, close, or no change
2024-12-23 10:45:39,231 - utils_strategy - INFO - BX - downloading data from yfinance
2024-12-23 10:45:42,447 - utils_portfolio - INFO - Checking if we have correct date
2024-12-23 10:45:42,462 - utils_portfolio - INFO - BX - running symbols strategy to get entries and exits
2024-12-23 10:46:27,946 - utils_portfolio - INFO - Evaluating symbol if to open, close, or no change
2024-12-23 10:46:27,983 - utils_strategy - INFO - MO - downloading data from yfinance
2024-12-23 10:46:32,131 - utils_portfolio - INFO - Checking if we have correct date
2024-12-23 10:46:32,148 - utils_portfolio - INFO - MO - running symbols strategy to get entries and exits
2024-12-23 10:47:31,396 - utils_portfolio - INFO - Evaluating symbol if to open, close, or no change
2024-12-23 10:47:31,438 - utils_strategy - INFO - NVDA - downloading data from yfinance
2024-12-23 10:47:35,686 - utils_portfolio - INFO - Checking if we have correct date
2024-12-23 10:47:35,701 - utils_portfolio - INFO - NVDA - running symbols strategy to get entries and exits
2024-12-23 10:48:36,217 - utils_portfolio - INFO - Evaluating symbol if to open, close, or no change
2024-12-23 10:48:36,260 - utils_strategy - INFO - TNA - downloading data from yfinance
2024-12-23 10:48:38,926 - utils_portfolio - INFO - Checking if we have correct date
2024-12-23 10:48:38,942 - utils_portfolio - INFO - TNA - running symbols strategy to get entries and exits
2024-12-23 10:49:21,541 - utils_portfolio - INFO - Evaluating symbol if to open, close, or no change
2024-12-23 10:49:21,577 - utils_strategy - INFO - BSX - downloading data from yfinance
2024-12-23 10:49:25,658 - utils_portfolio - INFO - Checking if we have correct date
2024-12-23 10:49:25,665 - utils_portfolio - INFO - BSX - running symbols strategy to get entries and exits
2024-12-23 10:50:28,992 - utils_portfolio - INFO - Evaluating symbol if to open, close, or no change
2024-12-23 10:50:29,037 - utils_strategy - INFO - PANW - downloading data from yfinance
2024-12-23 10:50:31,630 - utils_portfolio - INFO - Checking if we have correct date
2024-12-23 10:50:31,648 - utils_portfolio - INFO - PANW - running symbols strategy to get entries and exits
2024-12-23 10:51:12,825 - utils_portfolio - INFO - Evaluating symbol if to open, close, or no change
2024-12-23 10:51:12,860 - utils_strategy - INFO - VZ - downloading data from yfinance
2024-12-23 10:51:17,766 - utils_portfolio - INFO - Checking if we have correct date
2024-12-23 10:51:17,782 - utils_portfolio - INFO - VZ - running symbols strategy to get entries and exits
2024-12-23 10:52:24,841 - utils_portfolio - INFO - Evaluating symbol if to open, close, or no change
2024-12-23 10:52:24,888 - utils_strategy - INFO - ANET - downloading data from yfinance
2024-12-23 10:52:27,396 - utils_portfolio - INFO - Checking if we have correct date
2024-12-23 10:52:27,412 - utils_portfolio - INFO - ANET - running symbols strategy to get entries and exits
2024-12-23 10:53:08,416 - utils_portfolio - INFO - Evaluating symbol if to open, close, or no change
2024-12-23 10:53:08,452 - utils_strategy - INFO - WBD - downloading data from yfinance
2024-12-23 10:53:13,175 - utils_portfolio - INFO - Checking if we have correct date
2024-12-23 10:53:13,183 - utils_portfolio - INFO - WBD - running symbols strategy to get entries and exits
2024-12-23 10:54:18,208 - utils_portfolio - INFO - Evaluating symbol if to open, close, or no change
2024-12-23 10:54:18,256 - root - INFO - Portfolio p1 symbols actions - {'PBR': 'no_change', 'T': 'no_change', 'VALE': 'no_change', 'FTNT': 'no_change', 'BX': 'no_change', 'MO': 'no_change', 'NVDA': 'no_change', 'TNA': 'no_change', 'BSX': 'no_change', 'PANW': 'no_change', 'VZ': 'no_change', 'ANET': 'no_change', 'WBD': 'no_change'}
2024-12-23 10:54:18,256 - utils_portfolio - INFO - Submitting orders to close existing positions
2024-12-23 10:54:18,257 - utils_portfolio - INFO - Updating state of portfolio - p1
2024-12-23 10:54:18,257 - utils_portfolio - INFO - Calculating closed trades stats
2024-12-23 10:54:18,257 - utils_portfolio - INFO - Processing symbol - PBR
2024-12-23 10:54:18,882 - utils_portfolio - INFO - Processing symbol - T
2024-12-23 10:54:19,088 - utils_portfolio - INFO - Processing symbol - VALE
2024-12-23 10:54:19,294 - utils_portfolio - INFO - Processing symbol - FTNT
2024-12-23 10:54:19,496 - utils_portfolio - INFO - Processing symbol - BX
2024-12-23 10:54:19,615 - utils_portfolio - INFO - Processing symbol - MO
2024-12-23 10:54:19,811 - utils_portfolio - INFO - Processing symbol - NVDA
2024-12-23 10:54:20,013 - utils_portfolio - INFO - Processing symbol - TNA
2024-12-23 10:54:20,219 - utils_portfolio - INFO - Processing symbol - BSX
2024-12-23 10:54:20,341 - utils_portfolio - INFO - Processing symbol - PANW
2024-12-23 10:54:20,456 - utils_portfolio - INFO - Processing symbol - VZ
2024-12-23 10:54:20,628 - utils_portfolio - INFO - Processing symbol - ANET
2024-12-23 10:54:20,834 - utils_portfolio - INFO - Processing symbol - WBD
2024-12-23 10:54:20,982 - utils_portfolio - INFO - Calculating open trades stats
2024-12-23 10:54:20,983 - utils_portfolio - INFO - Processing symbol - PBR
2024-12-23 10:54:21,541 - utils_portfolio - INFO - Processing symbol - T
2024-12-23 10:54:21,746 - utils_portfolio - INFO - Processing symbol - VALE
2024-12-23 10:54:21,951 - utils_portfolio - INFO - Processing symbol - FTNT
2024-12-23 10:54:22,156 - utils_portfolio - INFO - Processing symbol - BX
2024-12-23 10:54:22,359 - utils_portfolio - INFO - Processing symbol - MO
2024-12-23 10:54:22,470 - utils_portfolio - INFO - Processing symbol - NVDA
2024-12-23 10:54:22,668 - utils_portfolio - INFO - Processing symbol - TNA
2024-12-23 10:54:22,872 - utils_portfolio - INFO - Processing symbol - BSX
2024-12-23 10:54:23,076 - utils_portfolio - INFO - Processing symbol - PANW
2024-12-23 10:54:23,280 - utils_portfolio - INFO - Processing symbol - VZ
2024-12-23 10:54:23,485 - utils_portfolio - INFO - Processing symbol - ANET
2024-12-23 10:54:23,691 - utils_portfolio - INFO - Processing symbol - WBD
2024-12-23 10:54:24,307 - utils_portfolio - INFO - Portfolio p1 - calculating position sizes
2024-12-23 10:54:24,328 - root - INFO - Portfolio p1 position sizes - symbol
PBR     100.0
T       100.0
VALE    100.0
FTNT    100.0
BX      100.0
MO      100.0
NVDA    100.0
TNA     100.0
BSX     100.0
PANW    100.0
VZ      100.0
ANET    100.0
WBD     100.0
Name: position, dtype: float64
2024-12-23 10:54:24,329 - utils_portfolio - INFO - Submitting orders to open positions
2024-12-23 10:54:24,329 - root - INFO - XXXXXXXXXXXXXXXXXXXX --- Portfolio p1 - DONE --- XXXXXXXXXXXXXXXXXXXX
2024-12-23 10:54:24,329 - utils_portfolio - INFO - Updating info of portfolio - p2
2024-12-23 10:54:24,402 - utils_portfolio - INFO - Calculating symbols weights
2024-12-23 10:54:24,402 - root - INFO - Portfolio p2 symbols weights - {'UPRO': 0.08333333333333333, 'IYR': 0.08333333333333333, 'AMZN': 0.08333333333333333, 'MRK': 0.08333333333333333, 'SHOP': 0.08333333333333333, 'KEY': 0.08333333333333333, 'IBM': 0.08333333333333333, 'TSM': 0.08333333333333333, 'CAG': 0.08333333333333333, 'MMM': 0.08333333333333333, 'MDLZ': 0.08333333333333333, 'HBAN': 0.08333333333333333}
2024-12-23 10:54:24,402 - utils_strategy - INFO - UPRO - downloading data from yfinance
2024-12-23 10:54:28,282 - utils_portfolio - INFO - Checking if we have correct date
2024-12-23 10:54:28,305 - utils_portfolio - INFO - UPRO - running symbols strategy to get entries and exits
2024-12-23 10:55:28,531 - utils_portfolio - INFO - Evaluating symbol if to open, close, or no change
2024-12-23 10:55:28,599 - utils_strategy - INFO - IYR - downloading data from yfinance
2024-12-23 10:55:34,576 - utils_portfolio - INFO - Checking if we have correct date
2024-12-23 10:55:34,593 - utils_portfolio - INFO - IYR - running symbols strategy to get entries and exits
2024-12-23 10:56:48,534 - utils_portfolio - INFO - Evaluating symbol if to open, close, or no change
2024-12-23 10:56:48,592 - utils_strategy - INFO - AMZN - downloading data from yfinance
2024-12-23 10:56:53,649 - utils_portfolio - INFO - Checking if we have correct date
2024-12-23 10:56:53,660 - utils_portfolio - INFO - AMZN - running symbols strategy to get entries and exits
2024-12-23 10:58:10,837 - utils_portfolio - INFO - Evaluating symbol if to open, close, or no change
2024-12-23 10:58:10,894 - utils_strategy - INFO - MRK - downloading data from yfinance
2024-12-23 10:58:16,271 - utils_portfolio - INFO - Checking if we have correct date
2024-12-23 10:58:16,287 - utils_portfolio - INFO - MRK - running symbols strategy to get entries and exits
2024-12-23 10:59:31,312 - utils_portfolio - INFO - Evaluating symbol if to open, close, or no change
2024-12-23 10:59:31,370 - utils_strategy - INFO - SHOP - downloading data from yfinance
2024-12-23 10:59:33,727 - utils_portfolio - INFO - Checking if we have correct date
2024-12-23 10:59:33,742 - utils_portfolio - INFO - SHOP - running symbols strategy to get entries and exits
2024-12-23 11:00:16,097 - utils_portfolio - INFO - Evaluating symbol if to open, close, or no change
2024-12-23 11:00:16,131 - utils_strategy - INFO - KEY - downloading data from yfinance
2024-12-23 11:00:21,738 - utils_portfolio - INFO - Checking if we have correct date
2024-12-23 11:00:21,758 - utils_portfolio - INFO - KEY - running symbols strategy to get entries and exits
2024-12-23 11:01:37,354 - utils_portfolio - INFO - Evaluating symbol if to open, close, or no change
2024-12-23 11:01:37,409 - utils_strategy - INFO - IBM - downloading data from yfinance
2024-12-23 11:01:42,611 - utils_portfolio - INFO - Checking if we have correct date
2024-12-23 11:01:42,633 - utils_portfolio - INFO - IBM - running symbols strategy to get entries and exits
2024-12-23 11:02:47,430 - utils_portfolio - INFO - Evaluating symbol if to open, close, or no change
2024-12-23 11:02:47,476 - utils_strategy - INFO - TSM - downloading data from yfinance
2024-12-23 11:02:51,855 - utils_portfolio - INFO - Checking if we have correct date
2024-12-23 11:02:51,873 - utils_portfolio - INFO - TSM - running symbols strategy to get entries and exits
2024-12-23 11:03:48,686 - utils_portfolio - INFO - Evaluating symbol if to open, close, or no change
2024-12-23 11:03:48,868 - utils_strategy - INFO - CAG - downloading data from yfinance
2024-12-23 11:03:53,155 - utils_portfolio - INFO - Checking if we have correct date
2024-12-23 11:03:53,172 - utils_portfolio - INFO - CAG - running symbols strategy to get entries and exits
2024-12-23 11:04:49,790 - utils_portfolio - INFO - Evaluating symbol if to open, close, or no change
2024-12-23 11:04:49,831 - utils_strategy - INFO - MMM - downloading data from yfinance
2024-12-23 11:04:54,075 - utils_portfolio - INFO - Checking if we have correct date
2024-12-23 11:04:54,093 - utils_portfolio - INFO - MMM - running symbols strategy to get entries and exits
2024-12-23 11:05:50,531 - utils_portfolio - INFO - Evaluating symbol if to open, close, or no change
2024-12-23 11:05:50,576 - utils_strategy - INFO - MDLZ - downloading data from yfinance
2024-12-23 11:05:54,774 - utils_portfolio - INFO - Checking if we have correct date
2024-12-23 11:05:54,788 - utils_portfolio - INFO - MDLZ - running symbols strategy to get entries and exits
2024-12-23 11:06:51,896 - utils_portfolio - INFO - Evaluating symbol if to open, close, or no change
2024-12-23 11:06:51,936 - utils_strategy - INFO - HBAN - downloading data from yfinance
2024-12-23 11:06:56,198 - utils_portfolio - INFO - Checking if we have correct date
2024-12-23 11:06:56,214 - utils_portfolio - INFO - HBAN - running symbols strategy to get entries and exits
2024-12-23 11:07:57,116 - utils_portfolio - INFO - Evaluating symbol if to open, close, or no change
2024-12-23 11:07:57,160 - root - INFO - Portfolio p2 symbols actions - {'UPRO': 'no_change', 'IYR': 'no_change', 'AMZN': 'no_change', 'MRK': 'no_change', 'SHOP': 'no_change', 'KEY': 'no_change', 'IBM': 'no_change', 'TSM': 'no_change', 'CAG': 'close', 'MMM': 'no_change', 'MDLZ': 'no_change', 'HBAN': 'no_change'}
2024-12-23 11:07:57,160 - utils_portfolio - INFO - Submitting orders to close existing positions
2024-12-23 11:07:57,773 - utils_portfolio - WARNING - CAG - trying to close non-existing position
2024-12-23 11:07:57,775 - utils_portfolio - INFO - Updating state of portfolio - p2
2024-12-23 11:07:57,775 - utils_portfolio - INFO - Calculating closed trades stats
2024-12-23 11:07:57,775 - utils_portfolio - INFO - Processing symbol - UPRO
2024-12-23 11:07:58,396 - utils_portfolio - INFO - Processing symbol - IYR
2024-12-23 11:07:58,702 - utils_portfolio - INFO - Processing symbol - AMZN
2024-12-23 11:07:58,912 - utils_portfolio - INFO - Processing symbol - MRK
2024-12-23 11:07:59,106 - utils_portfolio - INFO - Processing symbol - SHOP
2024-12-23 11:07:59,317 - utils_portfolio - INFO - Processing symbol - KEY
2024-12-23 11:07:59,527 - utils_portfolio - INFO - Processing symbol - IBM
2024-12-23 11:07:59,726 - utils_portfolio - INFO - Processing symbol - TSM
2024-12-23 11:07:59,927 - utils_portfolio - INFO - Processing symbol - CAG
2024-12-23 11:08:00,136 - utils_portfolio - INFO - Processing symbol - MMM
2024-12-23 11:08:00,340 - utils_portfolio - INFO - Processing symbol - MDLZ
2024-12-23 11:08:00,547 - utils_portfolio - INFO - Processing symbol - HBAN
2024-12-23 11:08:00,680 - utils_portfolio - INFO - Calculating open trades stats
2024-12-23 11:08:00,681 - utils_portfolio - INFO - Processing symbol - UPRO
2024-12-23 11:08:01,155 - utils_portfolio - INFO - Processing symbol - IYR
2024-12-23 11:08:01,356 - utils_portfolio - INFO - Processing symbol - AMZN
2024-12-23 11:08:01,562 - utils_portfolio - INFO - Processing symbol - MRK
2024-12-23 11:08:01,767 - utils_portfolio - INFO - Processing symbol - SHOP
2024-12-23 11:08:01,971 - utils_portfolio - INFO - Processing symbol - KEY
2024-12-23 11:08:02,177 - utils_portfolio - INFO - Processing symbol - IBM
2024-12-23 11:08:02,290 - utils_portfolio - INFO - Processing symbol - TSM
2024-12-23 11:08:02,702 - utils_portfolio - INFO - Processing symbol - CAG
2024-12-23 11:08:02,895 - utils_portfolio - INFO - Processing symbol - MMM
2024-12-23 11:08:03,098 - utils_portfolio - INFO - Processing symbol - MDLZ
2024-12-23 11:08:03,304 - utils_portfolio - INFO - Processing symbol - HBAN
2024-12-23 11:08:03,583 - utils_portfolio - INFO - Portfolio p2 - calculating position sizes
2024-12-23 11:08:03,603 - root - INFO - Portfolio p2 position sizes - symbol
UPRO    100.0
IYR     100.0
AMZN    100.0
MRK     100.0
SHOP    100.0
KEY     100.0
IBM     100.0
TSM     100.0
CAG     100.0
MMM     100.0
MDLZ    100.0
HBAN    100.0
Name: position, dtype: float64
2024-12-23 11:08:03,603 - utils_portfolio - INFO - Submitting orders to open positions
2024-12-23 11:08:03,603 - root - INFO - XXXXXXXXXXXXXXXXXXXX --- Portfolio p2 - DONE --- XXXXXXXXXXXXXXXXXXXX
2024-12-23 11:08:03,603 - utils_portfolio - INFO - Updating whole portfolio state
2024-12-23 11:08:04,635 - utils_portfolio - INFO - Calculating open trades stats
2024-12-23 11:08:04,636 - utils_portfolio - INFO - Processing symbol - PBR
2024-12-23 11:08:05,054 - utils_portfolio - INFO - Processing symbol - T
2024-12-23 11:08:05,249 - utils_portfolio - INFO - Processing symbol - VALE
2024-12-23 11:08:05,454 - utils_portfolio - INFO - Processing symbol - FTNT
2024-12-23 11:08:05,568 - utils_portfolio - INFO - Processing symbol - BX
2024-12-23 11:08:05,761 - utils_portfolio - INFO - Processing symbol - MO
2024-12-23 11:08:05,875 - utils_portfolio - INFO - Processing symbol - NVDA
2024-12-23 11:08:06,069 - utils_portfolio - INFO - Processing symbol - TNA
2024-12-23 11:08:06,273 - utils_portfolio - INFO - Processing symbol - BSX
2024-12-23 11:08:06,478 - utils_portfolio - INFO - Processing symbol - PANW
2024-12-23 11:08:06,683 - utils_portfolio - INFO - Processing symbol - VZ
2024-12-23 11:08:06,888 - utils_portfolio - INFO - Processing symbol - ANET
2024-12-23 11:08:07,093 - utils_portfolio - INFO - Processing symbol - WBD
2024-12-23 11:08:07,296 - utils_portfolio - INFO - Processing symbol - UPRO
2024-12-23 11:08:07,502 - utils_portfolio - INFO - Processing symbol - IYR
2024-12-23 11:08:07,708 - utils_portfolio - INFO - Processing symbol - AMZN
2024-12-23 11:08:07,911 - utils_portfolio - INFO - Processing symbol - MRK
2024-12-23 11:08:08,117 - utils_portfolio - INFO - Processing symbol - SHOP
2024-12-23 11:08:08,321 - utils_portfolio - INFO - Processing symbol - KEY
2024-12-23 11:08:08,526 - utils_portfolio - INFO - Processing symbol - IBM
2024-12-23 11:08:08,731 - utils_portfolio - INFO - Processing symbol - TSM
2024-12-23 11:08:09,152 - utils_portfolio - INFO - Processing symbol - CAG
2024-12-23 11:08:09,346 - utils_portfolio - INFO - Processing symbol - MMM
2024-12-23 11:08:09,550 - utils_portfolio - INFO - Processing symbol - MDLZ
2024-12-23 11:08:09,754 - utils_portfolio - INFO - Processing symbol - HBAN
2024-12-23 11:08:09,976 - utils_portfolio - INFO - Calculating closed trades stats
2024-12-23 11:08:09,976 - utils_portfolio - INFO - Processing symbol - PBR
2024-12-23 11:08:10,481 - utils_portfolio - INFO - Processing symbol - T
2024-12-23 11:08:10,677 - utils_portfolio - INFO - Processing symbol - VALE
2024-12-23 11:08:10,888 - utils_portfolio - INFO - Processing symbol - FTNT
2024-12-23 11:08:11,093 - utils_portfolio - INFO - Processing symbol - BX
2024-12-23 11:08:11,298 - utils_portfolio - INFO - Processing symbol - MO
2024-12-23 11:08:11,503 - utils_portfolio - INFO - Processing symbol - NVDA
2024-12-23 11:08:11,621 - utils_portfolio - INFO - Processing symbol - TNA
2024-12-23 11:08:11,743 - utils_portfolio - INFO - Processing symbol - BSX
2024-12-23 11:08:11,916 - utils_portfolio - INFO - Processing symbol - PANW
2024-12-23 11:08:12,119 - utils_portfolio - INFO - Processing symbol - VZ
2024-12-23 11:08:12,303 - utils_portfolio - INFO - Processing symbol - ANET
2024-12-23 11:08:12,424 - utils_portfolio - INFO - Processing symbol - WBD
2024-12-23 11:08:12,628 - utils_portfolio - INFO - Processing symbol - UPRO
2024-12-23 11:08:12,834 - utils_portfolio - INFO - Processing symbol - IYR
2024-12-23 11:08:13,039 - utils_portfolio - INFO - Processing symbol - AMZN
2024-12-23 11:08:13,244 - utils_portfolio - INFO - Processing symbol - MRK
2024-12-23 11:08:13,449 - utils_portfolio - INFO - Processing symbol - SHOP
2024-12-23 11:08:13,649 - utils_portfolio - INFO - Processing symbol - KEY
2024-12-23 11:08:13,853 - utils_portfolio - INFO - Processing symbol - IBM
2024-12-23 11:08:14,064 - utils_portfolio - INFO - Processing symbol - TSM
2024-12-23 11:08:14,269 - utils_portfolio - INFO - Processing symbol - CAG
2024-12-23 11:08:14,466 - utils_portfolio - INFO - Processing symbol - MMM
2024-12-23 11:08:14,671 - utils_portfolio - INFO - Processing symbol - MDLZ
2024-12-23 11:08:14,882 - utils_portfolio - INFO - Processing symbol - HBAN
2024-12-23 11:08:15,038 - utils_portfolio - INFO - Updating state of symbols
2024-12-23 11:08:15,038 - utils_portfolio - INFO - Calculating closed trades stats
2024-12-23 11:08:15,039 - utils_portfolio - INFO - Processing symbol - HBAN
2024-12-23 11:08:15,601 - utils_portfolio - INFO - Processing symbol - KEY
2024-12-23 11:08:15,762 - utils_portfolio - INFO - Processing symbol - ANET
2024-12-23 11:08:15,886 - utils_portfolio - INFO - Processing symbol - T
2024-12-23 11:08:16,111 - utils_portfolio - INFO - Processing symbol - AMZN
2024-12-23 11:08:16,316 - utils_portfolio - INFO - Processing symbol - IBM
2024-12-23 11:08:16,520 - utils_portfolio - INFO - Processing symbol - PANW
2024-12-23 11:08:16,719 - utils_portfolio - INFO - Processing symbol - FTNT
2024-12-23 11:08:16,911 - utils_portfolio - INFO - Processing symbol - MMM
2024-12-23 11:08:17,135 - utils_portfolio - INFO - Processing symbol - IYR
2024-12-23 11:08:17,333 - utils_portfolio - INFO - Processing symbol - MDLZ
2024-12-23 11:08:17,547 - utils_portfolio - INFO - Processing symbol - BX
2024-12-23 11:08:17,744 - utils_portfolio - INFO - Processing symbol - WBD
2024-12-23 11:08:17,908 - utils_portfolio - INFO - Processing symbol - UPRO
2024-12-23 11:08:18,056 - utils_portfolio - INFO - Processing symbol - VALE
2024-12-23 11:08:18,179 - utils_portfolio - INFO - Processing symbol - CAG
2024-12-23 11:08:18,361 - utils_portfolio - INFO - Processing symbol - NVDA
2024-12-23 11:08:18,569 - utils_portfolio - INFO - Processing symbol - VZ
2024-12-23 11:08:18,773 - utils_portfolio - INFO - Processing symbol - BSX
2024-12-23 11:08:18,979 - utils_portfolio - INFO - Processing symbol - TNA
2024-12-23 11:08:19,183 - utils_portfolio - INFO - Processing symbol - PBR
2024-12-23 11:08:19,388 - utils_portfolio - INFO - Processing symbol - TSM
2024-12-23 11:08:19,594 - utils_portfolio - INFO - Processing symbol - SHOP
2024-12-23 11:08:19,798 - utils_portfolio - INFO - Processing symbol - MO
2024-12-23 11:08:19,997 - utils_portfolio - INFO - Processing symbol - MRK
2024-12-23 11:08:20,216 - utils_portfolio - INFO - Calculating open trades stats
2024-12-23 11:08:20,218 - utils_portfolio - INFO - Processing symbol - HBAN
2024-12-23 11:08:20,711 - utils_portfolio - INFO - Processing symbol - KEY
2024-12-23 11:08:20,917 - utils_portfolio - INFO - Processing symbol - ANET
2024-12-23 11:08:21,121 - utils_portfolio - INFO - Processing symbol - T
2024-12-23 11:08:21,326 - utils_portfolio - INFO - Processing symbol - AMZN
2024-12-23 11:08:21,531 - utils_portfolio - INFO - Processing symbol - IBM
2024-12-23 11:08:21,734 - utils_portfolio - INFO - Processing symbol - PANW
2024-12-23 11:08:21,940 - utils_portfolio - INFO - Processing symbol - FTNT
2024-12-23 11:08:22,145 - utils_portfolio - INFO - Processing symbol - MMM
2024-12-23 11:08:22,350 - utils_portfolio - INFO - Processing symbol - IYR
2024-12-23 11:08:22,555 - utils_portfolio - INFO - Processing symbol - MDLZ
2024-12-23 11:08:22,758 - utils_portfolio - INFO - Processing symbol - BX
2024-12-23 11:08:22,963 - utils_portfolio - INFO - Processing symbol - WBD
2024-12-23 11:08:23,169 - utils_portfolio - INFO - Processing symbol - UPRO
2024-12-23 11:08:23,374 - utils_portfolio - INFO - Processing symbol - VALE
2024-12-23 11:08:23,579 - utils_portfolio - INFO - Processing symbol - CAG
2024-12-23 11:08:23,782 - utils_portfolio - INFO - Processing symbol - NVDA
2024-12-23 11:08:23,988 - utils_portfolio - INFO - Processing symbol - VZ
2024-12-23 11:08:24,193 - utils_portfolio - INFO - Processing symbol - BSX
2024-12-23 11:08:24,398 - utils_portfolio - INFO - Processing symbol - TNA
2024-12-23 11:08:24,603 - utils_portfolio - INFO - Processing symbol - PBR
2024-12-23 11:08:24,807 - utils_portfolio - INFO - Processing symbol - TSM
2024-12-23 11:08:25,228 - utils_portfolio - INFO - Processing symbol - SHOP
2024-12-23 11:08:25,423 - utils_portfolio - INFO - Processing symbol - MO
2024-12-23 11:08:25,626 - utils_portfolio - INFO - Processing symbol - MRK
2024-12-23 11:08:25,863 - utils_portfolio - INFO - Updating symbol stats - HBAN
2024-12-23 11:08:25,904 - utils_portfolio - INFO - Updating symbol stats - KEY
2024-12-23 11:08:25,930 - utils_portfolio - INFO - Updating symbol stats - ANET
2024-12-23 11:08:25,967 - utils_portfolio - INFO - Updating symbol stats - T
2024-12-23 11:08:25,998 - utils_portfolio - INFO - Updating symbol stats - AMZN
2024-12-23 11:08:26,024 - utils_portfolio - INFO - Updating symbol stats - IBM
2024-12-23 11:08:26,051 - utils_portfolio - INFO - Updating symbol stats - PANW
2024-12-23 11:08:26,076 - utils_portfolio - INFO - Updating symbol stats - FTNT
2024-12-23 11:08:26,103 - utils_portfolio - INFO - Updating symbol stats - MMM
2024-12-23 11:08:26,131 - utils_portfolio - INFO - Updating symbol stats - IYR
2024-12-23 11:08:26,160 - utils_portfolio - INFO - Updating symbol stats - MDLZ
2024-12-23 11:08:26,190 - utils_portfolio - INFO - Updating symbol stats - BX
2024-12-23 11:08:26,216 - utils_portfolio - INFO - Updating symbol stats - WBD
2024-12-23 11:08:26,241 - utils_portfolio - INFO - Updating symbol stats - UPRO
2024-12-23 11:08:26,265 - utils_portfolio - INFO - Updating symbol stats - VALE
2024-12-23 11:08:26,289 - utils_portfolio - INFO - Updating symbol stats - CAG
2024-12-23 11:08:26,312 - utils_portfolio - INFO - Updating symbol stats - NVDA
2024-12-23 11:08:26,336 - utils_portfolio - INFO - Updating symbol stats - VZ
2024-12-23 11:08:26,360 - utils_portfolio - INFO - Updating symbol stats - BSX
2024-12-23 11:08:26,394 - utils_portfolio - INFO - Updating symbol stats - TNA
2024-12-23 11:08:26,421 - utils_portfolio - INFO - Updating symbol stats - PBR
2024-12-23 11:08:26,447 - utils_portfolio - INFO - Updating symbol stats - TSM
2024-12-23 11:08:26,473 - utils_portfolio - INFO - Updating symbol stats - SHOP
2024-12-23 11:08:26,497 - utils_portfolio - INFO - Updating symbol stats - MO
2024-12-23 11:08:26,522 - utils_portfolio - INFO - Updating symbol stats - MRK
2024-12-23 11:08:26,547 - utils_portfolio - INFO - Updating state of strategies
2024-12-23 11:08:26,549 - utils_portfolio - INFO - Calculating closed trades stats
2024-12-23 11:08:26,549 - utils_portfolio - INFO - Processing symbol - PBR
2024-12-23 11:08:27,170 - utils_portfolio - INFO - Processing symbol - T
2024-12-23 11:08:27,375 - utils_portfolio - INFO - Processing symbol - VALE
2024-12-23 11:08:27,579 - utils_portfolio - INFO - Processing symbol - FTNT
2024-12-23 11:08:27,778 - utils_portfolio - INFO - Processing symbol - BX
2024-12-23 11:08:27,994 - utils_portfolio - INFO - Processing symbol - MO
2024-12-23 11:08:28,197 - utils_portfolio - INFO - Processing symbol - NVDA
2024-12-23 11:08:28,399 - utils_portfolio - INFO - Processing symbol - TNA
2024-12-23 11:08:28,605 - utils_portfolio - INFO - Processing symbol - BSX
2024-12-23 11:08:28,801 - utils_portfolio - INFO - Processing symbol - PANW
2024-12-23 11:08:29,017 - utils_portfolio - INFO - Processing symbol - VZ
2024-12-23 11:08:29,218 - utils_portfolio - INFO - Processing symbol - ANET
2024-12-23 11:08:29,423 - utils_portfolio - INFO - Processing symbol - WBD
2024-12-23 11:08:29,628 - utils_portfolio - INFO - Processing symbol - UPRO
2024-12-23 11:08:29,826 - utils_portfolio - INFO - Processing symbol - IYR
2024-12-23 11:08:30,033 - utils_portfolio - INFO - Processing symbol - AMZN
2024-12-23 11:08:30,243 - utils_portfolio - INFO - Processing symbol - MRK
2024-12-23 11:08:30,447 - utils_portfolio - INFO - Processing symbol - SHOP
2024-12-23 11:08:30,603 - utils_portfolio - INFO - Processing symbol - KEY
2024-12-23 11:08:30,724 - utils_portfolio - INFO - Processing symbol - IBM
2024-12-23 11:08:30,843 - utils_portfolio - INFO - Processing symbol - TSM
2024-12-23 11:08:31,057 - utils_portfolio - INFO - Processing symbol - CAG
2024-12-23 11:08:31,271 - utils_portfolio - INFO - Processing symbol - MMM
2024-12-23 11:08:31,466 - utils_portfolio - INFO - Processing symbol - MDLZ
2024-12-23 11:08:31,635 - utils_portfolio - INFO - Processing symbol - HBAN
2024-12-23 11:08:31,755 - utils_portfolio - INFO - Calculating open trades stats
2024-12-23 11:08:31,756 - utils_portfolio - INFO - Processing symbol - PBR
2024-12-23 11:08:32,284 - utils_portfolio - INFO - Processing symbol - T
2024-12-23 11:08:32,487 - utils_portfolio - INFO - Processing symbol - VALE
2024-12-23 11:08:32,603 - utils_portfolio - INFO - Processing symbol - FTNT
2024-12-23 11:08:32,794 - utils_portfolio - INFO - Processing symbol - BX
2024-12-23 11:08:33,000 - utils_portfolio - INFO - Processing symbol - MO
2024-12-23 11:08:33,205 - utils_portfolio - INFO - Processing symbol - NVDA
2024-12-23 11:08:33,409 - utils_portfolio - INFO - Processing symbol - TNA
2024-12-23 11:08:33,614 - utils_portfolio - INFO - Processing symbol - BSX
2024-12-23 11:08:33,817 - utils_portfolio - INFO - Processing symbol - PANW
2024-12-23 11:08:34,024 - utils_portfolio - INFO - Processing symbol - VZ
2024-12-23 11:08:34,229 - utils_portfolio - INFO - Processing symbol - ANET
2024-12-23 11:08:34,434 - utils_portfolio - INFO - Processing symbol - WBD
2024-12-23 11:08:34,638 - utils_portfolio - INFO - Processing symbol - UPRO
2024-12-23 11:08:34,841 - utils_portfolio - INFO - Processing symbol - IYR
2024-12-23 11:08:35,047 - utils_portfolio - INFO - Processing symbol - AMZN
2024-12-23 11:08:35,252 - utils_portfolio - INFO - Processing symbol - MRK
2024-12-23 11:08:35,458 - utils_portfolio - INFO - Processing symbol - SHOP
2024-12-23 11:08:35,662 - utils_portfolio - INFO - Processing symbol - KEY
2024-12-23 11:08:35,865 - utils_portfolio - INFO - Processing symbol - IBM
2024-12-23 11:08:36,070 - utils_portfolio - INFO - Processing symbol - TSM
2024-12-23 11:08:36,493 - utils_portfolio - INFO - Processing symbol - CAG
2024-12-23 11:08:36,611 - utils_portfolio - INFO - Processing symbol - MMM
2024-12-23 11:08:36,788 - utils_portfolio - INFO - Processing symbol - MDLZ
2024-12-23 11:08:36,993 - utils_portfolio - INFO - Processing symbol - HBAN
2024-12-23 11:08:37,273 - root - INFO - XXXXXXXXXXXXXXXXXXXX --- Everything DONE --- XXXXXXXXXXXXXXXXXXXX
