2025-01-02 16:59:55,352 - root - INFO - Logger is setup
2025-01-02 16:59:55,464 - utils_portfolio - INFO - Updating info of portfolio - p1
2025-01-02 16:59:56,113 - utils_portfolio - INFO - Calculating symbols weights
2025-01-02 16:59:56,113 - root - INFO - Portfolio p1 symbols weights - {'ACB': 0.01, 'ACN': 0.01, 'ADBE': 0.01, 'ALB': 0.01, 'AMAT': 0.01, 'AMD': 0.01, 'AMT': 0.01, 'AMZN': 0.01, 'ANET': 0.01, 'ARKK': 0.01, 'AVGO': 0.01, 'BA': 0.01, 'BABA': 0.01, 'BMY': 0.01, 'BSX': 0.01, 'CMCSA': 0.01, 'COP': 0.01, 'CSX': 0.01, 'CVNA': 0.01, 'CVX': 0.01, 'DAL': 0.01, 'DELL': 0.01, 'ENPH': 0.01, 'ETN': 0.01, 'F': 0.01, 'FXI': 0.01, 'GBTC': 0.01, 'GDX': 0.01, 'GDXJ': 0.01, 'GE': 0.01, 'GLD': 0.01, 'GM': 0.01, 'GOOG': 0.01, 'HAL': 0.01, 'HBAN': 0.01, 'HPQ': 0.01, 'HYG': 0.01, 'INTC': 0.01, 'IP': 0.01, 'JNJ': 0.01, 'KEY': 0.01, 'KMI': 0.01, 'KMX': 0.01, 'LOW': 0.01, 'LUV': 0.01, 'MCD': 0.01, 'MDLZ': 0.01, 'MDT': 0.01, 'META': 0.01, 'MMM': 0.01, 'MRIN': 0.01, 'MRO': 0.01, 'MRVL': 0.01, 'MSTR': 0.01, 'NCLH': 0.01, 'NEE': 0.01, 'NEM': 0.01, 'NXPL': 0.01, 'ON': 0.01, 'ORCL': 0.01, 'OXY': 0.01, 'PAAS': 0.01, 'PANW': 0.01, 'PARA': 0.01, 'PLD': 0.01, 'PM': 0.01, 'PYPL': 0.01, 'QCOM': 0.01, 'QLD': 0.01, 'QQQ': 0.01, 'RSP': 0.01, 'RUN': 0.01, 'SCHD': 0.01, 'SHEL': 0.01, 'SHOP': 0.01, 'SIRI': 0.01, 'SMCI': 0.01, 'SNAP': 0.01, 'SOXL': 0.01, 'SPY': 0.01, 'SQQQ': 0.01, 'T': 0.01, 'TFC': 0.01, 'TJX': 0.01, 'TLT': 0.01, 'TMUS': 0.01, 'TZA': 0.01, 'UVXY': 0.01, 'V': 0.01, 'VST': 0.01, 'VTI': 0.01, 'VZ': 0.01, 'WBA': 0.01, 'WFC': 0.01, 'WMB': 0.01, 'WMT': 0.01, 'XLF': 0.01, 'XLU': 0.01, 'XOM': 0.01, 'ZTS': 0.01}
2025-01-02 16:59:56,114 - utils_strategy - INFO - ACB - downloading data from yfinance
2025-01-02 17:00:00,139 - utils_portfolio - INFO - Checking if we have correct date
2025-01-02 17:00:00,177 - utils_portfolio - INFO - ACB - running symbols strategy to get entries and exits
2025-01-02 17:00:15,923 - utils_portfolio - INFO - Evaluating symbol if to open, close, or no change
2025-01-02 17:00:21,724 - utils_strategy - INFO - ACN - downloading data from yfinance
2025-01-02 17:00:29,326 - utils_portfolio - INFO - Checking if we have correct date
2025-01-02 17:00:29,341 - utils_portfolio - INFO - ACN - running symbols strategy to get entries and exits
2025-01-02 17:00:55,678 - utils_portfolio - INFO - Evaluating symbol if to open, close, or no change
2025-01-02 17:00:55,721 - utils_strategy - INFO - ADBE - downloading data from yfinance
2025-01-02 17:01:03,966 - utils_portfolio - INFO - Checking if we have correct date
2025-01-02 17:01:03,981 - utils_portfolio - INFO - ADBE - running symbols strategy to get entries and exits
2025-01-02 17:01:31,488 - utils_portfolio - INFO - Evaluating symbol if to open, close, or no change
2025-01-02 17:01:31,527 - utils_strategy - INFO - ALB - downloading data from yfinance
2025-01-02 17:01:39,941 - utils_portfolio - INFO - Checking if we have correct date
2025-01-02 17:01:39,951 - utils_portfolio - INFO - ALB - running symbols strategy to get entries and exits
2025-01-02 17:02:07,973 - utils_portfolio - INFO - Evaluating symbol if to open, close, or no change
2025-01-02 17:02:08,020 - utils_strategy - INFO - AMAT - downloading data from yfinance
2025-01-02 17:02:16,310 - utils_portfolio - INFO - Checking if we have correct date
2025-01-02 17:02:16,317 - utils_portfolio - INFO - AMAT - running symbols strategy to get entries and exits
2025-01-02 17:02:43,627 - utils_portfolio - INFO - Evaluating symbol if to open, close, or no change
2025-01-02 17:02:43,667 - utils_strategy - INFO - AMD - downloading data from yfinance
2025-01-02 17:02:52,167 - utils_portfolio - INFO - Checking if we have correct date
2025-01-02 17:02:52,185 - utils_portfolio - INFO - AMD - running symbols strategy to get entries and exits
2025-01-02 17:03:20,967 - utils_portfolio - INFO - Evaluating symbol if to open, close, or no change
2025-01-02 17:03:21,008 - utils_strategy - INFO - AMT - downloading data from yfinance
2025-01-02 17:03:29,394 - utils_portfolio - INFO - Checking if we have correct date
2025-01-02 17:03:29,417 - utils_portfolio - INFO - AMT - running symbols strategy to get entries and exits
