2024-07-18 21:54:23,588 - root - INFO - Logger is setup
2024-07-18 21:54:23,637 - utils_portfolio - INFO - Updating whole portfolio state
2024-07-18 21:54:24,745 - utils_portfolio - INFO - Calculating open trades stats
2024-07-18 21:54:24,746 - utils_portfolio - INFO - Processing symbol - PLTR
2024-07-18 21:54:25,501 - utils_portfolio - INFO - Processing symbol - BTC/USD
2024-07-18 21:54:25,734 - utils_portfolio - INFO - Processing symbol - AAL
2024-07-18 21:54:25,896 - utils_portfolio - INFO - Processing symbol - VRT
2024-07-18 21:54:26,101 - utils_portfolio - INFO - Processing symbol - GBTC
2024-07-18 21:54:26,625 - utils_portfolio - INFO - Processing symbol - DELL
2024-07-18 21:54:26,738 - utils_portfolio - INFO - Processing symbol - GM
2024-07-18 21:54:26,976 - utils_portfolio - INFO - Processing symbol - IYR
2024-07-18 21:54:27,205 - utils_portfolio - INFO - Processing symbol - DKNG
2024-07-18 21:54:27,542 - utils_portfolio - INFO - Processing symbol - EBAY
2024-07-18 21:54:27,867 - utils_portfolio - INFO - Processing symbol - CRWD
2024-07-18 21:54:28,047 - utils_portfolio - INFO - Processing symbol - AAPL
2024-07-18 21:54:28,460 - utils_portfolio - INFO - Processing symbol - GOOGL
2024-07-18 21:54:28,660 - utils_portfolio - INFO - Processing symbol - META
2024-07-18 21:54:28,866 - utils_portfolio - INFO - Processing symbol - MRVL
2024-07-18 21:54:29,071 - utils_portfolio - INFO - Processing symbol - MSTR
2024-07-18 21:54:29,275 - utils_portfolio - INFO - Processing symbol - SCHD
2024-07-18 21:54:29,689 - utils_portfolio - INFO - Processing symbol - BITO
2024-07-18 21:54:30,042 - utils_portfolio - INFO - Processing symbol - AVGO
2024-07-18 21:54:30,416 - utils_portfolio - INFO - Processing symbol - SOUN
2024-07-18 21:54:30,607 - utils_portfolio - INFO - Processing symbol - TSLA
2024-07-18 21:54:30,813 - utils_portfolio - INFO - Processing symbol - NVDA
2024-07-18 21:54:31,016 - utils_portfolio - INFO - Processing symbol - AMD
2024-07-18 21:54:31,124 - utils_portfolio - INFO - Processing symbol - QQQ
2024-07-18 21:54:31,323 - utils_portfolio - INFO - Processing symbol - AMZN
2024-07-18 21:54:31,433 - utils_portfolio - INFO - Processing symbol - TQQQ
2024-07-18 21:54:31,631 - utils_portfolio - INFO - Processing symbol - VOO
2024-07-18 21:54:32,037 - utils_portfolio - INFO - Processing symbol - BABA
2024-07-18 21:54:32,464 - utils_portfolio - INFO - Processing symbol - BA
2024-07-18 21:54:32,695 - utils_portfolio - INFO - Processing symbol - XLI
2024-07-18 21:54:32,974 - utils_portfolio - INFO - Processing symbol - RIOT
2024-07-18 21:54:33,221 - utils_portfolio - INFO - Processing symbol - NEE
2024-07-18 21:54:33,590 - utils_portfolio - INFO - Processing symbol - SLV
2024-07-18 21:54:33,782 - utils_portfolio - INFO - Processing symbol - SHOP
2024-07-18 21:54:33,986 - utils_portfolio - INFO - Processing symbol - FAST
2024-07-18 21:54:34,408 - utils_portfolio - INFO - Processing symbol - SPXL
2024-07-18 21:54:34,521 - utils_portfolio - INFO - Processing symbol - VALE
2024-07-18 21:54:34,818 - utils_portfolio - INFO - Processing symbol - SNAP
2024-07-18 21:54:35,009 - utils_portfolio - INFO - Processing symbol - WDC
2024-07-18 21:54:35,215 - utils_portfolio - INFO - Processing symbol - MO
2024-07-18 21:54:35,633 - utils_portfolio - INFO - Processing symbol - PM
2024-07-18 21:54:36,046 - utils_portfolio - INFO - Processing symbol - SQ
2024-07-18 21:54:36,456 - utils_portfolio - INFO - Processing symbol - PDD
2024-07-18 21:54:36,647 - utils_portfolio - INFO - Processing symbol - ABBV
2024-07-18 21:54:37,073 - utils_portfolio - INFO - Processing symbol - ON
2024-07-18 21:54:37,363 - utils_portfolio - INFO - Processing symbol - UPRO
2024-07-18 21:54:37,606 - utils_portfolio - INFO - Processing symbol - TSLL
2024-07-18 21:54:37,719 - utils_portfolio - INFO - Processing symbol - PBR
2024-07-18 21:54:38,015 - utils_portfolio - INFO - Processing symbol - MP
2024-07-18 21:54:38,261 - utils_portfolio - INFO - Processing symbol - U
2024-07-18 21:54:38,609 - utils_portfolio - INFO - Calculating closed trades stats
2024-07-18 21:54:48,705 - utils_portfolio - INFO - Updating info of portfolio - p1
2024-07-18 21:54:48,778 - utils_portfolio - INFO - Calculating symbols weights
2024-07-18 21:54:48,779 - root - INFO - Portfolio p1 symbols weights - {'PLTR': 0.09090909090909091, 'BTC/USD': 0.09090909090909091, 'AAL': 0.09090909090909091, 'VRT': 0.09090909090909091, 'GBTC': 0.09090909090909091, 'DELL': 0.09090909090909091, 'GM': 0.09090909090909091, 'IYR': 0.09090909090909091, 'DKNG': 0.09090909090909091, 'EBAY': 0.09090909090909091, 'CRWD': 0.09090909090909091}
2024-07-18 21:54:48,780 - utils_strategy - INFO - PLTR - downloading data from alpaca
2024-07-18 21:54:49,688 - utils_portfolio - INFO - Checking if we have correct date
2024-07-18 21:54:49,688 - utils_portfolio - INFO - PLTR - running symbols strategy to get entries and exits
2024-07-18 21:54:49,703 - utils_portfolio - INFO - Evaluating symbol if to open, close, or no change
2024-07-18 21:54:55,441 - utils_strategy - INFO - BTC/USD - downloading data from alpaca
2024-07-18 21:54:56,464 - utils_portfolio - INFO - Checking if we have correct date
2024-07-18 21:54:56,464 - utils_portfolio - INFO - BTC/USD - running symbols strategy to get entries and exits
2024-07-18 21:54:56,478 - utils_portfolio - INFO - Evaluating symbol if to open, close, or no change
2024-07-18 21:54:56,510 - utils_strategy - INFO - AAL - downloading data from alpaca
2024-07-18 21:54:57,689 - utils_portfolio - INFO - Checking if we have correct date
2024-07-18 21:54:57,689 - utils_portfolio - INFO - AAL - running symbols strategy to get entries and exits
2024-07-18 21:54:57,709 - utils_portfolio - INFO - Evaluating symbol if to open, close, or no change
2024-07-18 21:54:57,749 - utils_strategy - INFO - VRT - downloading data from alpaca
2024-07-18 21:54:58,479 - utils_portfolio - INFO - Checking if we have correct date
2024-07-18 21:54:58,479 - utils_portfolio - INFO - VRT - running symbols strategy to get entries and exits
2024-07-18 21:54:58,492 - utils_portfolio - INFO - Evaluating symbol if to open, close, or no change
2024-07-18 21:54:58,523 - utils_strategy - INFO - GBTC - downloading data from alpaca
2024-07-18 21:54:58,979 - utils_portfolio - INFO - Checking if we have correct date
2024-07-18 21:54:58,979 - utils_portfolio - INFO - GBTC - running symbols strategy to get entries and exits
2024-07-18 21:54:58,988 - utils_portfolio - INFO - Evaluating symbol if to open, close, or no change
2024-07-18 21:54:59,013 - utils_strategy - INFO - DELL - downloading data from alpaca
2024-07-18 21:54:59,854 - utils_portfolio - INFO - Checking if we have correct date
2024-07-18 21:54:59,855 - utils_portfolio - INFO - DELL - running symbols strategy to get entries and exits
2024-07-18 21:54:59,868 - utils_portfolio - INFO - Evaluating symbol if to open, close, or no change
2024-07-18 21:54:59,899 - utils_strategy - INFO - GM - downloading data from alpaca
2024-07-18 21:55:01,214 - utils_portfolio - INFO - Checking if we have correct date
2024-07-18 21:55:01,214 - utils_portfolio - INFO - GM - running symbols strategy to get entries and exits
2024-07-18 21:55:01,233 - utils_portfolio - INFO - Evaluating symbol if to open, close, or no change
2024-07-18 21:55:01,271 - utils_strategy - INFO - IYR - downloading data from alpaca
2024-07-18 21:55:02,346 - utils_portfolio - INFO - Checking if we have correct date
2024-07-18 21:55:02,346 - utils_portfolio - INFO - IYR - running symbols strategy to get entries and exits
2024-07-18 21:55:02,365 - utils_portfolio - INFO - Evaluating symbol if to open, close, or no change
2024-07-18 21:55:02,397 - utils_strategy - INFO - DKNG - downloading data from alpaca
2024-07-18 21:55:03,151 - utils_portfolio - INFO - Checking if we have correct date
2024-07-18 21:55:03,151 - utils_portfolio - INFO - DKNG - running symbols strategy to get entries and exits
2024-07-18 21:55:03,165 - utils_portfolio - INFO - Evaluating symbol if to open, close, or no change
2024-07-18 21:55:03,193 - utils_strategy - INFO - EBAY - downloading data from alpaca
2024-07-18 21:55:04,568 - utils_portfolio - INFO - Checking if we have correct date
2024-07-18 21:55:04,568 - utils_portfolio - INFO - EBAY - running symbols strategy to get entries and exits
2024-07-18 21:55:04,584 - utils_portfolio - INFO - Evaluating symbol if to open, close, or no change
2024-07-18 21:55:04,615 - utils_strategy - INFO - CRWD - downloading data from alpaca
2024-07-18 21:55:05,469 - utils_portfolio - INFO - Checking if we have correct date
2024-07-18 21:55:05,469 - utils_portfolio - INFO - CRWD - running symbols strategy to get entries and exits
2024-07-18 21:55:05,482 - utils_portfolio - INFO - Evaluating symbol if to open, close, or no change
2024-07-18 21:55:05,510 - root - INFO - Portfolio p1 symbols actions - {'PLTR': 'no_change', 'BTCUSD': 'no_change', 'AAL': 'no_change', 'VRT': 'no_change', 'GBTC': 'no_change', 'DELL': 'no_change', 'GM': 'no_change', 'IYR': 'no_change', 'DKNG': 'no_change', 'EBAY': 'no_change', 'CRWD': 'no_change'}
2024-07-18 21:55:05,511 - utils_portfolio - INFO - Updating state of portfolio - p1
2024-07-18 21:55:05,511 - utils_portfolio - INFO - Calculating closed trades stats
2024-07-18 21:55:07,859 - utils_portfolio - INFO - Calculating open trades stats
2024-07-18 21:55:07,859 - utils_portfolio - INFO - Processing symbol - PLTR
2024-07-18 21:55:08,363 - utils_portfolio - INFO - Processing symbol - BTC/USD
2024-07-18 21:55:08,623 - utils_portfolio - INFO - Processing symbol - AAL
2024-07-18 21:55:08,802 - utils_portfolio - INFO - Processing symbol - VRT
2024-07-18 21:55:09,008 - utils_portfolio - INFO - Processing symbol - GBTC
2024-07-18 21:55:09,428 - utils_portfolio - INFO - Processing symbol - DELL
2024-07-18 21:55:09,622 - utils_portfolio - INFO - Processing symbol - GM
2024-07-18 21:55:10,039 - utils_portfolio - INFO - Processing symbol - IYR
2024-07-18 21:55:10,449 - utils_portfolio - INFO - Processing symbol - DKNG
2024-07-18 21:55:10,862 - utils_portfolio - INFO - Processing symbol - EBAY
2024-07-18 21:55:11,293 - utils_portfolio - INFO - Processing symbol - CRWD
2024-07-18 21:55:11,452 - utils_portfolio - INFO - Portfolio p1 - calculating position sizes
2024-07-18 21:55:11,473 - root - INFO - Portfolio p1 position sizes - symbol
PLTR      456.03
BTCUSD    456.03
AAL       456.03
VRT       456.03
GBTC      456.03
DELL      456.03
GM        456.03
IYR       456.03
DKNG      456.03
EBAY      456.03
CRWD      456.03
Name: position, dtype: float64
2024-07-18 21:55:11,473 - root - INFO - XXXXXXXXXXXXXXXXXXXX --- Portfolio p1 - DONE --- XXXXXXXXXXXXXXXXXXXX
2024-07-18 21:55:11,473 - utils_portfolio - INFO - Updating info of portfolio - p2
2024-07-18 21:55:11,527 - utils_portfolio - INFO - Calculating symbols weights
2024-07-18 21:55:11,528 - utils_portfolio - INFO - Calculating closed trades count
2024-07-18 21:55:13,338 - root - INFO - Portfolio p2 symbols weights - {'AAPL': 0.1111111111111111, 'GOOGL': 0.1111111111111111, 'META': 0.1111111111111111, 'MRVL': 0.1111111111111111, 'MSTR': 0.1111111111111111, 'SCHD': 0.1111111111111111, 'BITO': 0.1111111111111111, 'AVGO': 0.1111111111111111, 'SOUN': 0.1111111111111111}
2024-07-18 21:55:13,339 - utils_strategy - INFO - AAPL - downloading data from yfinance
2024-07-18 21:55:13,841 - utils_portfolio - INFO - Checking if we have correct date
2024-07-18 21:55:13,841 - utils_portfolio - INFO - AAPL - running symbols strategy to get entries and exits
2024-07-18 21:55:13,848 - utils_portfolio - INFO - Evaluating symbol if to open, close, or no change
2024-07-18 21:55:13,885 - utils_strategy - INFO - GOOGL - downloading data from yfinance
2024-07-18 21:55:14,151 - utils_portfolio - INFO - Checking if we have correct date
2024-07-18 21:55:14,151 - utils_portfolio - INFO - GOOGL - running symbols strategy to get entries and exits
2024-07-18 21:55:14,161 - utils_portfolio - INFO - Evaluating symbol if to open, close, or no change
2024-07-18 21:55:14,388 - utils_strategy - INFO - META - downloading data from yfinance
2024-07-18 21:55:14,647 - utils_portfolio - INFO - Checking if we have correct date
2024-07-18 21:55:14,647 - utils_portfolio - INFO - META - running symbols strategy to get entries and exits
2024-07-18 21:55:14,655 - utils_portfolio - INFO - Evaluating symbol if to open, close, or no change
2024-07-18 21:55:14,685 - utils_strategy - INFO - MRVL - downloading data from yfinance
2024-07-18 21:55:15,001 - utils_portfolio - INFO - Checking if we have correct date
2024-07-18 21:55:15,002 - utils_portfolio - INFO - MRVL - running symbols strategy to get entries and exits
2024-07-18 21:55:15,009 - utils_portfolio - INFO - Evaluating symbol if to open, close, or no change
2024-07-18 21:55:15,046 - utils_strategy - INFO - MSTR - downloading data from yfinance
2024-07-18 21:55:15,240 - utils_portfolio - INFO - Checking if we have correct date
2024-07-18 21:55:15,240 - utils_portfolio - INFO - MSTR - running symbols strategy to get entries and exits
2024-07-18 21:55:15,248 - utils_portfolio - INFO - Evaluating symbol if to open, close, or no change
2024-07-18 21:55:15,284 - utils_strategy - INFO - SCHD - downloading data from yfinance
2024-07-18 21:55:15,460 - utils_portfolio - INFO - Checking if we have correct date
2024-07-18 21:55:15,460 - utils_portfolio - INFO - SCHD - running symbols strategy to get entries and exits
2024-07-18 21:55:15,468 - utils_portfolio - INFO - Evaluating symbol if to open, close, or no change
2024-07-18 21:55:15,499 - utils_strategy - INFO - BITO - downloading data from yfinance
2024-07-18 21:55:15,604 - utils_portfolio - INFO - Checking if we have correct date
2024-07-18 21:55:15,605 - utils_portfolio - INFO - BITO - running symbols strategy to get entries and exits
2024-07-18 21:55:15,613 - utils_portfolio - INFO - Evaluating symbol if to open, close, or no change
2024-07-18 21:55:15,643 - utils_strategy - INFO - AVGO - downloading data from yfinance
2024-07-18 21:55:15,900 - utils_portfolio - INFO - Checking if we have correct date
2024-07-18 21:55:15,900 - utils_portfolio - INFO - AVGO - running symbols strategy to get entries and exits
2024-07-18 21:55:15,909 - utils_portfolio - INFO - Evaluating symbol if to open, close, or no change
2024-07-18 21:55:15,940 - utils_strategy - INFO - SOUN - downloading data from yfinance
2024-07-18 21:55:16,014 - utils_portfolio - INFO - Checking if we have correct date
2024-07-18 21:55:16,014 - utils_portfolio - INFO - SOUN - running symbols strategy to get entries and exits
2024-07-18 21:55:16,021 - utils_portfolio - INFO - Evaluating symbol if to open, close, or no change
2024-07-18 21:55:16,044 - root - INFO - Portfolio p2 symbols actions - {'AAPL': 'no_change', 'GOOGL': 'no_change', 'META': 'no_change', 'MRVL': 'close', 'MSTR': 'close', 'SCHD': 'no_change', 'BITO': 'no_change', 'AVGO': 'no_change', 'SOUN': 'close'}
2024-07-18 21:55:16,044 - utils_portfolio - INFO - Updating state of portfolio - p2
2024-07-18 21:55:16,044 - utils_portfolio - INFO - Calculating closed trades stats
2024-07-18 21:55:18,160 - utils_portfolio - INFO - Calculating open trades stats
2024-07-18 21:55:18,161 - utils_portfolio - INFO - Processing symbol - AAPL
2024-07-18 21:55:18,631 - utils_portfolio - INFO - Processing symbol - GOOGL
2024-07-18 21:55:18,834 - utils_portfolio - INFO - Processing symbol - META
2024-07-18 21:55:18,951 - utils_portfolio - INFO - Processing symbol - MRVL
2024-07-18 21:55:19,065 - utils_portfolio - INFO - Processing symbol - MSTR
2024-07-18 21:55:19,247 - utils_portfolio - INFO - Processing symbol - SCHD
2024-07-18 21:55:19,661 - utils_portfolio - INFO - Processing symbol - BITO
2024-07-18 21:55:20,080 - utils_portfolio - INFO - Processing symbol - AVGO
2024-07-18 21:55:20,487 - utils_portfolio - INFO - Processing symbol - SOUN
2024-07-18 21:55:20,729 - utils_portfolio - INFO - Portfolio p2 - calculating position sizes
2024-07-18 21:55:20,747 - root - INFO - Portfolio p2 position sizes - symbol
AAPL     558.54
GOOGL    558.54
META     558.54
MRVL     558.54
MSTR     558.54
SCHD     558.54
BITO     558.54
AVGO     558.54
SOUN     558.54
Name: position, dtype: float64
2024-07-18 21:55:20,748 - root - INFO - XXXXXXXXXXXXXXXXXXXX --- Portfolio p2 - DONE --- XXXXXXXXXXXXXXXXXXXX
2024-07-18 21:55:20,748 - utils_portfolio - INFO - Updating info of portfolio - p3
2024-07-18 21:55:20,823 - utils_portfolio - INFO - Calculating symbols weights
2024-07-18 21:55:20,824 - root - INFO - Portfolio p3 symbols weights - {'TSLA': 0.1, 'NVDA': 0.1, 'AMD': 0.1, 'QQQ': 0.1, 'AMZN': 0.1, 'TQQQ': 0.1, 'VOO': 0.1, 'BABA': 0.1, 'BA': 0.1, 'XLI': 0.1}
2024-07-18 21:55:20,824 - utils_strategy - INFO - TSLA - downloading data from yfinance
2024-07-18 21:55:21,067 - utils_portfolio - INFO - Checking if we have correct date
2024-07-18 21:55:21,067 - utils_portfolio - INFO - TSLA - running symbols strategy to get entries and exits
2024-07-18 21:55:21,074 - utils_portfolio - INFO - Evaluating symbol if to open, close, or no change
2024-07-18 21:55:21,106 - utils_strategy - INFO - NVDA - downloading data from yfinance
2024-07-18 21:55:21,441 - utils_portfolio - INFO - Checking if we have correct date
2024-07-18 21:55:21,441 - utils_portfolio - INFO - NVDA - running symbols strategy to get entries and exits
2024-07-18 21:55:21,449 - utils_portfolio - INFO - Evaluating symbol if to open, close, or no change
2024-07-18 21:55:21,487 - utils_strategy - INFO - AMD - downloading data from yfinance
2024-07-18 21:55:21,728 - utils_portfolio - INFO - Checking if we have correct date
2024-07-18 21:55:21,729 - utils_portfolio - INFO - AMD - running symbols strategy to get entries and exits
2024-07-18 21:55:21,736 - utils_portfolio - INFO - Evaluating symbol if to open, close, or no change
2024-07-18 21:55:21,776 - utils_strategy - INFO - QQQ - downloading data from yfinance
2024-07-18 21:55:21,958 - utils_portfolio - INFO - Checking if we have correct date
2024-07-18 21:55:21,958 - utils_portfolio - INFO - QQQ - running symbols strategy to get entries and exits
2024-07-18 21:55:21,966 - utils_portfolio - INFO - Evaluating symbol if to open, close, or no change
2024-07-18 21:55:22,002 - utils_strategy - INFO - AMZN - downloading data from yfinance
2024-07-18 21:55:22,206 - utils_portfolio - INFO - Checking if we have correct date
2024-07-18 21:55:22,206 - utils_portfolio - INFO - AMZN - running symbols strategy to get entries and exits
2024-07-18 21:55:22,214 - utils_portfolio - INFO - Evaluating symbol if to open, close, or no change
2024-07-18 21:55:22,253 - utils_strategy - INFO - TQQQ - downloading data from yfinance
2024-07-18 21:55:22,434 - utils_portfolio - INFO - Checking if we have correct date
2024-07-18 21:55:22,435 - utils_portfolio - INFO - TQQQ - running symbols strategy to get entries and exits
2024-07-18 21:55:22,442 - utils_portfolio - INFO - Evaluating symbol if to open, close, or no change
2024-07-18 21:55:22,473 - utils_strategy - INFO - VOO - downloading data from yfinance
2024-07-18 21:55:22,667 - utils_portfolio - INFO - Checking if we have correct date
2024-07-18 21:55:22,667 - utils_portfolio - INFO - VOO - running symbols strategy to get entries and exits
2024-07-18 21:55:22,674 - utils_portfolio - INFO - Evaluating symbol if to open, close, or no change
2024-07-18 21:55:22,856 - utils_strategy - INFO - BABA - downloading data from yfinance
2024-07-18 21:55:22,980 - utils_portfolio - INFO - Checking if we have correct date
2024-07-18 21:55:22,980 - utils_portfolio - INFO - BABA - running symbols strategy to get entries and exits
2024-07-18 21:55:22,988 - utils_portfolio - INFO - Evaluating symbol if to open, close, or no change
2024-07-18 21:55:23,017 - utils_strategy - INFO - BA - downloading data from yfinance
2024-07-18 21:55:23,405 - utils_portfolio - INFO - Checking if we have correct date
2024-07-18 21:55:23,405 - utils_portfolio - INFO - BA - running symbols strategy to get entries and exits
2024-07-18 21:55:23,413 - utils_portfolio - INFO - Evaluating symbol if to open, close, or no change
2024-07-18 21:55:23,446 - utils_strategy - INFO - XLI - downloading data from yfinance
2024-07-18 21:55:23,728 - utils_portfolio - INFO - Checking if we have correct date
2024-07-18 21:55:23,728 - utils_portfolio - INFO - XLI - running symbols strategy to get entries and exits
2024-07-18 21:55:23,736 - utils_portfolio - INFO - Evaluating symbol if to open, close, or no change
2024-07-18 21:55:23,767 - root - INFO - Portfolio p3 symbols actions - {'TSLA': 'close', 'NVDA': 'no_change', 'AMD': 'no_change', 'QQQ': 'close', 'AMZN': 'no_change', 'TQQQ': 'close', 'VOO': 'no_change', 'BABA': 'no_change', 'BA': 'open', 'XLI': 'no_change'}
2024-07-18 21:55:23,767 - utils_portfolio - INFO - Updating state of portfolio - p3
2024-07-18 21:55:23,768 - utils_portfolio - INFO - Calculating closed trades stats
2024-07-18 21:55:26,042 - utils_portfolio - INFO - Calculating open trades stats
2024-07-18 21:55:26,043 - utils_portfolio - INFO - Processing symbol - TSLA
2024-07-18 21:55:26,518 - utils_portfolio - INFO - Processing symbol - NVDA
2024-07-18 21:55:26,721 - utils_portfolio - INFO - Processing symbol - AMD
2024-07-18 21:55:26,927 - utils_portfolio - INFO - Processing symbol - QQQ
2024-07-18 21:55:27,132 - utils_portfolio - INFO - Processing symbol - AMZN
2024-07-18 21:55:27,246 - utils_portfolio - INFO - Processing symbol - TQQQ
2024-07-18 21:55:27,439 - utils_portfolio - INFO - Processing symbol - VOO
2024-07-18 21:55:27,769 - utils_portfolio - INFO - Processing symbol - BABA
2024-07-18 21:55:28,008 - utils_portfolio - INFO - Processing symbol - BA
2024-07-18 21:55:28,263 - utils_portfolio - INFO - Processing symbol - XLI
2024-07-18 21:55:28,636 - utils_portfolio - INFO - Portfolio p3 - calculating position sizes
2024-07-18 21:55:28,659 - root - INFO - Portfolio p3 position sizes - symbol
TSLA    503.39
NVDA    503.39
AMD     503.39
QQQ     503.39
AMZN    503.39
TQQQ    503.39
VOO     503.39
BABA    503.39
BA      503.39
XLI     503.39
Name: position, dtype: float64
2024-07-18 21:55:28,659 - root - INFO - XXXXXXXXXXXXXXXXXXXX --- Portfolio p3 - DONE --- XXXXXXXXXXXXXXXXXXXX
2024-07-18 21:55:28,659 - utils_portfolio - INFO - Updating info of portfolio - p4
2024-07-18 21:55:28,780 - utils_portfolio - INFO - Calculating symbols weights
2024-07-18 21:55:28,780 - root - INFO - Portfolio p4 symbols weights - {'RIOT': 0.05, 'NEE': 0.05, 'SLV': 0.05, 'SHOP': 0.05, 'FAST': 0.05, 'SPXL': 0.05, 'VALE': 0.05, 'SNAP': 0.05, 'WDC': 0.05, 'MO': 0.05, 'PM': 0.05, 'SQ': 0.05, 'PDD': 0.05, 'ABBV': 0.05, 'ON': 0.05, 'UPRO': 0.05, 'TSLL': 0.05, 'PBR': 0.05, 'MP': 0.05, 'U': 0.05}
2024-07-18 21:55:28,781 - utils_strategy - INFO - RIOT - downloading data from yfinance
2024-07-18 21:55:28,975 - utils_portfolio - INFO - Checking if we have correct date
2024-07-18 21:55:28,975 - utils_portfolio - INFO - RIOT - running symbols strategy to get entries and exits
2024-07-18 21:55:28,983 - utils_portfolio - INFO - Evaluating symbol if to open, close, or no change
2024-07-18 21:55:29,010 - utils_strategy - INFO - NEE - downloading data from yfinance
2024-07-18 21:55:29,353 - utils_portfolio - INFO - Checking if we have correct date
2024-07-18 21:55:29,353 - utils_portfolio - INFO - NEE - running symbols strategy to get entries and exits
2024-07-18 21:55:29,361 - utils_portfolio - INFO - Evaluating symbol if to open, close, or no change
2024-07-18 21:55:29,401 - utils_strategy - INFO - SLV - downloading data from yfinance
2024-07-18 21:55:29,612 - utils_portfolio - INFO - Checking if we have correct date
2024-07-18 21:55:29,612 - utils_portfolio - INFO - SLV - running symbols strategy to get entries and exits
2024-07-18 21:55:29,620 - utils_portfolio - INFO - Evaluating symbol if to open, close, or no change
2024-07-18 21:55:29,650 - utils_strategy - INFO - SHOP - downloading data from yfinance
2024-07-18 21:55:29,804 - utils_portfolio - INFO - Checking if we have correct date
2024-07-18 21:55:29,804 - utils_portfolio - INFO - SHOP - running symbols strategy to get entries and exits
2024-07-18 21:55:29,815 - utils_portfolio - INFO - Evaluating symbol if to open, close, or no change
2024-07-18 21:55:29,844 - utils_strategy - INFO - FAST - downloading data from yfinance
2024-07-18 21:55:30,210 - utils_portfolio - INFO - Checking if we have correct date
2024-07-18 21:55:30,210 - utils_portfolio - INFO - FAST - running symbols strategy to get entries and exits
2024-07-18 21:55:30,219 - utils_portfolio - INFO - Evaluating symbol if to open, close, or no change
2024-07-18 21:55:30,252 - utils_strategy - INFO - SPXL - downloading data from yfinance
2024-07-18 21:55:30,447 - utils_portfolio - INFO - Checking if we have correct date
2024-07-18 21:55:30,448 - utils_portfolio - INFO - SPXL - running symbols strategy to get entries and exits
2024-07-18 21:55:30,455 - utils_portfolio - INFO - Evaluating symbol if to open, close, or no change
2024-07-18 21:55:30,487 - utils_strategy - INFO - VALE - downloading data from yfinance
2024-07-18 21:55:30,752 - utils_portfolio - INFO - Checking if we have correct date
2024-07-18 21:55:30,752 - utils_portfolio - INFO - VALE - running symbols strategy to get entries and exits
2024-07-18 21:55:30,760 - utils_portfolio - INFO - Evaluating symbol if to open, close, or no change
2024-07-18 21:55:30,796 - utils_strategy - INFO - SNAP - downloading data from yfinance
2024-07-18 21:55:30,964 - utils_portfolio - INFO - Checking if we have correct date
2024-07-18 21:55:30,964 - utils_portfolio - INFO - SNAP - running symbols strategy to get entries and exits
2024-07-18 21:55:30,972 - utils_portfolio - INFO - Evaluating symbol if to open, close, or no change
2024-07-18 21:55:31,000 - utils_strategy - INFO - WDC - downloading data from yfinance
2024-07-18 21:55:31,234 - utils_portfolio - INFO - Checking if we have correct date
2024-07-18 21:55:31,234 - utils_portfolio - INFO - WDC - running symbols strategy to get entries and exits
2024-07-18 21:55:31,242 - utils_portfolio - INFO - Evaluating symbol if to open, close, or no change
2024-07-18 21:55:31,279 - utils_strategy - INFO - MO - downloading data from yfinance
2024-07-18 21:55:31,781 - utils_portfolio - INFO - Checking if we have correct date
2024-07-18 21:55:31,781 - utils_portfolio - INFO - MO - running symbols strategy to get entries and exits
2024-07-18 21:55:31,792 - utils_portfolio - INFO - Evaluating symbol if to open, close, or no change
2024-07-18 21:55:31,830 - utils_strategy - INFO - PM - downloading data from yfinance
2024-07-18 21:55:32,046 - utils_portfolio - INFO - Checking if we have correct date
2024-07-18 21:55:32,046 - utils_portfolio - INFO - PM - running symbols strategy to get entries and exits
2024-07-18 21:55:32,054 - utils_portfolio - INFO - Evaluating symbol if to open, close, or no change
2024-07-18 21:55:32,085 - utils_strategy - INFO - SQ - downloading data from yfinance
2024-07-18 21:55:32,234 - utils_portfolio - INFO - Checking if we have correct date
2024-07-18 21:55:32,235 - utils_portfolio - INFO - SQ - running symbols strategy to get entries and exits
2024-07-18 21:55:32,244 - utils_portfolio - INFO - Evaluating symbol if to open, close, or no change
2024-07-18 21:55:32,276 - utils_strategy - INFO - PDD - downloading data from yfinance
2024-07-18 21:55:32,400 - utils_portfolio - INFO - Checking if we have correct date
2024-07-18 21:55:32,401 - utils_portfolio - INFO - PDD - running symbols strategy to get entries and exits
2024-07-18 21:55:32,411 - utils_portfolio - INFO - Evaluating symbol if to open, close, or no change
2024-07-18 21:55:32,444 - utils_strategy - INFO - ABBV - downloading data from yfinance
2024-07-18 21:55:32,620 - utils_portfolio - INFO - Checking if we have correct date
2024-07-18 21:55:32,620 - utils_portfolio - INFO - ABBV - running symbols strategy to get entries and exits
2024-07-18 21:55:32,628 - utils_portfolio - INFO - Evaluating symbol if to open, close, or no change
2024-07-18 21:55:32,654 - utils_strategy - INFO - ON - downloading data from yfinance
2024-07-18 21:55:32,866 - utils_portfolio - INFO - Checking if we have correct date
2024-07-18 21:55:32,867 - utils_portfolio - INFO - ON - running symbols strategy to get entries and exits
2024-07-18 21:55:32,876 - utils_portfolio - INFO - Evaluating symbol if to open, close, or no change
2024-07-18 21:55:32,911 - utils_strategy - INFO - UPRO - downloading data from yfinance
2024-07-18 21:55:33,113 - utils_portfolio - INFO - Checking if we have correct date
2024-07-18 21:55:33,113 - utils_portfolio - INFO - UPRO - running symbols strategy to get entries and exits
2024-07-18 21:55:33,120 - utils_portfolio - INFO - Evaluating symbol if to open, close, or no change
2024-07-18 21:55:33,150 - utils_strategy - INFO - TSLL - downloading data from yfinance
2024-07-18 21:55:33,262 - utils_portfolio - INFO - Checking if we have correct date
2024-07-18 21:55:33,262 - utils_portfolio - INFO - TSLL - running symbols strategy to get entries and exits
2024-07-18 21:55:33,272 - utils_portfolio - INFO - Evaluating symbol if to open, close, or no change
2024-07-18 21:55:33,297 - utils_strategy - INFO - PBR - downloading data from yfinance
2024-07-18 21:55:33,577 - utils_portfolio - INFO - Checking if we have correct date
2024-07-18 21:55:33,577 - utils_portfolio - INFO - PBR - running symbols strategy to get entries and exits
2024-07-18 21:55:33,589 - utils_portfolio - INFO - Evaluating symbol if to open, close, or no change
2024-07-18 21:55:33,624 - utils_strategy - INFO - MP - downloading data from yfinance
2024-07-18 21:55:33,741 - utils_portfolio - INFO - Checking if we have correct date
2024-07-18 21:55:33,741 - utils_portfolio - INFO - MP - running symbols strategy to get entries and exits
2024-07-18 21:55:33,752 - utils_portfolio - INFO - Evaluating symbol if to open, close, or no change
2024-07-18 21:55:33,779 - utils_strategy - INFO - U - downloading data from yfinance
2024-07-18 21:55:33,917 - utils_portfolio - INFO - Checking if we have correct date
2024-07-18 21:55:33,917 - utils_portfolio - INFO - U - running symbols strategy to get entries and exits
2024-07-18 21:55:33,928 - utils_portfolio - INFO - Evaluating symbol if to open, close, or no change
2024-07-18 21:55:33,952 - root - INFO - Portfolio p4 symbols actions - {'RIOT': 'open', 'NEE': 'no_change', 'SLV': 'close', 'SHOP': 'close', 'FAST': 'no_change', 'SPXL': 'close', 'VALE': 'no_change', 'SNAP': 'no_change', 'WDC': 'close', 'MO': 'no_change', 'PM': 'no_change', 'SQ': 'no_change', 'PDD': 'no_change', 'ABBV': 'no_change', 'ON': 'no_change', 'UPRO': 'no_change', 'TSLL': 'no_change', 'PBR': 'no_change', 'MP': 'no_change', 'U': 'no_change'}
2024-07-18 21:55:33,952 - utils_portfolio - INFO - Updating state of portfolio - p4
2024-07-18 21:55:33,952 - utils_portfolio - INFO - Calculating closed trades stats
2024-07-18 21:55:38,128 - utils_portfolio - INFO - Calculating open trades stats
2024-07-18 21:55:38,129 - utils_portfolio - INFO - Processing symbol - RIOT
2024-07-18 21:55:38,613 - utils_portfolio - INFO - Processing symbol - NEE
2024-07-18 21:55:38,856 - utils_portfolio - INFO - Processing symbol - SLV
2024-07-18 21:55:39,010 - utils_portfolio - INFO - Processing symbol - SHOP
2024-07-18 21:55:39,216 - utils_portfolio - INFO - Processing symbol - FAST
2024-07-18 21:55:39,455 - utils_portfolio - INFO - Processing symbol - SPXL
2024-07-18 21:55:39,568 - utils_portfolio - INFO - Processing symbol - VALE
2024-07-18 21:55:39,943 - utils_portfolio - INFO - Processing symbol - SNAP
2024-07-18 21:55:40,137 - utils_portfolio - INFO - Processing symbol - WDC
2024-07-18 21:55:40,341 - utils_portfolio - INFO - Processing symbol - MO
2024-07-18 21:55:40,755 - utils_portfolio - INFO - Processing symbol - PM
2024-07-18 21:55:41,171 - utils_portfolio - INFO - Processing symbol - SQ
2024-07-18 21:55:41,585 - utils_portfolio - INFO - Processing symbol - PDD
2024-07-18 21:55:41,775 - utils_portfolio - INFO - Processing symbol - ABBV
2024-07-18 21:55:42,109 - utils_portfolio - INFO - Processing symbol - ON
2024-07-18 21:55:42,601 - utils_portfolio - INFO - Processing symbol - UPRO
2024-07-18 21:55:42,826 - utils_portfolio - INFO - Processing symbol - TSLL
2024-07-18 21:55:42,937 - utils_portfolio - INFO - Processing symbol - PBR
2024-07-18 21:55:43,165 - utils_portfolio - INFO - Processing symbol - MP
2024-07-18 21:55:43,398 - utils_portfolio - INFO - Processing symbol - U
2024-07-18 21:55:43,775 - utils_portfolio - INFO - Portfolio p4 - calculating position sizes
2024-07-18 21:55:43,795 - root - INFO - Portfolio p4 position sizes - symbol
RIOT    256.64
NEE     256.64
SLV     256.64
SHOP    256.64
FAST    256.64
SPXL    256.64
VALE    256.64
SNAP    256.64
WDC     256.64
MO      256.64
PM      256.64
SQ      256.64
PDD     256.64
ABBV    256.64
ON      256.64
UPRO    256.64
TSLL    256.64
PBR     256.64
MP      256.64
U       256.64
Name: position, dtype: float64
2024-07-18 21:55:43,795 - root - INFO - XXXXXXXXXXXXXXXXXXXX --- Portfolio p4 - DONE --- XXXXXXXXXXXXXXXXXXXX
2024-07-18 21:55:43,795 - utils_portfolio - INFO - Updating state of symbols
2024-07-18 21:55:43,795 - utils_portfolio - INFO - Calculating closed trades stats
2024-07-18 21:55:53,397 - utils_portfolio - INFO - Calculating open trades stats
2024-07-18 21:55:53,398 - utils_portfolio - INFO - Processing symbol - DKNG
2024-07-18 21:55:53,973 - utils_portfolio - INFO - Processing symbol - BA
2024-07-18 21:55:54,219 - utils_portfolio - INFO - Processing symbol - EBAY
2024-07-18 21:55:54,586 - utils_portfolio - INFO - Processing symbol - CRWD
2024-07-18 21:55:54,780 - utils_portfolio - INFO - Processing symbol - SOUN
2024-07-18 21:55:54,985 - utils_portfolio - INFO - Processing symbol - SPXL
2024-07-18 21:55:55,190 - utils_portfolio - INFO - Processing symbol - AMZN
2024-07-18 21:55:55,394 - utils_portfolio - INFO - Processing symbol - RIOT
2024-07-18 21:55:55,816 - utils_portfolio - INFO - Processing symbol - BTC/USD
2024-07-18 21:55:56,228 - utils_portfolio - INFO - Processing symbol - GBTC
2024-07-18 21:55:56,637 - utils_portfolio - INFO - Processing symbol - SNAP
2024-07-18 21:55:56,828 - utils_portfolio - INFO - Processing symbol - WDC
2024-07-18 21:55:56,942 - utils_portfolio - INFO - Processing symbol - SQ
2024-07-18 21:55:57,352 - utils_portfolio - INFO - Processing symbol - AAL
2024-07-18 21:55:57,647 - utils_portfolio - INFO - Processing symbol - IYR
2024-07-18 21:55:58,061 - utils_portfolio - INFO - Processing symbol - ABBV
2024-07-18 21:55:58,482 - utils_portfolio - INFO - Processing symbol - UPRO
2024-07-18 21:55:58,794 - utils_portfolio - INFO - Processing symbol - VALE
2024-07-18 21:55:59,020 - utils_portfolio - INFO - Processing symbol - FAST
2024-07-18 21:55:59,297 - utils_portfolio - INFO - Processing symbol - MO
2024-07-18 21:55:59,538 - utils_portfolio - INFO - Processing symbol - MSTR
2024-07-18 21:55:59,652 - utils_portfolio - INFO - Processing symbol - GM
2024-07-18 21:56:00,017 - utils_portfolio - INFO - Processing symbol - MRVL
2024-07-18 21:56:00,206 - utils_portfolio - INFO - Processing symbol - PM
2024-07-18 21:56:00,623 - utils_portfolio - INFO - Processing symbol - GOOGL
2024-07-18 21:56:00,822 - utils_portfolio - INFO - Processing symbol - SHOP
2024-07-18 21:56:01,027 - utils_portfolio - INFO - Processing symbol - MP
2024-07-18 21:56:01,443 - utils_portfolio - INFO - Processing symbol - TQQQ
2024-07-18 21:56:01,556 - utils_portfolio - INFO - Processing symbol - VRT
2024-07-18 21:56:01,744 - utils_portfolio - INFO - Processing symbol - PDD
2024-07-18 21:56:01,948 - utils_portfolio - INFO - Processing symbol - NEE
2024-07-18 21:56:02,279 - utils_portfolio - INFO - Processing symbol - BABA
2024-07-18 21:56:02,779 - utils_portfolio - INFO - Processing symbol - BITO
2024-07-18 21:56:03,101 - utils_portfolio - INFO - Processing symbol - SLV
2024-07-18 21:56:03,253 - utils_portfolio - INFO - Processing symbol - TSLL
2024-07-18 21:56:03,368 - utils_portfolio - INFO - Processing symbol - ON
2024-07-18 21:56:03,803 - utils_portfolio - INFO - Processing symbol - QQQ
2024-07-18 21:56:03,996 - utils_portfolio - INFO - Processing symbol - PLTR
2024-07-18 21:56:04,408 - utils_portfolio - INFO - Processing symbol - AAPL
2024-07-18 21:56:04,830 - utils_portfolio - INFO - Processing symbol - TSLA
2024-07-18 21:56:05,019 - utils_portfolio - INFO - Processing symbol - PBR
2024-07-18 21:56:05,445 - utils_portfolio - INFO - Processing symbol - META
2024-07-18 21:56:05,634 - utils_portfolio - INFO - Processing symbol - U
2024-07-18 21:56:06,158 - utils_portfolio - INFO - Processing symbol - XLI
2024-07-18 21:56:06,567 - utils_portfolio - INFO - Processing symbol - SCHD
2024-07-18 21:56:06,887 - utils_portfolio - INFO - Processing symbol - NVDA
2024-07-18 21:56:07,000 - utils_portfolio - INFO - Processing symbol - DELL
2024-07-18 21:56:07,169 - utils_portfolio - INFO - Processing symbol - AVGO
2024-07-18 21:56:07,512 - utils_portfolio - INFO - Processing symbol - AMD
2024-07-18 21:56:07,625 - utils_portfolio - INFO - Processing symbol - VOO
