2024-05-25 10:14:42,403 - root - INFO - Logger is setup
2024-05-25 10:14:42,450 - utils_portfolio - INFO - Updating whole portfolio state
2024-05-25 10:14:43,496 - utils_portfolio - INFO - Calculating open trades stats
2024-05-25 10:14:52,951 - utils_portfolio - INFO - Calculating closed trades stats
2024-05-25 10:15:02,515 - utils_portfolio - INFO - Updating info of portfolio - p1
2024-05-25 10:15:02,599 - utils_portfolio - INFO - Calculating symbols weights
2024-05-25 10:15:02,600 - root - INFO - Portfolio p1 symbols weights - {'PLTR': 0.09090909090909091, 'BTC/USD': 0.09090909090909091, 'AAL': 0.09090909090909091, 'VRT': 0.09090909090909091, 'GBTC': 0.09090909090909091, 'DELL': 0.09090909090909091, 'GM': 0.09090909090909091, 'IYR': 0.09090909090909091, 'DKNG': 0.09090909090909091, 'EBAY': 0.09090909090909091, 'CRWD': 0.09090909090909091}
2024-05-25 10:15:02,600 - utils_strategy - INFO - PLTR - downloading data from alpaca
2024-05-25 10:15:03,438 - utils_portfolio - INFO - Checking if we have correct date
2024-05-25 10:15:03,438 - utils_strategy - INFO - BTC/USD - downloading data from alpaca
2024-05-25 10:15:04,458 - utils_portfolio - INFO - Checking if we have correct date
2024-05-25 10:15:04,458 - utils_portfolio - INFO - BTC/USD - running symbols strategy to get entries and exits
2024-05-25 10:15:04,489 - utils_portfolio - INFO - Evaluating symbol if to open, close, or no change
2024-05-25 10:15:09,746 - utils_strategy - INFO - AAL - downloading data from alpaca
2024-05-25 10:15:10,987 - utils_portfolio - INFO - Checking if we have correct date
2024-05-25 10:15:10,987 - utils_strategy - INFO - VRT - downloading data from alpaca
2024-05-25 10:15:11,734 - utils_portfolio - INFO - Checking if we have correct date
2024-05-25 10:15:11,734 - utils_strategy - INFO - GBTC - downloading data from alpaca
2024-05-25 10:15:12,206 - utils_portfolio - INFO - Checking if we have correct date
2024-05-25 10:15:12,207 - utils_strategy - INFO - DELL - downloading data from alpaca
2024-05-25 10:15:12,988 - utils_portfolio - INFO - Checking if we have correct date
2024-05-25 10:15:12,988 - utils_strategy - INFO - GM - downloading data from alpaca
2024-05-25 10:15:14,395 - utils_portfolio - INFO - Checking if we have correct date
2024-05-25 10:15:14,396 - utils_strategy - INFO - IYR - downloading data from alpaca
2024-05-25 10:15:15,471 - utils_portfolio - INFO - Checking if we have correct date
2024-05-25 10:15:15,471 - utils_strategy - INFO - DKNG - downloading data from alpaca
2024-05-25 10:15:16,230 - utils_portfolio - INFO - Checking if we have correct date
2024-05-25 10:15:16,230 - utils_strategy - INFO - EBAY - downloading data from alpaca
2024-05-25 10:15:17,368 - utils_portfolio - INFO - Checking if we have correct date
2024-05-25 10:15:17,369 - utils_strategy - INFO - CRWD - downloading data from alpaca
2024-05-25 10:15:18,120 - utils_portfolio - INFO - Checking if we have correct date
2024-05-25 10:15:18,120 - root - INFO - Portfolio p1 symbols actions - {'BTCUSD': 'no_change'}
2024-05-25 10:15:18,120 - utils_portfolio - INFO - Submitting orders to close existing positions
2024-05-25 10:15:18,120 - utils_portfolio - INFO - Updating state of portfolio - p1
2024-05-25 10:15:18,121 - utils_portfolio - INFO - Calculating closed trades stats
2024-05-25 10:15:20,611 - utils_portfolio - INFO - Calculating open trades stats
2024-05-25 10:15:23,203 - utils_portfolio - INFO - Portfolio p1 - calculating position sizes
2024-05-25 10:15:23,219 - root - INFO - Portfolio p1 position sizes - symbol
PLTR      459.86
BTCUSD    459.86
AAL       459.86
VRT       459.86
GBTC      459.86
DELL      459.86
GM        459.86
IYR       459.86
DKNG      459.86
EBAY      459.86
CRWD      459.86
Name: position, dtype: float64
2024-05-25 10:15:23,220 - utils_portfolio - INFO - Submitting orders to open positions
2024-05-25 10:15:23,220 - root - INFO - XXXXXXXXXXXXXXXXXXXX --- DONE --- XXXXXXXXXXXXXXXXXXXX
2024-05-25 10:15:23,220 - utils_portfolio - INFO - Updating info of portfolio - p2
2024-05-25 10:15:23,283 - utils_portfolio - INFO - Calculating symbols weights
2024-05-25 10:15:23,283 - utils_portfolio - INFO - Calculating closed trades count
2024-05-25 10:15:25,470 - root - INFO - Portfolio p2 symbols weights - {'AAPL': 0.1111111111111111, 'GOOGL': 0.1111111111111111, 'META': 0.1111111111111111, 'MRVL': 0.1111111111111111, 'MSTR': 0.1111111111111111, 'SCHD': 0.1111111111111111, 'BITO': 0.1111111111111111, 'AVGO': 0.1111111111111111, 'SOUN': 0.1111111111111111}
2024-05-25 10:15:25,471 - utils_strategy - INFO - AAPL - downloading data from yfinance
2024-05-25 10:15:26,155 - utils_portfolio - INFO - Checking if we have correct date
2024-05-25 10:15:26,155 - utils_strategy - INFO - GOOGL - downloading data from yfinance
2024-05-25 10:15:26,413 - utils_portfolio - INFO - Checking if we have correct date
2024-05-25 10:15:26,414 - utils_strategy - INFO - META - downloading data from yfinance
2024-05-25 10:15:26,567 - utils_portfolio - INFO - Checking if we have correct date
2024-05-25 10:15:26,567 - utils_strategy - INFO - MRVL - downloading data from yfinance
2024-05-25 10:15:26,997 - utils_portfolio - INFO - Checking if we have correct date
2024-05-25 10:15:26,997 - utils_strategy - INFO - MSTR - downloading data from yfinance
2024-05-25 10:15:27,204 - utils_portfolio - INFO - Checking if we have correct date
2024-05-25 10:15:27,204 - utils_strategy - INFO - SCHD - downloading data from yfinance
2024-05-25 10:15:27,388 - utils_portfolio - INFO - Checking if we have correct date
2024-05-25 10:15:27,388 - utils_strategy - INFO - BITO - downloading data from yfinance
2024-05-25 10:15:27,570 - utils_portfolio - INFO - Checking if we have correct date
2024-05-25 10:15:27,570 - utils_strategy - INFO - AVGO - downloading data from yfinance
2024-05-25 10:15:27,777 - utils_portfolio - INFO - Checking if we have correct date
2024-05-25 10:15:27,778 - utils_strategy - INFO - SOUN - downloading data from yfinance
2024-05-25 10:15:27,863 - utils_portfolio - INFO - Checking if we have correct date
2024-05-25 10:15:27,863 - root - INFO - Portfolio p2 symbols actions - {}
2024-05-25 10:15:27,864 - utils_portfolio - INFO - Submitting orders to close existing positions
2024-05-25 10:15:27,864 - utils_portfolio - INFO - Updating state of portfolio - p2
2024-05-25 10:15:27,865 - utils_portfolio - INFO - Calculating closed trades stats
2024-05-25 10:15:30,136 - utils_portfolio - INFO - Calculating open trades stats
2024-05-25 10:15:31,999 - utils_portfolio - INFO - Portfolio p2 - calculating position sizes
2024-05-25 10:15:32,019 - root - INFO - Portfolio p2 position sizes - symbol
AAPL     580.71
GOOGL    580.71
META     580.71
MRVL     580.71
MSTR     580.71
SCHD     580.71
BITO     580.71
AVGO     580.71
SOUN     580.71
Name: position, dtype: float64
2024-05-25 10:15:32,019 - utils_portfolio - INFO - Submitting orders to open positions
2024-05-25 10:15:32,019 - root - INFO - XXXXXXXXXXXXXXXXXXXX --- DONE --- XXXXXXXXXXXXXXXXXXXX
2024-05-25 10:15:32,019 - utils_portfolio - INFO - Updating info of portfolio - p3
2024-05-25 10:15:32,085 - utils_portfolio - INFO - Calculating symbols weights
2024-05-25 10:15:32,085 - root - INFO - Portfolio p3 symbols weights - {'TSLA': 0.1, 'NVDA': 0.1, 'AMD': 0.1, 'QQQ': 0.1, 'AMZN': 0.1, 'TQQQ': 0.1, 'VOO': 0.1, 'BABA': 0.1, 'BA': 0.1, 'XLI': 0.1}
2024-05-25 10:15:32,085 - utils_strategy - INFO - TSLA - downloading data from yfinance
2024-05-25 10:15:32,333 - utils_portfolio - INFO - Checking if we have correct date
2024-05-25 10:15:32,333 - utils_strategy - INFO - NVDA - downloading data from yfinance
2024-05-25 10:15:32,646 - utils_portfolio - INFO - Checking if we have correct date
2024-05-25 10:15:32,646 - utils_strategy - INFO - AMD - downloading data from yfinance
2024-05-25 10:15:32,893 - utils_portfolio - INFO - Checking if we have correct date
2024-05-25 10:15:32,893 - utils_strategy - INFO - QQQ - downloading data from yfinance
2024-05-25 10:15:33,182 - utils_portfolio - INFO - Checking if we have correct date
2024-05-25 10:15:33,182 - utils_strategy - INFO - AMZN - downloading data from yfinance
2024-05-25 10:15:33,558 - utils_portfolio - INFO - Checking if we have correct date
2024-05-25 10:15:33,558 - utils_strategy - INFO - TQQQ - downloading data from yfinance
2024-05-25 10:15:33,744 - utils_portfolio - INFO - Checking if we have correct date
2024-05-25 10:15:33,745 - utils_strategy - INFO - VOO - downloading data from yfinance
2024-05-25 10:15:33,939 - utils_portfolio - INFO - Checking if we have correct date
2024-05-25 10:15:33,940 - utils_strategy - INFO - BABA - downloading data from yfinance
2024-05-25 10:15:34,064 - utils_portfolio - INFO - Checking if we have correct date
2024-05-25 10:15:34,064 - utils_strategy - INFO - BA - downloading data from yfinance
2024-05-25 10:15:34,384 - utils_portfolio - INFO - Checking if we have correct date
2024-05-25 10:15:34,384 - utils_strategy - INFO - XLI - downloading data from yfinance
2024-05-25 10:15:34,689 - utils_portfolio - INFO - Checking if we have correct date
2024-05-25 10:15:34,690 - root - INFO - Portfolio p3 symbols actions - {}
2024-05-25 10:15:34,690 - utils_portfolio - INFO - Submitting orders to close existing positions
2024-05-25 10:15:34,690 - utils_portfolio - INFO - Updating state of portfolio - p3
2024-05-25 10:15:34,690 - utils_portfolio - INFO - Calculating closed trades stats
2024-05-25 10:15:36,997 - utils_portfolio - INFO - Calculating open trades stats
2024-05-25 10:15:39,051 - utils_portfolio - INFO - Portfolio p3 - calculating position sizes
2024-05-25 10:15:39,070 - root - INFO - Portfolio p3 position sizes - symbol
TSLA    507.51
NVDA    507.51
AMD     507.51
QQQ     507.51
AMZN    507.51
TQQQ    507.51
VOO     507.51
BABA    507.51
BA      507.51
XLI     507.51
Name: position, dtype: float64
2024-05-25 10:15:39,070 - utils_portfolio - INFO - Submitting orders to open positions
2024-05-25 10:15:39,070 - root - INFO - XXXXXXXXXXXXXXXXXXXX --- DONE --- XXXXXXXXXXXXXXXXXXXX
2024-05-25 10:15:39,070 - utils_portfolio - INFO - Updating info of portfolio - p4
2024-05-25 10:15:39,201 - utils_portfolio - INFO - Calculating symbols weights
2024-05-25 10:15:39,202 - root - INFO - Portfolio p4 symbols weights - {'RIOT': 0.05, 'NEE': 0.05, 'SLV': 0.05, 'SHOP': 0.05, 'FAST': 0.05, 'SPXL': 0.05, 'VALE': 0.05, 'SNAP': 0.05, 'WDC': 0.05, 'MO': 0.05, 'PM': 0.05, 'SQ': 0.05, 'PDD': 0.05, 'ABBV': 0.05, 'ON': 0.05, 'UPRO': 0.05, 'TSLL': 0.05, 'PBR': 0.05, 'MP': 0.05, 'U': 0.05}
2024-05-25 10:15:39,202 - utils_strategy - INFO - RIOT - downloading data from yfinance
2024-05-25 10:15:39,399 - utils_portfolio - INFO - Checking if we have correct date
2024-05-25 10:15:39,399 - utils_strategy - INFO - NEE - downloading data from yfinance
2024-05-25 10:15:39,735 - utils_portfolio - INFO - Checking if we have correct date
2024-05-25 10:15:39,736 - utils_strategy - INFO - SLV - downloading data from yfinance
2024-05-25 10:15:39,947 - utils_portfolio - INFO - Checking if we have correct date
2024-05-25 10:15:39,947 - utils_strategy - INFO - SHOP - downloading data from yfinance
2024-05-25 10:15:40,119 - utils_portfolio - INFO - Checking if we have correct date
2024-05-25 10:15:40,119 - utils_strategy - INFO - FAST - downloading data from yfinance
2024-05-25 10:15:40,436 - utils_portfolio - INFO - Checking if we have correct date
2024-05-25 10:15:40,436 - utils_strategy - INFO - SPXL - downloading data from yfinance
2024-05-25 10:15:40,656 - utils_portfolio - INFO - Checking if we have correct date
2024-05-25 10:15:40,656 - utils_strategy - INFO - VALE - downloading data from yfinance
2024-05-25 10:15:40,936 - utils_portfolio - INFO - Checking if we have correct date
2024-05-25 10:15:40,936 - utils_strategy - INFO - SNAP - downloading data from yfinance
2024-05-25 10:15:41,124 - utils_portfolio - INFO - Checking if we have correct date
2024-05-25 10:15:41,124 - utils_strategy - INFO - WDC - downloading data from yfinance
2024-05-25 10:15:41,346 - utils_portfolio - INFO - Checking if we have correct date
2024-05-25 10:15:41,347 - utils_strategy - INFO - MO - downloading data from yfinance
2024-05-25 10:15:41,731 - utils_portfolio - INFO - Checking if we have correct date
2024-05-25 10:15:41,731 - utils_strategy - INFO - PM - downloading data from yfinance
2024-05-25 10:15:41,991 - utils_portfolio - INFO - Checking if we have correct date
2024-05-25 10:15:41,991 - utils_strategy - INFO - SQ - downloading data from yfinance
2024-05-25 10:15:42,172 - utils_portfolio - INFO - Checking if we have correct date
2024-05-25 10:15:42,172 - utils_strategy - INFO - PDD - downloading data from yfinance
2024-05-25 10:15:42,290 - utils_portfolio - INFO - Checking if we have correct date
2024-05-25 10:15:42,290 - utils_strategy - INFO - ABBV - downloading data from yfinance
2024-05-25 10:15:42,461 - utils_portfolio - INFO - Checking if we have correct date
2024-05-25 10:15:42,461 - utils_strategy - INFO - ON - downloading data from yfinance
2024-05-25 10:15:42,689 - utils_portfolio - INFO - Checking if we have correct date
2024-05-25 10:15:42,689 - utils_strategy - INFO - UPRO - downloading data from yfinance
2024-05-25 10:15:42,976 - utils_portfolio - INFO - Checking if we have correct date
2024-05-25 10:15:42,976 - utils_strategy - INFO - TSLL - downloading data from yfinance
2024-05-25 10:15:43,080 - utils_portfolio - INFO - Checking if we have correct date
2024-05-25 10:15:43,081 - utils_strategy - INFO - PBR - downloading data from yfinance
2024-05-25 10:15:43,402 - utils_portfolio - INFO - Checking if we have correct date
2024-05-25 10:15:43,402 - utils_strategy - INFO - MP - downloading data from yfinance
2024-05-25 10:15:43,505 - utils_portfolio - INFO - Checking if we have correct date
2024-05-25 10:15:43,505 - utils_strategy - INFO - U - downloading data from yfinance
2024-05-25 10:15:43,626 - utils_portfolio - INFO - Checking if we have correct date
2024-05-25 10:15:43,626 - root - INFO - Portfolio p4 symbols actions - {}
2024-05-25 10:15:43,626 - utils_portfolio - INFO - Submitting orders to close existing positions
2024-05-25 10:15:43,627 - utils_portfolio - INFO - Updating state of portfolio - p4
2024-05-25 10:15:43,627 - utils_portfolio - INFO - Calculating closed trades stats
2024-05-25 10:15:47,441 - utils_portfolio - INFO - Calculating open trades stats
2024-05-25 10:15:51,462 - utils_portfolio - INFO - Portfolio p4 - calculating position sizes
2024-05-25 10:15:51,491 - root - INFO - Portfolio p4 position sizes - symbol
RIOT    247.35
NEE     247.35
SLV     247.35
SHOP    247.35
FAST    247.35
SPXL    247.35
VALE    247.35
SNAP    247.35
WDC     247.35
MO      247.35
PM      247.35
SQ      247.35
PDD     247.35
ABBV    247.35
ON      247.35
UPRO    247.35
TSLL    247.35
PBR     247.35
MP      247.35
U       247.35
Name: position, dtype: float64
2024-05-25 10:15:51,492 - utils_portfolio - INFO - Submitting orders to open positions
2024-05-25 10:15:51,492 - root - INFO - XXXXXXXXXXXXXXXXXXXX --- DONE --- XXXXXXXXXXXXXXXXXXXX
