2024-07-03 13:49:31,524 - root - INFO - Logger is setup
2024-07-03 13:49:31,580 - utils_portfolio - INFO - Updating whole portfolio state
2024-07-03 13:49:32,742 - utils_portfolio - INFO - Calculating open trades stats
2024-07-03 13:49:44,696 - utils_portfolio - INFO - Calculating closed trades stats
2024-07-03 13:49:55,087 - utils_portfolio - INFO - Updating info of portfolio - p1
2024-07-03 13:49:55,159 - utils_portfolio - INFO - Calculating symbols weights
2024-07-03 13:49:55,160 - root - INFO - Portfolio p1 symbols weights - {'PLTR': 0.09090909090909091, 'BTC/USD': 0.09090909090909091, 'AAL': 0.09090909090909091, 'VRT': 0.09090909090909091, 'GBTC': 0.09090909090909091, 'DELL': 0.09090909090909091, 'GM': 0.09090909090909091, 'IYR': 0.09090909090909091, 'DKNG': 0.09090909090909091, 'EBAY': 0.09090909090909091, 'CRWD': 0.09090909090909091}
2024-07-03 13:49:55,161 - utils_strategy - INFO - PLTR - downloading data from alpaca
2024-07-03 13:49:56,041 - utils_portfolio - INFO - Checking if we have correct date
2024-07-03 13:49:56,041 - utils_portfolio - INFO - PLTR - running symbols strategy to get entries and exits
2024-07-03 13:49:56,059 - utils_portfolio - INFO - Evaluating symbol if to open, close, or no change
2024-07-03 13:50:01,067 - utils_strategy - INFO - BTC/USD - downloading data from alpaca
2024-07-03 13:50:02,284 - utils_portfolio - INFO - Checking if we have correct date
2024-07-03 13:50:02,284 - utils_portfolio - INFO - BTC/USD - running symbols strategy to get entries and exits
2024-07-03 13:50:02,296 - utils_portfolio - INFO - Evaluating symbol if to open, close, or no change
2024-07-03 13:50:02,328 - utils_strategy - INFO - AAL - downloading data from alpaca
2024-07-03 13:50:03,733 - utils_portfolio - INFO - Checking if we have correct date
2024-07-03 13:50:03,733 - utils_portfolio - INFO - AAL - running symbols strategy to get entries and exits
2024-07-03 13:50:03,749 - utils_portfolio - INFO - Evaluating symbol if to open, close, or no change
2024-07-03 13:50:03,786 - utils_strategy - INFO - VRT - downloading data from alpaca
2024-07-03 13:50:04,748 - utils_portfolio - INFO - Checking if we have correct date
2024-07-03 13:50:04,749 - utils_portfolio - INFO - VRT - running symbols strategy to get entries and exits
2024-07-03 13:50:04,762 - utils_portfolio - INFO - Evaluating symbol if to open, close, or no change
2024-07-03 13:50:04,795 - utils_strategy - INFO - GBTC - downloading data from alpaca
2024-07-03 13:50:05,313 - utils_portfolio - INFO - Checking if we have correct date
2024-07-03 13:50:05,313 - utils_portfolio - INFO - GBTC - running symbols strategy to get entries and exits
2024-07-03 13:50:05,323 - utils_portfolio - INFO - Evaluating symbol if to open, close, or no change
2024-07-03 13:50:05,354 - utils_strategy - INFO - DELL - downloading data from alpaca
2024-07-03 13:50:06,383 - utils_portfolio - INFO - Checking if we have correct date
2024-07-03 13:50:06,384 - utils_portfolio - INFO - DELL - running symbols strategy to get entries and exits
2024-07-03 13:50:06,410 - utils_portfolio - INFO - Evaluating symbol if to open, close, or no change
2024-07-03 13:50:06,440 - utils_strategy - INFO - GM - downloading data from alpaca
2024-07-03 13:50:07,813 - utils_portfolio - INFO - Checking if we have correct date
2024-07-03 13:50:07,813 - utils_portfolio - INFO - GM - running symbols strategy to get entries and exits
2024-07-03 13:50:07,830 - utils_portfolio - INFO - Evaluating symbol if to open, close, or no change
2024-07-03 13:50:07,862 - utils_strategy - INFO - IYR - downloading data from alpaca
2024-07-03 13:50:09,254 - utils_portfolio - INFO - Checking if we have correct date
2024-07-03 13:50:09,254 - utils_portfolio - INFO - IYR - running symbols strategy to get entries and exits
2024-07-03 13:50:09,282 - utils_portfolio - INFO - Evaluating symbol if to open, close, or no change
2024-07-03 13:50:09,325 - utils_strategy - INFO - DKNG - downloading data from alpaca
2024-07-03 13:50:10,241 - utils_portfolio - INFO - Checking if we have correct date
2024-07-03 13:50:10,241 - utils_portfolio - INFO - DKNG - running symbols strategy to get entries and exits
2024-07-03 13:50:10,254 - utils_portfolio - INFO - Evaluating symbol if to open, close, or no change
2024-07-03 13:50:10,287 - utils_strategy - INFO - EBAY - downloading data from alpaca
2024-07-03 13:50:11,484 - utils_portfolio - INFO - Checking if we have correct date
2024-07-03 13:50:11,484 - utils_portfolio - INFO - EBAY - running symbols strategy to get entries and exits
2024-07-03 13:50:11,503 - utils_portfolio - INFO - Evaluating symbol if to open, close, or no change
2024-07-03 13:50:11,542 - utils_strategy - INFO - CRWD - downloading data from alpaca
2024-07-03 13:50:12,512 - utils_portfolio - INFO - Checking if we have correct date
2024-07-03 13:50:12,513 - utils_portfolio - INFO - CRWD - running symbols strategy to get entries and exits
2024-07-03 13:50:12,529 - utils_portfolio - INFO - Evaluating symbol if to open, close, or no change
2024-07-03 13:50:12,564 - root - INFO - Portfolio p1 symbols actions - {'PLTR': 'no_change', 'BTCUSD': 'no_change', 'AAL': 'no_change', 'VRT': 'no_change', 'GBTC': 'no_change', 'DELL': 'open', 'GM': 'no_change', 'IYR': 'no_change', 'DKNG': 'no_change', 'EBAY': 'no_change', 'CRWD': 'no_change'}
2024-07-03 13:50:12,564 - utils_portfolio - INFO - Submitting orders to close existing positions
2024-07-03 13:50:12,564 - utils_portfolio - INFO - Updating state of portfolio - p1
2024-07-03 13:50:12,564 - utils_portfolio - INFO - Calculating closed trades stats
2024-07-03 13:50:15,174 - utils_portfolio - INFO - Calculating open trades stats
2024-07-03 13:50:18,134 - utils_portfolio - INFO - Portfolio p1 - calculating position sizes
2024-07-03 13:50:18,152 - root - INFO - Portfolio p1 position sizes - symbol
PLTR      452.42
BTCUSD    452.20
AAL       452.20
VRT       452.20
GBTC      452.20
DELL      452.20
GM        452.20
IYR       452.42
DKNG      452.20
EBAY      452.20
CRWD      452.20
Name: position, dtype: float64
2024-07-03 13:50:18,152 - utils_portfolio - INFO - Submitting orders to open positions
2024-07-03 13:50:18,624 - root - INFO - XXXXXXXXXXXXXXXXXXXX --- Portfolio p1 - DONE --- XXXXXXXXXXXXXXXXXXXX
2024-07-03 13:50:18,624 - utils_portfolio - INFO - Updating info of portfolio - p2
2024-07-03 13:50:18,692 - utils_portfolio - INFO - Calculating symbols weights
2024-07-03 13:50:18,692 - utils_portfolio - INFO - Calculating closed trades count
2024-07-03 13:50:20,897 - root - INFO - Portfolio p2 symbols weights - {'AAPL': 0.1111111111111111, 'GOOGL': 0.1111111111111111, 'META': 0.1111111111111111, 'MRVL': 0.1111111111111111, 'MSTR': 0.1111111111111111, 'SCHD': 0.1111111111111111, 'BITO': 0.1111111111111111, 'AVGO': 0.1111111111111111, 'SOUN': 0.1111111111111111}
2024-07-03 13:50:20,898 - utils_strategy - INFO - AAPL - downloading data from yfinance
2024-07-03 13:50:21,553 - utils_portfolio - INFO - Checking if we have correct date
2024-07-03 13:50:21,553 - utils_portfolio - INFO - AAPL - running symbols strategy to get entries and exits
2024-07-03 13:50:21,561 - utils_portfolio - INFO - Evaluating symbol if to open, close, or no change
2024-07-03 13:50:21,601 - utils_strategy - INFO - GOOGL - downloading data from yfinance
2024-07-03 13:50:21,859 - utils_portfolio - INFO - Checking if we have correct date
2024-07-03 13:50:21,859 - utils_portfolio - INFO - GOOGL - running symbols strategy to get entries and exits
2024-07-03 13:50:21,866 - utils_portfolio - INFO - Evaluating symbol if to open, close, or no change
2024-07-03 13:50:22,093 - utils_strategy - INFO - META - downloading data from yfinance
2024-07-03 13:50:22,245 - utils_portfolio - INFO - Checking if we have correct date
2024-07-03 13:50:22,246 - utils_portfolio - INFO - META - running symbols strategy to get entries and exits
2024-07-03 13:50:22,253 - utils_portfolio - INFO - Evaluating symbol if to open, close, or no change
2024-07-03 13:50:22,285 - utils_strategy - INFO - MRVL - downloading data from yfinance
2024-07-03 13:50:22,613 - utils_portfolio - INFO - Checking if we have correct date
2024-07-03 13:50:22,613 - utils_portfolio - INFO - MRVL - running symbols strategy to get entries and exits
2024-07-03 13:50:22,622 - utils_portfolio - INFO - Evaluating symbol if to open, close, or no change
2024-07-03 13:50:22,656 - utils_strategy - INFO - MSTR - downloading data from yfinance
2024-07-03 13:50:22,850 - utils_portfolio - INFO - Checking if we have correct date
2024-07-03 13:50:22,850 - utils_portfolio - INFO - MSTR - running symbols strategy to get entries and exits
2024-07-03 13:50:22,857 - utils_portfolio - INFO - Evaluating symbol if to open, close, or no change
2024-07-03 13:50:22,895 - utils_strategy - INFO - SCHD - downloading data from yfinance
2024-07-03 13:50:23,057 - utils_portfolio - INFO - Checking if we have correct date
2024-07-03 13:50:23,057 - utils_portfolio - INFO - SCHD - running symbols strategy to get entries and exits
2024-07-03 13:50:23,065 - utils_portfolio - INFO - Evaluating symbol if to open, close, or no change
2024-07-03 13:50:23,104 - utils_strategy - INFO - BITO - downloading data from yfinance
2024-07-03 13:50:23,251 - utils_portfolio - INFO - Checking if we have correct date
2024-07-03 13:50:23,251 - utils_portfolio - INFO - BITO - running symbols strategy to get entries and exits
2024-07-03 13:50:23,260 - utils_portfolio - INFO - Evaluating symbol if to open, close, or no change
2024-07-03 13:50:23,287 - utils_strategy - INFO - AVGO - downloading data from yfinance
2024-07-03 13:50:23,456 - utils_portfolio - INFO - Checking if we have correct date
2024-07-03 13:50:23,456 - utils_portfolio - INFO - AVGO - running symbols strategy to get entries and exits
2024-07-03 13:50:23,464 - utils_portfolio - INFO - Evaluating symbol if to open, close, or no change
2024-07-03 13:50:23,499 - utils_strategy - INFO - SOUN - downloading data from yfinance
2024-07-03 13:50:23,631 - utils_portfolio - INFO - Checking if we have correct date
2024-07-03 13:50:23,631 - utils_portfolio - INFO - SOUN - running symbols strategy to get entries and exits
2024-07-03 13:50:23,642 - utils_portfolio - INFO - Evaluating symbol if to open, close, or no change
2024-07-03 13:50:23,670 - root - INFO - Portfolio p2 symbols actions - {'AAPL': 'no_change', 'GOOGL': 'no_change', 'META': 'no_change', 'MRVL': 'open', 'MSTR': 'no_change', 'SCHD': 'no_change', 'BITO': 'no_change', 'AVGO': 'no_change', 'SOUN': 'no_change'}
2024-07-03 13:50:23,670 - utils_portfolio - INFO - Submitting orders to close existing positions
2024-07-03 13:50:23,670 - utils_portfolio - INFO - Updating state of portfolio - p2
2024-07-03 13:50:23,670 - utils_portfolio - INFO - Calculating closed trades stats
2024-07-03 13:50:25,931 - utils_portfolio - INFO - Calculating open trades stats
2024-07-03 13:50:28,904 - utils_portfolio - INFO - Portfolio p2 - calculating position sizes
2024-07-03 13:50:28,926 - root - INFO - Portfolio p2 position sizes - symbol
AAPL     596.65
GOOGL    596.65
META     596.65
MRVL     596.65
MSTR     596.65
SCHD     596.65
BITO     596.65
AVGO     596.65
SOUN     596.65
Name: position, dtype: float64
2024-07-03 13:50:28,927 - utils_portfolio - INFO - Submitting orders to open positions
2024-07-03 13:50:29,481 - root - INFO - XXXXXXXXXXXXXXXXXXXX --- Portfolio p2 - DONE --- XXXXXXXXXXXXXXXXXXXX
2024-07-03 13:50:29,482 - utils_portfolio - INFO - Updating info of portfolio - p3
2024-07-03 13:50:29,553 - utils_portfolio - INFO - Calculating symbols weights
2024-07-03 13:50:29,554 - root - INFO - Portfolio p3 symbols weights - {'TSLA': 0.1, 'NVDA': 0.1, 'AMD': 0.1, 'QQQ': 0.1, 'AMZN': 0.1, 'TQQQ': 0.1, 'VOO': 0.1, 'BABA': 0.1, 'BA': 0.1, 'XLI': 0.1}
2024-07-03 13:50:29,554 - utils_strategy - INFO - TSLA - downloading data from yfinance
2024-07-03 13:50:29,793 - utils_portfolio - INFO - Checking if we have correct date
2024-07-03 13:50:29,793 - utils_portfolio - INFO - TSLA - running symbols strategy to get entries and exits
2024-07-03 13:50:29,801 - utils_portfolio - INFO - Evaluating symbol if to open, close, or no change
2024-07-03 13:50:29,836 - utils_strategy - INFO - NVDA - downloading data from yfinance
2024-07-03 13:50:30,071 - utils_portfolio - INFO - Checking if we have correct date
2024-07-03 13:50:30,071 - utils_portfolio - INFO - NVDA - running symbols strategy to get entries and exits
2024-07-03 13:50:30,079 - utils_portfolio - INFO - Evaluating symbol if to open, close, or no change
2024-07-03 13:50:30,116 - utils_strategy - INFO - AMD - downloading data from yfinance
2024-07-03 13:50:30,404 - utils_portfolio - INFO - Checking if we have correct date
2024-07-03 13:50:30,404 - utils_portfolio - INFO - AMD - running symbols strategy to get entries and exits
2024-07-03 13:50:30,412 - utils_portfolio - INFO - Evaluating symbol if to open, close, or no change
2024-07-03 13:50:30,449 - utils_strategy - INFO - QQQ - downloading data from yfinance
2024-07-03 13:50:30,828 - utils_portfolio - INFO - Checking if we have correct date
2024-07-03 13:50:30,828 - utils_portfolio - INFO - QQQ - running symbols strategy to get entries and exits
2024-07-03 13:50:30,835 - utils_portfolio - INFO - Evaluating symbol if to open, close, or no change
2024-07-03 13:50:30,875 - utils_strategy - INFO - AMZN - downloading data from yfinance
2024-07-03 13:50:31,168 - utils_portfolio - INFO - Checking if we have correct date
2024-07-03 13:50:31,168 - utils_portfolio - INFO - AMZN - running symbols strategy to get entries and exits
2024-07-03 13:50:31,175 - utils_portfolio - INFO - Evaluating symbol if to open, close, or no change
2024-07-03 13:50:31,375 - utils_strategy - INFO - TQQQ - downloading data from yfinance
2024-07-03 13:50:31,560 - utils_portfolio - INFO - Checking if we have correct date
2024-07-03 13:50:31,560 - utils_portfolio - INFO - TQQQ - running symbols strategy to get entries and exits
2024-07-03 13:50:31,568 - utils_portfolio - INFO - Evaluating symbol if to open, close, or no change
2024-07-03 13:50:31,598 - utils_strategy - INFO - VOO - downloading data from yfinance
2024-07-03 13:50:31,775 - utils_portfolio - INFO - Checking if we have correct date
2024-07-03 13:50:31,775 - utils_portfolio - INFO - VOO - running symbols strategy to get entries and exits
2024-07-03 13:50:31,783 - utils_portfolio - INFO - Evaluating symbol if to open, close, or no change
2024-07-03 13:50:31,812 - utils_strategy - INFO - BABA - downloading data from yfinance
2024-07-03 13:50:32,001 - utils_portfolio - INFO - Checking if we have correct date
2024-07-03 13:50:32,001 - utils_portfolio - INFO - BABA - running symbols strategy to get entries and exits
2024-07-03 13:50:32,009 - utils_portfolio - INFO - Evaluating symbol if to open, close, or no change
2024-07-03 13:50:32,037 - utils_strategy - INFO - BA - downloading data from yfinance
2024-07-03 13:50:32,326 - utils_portfolio - INFO - Checking if we have correct date
2024-07-03 13:50:32,327 - utils_portfolio - INFO - BA - running symbols strategy to get entries and exits
2024-07-03 13:50:32,334 - utils_portfolio - INFO - Evaluating symbol if to open, close, or no change
2024-07-03 13:50:32,369 - utils_strategy - INFO - XLI - downloading data from yfinance
2024-07-03 13:50:32,636 - utils_portfolio - INFO - Checking if we have correct date
2024-07-03 13:50:32,636 - utils_portfolio - INFO - XLI - running symbols strategy to get entries and exits
2024-07-03 13:50:32,643 - utils_portfolio - INFO - Evaluating symbol if to open, close, or no change
2024-07-03 13:50:32,681 - root - INFO - Portfolio p3 symbols actions - {'TSLA': 'no_change', 'NVDA': 'no_change', 'AMD': 'open', 'QQQ': 'no_change', 'AMZN': 'no_change', 'TQQQ': 'open', 'VOO': 'no_change', 'BABA': 'no_change', 'BA': 'no_change', 'XLI': 'no_change'}
2024-07-03 13:50:32,682 - utils_portfolio - INFO - Submitting orders to close existing positions
2024-07-03 13:50:32,682 - utils_portfolio - INFO - Updating state of portfolio - p3
2024-07-03 13:50:32,682 - utils_portfolio - INFO - Calculating closed trades stats
2024-07-03 13:50:34,944 - utils_portfolio - INFO - Calculating open trades stats
2024-07-03 13:50:38,149 - utils_portfolio - INFO - Portfolio p3 - calculating position sizes
2024-07-03 13:50:38,178 - root - INFO - Portfolio p3 position sizes - symbol
TSLA    481.80
NVDA    476.14
AMD     476.14
QQQ     481.80
AMZN    481.80
TQQQ    476.14
VOO     476.14
BABA    476.14
BA      481.80
XLI     476.14
Name: position, dtype: float64
2024-07-03 13:50:38,178 - utils_portfolio - INFO - Submitting orders to open positions
2024-07-03 13:50:38,903 - root - INFO - XXXXXXXXXXXXXXXXXXXX --- Portfolio p3 - DONE --- XXXXXXXXXXXXXXXXXXXX
2024-07-03 13:50:38,904 - utils_portfolio - INFO - Updating info of portfolio - p4
2024-07-03 13:50:39,038 - utils_portfolio - INFO - Calculating symbols weights
2024-07-03 13:50:39,039 - root - INFO - Portfolio p4 symbols weights - {'RIOT': 0.05, 'NEE': 0.05, 'SLV': 0.05, 'SHOP': 0.05, 'FAST': 0.05, 'SPXL': 0.05, 'VALE': 0.05, 'SNAP': 0.05, 'WDC': 0.05, 'MO': 0.05, 'PM': 0.05, 'SQ': 0.05, 'PDD': 0.05, 'ABBV': 0.05, 'ON': 0.05, 'UPRO': 0.05, 'TSLL': 0.05, 'PBR': 0.05, 'MP': 0.05, 'U': 0.05}
2024-07-03 13:50:39,039 - utils_strategy - INFO - RIOT - downloading data from yfinance
2024-07-03 13:50:39,235 - utils_portfolio - INFO - Checking if we have correct date
2024-07-03 13:50:39,235 - utils_portfolio - INFO - RIOT - running symbols strategy to get entries and exits
2024-07-03 13:50:39,243 - utils_portfolio - INFO - Evaluating symbol if to open, close, or no change
2024-07-03 13:50:39,272 - utils_strategy - INFO - NEE - downloading data from yfinance
2024-07-03 13:50:39,537 - utils_portfolio - INFO - Checking if we have correct date
2024-07-03 13:50:39,537 - utils_portfolio - INFO - NEE - running symbols strategy to get entries and exits
2024-07-03 13:50:39,545 - utils_portfolio - INFO - Evaluating symbol if to open, close, or no change
2024-07-03 13:50:39,582 - utils_strategy - INFO - SLV - downloading data from yfinance
2024-07-03 13:50:39,744 - utils_portfolio - INFO - Checking if we have correct date
2024-07-03 13:50:39,744 - utils_portfolio - INFO - SLV - running symbols strategy to get entries and exits
2024-07-03 13:50:39,751 - utils_portfolio - INFO - Evaluating symbol if to open, close, or no change
2024-07-03 13:50:39,786 - utils_strategy - INFO - SHOP - downloading data from yfinance
2024-07-03 13:50:39,943 - utils_portfolio - INFO - Checking if we have correct date
2024-07-03 13:50:39,944 - utils_portfolio - INFO - SHOP - running symbols strategy to get entries and exits
2024-07-03 13:50:39,951 - utils_portfolio - INFO - Evaluating symbol if to open, close, or no change
2024-07-03 13:50:39,984 - utils_strategy - INFO - FAST - downloading data from yfinance
2024-07-03 13:50:40,226 - utils_portfolio - INFO - Checking if we have correct date
2024-07-03 13:50:40,226 - utils_portfolio - INFO - FAST - running symbols strategy to get entries and exits
2024-07-03 13:50:40,233 - utils_portfolio - INFO - Evaluating symbol if to open, close, or no change
2024-07-03 13:50:40,271 - utils_strategy - INFO - SPXL - downloading data from yfinance
2024-07-03 13:50:40,459 - utils_portfolio - INFO - Checking if we have correct date
2024-07-03 13:50:40,459 - utils_portfolio - INFO - SPXL - running symbols strategy to get entries and exits
2024-07-03 13:50:40,466 - utils_portfolio - INFO - Evaluating symbol if to open, close, or no change
2024-07-03 13:50:40,496 - utils_strategy - INFO - VALE - downloading data from yfinance
2024-07-03 13:50:40,953 - utils_portfolio - INFO - Checking if we have correct date
2024-07-03 13:50:40,953 - utils_portfolio - INFO - VALE - running symbols strategy to get entries and exits
2024-07-03 13:50:40,962 - utils_portfolio - INFO - Evaluating symbol if to open, close, or no change
2024-07-03 13:50:40,996 - utils_strategy - INFO - SNAP - downloading data from yfinance
2024-07-03 13:50:41,170 - utils_portfolio - INFO - Checking if we have correct date
2024-07-03 13:50:41,171 - utils_portfolio - INFO - SNAP - running symbols strategy to get entries and exits
2024-07-03 13:50:41,181 - utils_portfolio - INFO - Evaluating symbol if to open, close, or no change
2024-07-03 13:50:41,206 - utils_strategy - INFO - WDC - downloading data from yfinance
2024-07-03 13:50:41,428 - utils_portfolio - INFO - Checking if we have correct date
2024-07-03 13:50:41,429 - utils_portfolio - INFO - WDC - running symbols strategy to get entries and exits
2024-07-03 13:50:41,437 - utils_portfolio - INFO - Evaluating symbol if to open, close, or no change
2024-07-03 13:50:41,490 - utils_strategy - INFO - MO - downloading data from yfinance
2024-07-03 13:50:41,833 - utils_portfolio - INFO - Checking if we have correct date
2024-07-03 13:50:41,833 - utils_portfolio - INFO - MO - running symbols strategy to get entries and exits
2024-07-03 13:50:41,840 - utils_portfolio - INFO - Evaluating symbol if to open, close, or no change
2024-07-03 13:50:41,880 - utils_strategy - INFO - PM - downloading data from yfinance
2024-07-03 13:50:42,138 - utils_portfolio - INFO - Checking if we have correct date
2024-07-03 13:50:42,138 - utils_portfolio - INFO - PM - running symbols strategy to get entries and exits
2024-07-03 13:50:42,145 - utils_portfolio - INFO - Evaluating symbol if to open, close, or no change
2024-07-03 13:50:42,178 - utils_strategy - INFO - SQ - downloading data from yfinance
2024-07-03 13:50:42,306 - utils_portfolio - INFO - Checking if we have correct date
2024-07-03 13:50:42,306 - utils_portfolio - INFO - SQ - running symbols strategy to get entries and exits
2024-07-03 13:50:42,315 - utils_portfolio - INFO - Evaluating symbol if to open, close, or no change
2024-07-03 13:50:42,344 - utils_strategy - INFO - PDD - downloading data from yfinance
2024-07-03 13:50:42,456 - utils_portfolio - INFO - Checking if we have correct date
2024-07-03 13:50:42,456 - utils_portfolio - INFO - PDD - running symbols strategy to get entries and exits
2024-07-03 13:50:42,465 - utils_portfolio - INFO - Evaluating symbol if to open, close, or no change
2024-07-03 13:50:42,490 - utils_strategy - INFO - ABBV - downloading data from yfinance
2024-07-03 13:50:42,648 - utils_portfolio - INFO - Checking if we have correct date
2024-07-03 13:50:42,648 - utils_portfolio - INFO - ABBV - running symbols strategy to get entries and exits
2024-07-03 13:50:42,656 - utils_portfolio - INFO - Evaluating symbol if to open, close, or no change
2024-07-03 13:50:42,685 - utils_strategy - INFO - ON - downloading data from yfinance
2024-07-03 13:50:42,894 - utils_portfolio - INFO - Checking if we have correct date
2024-07-03 13:50:42,894 - utils_portfolio - INFO - ON - running symbols strategy to get entries and exits
2024-07-03 13:50:42,902 - utils_portfolio - INFO - Evaluating symbol if to open, close, or no change
2024-07-03 13:50:42,938 - utils_strategy - INFO - UPRO - downloading data from yfinance
2024-07-03 13:50:43,122 - utils_portfolio - INFO - Checking if we have correct date
2024-07-03 13:50:43,122 - utils_portfolio - INFO - UPRO - running symbols strategy to get entries and exits
2024-07-03 13:50:43,130 - utils_portfolio - INFO - Evaluating symbol if to open, close, or no change
2024-07-03 13:50:43,160 - utils_strategy - INFO - TSLL - downloading data from yfinance
2024-07-03 13:50:43,265 - utils_portfolio - INFO - Checking if we have correct date
2024-07-03 13:50:43,265 - utils_portfolio - INFO - TSLL - running symbols strategy to get entries and exits
2024-07-03 13:50:43,275 - utils_portfolio - INFO - Evaluating symbol if to open, close, or no change
2024-07-03 13:50:43,299 - utils_strategy - INFO - PBR - downloading data from yfinance
2024-07-03 13:50:43,609 - utils_portfolio - INFO - Checking if we have correct date
2024-07-03 13:50:43,609 - utils_portfolio - INFO - PBR - running symbols strategy to get entries and exits
2024-07-03 13:50:43,617 - utils_portfolio - INFO - Evaluating symbol if to open, close, or no change
2024-07-03 13:50:43,654 - utils_strategy - INFO - MP - downloading data from yfinance
2024-07-03 13:50:43,778 - utils_portfolio - INFO - Checking if we have correct date
2024-07-03 13:50:43,778 - utils_portfolio - INFO - MP - running symbols strategy to get entries and exits
2024-07-03 13:50:43,790 - utils_portfolio - INFO - Evaluating symbol if to open, close, or no change
2024-07-03 13:50:43,814 - utils_strategy - INFO - U - downloading data from yfinance
2024-07-03 13:50:43,921 - utils_portfolio - INFO - Checking if we have correct date
2024-07-03 13:50:43,921 - utils_portfolio - INFO - U - running symbols strategy to get entries and exits
2024-07-03 13:50:43,933 - utils_portfolio - INFO - Evaluating symbol if to open, close, or no change
2024-07-03 13:50:43,961 - root - INFO - Portfolio p4 symbols actions - {'RIOT': 'no_change', 'NEE': 'no_change', 'SLV': 'no_change', 'SHOP': 'no_change', 'FAST': 'no_change', 'SPXL': 'no_change', 'VALE': 'no_change', 'SNAP': 'no_change', 'WDC': 'no_change', 'MO': 'no_change', 'PM': 'no_change', 'SQ': 'open', 'PDD': 'open', 'ABBV': 'no_change', 'ON': 'no_change', 'UPRO': 'no_change', 'TSLL': 'close', 'PBR': 'no_change', 'MP': 'no_change', 'U': 'no_change'}
2024-07-03 13:50:43,961 - utils_portfolio - INFO - Submitting orders to close existing positions
2024-07-03 13:50:44,538 - utils_portfolio - INFO - Updating state of portfolio - p4
2024-07-03 13:50:44,546 - utils_portfolio - INFO - Calculating closed trades stats
2024-07-03 13:50:48,974 - utils_portfolio - INFO - Calculating open trades stats
2024-07-03 13:50:54,707 - utils_portfolio - INFO - Portfolio p4 - calculating position sizes
2024-07-03 13:50:54,725 - root - INFO - Portfolio p4 position sizes - symbol
RIOT    252.06
NEE     252.06
SLV     252.06
SHOP    252.06
FAST    252.06
SPXL    252.06
VALE    252.06
SNAP    252.06
WDC     252.06
MO      252.06
PM      252.06
SQ      252.06
PDD     252.06
ABBV    252.06
ON      252.06
UPRO    252.06
TSLL    252.06
PBR     252.06
MP      252.06
U       252.06
Name: position, dtype: float64
2024-07-03 13:50:54,725 - utils_portfolio - INFO - Submitting orders to open positions
2024-07-03 13:50:55,495 - root - INFO - XXXXXXXXXXXXXXXXXXXX --- Portfolio p4 - DONE --- XXXXXXXXXXXXXXXXXXXX
2024-07-03 13:50:55,496 - utils_portfolio - INFO - Updating state of symbols
2024-07-03 13:50:55,497 - utils_portfolio - INFO - Calculating closed trades stats
2024-07-03 13:51:06,283 - utils_portfolio - INFO - Calculating open trades stats
2024-07-03 13:51:19,870 - utils_portfolio - INFO - Updating symbol stats - DKNG
2024-07-03 13:51:19,903 - utils_portfolio - INFO - Updating symbol stats - FAST
2024-07-03 13:51:19,924 - utils_portfolio - INFO - Updating symbol stats - MP
2024-07-03 13:51:19,944 - utils_portfolio - INFO - Updating symbol stats - VOO
2024-07-03 13:51:19,965 - utils_portfolio - INFO - Updating symbol stats - BTC/USD
2024-07-03 13:51:19,986 - utils_portfolio - INFO - Updating symbol stats - SNAP
2024-07-03 13:51:20,007 - utils_portfolio - INFO - Updating symbol stats - AMZN
2024-07-03 13:51:20,027 - utils_portfolio - INFO - Updating symbol stats - U
2024-07-03 13:51:20,052 - utils_portfolio - INFO - Updating symbol stats - ABBV
2024-07-03 13:51:20,072 - utils_portfolio - INFO - Updating symbol stats - QQQ
2024-07-03 13:51:20,091 - utils_portfolio - INFO - Updating symbol stats - AAPL
2024-07-03 13:51:20,112 - utils_portfolio - INFO - Updating symbol stats - SOUN
2024-07-03 13:51:20,133 - utils_portfolio - INFO - Updating symbol stats - DELL
2024-07-03 13:51:20,154 - utils_portfolio - INFO - Updating symbol stats - SLV
2024-07-03 13:51:20,173 - utils_portfolio - INFO - Updating symbol stats - WDC
2024-07-03 13:51:20,193 - utils_portfolio - INFO - Updating symbol stats - AAL
2024-07-03 13:51:20,214 - utils_portfolio - INFO - Updating symbol stats - VRT
2024-07-03 13:51:20,236 - utils_portfolio - INFO - Updating symbol stats - SCHD
2024-07-03 13:51:20,266 - utils_portfolio - INFO - Updating symbol stats - TQQQ
2024-07-03 13:51:20,289 - utils_portfolio - INFO - Updating symbol stats - RIOT
2024-07-03 13:51:20,309 - utils_portfolio - INFO - Updating symbol stats - IYR
2024-07-03 13:51:20,330 - utils_portfolio - INFO - Updating symbol stats - PDD
2024-07-03 13:51:20,350 - utils_portfolio - INFO - Updating symbol stats - GBTC
2024-07-03 13:51:20,373 - utils_portfolio - INFO - Updating symbol stats - SQ
2024-07-03 13:51:20,402 - utils_portfolio - INFO - Updating symbol stats - CRWD
2024-07-03 13:51:20,436 - utils_portfolio - INFO - Updating symbol stats - GM
2024-07-03 13:51:20,460 - utils_portfolio - INFO - Updating symbol stats - AVGO
2024-07-03 13:51:20,480 - utils_portfolio - INFO - Updating symbol stats - MO
2024-07-03 13:51:20,500 - utils_portfolio - INFO - Updating symbol stats - SPXL
2024-07-03 13:51:20,531 - utils_portfolio - INFO - Updating symbol stats - EBAY
2024-07-03 13:51:20,550 - utils_portfolio - INFO - Updating symbol stats - VALE
2024-07-03 13:51:20,571 - utils_portfolio - INFO - Updating symbol stats - BA
2024-07-03 13:51:20,602 - utils_portfolio - INFO - Updating symbol stats - AMD
2024-07-03 13:51:20,623 - utils_portfolio - INFO - Updating symbol stats - PBR
2024-07-03 13:51:20,643 - utils_portfolio - INFO - Updating symbol stats - PLTR
2024-07-03 13:51:20,664 - utils_portfolio - INFO - Updating symbol stats - META
2024-07-03 13:51:20,685 - utils_portfolio - INFO - Updating symbol stats - TSLA
2024-07-03 13:51:20,717 - utils_portfolio - INFO - Updating symbol stats - BABA
2024-07-03 13:51:20,740 - utils_portfolio - INFO - Updating symbol stats - GOOGL
2024-07-03 13:51:20,762 - utils_portfolio - INFO - Updating symbol stats - MSTR
2024-07-03 13:51:20,802 - utils_portfolio - INFO - Updating symbol stats - MRVL
2024-07-03 13:51:20,826 - utils_portfolio - INFO - Updating symbol stats - ON
2024-07-03 13:51:20,851 - utils_portfolio - INFO - Updating symbol stats - NVDA
2024-07-03 13:51:20,874 - utils_portfolio - INFO - Updating symbol stats - PM
2024-07-03 13:51:20,895 - utils_portfolio - INFO - Updating symbol stats - NEE
2024-07-03 13:51:20,917 - utils_portfolio - INFO - Updating symbol stats - BITO
2024-07-03 13:51:20,939 - utils_portfolio - INFO - Updating symbol stats - XLI
2024-07-03 13:51:20,961 - utils_portfolio - INFO - Updating symbol stats - TSLL
2024-07-03 13:51:20,981 - utils_portfolio - INFO - Updating symbol stats - SHOP
2024-07-03 13:51:21,002 - utils_portfolio - INFO - Updating symbol stats - UPRO
2024-07-03 13:51:21,023 - root - INFO - XXXXXXXXXXXXXXXXXXXX --- Everything DONE --- XXXXXXXXXXXXXXXXXXXX
