2024-07-12 13:39:51,146 - root - INFO - Logger is setup
2024-07-12 13:39:51,192 - utils_portfolio - INFO - Updating whole portfolio state
2024-07-12 13:39:52,373 - utils_portfolio - INFO - Calculating open trades stats
2024-07-12 13:40:09,410 - utils_portfolio - INFO - Calculating closed trades stats
2024-07-12 13:40:20,195 - utils_portfolio - INFO - Updating info of portfolio - p1
2024-07-12 13:40:20,262 - utils_portfolio - INFO - Calculating symbols weights
2024-07-12 13:40:20,263 - root - INFO - Portfolio p1 symbols weights - {'PLTR': 0.09090909090909091, 'BTC/USD': 0.09090909090909091, 'AAL': 0.09090909090909091, 'VRT': 0.09090909090909091, 'GBTC': 0.09090909090909091, 'DELL': 0.09090909090909091, 'GM': 0.09090909090909091, 'IYR': 0.09090909090909091, 'DKNG': 0.09090909090909091, 'EBAY': 0.09090909090909091, 'CRWD': 0.09090909090909091}
2024-07-12 13:40:20,263 - utils_strategy - INFO - PLTR - downloading data from alpaca
2024-07-12 13:40:20,986 - utils_portfolio - INFO - Checking if we have correct date
2024-07-12 13:40:20,986 - utils_portfolio - INFO - PLTR - running symbols strategy to get entries and exits
2024-07-12 13:40:21,002 - utils_portfolio - INFO - Evaluating symbol if to open, close, or no change
2024-07-12 13:40:26,441 - utils_strategy - INFO - BTC/USD - downloading data from alpaca
2024-07-12 13:40:27,629 - utils_portfolio - INFO - Checking if we have correct date
2024-07-12 13:40:27,630 - utils_portfolio - INFO - BTC/USD - running symbols strategy to get entries and exits
2024-07-12 13:40:27,643 - utils_portfolio - INFO - Evaluating symbol if to open, close, or no change
2024-07-12 13:40:27,673 - utils_strategy - INFO - AAL - downloading data from alpaca
2024-07-12 13:40:28,999 - utils_portfolio - INFO - Checking if we have correct date
2024-07-12 13:40:28,999 - utils_portfolio - INFO - AAL - running symbols strategy to get entries and exits
2024-07-12 13:40:29,016 - utils_portfolio - INFO - Evaluating symbol if to open, close, or no change
2024-07-12 13:40:29,050 - utils_strategy - INFO - VRT - downloading data from alpaca
2024-07-12 13:40:30,014 - utils_portfolio - INFO - Checking if we have correct date
2024-07-12 13:40:30,014 - utils_portfolio - INFO - VRT - running symbols strategy to get entries and exits
2024-07-12 13:40:30,028 - utils_portfolio - INFO - Evaluating symbol if to open, close, or no change
2024-07-12 13:40:30,061 - utils_strategy - INFO - GBTC - downloading data from alpaca
2024-07-12 13:40:30,593 - utils_portfolio - INFO - Checking if we have correct date
2024-07-12 13:40:30,594 - utils_portfolio - INFO - GBTC - running symbols strategy to get entries and exits
2024-07-12 13:40:30,618 - utils_portfolio - INFO - Evaluating symbol if to open, close, or no change
2024-07-12 13:40:30,645 - utils_strategy - INFO - DELL - downloading data from alpaca
2024-07-12 13:40:31,654 - utils_portfolio - INFO - Checking if we have correct date
2024-07-12 13:40:31,654 - utils_portfolio - INFO - DELL - running symbols strategy to get entries and exits
2024-07-12 13:40:31,668 - utils_portfolio - INFO - Evaluating symbol if to open, close, or no change
2024-07-12 13:40:31,702 - utils_strategy - INFO - GM - downloading data from alpaca
2024-07-12 13:40:33,097 - utils_portfolio - INFO - Checking if we have correct date
2024-07-12 13:40:33,097 - utils_portfolio - INFO - GM - running symbols strategy to get entries and exits
2024-07-12 13:40:33,113 - utils_portfolio - INFO - Evaluating symbol if to open, close, or no change
2024-07-12 13:40:33,150 - utils_strategy - INFO - IYR - downloading data from alpaca
2024-07-12 13:40:34,526 - utils_portfolio - INFO - Checking if we have correct date
2024-07-12 13:40:34,527 - utils_portfolio - INFO - IYR - running symbols strategy to get entries and exits
2024-07-12 13:40:34,542 - utils_portfolio - INFO - Evaluating symbol if to open, close, or no change
2024-07-12 13:40:34,574 - utils_strategy - INFO - DKNG - downloading data from alpaca
2024-07-12 13:40:35,527 - utils_portfolio - INFO - Checking if we have correct date
2024-07-12 13:40:35,527 - utils_portfolio - INFO - DKNG - running symbols strategy to get entries and exits
2024-07-12 13:40:35,543 - utils_portfolio - INFO - Evaluating symbol if to open, close, or no change
2024-07-12 13:40:35,571 - utils_strategy - INFO - EBAY - downloading data from alpaca
2024-07-12 13:40:36,987 - utils_portfolio - INFO - Checking if we have correct date
2024-07-12 13:40:36,987 - utils_portfolio - INFO - EBAY - running symbols strategy to get entries and exits
2024-07-12 13:40:37,004 - utils_portfolio - INFO - Evaluating symbol if to open, close, or no change
2024-07-12 13:40:37,040 - utils_strategy - INFO - CRWD - downloading data from alpaca
2024-07-12 13:40:37,991 - utils_portfolio - INFO - Checking if we have correct date
2024-07-12 13:40:37,991 - utils_portfolio - INFO - CRWD - running symbols strategy to get entries and exits
2024-07-12 13:40:38,005 - utils_portfolio - INFO - Evaluating symbol if to open, close, or no change
2024-07-12 13:40:38,036 - root - INFO - Portfolio p1 symbols actions - {'PLTR': 'no_change', 'BTCUSD': 'no_change', 'AAL': 'no_change', 'VRT': 'no_change', 'GBTC': 'no_change', 'DELL': 'close', 'GM': 'no_change', 'IYR': 'no_change', 'DKNG': 'no_change', 'EBAY': 'no_change', 'CRWD': 'no_change'}
2024-07-12 13:40:38,036 - utils_portfolio - INFO - Submitting orders to close existing positions
2024-07-12 13:40:38,560 - utils_portfolio - INFO - Updating state of portfolio - p1
2024-07-12 13:40:38,560 - utils_portfolio - INFO - Calculating closed trades stats
2024-07-12 13:40:41,158 - utils_portfolio - INFO - Calculating open trades stats
2024-07-12 13:40:44,431 - utils_portfolio - INFO - Portfolio p1 - calculating position sizes
2024-07-12 13:40:44,452 - root - INFO - Portfolio p1 position sizes - symbol
PLTR      460.23
BTCUSD    460.23
AAL       460.23
VRT       460.23
GBTC      460.23
DELL      460.23
GM        460.23
IYR       460.23
DKNG      460.23
EBAY      460.23
CRWD      460.23
Name: position, dtype: float64
2024-07-12 13:40:44,453 - utils_portfolio - INFO - Submitting orders to open positions
2024-07-12 13:40:44,453 - root - INFO - XXXXXXXXXXXXXXXXXXXX --- Portfolio p1 - DONE --- XXXXXXXXXXXXXXXXXXXX
2024-07-12 13:40:44,453 - utils_portfolio - INFO - Updating info of portfolio - p2
2024-07-12 13:40:44,505 - utils_portfolio - INFO - Calculating symbols weights
2024-07-12 13:40:44,506 - utils_portfolio - INFO - Calculating closed trades count
2024-07-12 13:40:46,771 - root - INFO - Portfolio p2 symbols weights - {'AAPL': 0.1111111111111111, 'GOOGL': 0.1111111111111111, 'META': 0.1111111111111111, 'MRVL': 0.1111111111111111, 'MSTR': 0.1111111111111111, 'SCHD': 0.1111111111111111, 'BITO': 0.1111111111111111, 'AVGO': 0.1111111111111111, 'SOUN': 0.1111111111111111}
2024-07-12 13:40:46,772 - utils_strategy - INFO - AAPL - downloading data from yfinance
2024-07-12 13:40:47,459 - utils_portfolio - INFO - Checking if we have correct date
2024-07-12 13:40:47,459 - utils_portfolio - INFO - AAPL - running symbols strategy to get entries and exits
2024-07-12 13:40:47,467 - utils_portfolio - INFO - Evaluating symbol if to open, close, or no change
2024-07-12 13:40:47,508 - utils_strategy - INFO - GOOGL - downloading data from yfinance
2024-07-12 13:40:47,771 - utils_portfolio - INFO - Checking if we have correct date
2024-07-12 13:40:47,771 - utils_portfolio - INFO - GOOGL - running symbols strategy to get entries and exits
2024-07-12 13:40:47,780 - utils_portfolio - INFO - Evaluating symbol if to open, close, or no change
2024-07-12 13:40:48,013 - utils_strategy - INFO - META - downloading data from yfinance
2024-07-12 13:40:48,175 - utils_portfolio - INFO - Checking if we have correct date
2024-07-12 13:40:48,175 - utils_portfolio - INFO - META - running symbols strategy to get entries and exits
2024-07-12 13:40:48,184 - utils_portfolio - INFO - Evaluating symbol if to open, close, or no change
2024-07-12 13:40:48,217 - utils_strategy - INFO - MRVL - downloading data from yfinance
2024-07-12 13:40:48,441 - utils_portfolio - INFO - Checking if we have correct date
2024-07-12 13:40:48,441 - utils_portfolio - INFO - MRVL - running symbols strategy to get entries and exits
2024-07-12 13:40:48,448 - utils_portfolio - INFO - Evaluating symbol if to open, close, or no change
2024-07-12 13:40:48,483 - utils_strategy - INFO - MSTR - downloading data from yfinance
2024-07-12 13:40:48,665 - utils_portfolio - INFO - Checking if we have correct date
2024-07-12 13:40:48,665 - utils_portfolio - INFO - MSTR - running symbols strategy to get entries and exits
2024-07-12 13:40:48,673 - utils_portfolio - INFO - Evaluating symbol if to open, close, or no change
2024-07-12 13:40:48,709 - utils_strategy - INFO - SCHD - downloading data from yfinance
2024-07-12 13:40:48,966 - utils_portfolio - INFO - Checking if we have correct date
2024-07-12 13:40:48,966 - utils_portfolio - INFO - SCHD - running symbols strategy to get entries and exits
2024-07-12 13:40:48,973 - utils_portfolio - INFO - Evaluating symbol if to open, close, or no change
2024-07-12 13:40:49,001 - utils_strategy - INFO - BITO - downloading data from yfinance
2024-07-12 13:40:49,110 - utils_portfolio - INFO - Checking if we have correct date
2024-07-12 13:40:49,110 - utils_portfolio - INFO - BITO - running symbols strategy to get entries and exits
2024-07-12 13:40:49,118 - utils_portfolio - INFO - Evaluating symbol if to open, close, or no change
2024-07-12 13:40:49,144 - utils_strategy - INFO - AVGO - downloading data from yfinance
2024-07-12 13:40:49,331 - utils_portfolio - INFO - Checking if we have correct date
2024-07-12 13:40:49,332 - utils_portfolio - INFO - AVGO - running symbols strategy to get entries and exits
2024-07-12 13:40:49,339 - utils_portfolio - INFO - Evaluating symbol if to open, close, or no change
2024-07-12 13:40:49,372 - utils_strategy - INFO - SOUN - downloading data from yfinance
2024-07-12 13:40:49,459 - utils_portfolio - INFO - Checking if we have correct date
2024-07-12 13:40:49,460 - utils_portfolio - INFO - SOUN - running symbols strategy to get entries and exits
2024-07-12 13:40:49,472 - utils_portfolio - INFO - Evaluating symbol if to open, close, or no change
2024-07-12 13:40:49,498 - root - INFO - Portfolio p2 symbols actions - {'AAPL': 'no_change', 'GOOGL': 'no_change', 'META': 'close', 'MRVL': 'no_change', 'MSTR': 'no_change', 'SCHD': 'open', 'BITO': 'no_change', 'AVGO': 'no_change', 'SOUN': 'open'}
2024-07-12 13:40:49,498 - utils_portfolio - INFO - Submitting orders to close existing positions
2024-07-12 13:40:50,131 - utils_portfolio - INFO - Updating state of portfolio - p2
2024-07-12 13:40:50,132 - utils_portfolio - INFO - Calculating closed trades stats
2024-07-12 13:40:52,313 - utils_portfolio - INFO - Calculating open trades stats
2024-07-12 13:40:55,499 - utils_portfolio - INFO - Portfolio p2 - calculating position sizes
2024-07-12 13:40:55,516 - root - INFO - Portfolio p2 position sizes - symbol
AAPL     615.47
GOOGL    615.47
META     615.47
MRVL     615.47
MSTR     615.47
SCHD     615.47
BITO     615.47
AVGO     615.47
SOUN     615.47
Name: position, dtype: float64
2024-07-12 13:40:55,516 - utils_portfolio - INFO - Submitting orders to open positions
2024-07-12 13:40:56,274 - root - INFO - XXXXXXXXXXXXXXXXXXXX --- Portfolio p2 - DONE --- XXXXXXXXXXXXXXXXXXXX
2024-07-12 13:40:56,276 - utils_portfolio - INFO - Updating info of portfolio - p3
2024-07-12 13:40:56,344 - utils_portfolio - INFO - Calculating symbols weights
2024-07-12 13:40:56,344 - root - INFO - Portfolio p3 symbols weights - {'TSLA': 0.1, 'NVDA': 0.1, 'AMD': 0.1, 'QQQ': 0.1, 'AMZN': 0.1, 'TQQQ': 0.1, 'VOO': 0.1, 'BABA': 0.1, 'BA': 0.1, 'XLI': 0.1}
2024-07-12 13:40:56,345 - utils_strategy - INFO - TSLA - downloading data from yfinance
2024-07-12 13:40:56,562 - utils_portfolio - INFO - Checking if we have correct date
2024-07-12 13:40:56,562 - utils_portfolio - INFO - TSLA - running symbols strategy to get entries and exits
2024-07-12 13:40:56,569 - utils_portfolio - INFO - Evaluating symbol if to open, close, or no change
2024-07-12 13:40:56,598 - utils_strategy - INFO - NVDA - downloading data from yfinance
2024-07-12 13:40:56,884 - utils_portfolio - INFO - Checking if we have correct date
2024-07-12 13:40:56,884 - utils_portfolio - INFO - NVDA - running symbols strategy to get entries and exits
2024-07-12 13:40:56,893 - utils_portfolio - INFO - Evaluating symbol if to open, close, or no change
2024-07-12 13:40:56,932 - utils_strategy - INFO - AMD - downloading data from yfinance
2024-07-12 13:40:57,154 - utils_portfolio - INFO - Checking if we have correct date
2024-07-12 13:40:57,154 - utils_portfolio - INFO - AMD - running symbols strategy to get entries and exits
2024-07-12 13:40:57,162 - utils_portfolio - INFO - Evaluating symbol if to open, close, or no change
2024-07-12 13:40:57,202 - utils_strategy - INFO - QQQ - downloading data from yfinance
2024-07-12 13:40:57,501 - utils_portfolio - INFO - Checking if we have correct date
2024-07-12 13:40:57,501 - utils_portfolio - INFO - QQQ - running symbols strategy to get entries and exits
2024-07-12 13:40:57,508 - utils_portfolio - INFO - Evaluating symbol if to open, close, or no change
2024-07-12 13:40:57,546 - utils_strategy - INFO - AMZN - downloading data from yfinance
2024-07-12 13:40:57,748 - utils_portfolio - INFO - Checking if we have correct date
2024-07-12 13:40:57,748 - utils_portfolio - INFO - AMZN - running symbols strategy to get entries and exits
2024-07-12 13:40:57,755 - utils_portfolio - INFO - Evaluating symbol if to open, close, or no change
2024-07-12 13:40:57,944 - utils_strategy - INFO - TQQQ - downloading data from yfinance
2024-07-12 13:40:58,195 - utils_portfolio - INFO - Checking if we have correct date
2024-07-12 13:40:58,196 - utils_portfolio - INFO - TQQQ - running symbols strategy to get entries and exits
2024-07-12 13:40:58,203 - utils_portfolio - INFO - Evaluating symbol if to open, close, or no change
2024-07-12 13:40:58,235 - utils_strategy - INFO - VOO - downloading data from yfinance
2024-07-12 13:40:58,416 - utils_portfolio - INFO - Checking if we have correct date
2024-07-12 13:40:58,416 - utils_portfolio - INFO - VOO - running symbols strategy to get entries and exits
2024-07-12 13:40:58,424 - utils_portfolio - INFO - Evaluating symbol if to open, close, or no change
2024-07-12 13:40:58,453 - utils_strategy - INFO - BABA - downloading data from yfinance
2024-07-12 13:40:58,589 - utils_portfolio - INFO - Checking if we have correct date
2024-07-12 13:40:58,589 - utils_portfolio - INFO - BABA - running symbols strategy to get entries and exits
2024-07-12 13:40:58,597 - utils_portfolio - INFO - Evaluating symbol if to open, close, or no change
2024-07-12 13:40:58,627 - utils_strategy - INFO - BA - downloading data from yfinance
2024-07-12 13:40:59,025 - utils_portfolio - INFO - Checking if we have correct date
2024-07-12 13:40:59,025 - utils_portfolio - INFO - BA - running symbols strategy to get entries and exits
2024-07-12 13:40:59,033 - utils_portfolio - INFO - Evaluating symbol if to open, close, or no change
2024-07-12 13:40:59,070 - utils_strategy - INFO - XLI - downloading data from yfinance
2024-07-12 13:40:59,286 - utils_portfolio - INFO - Checking if we have correct date
2024-07-12 13:40:59,286 - utils_portfolio - INFO - XLI - running symbols strategy to get entries and exits
2024-07-12 13:40:59,293 - utils_portfolio - INFO - Evaluating symbol if to open, close, or no change
2024-07-12 13:40:59,319 - root - INFO - Portfolio p3 symbols actions - {'TSLA': 'no_change', 'NVDA': 'no_change', 'AMD': 'no_change', 'QQQ': 'no_change', 'AMZN': 'no_change', 'TQQQ': 'no_change', 'VOO': 'no_change', 'BABA': 'no_change', 'BA': 'no_change', 'XLI': 'open'}
2024-07-12 13:40:59,319 - utils_portfolio - INFO - Submitting orders to close existing positions
2024-07-12 13:40:59,319 - utils_portfolio - INFO - Updating state of portfolio - p3
2024-07-12 13:40:59,320 - utils_portfolio - INFO - Calculating closed trades stats
2024-07-12 13:41:01,735 - utils_portfolio - INFO - Calculating open trades stats
2024-07-12 13:41:05,936 - utils_portfolio - INFO - Portfolio p3 - calculating position sizes
2024-07-12 13:41:05,956 - root - INFO - Portfolio p3 position sizes - symbol
TSLA    494.39
NVDA    494.39
AMD     494.39
QQQ     494.39
AMZN    494.39
TQQQ    494.39
VOO     494.39
BABA    494.39
BA      494.39
XLI     494.39
Name: position, dtype: float64
2024-07-12 13:41:05,956 - utils_portfolio - INFO - Submitting orders to open positions
2024-07-12 13:41:06,515 - root - INFO - XXXXXXXXXXXXXXXXXXXX --- Portfolio p3 - DONE --- XXXXXXXXXXXXXXXXXXXX
2024-07-12 13:41:06,516 - utils_portfolio - INFO - Updating info of portfolio - p4
2024-07-12 13:41:06,660 - utils_portfolio - INFO - Calculating symbols weights
2024-07-12 13:41:06,660 - root - INFO - Portfolio p4 symbols weights - {'RIOT': 0.05, 'NEE': 0.05, 'SLV': 0.05, 'SHOP': 0.05, 'FAST': 0.05, 'SPXL': 0.05, 'VALE': 0.05, 'SNAP': 0.05, 'WDC': 0.05, 'MO': 0.05, 'PM': 0.05, 'SQ': 0.05, 'PDD': 0.05, 'ABBV': 0.05, 'ON': 0.05, 'UPRO': 0.05, 'TSLL': 0.05, 'PBR': 0.05, 'MP': 0.05, 'U': 0.05}
2024-07-12 13:41:06,661 - utils_strategy - INFO - RIOT - downloading data from yfinance
2024-07-12 13:41:06,855 - utils_portfolio - INFO - Checking if we have correct date
2024-07-12 13:41:06,855 - utils_portfolio - INFO - RIOT - running symbols strategy to get entries and exits
2024-07-12 13:41:06,863 - utils_portfolio - INFO - Evaluating symbol if to open, close, or no change
2024-07-12 13:41:06,892 - utils_strategy - INFO - NEE - downloading data from yfinance
2024-07-12 13:41:07,228 - utils_portfolio - INFO - Checking if we have correct date
2024-07-12 13:41:07,228 - utils_portfolio - INFO - NEE - running symbols strategy to get entries and exits
2024-07-12 13:41:07,235 - utils_portfolio - INFO - Evaluating symbol if to open, close, or no change
2024-07-12 13:41:07,271 - utils_strategy - INFO - SLV - downloading data from yfinance
2024-07-12 13:41:07,523 - utils_portfolio - INFO - Checking if we have correct date
2024-07-12 13:41:07,523 - utils_portfolio - INFO - SLV - running symbols strategy to get entries and exits
2024-07-12 13:41:07,531 - utils_portfolio - INFO - Evaluating symbol if to open, close, or no change
2024-07-12 13:41:07,566 - utils_strategy - INFO - SHOP - downloading data from yfinance
2024-07-12 13:41:07,726 - utils_portfolio - INFO - Checking if we have correct date
2024-07-12 13:41:07,726 - utils_portfolio - INFO - SHOP - running symbols strategy to get entries and exits
2024-07-12 13:41:07,734 - utils_portfolio - INFO - Evaluating symbol if to open, close, or no change
2024-07-12 13:41:07,763 - utils_strategy - INFO - FAST - downloading data from yfinance
2024-07-12 13:41:08,081 - utils_portfolio - INFO - Checking if we have correct date
2024-07-12 13:41:08,081 - utils_portfolio - INFO - FAST - running symbols strategy to get entries and exits
2024-07-12 13:41:08,088 - utils_portfolio - INFO - Evaluating symbol if to open, close, or no change
2024-07-12 13:41:08,123 - utils_strategy - INFO - SPXL - downloading data from yfinance
2024-07-12 13:41:08,335 - utils_portfolio - INFO - Checking if we have correct date
2024-07-12 13:41:08,336 - utils_portfolio - INFO - SPXL - running symbols strategy to get entries and exits
2024-07-12 13:41:08,343 - utils_portfolio - INFO - Evaluating symbol if to open, close, or no change
2024-07-12 13:41:08,374 - utils_strategy - INFO - VALE - downloading data from yfinance
2024-07-12 13:41:08,653 - utils_portfolio - INFO - Checking if we have correct date
2024-07-12 13:41:08,653 - utils_portfolio - INFO - VALE - running symbols strategy to get entries and exits
2024-07-12 13:41:08,662 - utils_portfolio - INFO - Evaluating symbol if to open, close, or no change
2024-07-12 13:41:08,858 - utils_strategy - INFO - SNAP - downloading data from yfinance
2024-07-12 13:41:08,971 - utils_portfolio - INFO - Checking if we have correct date
2024-07-12 13:41:08,971 - utils_portfolio - INFO - SNAP - running symbols strategy to get entries and exits
2024-07-12 13:41:08,980 - utils_portfolio - INFO - Evaluating symbol if to open, close, or no change
2024-07-12 13:41:09,009 - utils_strategy - INFO - WDC - downloading data from yfinance
2024-07-12 13:41:09,213 - utils_portfolio - INFO - Checking if we have correct date
2024-07-12 13:41:09,213 - utils_portfolio - INFO - WDC - running symbols strategy to get entries and exits
2024-07-12 13:41:09,220 - utils_portfolio - INFO - Evaluating symbol if to open, close, or no change
2024-07-12 13:41:09,265 - utils_strategy - INFO - MO - downloading data from yfinance
2024-07-12 13:41:09,564 - utils_portfolio - INFO - Checking if we have correct date
2024-07-12 13:41:09,564 - utils_portfolio - INFO - MO - running symbols strategy to get entries and exits
2024-07-12 13:41:09,572 - utils_portfolio - INFO - Evaluating symbol if to open, close, or no change
2024-07-12 13:41:09,611 - utils_strategy - INFO - PM - downloading data from yfinance
2024-07-12 13:41:09,880 - utils_portfolio - INFO - Checking if we have correct date
2024-07-12 13:41:09,880 - utils_portfolio - INFO - PM - running symbols strategy to get entries and exits
2024-07-12 13:41:09,888 - utils_portfolio - INFO - Evaluating symbol if to open, close, or no change
2024-07-12 13:41:09,928 - utils_strategy - INFO - SQ - downloading data from yfinance
2024-07-12 13:41:10,064 - utils_portfolio - INFO - Checking if we have correct date
2024-07-12 13:41:10,064 - utils_portfolio - INFO - SQ - running symbols strategy to get entries and exits
2024-07-12 13:41:10,073 - utils_portfolio - INFO - Evaluating symbol if to open, close, or no change
2024-07-12 13:41:10,101 - utils_strategy - INFO - PDD - downloading data from yfinance
2024-07-12 13:41:10,210 - utils_portfolio - INFO - Checking if we have correct date
2024-07-12 13:41:10,210 - utils_portfolio - INFO - PDD - running symbols strategy to get entries and exits
2024-07-12 13:41:10,219 - utils_portfolio - INFO - Evaluating symbol if to open, close, or no change
2024-07-12 13:41:10,249 - utils_strategy - INFO - ABBV - downloading data from yfinance
2024-07-12 13:41:10,406 - utils_portfolio - INFO - Checking if we have correct date
2024-07-12 13:41:10,406 - utils_portfolio - INFO - ABBV - running symbols strategy to get entries and exits
2024-07-12 13:41:10,414 - utils_portfolio - INFO - Evaluating symbol if to open, close, or no change
2024-07-12 13:41:10,448 - utils_strategy - INFO - ON - downloading data from yfinance
2024-07-12 13:41:10,624 - utils_portfolio - INFO - Checking if we have correct date
2024-07-12 13:41:10,624 - utils_portfolio - INFO - ON - running symbols strategy to get entries and exits
2024-07-12 13:41:10,632 - utils_portfolio - INFO - Evaluating symbol if to open, close, or no change
2024-07-12 13:41:10,668 - utils_strategy - INFO - UPRO - downloading data from yfinance
2024-07-12 13:41:10,859 - utils_portfolio - INFO - Checking if we have correct date
2024-07-12 13:41:10,860 - utils_portfolio - INFO - UPRO - running symbols strategy to get entries and exits
2024-07-12 13:41:10,867 - utils_portfolio - INFO - Evaluating symbol if to open, close, or no change
2024-07-12 13:41:10,900 - utils_strategy - INFO - TSLL - downloading data from yfinance
2024-07-12 13:41:11,044 - utils_portfolio - INFO - Checking if we have correct date
2024-07-12 13:41:11,045 - utils_portfolio - INFO - TSLL - running symbols strategy to get entries and exits
2024-07-12 13:41:11,055 - utils_portfolio - INFO - Evaluating symbol if to open, close, or no change
2024-07-12 13:41:11,079 - utils_strategy - INFO - PBR - downloading data from yfinance
2024-07-12 13:41:11,419 - utils_portfolio - INFO - Checking if we have correct date
2024-07-12 13:41:11,419 - utils_portfolio - INFO - PBR - running symbols strategy to get entries and exits
2024-07-12 13:41:11,427 - utils_portfolio - INFO - Evaluating symbol if to open, close, or no change
2024-07-12 13:41:11,463 - utils_strategy - INFO - MP - downloading data from yfinance
2024-07-12 13:41:11,602 - utils_portfolio - INFO - Checking if we have correct date
2024-07-12 13:41:11,603 - utils_portfolio - INFO - MP - running symbols strategy to get entries and exits
2024-07-12 13:41:11,614 - utils_portfolio - INFO - Evaluating symbol if to open, close, or no change
2024-07-12 13:41:11,640 - utils_strategy - INFO - U - downloading data from yfinance
2024-07-12 13:41:11,745 - utils_portfolio - INFO - Checking if we have correct date
2024-07-12 13:41:11,745 - utils_portfolio - INFO - U - running symbols strategy to get entries and exits
2024-07-12 13:41:11,756 - utils_portfolio - INFO - Evaluating symbol if to open, close, or no change
2024-07-12 13:41:11,782 - root - INFO - Portfolio p4 symbols actions - {'RIOT': 'no_change', 'NEE': 'no_change', 'SLV': 'no_change', 'SHOP': 'no_change', 'FAST': 'open', 'SPXL': 'no_change', 'VALE': 'no_change', 'SNAP': 'no_change', 'WDC': 'no_change', 'MO': 'no_change', 'PM': 'no_change', 'SQ': 'no_change', 'PDD': 'no_change', 'ABBV': 'no_change', 'ON': 'no_change', 'UPRO': 'no_change', 'TSLL': 'close', 'PBR': 'no_change', 'MP': 'no_change', 'U': 'no_change'}
2024-07-12 13:41:11,782 - utils_portfolio - INFO - Submitting orders to close existing positions
2024-07-12 13:41:12,352 - utils_portfolio - INFO - Updating state of portfolio - p4
2024-07-12 13:41:12,352 - utils_portfolio - INFO - Calculating closed trades stats
2024-07-12 13:41:16,791 - utils_portfolio - INFO - Calculating open trades stats
2024-07-12 13:41:24,264 - utils_portfolio - INFO - Portfolio p4 - calculating position sizes
2024-07-12 13:41:24,287 - root - INFO - Portfolio p4 position sizes - symbol
RIOT    255.76
NEE     255.76
SLV     255.76
SHOP    255.76
FAST    255.76
SPXL    255.76
VALE    255.76
SNAP    255.76
WDC     255.76
MO      255.76
PM      255.76
SQ      255.76
PDD     255.76
ABBV    255.76
ON      255.76
UPRO    255.76
TSLL    255.76
PBR     255.76
MP      255.76
U       255.76
Name: position, dtype: float64
2024-07-12 13:41:24,287 - utils_portfolio - INFO - Submitting orders to open positions
2024-07-12 13:41:24,843 - root - INFO - XXXXXXXXXXXXXXXXXXXX --- Portfolio p4 - DONE --- XXXXXXXXXXXXXXXXXXXX
2024-07-12 13:41:24,844 - utils_portfolio - INFO - Updating state of symbols
2024-07-12 13:41:24,844 - utils_portfolio - INFO - Calculating closed trades stats
2024-07-12 13:41:35,016 - utils_portfolio - INFO - Calculating open trades stats
2024-07-12 13:41:52,091 - utils_portfolio - INFO - Updating symbol stats - SOUN
2024-07-12 13:41:52,125 - utils_portfolio - INFO - Updating symbol stats - BA
2024-07-12 13:41:52,146 - utils_portfolio - INFO - Updating symbol stats - SCHD
2024-07-12 13:41:52,168 - utils_portfolio - INFO - Updating symbol stats - TQQQ
2024-07-12 13:41:52,198 - utils_portfolio - INFO - Updating symbol stats - DKNG
2024-07-12 13:41:52,225 - utils_portfolio - INFO - Updating symbol stats - FAST
2024-07-12 13:41:52,245 - utils_portfolio - INFO - Updating symbol stats - PDD
2024-07-12 13:41:52,266 - utils_portfolio - INFO - Updating symbol stats - EBAY
2024-07-12 13:41:52,288 - utils_portfolio - INFO - Updating symbol stats - AAL
2024-07-12 13:41:52,309 - utils_portfolio - INFO - Updating symbol stats - BITO
2024-07-12 13:41:52,330 - utils_portfolio - INFO - Updating symbol stats - PLTR
2024-07-12 13:41:52,370 - utils_portfolio - INFO - Updating symbol stats - GOOGL
2024-07-12 13:41:52,394 - utils_portfolio - INFO - Updating symbol stats - PM
2024-07-12 13:41:52,415 - utils_portfolio - INFO - Updating symbol stats - DELL
2024-07-12 13:41:52,436 - utils_portfolio - INFO - Updating symbol stats - PBR
2024-07-12 13:41:52,457 - utils_portfolio - INFO - Updating symbol stats - VALE
2024-07-12 13:41:52,478 - utils_portfolio - INFO - Updating symbol stats - XLI
2024-07-12 13:41:52,499 - utils_portfolio - INFO - Updating symbol stats - SPXL
2024-07-12 13:41:52,520 - utils_portfolio - INFO - Updating symbol stats - RIOT
2024-07-12 13:41:52,541 - utils_portfolio - INFO - Updating symbol stats - MRVL
2024-07-12 13:41:52,562 - utils_portfolio - INFO - Updating symbol stats - VRT
2024-07-12 13:41:52,583 - utils_portfolio - INFO - Updating symbol stats - MSTR
2024-07-12 13:41:52,605 - utils_portfolio - INFO - Updating symbol stats - AAPL
2024-07-12 13:41:52,639 - utils_portfolio - INFO - Updating symbol stats - QQQ
2024-07-12 13:41:52,669 - utils_portfolio - INFO - Updating symbol stats - NEE
2024-07-12 13:41:52,718 - utils_portfolio - INFO - Updating symbol stats - ABBV
2024-07-12 13:41:52,739 - utils_portfolio - INFO - Updating symbol stats - NVDA
2024-07-12 13:41:52,760 - utils_portfolio - INFO - Updating symbol stats - AVGO
2024-07-12 13:41:52,787 - utils_portfolio - INFO - Updating symbol stats - AMZN
2024-07-12 13:41:52,809 - utils_portfolio - INFO - Updating symbol stats - UPRO
2024-07-12 13:41:52,844 - utils_portfolio - INFO - Updating symbol stats - TSLL
2024-07-12 13:41:52,866 - utils_portfolio - INFO - Updating symbol stats - WDC
2024-07-12 13:41:52,887 - utils_portfolio - INFO - Updating symbol stats - BABA
2024-07-12 13:41:52,908 - utils_portfolio - INFO - Updating symbol stats - GM
2024-07-12 13:41:52,930 - utils_portfolio - INFO - Updating symbol stats - SQ
2024-07-12 13:41:52,972 - utils_portfolio - INFO - Updating symbol stats - MP
2024-07-12 13:41:52,998 - utils_portfolio - INFO - Updating symbol stats - GBTC
2024-07-12 13:41:53,020 - utils_portfolio - INFO - Updating symbol stats - SNAP
2024-07-12 13:41:53,042 - utils_portfolio - INFO - Updating symbol stats - TSLA
2024-07-12 13:41:53,063 - utils_portfolio - INFO - Updating symbol stats - VOO
2024-07-12 13:41:53,084 - utils_portfolio - INFO - Updating symbol stats - U
2024-07-12 13:41:53,106 - utils_portfolio - INFO - Updating symbol stats - SHOP
2024-07-12 13:41:53,127 - utils_portfolio - INFO - Updating symbol stats - META
2024-07-12 13:41:53,148 - utils_portfolio - INFO - Updating symbol stats - ON
2024-07-12 13:41:53,168 - utils_portfolio - INFO - Updating symbol stats - SLV
2024-07-12 13:41:53,203 - utils_portfolio - INFO - Updating symbol stats - BTC/USD
2024-07-12 13:41:53,224 - utils_portfolio - INFO - Updating symbol stats - IYR
2024-07-12 13:41:53,245 - utils_portfolio - INFO - Updating symbol stats - AMD
2024-07-12 13:41:53,266 - utils_portfolio - INFO - Updating symbol stats - CRWD
2024-07-12 13:41:53,287 - utils_portfolio - INFO - Updating symbol stats - MO
2024-07-12 13:41:53,309 - root - INFO - XXXXXXXXXXXXXXXXXXXX --- Everything DONE --- XXXXXXXXXXXXXXXXXXXX
