2024-06-27 10:42:14,481 - root - INFO - Logger is setup
2024-06-27 10:42:14,533 - utils_portfolio - INFO - Updating whole portfolio state
2024-06-27 10:42:15,834 - utils_portfolio - INFO - Calculating open trades stats
2024-06-27 10:42:29,276 - utils_portfolio - INFO - Calculating closed trades stats
2024-06-27 10:42:39,675 - utils_portfolio - INFO - Updating info of portfolio - p1
2024-06-27 10:42:39,748 - utils_portfolio - INFO - Calculating symbols weights
2024-06-27 10:42:39,748 - root - INFO - Portfolio p1 symbols weights - {'PLTR': 0.09090909090909091, 'BTC/USD': 0.09090909090909091, 'AAL': 0.09090909090909091, 'VRT': 0.09090909090909091, 'GBTC': 0.09090909090909091, 'DELL': 0.09090909090909091, 'GM': 0.09090909090909091, 'IYR': 0.09090909090909091, 'DKNG': 0.09090909090909091, 'EBAY': 0.09090909090909091, 'CRWD': 0.09090909090909091}
2024-06-27 10:42:39,748 - utils_strategy - INFO - PLTR - downloading data from alpaca
2024-06-27 10:42:40,647 - utils_portfolio - INFO - Checking if we have correct date
2024-06-27 10:42:40,647 - utils_portfolio - INFO - PLTR - running symbols strategy to get entries and exits
2024-06-27 10:42:40,661 - utils_portfolio - INFO - Evaluating symbol if to open, close, or no change
2024-06-27 10:42:45,928 - utils_strategy - INFO - BTC/USD - downloading data from alpaca
2024-06-27 10:42:47,212 - utils_portfolio - INFO - Checking if we have correct date
2024-06-27 10:42:47,213 - utils_portfolio - INFO - BTC/USD - running symbols strategy to get entries and exits
2024-06-27 10:42:47,228 - utils_portfolio - INFO - Evaluating symbol if to open, close, or no change
2024-06-27 10:42:47,258 - utils_strategy - INFO - AAL - downloading data from alpaca
2024-06-27 10:42:48,540 - utils_portfolio - INFO - Checking if we have correct date
2024-06-27 10:42:48,540 - utils_portfolio - INFO - AAL - running symbols strategy to get entries and exits
2024-06-27 10:42:48,559 - utils_portfolio - INFO - Evaluating symbol if to open, close, or no change
2024-06-27 10:42:48,591 - utils_strategy - INFO - VRT - downloading data from alpaca
2024-06-27 10:42:49,578 - utils_portfolio - INFO - Checking if we have correct date
2024-06-27 10:42:49,579 - utils_portfolio - INFO - VRT - running symbols strategy to get entries and exits
2024-06-27 10:42:49,593 - utils_portfolio - INFO - Evaluating symbol if to open, close, or no change
2024-06-27 10:42:49,623 - utils_strategy - INFO - GBTC - downloading data from alpaca
2024-06-27 10:42:50,144 - utils_portfolio - INFO - Checking if we have correct date
2024-06-27 10:42:50,144 - utils_portfolio - INFO - GBTC - running symbols strategy to get entries and exits
2024-06-27 10:42:50,154 - utils_portfolio - INFO - Evaluating symbol if to open, close, or no change
2024-06-27 10:42:50,181 - utils_strategy - INFO - DELL - downloading data from alpaca
2024-06-27 10:42:51,008 - utils_portfolio - INFO - Checking if we have correct date
2024-06-27 10:42:51,008 - utils_portfolio - INFO - DELL - running symbols strategy to get entries and exits
2024-06-27 10:42:51,021 - utils_portfolio - INFO - Evaluating symbol if to open, close, or no change
2024-06-27 10:42:51,051 - utils_strategy - INFO - GM - downloading data from alpaca
2024-06-27 10:42:52,452 - utils_portfolio - INFO - Checking if we have correct date
2024-06-27 10:42:52,452 - utils_portfolio - INFO - GM - running symbols strategy to get entries and exits
2024-06-27 10:42:52,468 - utils_portfolio - INFO - Evaluating symbol if to open, close, or no change
2024-06-27 10:42:52,500 - utils_strategy - INFO - IYR - downloading data from alpaca
2024-06-27 10:42:53,883 - utils_portfolio - INFO - Checking if we have correct date
2024-06-27 10:42:53,883 - utils_portfolio - INFO - IYR - running symbols strategy to get entries and exits
2024-06-27 10:42:53,900 - utils_portfolio - INFO - Evaluating symbol if to open, close, or no change
2024-06-27 10:42:53,931 - utils_strategy - INFO - DKNG - downloading data from alpaca
2024-06-27 10:42:54,899 - utils_portfolio - INFO - Checking if we have correct date
2024-06-27 10:42:54,900 - utils_portfolio - INFO - DKNG - running symbols strategy to get entries and exits
2024-06-27 10:42:54,913 - utils_portfolio - INFO - Evaluating symbol if to open, close, or no change
2024-06-27 10:42:54,945 - utils_strategy - INFO - EBAY - downloading data from alpaca
2024-06-27 10:42:56,321 - utils_portfolio - INFO - Checking if we have correct date
2024-06-27 10:42:56,321 - utils_portfolio - INFO - EBAY - running symbols strategy to get entries and exits
2024-06-27 10:42:56,336 - utils_portfolio - INFO - Evaluating symbol if to open, close, or no change
2024-06-27 10:42:56,368 - utils_strategy - INFO - CRWD - downloading data from alpaca
2024-06-27 10:42:57,363 - utils_portfolio - INFO - Checking if we have correct date
2024-06-27 10:42:57,363 - utils_portfolio - INFO - CRWD - running symbols strategy to get entries and exits
2024-06-27 10:42:57,378 - utils_portfolio - INFO - Evaluating symbol if to open, close, or no change
2024-06-27 10:42:57,411 - root - INFO - Portfolio p1 symbols actions - {'PLTR': 'no_change', 'BTCUSD': 'no_change', 'AAL': 'no_change', 'VRT': 'no_change', 'GBTC': 'no_change', 'DELL': 'no_change', 'GM': 'no_change', 'IYR': 'no_change', 'DKNG': 'no_change', 'EBAY': 'no_change', 'CRWD': 'no_change'}
2024-06-27 10:42:57,411 - utils_portfolio - INFO - Submitting orders to close existing positions
2024-06-27 10:42:57,412 - utils_portfolio - INFO - Updating state of portfolio - p1
2024-06-27 10:42:57,412 - utils_portfolio - INFO - Calculating closed trades stats
2024-06-27 10:42:59,999 - utils_portfolio - INFO - Calculating open trades stats
2024-06-27 10:43:02,977 - utils_portfolio - INFO - Portfolio p1 - calculating position sizes
2024-06-27 10:43:03,013 - root - INFO - Portfolio p1 position sizes - symbol
PLTR      452.75
BTCUSD    452.63
AAL       452.63
VRT       452.63
GBTC      452.63
DELL      452.63
GM        452.63
IYR       452.63
DKNG      452.63
EBAY      452.63
CRWD      452.75
Name: position, dtype: float64
2024-06-27 10:43:03,014 - utils_portfolio - INFO - Submitting orders to open positions
2024-06-27 10:43:03,014 - root - INFO - XXXXXXXXXXXXXXXXXXXX --- Portfolio p1 - DONE --- XXXXXXXXXXXXXXXXXXXX
2024-06-27 10:43:03,014 - utils_portfolio - INFO - Updating info of portfolio - p2
2024-06-27 10:43:03,073 - utils_portfolio - INFO - Calculating symbols weights
2024-06-27 10:43:03,073 - utils_portfolio - INFO - Calculating closed trades count
2024-06-27 10:43:05,209 - root - INFO - Portfolio p2 symbols weights - {'AAPL': 0.1111111111111111, 'GOOGL': 0.1111111111111111, 'META': 0.1111111111111111, 'MRVL': 0.1111111111111111, 'MSTR': 0.1111111111111111, 'SCHD': 0.1111111111111111, 'BITO': 0.1111111111111111, 'AVGO': 0.1111111111111111, 'SOUN': 0.1111111111111111}
2024-06-27 10:43:05,210 - utils_strategy - INFO - AAPL - downloading data from yfinance
2024-06-27 10:43:05,932 - utils_portfolio - INFO - Checking if we have correct date
2024-06-27 10:43:05,933 - utils_portfolio - INFO - AAPL - running symbols strategy to get entries and exits
2024-06-27 10:43:05,940 - utils_portfolio - INFO - Evaluating symbol if to open, close, or no change
2024-06-27 10:43:05,977 - utils_strategy - INFO - GOOGL - downloading data from yfinance
2024-06-27 10:43:06,189 - utils_portfolio - INFO - Checking if we have correct date
2024-06-27 10:43:06,189 - utils_portfolio - INFO - GOOGL - running symbols strategy to get entries and exits
2024-06-27 10:43:06,196 - utils_portfolio - INFO - Evaluating symbol if to open, close, or no change
2024-06-27 10:43:06,416 - utils_strategy - INFO - META - downloading data from yfinance
2024-06-27 10:43:06,590 - utils_portfolio - INFO - Checking if we have correct date
2024-06-27 10:43:06,590 - utils_portfolio - INFO - META - running symbols strategy to get entries and exits
2024-06-27 10:43:06,597 - utils_portfolio - INFO - Evaluating symbol if to open, close, or no change
2024-06-27 10:43:06,625 - utils_strategy - INFO - MRVL - downloading data from yfinance
2024-06-27 10:43:06,850 - utils_portfolio - INFO - Checking if we have correct date
2024-06-27 10:43:06,850 - utils_portfolio - INFO - MRVL - running symbols strategy to get entries and exits
2024-06-27 10:43:06,857 - utils_portfolio - INFO - Evaluating symbol if to open, close, or no change
2024-06-27 10:43:06,894 - utils_strategy - INFO - MSTR - downloading data from yfinance
2024-06-27 10:43:07,134 - utils_portfolio - INFO - Checking if we have correct date
2024-06-27 10:43:07,135 - utils_portfolio - INFO - MSTR - running symbols strategy to get entries and exits
2024-06-27 10:43:07,142 - utils_portfolio - INFO - Evaluating symbol if to open, close, or no change
2024-06-27 10:43:07,178 - utils_strategy - INFO - SCHD - downloading data from yfinance
2024-06-27 10:43:07,405 - utils_portfolio - INFO - Checking if we have correct date
2024-06-27 10:43:07,405 - utils_portfolio - INFO - SCHD - running symbols strategy to get entries and exits
2024-06-27 10:43:07,412 - utils_portfolio - INFO - Evaluating symbol if to open, close, or no change
2024-06-27 10:43:07,442 - utils_strategy - INFO - BITO - downloading data from yfinance
2024-06-27 10:43:07,550 - utils_portfolio - INFO - Checking if we have correct date
2024-06-27 10:43:07,551 - utils_portfolio - INFO - BITO - running symbols strategy to get entries and exits
2024-06-27 10:43:07,560 - utils_portfolio - INFO - Evaluating symbol if to open, close, or no change
2024-06-27 10:43:07,583 - utils_strategy - INFO - AVGO - downloading data from yfinance
2024-06-27 10:43:07,784 - utils_portfolio - INFO - Checking if we have correct date
2024-06-27 10:43:07,785 - utils_portfolio - INFO - AVGO - running symbols strategy to get entries and exits
2024-06-27 10:43:07,792 - utils_portfolio - INFO - Evaluating symbol if to open, close, or no change
2024-06-27 10:43:07,821 - utils_strategy - INFO - SOUN - downloading data from yfinance
2024-06-27 10:43:07,962 - utils_portfolio - INFO - Checking if we have correct date
2024-06-27 10:43:07,963 - utils_portfolio - INFO - SOUN - running symbols strategy to get entries and exits
2024-06-27 10:43:07,974 - utils_portfolio - INFO - Evaluating symbol if to open, close, or no change
2024-06-27 10:43:07,998 - root - INFO - Portfolio p2 symbols actions - {'AAPL': 'no_change', 'GOOGL': 'no_change', 'META': 'open', 'MRVL': 'no_change', 'MSTR': 'no_change', 'SCHD': 'no_change', 'BITO': 'no_change', 'AVGO': 'no_change', 'SOUN': 'no_change'}
2024-06-27 10:43:07,998 - utils_portfolio - INFO - Submitting orders to close existing positions
2024-06-27 10:43:07,999 - utils_portfolio - INFO - Updating state of portfolio - p2
2024-06-27 10:43:07,999 - utils_portfolio - INFO - Calculating closed trades stats
2024-06-27 10:43:10,241 - utils_portfolio - INFO - Calculating open trades stats
2024-06-27 10:43:12,829 - utils_portfolio - INFO - Portfolio p2 - calculating position sizes
2024-06-27 10:43:12,858 - root - INFO - Portfolio p2 position sizes - symbol
AAPL     597.6
GOOGL    597.6
META     597.6
MRVL     597.6
MSTR     597.6
SCHD     597.6
BITO     597.6
AVGO     597.6
SOUN     597.6
Name: position, dtype: float64
2024-06-27 10:43:12,858 - utils_portfolio - INFO - Submitting orders to open positions
2024-06-27 10:43:13,382 - root - INFO - XXXXXXXXXXXXXXXXXXXX --- Portfolio p2 - DONE --- XXXXXXXXXXXXXXXXXXXX
2024-06-27 10:43:13,383 - utils_portfolio - INFO - Updating info of portfolio - p3
2024-06-27 10:43:13,466 - utils_portfolio - INFO - Calculating symbols weights
2024-06-27 10:43:13,467 - root - INFO - Portfolio p3 symbols weights - {'TSLA': 0.1, 'NVDA': 0.1, 'AMD': 0.1, 'QQQ': 0.1, 'AMZN': 0.1, 'TQQQ': 0.1, 'VOO': 0.1, 'BABA': 0.1, 'BA': 0.1, 'XLI': 0.1}
2024-06-27 10:43:13,467 - utils_strategy - INFO - TSLA - downloading data from yfinance
2024-06-27 10:43:13,685 - utils_portfolio - INFO - Checking if we have correct date
2024-06-27 10:43:13,685 - utils_portfolio - INFO - TSLA - running symbols strategy to get entries and exits
2024-06-27 10:43:13,693 - utils_portfolio - INFO - Evaluating symbol if to open, close, or no change
2024-06-27 10:43:13,722 - utils_strategy - INFO - NVDA - downloading data from yfinance
2024-06-27 10:43:14,063 - utils_portfolio - INFO - Checking if we have correct date
2024-06-27 10:43:14,063 - utils_portfolio - INFO - NVDA - running symbols strategy to get entries and exits
2024-06-27 10:43:14,070 - utils_portfolio - INFO - Evaluating symbol if to open, close, or no change
2024-06-27 10:43:14,111 - utils_strategy - INFO - AMD - downloading data from yfinance
2024-06-27 10:43:14,323 - utils_portfolio - INFO - Checking if we have correct date
2024-06-27 10:43:14,323 - utils_portfolio - INFO - AMD - running symbols strategy to get entries and exits
2024-06-27 10:43:14,331 - utils_portfolio - INFO - Evaluating symbol if to open, close, or no change
2024-06-27 10:43:14,366 - utils_strategy - INFO - QQQ - downloading data from yfinance
2024-06-27 10:43:14,620 - utils_portfolio - INFO - Checking if we have correct date
2024-06-27 10:43:14,620 - utils_portfolio - INFO - QQQ - running symbols strategy to get entries and exits
2024-06-27 10:43:14,627 - utils_portfolio - INFO - Evaluating symbol if to open, close, or no change
2024-06-27 10:43:14,662 - utils_strategy - INFO - AMZN - downloading data from yfinance
2024-06-27 10:43:14,885 - utils_portfolio - INFO - Checking if we have correct date
2024-06-27 10:43:14,885 - utils_portfolio - INFO - AMZN - running symbols strategy to get entries and exits
2024-06-27 10:43:14,893 - utils_portfolio - INFO - Evaluating symbol if to open, close, or no change
2024-06-27 10:43:14,946 - utils_strategy - INFO - TQQQ - downloading data from yfinance
2024-06-27 10:43:15,306 - utils_portfolio - INFO - Checking if we have correct date
2024-06-27 10:43:15,306 - utils_portfolio - INFO - TQQQ - running symbols strategy to get entries and exits
2024-06-27 10:43:15,317 - utils_portfolio - INFO - Evaluating symbol if to open, close, or no change
2024-06-27 10:43:15,354 - utils_strategy - INFO - VOO - downloading data from yfinance
2024-06-27 10:43:15,559 - utils_portfolio - INFO - Checking if we have correct date
2024-06-27 10:43:15,559 - utils_portfolio - INFO - VOO - running symbols strategy to get entries and exits
2024-06-27 10:43:15,567 - utils_portfolio - INFO - Evaluating symbol if to open, close, or no change
2024-06-27 10:43:15,597 - utils_strategy - INFO - BABA - downloading data from yfinance
2024-06-27 10:43:15,764 - utils_portfolio - INFO - Checking if we have correct date
2024-06-27 10:43:15,764 - utils_portfolio - INFO - BABA - running symbols strategy to get entries and exits
2024-06-27 10:43:15,772 - utils_portfolio - INFO - Evaluating symbol if to open, close, or no change
2024-06-27 10:43:15,801 - utils_strategy - INFO - BA - downloading data from yfinance
2024-06-27 10:43:16,146 - utils_portfolio - INFO - Checking if we have correct date
2024-06-27 10:43:16,146 - utils_portfolio - INFO - BA - running symbols strategy to get entries and exits
2024-06-27 10:43:16,153 - utils_portfolio - INFO - Evaluating symbol if to open, close, or no change
2024-06-27 10:43:16,193 - utils_strategy - INFO - XLI - downloading data from yfinance
2024-06-27 10:43:16,416 - utils_portfolio - INFO - Checking if we have correct date
2024-06-27 10:43:16,417 - utils_portfolio - INFO - XLI - running symbols strategy to get entries and exits
2024-06-27 10:43:16,424 - utils_portfolio - INFO - Evaluating symbol if to open, close, or no change
2024-06-27 10:43:16,466 - root - INFO - Portfolio p3 symbols actions - {'TSLA': 'open', 'NVDA': 'no_change', 'AMD': 'no_change', 'QQQ': 'no_change', 'AMZN': 'no_change', 'TQQQ': 'close', 'VOO': 'no_change', 'BABA': 'no_change', 'BA': 'no_change', 'XLI': 'no_change'}
2024-06-27 10:43:16,466 - utils_portfolio - INFO - Submitting orders to close existing positions
2024-06-27 10:43:17,067 - utils_portfolio - INFO - Updating state of portfolio - p3
2024-06-27 10:43:17,068 - utils_portfolio - INFO - Calculating closed trades stats
2024-06-27 10:43:19,459 - utils_portfolio - INFO - Calculating open trades stats
2024-06-27 10:43:22,430 - utils_portfolio - INFO - Portfolio p3 - calculating position sizes
2024-06-27 10:43:22,451 - root - INFO - Portfolio p3 position sizes - symbol
TSLA    447.83
NVDA    447.83
AMD     447.83
QQQ     478.25
AMZN    478.25
TQQQ    478.25
VOO     478.25
BABA    447.83
BA      447.83
XLI     447.83
Name: position, dtype: float64
2024-06-27 10:43:22,451 - utils_portfolio - INFO - Submitting orders to open positions
2024-06-27 10:43:23,007 - root - INFO - XXXXXXXXXXXXXXXXXXXX --- Portfolio p3 - DONE --- XXXXXXXXXXXXXXXXXXXX
2024-06-27 10:43:23,007 - utils_portfolio - INFO - Updating info of portfolio - p4
2024-06-27 10:43:23,146 - utils_portfolio - INFO - Calculating symbols weights
2024-06-27 10:43:23,147 - root - INFO - Portfolio p4 symbols weights - {'RIOT': 0.05, 'NEE': 0.05, 'SLV': 0.05, 'SHOP': 0.05, 'FAST': 0.05, 'SPXL': 0.05, 'VALE': 0.05, 'SNAP': 0.05, 'WDC': 0.05, 'MO': 0.05, 'PM': 0.05, 'SQ': 0.05, 'PDD': 0.05, 'ABBV': 0.05, 'ON': 0.05, 'UPRO': 0.05, 'TSLL': 0.05, 'PBR': 0.05, 'MP': 0.05, 'U': 0.05}
2024-06-27 10:43:23,147 - utils_strategy - INFO - RIOT - downloading data from yfinance
2024-06-27 10:43:23,356 - utils_portfolio - INFO - Checking if we have correct date
2024-06-27 10:43:23,357 - utils_portfolio - INFO - RIOT - running symbols strategy to get entries and exits
2024-06-27 10:43:23,365 - utils_portfolio - INFO - Evaluating symbol if to open, close, or no change
2024-06-27 10:43:23,396 - utils_strategy - INFO - NEE - downloading data from yfinance
2024-06-27 10:43:23,723 - utils_portfolio - INFO - Checking if we have correct date
2024-06-27 10:43:23,723 - utils_portfolio - INFO - NEE - running symbols strategy to get entries and exits
2024-06-27 10:43:23,731 - utils_portfolio - INFO - Evaluating symbol if to open, close, or no change
2024-06-27 10:43:23,769 - utils_strategy - INFO - SLV - downloading data from yfinance
2024-06-27 10:43:23,943 - utils_portfolio - INFO - Checking if we have correct date
2024-06-27 10:43:23,943 - utils_portfolio - INFO - SLV - running symbols strategy to get entries and exits
2024-06-27 10:43:23,951 - utils_portfolio - INFO - Evaluating symbol if to open, close, or no change
2024-06-27 10:43:23,986 - utils_strategy - INFO - SHOP - downloading data from yfinance
2024-06-27 10:43:24,205 - utils_portfolio - INFO - Checking if we have correct date
2024-06-27 10:43:24,205 - utils_portfolio - INFO - SHOP - running symbols strategy to get entries and exits
2024-06-27 10:43:24,213 - utils_portfolio - INFO - Evaluating symbol if to open, close, or no change
2024-06-27 10:43:24,243 - utils_strategy - INFO - FAST - downloading data from yfinance
2024-06-27 10:43:24,538 - utils_portfolio - INFO - Checking if we have correct date
2024-06-27 10:43:24,538 - utils_portfolio - INFO - FAST - running symbols strategy to get entries and exits
2024-06-27 10:43:24,545 - utils_portfolio - INFO - Evaluating symbol if to open, close, or no change
2024-06-27 10:43:24,582 - utils_strategy - INFO - SPXL - downloading data from yfinance
2024-06-27 10:43:24,929 - utils_portfolio - INFO - Checking if we have correct date
2024-06-27 10:43:24,930 - utils_portfolio - INFO - SPXL - running symbols strategy to get entries and exits
2024-06-27 10:43:24,937 - utils_portfolio - INFO - Evaluating symbol if to open, close, or no change
2024-06-27 10:43:24,973 - utils_strategy - INFO - VALE - downloading data from yfinance
2024-06-27 10:43:25,286 - utils_portfolio - INFO - Checking if we have correct date
2024-06-27 10:43:25,286 - utils_portfolio - INFO - VALE - running symbols strategy to get entries and exits
2024-06-27 10:43:25,294 - utils_portfolio - INFO - Evaluating symbol if to open, close, or no change
2024-06-27 10:43:25,331 - utils_strategy - INFO - SNAP - downloading data from yfinance
2024-06-27 10:43:25,453 - utils_portfolio - INFO - Checking if we have correct date
2024-06-27 10:43:25,453 - utils_portfolio - INFO - SNAP - running symbols strategy to get entries and exits
2024-06-27 10:43:25,465 - utils_portfolio - INFO - Evaluating symbol if to open, close, or no change
2024-06-27 10:43:25,495 - utils_strategy - INFO - WDC - downloading data from yfinance
2024-06-27 10:43:25,757 - utils_portfolio - INFO - Checking if we have correct date
2024-06-27 10:43:25,757 - utils_portfolio - INFO - WDC - running symbols strategy to get entries and exits
2024-06-27 10:43:25,765 - utils_portfolio - INFO - Evaluating symbol if to open, close, or no change
2024-06-27 10:43:25,960 - utils_strategy - INFO - MO - downloading data from yfinance
2024-06-27 10:43:26,377 - utils_portfolio - INFO - Checking if we have correct date
2024-06-27 10:43:26,377 - utils_portfolio - INFO - MO - running symbols strategy to get entries and exits
2024-06-27 10:43:26,386 - utils_portfolio - INFO - Evaluating symbol if to open, close, or no change
2024-06-27 10:43:26,425 - utils_strategy - INFO - PM - downloading data from yfinance
2024-06-27 10:43:26,766 - utils_portfolio - INFO - Checking if we have correct date
2024-06-27 10:43:26,766 - utils_portfolio - INFO - PM - running symbols strategy to get entries and exits
2024-06-27 10:43:26,774 - utils_portfolio - INFO - Evaluating symbol if to open, close, or no change
2024-06-27 10:43:26,813 - utils_strategy - INFO - SQ - downloading data from yfinance
2024-06-27 10:43:26,977 - utils_portfolio - INFO - Checking if we have correct date
2024-06-27 10:43:26,978 - utils_portfolio - INFO - SQ - running symbols strategy to get entries and exits
2024-06-27 10:43:26,988 - utils_portfolio - INFO - Evaluating symbol if to open, close, or no change
2024-06-27 10:43:27,017 - utils_strategy - INFO - PDD - downloading data from yfinance
2024-06-27 10:43:27,131 - utils_portfolio - INFO - Checking if we have correct date
2024-06-27 10:43:27,131 - utils_portfolio - INFO - PDD - running symbols strategy to get entries and exits
2024-06-27 10:43:27,141 - utils_portfolio - INFO - Evaluating symbol if to open, close, or no change
2024-06-27 10:43:27,172 - utils_strategy - INFO - ABBV - downloading data from yfinance
2024-06-27 10:43:27,400 - utils_portfolio - INFO - Checking if we have correct date
2024-06-27 10:43:27,400 - utils_portfolio - INFO - ABBV - running symbols strategy to get entries and exits
2024-06-27 10:43:27,409 - utils_portfolio - INFO - Evaluating symbol if to open, close, or no change
2024-06-27 10:43:27,440 - utils_strategy - INFO - ON - downloading data from yfinance
2024-06-27 10:43:27,662 - utils_portfolio - INFO - Checking if we have correct date
2024-06-27 10:43:27,662 - utils_portfolio - INFO - ON - running symbols strategy to get entries and exits
2024-06-27 10:43:27,670 - utils_portfolio - INFO - Evaluating symbol if to open, close, or no change
2024-06-27 10:43:27,706 - utils_strategy - INFO - UPRO - downloading data from yfinance
2024-06-27 10:43:28,000 - utils_portfolio - INFO - Checking if we have correct date
2024-06-27 10:43:28,000 - utils_portfolio - INFO - UPRO - running symbols strategy to get entries and exits
2024-06-27 10:43:28,007 - utils_portfolio - INFO - Evaluating symbol if to open, close, or no change
2024-06-27 10:43:28,054 - utils_strategy - INFO - TSLL - downloading data from yfinance
2024-06-27 10:43:28,179 - utils_portfolio - INFO - Checking if we have correct date
2024-06-27 10:43:28,180 - utils_portfolio - INFO - TSLL - running symbols strategy to get entries and exits
2024-06-27 10:43:28,190 - utils_portfolio - INFO - Evaluating symbol if to open, close, or no change
2024-06-27 10:43:28,214 - utils_strategy - INFO - PBR - downloading data from yfinance
2024-06-27 10:43:28,463 - utils_portfolio - INFO - Checking if we have correct date
2024-06-27 10:43:28,463 - utils_portfolio - INFO - PBR - running symbols strategy to get entries and exits
2024-06-27 10:43:28,471 - utils_portfolio - INFO - Evaluating symbol if to open, close, or no change
2024-06-27 10:43:28,507 - utils_strategy - INFO - MP - downloading data from yfinance
2024-06-27 10:43:28,657 - utils_portfolio - INFO - Checking if we have correct date
2024-06-27 10:43:28,657 - utils_portfolio - INFO - MP - running symbols strategy to get entries and exits
2024-06-27 10:43:28,668 - utils_portfolio - INFO - Evaluating symbol if to open, close, or no change
2024-06-27 10:43:28,698 - utils_strategy - INFO - U - downloading data from yfinance
2024-06-27 10:43:28,805 - utils_portfolio - INFO - Checking if we have correct date
2024-06-27 10:43:28,806 - utils_portfolio - INFO - U - running symbols strategy to get entries and exits
2024-06-27 10:43:28,816 - utils_portfolio - INFO - Evaluating symbol if to open, close, or no change
2024-06-27 10:43:28,841 - root - INFO - Portfolio p4 symbols actions - {'RIOT': 'no_change', 'NEE': 'no_change', 'SLV': 'no_change', 'SHOP': 'no_change', 'FAST': 'no_change', 'SPXL': 'no_change', 'VALE': 'no_change', 'SNAP': 'no_change', 'WDC': 'no_change', 'MO': 'no_change', 'PM': 'no_change', 'SQ': 'close', 'PDD': 'no_change', 'ABBV': 'no_change', 'ON': 'no_change', 'UPRO': 'no_change', 'TSLL': 'no_change', 'PBR': 'no_change', 'MP': 'no_change', 'U': 'no_change'}
2024-06-27 10:43:28,841 - utils_portfolio - INFO - Submitting orders to close existing positions
2024-06-27 10:43:29,457 - utils_portfolio - INFO - Updating state of portfolio - p4
2024-06-27 10:43:29,458 - utils_portfolio - INFO - Calculating closed trades stats
2024-06-27 10:43:33,895 - utils_portfolio - INFO - Calculating open trades stats
2024-06-27 10:43:40,042 - utils_portfolio - INFO - Portfolio p4 - calculating position sizes
2024-06-27 10:43:40,060 - root - INFO - Portfolio p4 position sizes - symbol
RIOT    251.04
NEE     251.04
SLV     251.04
SHOP    251.04
FAST    251.04
SPXL    251.04
VALE    251.04
SNAP    251.04
WDC     251.04
MO      251.04
PM      251.04
SQ      251.04
PDD     251.04
ABBV    251.04
ON      251.04
UPRO    251.04
TSLL    251.04
PBR     251.04
MP      251.04
U       251.04
Name: position, dtype: float64
2024-06-27 10:43:40,060 - utils_portfolio - INFO - Submitting orders to open positions
2024-06-27 10:43:40,060 - root - INFO - XXXXXXXXXXXXXXXXXXXX --- Portfolio p4 - DONE --- XXXXXXXXXXXXXXXXXXXX
2024-06-27 10:43:40,060 - utils_portfolio - INFO - Updating state of symbols
2024-06-27 10:43:40,060 - utils_portfolio - INFO - Calculating closed trades stats
2024-06-27 10:43:50,587 - utils_portfolio - INFO - Calculating open trades stats
2024-06-27 10:44:04,484 - utils_portfolio - INFO - Updating symbol stats - GOOGL
2024-06-27 10:44:04,516 - utils_portfolio - INFO - Updating symbol stats - PM
2024-06-27 10:44:04,537 - utils_portfolio - INFO - Updating symbol stats - UPRO
2024-06-27 10:44:04,558 - utils_portfolio - INFO - Updating symbol stats - RIOT
2024-06-27 10:44:04,580 - utils_portfolio - INFO - Updating symbol stats - SPXL
2024-06-27 10:44:04,599 - utils_portfolio - INFO - Updating symbol stats - AAPL
2024-06-27 10:44:04,618 - utils_portfolio - INFO - Updating symbol stats - IYR
2024-06-27 10:44:04,640 - utils_portfolio - INFO - Updating symbol stats - CRWD
2024-06-27 10:44:04,670 - utils_portfolio - INFO - Updating symbol stats - VOO
2024-06-27 10:44:04,700 - utils_portfolio - INFO - Updating symbol stats - FAST
2024-06-27 10:44:04,731 - utils_portfolio - INFO - Updating symbol stats - DELL
2024-06-27 10:44:04,751 - utils_portfolio - INFO - Updating symbol stats - NEE
2024-06-27 10:44:04,790 - utils_portfolio - INFO - Updating symbol stats - META
2024-06-27 10:44:04,822 - utils_portfolio - INFO - Updating symbol stats - MO
2024-06-27 10:44:04,843 - utils_portfolio - INFO - Updating symbol stats - SLV
2024-06-27 10:44:04,870 - utils_portfolio - INFO - Updating symbol stats - BTC/USD
2024-06-27 10:44:04,900 - utils_portfolio - INFO - Updating symbol stats - MSTR
2024-06-27 10:44:04,921 - utils_portfolio - INFO - Updating symbol stats - TSLA
2024-06-27 10:44:04,940 - utils_portfolio - INFO - Updating symbol stats - TQQQ
2024-06-27 10:44:04,960 - utils_portfolio - INFO - Updating symbol stats - BA
2024-06-27 10:44:04,981 - utils_portfolio - INFO - Updating symbol stats - SHOP
2024-06-27 10:44:05,017 - utils_portfolio - INFO - Updating symbol stats - TSLL
2024-06-27 10:44:05,038 - utils_portfolio - INFO - Updating symbol stats - BABA
2024-06-27 10:44:05,058 - utils_portfolio - INFO - Updating symbol stats - GBTC
2024-06-27 10:44:05,078 - utils_portfolio - INFO - Updating symbol stats - AMZN
2024-06-27 10:44:05,100 - utils_portfolio - INFO - Updating symbol stats - SNAP
2024-06-27 10:44:05,122 - utils_portfolio - INFO - Updating symbol stats - VRT
2024-06-27 10:44:05,142 - utils_portfolio - INFO - Updating symbol stats - XLI
2024-06-27 10:44:05,163 - utils_portfolio - INFO - Updating symbol stats - ON
2024-06-27 10:44:05,183 - utils_portfolio - INFO - Updating symbol stats - QQQ
2024-06-27 10:44:05,204 - utils_portfolio - INFO - Updating symbol stats - PLTR
2024-06-27 10:44:05,243 - utils_portfolio - INFO - Updating symbol stats - AVGO
2024-06-27 10:44:05,265 - utils_portfolio - INFO - Updating symbol stats - MP
2024-06-27 10:44:05,285 - utils_portfolio - INFO - Updating symbol stats - PDD
2024-06-27 10:44:05,306 - utils_portfolio - INFO - Updating symbol stats - NVDA
2024-06-27 10:44:05,326 - utils_portfolio - INFO - Updating symbol stats - SQ
2024-06-27 10:44:05,346 - utils_portfolio - INFO - Updating symbol stats - BITO
2024-06-27 10:44:05,366 - utils_portfolio - INFO - Updating symbol stats - AAL
2024-06-27 10:44:05,388 - utils_portfolio - INFO - Updating symbol stats - EBAY
2024-06-27 10:44:05,407 - utils_portfolio - INFO - Updating symbol stats - ABBV
2024-06-27 10:44:05,427 - utils_portfolio - INFO - Updating symbol stats - MRVL
2024-06-27 10:44:05,448 - utils_portfolio - INFO - Updating symbol stats - U
2024-06-27 10:44:05,496 - utils_portfolio - INFO - Updating symbol stats - VALE
2024-06-27 10:44:05,519 - utils_portfolio - INFO - Updating symbol stats - GM
2024-06-27 10:44:05,540 - utils_portfolio - INFO - Updating symbol stats - SCHD
2024-06-27 10:44:05,583 - utils_portfolio - INFO - Updating symbol stats - WDC
2024-06-27 10:44:05,604 - utils_portfolio - INFO - Updating symbol stats - PBR
2024-06-27 10:44:05,623 - utils_portfolio - INFO - Updating symbol stats - AMD
2024-06-27 10:44:05,644 - utils_portfolio - INFO - Updating symbol stats - SOUN
2024-06-27 10:44:05,664 - utils_portfolio - INFO - Updating symbol stats - DKNG
2024-06-27 10:44:05,685 - root - INFO - XXXXXXXXXXXXXXXXXXXX --- Everything DONE --- XXXXXXXXXXXXXXXXXXXX
