2025-01-29 10:05:05,064 - root - INFO - Logger is setup
2025-01-29 10:05:05,159 - utils_portfolio - INFO - Updating info of portfolio - p1
2025-01-29 10:05:05,845 - utils_portfolio - INFO - Calculating symbols weights
2025-01-29 10:05:05,845 - root - INFO - Portfolio p1 symbols weights - {'ACB': 0.01, 'ACN': 0.01, 'ADBE': 0.01, 'ALB': 0.01, 'AMAT': 0.01, 'AMD': 0.01, 'AMT': 0.01, 'AMZN': 0.01, 'ANET': 0.01, 'ARKK': 0.01, 'AVGO': 0.01, 'BA': 0.01, 'BABA': 0.01, 'BMY': 0.01, 'BSX': 0.01, 'CMCSA': 0.01, 'COP': 0.01, 'CSX': 0.01, 'CVNA': 0.01, 'CVX': 0.01, 'DAL': 0.01, 'DELL': 0.01, 'ENPH': 0.01, 'ETN': 0.01, 'F': 0.01, 'FXI': 0.01, 'GBTC': 0.01, 'GDX': 0.01, 'GDXJ': 0.01, 'GE': 0.01, 'GLD': 0.01, 'GM': 0.01, 'GOOG': 0.01, 'HAL': 0.01, 'HBAN': 0.01, 'HPQ': 0.01, 'HYG': 0.01, 'INTC': 0.01, 'IP': 0.01, 'JNJ': 0.01, 'KEY': 0.01, 'KMI': 0.01, 'KMX': 0.01, 'LOW': 0.01, 'LUV': 0.01, 'MCD': 0.01, 'MDLZ': 0.01, 'MDT': 0.01, 'META': 0.01, 'MMM': 0.01, 'MRIN': 0.01, 'MRO': 0.01, 'MRVL': 0.01, 'MSTR': 0.01, 'NCLH': 0.01, 'NEE': 0.01, 'NEM': 0.01, 'NXPL': 0.01, 'ON': 0.01, 'ORCL': 0.01, 'OXY': 0.01, 'PAAS': 0.01, 'PANW': 0.01, 'PARA': 0.01, 'PLD': 0.01, 'PM': 0.01, 'PYPL': 0.01, 'QCOM': 0.01, 'QLD': 0.01, 'QQQ': 0.01, 'RSP': 0.01, 'RUN': 0.01, 'SCHD': 0.01, 'SHEL': 0.01, 'SHOP': 0.01, 'SIRI': 0.01, 'SMCI': 0.01, 'SNAP': 0.01, 'SOXL': 0.01, 'SPY': 0.01, 'SQQQ': 0.01, 'T': 0.01, 'TFC': 0.01, 'TJX': 0.01, 'TLT': 0.01, 'TMUS': 0.01, 'TZA': 0.01, 'UVXY': 0.01, 'V': 0.01, 'VST': 0.01, 'VTI': 0.01, 'VZ': 0.01, 'WBA': 0.01, 'WFC': 0.01, 'WMB': 0.01, 'WMT': 0.01, 'XLF': 0.01, 'XLU': 0.01, 'XOM': 0.01, 'ZTS': 0.01}
2025-01-29 10:05:05,845 - utils_strategy - INFO - ACB - downloading data from yfinance
2025-01-29 10:05:09,376 - utils_portfolio - INFO - Checking if we have correct date
2025-01-29 10:05:09,409 - utils_portfolio - INFO - ACB - running symbols strategy to get entries and exits
2025-01-29 10:05:23,890 - utils_portfolio - INFO - Evaluating symbol if to open, close, or no change
2025-01-29 10:05:28,912 - utils_strategy - INFO - ACN - downloading data from yfinance
2025-01-29 10:05:35,839 - utils_portfolio - INFO - Checking if we have correct date
2025-01-29 10:05:35,854 - utils_portfolio - INFO - ACN - running symbols strategy to get entries and exits
2025-01-29 10:05:58,455 - utils_portfolio - INFO - Evaluating symbol if to open, close, or no change
2025-01-29 10:05:58,483 - utils_strategy - INFO - ADBE - downloading data from yfinance
2025-01-29 10:06:05,459 - utils_portfolio - INFO - Checking if we have correct date
2025-01-29 10:06:05,474 - utils_portfolio - INFO - ADBE - running symbols strategy to get entries and exits
2025-01-29 10:06:30,486 - utils_portfolio - INFO - Evaluating symbol if to open, close, or no change
2025-01-29 10:06:30,519 - utils_strategy - INFO - ALB - downloading data from yfinance
2025-01-29 10:06:37,900 - utils_portfolio - INFO - Checking if we have correct date
2025-01-29 10:06:37,915 - utils_portfolio - INFO - ALB - running symbols strategy to get entries and exits
2025-01-29 10:07:02,703 - utils_portfolio - INFO - Evaluating symbol if to open, close, or no change
2025-01-29 10:07:02,734 - utils_strategy - INFO - AMAT - downloading data from yfinance
2025-01-29 10:07:10,115 - utils_portfolio - INFO - Checking if we have correct date
2025-01-29 10:07:10,121 - utils_portfolio - INFO - AMAT - running symbols strategy to get entries and exits
2025-01-29 10:07:34,999 - utils_portfolio - INFO - Evaluating symbol if to open, close, or no change
2025-01-29 10:07:35,030 - utils_strategy - INFO - AMD - downloading data from yfinance
2025-01-29 10:07:42,230 - utils_portfolio - INFO - Checking if we have correct date
2025-01-29 10:07:42,244 - utils_portfolio - INFO - AMD - running symbols strategy to get entries and exits
2025-01-29 10:08:07,404 - utils_portfolio - INFO - Evaluating symbol if to open, close, or no change
2025-01-29 10:08:07,435 - utils_strategy - INFO - AMT - downloading data from yfinance
2025-01-29 10:08:14,845 - utils_portfolio - INFO - Checking if we have correct date
2025-01-29 10:08:14,861 - utils_portfolio - INFO - AMT - running symbols strategy to get entries and exits
2025-01-29 10:08:40,102 - utils_portfolio - INFO - Evaluating symbol if to open, close, or no change
2025-01-29 10:08:40,134 - utils_strategy - INFO - AMZN - downloading data from yfinance
2025-01-29 10:08:47,667 - utils_portfolio - INFO - Checking if we have correct date
2025-01-29 10:08:47,682 - utils_portfolio - INFO - AMZN - running symbols strategy to get entries and exits
2025-01-29 10:09:12,824 - utils_portfolio - INFO - Evaluating symbol if to open, close, or no change
2025-01-29 10:09:12,856 - utils_strategy - INFO - ANET - downloading data from yfinance
2025-01-29 10:09:16,468 - utils_portfolio - INFO - Checking if we have correct date
2025-01-29 10:09:16,474 - utils_portfolio - INFO - ANET - running symbols strategy to get entries and exits
2025-01-29 10:09:30,608 - utils_portfolio - INFO - Evaluating symbol if to open, close, or no change
2025-01-29 10:09:30,631 - utils_strategy - INFO - ARKK - downloading data from yfinance
2025-01-29 10:09:34,078 - utils_portfolio - INFO - Checking if we have correct date
2025-01-29 10:09:34,096 - utils_portfolio - INFO - ARKK - running symbols strategy to get entries and exits
2025-01-29 10:09:48,051 - utils_portfolio - INFO - Evaluating symbol if to open, close, or no change
2025-01-29 10:09:48,073 - utils_strategy - INFO - AVGO - downloading data from yfinance
2025-01-29 10:09:53,052 - utils_portfolio - INFO - Checking if we have correct date
2025-01-29 10:09:53,068 - utils_portfolio - INFO - AVGO - running symbols strategy to get entries and exits
2025-01-29 10:10:10,976 - utils_portfolio - INFO - Evaluating symbol if to open, close, or no change
2025-01-29 10:10:11,001 - utils_strategy - INFO - BA - downloading data from yfinance
2025-01-29 10:10:18,437 - utils_portfolio - INFO - Checking if we have correct date
2025-01-29 10:10:18,450 - utils_portfolio - INFO - BA - running symbols strategy to get entries and exits
2025-01-29 10:10:43,005 - utils_portfolio - INFO - Evaluating symbol if to open, close, or no change
2025-01-29 10:10:43,039 - utils_strategy - INFO - BABA - downloading data from yfinance
2025-01-29 10:10:46,451 - utils_portfolio - INFO - Checking if we have correct date
2025-01-29 10:10:46,466 - utils_portfolio - INFO - BABA - running symbols strategy to get entries and exits
2025-01-29 10:11:01,078 - utils_portfolio - INFO - Evaluating symbol if to open, close, or no change
2025-01-29 10:11:01,100 - utils_strategy - INFO - BMY - downloading data from yfinance
2025-01-29 10:11:08,783 - utils_portfolio - INFO - Checking if we have correct date
2025-01-29 10:11:08,799 - utils_portfolio - INFO - BMY - running symbols strategy to get entries and exits
2025-01-29 10:11:33,784 - utils_portfolio - INFO - Evaluating symbol if to open, close, or no change
2025-01-29 10:11:33,816 - utils_strategy - INFO - BSX - downloading data from yfinance
2025-01-29 10:11:41,352 - utils_portfolio - INFO - Checking if we have correct date
2025-01-29 10:11:41,368 - utils_portfolio - INFO - BSX - running symbols strategy to get entries and exits
2025-01-29 10:12:06,160 - utils_portfolio - INFO - Evaluating symbol if to open, close, or no change
2025-01-29 10:12:06,194 - utils_strategy - INFO - CMCSA - downloading data from yfinance
2025-01-29 10:12:13,828 - utils_portfolio - INFO - Checking if we have correct date
2025-01-29 10:12:13,844 - utils_portfolio - INFO - CMCSA - running symbols strategy to get entries and exits
2025-01-29 10:12:38,914 - utils_portfolio - INFO - Evaluating symbol if to open, close, or no change
2025-01-29 10:12:38,947 - utils_strategy - INFO - COP - downloading data from yfinance
2025-01-29 10:12:46,653 - utils_portfolio - INFO - Checking if we have correct date
2025-01-29 10:12:46,658 - utils_portfolio - INFO - COP - running symbols strategy to get entries and exits
2025-01-29 10:13:11,805 - utils_portfolio - INFO - Evaluating symbol if to open, close, or no change
2025-01-29 10:13:11,839 - utils_strategy - INFO - CSX - downloading data from yfinance
2025-01-29 10:13:19,602 - utils_portfolio - INFO - Checking if we have correct date
2025-01-29 10:13:19,608 - utils_portfolio - INFO - CSX - running symbols strategy to get entries and exits
2025-01-29 10:13:44,666 - utils_portfolio - INFO - Evaluating symbol if to open, close, or no change
2025-01-29 10:13:44,699 - utils_strategy - INFO - CVNA - downloading data from yfinance
2025-01-29 10:13:47,703 - utils_portfolio - INFO - Checking if we have correct date
2025-01-29 10:13:47,709 - utils_portfolio - INFO - CVNA - running symbols strategy to get entries and exits
2025-01-29 10:14:00,258 - utils_portfolio - INFO - Evaluating symbol if to open, close, or no change
2025-01-29 10:14:00,282 - utils_strategy - INFO - CVX - downloading data from yfinance
2025-01-29 10:14:08,059 - utils_portfolio - INFO - Checking if we have correct date
2025-01-29 10:14:08,065 - utils_portfolio - INFO - CVX - running symbols strategy to get entries and exits
2025-01-29 10:14:33,346 - utils_portfolio - INFO - Evaluating symbol if to open, close, or no change
2025-01-29 10:14:33,379 - utils_strategy - INFO - DAL - downloading data from yfinance
2025-01-29 10:14:39,006 - utils_portfolio - INFO - Checking if we have correct date
2025-01-29 10:14:39,012 - utils_portfolio - INFO - DAL - running symbols strategy to get entries and exits
2025-01-29 10:14:58,907 - utils_portfolio - INFO - Evaluating symbol if to open, close, or no change
2025-01-29 10:14:58,938 - utils_strategy - INFO - DELL - downloading data from yfinance
2025-01-29 10:15:02,032 - utils_portfolio - INFO - Checking if we have correct date
2025-01-29 10:15:02,038 - utils_portfolio - INFO - DELL - running symbols strategy to get entries and exits
2025-01-29 10:15:15,030 - utils_portfolio - INFO - Evaluating symbol if to open, close, or no change
2025-01-29 10:15:15,053 - utils_strategy - INFO - ENPH - downloading data from yfinance
2025-01-29 10:15:19,301 - utils_portfolio - INFO - Checking if we have correct date
2025-01-29 10:15:19,307 - utils_portfolio - INFO - ENPH - running symbols strategy to get entries and exits
2025-01-29 10:15:35,234 - utils_portfolio - INFO - Evaluating symbol if to open, close, or no change
2025-01-29 10:15:35,260 - utils_strategy - INFO - ETN - downloading data from yfinance
2025-01-29 10:15:43,084 - utils_portfolio - INFO - Checking if we have correct date
2025-01-29 10:15:43,089 - utils_portfolio - INFO - ETN - running symbols strategy to get entries and exits
2025-01-29 10:16:08,214 - utils_portfolio - INFO - Evaluating symbol if to open, close, or no change
2025-01-29 10:16:08,248 - utils_strategy - INFO - F - downloading data from yfinance
2025-01-29 10:16:16,057 - utils_portfolio - INFO - Checking if we have correct date
2025-01-29 10:16:16,062 - utils_portfolio - INFO - F - running symbols strategy to get entries and exits
2025-01-29 10:16:40,742 - utils_portfolio - INFO - Evaluating symbol if to open, close, or no change
2025-01-29 10:16:40,950 - utils_strategy - INFO - FXI - downloading data from yfinance
2025-01-29 10:16:47,373 - utils_portfolio - INFO - Checking if we have correct date
2025-01-29 10:16:47,378 - utils_portfolio - INFO - FXI - running symbols strategy to get entries and exits
2025-01-29 10:17:08,974 - utils_portfolio - INFO - Evaluating symbol if to open, close, or no change
2025-01-29 10:17:09,007 - utils_strategy - INFO - GBTC - downloading data from yfinance
2025-01-29 10:17:12,473 - utils_portfolio - INFO - Checking if we have correct date
2025-01-29 10:17:12,478 - utils_portfolio - INFO - GBTC - running symbols strategy to get entries and exits
2025-01-29 10:17:26,947 - utils_portfolio - INFO - Evaluating symbol if to open, close, or no change
2025-01-29 10:17:26,972 - utils_strategy - INFO - GDX - downloading data from yfinance
2025-01-29 10:17:33,140 - utils_portfolio - INFO - Checking if we have correct date
2025-01-29 10:17:33,146 - utils_portfolio - INFO - GDX - running symbols strategy to get entries and exits
2025-01-29 10:17:52,823 - utils_portfolio - INFO - Evaluating symbol if to open, close, or no change
2025-01-29 10:17:52,854 - utils_strategy - INFO - GDXJ - downloading data from yfinance
2025-01-29 10:17:57,915 - utils_portfolio - INFO - Checking if we have correct date
2025-01-29 10:17:57,921 - utils_portfolio - INFO - GDXJ - running symbols strategy to get entries and exits
2025-01-29 10:18:16,041 - utils_portfolio - INFO - Evaluating symbol if to open, close, or no change
2025-01-29 10:18:16,069 - utils_strategy - INFO - GE - downloading data from yfinance
2025-01-29 10:18:24,101 - utils_portfolio - INFO - Checking if we have correct date
2025-01-29 10:18:24,107 - utils_portfolio - INFO - GE - running symbols strategy to get entries and exits
2025-01-29 10:18:49,235 - utils_portfolio - INFO - Evaluating symbol if to open, close, or no change
2025-01-29 10:18:49,270 - utils_strategy - INFO - GLD - downloading data from yfinance
2025-01-29 10:18:55,745 - utils_portfolio - INFO - Checking if we have correct date
2025-01-29 10:18:55,752 - utils_portfolio - INFO - GLD - running symbols strategy to get entries and exits
2025-01-29 10:19:18,144 - utils_portfolio - INFO - Evaluating symbol if to open, close, or no change
2025-01-29 10:19:18,177 - utils_strategy - INFO - GM - downloading data from yfinance
2025-01-29 10:19:22,994 - utils_portfolio - INFO - Checking if we have correct date
2025-01-29 10:19:22,999 - utils_portfolio - INFO - GM - running symbols strategy to get entries and exits
2025-01-29 10:19:40,176 - utils_portfolio - INFO - Evaluating symbol if to open, close, or no change
2025-01-29 10:19:40,205 - utils_strategy - INFO - GOOG - downloading data from yfinance
2025-01-29 10:19:46,846 - utils_portfolio - INFO - Checking if we have correct date
2025-01-29 10:19:46,852 - utils_portfolio - INFO - GOOG - running symbols strategy to get entries and exits
2025-01-29 10:20:08,831 - utils_portfolio - INFO - Evaluating symbol if to open, close, or no change
2025-01-29 10:20:08,862 - utils_strategy - INFO - HAL - downloading data from yfinance
2025-01-29 10:20:16,841 - utils_portfolio - INFO - Checking if we have correct date
2025-01-29 10:20:16,846 - utils_portfolio - INFO - HAL - running symbols strategy to get entries and exits
2025-01-29 10:20:42,036 - utils_portfolio - INFO - Evaluating symbol if to open, close, or no change
2025-01-29 10:20:42,070 - utils_strategy - INFO - HBAN - downloading data from yfinance
2025-01-29 10:20:50,113 - utils_portfolio - INFO - Checking if we have correct date
2025-01-29 10:20:50,119 - utils_portfolio - INFO - HBAN - running symbols strategy to get entries and exits
2025-01-29 10:21:15,542 - utils_portfolio - INFO - Evaluating symbol if to open, close, or no change
2025-01-29 10:21:15,579 - utils_strategy - INFO - HPQ - downloading data from yfinance
2025-01-29 10:21:24,992 - utils_portfolio - INFO - Checking if we have correct date
2025-01-29 10:21:24,997 - utils_portfolio - INFO - HPQ - running symbols strategy to get entries and exits
2025-01-29 10:21:54,734 - utils_portfolio - INFO - Evaluating symbol if to open, close, or no change
2025-01-29 10:21:54,766 - utils_strategy - INFO - HYG - downloading data from yfinance
2025-01-29 10:22:02,263 - utils_portfolio - INFO - Checking if we have correct date
2025-01-29 10:22:02,274 - utils_portfolio - INFO - HYG - running symbols strategy to get entries and exits
2025-01-29 10:22:27,389 - utils_portfolio - INFO - Evaluating symbol if to open, close, or no change
2025-01-29 10:22:27,468 - utils_strategy - INFO - INTC - downloading data from yfinance
2025-01-29 10:22:38,654 - utils_portfolio - INFO - Checking if we have correct date
2025-01-29 10:22:38,661 - utils_portfolio - INFO - INTC - running symbols strategy to get entries and exits
