2024-05-06 11:18:27,251 - root - INFO - Logger is setup
2024-05-06 11:18:27,298 - utils_portfolio - INFO - Updating info of portfolio - p1
2024-05-06 11:18:27,363 - utils_portfolio - INFO - Updating state of portfolio - p1
2024-05-06 11:18:27,363 - utils_portfolio - INFO - Calculating closed trades stats
2024-05-06 11:18:30,097 - utils_portfolio - INFO - Calculating open trades stats
2024-05-06 11:18:32,573 - utils_portfolio - INFO - Calculating symbols weights
2024-05-06 11:18:32,573 - root - INFO - Portfolio p1 symbols weights - {'PLTR': 0.09090909090909091, 'BTC/USD': 0.09090909090909091, 'AAL': 0.09090909090909091, 'VRT': 0.09090909090909091, 'GBTC': 0.09090909090909091, 'DELL': 0.09090909090909091, 'GM': 0.09090909090909091, 'IYR': 0.09090909090909091, 'DKNG': 0.09090909090909091, 'EBAY': 0.09090909090909091, 'CRWD': 0.09090909090909091}
2024-05-06 11:18:32,573 - utils_strategy - INFO - PLTR - downloading data from alpaca - stock client
2024-05-06 11:18:33,309 - utils_portfolio - INFO - Checking if we have correct date
2024-05-06 11:18:33,310 - utils_portfolio - INFO - PLTR - running symbols strategy to get entries and exits
2024-05-06 11:18:33,328 - utils_portfolio - INFO - Evaluating symbol if to open, close, or no change
2024-05-06 11:18:38,297 - utils_strategy - INFO - BTC/USD - downloading data from alpaca - stock client
2024-05-06 11:18:38,891 - utils_strategy - INFO - BTC/USD - downloading data from alpaca - crypto client
2024-05-06 11:18:40,076 - utils_portfolio - INFO - Checking if we have correct date
2024-05-06 11:18:40,077 - utils_portfolio - INFO - BTC/USD - running symbols strategy to get entries and exits
2024-05-06 11:18:40,089 - utils_portfolio - INFO - Evaluating symbol if to open, close, or no change
2024-05-06 11:18:40,117 - utils_strategy - INFO - AAL - downloading data from alpaca - stock client
2024-05-06 11:18:41,520 - utils_portfolio - INFO - Checking if we have correct date
2024-05-06 11:18:41,520 - utils_portfolio - INFO - AAL - running symbols strategy to get entries and exits
2024-05-06 11:18:41,540 - utils_portfolio - INFO - Evaluating symbol if to open, close, or no change
2024-05-06 11:18:41,573 - utils_strategy - INFO - VRT - downloading data from alpaca - stock client
2024-05-06 11:18:42,511 - utils_portfolio - INFO - Checking if we have correct date
2024-05-06 11:18:42,511 - utils_portfolio - INFO - VRT - running symbols strategy to get entries and exits
2024-05-06 11:18:42,524 - utils_portfolio - INFO - Evaluating symbol if to open, close, or no change
2024-05-06 11:18:42,553 - utils_strategy - INFO - GBTC - downloading data from alpaca - stock client
2024-05-06 11:18:43,104 - utils_portfolio - INFO - Checking if we have correct date
2024-05-06 11:18:43,104 - utils_portfolio - INFO - GBTC - running symbols strategy to get entries and exits
2024-05-06 11:18:43,113 - utils_portfolio - INFO - Evaluating symbol if to open, close, or no change
2024-05-06 11:18:43,139 - utils_strategy - INFO - DELL - downloading data from alpaca - stock client
2024-05-06 11:18:44,158 - utils_portfolio - INFO - Checking if we have correct date
2024-05-06 11:18:44,158 - utils_portfolio - INFO - DELL - running symbols strategy to get entries and exits
2024-05-06 11:18:44,172 - utils_portfolio - INFO - Evaluating symbol if to open, close, or no change
2024-05-06 11:18:44,200 - utils_strategy - INFO - GM - downloading data from alpaca - stock client
2024-05-06 11:18:45,411 - utils_portfolio - INFO - Checking if we have correct date
2024-05-06 11:18:45,411 - utils_portfolio - INFO - GM - running symbols strategy to get entries and exits
2024-05-06 11:18:45,429 - utils_portfolio - INFO - Evaluating symbol if to open, close, or no change
2024-05-06 11:18:45,463 - utils_strategy - INFO - IYR - downloading data from alpaca - stock client
2024-05-06 11:18:46,718 - utils_portfolio - INFO - Checking if we have correct date
2024-05-06 11:18:46,718 - utils_portfolio - INFO - IYR - running symbols strategy to get entries and exits
2024-05-06 11:18:46,734 - utils_portfolio - INFO - Evaluating symbol if to open, close, or no change
2024-05-06 11:18:46,766 - utils_strategy - INFO - DKNG - downloading data from alpaca - stock client
2024-05-06 11:18:47,753 - utils_portfolio - INFO - Checking if we have correct date
2024-05-06 11:18:47,753 - utils_portfolio - INFO - DKNG - running symbols strategy to get entries and exits
2024-05-06 11:18:47,765 - utils_portfolio - INFO - Evaluating symbol if to open, close, or no change
2024-05-06 11:18:47,794 - utils_strategy - INFO - EBAY - downloading data from alpaca - stock client
2024-05-06 11:18:49,097 - utils_portfolio - INFO - Checking if we have correct date
2024-05-06 11:18:49,097 - utils_portfolio - INFO - EBAY - running symbols strategy to get entries and exits
2024-05-06 11:18:49,113 - utils_portfolio - INFO - Evaluating symbol if to open, close, or no change
2024-05-06 11:18:49,161 - utils_strategy - INFO - CRWD - downloading data from alpaca - stock client
2024-05-06 11:18:50,108 - utils_portfolio - INFO - Checking if we have correct date
2024-05-06 11:18:50,108 - utils_portfolio - INFO - CRWD - running symbols strategy to get entries and exits
2024-05-06 11:18:50,121 - utils_portfolio - INFO - Evaluating symbol if to open, close, or no change
2024-05-06 11:18:50,153 - root - INFO - Portfolio p1 symbols actions - {'PLTR': 'no_change', 'BTCUSD': 'open', 'AAL': 'no_change', 'VRT': 'no_change', 'GBTC': 'no_change', 'DELL': 'no_change', 'GM': 'no_change', 'IYR': 'no_change', 'DKNG': 'no_change', 'EBAY': 'close', 'CRWD': 'no_change'}
2024-05-06 11:18:50,153 - utils_portfolio - INFO - Submitting orders to close existing positions
2024-05-06 11:18:50,670 - utils_portfolio - WARNING - EBAY - trying to close non-existing position
2024-05-06 11:18:50,674 - utils_portfolio - INFO - Portfolio p1 - calculating position sizes
2024-05-06 11:18:50,718 - root - INFO - Portfolio p1 position sizes - symbol
PLTR      455.9
BTCUSD    455.9
AAL       455.9
VRT       455.9
GBTC      455.9
DELL      455.9
GM        455.9
IYR       455.9
DKNG      455.9
EBAY      455.9
CRWD      455.9
Name: position, dtype: float64
2024-05-06 11:18:50,718 - utils_portfolio - INFO - Submitting orders to open positions
