2024-05-15 11:34:15,957 - root - INFO - Logger is setup
2024-05-15 11:34:16,006 - utils_portfolio - INFO - Updating info of portfolio - p1
2024-05-15 11:34:16,075 - utils_portfolio - INFO - Updating state of portfolio - p1
2024-05-15 11:34:16,076 - utils_portfolio - INFO - Calculating closed trades stats
2024-05-15 11:34:18,377 - utils_portfolio - INFO - Calculating open trades stats
2024-05-15 11:34:20,751 - utils_portfolio - INFO - Calculating symbols weights
2024-05-15 11:34:20,752 - root - INFO - Portfolio p1 symbols weights - {'PLTR': 0.09090909090909091, 'BTC/USD': 0.09090909090909091, 'AAL': 0.09090909090909091, 'VRT': 0.09090909090909091, 'GBTC': 0.09090909090909091, 'DELL': 0.09090909090909091, 'GM': 0.09090909090909091, 'IYR': 0.09090909090909091, 'DKNG': 0.09090909090909091, 'EBAY': 0.09090909090909091, 'CRWD': 0.09090909090909091}
2024-05-15 11:34:20,752 - utils_strategy - INFO - PLTR - downloading data from alpaca - stock client
2024-05-15 11:34:21,463 - utils_portfolio - INFO - Checking if we have correct date
2024-05-15 11:34:21,463 - utils_portfolio - INFO - PLTR - running symbols strategy to get entries and exits
2024-05-15 11:34:21,477 - utils_portfolio - INFO - Evaluating symbol if to open, close, or no change
2024-05-15 11:34:26,404 - utils_strategy - INFO - BTC/USD - downloading data from alpaca - stock client
2024-05-15 11:34:26,965 - utils_strategy - INFO - BTC/USD - downloading data from alpaca - crypto client
2024-05-15 11:34:28,253 - utils_portfolio - INFO - Checking if we have correct date
2024-05-15 11:34:28,253 - utils_portfolio - INFO - BTC/USD - running symbols strategy to get entries and exits
2024-05-15 11:34:28,267 - utils_portfolio - INFO - Evaluating symbol if to open, close, or no change
2024-05-15 11:34:28,297 - utils_strategy - INFO - AAL - downloading data from alpaca - stock client
2024-05-15 11:34:29,506 - utils_portfolio - INFO - Checking if we have correct date
2024-05-15 11:34:29,507 - utils_portfolio - INFO - AAL - running symbols strategy to get entries and exits
2024-05-15 11:34:29,523 - utils_portfolio - INFO - Evaluating symbol if to open, close, or no change
2024-05-15 11:34:29,560 - utils_strategy - INFO - VRT - downloading data from alpaca - stock client
2024-05-15 11:34:30,406 - utils_portfolio - INFO - Checking if we have correct date
2024-05-15 11:34:30,406 - utils_portfolio - INFO - VRT - running symbols strategy to get entries and exits
2024-05-15 11:34:30,419 - utils_portfolio - INFO - Evaluating symbol if to open, close, or no change
2024-05-15 11:34:30,450 - utils_strategy - INFO - GBTC - downloading data from alpaca - stock client
2024-05-15 11:34:30,875 - utils_portfolio - INFO - Checking if we have correct date
2024-05-15 11:34:30,875 - utils_portfolio - INFO - GBTC - running symbols strategy to get entries and exits
2024-05-15 11:34:30,883 - utils_portfolio - INFO - Evaluating symbol if to open, close, or no change
2024-05-15 11:34:30,908 - utils_strategy - INFO - DELL - downloading data from alpaca - stock client
2024-05-15 11:34:31,840 - utils_portfolio - INFO - Checking if we have correct date
2024-05-15 11:34:31,840 - utils_portfolio - INFO - DELL - running symbols strategy to get entries and exits
2024-05-15 11:34:31,858 - utils_portfolio - INFO - Evaluating symbol if to open, close, or no change
2024-05-15 11:34:31,892 - utils_strategy - INFO - GM - downloading data from alpaca - stock client
2024-05-15 11:34:33,080 - utils_portfolio - INFO - Checking if we have correct date
2024-05-15 11:34:33,081 - utils_portfolio - INFO - GM - running symbols strategy to get entries and exits
2024-05-15 11:34:33,101 - utils_portfolio - INFO - Evaluating symbol if to open, close, or no change
2024-05-15 11:34:33,136 - utils_strategy - INFO - IYR - downloading data from alpaca - stock client
2024-05-15 11:34:34,515 - utils_portfolio - INFO - Checking if we have correct date
2024-05-15 11:34:34,516 - utils_portfolio - INFO - IYR - running symbols strategy to get entries and exits
2024-05-15 11:34:34,532 - utils_portfolio - INFO - Evaluating symbol if to open, close, or no change
2024-05-15 11:34:34,569 - utils_strategy - INFO - DKNG - downloading data from alpaca - stock client
2024-05-15 11:34:35,318 - utils_portfolio - INFO - Checking if we have correct date
2024-05-15 11:34:35,318 - utils_portfolio - INFO - DKNG - running symbols strategy to get entries and exits
2024-05-15 11:34:35,330 - utils_portfolio - INFO - Evaluating symbol if to open, close, or no change
2024-05-15 11:34:35,360 - utils_strategy - INFO - EBAY - downloading data from alpaca - stock client
2024-05-15 11:34:36,666 - utils_portfolio - INFO - Checking if we have correct date
2024-05-15 11:34:36,666 - utils_portfolio - INFO - EBAY - running symbols strategy to get entries and exits
2024-05-15 11:34:36,683 - utils_portfolio - INFO - Evaluating symbol if to open, close, or no change
2024-05-15 11:34:36,728 - utils_strategy - INFO - CRWD - downloading data from alpaca - stock client
2024-05-15 11:34:37,569 - utils_portfolio - INFO - Checking if we have correct date
2024-05-15 11:34:37,569 - utils_portfolio - INFO - CRWD - running symbols strategy to get entries and exits
2024-05-15 11:34:37,586 - utils_portfolio - INFO - Evaluating symbol if to open, close, or no change
2024-05-15 11:34:37,614 - root - INFO - Portfolio p1 symbols actions - {'PLTR': 'open', 'BTCUSD': 'no_change', 'AAL': 'no_change', 'VRT': 'open', 'GBTC': 'no_change', 'DELL': 'no_change', 'GM': 'no_change', 'IYR': 'no_change', 'DKNG': 'no_change', 'EBAY': 'no_change', 'CRWD': 'no_change'}
2024-05-15 11:34:37,614 - utils_portfolio - INFO - Submitting orders to close existing positions
2024-05-15 11:34:37,614 - utils_portfolio - INFO - Portfolio p1 - calculating position sizes
2024-05-15 11:34:37,641 - root - INFO - Portfolio p1 position sizes - symbol
PLTR      449.41
BTCUSD    449.41
AAL       449.41
VRT       449.41
GBTC      449.41
DELL      451.05
GM        449.41
IYR       451.05
DKNG      449.41
EBAY      451.05
CRWD      451.05
Name: position, dtype: float64
2024-05-15 11:34:37,641 - utils_portfolio - INFO - Submitting orders to open positions
2024-05-15 11:34:38,341 - root - INFO - XXXXXXXXXXXXXXXXXXXX --- DONE --- XXXXXXXXXXXXXXXXXXXX
2024-05-15 11:34:38,342 - utils_portfolio - INFO - Updating info of portfolio - p2
2024-05-15 11:34:38,409 - utils_portfolio - INFO - Updating state of portfolio - p2
2024-05-15 11:34:38,409 - utils_portfolio - INFO - Calculating closed trades stats
2024-05-15 11:34:40,414 - utils_portfolio - INFO - Calculating open trades stats
2024-05-15 11:34:42,596 - utils_portfolio - INFO - Calculating symbols weights
2024-05-15 11:34:42,596 - utils_portfolio - INFO - Calculating closed trades count
2024-05-15 11:34:44,818 - root - INFO - Portfolio p2 symbols weights - {'AAPL': 0.1111111111111111, 'GOOGL': 0.1111111111111111, 'META': 0.1111111111111111, 'MRVL': 0.1111111111111111, 'MSTR': 0.1111111111111111, 'SCHD': 0.1111111111111111, 'BITO': 0.1111111111111111, 'AVGO': 0.1111111111111111, 'SOUN': 0.1111111111111111}
2024-05-15 11:34:44,819 - utils_strategy - INFO - AAPL - downloading data from yfinance
2024-05-15 11:34:45,367 - utils_portfolio - INFO - Checking if we have correct date
2024-05-15 11:34:45,367 - utils_portfolio - INFO - AAPL - running symbols strategy to get entries and exits
2024-05-15 11:34:45,376 - utils_portfolio - INFO - Evaluating symbol if to open, close, or no change
2024-05-15 11:34:45,414 - utils_strategy - INFO - GOOGL - downloading data from yfinance
2024-05-15 11:34:45,615 - utils_portfolio - INFO - Checking if we have correct date
2024-05-15 11:34:45,615 - utils_portfolio - INFO - GOOGL - running symbols strategy to get entries and exits
2024-05-15 11:34:45,622 - utils_portfolio - INFO - Evaluating symbol if to open, close, or no change
2024-05-15 11:34:45,657 - utils_strategy - INFO - META - downloading data from yfinance
2024-05-15 11:34:45,865 - utils_portfolio - INFO - Checking if we have correct date
2024-05-15 11:34:45,866 - utils_portfolio - INFO - META - running symbols strategy to get entries and exits
2024-05-15 11:34:45,873 - utils_portfolio - INFO - Evaluating symbol if to open, close, or no change
2024-05-15 11:34:45,905 - utils_strategy - INFO - MRVL - downloading data from yfinance
2024-05-15 11:34:46,222 - utils_portfolio - INFO - Checking if we have correct date
2024-05-15 11:34:46,222 - utils_portfolio - INFO - MRVL - running symbols strategy to get entries and exits
2024-05-15 11:34:46,230 - utils_portfolio - INFO - Evaluating symbol if to open, close, or no change
2024-05-15 11:34:46,467 - utils_strategy - INFO - MSTR - downloading data from yfinance
2024-05-15 11:34:46,710 - utils_portfolio - INFO - Checking if we have correct date
2024-05-15 11:34:46,710 - utils_portfolio - INFO - MSTR - running symbols strategy to get entries and exits
2024-05-15 11:34:46,718 - utils_portfolio - INFO - Evaluating symbol if to open, close, or no change
2024-05-15 11:34:46,752 - utils_strategy - INFO - SCHD - downloading data from yfinance
2024-05-15 11:34:46,960 - utils_portfolio - INFO - Checking if we have correct date
2024-05-15 11:34:46,960 - utils_portfolio - INFO - SCHD - running symbols strategy to get entries and exits
2024-05-15 11:34:46,968 - utils_portfolio - INFO - Evaluating symbol if to open, close, or no change
2024-05-15 11:34:47,002 - utils_strategy - INFO - BITO - downloading data from yfinance
2024-05-15 11:34:47,113 - utils_portfolio - INFO - Checking if we have correct date
2024-05-15 11:34:47,114 - utils_portfolio - INFO - BITO - running symbols strategy to get entries and exits
2024-05-15 11:34:47,122 - utils_portfolio - INFO - Evaluating symbol if to open, close, or no change
2024-05-15 11:34:47,146 - utils_strategy - INFO - AVGO - downloading data from yfinance
2024-05-15 11:34:47,329 - utils_portfolio - INFO - Checking if we have correct date
2024-05-15 11:34:47,329 - utils_portfolio - INFO - AVGO - running symbols strategy to get entries and exits
2024-05-15 11:34:47,337 - utils_portfolio - INFO - Evaluating symbol if to open, close, or no change
2024-05-15 11:34:47,368 - utils_strategy - INFO - SOUN - downloading data from yfinance
2024-05-15 11:34:47,497 - utils_portfolio - INFO - Checking if we have correct date
2024-05-15 11:34:47,497 - utils_portfolio - INFO - SOUN - running symbols strategy to get entries and exits
2024-05-15 11:34:47,510 - utils_portfolio - INFO - Evaluating symbol if to open, close, or no change
2024-05-15 11:34:47,547 - root - INFO - Portfolio p2 symbols actions - {'AAPL': 'no_change', 'GOOGL': 'no_change', 'META': 'no_change', 'MRVL': 'no_change', 'MSTR': 'no_change', 'SCHD': 'no_change', 'BITO': 'no_change', 'AVGO': 'no_change', 'SOUN': 'open'}
2024-05-15 11:34:47,547 - utils_portfolio - INFO - Submitting orders to close existing positions
2024-05-15 11:34:47,547 - utils_portfolio - INFO - Portfolio p2 - calculating position sizes
2024-05-15 11:34:47,565 - root - INFO - Portfolio p2 position sizes - symbol
AAPL     582.0
GOOGL    582.0
META     582.0
MRVL     582.0
MSTR     582.0
SCHD     582.0
BITO     582.0
AVGO     582.0
SOUN     582.0
Name: position, dtype: float64
2024-05-15 11:34:47,565 - utils_portfolio - INFO - Submitting orders to open positions
2024-05-15 11:34:48,176 - root - INFO - XXXXXXXXXXXXXXXXXXXX --- DONE --- XXXXXXXXXXXXXXXXXXXX
2024-05-15 11:34:48,176 - utils_portfolio - INFO - Updating info of portfolio - p3
2024-05-15 11:34:48,251 - utils_portfolio - INFO - Updating state of portfolio - p3
2024-05-15 11:34:48,252 - utils_portfolio - INFO - Calculating closed trades stats
2024-05-15 11:34:50,434 - utils_portfolio - INFO - Calculating open trades stats
2024-05-15 11:34:52,918 - utils_portfolio - INFO - Calculating symbols weights
2024-05-15 11:34:52,918 - root - INFO - Portfolio p3 symbols weights - {'TSLA': 0.1, 'NVDA': 0.1, 'AMD': 0.1, 'QQQ': 0.1, 'AMZN': 0.1, 'TQQQ': 0.1, 'VOO': 0.1, 'BABA': 0.1, 'BA': 0.1, 'XLI': 0.1}
2024-05-15 11:34:52,919 - utils_strategy - INFO - TSLA - downloading data from yfinance
2024-05-15 11:34:53,146 - utils_portfolio - INFO - Checking if we have correct date
2024-05-15 11:34:53,146 - utils_portfolio - INFO - TSLA - running symbols strategy to get entries and exits
2024-05-15 11:34:53,153 - utils_portfolio - INFO - Evaluating symbol if to open, close, or no change
2024-05-15 11:34:53,184 - utils_strategy - INFO - NVDA - downloading data from yfinance
2024-05-15 11:34:53,494 - utils_portfolio - INFO - Checking if we have correct date
2024-05-15 11:34:53,494 - utils_portfolio - INFO - NVDA - running symbols strategy to get entries and exits
2024-05-15 11:34:53,501 - utils_portfolio - INFO - Evaluating symbol if to open, close, or no change
2024-05-15 11:34:53,541 - utils_strategy - INFO - AMD - downloading data from yfinance
2024-05-15 11:34:53,748 - utils_portfolio - INFO - Checking if we have correct date
2024-05-15 11:34:53,748 - utils_portfolio - INFO - AMD - running symbols strategy to get entries and exits
2024-05-15 11:34:53,755 - utils_portfolio - INFO - Evaluating symbol if to open, close, or no change
2024-05-15 11:34:53,794 - utils_strategy - INFO - QQQ - downloading data from yfinance
2024-05-15 11:34:54,028 - utils_portfolio - INFO - Checking if we have correct date
2024-05-15 11:34:54,028 - utils_portfolio - INFO - QQQ - running symbols strategy to get entries and exits
2024-05-15 11:34:54,036 - utils_portfolio - INFO - Evaluating symbol if to open, close, or no change
2024-05-15 11:34:54,073 - utils_strategy - INFO - AMZN - downloading data from yfinance
2024-05-15 11:34:54,303 - utils_portfolio - INFO - Checking if we have correct date
2024-05-15 11:34:54,303 - utils_portfolio - INFO - AMZN - running symbols strategy to get entries and exits
2024-05-15 11:34:54,310 - utils_portfolio - INFO - Evaluating symbol if to open, close, or no change
2024-05-15 11:34:54,346 - utils_strategy - INFO - TQQQ - downloading data from yfinance
2024-05-15 11:34:54,602 - utils_portfolio - INFO - Checking if we have correct date
2024-05-15 11:34:54,602 - utils_portfolio - INFO - TQQQ - running symbols strategy to get entries and exits
2024-05-15 11:34:54,608 - utils_portfolio - INFO - Evaluating symbol if to open, close, or no change
2024-05-15 11:34:54,643 - utils_strategy - INFO - VOO - downloading data from yfinance
2024-05-15 11:34:54,823 - utils_portfolio - INFO - Checking if we have correct date
2024-05-15 11:34:54,823 - utils_portfolio - INFO - VOO - running symbols strategy to get entries and exits
2024-05-15 11:34:54,831 - utils_portfolio - INFO - Evaluating symbol if to open, close, or no change
2024-05-15 11:34:54,861 - utils_strategy - INFO - BABA - downloading data from yfinance
2024-05-15 11:34:55,153 - utils_portfolio - INFO - Checking if we have correct date
2024-05-15 11:34:55,153 - utils_portfolio - INFO - BABA - running symbols strategy to get entries and exits
2024-05-15 11:34:55,163 - utils_portfolio - INFO - Evaluating symbol if to open, close, or no change
2024-05-15 11:34:55,197 - utils_strategy - INFO - BA - downloading data from yfinance
2024-05-15 11:34:55,533 - utils_portfolio - INFO - Checking if we have correct date
2024-05-15 11:34:55,534 - utils_portfolio - INFO - BA - running symbols strategy to get entries and exits
2024-05-15 11:34:55,540 - utils_portfolio - INFO - Evaluating symbol if to open, close, or no change
2024-05-15 11:34:55,579 - utils_strategy - INFO - XLI - downloading data from yfinance
2024-05-15 11:34:55,895 - utils_portfolio - INFO - Checking if we have correct date
2024-05-15 11:34:55,895 - utils_portfolio - INFO - XLI - running symbols strategy to get entries and exits
2024-05-15 11:34:55,902 - utils_portfolio - INFO - Evaluating symbol if to open, close, or no change
2024-05-15 11:34:55,942 - root - INFO - Portfolio p3 symbols actions - {'TSLA': 'no_change', 'NVDA': 'no_change', 'AMD': 'no_change', 'QQQ': 'no_change', 'AMZN': 'no_change', 'TQQQ': 'no_change', 'VOO': 'no_change', 'BABA': 'open', 'BA': 'no_change', 'XLI': 'no_change'}
2024-05-15 11:34:55,942 - utils_portfolio - INFO - Submitting orders to close existing positions
2024-05-15 11:34:55,942 - utils_portfolio - INFO - Portfolio p3 - calculating position sizes
2024-05-15 11:34:55,971 - root - INFO - Portfolio p3 position sizes - symbol
TSLA    503.69
NVDA    503.69
AMD     503.69
QQQ     503.69
AMZN    503.69
TQQQ    503.69
VOO     503.69
BABA    503.69
BA      503.69
XLI     503.69
Name: position, dtype: float64
2024-05-15 11:34:55,971 - utils_portfolio - INFO - Submitting orders to open positions
2024-05-15 11:34:56,575 - root - INFO - XXXXXXXXXXXXXXXXXXXX --- DONE --- XXXXXXXXXXXXXXXXXXXX
2024-05-15 11:34:56,575 - utils_portfolio - INFO - Updating info of portfolio - p4
2024-05-15 11:34:56,721 - utils_portfolio - INFO - Updating state of portfolio - p4
2024-05-15 11:34:56,721 - utils_portfolio - INFO - Calculating closed trades stats
2024-05-15 11:35:01,193 - utils_portfolio - INFO - Calculating open trades stats
2024-05-15 11:35:05,723 - utils_portfolio - INFO - Calculating symbols weights
2024-05-15 11:35:05,723 - root - INFO - Portfolio p4 symbols weights - {'RIOT': 0.05, 'NEE': 0.05, 'SLV': 0.05, 'SHOP': 0.05, 'FAST': 0.05, 'SPXL': 0.05, 'VALE': 0.05, 'SNAP': 0.05, 'WDC': 0.05, 'MO': 0.05, 'PM': 0.05, 'SQ': 0.05, 'PDD': 0.05, 'ABBV': 0.05, 'ON': 0.05, 'UPRO': 0.05, 'TSLL': 0.05, 'PBR': 0.05, 'MP': 0.05, 'U': 0.05}
2024-05-15 11:35:05,723 - utils_strategy - INFO - RIOT - downloading data from yfinance
2024-05-15 11:35:05,938 - utils_portfolio - INFO - Checking if we have correct date
2024-05-15 11:35:05,938 - utils_portfolio - INFO - RIOT - running symbols strategy to get entries and exits
2024-05-15 11:35:05,946 - utils_portfolio - INFO - Evaluating symbol if to open, close, or no change
2024-05-15 11:35:05,975 - utils_strategy - INFO - NEE - downloading data from yfinance
2024-05-15 11:35:06,304 - utils_portfolio - INFO - Checking if we have correct date
2024-05-15 11:35:06,304 - utils_portfolio - INFO - NEE - running symbols strategy to get entries and exits
2024-05-15 11:35:06,312 - utils_portfolio - INFO - Evaluating symbol if to open, close, or no change
2024-05-15 11:35:06,351 - utils_strategy - INFO - SLV - downloading data from yfinance
2024-05-15 11:35:06,550 - utils_portfolio - INFO - Checking if we have correct date
2024-05-15 11:35:06,550 - utils_portfolio - INFO - SLV - running symbols strategy to get entries and exits
2024-05-15 11:35:06,558 - utils_portfolio - INFO - Evaluating symbol if to open, close, or no change
2024-05-15 11:35:06,591 - utils_strategy - INFO - SHOP - downloading data from yfinance
2024-05-15 11:35:06,732 - utils_portfolio - INFO - Checking if we have correct date
2024-05-15 11:35:06,733 - utils_portfolio - INFO - SHOP - running symbols strategy to get entries and exits
2024-05-15 11:35:06,740 - utils_portfolio - INFO - Evaluating symbol if to open, close, or no change
2024-05-15 11:35:06,769 - utils_strategy - INFO - FAST - downloading data from yfinance
2024-05-15 11:35:07,098 - utils_portfolio - INFO - Checking if we have correct date
2024-05-15 11:35:07,098 - utils_portfolio - INFO - FAST - running symbols strategy to get entries and exits
2024-05-15 11:35:07,105 - utils_portfolio - INFO - Evaluating symbol if to open, close, or no change
2024-05-15 11:35:07,143 - utils_strategy - INFO - SPXL - downloading data from yfinance
2024-05-15 11:35:07,339 - utils_portfolio - INFO - Checking if we have correct date
2024-05-15 11:35:07,340 - utils_portfolio - INFO - SPXL - running symbols strategy to get entries and exits
2024-05-15 11:35:07,347 - utils_portfolio - INFO - Evaluating symbol if to open, close, or no change
2024-05-15 11:35:07,378 - utils_strategy - INFO - VALE - downloading data from yfinance
2024-05-15 11:35:07,608 - utils_portfolio - INFO - Checking if we have correct date
2024-05-15 11:35:07,608 - utils_portfolio - INFO - VALE - running symbols strategy to get entries and exits
2024-05-15 11:35:07,615 - utils_portfolio - INFO - Evaluating symbol if to open, close, or no change
2024-05-15 11:35:07,650 - utils_strategy - INFO - SNAP - downloading data from yfinance
2024-05-15 11:35:07,769 - utils_portfolio - INFO - Checking if we have correct date
2024-05-15 11:35:07,769 - utils_portfolio - INFO - SNAP - running symbols strategy to get entries and exits
2024-05-15 11:35:07,778 - utils_portfolio - INFO - Evaluating symbol if to open, close, or no change
2024-05-15 11:35:07,807 - utils_strategy - INFO - WDC - downloading data from yfinance
2024-05-15 11:35:08,060 - utils_portfolio - INFO - Checking if we have correct date
2024-05-15 11:35:08,060 - utils_portfolio - INFO - WDC - running symbols strategy to get entries and exits
2024-05-15 11:35:08,068 - utils_portfolio - INFO - Evaluating symbol if to open, close, or no change
2024-05-15 11:35:08,103 - utils_strategy - INFO - MO - downloading data from yfinance
2024-05-15 11:35:08,433 - utils_portfolio - INFO - Checking if we have correct date
2024-05-15 11:35:08,433 - utils_portfolio - INFO - MO - running symbols strategy to get entries and exits
2024-05-15 11:35:08,441 - utils_portfolio - INFO - Evaluating symbol if to open, close, or no change
2024-05-15 11:35:08,632 - utils_strategy - INFO - PM - downloading data from yfinance
2024-05-15 11:35:08,861 - utils_portfolio - INFO - Checking if we have correct date
2024-05-15 11:35:08,861 - utils_portfolio - INFO - PM - running symbols strategy to get entries and exits
2024-05-15 11:35:08,869 - utils_portfolio - INFO - Evaluating symbol if to open, close, or no change
2024-05-15 11:35:08,898 - utils_strategy - INFO - SQ - downloading data from yfinance
2024-05-15 11:35:09,031 - utils_portfolio - INFO - Checking if we have correct date
2024-05-15 11:35:09,031 - utils_portfolio - INFO - SQ - running symbols strategy to get entries and exits
2024-05-15 11:35:09,039 - utils_portfolio - INFO - Evaluating symbol if to open, close, or no change
2024-05-15 11:35:09,065 - utils_strategy - INFO - PDD - downloading data from yfinance
2024-05-15 11:35:09,211 - utils_portfolio - INFO - Checking if we have correct date
2024-05-15 11:35:09,212 - utils_portfolio - INFO - PDD - running symbols strategy to get entries and exits
2024-05-15 11:35:09,221 - utils_portfolio - INFO - Evaluating symbol if to open, close, or no change
2024-05-15 11:35:09,251 - utils_strategy - INFO - ABBV - downloading data from yfinance
2024-05-15 11:35:09,429 - utils_portfolio - INFO - Checking if we have correct date
2024-05-15 11:35:09,429 - utils_portfolio - INFO - ABBV - running symbols strategy to get entries and exits
2024-05-15 11:35:09,436 - utils_portfolio - INFO - Evaluating symbol if to open, close, or no change
2024-05-15 11:35:09,466 - utils_strategy - INFO - ON - downloading data from yfinance
2024-05-15 11:35:09,640 - utils_portfolio - INFO - Checking if we have correct date
2024-05-15 11:35:09,640 - utils_portfolio - INFO - ON - running symbols strategy to get entries and exits
2024-05-15 11:35:09,648 - utils_portfolio - INFO - Evaluating symbol if to open, close, or no change
2024-05-15 11:35:09,684 - utils_strategy - INFO - UPRO - downloading data from yfinance
2024-05-15 11:35:09,863 - utils_portfolio - INFO - Checking if we have correct date
2024-05-15 11:35:09,863 - utils_portfolio - INFO - UPRO - running symbols strategy to get entries and exits
2024-05-15 11:35:09,870 - utils_portfolio - INFO - Evaluating symbol if to open, close, or no change
2024-05-15 11:35:09,901 - utils_strategy - INFO - TSLL - downloading data from yfinance
2024-05-15 11:35:10,007 - utils_portfolio - INFO - Checking if we have correct date
2024-05-15 11:35:10,007 - utils_portfolio - INFO - TSLL - running symbols strategy to get entries and exits
2024-05-15 11:35:10,015 - utils_portfolio - INFO - Evaluating symbol if to open, close, or no change
2024-05-15 11:35:10,041 - utils_strategy - INFO - PBR - downloading data from yfinance
2024-05-15 11:35:10,284 - utils_portfolio - INFO - Checking if we have correct date
2024-05-15 11:35:10,284 - utils_portfolio - INFO - PBR - running symbols strategy to get entries and exits
2024-05-15 11:35:10,292 - utils_portfolio - INFO - Evaluating symbol if to open, close, or no change
2024-05-15 11:35:10,330 - utils_strategy - INFO - MP - downloading data from yfinance
2024-05-15 11:35:10,426 - utils_portfolio - INFO - Checking if we have correct date
2024-05-15 11:35:10,427 - utils_portfolio - INFO - MP - running symbols strategy to get entries and exits
2024-05-15 11:35:10,438 - utils_portfolio - INFO - Evaluating symbol if to open, close, or no change
2024-05-15 11:35:10,462 - utils_strategy - INFO - U - downloading data from yfinance
2024-05-15 11:35:10,642 - utils_portfolio - INFO - Checking if we have correct date
2024-05-15 11:35:10,642 - utils_portfolio - INFO - U - running symbols strategy to get entries and exits
2024-05-15 11:35:10,653 - utils_portfolio - INFO - Evaluating symbol if to open, close, or no change
2024-05-15 11:35:10,679 - root - INFO - Portfolio p4 symbols actions - {'RIOT': 'no_change', 'NEE': 'no_change', 'SLV': 'no_change', 'SHOP': 'no_change', 'FAST': 'no_change', 'SPXL': 'no_change', 'VALE': 'no_change', 'SNAP': 'no_change', 'WDC': 'no_change', 'MO': 'no_change', 'PM': 'no_change', 'SQ': 'no_change', 'PDD': 'no_change', 'ABBV': 'no_change', 'ON': 'no_change', 'UPRO': 'no_change', 'TSLL': 'no_change', 'PBR': 'close', 'MP': 'no_change', 'U': 'no_change'}
2024-05-15 11:35:10,679 - utils_portfolio - INFO - Submitting orders to close existing positions
2024-05-15 11:35:11,217 - utils_portfolio - WARNING - PBR - trying to close non-existing position
2024-05-15 11:35:11,218 - utils_portfolio - INFO - Portfolio p4 - calculating position sizes
2024-05-15 11:35:11,267 - root - INFO - Portfolio p4 position sizes - symbol
RIOT    245.95
NEE     245.95
SLV     246.17
SHOP    245.95
FAST    245.95
SPXL    246.17
VALE    245.95
SNAP    245.95
WDC     245.95
MO      245.95
PM      245.95
SQ      245.95
PDD     245.95
ABBV    245.95
ON      245.95
UPRO    246.17
TSLL    245.95
PBR     245.95
MP      246.17
U       245.95
Name: position, dtype: float64
2024-05-15 11:35:11,268 - utils_portfolio - INFO - Submitting orders to open positions
2024-05-15 11:35:11,269 - root - INFO - XXXXXXXXXXXXXXXXXXXX --- DONE --- XXXXXXXXXXXXXXXXXXXX
