2024-07-24 10:56:41,187 - root - INFO - Logger is setup
2024-07-24 10:56:41,233 - utils_portfolio - INFO - Updating whole portfolio state
2024-07-24 10:56:42,338 - utils_portfolio - INFO - Calculating open trades stats
2024-07-24 10:56:42,338 - utils_portfolio - INFO - Processing symbol - PLTR
2024-07-24 10:56:43,105 - utils_portfolio - INFO - Processing symbol - BTC/USD
2024-07-24 10:56:43,475 - utils_portfolio - INFO - Processing symbol - AAL
2024-07-24 10:56:43,669 - utils_portfolio - INFO - Processing symbol - VRT
2024-07-24 10:56:43,873 - utils_portfolio - INFO - Processing symbol - GBTC
2024-07-24 10:56:43,986 - utils_portfolio - INFO - Processing symbol - DELL
2024-07-24 10:56:44,181 - utils_portfolio - INFO - Processing symbol - GM
2024-07-24 10:56:44,602 - utils_portfolio - INFO - Processing symbol - IYR
2024-07-24 10:56:45,011 - utils_portfolio - INFO - Processing symbol - DKNG
2024-07-24 10:56:45,203 - utils_portfolio - INFO - Processing symbol - EBAY
2024-07-24 10:56:45,619 - utils_portfolio - INFO - Processing symbol - CRWD
2024-07-24 10:56:45,819 - utils_portfolio - INFO - Processing symbol - AAPL
2024-07-24 10:56:46,018 - utils_portfolio - INFO - Processing symbol - GOOGL
2024-07-24 10:56:46,131 - utils_portfolio - INFO - Processing symbol - META
2024-07-24 10:56:46,331 - utils_portfolio - INFO - Processing symbol - MRVL
2024-07-24 10:56:46,535 - utils_portfolio - INFO - Processing symbol - MSTR
2024-07-24 10:56:46,740 - utils_portfolio - INFO - Processing symbol - SCHD
2024-07-24 10:56:47,155 - utils_portfolio - INFO - Processing symbol - BITO
2024-07-24 10:56:47,355 - utils_portfolio - INFO - Processing symbol - AVGO
2024-07-24 10:56:47,771 - utils_portfolio - INFO - Processing symbol - SOUN
2024-07-24 10:56:47,969 - utils_portfolio - INFO - Processing symbol - TSLA
2024-07-24 10:56:48,174 - utils_portfolio - INFO - Processing symbol - NVDA
2024-07-24 10:56:48,381 - utils_portfolio - INFO - Processing symbol - AMD
2024-07-24 10:56:48,584 - utils_portfolio - INFO - Processing symbol - QQQ
2024-07-24 10:56:48,789 - utils_portfolio - INFO - Processing symbol - AMZN
2024-07-24 10:56:48,994 - utils_portfolio - INFO - Processing symbol - TQQQ
2024-07-24 10:56:49,197 - utils_portfolio - INFO - Processing symbol - VOO
2024-07-24 10:56:49,401 - utils_portfolio - INFO - Processing symbol - BABA
2024-07-24 10:56:49,512 - utils_portfolio - INFO - Processing symbol - BA
2024-07-24 10:56:49,823 - utils_portfolio - INFO - Processing symbol - XLI
2024-07-24 10:56:50,017 - utils_portfolio - INFO - Processing symbol - RIOT
2024-07-24 10:56:50,131 - utils_portfolio - INFO - Processing symbol - NEE
2024-07-24 10:56:50,536 - utils_portfolio - INFO - Processing symbol - SLV
2024-07-24 10:56:50,734 - utils_portfolio - INFO - Processing symbol - SHOP
2024-07-24 10:56:50,939 - utils_portfolio - INFO - Processing symbol - FAST
2024-07-24 10:56:51,270 - utils_portfolio - INFO - Processing symbol - SPXL
2024-07-24 10:56:51,383 - utils_portfolio - INFO - Processing symbol - VALE
2024-07-24 10:56:51,553 - utils_portfolio - INFO - Processing symbol - SNAP
2024-07-24 10:56:51,757 - utils_portfolio - INFO - Processing symbol - WDC
2024-07-24 10:56:51,963 - utils_portfolio - INFO - Processing symbol - MO
2024-07-24 10:56:52,204 - utils_portfolio - INFO - Processing symbol - PM
2024-07-24 10:56:52,582 - utils_portfolio - INFO - Processing symbol - SQ
2024-07-24 10:56:52,782 - utils_portfolio - INFO - Processing symbol - PDD
2024-07-24 10:56:52,987 - utils_portfolio - INFO - Processing symbol - ABBV
2024-07-24 10:56:53,321 - utils_portfolio - INFO - Processing symbol - ON
2024-07-24 10:56:53,434 - utils_portfolio - INFO - Processing symbol - UPRO
2024-07-24 10:56:53,601 - utils_portfolio - INFO - Processing symbol - TSLL
2024-07-24 10:56:53,807 - utils_portfolio - INFO - Processing symbol - PBR
2024-07-24 10:56:54,004 - utils_portfolio - INFO - Processing symbol - MP
2024-07-24 10:56:54,114 - utils_portfolio - INFO - Processing symbol - U
2024-07-24 10:56:54,252 - utils_portfolio - INFO - Calculating closed trades stats
2024-07-24 10:57:04,359 - utils_portfolio - INFO - Updating info of portfolio - p1
2024-07-24 10:57:04,436 - utils_portfolio - INFO - Calculating symbols weights
2024-07-24 10:57:04,436 - root - INFO - Portfolio p1 symbols weights - {'PLTR': 0.09090909090909091, 'BTC/USD': 0.09090909090909091, 'AAL': 0.09090909090909091, 'VRT': 0.09090909090909091, 'GBTC': 0.09090909090909091, 'DELL': 0.09090909090909091, 'GM': 0.09090909090909091, 'IYR': 0.09090909090909091, 'DKNG': 0.09090909090909091, 'EBAY': 0.09090909090909091, 'CRWD': 0.09090909090909091}
2024-07-24 10:57:04,437 - utils_strategy - INFO - PLTR - downloading data from alpaca
2024-07-24 10:57:05,110 - utils_portfolio - INFO - Checking if we have correct date
2024-07-24 10:57:05,111 - utils_portfolio - INFO - PLTR - running symbols strategy to get entries and exits
2024-07-24 10:57:05,128 - utils_portfolio - INFO - Evaluating symbol if to open, close, or no change
2024-07-24 10:57:10,094 - utils_strategy - INFO - BTC/USD - downloading data from alpaca
2024-07-24 10:57:11,165 - utils_portfolio - INFO - Checking if we have correct date
2024-07-24 10:57:11,165 - utils_portfolio - INFO - BTC/USD - running symbols strategy to get entries and exits
2024-07-24 10:57:11,183 - utils_portfolio - INFO - Evaluating symbol if to open, close, or no change
2024-07-24 10:57:11,214 - utils_strategy - INFO - AAL - downloading data from alpaca
2024-07-24 10:57:12,584 - utils_portfolio - INFO - Checking if we have correct date
2024-07-24 10:57:12,584 - utils_portfolio - INFO - AAL - running symbols strategy to get entries and exits
2024-07-24 10:57:12,600 - utils_portfolio - INFO - Evaluating symbol if to open, close, or no change
2024-07-24 10:57:12,633 - utils_strategy - INFO - VRT - downloading data from alpaca
2024-07-24 10:57:13,631 - utils_portfolio - INFO - Checking if we have correct date
2024-07-24 10:57:13,631 - utils_portfolio - INFO - VRT - running symbols strategy to get entries and exits
2024-07-24 10:57:13,646 - utils_portfolio - INFO - Evaluating symbol if to open, close, or no change
2024-07-24 10:57:13,674 - utils_strategy - INFO - GBTC - downloading data from alpaca
2024-07-24 10:57:14,195 - utils_portfolio - INFO - Checking if we have correct date
2024-07-24 10:57:14,195 - utils_portfolio - INFO - GBTC - running symbols strategy to get entries and exits
2024-07-24 10:57:14,205 - utils_portfolio - INFO - Evaluating symbol if to open, close, or no change
2024-07-24 10:57:14,234 - utils_strategy - INFO - DELL - downloading data from alpaca
2024-07-24 10:57:15,063 - utils_portfolio - INFO - Checking if we have correct date
2024-07-24 10:57:15,063 - utils_portfolio - INFO - DELL - running symbols strategy to get entries and exits
2024-07-24 10:57:15,077 - utils_portfolio - INFO - Evaluating symbol if to open, close, or no change
2024-07-24 10:57:15,109 - utils_strategy - INFO - GM - downloading data from alpaca
2024-07-24 10:57:16,506 - utils_portfolio - INFO - Checking if we have correct date
2024-07-24 10:57:16,506 - utils_portfolio - INFO - GM - running symbols strategy to get entries and exits
2024-07-24 10:57:16,523 - utils_portfolio - INFO - Evaluating symbol if to open, close, or no change
2024-07-24 10:57:16,564 - utils_strategy - INFO - IYR - downloading data from alpaca
2024-07-24 10:57:17,733 - utils_portfolio - INFO - Checking if we have correct date
2024-07-24 10:57:17,733 - utils_portfolio - INFO - IYR - running symbols strategy to get entries and exits
2024-07-24 10:57:17,750 - utils_portfolio - INFO - Evaluating symbol if to open, close, or no change
2024-07-24 10:57:17,787 - utils_strategy - INFO - DKNG - downloading data from alpaca
2024-07-24 10:57:18,643 - utils_portfolio - INFO - Checking if we have correct date
2024-07-24 10:57:18,643 - utils_portfolio - INFO - DKNG - running symbols strategy to get entries and exits
2024-07-24 10:57:18,657 - utils_portfolio - INFO - Evaluating symbol if to open, close, or no change
2024-07-24 10:57:18,690 - utils_strategy - INFO - EBAY - downloading data from alpaca
2024-07-24 10:57:19,885 - utils_portfolio - INFO - Checking if we have correct date
2024-07-24 10:57:19,885 - utils_portfolio - INFO - EBAY - running symbols strategy to get entries and exits
2024-07-24 10:57:19,900 - utils_portfolio - INFO - Evaluating symbol if to open, close, or no change
2024-07-24 10:57:19,933 - utils_strategy - INFO - CRWD - downloading data from alpaca
2024-07-24 10:57:20,790 - utils_portfolio - INFO - Checking if we have correct date
2024-07-24 10:57:20,791 - utils_portfolio - INFO - CRWD - running symbols strategy to get entries and exits
2024-07-24 10:57:20,803 - utils_portfolio - INFO - Evaluating symbol if to open, close, or no change
2024-07-24 10:57:20,835 - root - INFO - Portfolio p1 symbols actions - {'PLTR': 'no_change', 'BTCUSD': 'close', 'AAL': 'no_change', 'VRT': 'no_change', 'GBTC': 'close', 'DELL': 'no_change', 'GM': 'close', 'IYR': 'no_change', 'DKNG': 'no_change', 'EBAY': 'no_change', 'CRWD': 'no_change'}
2024-07-24 10:57:20,835 - utils_portfolio - INFO - Submitting orders to close existing positions
2024-07-24 10:57:21,555 - utils_portfolio - WARNING - GBTC - trying to close non-existing position
2024-07-24 10:57:21,765 - utils_portfolio - INFO - Updating state of portfolio - p1
2024-07-24 10:57:21,766 - utils_portfolio - INFO - Calculating closed trades stats
2024-07-24 10:57:24,153 - utils_portfolio - INFO - Calculating open trades stats
2024-07-24 10:57:24,154 - utils_portfolio - INFO - Processing symbol - PLTR
2024-07-24 10:57:24,846 - utils_portfolio - INFO - Processing symbol - BTC/USD
2024-07-24 10:57:24,968 - utils_portfolio - INFO - Processing symbol - AAL
2024-07-24 10:57:25,081 - utils_portfolio - INFO - Processing symbol - VRT
2024-07-24 10:57:25,243 - utils_portfolio - INFO - Processing symbol - GBTC
2024-07-24 10:57:25,389 - utils_portfolio - INFO - Processing symbol - DELL
2024-07-24 10:57:25,550 - utils_portfolio - INFO - Processing symbol - GM
2024-07-24 10:57:25,973 - utils_portfolio - INFO - Processing symbol - IYR
2024-07-24 10:57:26,372 - utils_portfolio - INFO - Processing symbol - DKNG
2024-07-24 10:57:26,575 - utils_portfolio - INFO - Processing symbol - EBAY
2024-07-24 10:57:26,995 - utils_portfolio - INFO - Processing symbol - CRWD
2024-07-24 10:57:27,266 - utils_portfolio - INFO - Portfolio p1 - calculating position sizes
2024-07-24 10:57:27,284 - root - INFO - Portfolio p1 position sizes - symbol
PLTR      455.97
BTCUSD    455.26
AAL       455.26
VRT       455.26
GBTC      455.26
DELL      455.26
GM        455.97
IYR       455.97
DKNG      455.26
EBAY      455.97
CRWD      455.26
Name: position, dtype: float64
2024-07-24 10:57:27,284 - utils_portfolio - INFO - Submitting orders to open positions
2024-07-24 10:57:27,285 - root - INFO - XXXXXXXXXXXXXXXXXXXX --- Portfolio p1 - DONE --- XXXXXXXXXXXXXXXXXXXX
2024-07-24 10:57:27,285 - utils_portfolio - INFO - Updating info of portfolio - p2
2024-07-24 10:57:27,341 - utils_portfolio - INFO - Calculating symbols weights
2024-07-24 10:57:27,342 - utils_portfolio - INFO - Calculating closed trades count
2024-07-24 10:57:29,464 - root - INFO - Portfolio p2 symbols weights - {'AAPL': 0.1111111111111111, 'GOOGL': 0.1111111111111111, 'META': 0.1111111111111111, 'MRVL': 0.1111111111111111, 'MSTR': 0.1111111111111111, 'SCHD': 0.1111111111111111, 'BITO': 0.1111111111111111, 'AVGO': 0.1111111111111111, 'SOUN': 0.1111111111111111}
2024-07-24 10:57:29,466 - utils_strategy - INFO - AAPL - downloading data from yfinance
2024-07-24 10:57:30,130 - utils_portfolio - INFO - Checking if we have correct date
2024-07-24 10:57:30,131 - utils_portfolio - INFO - AAPL - running symbols strategy to get entries and exits
2024-07-24 10:57:30,138 - utils_portfolio - INFO - Evaluating symbol if to open, close, or no change
2024-07-24 10:57:30,368 - utils_strategy - INFO - GOOGL - downloading data from yfinance
2024-07-24 10:57:30,586 - utils_portfolio - INFO - Checking if we have correct date
2024-07-24 10:57:30,586 - utils_portfolio - INFO - GOOGL - running symbols strategy to get entries and exits
2024-07-24 10:57:30,594 - utils_portfolio - INFO - Evaluating symbol if to open, close, or no change
2024-07-24 10:57:30,628 - utils_strategy - INFO - META - downloading data from yfinance
2024-07-24 10:57:30,801 - utils_portfolio - INFO - Checking if we have correct date
2024-07-24 10:57:30,801 - utils_portfolio - INFO - META - running symbols strategy to get entries and exits
2024-07-24 10:57:30,809 - utils_portfolio - INFO - Evaluating symbol if to open, close, or no change
2024-07-24 10:57:30,839 - utils_strategy - INFO - MRVL - downloading data from yfinance
2024-07-24 10:57:31,083 - utils_portfolio - INFO - Checking if we have correct date
2024-07-24 10:57:31,084 - utils_portfolio - INFO - MRVL - running symbols strategy to get entries and exits
2024-07-24 10:57:31,092 - utils_portfolio - INFO - Evaluating symbol if to open, close, or no change
2024-07-24 10:57:31,130 - utils_strategy - INFO - MSTR - downloading data from yfinance
2024-07-24 10:57:31,317 - utils_portfolio - INFO - Checking if we have correct date
2024-07-24 10:57:31,317 - utils_portfolio - INFO - MSTR - running symbols strategy to get entries and exits
2024-07-24 10:57:31,325 - utils_portfolio - INFO - Evaluating symbol if to open, close, or no change
2024-07-24 10:57:31,362 - utils_strategy - INFO - SCHD - downloading data from yfinance
2024-07-24 10:57:31,528 - utils_portfolio - INFO - Checking if we have correct date
2024-07-24 10:57:31,528 - utils_portfolio - INFO - SCHD - running symbols strategy to get entries and exits
2024-07-24 10:57:31,537 - utils_portfolio - INFO - Evaluating symbol if to open, close, or no change
2024-07-24 10:57:31,572 - utils_strategy - INFO - BITO - downloading data from yfinance
2024-07-24 10:57:31,683 - utils_portfolio - INFO - Checking if we have correct date
2024-07-24 10:57:31,683 - utils_portfolio - INFO - BITO - running symbols strategy to get entries and exits
2024-07-24 10:57:31,691 - utils_portfolio - INFO - Evaluating symbol if to open, close, or no change
2024-07-24 10:57:31,716 - utils_strategy - INFO - AVGO - downloading data from yfinance
2024-07-24 10:57:31,879 - utils_portfolio - INFO - Checking if we have correct date
2024-07-24 10:57:31,879 - utils_portfolio - INFO - AVGO - running symbols strategy to get entries and exits
2024-07-24 10:57:31,887 - utils_portfolio - INFO - Evaluating symbol if to open, close, or no change
2024-07-24 10:57:31,920 - utils_strategy - INFO - SOUN - downloading data from yfinance
2024-07-24 10:57:32,043 - utils_portfolio - INFO - Checking if we have correct date
2024-07-24 10:57:32,043 - utils_portfolio - INFO - SOUN - running symbols strategy to get entries and exits
2024-07-24 10:57:32,056 - utils_portfolio - INFO - Evaluating symbol if to open, close, or no change
2024-07-24 10:57:32,081 - root - INFO - Portfolio p2 symbols actions - {'AAPL': 'no_change', 'GOOGL': 'no_change', 'META': 'open', 'MRVL': 'no_change', 'MSTR': 'no_change', 'SCHD': 'no_change', 'BITO': 'close', 'AVGO': 'no_change', 'SOUN': 'no_change'}
2024-07-24 10:57:32,081 - utils_portfolio - INFO - Submitting orders to close existing positions
2024-07-24 10:57:32,616 - utils_portfolio - WARNING - BITO - trying to close non-existing position
2024-07-24 10:57:32,620 - utils_portfolio - INFO - Updating state of portfolio - p2
2024-07-24 10:57:32,621 - utils_portfolio - INFO - Calculating closed trades stats
2024-07-24 10:57:34,702 - utils_portfolio - INFO - Calculating open trades stats
2024-07-24 10:57:34,704 - utils_portfolio - INFO - Processing symbol - AAPL
2024-07-24 10:57:35,091 - utils_portfolio - INFO - Processing symbol - GOOGL
2024-07-24 10:57:35,205 - utils_portfolio - INFO - Processing symbol - META
2024-07-24 10:57:35,381 - utils_portfolio - INFO - Processing symbol - MRVL
2024-07-24 10:57:35,586 - utils_portfolio - INFO - Processing symbol - MSTR
2024-07-24 10:57:35,791 - utils_portfolio - INFO - Processing symbol - SCHD
2024-07-24 10:57:36,212 - utils_portfolio - INFO - Processing symbol - BITO
2024-07-24 10:57:36,404 - utils_portfolio - INFO - Processing symbol - AVGO
2024-07-24 10:57:36,827 - utils_portfolio - INFO - Processing symbol - SOUN
2024-07-24 10:57:37,082 - utils_portfolio - INFO - Portfolio p2 - calculating position sizes
2024-07-24 10:57:37,104 - root - INFO - Portfolio p2 position sizes - symbol
AAPL     561.19
GOOGL    561.19
META     561.19
MRVL     561.19
MSTR     561.19
SCHD     561.19
BITO     561.19
AVGO     561.19
SOUN     561.19
Name: position, dtype: float64
2024-07-24 10:57:37,104 - utils_portfolio - INFO - Submitting orders to open positions
2024-07-24 10:57:37,636 - root - INFO - XXXXXXXXXXXXXXXXXXXX --- Portfolio p2 - DONE --- XXXXXXXXXXXXXXXXXXXX
2024-07-24 10:57:37,637 - utils_portfolio - INFO - Updating info of portfolio - p3
2024-07-24 10:57:37,710 - utils_portfolio - INFO - Calculating symbols weights
2024-07-24 10:57:37,710 - root - INFO - Portfolio p3 symbols weights - {'TSLA': 0.1, 'NVDA': 0.1, 'AMD': 0.1, 'QQQ': 0.1, 'AMZN': 0.1, 'TQQQ': 0.1, 'VOO': 0.1, 'BABA': 0.1, 'BA': 0.1, 'XLI': 0.1}
2024-07-24 10:57:37,710 - utils_strategy - INFO - TSLA - downloading data from yfinance
2024-07-24 10:57:37,953 - utils_portfolio - INFO - Checking if we have correct date
2024-07-24 10:57:37,953 - utils_portfolio - INFO - TSLA - running symbols strategy to get entries and exits
2024-07-24 10:57:37,960 - utils_portfolio - INFO - Evaluating symbol if to open, close, or no change
2024-07-24 10:57:37,991 - utils_strategy - INFO - NVDA - downloading data from yfinance
2024-07-24 10:57:38,253 - utils_portfolio - INFO - Checking if we have correct date
2024-07-24 10:57:38,253 - utils_portfolio - INFO - NVDA - running symbols strategy to get entries and exits
2024-07-24 10:57:38,260 - utils_portfolio - INFO - Evaluating symbol if to open, close, or no change
2024-07-24 10:57:38,299 - utils_strategy - INFO - AMD - downloading data from yfinance
2024-07-24 10:57:38,580 - utils_portfolio - INFO - Checking if we have correct date
2024-07-24 10:57:38,580 - utils_portfolio - INFO - AMD - running symbols strategy to get entries and exits
2024-07-24 10:57:38,588 - utils_portfolio - INFO - Evaluating symbol if to open, close, or no change
2024-07-24 10:57:38,623 - utils_strategy - INFO - QQQ - downloading data from yfinance
2024-07-24 10:57:38,965 - utils_portfolio - INFO - Checking if we have correct date
2024-07-24 10:57:38,965 - utils_portfolio - INFO - QQQ - running symbols strategy to get entries and exits
2024-07-24 10:57:38,972 - utils_portfolio - INFO - Evaluating symbol if to open, close, or no change
2024-07-24 10:57:39,010 - utils_strategy - INFO - AMZN - downloading data from yfinance
2024-07-24 10:57:39,247 - utils_portfolio - INFO - Checking if we have correct date
2024-07-24 10:57:39,247 - utils_portfolio - INFO - AMZN - running symbols strategy to get entries and exits
2024-07-24 10:57:39,255 - utils_portfolio - INFO - Evaluating symbol if to open, close, or no change
2024-07-24 10:57:39,456 - utils_strategy - INFO - TQQQ - downloading data from yfinance
2024-07-24 10:57:39,715 - utils_portfolio - INFO - Checking if we have correct date
2024-07-24 10:57:39,715 - utils_portfolio - INFO - TQQQ - running symbols strategy to get entries and exits
2024-07-24 10:57:39,724 - utils_portfolio - INFO - Evaluating symbol if to open, close, or no change
2024-07-24 10:57:39,761 - utils_strategy - INFO - VOO - downloading data from yfinance
2024-07-24 10:57:39,942 - utils_portfolio - INFO - Checking if we have correct date
2024-07-24 10:57:39,942 - utils_portfolio - INFO - VOO - running symbols strategy to get entries and exits
2024-07-24 10:57:39,949 - utils_portfolio - INFO - Evaluating symbol if to open, close, or no change
2024-07-24 10:57:39,981 - utils_strategy - INFO - BABA - downloading data from yfinance
2024-07-24 10:57:40,173 - utils_portfolio - INFO - Checking if we have correct date
2024-07-24 10:57:40,173 - utils_portfolio - INFO - BABA - running symbols strategy to get entries and exits
2024-07-24 10:57:40,180 - utils_portfolio - INFO - Evaluating symbol if to open, close, or no change
2024-07-24 10:57:40,211 - utils_strategy - INFO - BA - downloading data from yfinance
2024-07-24 10:57:40,551 - utils_portfolio - INFO - Checking if we have correct date
2024-07-24 10:57:40,551 - utils_portfolio - INFO - BA - running symbols strategy to get entries and exits
2024-07-24 10:57:40,558 - utils_portfolio - INFO - Evaluating symbol if to open, close, or no change
2024-07-24 10:57:40,591 - utils_strategy - INFO - XLI - downloading data from yfinance
2024-07-24 10:57:40,897 - utils_portfolio - INFO - Checking if we have correct date
2024-07-24 10:57:40,898 - utils_portfolio - INFO - XLI - running symbols strategy to get entries and exits
2024-07-24 10:57:40,905 - utils_portfolio - INFO - Evaluating symbol if to open, close, or no change
2024-07-24 10:57:40,946 - root - INFO - Portfolio p3 symbols actions - {'TSLA': 'no_change', 'NVDA': 'no_change', 'AMD': 'no_change', 'QQQ': 'no_change', 'AMZN': 'no_change', 'TQQQ': 'no_change', 'VOO': 'no_change', 'BABA': 'no_change', 'BA': 'open', 'XLI': 'no_change'}
2024-07-24 10:57:40,947 - utils_portfolio - INFO - Submitting orders to close existing positions
2024-07-24 10:57:40,947 - utils_portfolio - INFO - Updating state of portfolio - p3
2024-07-24 10:57:40,947 - utils_portfolio - INFO - Calculating closed trades stats
2024-07-24 10:57:43,198 - utils_portfolio - INFO - Calculating open trades stats
2024-07-24 10:57:43,199 - utils_portfolio - INFO - Processing symbol - TSLA
2024-07-24 10:57:43,675 - utils_portfolio - INFO - Processing symbol - NVDA
2024-07-24 10:57:43,880 - utils_portfolio - INFO - Processing symbol - AMD
2024-07-24 10:57:44,084 - utils_portfolio - INFO - Processing symbol - QQQ
2024-07-24 10:57:44,289 - utils_portfolio - INFO - Processing symbol - AMZN
2024-07-24 10:57:44,494 - utils_portfolio - INFO - Processing symbol - TQQQ
2024-07-24 10:57:44,699 - utils_portfolio - INFO - Processing symbol - VOO
2024-07-24 10:57:44,904 - utils_portfolio - INFO - Processing symbol - BABA
2024-07-24 10:57:45,109 - utils_portfolio - INFO - Processing symbol - BA
2024-07-24 10:57:45,525 - utils_portfolio - INFO - Processing symbol - XLI
2024-07-24 10:57:45,789 - utils_portfolio - INFO - Portfolio p3 - calculating position sizes
2024-07-24 10:57:45,819 - root - INFO - Portfolio p3 position sizes - symbol
TSLA    506.1
NVDA    506.1
AMD     506.1
QQQ     506.1
AMZN    506.1
TQQQ    506.1
VOO     506.1
BABA    506.1
BA      506.1
XLI     506.1
Name: position, dtype: float64
2024-07-24 10:57:45,819 - utils_portfolio - INFO - Submitting orders to open positions
2024-07-24 10:57:46,340 - root - INFO - XXXXXXXXXXXXXXXXXXXX --- Portfolio p3 - DONE --- XXXXXXXXXXXXXXXXXXXX
2024-07-24 10:57:46,341 - utils_portfolio - INFO - Updating info of portfolio - p4
2024-07-24 10:57:46,495 - utils_portfolio - INFO - Calculating symbols weights
2024-07-24 10:57:46,496 - root - INFO - Portfolio p4 symbols weights - {'RIOT': 0.05, 'NEE': 0.05, 'SLV': 0.05, 'SHOP': 0.05, 'FAST': 0.05, 'SPXL': 0.05, 'VALE': 0.05, 'SNAP': 0.05, 'WDC': 0.05, 'MO': 0.05, 'PM': 0.05, 'SQ': 0.05, 'PDD': 0.05, 'ABBV': 0.05, 'ON': 0.05, 'UPRO': 0.05, 'TSLL': 0.05, 'PBR': 0.05, 'MP': 0.05, 'U': 0.05}
2024-07-24 10:57:46,496 - utils_strategy - INFO - RIOT - downloading data from yfinance
2024-07-24 10:57:46,710 - utils_portfolio - INFO - Checking if we have correct date
2024-07-24 10:57:46,710 - utils_portfolio - INFO - RIOT - running symbols strategy to get entries and exits
2024-07-24 10:57:46,719 - utils_portfolio - INFO - Evaluating symbol if to open, close, or no change
2024-07-24 10:57:46,745 - utils_strategy - INFO - NEE - downloading data from yfinance
2024-07-24 10:57:47,071 - utils_portfolio - INFO - Checking if we have correct date
2024-07-24 10:57:47,071 - utils_portfolio - INFO - NEE - running symbols strategy to get entries and exits
2024-07-24 10:57:47,078 - utils_portfolio - INFO - Evaluating symbol if to open, close, or no change
2024-07-24 10:57:47,115 - utils_strategy - INFO - SLV - downloading data from yfinance
2024-07-24 10:57:47,365 - utils_portfolio - INFO - Checking if we have correct date
2024-07-24 10:57:47,366 - utils_portfolio - INFO - SLV - running symbols strategy to get entries and exits
2024-07-24 10:57:47,374 - utils_portfolio - INFO - Evaluating symbol if to open, close, or no change
2024-07-24 10:57:47,409 - utils_strategy - INFO - SHOP - downloading data from yfinance
2024-07-24 10:57:47,558 - utils_portfolio - INFO - Checking if we have correct date
2024-07-24 10:57:47,558 - utils_portfolio - INFO - SHOP - running symbols strategy to get entries and exits
2024-07-24 10:57:47,566 - utils_portfolio - INFO - Evaluating symbol if to open, close, or no change
2024-07-24 10:57:47,593 - utils_strategy - INFO - FAST - downloading data from yfinance
2024-07-24 10:57:47,939 - utils_portfolio - INFO - Checking if we have correct date
2024-07-24 10:57:47,939 - utils_portfolio - INFO - FAST - running symbols strategy to get entries and exits
2024-07-24 10:57:47,946 - utils_portfolio - INFO - Evaluating symbol if to open, close, or no change
2024-07-24 10:57:47,984 - utils_strategy - INFO - SPXL - downloading data from yfinance
2024-07-24 10:57:48,200 - utils_portfolio - INFO - Checking if we have correct date
2024-07-24 10:57:48,200 - utils_portfolio - INFO - SPXL - running symbols strategy to get entries and exits
2024-07-24 10:57:48,207 - utils_portfolio - INFO - Evaluating symbol if to open, close, or no change
2024-07-24 10:57:48,237 - utils_strategy - INFO - VALE - downloading data from yfinance
2024-07-24 10:57:48,460 - utils_portfolio - INFO - Checking if we have correct date
2024-07-24 10:57:48,460 - utils_portfolio - INFO - VALE - running symbols strategy to get entries and exits
2024-07-24 10:57:48,468 - utils_portfolio - INFO - Evaluating symbol if to open, close, or no change
2024-07-24 10:57:48,669 - utils_strategy - INFO - SNAP - downloading data from yfinance
2024-07-24 10:57:48,792 - utils_portfolio - INFO - Checking if we have correct date
2024-07-24 10:57:48,792 - utils_portfolio - INFO - SNAP - running symbols strategy to get entries and exits
2024-07-24 10:57:48,802 - utils_portfolio - INFO - Evaluating symbol if to open, close, or no change
2024-07-24 10:57:48,828 - utils_strategy - INFO - WDC - downloading data from yfinance
2024-07-24 10:57:49,035 - utils_portfolio - INFO - Checking if we have correct date
2024-07-24 10:57:49,035 - utils_portfolio - INFO - WDC - running symbols strategy to get entries and exits
2024-07-24 10:57:49,044 - utils_portfolio - INFO - Evaluating symbol if to open, close, or no change
2024-07-24 10:57:49,086 - utils_strategy - INFO - MO - downloading data from yfinance
2024-07-24 10:57:49,376 - utils_portfolio - INFO - Checking if we have correct date
2024-07-24 10:57:49,376 - utils_portfolio - INFO - MO - running symbols strategy to get entries and exits
2024-07-24 10:57:49,384 - utils_portfolio - INFO - Evaluating symbol if to open, close, or no change
2024-07-24 10:57:49,420 - utils_strategy - INFO - PM - downloading data from yfinance
2024-07-24 10:57:49,637 - utils_portfolio - INFO - Checking if we have correct date
2024-07-24 10:57:49,637 - utils_portfolio - INFO - PM - running symbols strategy to get entries and exits
2024-07-24 10:57:49,645 - utils_portfolio - INFO - Evaluating symbol if to open, close, or no change
2024-07-24 10:57:49,676 - utils_strategy - INFO - SQ - downloading data from yfinance
2024-07-24 10:57:49,809 - utils_portfolio - INFO - Checking if we have correct date
2024-07-24 10:57:49,810 - utils_portfolio - INFO - SQ - running symbols strategy to get entries and exits
2024-07-24 10:57:49,818 - utils_portfolio - INFO - Evaluating symbol if to open, close, or no change
2024-07-24 10:57:49,844 - utils_strategy - INFO - PDD - downloading data from yfinance
2024-07-24 10:57:49,959 - utils_portfolio - INFO - Checking if we have correct date
2024-07-24 10:57:49,959 - utils_portfolio - INFO - PDD - running symbols strategy to get entries and exits
2024-07-24 10:57:49,970 - utils_portfolio - INFO - Evaluating symbol if to open, close, or no change
2024-07-24 10:57:49,995 - utils_strategy - INFO - ABBV - downloading data from yfinance
2024-07-24 10:57:50,165 - utils_portfolio - INFO - Checking if we have correct date
2024-07-24 10:57:50,165 - utils_portfolio - INFO - ABBV - running symbols strategy to get entries and exits
2024-07-24 10:57:50,173 - utils_portfolio - INFO - Evaluating symbol if to open, close, or no change
2024-07-24 10:57:50,207 - utils_strategy - INFO - ON - downloading data from yfinance
2024-07-24 10:57:50,413 - utils_portfolio - INFO - Checking if we have correct date
2024-07-24 10:57:50,413 - utils_portfolio - INFO - ON - running symbols strategy to get entries and exits
2024-07-24 10:57:50,421 - utils_portfolio - INFO - Evaluating symbol if to open, close, or no change
2024-07-24 10:57:50,458 - utils_strategy - INFO - UPRO - downloading data from yfinance
2024-07-24 10:57:50,687 - utils_portfolio - INFO - Checking if we have correct date
2024-07-24 10:57:50,688 - utils_portfolio - INFO - UPRO - running symbols strategy to get entries and exits
2024-07-24 10:57:50,695 - utils_portfolio - INFO - Evaluating symbol if to open, close, or no change
2024-07-24 10:57:50,726 - utils_strategy - INFO - TSLL - downloading data from yfinance
2024-07-24 10:57:50,833 - utils_portfolio - INFO - Checking if we have correct date
2024-07-24 10:57:50,833 - utils_portfolio - INFO - TSLL - running symbols strategy to get entries and exits
2024-07-24 10:57:50,842 - utils_portfolio - INFO - Evaluating symbol if to open, close, or no change
2024-07-24 10:57:50,867 - utils_strategy - INFO - PBR - downloading data from yfinance
2024-07-24 10:57:51,167 - utils_portfolio - INFO - Checking if we have correct date
2024-07-24 10:57:51,167 - utils_portfolio - INFO - PBR - running symbols strategy to get entries and exits
2024-07-24 10:57:51,175 - utils_portfolio - INFO - Evaluating symbol if to open, close, or no change
2024-07-24 10:57:51,213 - utils_strategy - INFO - MP - downloading data from yfinance
2024-07-24 10:57:51,355 - utils_portfolio - INFO - Checking if we have correct date
2024-07-24 10:57:51,355 - utils_portfolio - INFO - MP - running symbols strategy to get entries and exits
2024-07-24 10:57:51,366 - utils_portfolio - INFO - Evaluating symbol if to open, close, or no change
2024-07-24 10:57:51,389 - utils_strategy - INFO - U - downloading data from yfinance
2024-07-24 10:57:51,530 - utils_portfolio - INFO - Checking if we have correct date
2024-07-24 10:57:51,530 - utils_portfolio - INFO - U - running symbols strategy to get entries and exits
2024-07-24 10:57:51,541 - utils_portfolio - INFO - Evaluating symbol if to open, close, or no change
2024-07-24 10:57:51,567 - root - INFO - Portfolio p4 symbols actions - {'RIOT': 'no_change', 'NEE': 'no_change', 'SLV': 'no_change', 'SHOP': 'no_change', 'FAST': 'no_change', 'SPXL': 'no_change', 'VALE': 'no_change', 'SNAP': 'no_change', 'WDC': 'no_change', 'MO': 'no_change', 'PM': 'no_change', 'SQ': 'no_change', 'PDD': 'no_change', 'ABBV': 'no_change', 'ON': 'close', 'UPRO': 'no_change', 'TSLL': 'no_change', 'PBR': 'no_change', 'MP': 'no_change', 'U': 'no_change'}
2024-07-24 10:57:51,567 - utils_portfolio - INFO - Submitting orders to close existing positions
2024-07-24 10:57:52,072 - utils_portfolio - WARNING - ON - trying to close non-existing position
2024-07-24 10:57:52,073 - utils_portfolio - INFO - Updating state of portfolio - p4
2024-07-24 10:57:52,075 - utils_portfolio - INFO - Calculating closed trades stats
2024-07-24 10:57:56,307 - utils_portfolio - INFO - Calculating open trades stats
2024-07-24 10:57:56,308 - utils_portfolio - INFO - Processing symbol - RIOT
2024-07-24 10:57:56,671 - utils_portfolio - INFO - Processing symbol - NEE
2024-07-24 10:57:57,101 - utils_portfolio - INFO - Processing symbol - SLV
2024-07-24 10:57:57,294 - utils_portfolio - INFO - Processing symbol - SHOP
2024-07-24 10:57:57,500 - utils_portfolio - INFO - Processing symbol - FAST
2024-07-24 10:57:57,820 - utils_portfolio - INFO - Processing symbol - SPXL
2024-07-24 10:57:58,011 - utils_portfolio - INFO - Processing symbol - VALE
2024-07-24 10:57:58,217 - utils_portfolio - INFO - Processing symbol - SNAP
2024-07-24 10:57:58,421 - utils_portfolio - INFO - Processing symbol - WDC
2024-07-24 10:57:58,626 - utils_portfolio - INFO - Processing symbol - MO
2024-07-24 10:57:58,939 - utils_portfolio - INFO - Processing symbol - PM
2024-07-24 10:57:59,201 - utils_portfolio - INFO - Processing symbol - SQ
2024-07-24 10:57:59,343 - utils_portfolio - INFO - Processing symbol - PDD
2024-07-24 10:57:59,459 - utils_portfolio - INFO - Processing symbol - ABBV
2024-07-24 10:57:59,745 - utils_portfolio - INFO - Processing symbol - ON
2024-07-24 10:57:59,957 - utils_portfolio - INFO - Processing symbol - UPRO
2024-07-24 10:58:00,162 - utils_portfolio - INFO - Processing symbol - TSLL
2024-07-24 10:58:00,366 - utils_portfolio - INFO - Processing symbol - PBR
2024-07-24 10:58:00,572 - utils_portfolio - INFO - Processing symbol - MP
2024-07-24 10:58:00,776 - utils_portfolio - INFO - Processing symbol - U
2024-07-24 10:58:01,018 - utils_portfolio - INFO - Portfolio p4 - calculating position sizes
2024-07-24 10:58:01,041 - root - INFO - Portfolio p4 position sizes - symbol
RIOT    254.97
NEE     255.16
SLV     254.97
SHOP    254.97
FAST    255.16
SPXL    254.97
VALE    254.97
SNAP    254.97
WDC     254.97
MO      255.16
PM      255.16
SQ      254.97
PDD     254.97
ABBV    255.16
ON      254.97
UPRO    254.97
TSLL    254.97
PBR     254.97
MP      254.97
U       254.97
Name: position, dtype: float64
2024-07-24 10:58:01,041 - utils_portfolio - INFO - Submitting orders to open positions
2024-07-24 10:58:01,042 - root - INFO - XXXXXXXXXXXXXXXXXXXX --- Portfolio p4 - DONE --- XXXXXXXXXXXXXXXXXXXX
2024-07-24 10:58:01,042 - utils_portfolio - INFO - Updating state of symbols
2024-07-24 10:58:01,043 - utils_portfolio - INFO - Calculating closed trades stats
2024-07-24 10:58:10,747 - utils_portfolio - INFO - Calculating open trades stats
2024-07-24 10:58:10,748 - utils_portfolio - INFO - Processing symbol - SQ
2024-07-24 10:58:11,221 - utils_portfolio - INFO - Processing symbol - ABBV
2024-07-24 10:58:11,642 - utils_portfolio - INFO - Processing symbol - SLV
2024-07-24 10:58:11,770 - utils_portfolio - INFO - Processing symbol - VALE
2024-07-24 10:58:11,883 - utils_portfolio - INFO - Processing symbol - VOO
2024-07-24 10:58:12,040 - utils_portfolio - INFO - Processing symbol - XLI
2024-07-24 10:58:12,153 - utils_portfolio - INFO - Processing symbol - SNAP
2024-07-24 10:58:12,348 - utils_portfolio - INFO - Processing symbol - MP
2024-07-24 10:58:12,554 - utils_portfolio - INFO - Processing symbol - AAPL
2024-07-24 10:58:12,756 - utils_portfolio - INFO - Processing symbol - GOOGL
2024-07-24 10:58:12,961 - utils_portfolio - INFO - Processing symbol - BTC/USD
2024-07-24 10:58:13,167 - utils_portfolio - INFO - Processing symbol - RIOT
2024-07-24 10:58:13,371 - utils_portfolio - INFO - Processing symbol - GM
2024-07-24 10:58:13,787 - utils_portfolio - INFO - Processing symbol - FAST
2024-07-24 10:58:14,202 - utils_portfolio - INFO - Processing symbol - CRWD
2024-07-24 10:58:14,396 - utils_portfolio - INFO - Processing symbol - MSTR
2024-07-24 10:58:14,534 - utils_portfolio - INFO - Processing symbol - BITO
2024-07-24 10:58:14,647 - utils_portfolio - INFO - Processing symbol - SHOP
2024-07-24 10:58:14,805 - utils_portfolio - INFO - Processing symbol - WDC
2024-07-24 10:58:15,010 - utils_portfolio - INFO - Processing symbol - UPRO
2024-07-24 10:58:15,214 - utils_portfolio - INFO - Processing symbol - PBR
2024-07-24 10:58:15,420 - utils_portfolio - INFO - Processing symbol - SCHD
2024-07-24 10:58:15,833 - utils_portfolio - INFO - Processing symbol - TQQQ
2024-07-24 10:58:16,035 - utils_portfolio - INFO - Processing symbol - MO
2024-07-24 10:58:16,347 - utils_portfolio - INFO - Processing symbol - TSLL
2024-07-24 10:58:16,544 - utils_portfolio - INFO - Processing symbol - IYR
2024-07-24 10:58:16,965 - utils_portfolio - INFO - Processing symbol - ON
2024-07-24 10:58:17,160 - utils_portfolio - INFO - Processing symbol - DKNG
2024-07-24 10:58:17,365 - utils_portfolio - INFO - Processing symbol - EBAY
2024-07-24 10:58:17,780 - utils_portfolio - INFO - Processing symbol - TSLA
2024-07-24 10:58:17,979 - utils_portfolio - INFO - Processing symbol - PDD
2024-07-24 10:58:18,184 - utils_portfolio - INFO - Processing symbol - PLTR
2024-07-24 10:58:18,600 - utils_portfolio - INFO - Processing symbol - BA
2024-07-24 10:58:19,017 - utils_portfolio - INFO - Processing symbol - AMD
2024-07-24 10:58:19,206 - utils_portfolio - INFO - Processing symbol - QQQ
2024-07-24 10:58:19,413 - utils_portfolio - INFO - Processing symbol - AAL
2024-07-24 10:58:19,618 - utils_portfolio - INFO - Processing symbol - VRT
2024-07-24 10:58:19,823 - utils_portfolio - INFO - Processing symbol - SPXL
2024-07-24 10:58:20,027 - utils_portfolio - INFO - Processing symbol - BABA
2024-07-24 10:58:20,162 - utils_portfolio - INFO - Processing symbol - PM
2024-07-24 10:58:20,411 - utils_portfolio - INFO - Processing symbol - AMZN
2024-07-24 10:58:20,539 - utils_portfolio - INFO - Processing symbol - DELL
2024-07-24 10:58:20,742 - utils_portfolio - INFO - Processing symbol - NEE
2024-07-24 10:58:21,165 - utils_portfolio - INFO - Processing symbol - GBTC
2024-07-24 10:58:21,359 - utils_portfolio - INFO - Processing symbol - AVGO
2024-07-24 10:58:21,781 - utils_portfolio - INFO - Processing symbol - SOUN
2024-07-24 10:58:21,973 - utils_portfolio - INFO - Processing symbol - U
2024-07-24 10:58:22,179 - utils_portfolio - INFO - Processing symbol - NVDA
2024-07-24 10:58:22,292 - utils_portfolio - INFO - Processing symbol - META
2024-07-24 10:58:22,404 - utils_portfolio - INFO - Processing symbol - MRVL
2024-07-24 10:58:22,611 - utils_portfolio - INFO - Updating symbol stats - SQ
2024-07-24 10:58:22,654 - utils_portfolio - INFO - Updating symbol stats - ABBV
2024-07-24 10:58:22,682 - utils_portfolio - INFO - Updating symbol stats - SLV
2024-07-24 10:58:22,712 - utils_portfolio - INFO - Updating symbol stats - VALE
2024-07-24 10:58:22,734 - utils_portfolio - INFO - Updating symbol stats - VOO
2024-07-24 10:58:22,757 - utils_portfolio - INFO - Updating symbol stats - XLI
2024-07-24 10:58:22,779 - utils_portfolio - INFO - Updating symbol stats - SNAP
2024-07-24 10:58:22,812 - utils_portfolio - INFO - Updating symbol stats - MP
2024-07-24 10:58:22,845 - utils_portfolio - INFO - Updating symbol stats - AAPL
2024-07-24 10:58:22,885 - utils_portfolio - INFO - Updating symbol stats - GOOGL
2024-07-24 10:58:22,914 - utils_portfolio - INFO - Updating symbol stats - BTC/USD
2024-07-24 10:58:22,944 - utils_portfolio - INFO - Updating symbol stats - RIOT
2024-07-24 10:58:22,982 - utils_portfolio - INFO - Updating symbol stats - GM
2024-07-24 10:58:23,005 - utils_portfolio - INFO - Updating symbol stats - FAST
2024-07-24 10:58:23,027 - utils_portfolio - INFO - Updating symbol stats - CRWD
2024-07-24 10:58:23,049 - utils_portfolio - INFO - Updating symbol stats - MSTR
2024-07-24 10:58:23,070 - utils_portfolio - INFO - Updating symbol stats - BITO
2024-07-24 10:58:23,092 - utils_portfolio - INFO - Updating symbol stats - SHOP
2024-07-24 10:58:23,114 - utils_portfolio - INFO - Updating symbol stats - WDC
2024-07-24 10:58:23,135 - utils_portfolio - INFO - Updating symbol stats - UPRO
2024-07-24 10:58:23,157 - utils_portfolio - INFO - Updating symbol stats - PBR
2024-07-24 10:58:23,181 - utils_portfolio - INFO - Updating symbol stats - SCHD
2024-07-24 10:58:23,203 - utils_portfolio - INFO - Updating symbol stats - TQQQ
2024-07-24 10:58:23,224 - utils_portfolio - INFO - Updating symbol stats - MO
2024-07-24 10:58:23,247 - utils_portfolio - INFO - Updating symbol stats - TSLL
2024-07-24 10:58:23,269 - utils_portfolio - INFO - Updating symbol stats - IYR
2024-07-24 10:58:23,291 - utils_portfolio - INFO - Updating symbol stats - ON
2024-07-24 10:58:23,314 - utils_portfolio - INFO - Updating symbol stats - DKNG
2024-07-24 10:58:23,336 - utils_portfolio - INFO - Updating symbol stats - EBAY
2024-07-24 10:58:23,357 - utils_portfolio - INFO - Updating symbol stats - TSLA
2024-07-24 10:58:23,390 - utils_portfolio - INFO - Updating symbol stats - PDD
2024-07-24 10:58:23,412 - utils_portfolio - INFO - Updating symbol stats - PLTR
2024-07-24 10:58:23,434 - utils_portfolio - INFO - Updating symbol stats - BA
2024-07-24 10:58:23,456 - utils_portfolio - INFO - Updating symbol stats - AMD
2024-07-24 10:58:23,478 - utils_portfolio - INFO - Updating symbol stats - QQQ
2024-07-24 10:58:23,513 - utils_portfolio - INFO - Updating symbol stats - AAL
2024-07-24 10:58:23,547 - utils_portfolio - INFO - Updating symbol stats - VRT
2024-07-24 10:58:23,570 - utils_portfolio - INFO - Updating symbol stats - SPXL
2024-07-24 10:58:23,592 - utils_portfolio - INFO - Updating symbol stats - BABA
2024-07-24 10:58:23,617 - utils_portfolio - INFO - Updating symbol stats - PM
2024-07-24 10:58:23,658 - utils_portfolio - INFO - Updating symbol stats - AMZN
2024-07-24 10:58:23,682 - utils_portfolio - INFO - Updating symbol stats - DELL
2024-07-24 10:58:23,705 - utils_portfolio - INFO - Updating symbol stats - NEE
2024-07-24 10:58:23,726 - utils_portfolio - INFO - Updating symbol stats - GBTC
2024-07-24 10:58:23,750 - utils_portfolio - INFO - Updating symbol stats - AVGO
2024-07-24 10:58:23,772 - utils_portfolio - INFO - Updating symbol stats - SOUN
2024-07-24 10:58:23,795 - utils_portfolio - INFO - Updating symbol stats - U
2024-07-24 10:58:23,817 - utils_portfolio - INFO - Updating symbol stats - NVDA
2024-07-24 10:58:23,839 - utils_portfolio - INFO - Updating symbol stats - META
2024-07-24 10:58:23,872 - utils_portfolio - INFO - Updating symbol stats - MRVL
2024-07-24 10:58:23,894 - root - INFO - XXXXXXXXXXXXXXXXXXXX --- Everything DONE --- XXXXXXXXXXXXXXXXXXXX
