2024-05-10 11:01:00,901 - root - INFO - Logger is setup
2024-05-10 11:01:00,951 - utils_portfolio - INFO - Updating info of portfolio - p1
2024-05-10 11:01:01,023 - utils_portfolio - INFO - Updating state of portfolio - p1
2024-05-10 11:01:01,024 - utils_portfolio - INFO - Calculating closed trades stats
2024-05-10 11:01:03,479 - utils_portfolio - INFO - Calculating open trades stats
2024-05-10 11:01:05,902 - utils_portfolio - INFO - Calculating symbols weights
2024-05-10 11:01:05,903 - root - INFO - Portfolio p1 symbols weights - {'PLTR': 0.09090909090909091, 'BTC/USD': 0.09090909090909091, 'AAL': 0.09090909090909091, 'VRT': 0.09090909090909091, 'GBTC': 0.09090909090909091, 'DELL': 0.09090909090909091, 'GM': 0.09090909090909091, 'IYR': 0.09090909090909091, 'DKNG': 0.09090909090909091, 'EBAY': 0.09090909090909091, 'CRWD': 0.09090909090909091}
2024-05-10 11:01:05,903 - utils_strategy - INFO - PLTR - downloading data from alpaca - stock client
2024-05-10 11:01:06,707 - utils_portfolio - INFO - Checking if we have correct date
2024-05-10 11:01:06,708 - utils_portfolio - INFO - PLTR - running symbols strategy to get entries and exits
2024-05-10 11:01:06,721 - utils_portfolio - INFO - Evaluating symbol if to open, close, or no change
2024-05-10 11:01:12,052 - utils_strategy - INFO - BTC/USD - downloading data from alpaca - stock client
2024-05-10 11:01:12,509 - utils_strategy - INFO - BTC/USD - downloading data from alpaca - crypto client
2024-05-10 11:01:13,661 - utils_portfolio - INFO - Checking if we have correct date
2024-05-10 11:01:13,661 - utils_portfolio - INFO - BTC/USD - running symbols strategy to get entries and exits
2024-05-10 11:01:13,673 - utils_portfolio - INFO - Evaluating symbol if to open, close, or no change
2024-05-10 11:01:13,704 - utils_strategy - INFO - AAL - downloading data from alpaca - stock client
2024-05-10 11:01:14,860 - utils_portfolio - INFO - Checking if we have correct date
2024-05-10 11:01:14,860 - utils_portfolio - INFO - AAL - running symbols strategy to get entries and exits
2024-05-10 11:01:14,874 - utils_portfolio - INFO - Evaluating symbol if to open, close, or no change
2024-05-10 11:01:14,910 - utils_strategy - INFO - VRT - downloading data from alpaca - stock client
2024-05-10 11:01:15,577 - utils_portfolio - INFO - Checking if we have correct date
2024-05-10 11:01:15,577 - utils_portfolio - INFO - VRT - running symbols strategy to get entries and exits
2024-05-10 11:01:15,597 - utils_portfolio - INFO - Evaluating symbol if to open, close, or no change
2024-05-10 11:01:15,635 - utils_strategy - INFO - GBTC - downloading data from alpaca - stock client
2024-05-10 11:01:16,012 - utils_portfolio - INFO - Checking if we have correct date
2024-05-10 11:01:16,012 - utils_portfolio - INFO - GBTC - running symbols strategy to get entries and exits
2024-05-10 11:01:16,020 - utils_portfolio - INFO - Evaluating symbol if to open, close, or no change
2024-05-10 11:01:16,046 - utils_strategy - INFO - DELL - downloading data from alpaca - stock client
2024-05-10 11:01:16,939 - utils_portfolio - INFO - Checking if we have correct date
2024-05-10 11:01:16,939 - utils_portfolio - INFO - DELL - running symbols strategy to get entries and exits
2024-05-10 11:01:16,953 - utils_portfolio - INFO - Evaluating symbol if to open, close, or no change
2024-05-10 11:01:16,985 - utils_strategy - INFO - GM - downloading data from alpaca - stock client
2024-05-10 11:01:18,058 - utils_portfolio - INFO - Checking if we have correct date
2024-05-10 11:01:18,059 - utils_portfolio - INFO - GM - running symbols strategy to get entries and exits
2024-05-10 11:01:18,075 - utils_portfolio - INFO - Evaluating symbol if to open, close, or no change
2024-05-10 11:01:18,110 - utils_strategy - INFO - IYR - downloading data from alpaca - stock client
2024-05-10 11:01:19,408 - utils_portfolio - INFO - Checking if we have correct date
2024-05-10 11:01:19,408 - utils_portfolio - INFO - IYR - running symbols strategy to get entries and exits
2024-05-10 11:01:19,425 - utils_portfolio - INFO - Evaluating symbol if to open, close, or no change
2024-05-10 11:01:19,460 - utils_strategy - INFO - DKNG - downloading data from alpaca - stock client
2024-05-10 11:01:20,313 - utils_portfolio - INFO - Checking if we have correct date
2024-05-10 11:01:20,314 - utils_portfolio - INFO - DKNG - running symbols strategy to get entries and exits
2024-05-10 11:01:20,337 - utils_portfolio - INFO - Evaluating symbol if to open, close, or no change
2024-05-10 11:01:20,375 - utils_strategy - INFO - EBAY - downloading data from alpaca - stock client
2024-05-10 11:01:21,559 - utils_portfolio - INFO - Checking if we have correct date
2024-05-10 11:01:21,559 - utils_portfolio - INFO - EBAY - running symbols strategy to get entries and exits
2024-05-10 11:01:21,577 - utils_portfolio - INFO - Evaluating symbol if to open, close, or no change
2024-05-10 11:01:21,615 - utils_strategy - INFO - CRWD - downloading data from alpaca - stock client
2024-05-10 11:01:22,461 - utils_portfolio - INFO - Checking if we have correct date
2024-05-10 11:01:22,461 - utils_portfolio - INFO - CRWD - running symbols strategy to get entries and exits
2024-05-10 11:01:22,474 - utils_portfolio - INFO - Evaluating symbol if to open, close, or no change
2024-05-10 11:01:22,507 - root - INFO - Portfolio p1 symbols actions - {'PLTR': 'no_change', 'BTCUSD': 'no_change', 'AAL': 'no_change', 'VRT': 'no_change', 'GBTC': 'no_change', 'DELL': 'no_change', 'GM': 'no_change', 'IYR': 'no_change', 'DKNG': 'no_change', 'EBAY': 'no_change', 'CRWD': 'open'}
2024-05-10 11:01:22,508 - utils_portfolio - INFO - Submitting orders to close existing positions
2024-05-10 11:01:22,508 - utils_portfolio - INFO - Portfolio p1 - calculating position sizes
2024-05-10 11:01:22,534 - root - INFO - Portfolio p1 position sizes - symbol
PLTR      451.92
BTCUSD    451.92
AAL       451.92
VRT       452.77
GBTC      451.92
DELL      452.77
GM        451.92
IYR       452.77
DKNG      451.92
EBAY      451.92
CRWD      451.92
Name: position, dtype: float64
2024-05-10 11:01:22,534 - utils_portfolio - INFO - Submitting orders to open positions
2024-05-10 11:01:23,028 - root - INFO - XXXXXXXXXXXXXXXXXXXX --- DONE --- XXXXXXXXXXXXXXXXXXXX
2024-05-10 11:01:23,030 - utils_portfolio - INFO - Updating info of portfolio - p2
2024-05-10 11:01:23,103 - utils_portfolio - INFO - Updating state of portfolio - p2
2024-05-10 11:01:23,104 - utils_portfolio - INFO - Calculating closed trades stats
2024-05-10 11:01:25,005 - utils_portfolio - INFO - Calculating open trades stats
2024-05-10 11:01:26,867 - utils_portfolio - INFO - Calculating symbols weights
2024-05-10 11:01:26,868 - utils_portfolio - INFO - Calculating closed trades count
2024-05-10 11:01:28,681 - root - INFO - Portfolio p2 symbols weights - {'AAPL': 0.1111111111111111, 'GOOGL': 0.1111111111111111, 'META': 0.1111111111111111, 'MRVL': 0.1111111111111111, 'MSTR': 0.1111111111111111, 'SCHD': 0.1111111111111111, 'BITO': 0.1111111111111111, 'AVGO': 0.1111111111111111, 'SOUN': 0.1111111111111111}
2024-05-10 11:01:28,682 - utils_strategy - INFO - AAPL - downloading data from yfinance
2024-05-10 11:01:29,408 - utils_portfolio - INFO - Checking if we have correct date
2024-05-10 11:01:29,408 - utils_portfolio - INFO - AAPL - running symbols strategy to get entries and exits
2024-05-10 11:01:29,417 - utils_portfolio - INFO - Evaluating symbol if to open, close, or no change
2024-05-10 11:01:29,457 - utils_strategy - INFO - GOOGL - downloading data from yfinance
2024-05-10 11:01:29,717 - utils_portfolio - INFO - Checking if we have correct date
2024-05-10 11:01:29,717 - utils_portfolio - INFO - GOOGL - running symbols strategy to get entries and exits
2024-05-10 11:01:29,725 - utils_portfolio - INFO - Evaluating symbol if to open, close, or no change
2024-05-10 11:01:29,758 - utils_strategy - INFO - META - downloading data from yfinance
2024-05-10 11:01:29,912 - utils_portfolio - INFO - Checking if we have correct date
2024-05-10 11:01:29,912 - utils_portfolio - INFO - META - running symbols strategy to get entries and exits
2024-05-10 11:01:29,920 - utils_portfolio - INFO - Evaluating symbol if to open, close, or no change
2024-05-10 11:01:29,949 - utils_strategy - INFO - MRVL - downloading data from yfinance
2024-05-10 11:01:30,237 - utils_portfolio - INFO - Checking if we have correct date
2024-05-10 11:01:30,238 - utils_portfolio - INFO - MRVL - running symbols strategy to get entries and exits
2024-05-10 11:01:30,245 - utils_portfolio - INFO - Evaluating symbol if to open, close, or no change
2024-05-10 11:01:30,480 - utils_strategy - INFO - MSTR - downloading data from yfinance
2024-05-10 11:01:30,753 - utils_portfolio - INFO - Checking if we have correct date
2024-05-10 11:01:30,754 - utils_portfolio - INFO - MSTR - running symbols strategy to get entries and exits
2024-05-10 11:01:30,761 - utils_portfolio - INFO - Evaluating symbol if to open, close, or no change
2024-05-10 11:01:30,801 - utils_strategy - INFO - SCHD - downloading data from yfinance
2024-05-10 11:01:31,035 - utils_portfolio - INFO - Checking if we have correct date
2024-05-10 11:01:31,035 - utils_portfolio - INFO - SCHD - running symbols strategy to get entries and exits
2024-05-10 11:01:31,043 - utils_portfolio - INFO - Evaluating symbol if to open, close, or no change
2024-05-10 11:01:31,073 - utils_strategy - INFO - BITO - downloading data from yfinance
2024-05-10 11:01:31,180 - utils_portfolio - INFO - Checking if we have correct date
2024-05-10 11:01:31,180 - utils_portfolio - INFO - BITO - running symbols strategy to get entries and exits
2024-05-10 11:01:31,189 - utils_portfolio - INFO - Evaluating symbol if to open, close, or no change
2024-05-10 11:01:31,212 - utils_strategy - INFO - AVGO - downloading data from yfinance
2024-05-10 11:01:31,403 - utils_portfolio - INFO - Checking if we have correct date
2024-05-10 11:01:31,403 - utils_portfolio - INFO - AVGO - running symbols strategy to get entries and exits
2024-05-10 11:01:31,410 - utils_portfolio - INFO - Evaluating symbol if to open, close, or no change
2024-05-10 11:01:31,443 - utils_strategy - INFO - SOUN - downloading data from yfinance
2024-05-10 11:01:31,541 - utils_portfolio - INFO - Checking if we have correct date
2024-05-10 11:01:31,542 - utils_portfolio - INFO - SOUN - running symbols strategy to get entries and exits
2024-05-10 11:01:31,552 - utils_portfolio - INFO - Evaluating symbol if to open, close, or no change
2024-05-10 11:01:31,582 - root - INFO - Portfolio p2 symbols actions - {'AAPL': 'no_change', 'GOOGL': 'no_change', 'META': 'no_change', 'MRVL': 'no_change', 'MSTR': 'no_change', 'SCHD': 'no_change', 'BITO': 'no_change', 'AVGO': 'no_change', 'SOUN': 'close'}
2024-05-10 11:01:31,582 - utils_portfolio - INFO - Submitting orders to close existing positions
2024-05-10 11:01:32,142 - utils_portfolio - INFO - Portfolio p2 - calculating position sizes
2024-05-10 11:01:32,179 - root - INFO - Portfolio p2 position sizes - symbol
AAPL     572.77
GOOGL    572.77
META     572.77
MRVL     572.77
MSTR     572.77
SCHD     572.77
BITO     572.77
AVGO     572.77
SOUN     572.77
Name: position, dtype: float64
2024-05-10 11:01:32,179 - utils_portfolio - INFO - Submitting orders to open positions
2024-05-10 11:01:32,179 - root - INFO - XXXXXXXXXXXXXXXXXXXX --- DONE --- XXXXXXXXXXXXXXXXXXXX
2024-05-10 11:01:32,179 - utils_portfolio - INFO - Updating info of portfolio - p3
2024-05-10 11:01:32,238 - utils_portfolio - INFO - Updating state of portfolio - p3
2024-05-10 11:01:32,239 - utils_portfolio - INFO - Calculating closed trades stats
2024-05-10 11:01:34,307 - utils_portfolio - INFO - Calculating open trades stats
2024-05-10 11:01:36,492 - utils_portfolio - INFO - Calculating symbols weights
2024-05-10 11:01:36,493 - root - INFO - Portfolio p3 symbols weights - {'TSLA': 0.1, 'NVDA': 0.1, 'AMD': 0.1, 'QQQ': 0.1, 'AMZN': 0.1, 'TQQQ': 0.1, 'VOO': 0.1, 'BABA': 0.1, 'BA': 0.1, 'XLI': 0.1}
2024-05-10 11:01:36,493 - utils_strategy - INFO - TSLA - downloading data from yfinance
2024-05-10 11:01:36,728 - utils_portfolio - INFO - Checking if we have correct date
2024-05-10 11:01:36,728 - utils_portfolio - INFO - TSLA - running symbols strategy to get entries and exits
2024-05-10 11:01:36,736 - utils_portfolio - INFO - Evaluating symbol if to open, close, or no change
2024-05-10 11:01:36,765 - utils_strategy - INFO - NVDA - downloading data from yfinance
2024-05-10 11:01:36,984 - utils_portfolio - INFO - Checking if we have correct date
2024-05-10 11:01:36,984 - utils_portfolio - INFO - NVDA - running symbols strategy to get entries and exits
2024-05-10 11:01:36,992 - utils_portfolio - INFO - Evaluating symbol if to open, close, or no change
2024-05-10 11:01:37,028 - utils_strategy - INFO - AMD - downloading data from yfinance
2024-05-10 11:01:37,229 - utils_portfolio - INFO - Checking if we have correct date
2024-05-10 11:01:37,229 - utils_portfolio - INFO - AMD - running symbols strategy to get entries and exits
2024-05-10 11:01:37,238 - utils_portfolio - INFO - Evaluating symbol if to open, close, or no change
2024-05-10 11:01:37,275 - utils_strategy - INFO - QQQ - downloading data from yfinance
2024-05-10 11:01:37,516 - utils_portfolio - INFO - Checking if we have correct date
2024-05-10 11:01:37,516 - utils_portfolio - INFO - QQQ - running symbols strategy to get entries and exits
2024-05-10 11:01:37,526 - utils_portfolio - INFO - Evaluating symbol if to open, close, or no change
2024-05-10 11:01:37,571 - utils_strategy - INFO - AMZN - downloading data from yfinance
2024-05-10 11:01:37,830 - utils_portfolio - INFO - Checking if we have correct date
2024-05-10 11:01:37,830 - utils_portfolio - INFO - AMZN - running symbols strategy to get entries and exits
2024-05-10 11:01:37,838 - utils_portfolio - INFO - Evaluating symbol if to open, close, or no change
2024-05-10 11:01:37,872 - utils_strategy - INFO - TQQQ - downloading data from yfinance
2024-05-10 11:01:38,082 - utils_portfolio - INFO - Checking if we have correct date
2024-05-10 11:01:38,083 - utils_portfolio - INFO - TQQQ - running symbols strategy to get entries and exits
2024-05-10 11:01:38,090 - utils_portfolio - INFO - Evaluating symbol if to open, close, or no change
2024-05-10 11:01:38,127 - utils_strategy - INFO - VOO - downloading data from yfinance
2024-05-10 11:01:38,361 - utils_portfolio - INFO - Checking if we have correct date
2024-05-10 11:01:38,361 - utils_portfolio - INFO - VOO - running symbols strategy to get entries and exits
2024-05-10 11:01:38,368 - utils_portfolio - INFO - Evaluating symbol if to open, close, or no change
2024-05-10 11:01:38,397 - utils_strategy - INFO - BABA - downloading data from yfinance
2024-05-10 11:01:38,805 - utils_portfolio - INFO - Checking if we have correct date
2024-05-10 11:01:38,805 - utils_portfolio - INFO - BABA - running symbols strategy to get entries and exits
2024-05-10 11:01:38,815 - utils_portfolio - INFO - Evaluating symbol if to open, close, or no change
2024-05-10 11:01:38,848 - utils_strategy - INFO - BA - downloading data from yfinance
2024-05-10 11:01:39,192 - utils_portfolio - INFO - Checking if we have correct date
2024-05-10 11:01:39,192 - utils_portfolio - INFO - BA - running symbols strategy to get entries and exits
2024-05-10 11:01:39,200 - utils_portfolio - INFO - Evaluating symbol if to open, close, or no change
2024-05-10 11:01:39,235 - utils_strategy - INFO - XLI - downloading data from yfinance
2024-05-10 11:01:39,497 - utils_portfolio - INFO - Checking if we have correct date
2024-05-10 11:01:39,498 - utils_portfolio - INFO - XLI - running symbols strategy to get entries and exits
2024-05-10 11:01:39,506 - utils_portfolio - INFO - Evaluating symbol if to open, close, or no change
2024-05-10 11:01:39,546 - root - INFO - Portfolio p3 symbols actions - {'TSLA': 'no_change', 'NVDA': 'close', 'AMD': 'no_change', 'QQQ': 'no_change', 'AMZN': 'no_change', 'TQQQ': 'no_change', 'VOO': 'no_change', 'BABA': 'no_change', 'BA': 'no_change', 'XLI': 'no_change'}
2024-05-10 11:01:39,547 - utils_portfolio - INFO - Submitting orders to close existing positions
2024-05-10 11:01:40,129 - utils_portfolio - INFO - Portfolio p3 - calculating position sizes
2024-05-10 11:01:40,181 - root - INFO - Portfolio p3 position sizes - symbol
TSLA    502.76
NVDA    503.16
AMD     502.76
QQQ     503.16
AMZN    502.76
TQQQ    503.16
VOO     503.16
BABA    502.76
BA      503.16
XLI     503.16
Name: position, dtype: float64
2024-05-10 11:01:40,181 - utils_portfolio - INFO - Submitting orders to open positions
2024-05-10 11:01:40,181 - root - INFO - XXXXXXXXXXXXXXXXXXXX --- DONE --- XXXXXXXXXXXXXXXXXXXX
2024-05-10 11:01:40,181 - utils_portfolio - INFO - Updating info of portfolio - p4
2024-05-10 11:01:40,328 - utils_portfolio - INFO - Updating state of portfolio - p4
2024-05-10 11:01:40,329 - utils_portfolio - INFO - Calculating closed trades stats
2024-05-10 11:01:44,133 - utils_portfolio - INFO - Calculating open trades stats
2024-05-10 11:01:48,171 - utils_portfolio - INFO - Calculating symbols weights
2024-05-10 11:01:48,172 - root - INFO - Portfolio p4 symbols weights - {'RIOT': 0.05, 'NEE': 0.05, 'SLV': 0.05, 'SHOP': 0.05, 'FAST': 0.05, 'SPXL': 0.05, 'VALE': 0.05, 'SNAP': 0.05, 'WDC': 0.05, 'MO': 0.05, 'PM': 0.05, 'SQ': 0.05, 'PDD': 0.05, 'ABBV': 0.05, 'ON': 0.05, 'UPRO': 0.05, 'TSLL': 0.05, 'PBR': 0.05, 'MP': 0.05, 'U': 0.05}
2024-05-10 11:01:48,172 - utils_strategy - INFO - RIOT - downloading data from yfinance
2024-05-10 11:01:48,395 - utils_portfolio - INFO - Checking if we have correct date
2024-05-10 11:01:48,395 - utils_portfolio - INFO - RIOT - running symbols strategy to get entries and exits
2024-05-10 11:01:48,404 - utils_portfolio - INFO - Evaluating symbol if to open, close, or no change
2024-05-10 11:01:48,437 - utils_strategy - INFO - NEE - downloading data from yfinance
2024-05-10 11:01:48,745 - utils_portfolio - INFO - Checking if we have correct date
2024-05-10 11:01:48,745 - utils_portfolio - INFO - NEE - running symbols strategy to get entries and exits
2024-05-10 11:01:48,753 - utils_portfolio - INFO - Evaluating symbol if to open, close, or no change
2024-05-10 11:01:48,791 - utils_strategy - INFO - SLV - downloading data from yfinance
2024-05-10 11:01:48,974 - utils_portfolio - INFO - Checking if we have correct date
2024-05-10 11:01:48,974 - utils_portfolio - INFO - SLV - running symbols strategy to get entries and exits
2024-05-10 11:01:48,982 - utils_portfolio - INFO - Evaluating symbol if to open, close, or no change
2024-05-10 11:01:49,013 - utils_strategy - INFO - SHOP - downloading data from yfinance
2024-05-10 11:01:49,150 - utils_portfolio - INFO - Checking if we have correct date
2024-05-10 11:01:49,151 - utils_portfolio - INFO - SHOP - running symbols strategy to get entries and exits
2024-05-10 11:01:49,158 - utils_portfolio - INFO - Evaluating symbol if to open, close, or no change
2024-05-10 11:01:49,186 - utils_strategy - INFO - FAST - downloading data from yfinance
2024-05-10 11:01:49,443 - utils_portfolio - INFO - Checking if we have correct date
2024-05-10 11:01:49,443 - utils_portfolio - INFO - FAST - running symbols strategy to get entries and exits
2024-05-10 11:01:49,451 - utils_portfolio - INFO - Evaluating symbol if to open, close, or no change
2024-05-10 11:01:49,486 - utils_strategy - INFO - SPXL - downloading data from yfinance
2024-05-10 11:01:49,696 - utils_portfolio - INFO - Checking if we have correct date
2024-05-10 11:01:49,696 - utils_portfolio - INFO - SPXL - running symbols strategy to get entries and exits
2024-05-10 11:01:49,704 - utils_portfolio - INFO - Evaluating symbol if to open, close, or no change
2024-05-10 11:01:49,736 - utils_strategy - INFO - VALE - downloading data from yfinance
2024-05-10 11:01:50,053 - utils_portfolio - INFO - Checking if we have correct date
2024-05-10 11:01:50,053 - utils_portfolio - INFO - VALE - running symbols strategy to get entries and exits
2024-05-10 11:01:50,062 - utils_portfolio - INFO - Evaluating symbol if to open, close, or no change
2024-05-10 11:01:50,099 - utils_strategy - INFO - SNAP - downloading data from yfinance
2024-05-10 11:01:50,212 - utils_portfolio - INFO - Checking if we have correct date
2024-05-10 11:01:50,212 - utils_portfolio - INFO - SNAP - running symbols strategy to get entries and exits
2024-05-10 11:01:50,222 - utils_portfolio - INFO - Evaluating symbol if to open, close, or no change
2024-05-10 11:01:50,250 - utils_strategy - INFO - WDC - downloading data from yfinance
2024-05-10 11:01:50,478 - utils_portfolio - INFO - Checking if we have correct date
2024-05-10 11:01:50,478 - utils_portfolio - INFO - WDC - running symbols strategy to get entries and exits
2024-05-10 11:01:50,485 - utils_portfolio - INFO - Evaluating symbol if to open, close, or no change
2024-05-10 11:01:50,527 - utils_strategy - INFO - MO - downloading data from yfinance
2024-05-10 11:01:50,864 - utils_portfolio - INFO - Checking if we have correct date
2024-05-10 11:01:50,864 - utils_portfolio - INFO - MO - running symbols strategy to get entries and exits
2024-05-10 11:01:50,872 - utils_portfolio - INFO - Evaluating symbol if to open, close, or no change
2024-05-10 11:01:51,069 - utils_strategy - INFO - PM - downloading data from yfinance
2024-05-10 11:01:51,326 - utils_portfolio - INFO - Checking if we have correct date
2024-05-10 11:01:51,326 - utils_portfolio - INFO - PM - running symbols strategy to get entries and exits
2024-05-10 11:01:51,334 - utils_portfolio - INFO - Evaluating symbol if to open, close, or no change
2024-05-10 11:01:51,369 - utils_strategy - INFO - SQ - downloading data from yfinance
2024-05-10 11:01:51,483 - utils_portfolio - INFO - Checking if we have correct date
2024-05-10 11:01:51,483 - utils_portfolio - INFO - SQ - running symbols strategy to get entries and exits
2024-05-10 11:01:51,492 - utils_portfolio - INFO - Evaluating symbol if to open, close, or no change
2024-05-10 11:01:51,521 - utils_strategy - INFO - PDD - downloading data from yfinance
2024-05-10 11:01:51,617 - utils_portfolio - INFO - Checking if we have correct date
2024-05-10 11:01:51,617 - utils_portfolio - INFO - PDD - running symbols strategy to get entries and exits
2024-05-10 11:01:51,628 - utils_portfolio - INFO - Evaluating symbol if to open, close, or no change
2024-05-10 11:01:51,654 - utils_strategy - INFO - ABBV - downloading data from yfinance
2024-05-10 11:01:51,805 - utils_portfolio - INFO - Checking if we have correct date
2024-05-10 11:01:51,805 - utils_portfolio - INFO - ABBV - running symbols strategy to get entries and exits
2024-05-10 11:01:51,813 - utils_portfolio - INFO - Evaluating symbol if to open, close, or no change
2024-05-10 11:01:51,843 - utils_strategy - INFO - ON - downloading data from yfinance
2024-05-10 11:01:52,026 - utils_portfolio - INFO - Checking if we have correct date
2024-05-10 11:01:52,026 - utils_portfolio - INFO - ON - running symbols strategy to get entries and exits
2024-05-10 11:01:52,034 - utils_portfolio - INFO - Evaluating symbol if to open, close, or no change
2024-05-10 11:01:52,069 - utils_strategy - INFO - UPRO - downloading data from yfinance
2024-05-10 11:01:52,255 - utils_portfolio - INFO - Checking if we have correct date
2024-05-10 11:01:52,255 - utils_portfolio - INFO - UPRO - running symbols strategy to get entries and exits
2024-05-10 11:01:52,263 - utils_portfolio - INFO - Evaluating symbol if to open, close, or no change
2024-05-10 11:01:52,293 - utils_strategy - INFO - TSLL - downloading data from yfinance
2024-05-10 11:01:52,419 - utils_portfolio - INFO - Checking if we have correct date
2024-05-10 11:01:52,419 - utils_portfolio - INFO - TSLL - running symbols strategy to get entries and exits
2024-05-10 11:01:52,427 - utils_portfolio - INFO - Evaluating symbol if to open, close, or no change
2024-05-10 11:01:52,450 - utils_strategy - INFO - PBR - downloading data from yfinance
2024-05-10 11:01:52,722 - utils_portfolio - INFO - Checking if we have correct date
2024-05-10 11:01:52,722 - utils_portfolio - INFO - PBR - running symbols strategy to get entries and exits
2024-05-10 11:01:52,730 - utils_portfolio - INFO - Evaluating symbol if to open, close, or no change
2024-05-10 11:01:52,770 - utils_strategy - INFO - MP - downloading data from yfinance
2024-05-10 11:01:52,856 - utils_portfolio - INFO - Checking if we have correct date
2024-05-10 11:01:52,856 - utils_portfolio - INFO - MP - running symbols strategy to get entries and exits
2024-05-10 11:01:52,867 - utils_portfolio - INFO - Evaluating symbol if to open, close, or no change
2024-05-10 11:01:52,894 - utils_strategy - INFO - U - downloading data from yfinance
2024-05-10 11:01:52,991 - utils_portfolio - INFO - Checking if we have correct date
2024-05-10 11:01:52,991 - utils_portfolio - INFO - U - running symbols strategy to get entries and exits
2024-05-10 11:01:53,001 - utils_portfolio - INFO - Evaluating symbol if to open, close, or no change
2024-05-10 11:01:53,027 - root - INFO - Portfolio p4 symbols actions - {'RIOT': 'close', 'NEE': 'no_change', 'SLV': 'open', 'SHOP': 'no_change', 'FAST': 'no_change', 'SPXL': 'no_change', 'VALE': 'no_change', 'SNAP': 'no_change', 'WDC': 'no_change', 'MO': 'no_change', 'PM': 'no_change', 'SQ': 'no_change', 'PDD': 'no_change', 'ABBV': 'no_change', 'ON': 'no_change', 'UPRO': 'no_change', 'TSLL': 'no_change', 'PBR': 'no_change', 'MP': 'no_change', 'U': 'no_change'}
2024-05-10 11:01:53,027 - utils_portfolio - INFO - Submitting orders to close existing positions
2024-05-10 11:01:53,518 - utils_portfolio - INFO - Portfolio p4 - calculating position sizes
2024-05-10 11:01:53,573 - root - INFO - Portfolio p4 position sizes - symbol
RIOT    246.67
NEE     246.08
SLV     246.08
SHOP    246.08
FAST    246.67
SPXL    246.67
VALE    246.08
SNAP    246.67
WDC     246.67
MO      246.08
PM      246.08
SQ      246.08
PDD     246.08
ABBV    246.08
ON      246.08
UPRO    246.67
TSLL    246.08
PBR     246.08
MP      246.08
U       246.08
Name: position, dtype: float64
2024-05-10 11:01:53,573 - utils_portfolio - INFO - Submitting orders to open positions
2024-05-10 11:01:53,952 - root - INFO - XXXXXXXXXXXXXXXXXXXX --- DONE --- XXXXXXXXXXXXXXXXXXXX
