2024-09-07 13:08:17,141 - root - INFO - Logger is setup
2024-09-07 13:08:17,189 - utils_portfolio - INFO - Updating info of portfolio - p1
2024-09-07 13:08:17,252 - utils_portfolio - INFO - Calculating symbols weights
2024-09-07 13:08:17,253 - root - INFO - Portfolio p1 symbols weights - {'PLTR': 0.09090909090909091, 'BTC/USD': 0.09090909090909091, 'AAL': 0.09090909090909091, 'VRT': 0.09090909090909091, 'GBTC': 0.09090909090909091, 'DELL': 0.09090909090909091, 'GM': 0.09090909090909091, 'IYR': 0.09090909090909091, 'DKNG': 0.09090909090909091, 'EBAY': 0.09090909090909091, 'CRWD': 0.09090909090909091}
2024-09-07 13:08:17,253 - utils_strategy - INFO - PLTR - downloading data from alpaca
2024-09-07 13:08:17,798 - utils_portfolio - INFO - Checking if we have correct date
2024-09-07 13:08:17,798 - utils_strategy - INFO - BTC/USD - downloading data from alpaca
2024-09-07 13:08:18,936 - utils_portfolio - INFO - Checking if we have correct date
2024-09-07 13:08:18,937 - utils_portfolio - INFO - BTC/USD - running symbols strategy to get entries and exits
2024-09-07 13:08:18,965 - utils_portfolio - INFO - Evaluating symbol if to open, close, or no change
2024-09-07 13:08:24,447 - utils_strategy - INFO - AAL - downloading data from alpaca
2024-09-07 13:08:25,718 - utils_portfolio - INFO - Checking if we have correct date
2024-09-07 13:08:25,718 - utils_strategy - INFO - VRT - downloading data from alpaca
2024-09-07 13:08:26,731 - utils_portfolio - INFO - Checking if we have correct date
2024-09-07 13:08:26,731 - utils_strategy - INFO - GBTC - downloading data from alpaca
2024-09-07 13:08:27,136 - utils_portfolio - INFO - Checking if we have correct date
2024-09-07 13:08:27,136 - utils_strategy - INFO - DELL - downloading data from alpaca
2024-09-07 13:08:27,851 - utils_portfolio - INFO - Checking if we have correct date
2024-09-07 13:08:27,851 - utils_strategy - INFO - GM - downloading data from alpaca
2024-09-07 13:08:29,171 - utils_portfolio - INFO - Checking if we have correct date
2024-09-07 13:08:29,171 - utils_strategy - INFO - IYR - downloading data from alpaca
2024-09-07 13:08:30,427 - utils_portfolio - INFO - Checking if we have correct date
2024-09-07 13:08:30,427 - utils_strategy - INFO - DKNG - downloading data from alpaca
2024-09-07 13:08:31,364 - utils_portfolio - INFO - Checking if we have correct date
2024-09-07 13:08:31,364 - utils_strategy - INFO - EBAY - downloading data from alpaca
2024-09-07 13:08:32,400 - utils_portfolio - INFO - Checking if we have correct date
2024-09-07 13:08:32,400 - utils_strategy - INFO - CRWD - downloading data from alpaca
2024-09-07 13:08:33,382 - utils_portfolio - INFO - Checking if we have correct date
2024-09-07 13:08:33,382 - root - INFO - Portfolio p1 symbols actions - {'BTCUSD': 'no_change'}
2024-09-07 13:08:33,382 - utils_portfolio - INFO - Submitting orders to close existing positions
2024-09-07 13:08:33,382 - utils_portfolio - INFO - Updating state of portfolio - p1
2024-09-07 13:08:33,383 - utils_portfolio - INFO - Calculating closed trades stats
2024-09-07 13:08:33,383 - utils_portfolio - INFO - Processing symbol - PLTR
2024-09-07 13:08:33,828 - utils_portfolio - INFO - Processing symbol - BTC/USD
2024-09-07 13:08:34,086 - utils_portfolio - INFO - Processing symbol - AAL
2024-09-07 13:08:34,301 - utils_portfolio - INFO - Processing symbol - VRT
2024-09-07 13:08:34,491 - utils_portfolio - INFO - Processing symbol - GBTC
2024-09-07 13:08:34,694 - utils_portfolio - INFO - Processing symbol - DELL
2024-09-07 13:08:34,901 - utils_portfolio - INFO - Processing symbol - GM
2024-09-07 13:08:35,102 - utils_portfolio - INFO - Processing symbol - IYR
2024-09-07 13:08:35,315 - utils_portfolio - INFO - Processing symbol - DKNG
2024-09-07 13:08:35,515 - utils_portfolio - INFO - Processing symbol - EBAY
2024-09-07 13:08:35,722 - utils_portfolio - INFO - Processing symbol - CRWD
2024-09-07 13:08:35,878 - utils_portfolio - INFO - Calculating open trades stats
2024-09-07 13:08:35,879 - utils_portfolio - INFO - Processing symbol - PLTR
2024-09-07 13:08:36,405 - utils_portfolio - INFO - Processing symbol - BTC/USD
2024-09-07 13:08:36,609 - utils_portfolio - INFO - Processing symbol - AAL
2024-09-07 13:08:36,954 - utils_portfolio - INFO - Processing symbol - VRT
2024-09-07 13:08:37,066 - utils_portfolio - INFO - Processing symbol - GBTC
2024-09-07 13:08:37,224 - utils_portfolio - INFO - Processing symbol - DELL
2024-09-07 13:08:37,346 - utils_portfolio - INFO - Processing symbol - GM
2024-09-07 13:08:37,458 - utils_portfolio - INFO - Processing symbol - IYR
2024-09-07 13:08:37,832 - utils_portfolio - INFO - Processing symbol - DKNG
2024-09-07 13:08:37,946 - utils_portfolio - INFO - Processing symbol - EBAY
2024-09-07 13:08:38,145 - utils_portfolio - INFO - Processing symbol - CRWD
2024-09-07 13:08:38,619 - utils_portfolio - INFO - Portfolio p1 - calculating position sizes
2024-09-07 13:08:38,641 - root - INFO - Portfolio p1 position sizes - symbol
PLTR      445.97
BTCUSD    445.97
AAL       446.71
VRT       445.97
GBTC      445.97
DELL      445.97
GM        445.97
IYR       446.71
DKNG      445.97
EBAY      445.97
CRWD      445.97
Name: position, dtype: float64
2024-09-07 13:08:38,641 - utils_portfolio - INFO - Submitting orders to open positions
2024-09-07 13:08:38,641 - root - INFO - XXXXXXXXXXXXXXXXXXXX --- Portfolio p1 - DONE --- XXXXXXXXXXXXXXXXXXXX
2024-09-07 13:08:38,641 - utils_portfolio - INFO - Updating info of portfolio - p2
2024-09-07 13:08:38,694 - utils_portfolio - INFO - Calculating symbols weights
2024-09-07 13:08:38,695 - utils_portfolio - INFO - Calculating closed trades count
2024-09-07 13:12:20,874 - utils_portfolio - INFO - Calculating win rates
