2024-07-08 11:13:03,883 - root - INFO - Logger is setup
2024-07-08 11:13:03,931 - utils_portfolio - INFO - Updating whole portfolio state
2024-07-08 11:13:05,190 - utils_portfolio - INFO - Calculating open trades stats
2024-07-08 11:13:19,257 - utils_portfolio - INFO - Calculating closed trades stats
2024-07-08 11:13:29,853 - utils_portfolio - INFO - Updating info of portfolio - p1
2024-07-08 11:13:29,928 - utils_portfolio - INFO - Calculating symbols weights
2024-07-08 11:13:29,928 - root - INFO - Portfolio p1 symbols weights - {'PLTR': 0.09090909090909091, 'BTC/USD': 0.09090909090909091, 'AAL': 0.09090909090909091, 'VRT': 0.09090909090909091, 'GBTC': 0.09090909090909091, 'DELL': 0.09090909090909091, 'GM': 0.09090909090909091, 'IYR': 0.09090909090909091, 'DKNG': 0.09090909090909091, 'EBAY': 0.09090909090909091, 'CRWD': 0.09090909090909091}
2024-07-08 11:13:29,929 - utils_strategy - INFO - PLTR - downloading data from alpaca
2024-07-08 11:13:30,727 - utils_portfolio - INFO - Checking if we have correct date
2024-07-08 11:13:30,727 - utils_portfolio - INFO - PLTR - running symbols strategy to get entries and exits
2024-07-08 11:13:30,742 - utils_portfolio - INFO - Evaluating symbol if to open, close, or no change
2024-07-08 11:13:36,087 - utils_strategy - INFO - BTC/USD - downloading data from alpaca
2024-07-08 11:13:37,317 - utils_portfolio - INFO - Checking if we have correct date
2024-07-08 11:13:37,317 - utils_portfolio - INFO - BTC/USD - running symbols strategy to get entries and exits
2024-07-08 11:13:37,330 - utils_portfolio - INFO - Evaluating symbol if to open, close, or no change
2024-07-08 11:13:37,361 - utils_strategy - INFO - AAL - downloading data from alpaca
2024-07-08 11:13:38,731 - utils_portfolio - INFO - Checking if we have correct date
2024-07-08 11:13:38,732 - utils_portfolio - INFO - AAL - running symbols strategy to get entries and exits
2024-07-08 11:13:38,754 - utils_portfolio - INFO - Evaluating symbol if to open, close, or no change
2024-07-08 11:13:38,794 - utils_strategy - INFO - VRT - downloading data from alpaca
2024-07-08 11:13:39,780 - utils_portfolio - INFO - Checking if we have correct date
2024-07-08 11:13:39,780 - utils_portfolio - INFO - VRT - running symbols strategy to get entries and exits
2024-07-08 11:13:39,798 - utils_portfolio - INFO - Evaluating symbol if to open, close, or no change
2024-07-08 11:13:39,828 - utils_strategy - INFO - GBTC - downloading data from alpaca
2024-07-08 11:13:40,347 - utils_portfolio - INFO - Checking if we have correct date
2024-07-08 11:13:40,347 - utils_portfolio - INFO - GBTC - running symbols strategy to get entries and exits
2024-07-08 11:13:40,366 - utils_portfolio - INFO - Evaluating symbol if to open, close, or no change
2024-07-08 11:13:40,392 - utils_strategy - INFO - DELL - downloading data from alpaca
2024-07-08 11:13:41,414 - utils_portfolio - INFO - Checking if we have correct date
2024-07-08 11:13:41,414 - utils_portfolio - INFO - DELL - running symbols strategy to get entries and exits
2024-07-08 11:13:41,428 - utils_portfolio - INFO - Evaluating symbol if to open, close, or no change
2024-07-08 11:13:41,461 - utils_strategy - INFO - GM - downloading data from alpaca
2024-07-08 11:13:42,758 - utils_portfolio - INFO - Checking if we have correct date
2024-07-08 11:13:42,758 - utils_portfolio - INFO - GM - running symbols strategy to get entries and exits
2024-07-08 11:13:42,776 - utils_portfolio - INFO - Evaluating symbol if to open, close, or no change
2024-07-08 11:13:42,809 - utils_strategy - INFO - IYR - downloading data from alpaca
2024-07-08 11:13:44,191 - utils_portfolio - INFO - Checking if we have correct date
2024-07-08 11:13:44,192 - utils_portfolio - INFO - IYR - running symbols strategy to get entries and exits
2024-07-08 11:13:44,209 - utils_portfolio - INFO - Evaluating symbol if to open, close, or no change
2024-07-08 11:13:44,241 - utils_strategy - INFO - DKNG - downloading data from alpaca
2024-07-08 11:13:45,204 - utils_portfolio - INFO - Checking if we have correct date
2024-07-08 11:13:45,204 - utils_portfolio - INFO - DKNG - running symbols strategy to get entries and exits
2024-07-08 11:13:45,221 - utils_portfolio - INFO - Evaluating symbol if to open, close, or no change
2024-07-08 11:13:45,255 - utils_strategy - INFO - EBAY - downloading data from alpaca
2024-07-08 11:13:46,547 - utils_portfolio - INFO - Checking if we have correct date
2024-07-08 11:13:46,547 - utils_portfolio - INFO - EBAY - running symbols strategy to get entries and exits
2024-07-08 11:13:46,563 - utils_portfolio - INFO - Evaluating symbol if to open, close, or no change
2024-07-08 11:13:46,599 - utils_strategy - INFO - CRWD - downloading data from alpaca
2024-07-08 11:13:47,561 - utils_portfolio - INFO - Checking if we have correct date
2024-07-08 11:13:47,561 - utils_portfolio - INFO - CRWD - running symbols strategy to get entries and exits
2024-07-08 11:13:47,574 - utils_portfolio - INFO - Evaluating symbol if to open, close, or no change
2024-07-08 11:13:47,604 - root - INFO - Portfolio p1 symbols actions - {'PLTR': 'no_change', 'BTCUSD': 'no_change', 'AAL': 'no_change', 'VRT': 'no_change', 'GBTC': 'no_change', 'DELL': 'no_change', 'GM': 'no_change', 'IYR': 'no_change', 'DKNG': 'no_change', 'EBAY': 'no_change', 'CRWD': 'no_change'}
2024-07-08 11:13:47,604 - utils_portfolio - INFO - Submitting orders to close existing positions
2024-07-08 11:13:47,605 - utils_portfolio - INFO - Updating state of portfolio - p1
2024-07-08 11:13:47,605 - utils_portfolio - INFO - Calculating closed trades stats
2024-07-08 11:13:50,205 - utils_portfolio - INFO - Calculating open trades stats
2024-07-08 11:13:53,621 - utils_portfolio - INFO - Portfolio p1 - calculating position sizes
2024-07-08 11:13:53,647 - root - INFO - Portfolio p1 position sizes - symbol
PLTR      452.42
BTCUSD    452.20
AAL       452.20
VRT       452.42
GBTC      452.20
DELL      452.42
GM        452.20
IYR       452.42
DKNG      452.20
EBAY      452.20
CRWD      452.20
Name: position, dtype: float64
2024-07-08 11:13:53,647 - utils_portfolio - INFO - Submitting orders to open positions
2024-07-08 11:13:53,648 - root - INFO - XXXXXXXXXXXXXXXXXXXX --- Portfolio p1 - DONE --- XXXXXXXXXXXXXXXXXXXX
2024-07-08 11:13:53,648 - utils_portfolio - INFO - Updating info of portfolio - p2
2024-07-08 11:13:53,700 - utils_portfolio - INFO - Calculating symbols weights
2024-07-08 11:13:53,700 - utils_portfolio - INFO - Calculating closed trades count
2024-07-08 11:13:55,924 - root - INFO - Portfolio p2 symbols weights - {'AAPL': 0.1111111111111111, 'GOOGL': 0.1111111111111111, 'META': 0.1111111111111111, 'MRVL': 0.1111111111111111, 'MSTR': 0.1111111111111111, 'SCHD': 0.1111111111111111, 'BITO': 0.1111111111111111, 'AVGO': 0.1111111111111111, 'SOUN': 0.1111111111111111}
2024-07-08 11:13:55,925 - utils_strategy - INFO - AAPL - downloading data from yfinance
2024-07-08 11:13:56,514 - utils_portfolio - INFO - Checking if we have correct date
2024-07-08 11:13:56,515 - utils_portfolio - INFO - AAPL - running symbols strategy to get entries and exits
2024-07-08 11:13:56,522 - utils_portfolio - INFO - Evaluating symbol if to open, close, or no change
2024-07-08 11:13:56,560 - utils_strategy - INFO - GOOGL - downloading data from yfinance
2024-07-08 11:13:56,748 - utils_portfolio - INFO - Checking if we have correct date
2024-07-08 11:13:56,748 - utils_portfolio - INFO - GOOGL - running symbols strategy to get entries and exits
2024-07-08 11:13:56,755 - utils_portfolio - INFO - Evaluating symbol if to open, close, or no change
2024-07-08 11:13:56,790 - utils_strategy - INFO - META - downloading data from yfinance
2024-07-08 11:13:56,936 - utils_portfolio - INFO - Checking if we have correct date
2024-07-08 11:13:56,936 - utils_portfolio - INFO - META - running symbols strategy to get entries and exits
2024-07-08 11:13:56,945 - utils_portfolio - INFO - Evaluating symbol if to open, close, or no change
2024-07-08 11:13:56,976 - utils_strategy - INFO - MRVL - downloading data from yfinance
2024-07-08 11:13:57,198 - utils_portfolio - INFO - Checking if we have correct date
2024-07-08 11:13:57,199 - utils_portfolio - INFO - MRVL - running symbols strategy to get entries and exits
2024-07-08 11:13:57,206 - utils_portfolio - INFO - Evaluating symbol if to open, close, or no change
2024-07-08 11:13:57,431 - utils_strategy - INFO - MSTR - downloading data from yfinance
2024-07-08 11:13:57,671 - utils_portfolio - INFO - Checking if we have correct date
2024-07-08 11:13:57,671 - utils_portfolio - INFO - MSTR - running symbols strategy to get entries and exits
2024-07-08 11:13:57,679 - utils_portfolio - INFO - Evaluating symbol if to open, close, or no change
2024-07-08 11:13:57,714 - utils_strategy - INFO - SCHD - downloading data from yfinance
2024-07-08 11:13:57,899 - utils_portfolio - INFO - Checking if we have correct date
2024-07-08 11:13:57,899 - utils_portfolio - INFO - SCHD - running symbols strategy to get entries and exits
2024-07-08 11:13:57,906 - utils_portfolio - INFO - Evaluating symbol if to open, close, or no change
2024-07-08 11:13:57,937 - utils_strategy - INFO - BITO - downloading data from yfinance
2024-07-08 11:13:58,046 - utils_portfolio - INFO - Checking if we have correct date
2024-07-08 11:13:58,046 - utils_portfolio - INFO - BITO - running symbols strategy to get entries and exits
2024-07-08 11:13:58,055 - utils_portfolio - INFO - Evaluating symbol if to open, close, or no change
2024-07-08 11:13:58,080 - utils_strategy - INFO - AVGO - downloading data from yfinance
2024-07-08 11:13:58,325 - utils_portfolio - INFO - Checking if we have correct date
2024-07-08 11:13:58,325 - utils_portfolio - INFO - AVGO - running symbols strategy to get entries and exits
2024-07-08 11:13:58,332 - utils_portfolio - INFO - Evaluating symbol if to open, close, or no change
2024-07-08 11:13:58,363 - utils_strategy - INFO - SOUN - downloading data from yfinance
2024-07-08 11:13:58,440 - utils_portfolio - INFO - Checking if we have correct date
2024-07-08 11:13:58,441 - utils_portfolio - INFO - SOUN - running symbols strategy to get entries and exits
2024-07-08 11:13:58,452 - utils_portfolio - INFO - Evaluating symbol if to open, close, or no change
2024-07-08 11:13:58,480 - root - INFO - Portfolio p2 symbols actions - {'AAPL': 'no_change', 'GOOGL': 'no_change', 'META': 'open', 'MRVL': 'no_change', 'MSTR': 'no_change', 'SCHD': 'no_change', 'BITO': 'no_change', 'AVGO': 'no_change', 'SOUN': 'no_change'}
2024-07-08 11:13:58,480 - utils_portfolio - INFO - Submitting orders to close existing positions
2024-07-08 11:13:58,480 - utils_portfolio - INFO - Updating state of portfolio - p2
2024-07-08 11:13:58,481 - utils_portfolio - INFO - Calculating closed trades stats
2024-07-08 11:14:00,754 - utils_portfolio - INFO - Calculating open trades stats
2024-07-08 11:14:03,637 - utils_portfolio - INFO - Portfolio p2 - calculating position sizes
2024-07-08 11:14:03,661 - root - INFO - Portfolio p2 position sizes - symbol
AAPL     595.65
GOOGL    595.65
META     595.65
MRVL     595.65
MSTR     595.65
SCHD     595.65
BITO     595.65
AVGO     595.65
SOUN     595.65
Name: position, dtype: float64
2024-07-08 11:14:03,661 - utils_portfolio - INFO - Submitting orders to open positions
2024-07-08 11:14:04,199 - root - INFO - XXXXXXXXXXXXXXXXXXXX --- Portfolio p2 - DONE --- XXXXXXXXXXXXXXXXXXXX
2024-07-08 11:14:04,200 - utils_portfolio - INFO - Updating info of portfolio - p3
2024-07-08 11:14:04,272 - utils_portfolio - INFO - Calculating symbols weights
2024-07-08 11:14:04,272 - root - INFO - Portfolio p3 symbols weights - {'TSLA': 0.1, 'NVDA': 0.1, 'AMD': 0.1, 'QQQ': 0.1, 'AMZN': 0.1, 'TQQQ': 0.1, 'VOO': 0.1, 'BABA': 0.1, 'BA': 0.1, 'XLI': 0.1}
2024-07-08 11:14:04,273 - utils_strategy - INFO - TSLA - downloading data from yfinance
2024-07-08 11:14:04,510 - utils_portfolio - INFO - Checking if we have correct date
2024-07-08 11:14:04,510 - utils_portfolio - INFO - TSLA - running symbols strategy to get entries and exits
2024-07-08 11:14:04,518 - utils_portfolio - INFO - Evaluating symbol if to open, close, or no change
2024-07-08 11:14:04,549 - utils_strategy - INFO - NVDA - downloading data from yfinance
2024-07-08 11:14:04,784 - utils_portfolio - INFO - Checking if we have correct date
2024-07-08 11:14:04,784 - utils_portfolio - INFO - NVDA - running symbols strategy to get entries and exits
2024-07-08 11:14:04,791 - utils_portfolio - INFO - Evaluating symbol if to open, close, or no change
2024-07-08 11:14:04,829 - utils_strategy - INFO - AMD - downloading data from yfinance
2024-07-08 11:14:05,102 - utils_portfolio - INFO - Checking if we have correct date
2024-07-08 11:14:05,102 - utils_portfolio - INFO - AMD - running symbols strategy to get entries and exits
2024-07-08 11:14:05,110 - utils_portfolio - INFO - Evaluating symbol if to open, close, or no change
2024-07-08 11:14:05,154 - utils_strategy - INFO - QQQ - downloading data from yfinance
2024-07-08 11:14:05,409 - utils_portfolio - INFO - Checking if we have correct date
2024-07-08 11:14:05,409 - utils_portfolio - INFO - QQQ - running symbols strategy to get entries and exits
2024-07-08 11:14:05,416 - utils_portfolio - INFO - Evaluating symbol if to open, close, or no change
2024-07-08 11:14:05,452 - utils_strategy - INFO - AMZN - downloading data from yfinance
2024-07-08 11:14:05,675 - utils_portfolio - INFO - Checking if we have correct date
2024-07-08 11:14:05,675 - utils_portfolio - INFO - AMZN - running symbols strategy to get entries and exits
2024-07-08 11:14:05,683 - utils_portfolio - INFO - Evaluating symbol if to open, close, or no change
2024-07-08 11:14:05,719 - utils_strategy - INFO - TQQQ - downloading data from yfinance
2024-07-08 11:14:05,884 - utils_portfolio - INFO - Checking if we have correct date
2024-07-08 11:14:05,884 - utils_portfolio - INFO - TQQQ - running symbols strategy to get entries and exits
2024-07-08 11:14:05,892 - utils_portfolio - INFO - Evaluating symbol if to open, close, or no change
2024-07-08 11:14:05,922 - utils_strategy - INFO - VOO - downloading data from yfinance
2024-07-08 11:14:06,107 - utils_portfolio - INFO - Checking if we have correct date
2024-07-08 11:14:06,107 - utils_portfolio - INFO - VOO - running symbols strategy to get entries and exits
2024-07-08 11:14:06,114 - utils_portfolio - INFO - Evaluating symbol if to open, close, or no change
2024-07-08 11:14:06,145 - utils_strategy - INFO - BABA - downloading data from yfinance
2024-07-08 11:14:06,284 - utils_portfolio - INFO - Checking if we have correct date
2024-07-08 11:14:06,284 - utils_portfolio - INFO - BABA - running symbols strategy to get entries and exits
2024-07-08 11:14:06,292 - utils_portfolio - INFO - Evaluating symbol if to open, close, or no change
2024-07-08 11:14:06,480 - utils_strategy - INFO - BA - downloading data from yfinance
2024-07-08 11:14:06,878 - utils_portfolio - INFO - Checking if we have correct date
2024-07-08 11:14:06,878 - utils_portfolio - INFO - BA - running symbols strategy to get entries and exits
2024-07-08 11:14:06,886 - utils_portfolio - INFO - Evaluating symbol if to open, close, or no change
2024-07-08 11:14:06,925 - utils_strategy - INFO - XLI - downloading data from yfinance
2024-07-08 11:14:07,172 - utils_portfolio - INFO - Checking if we have correct date
2024-07-08 11:14:07,172 - utils_portfolio - INFO - XLI - running symbols strategy to get entries and exits
2024-07-08 11:14:07,180 - utils_portfolio - INFO - Evaluating symbol if to open, close, or no change
2024-07-08 11:14:07,217 - root - INFO - Portfolio p3 symbols actions - {'TSLA': 'open', 'NVDA': 'open', 'AMD': 'no_change', 'QQQ': 'no_change', 'AMZN': 'no_change', 'TQQQ': 'no_change', 'VOO': 'no_change', 'BABA': 'open', 'BA': 'no_change', 'XLI': 'no_change'}
2024-07-08 11:14:07,218 - utils_portfolio - INFO - Submitting orders to close existing positions
2024-07-08 11:14:07,218 - utils_portfolio - INFO - Updating state of portfolio - p3
2024-07-08 11:14:07,218 - utils_portfolio - INFO - Calculating closed trades stats
2024-07-08 11:14:09,660 - utils_portfolio - INFO - Calculating open trades stats
2024-07-08 11:14:13,273 - utils_portfolio - INFO - Portfolio p3 - calculating position sizes
2024-07-08 11:14:13,294 - root - INFO - Portfolio p3 position sizes - symbol
TSLA    494.39
NVDA    494.39
AMD     494.39
QQQ     494.39
AMZN    494.39
TQQQ    494.39
VOO     494.39
BABA    494.39
BA      494.39
XLI     494.39
Name: position, dtype: float64
2024-07-08 11:14:13,294 - utils_portfolio - INFO - Submitting orders to open positions
2024-07-08 11:14:14,235 - root - INFO - XXXXXXXXXXXXXXXXXXXX --- Portfolio p3 - DONE --- XXXXXXXXXXXXXXXXXXXX
2024-07-08 11:14:14,237 - utils_portfolio - INFO - Updating info of portfolio - p4
2024-07-08 11:14:14,378 - utils_portfolio - INFO - Calculating symbols weights
2024-07-08 11:14:14,379 - root - INFO - Portfolio p4 symbols weights - {'RIOT': 0.05, 'NEE': 0.05, 'SLV': 0.05, 'SHOP': 0.05, 'FAST': 0.05, 'SPXL': 0.05, 'VALE': 0.05, 'SNAP': 0.05, 'WDC': 0.05, 'MO': 0.05, 'PM': 0.05, 'SQ': 0.05, 'PDD': 0.05, 'ABBV': 0.05, 'ON': 0.05, 'UPRO': 0.05, 'TSLL': 0.05, 'PBR': 0.05, 'MP': 0.05, 'U': 0.05}
2024-07-08 11:14:14,379 - utils_strategy - INFO - RIOT - downloading data from yfinance
2024-07-08 11:14:14,575 - utils_portfolio - INFO - Checking if we have correct date
2024-07-08 11:14:14,575 - utils_portfolio - INFO - RIOT - running symbols strategy to get entries and exits
2024-07-08 11:14:14,583 - utils_portfolio - INFO - Evaluating symbol if to open, close, or no change
2024-07-08 11:14:14,613 - utils_strategy - INFO - NEE - downloading data from yfinance
2024-07-08 11:14:14,953 - utils_portfolio - INFO - Checking if we have correct date
2024-07-08 11:14:14,953 - utils_portfolio - INFO - NEE - running symbols strategy to get entries and exits
2024-07-08 11:14:14,961 - utils_portfolio - INFO - Evaluating symbol if to open, close, or no change
2024-07-08 11:14:14,999 - utils_strategy - INFO - SLV - downloading data from yfinance
2024-07-08 11:14:15,170 - utils_portfolio - INFO - Checking if we have correct date
2024-07-08 11:14:15,171 - utils_portfolio - INFO - SLV - running symbols strategy to get entries and exits
2024-07-08 11:14:15,178 - utils_portfolio - INFO - Evaluating symbol if to open, close, or no change
2024-07-08 11:14:15,211 - utils_strategy - INFO - SHOP - downloading data from yfinance
2024-07-08 11:14:15,330 - utils_portfolio - INFO - Checking if we have correct date
2024-07-08 11:14:15,331 - utils_portfolio - INFO - SHOP - running symbols strategy to get entries and exits
2024-07-08 11:14:15,338 - utils_portfolio - INFO - Evaluating symbol if to open, close, or no change
2024-07-08 11:14:15,365 - utils_strategy - INFO - FAST - downloading data from yfinance
2024-07-08 11:14:15,660 - utils_portfolio - INFO - Checking if we have correct date
2024-07-08 11:14:15,661 - utils_portfolio - INFO - FAST - running symbols strategy to get entries and exits
2024-07-08 11:14:15,668 - utils_portfolio - INFO - Evaluating symbol if to open, close, or no change
2024-07-08 11:14:15,706 - utils_strategy - INFO - SPXL - downloading data from yfinance
2024-07-08 11:14:15,981 - utils_portfolio - INFO - Checking if we have correct date
2024-07-08 11:14:15,981 - utils_portfolio - INFO - SPXL - running symbols strategy to get entries and exits
2024-07-08 11:14:15,988 - utils_portfolio - INFO - Evaluating symbol if to open, close, or no change
2024-07-08 11:14:16,025 - utils_strategy - INFO - VALE - downloading data from yfinance
2024-07-08 11:14:16,243 - utils_portfolio - INFO - Checking if we have correct date
2024-07-08 11:14:16,243 - utils_portfolio - INFO - VALE - running symbols strategy to get entries and exits
2024-07-08 11:14:16,250 - utils_portfolio - INFO - Evaluating symbol if to open, close, or no change
2024-07-08 11:14:16,282 - utils_strategy - INFO - SNAP - downloading data from yfinance
2024-07-08 11:14:16,395 - utils_portfolio - INFO - Checking if we have correct date
2024-07-08 11:14:16,396 - utils_portfolio - INFO - SNAP - running symbols strategy to get entries and exits
2024-07-08 11:14:16,406 - utils_portfolio - INFO - Evaluating symbol if to open, close, or no change
2024-07-08 11:14:16,433 - utils_strategy - INFO - WDC - downloading data from yfinance
2024-07-08 11:14:16,651 - utils_portfolio - INFO - Checking if we have correct date
2024-07-08 11:14:16,651 - utils_portfolio - INFO - WDC - running symbols strategy to get entries and exits
2024-07-08 11:14:16,658 - utils_portfolio - INFO - Evaluating symbol if to open, close, or no change
2024-07-08 11:14:16,697 - utils_strategy - INFO - MO - downloading data from yfinance
2024-07-08 11:14:17,038 - utils_portfolio - INFO - Checking if we have correct date
2024-07-08 11:14:17,038 - utils_portfolio - INFO - MO - running symbols strategy to get entries and exits
2024-07-08 11:14:17,045 - utils_portfolio - INFO - Evaluating symbol if to open, close, or no change
2024-07-08 11:14:17,242 - utils_strategy - INFO - PM - downloading data from yfinance
2024-07-08 11:14:17,480 - utils_portfolio - INFO - Checking if we have correct date
2024-07-08 11:14:17,480 - utils_portfolio - INFO - PM - running symbols strategy to get entries and exits
2024-07-08 11:14:17,487 - utils_portfolio - INFO - Evaluating symbol if to open, close, or no change
2024-07-08 11:14:17,520 - utils_strategy - INFO - SQ - downloading data from yfinance
2024-07-08 11:14:17,645 - utils_portfolio - INFO - Checking if we have correct date
2024-07-08 11:14:17,646 - utils_portfolio - INFO - SQ - running symbols strategy to get entries and exits
2024-07-08 11:14:17,655 - utils_portfolio - INFO - Evaluating symbol if to open, close, or no change
2024-07-08 11:14:17,682 - utils_strategy - INFO - PDD - downloading data from yfinance
2024-07-08 11:14:17,794 - utils_portfolio - INFO - Checking if we have correct date
2024-07-08 11:14:17,794 - utils_portfolio - INFO - PDD - running symbols strategy to get entries and exits
2024-07-08 11:14:17,805 - utils_portfolio - INFO - Evaluating symbol if to open, close, or no change
2024-07-08 11:14:17,831 - utils_strategy - INFO - ABBV - downloading data from yfinance
2024-07-08 11:14:17,990 - utils_portfolio - INFO - Checking if we have correct date
2024-07-08 11:14:17,990 - utils_portfolio - INFO - ABBV - running symbols strategy to get entries and exits
2024-07-08 11:14:17,997 - utils_portfolio - INFO - Evaluating symbol if to open, close, or no change
2024-07-08 11:14:18,027 - utils_strategy - INFO - ON - downloading data from yfinance
2024-07-08 11:14:18,344 - utils_portfolio - INFO - Checking if we have correct date
2024-07-08 11:14:18,344 - utils_portfolio - INFO - ON - running symbols strategy to get entries and exits
2024-07-08 11:14:18,352 - utils_portfolio - INFO - Evaluating symbol if to open, close, or no change
2024-07-08 11:14:18,407 - utils_strategy - INFO - UPRO - downloading data from yfinance
2024-07-08 11:14:18,629 - utils_portfolio - INFO - Checking if we have correct date
2024-07-08 11:14:18,630 - utils_portfolio - INFO - UPRO - running symbols strategy to get entries and exits
2024-07-08 11:14:18,637 - utils_portfolio - INFO - Evaluating symbol if to open, close, or no change
2024-07-08 11:14:18,667 - utils_strategy - INFO - TSLL - downloading data from yfinance
2024-07-08 11:14:18,771 - utils_portfolio - INFO - Checking if we have correct date
2024-07-08 11:14:18,771 - utils_portfolio - INFO - TSLL - running symbols strategy to get entries and exits
2024-07-08 11:14:18,782 - utils_portfolio - INFO - Evaluating symbol if to open, close, or no change
2024-07-08 11:14:18,808 - utils_strategy - INFO - PBR - downloading data from yfinance
2024-07-08 11:14:19,039 - utils_portfolio - INFO - Checking if we have correct date
2024-07-08 11:14:19,039 - utils_portfolio - INFO - PBR - running symbols strategy to get entries and exits
2024-07-08 11:14:19,046 - utils_portfolio - INFO - Evaluating symbol if to open, close, or no change
2024-07-08 11:14:19,083 - utils_strategy - INFO - MP - downloading data from yfinance
2024-07-08 11:14:19,225 - utils_portfolio - INFO - Checking if we have correct date
2024-07-08 11:14:19,225 - utils_portfolio - INFO - MP - running symbols strategy to get entries and exits
2024-07-08 11:14:19,238 - utils_portfolio - INFO - Evaluating symbol if to open, close, or no change
2024-07-08 11:14:19,266 - utils_strategy - INFO - U - downloading data from yfinance
2024-07-08 11:14:19,368 - utils_portfolio - INFO - Checking if we have correct date
2024-07-08 11:14:19,368 - utils_portfolio - INFO - U - running symbols strategy to get entries and exits
2024-07-08 11:14:19,380 - utils_portfolio - INFO - Evaluating symbol if to open, close, or no change
2024-07-08 11:14:19,404 - root - INFO - Portfolio p4 symbols actions - {'RIOT': 'no_change', 'NEE': 'no_change', 'SLV': 'no_change', 'SHOP': 'open', 'FAST': 'no_change', 'SPXL': 'no_change', 'VALE': 'open', 'SNAP': 'no_change', 'WDC': 'no_change', 'MO': 'no_change', 'PM': 'no_change', 'SQ': 'no_change', 'PDD': 'no_change', 'ABBV': 'no_change', 'ON': 'no_change', 'UPRO': 'no_change', 'TSLL': 'no_change', 'PBR': 'no_change', 'MP': 'no_change', 'U': 'no_change'}
2024-07-08 11:14:19,405 - utils_portfolio - INFO - Submitting orders to close existing positions
2024-07-08 11:14:19,405 - utils_portfolio - INFO - Updating state of portfolio - p4
2024-07-08 11:14:19,405 - utils_portfolio - INFO - Calculating closed trades stats
2024-07-08 11:14:23,792 - utils_portfolio - INFO - Calculating open trades stats
2024-07-08 11:14:30,171 - utils_portfolio - INFO - Portfolio p4 - calculating position sizes
2024-07-08 11:14:30,190 - root - INFO - Portfolio p4 position sizes - symbol
RIOT    255.69
NEE     255.69
SLV     255.69
SHOP    255.69
FAST    255.69
SPXL    255.69
VALE    255.69
SNAP    255.69
WDC     255.69
MO      255.69
PM      255.69
SQ      255.69
PDD     255.69
ABBV    255.69
ON      255.69
UPRO    255.69
TSLL    255.69
PBR     255.69
MP      255.69
U       255.69
Name: position, dtype: float64
2024-07-08 11:14:30,190 - utils_portfolio - INFO - Submitting orders to open positions
2024-07-08 11:14:30,926 - root - INFO - XXXXXXXXXXXXXXXXXXXX --- Portfolio p4 - DONE --- XXXXXXXXXXXXXXXXXXXX
2024-07-08 11:14:30,926 - utils_portfolio - INFO - Updating state of symbols
2024-07-08 11:14:30,927 - utils_portfolio - INFO - Calculating closed trades stats
2024-07-08 11:14:41,507 - utils_portfolio - INFO - Calculating open trades stats
2024-07-08 11:14:56,843 - utils_portfolio - INFO - Updating symbol stats - SPXL
2024-07-08 11:14:56,877 - utils_portfolio - INFO - Updating symbol stats - TSLL
2024-07-08 11:14:56,899 - utils_portfolio - INFO - Updating symbol stats - ABBV
2024-07-08 11:14:56,919 - utils_portfolio - INFO - Updating symbol stats - VALE
2024-07-08 11:14:56,940 - utils_portfolio - INFO - Updating symbol stats - SNAP
2024-07-08 11:14:56,961 - utils_portfolio - INFO - Updating symbol stats - BABA
2024-07-08 11:14:56,982 - utils_portfolio - INFO - Updating symbol stats - EBAY
2024-07-08 11:14:57,003 - utils_portfolio - INFO - Updating symbol stats - QQQ
2024-07-08 11:14:57,024 - utils_portfolio - INFO - Updating symbol stats - ON
2024-07-08 11:14:57,047 - utils_portfolio - INFO - Updating symbol stats - GM
2024-07-08 11:14:57,069 - utils_portfolio - INFO - Updating symbol stats - CRWD
2024-07-08 11:14:57,101 - utils_portfolio - INFO - Updating symbol stats - GOOGL
2024-07-08 11:14:57,136 - utils_portfolio - INFO - Updating symbol stats - PM
2024-07-08 11:14:57,158 - utils_portfolio - INFO - Updating symbol stats - AMD
2024-07-08 11:14:57,179 - utils_portfolio - INFO - Updating symbol stats - MO
2024-07-08 11:14:57,200 - utils_portfolio - INFO - Updating symbol stats - AVGO
2024-07-08 11:14:57,221 - utils_portfolio - INFO - Updating symbol stats - FAST
2024-07-08 11:14:57,241 - utils_portfolio - INFO - Updating symbol stats - AAL
2024-07-08 11:14:57,264 - utils_portfolio - INFO - Updating symbol stats - RIOT
2024-07-08 11:14:57,285 - utils_portfolio - INFO - Updating symbol stats - XLI
2024-07-08 11:14:57,307 - utils_portfolio - INFO - Updating symbol stats - SQ
2024-07-08 11:14:57,329 - utils_portfolio - INFO - Updating symbol stats - NEE
2024-07-08 11:14:57,360 - utils_portfolio - INFO - Updating symbol stats - TQQQ
2024-07-08 11:14:57,381 - utils_portfolio - INFO - Updating symbol stats - PDD
2024-07-08 11:14:57,411 - utils_portfolio - INFO - Updating symbol stats - BA
2024-07-08 11:14:57,433 - utils_portfolio - INFO - Updating symbol stats - DELL
2024-07-08 11:14:57,473 - utils_portfolio - INFO - Updating symbol stats - SLV
2024-07-08 11:14:57,503 - utils_portfolio - INFO - Updating symbol stats - TSLA
2024-07-08 11:14:57,524 - utils_portfolio - INFO - Updating symbol stats - BTC/USD
2024-07-08 11:14:57,544 - utils_portfolio - INFO - Updating symbol stats - GBTC
2024-07-08 11:14:57,566 - utils_portfolio - INFO - Updating symbol stats - VRT
2024-07-08 11:14:57,587 - utils_portfolio - INFO - Updating symbol stats - MSTR
2024-07-08 11:14:57,609 - utils_portfolio - INFO - Updating symbol stats - SHOP
2024-07-08 11:14:57,630 - utils_portfolio - INFO - Updating symbol stats - U
2024-07-08 11:14:57,651 - utils_portfolio - INFO - Updating symbol stats - PBR
2024-07-08 11:14:57,692 - utils_portfolio - INFO - Updating symbol stats - SOUN
2024-07-08 11:14:57,717 - utils_portfolio - INFO - Updating symbol stats - NVDA
2024-07-08 11:14:57,746 - utils_portfolio - INFO - Updating symbol stats - AAPL
2024-07-08 11:14:57,793 - utils_portfolio - INFO - Updating symbol stats - META
2024-07-08 11:14:57,816 - utils_portfolio - INFO - Updating symbol stats - SCHD
2024-07-08 11:14:57,839 - utils_portfolio - INFO - Updating symbol stats - DKNG
2024-07-08 11:14:57,871 - utils_portfolio - INFO - Updating symbol stats - MRVL
2024-07-08 11:14:57,893 - utils_portfolio - INFO - Updating symbol stats - AMZN
2024-07-08 11:14:57,914 - utils_portfolio - INFO - Updating symbol stats - VOO
2024-07-08 11:14:57,934 - utils_portfolio - INFO - Updating symbol stats - WDC
2024-07-08 11:14:57,956 - utils_portfolio - INFO - Updating symbol stats - BITO
2024-07-08 11:14:57,976 - utils_portfolio - INFO - Updating symbol stats - MP
2024-07-08 11:14:57,998 - utils_portfolio - INFO - Updating symbol stats - IYR
2024-07-08 11:14:58,020 - utils_portfolio - INFO - Updating symbol stats - UPRO
2024-07-08 11:14:58,041 - utils_portfolio - INFO - Updating symbol stats - PLTR
2024-07-08 11:14:58,075 - root - INFO - XXXXXXXXXXXXXXXXXXXX --- Everything DONE --- XXXXXXXXXXXXXXXXXXXX
