2024-06-23 10:48:30,462 - root - INFO - Logger is setup
2024-06-23 10:48:30,507 - utils_portfolio - INFO - Updating whole portfolio state
2024-06-23 10:48:31,761 - utils_portfolio - INFO - Calculating open trades stats
2024-06-23 10:48:46,018 - utils_portfolio - INFO - Calculating closed trades stats
2024-06-23 10:48:56,198 - utils_portfolio - INFO - Updating info of portfolio - p1
2024-06-23 10:48:56,261 - utils_portfolio - INFO - Calculating symbols weights
2024-06-23 10:48:56,261 - root - INFO - Portfolio p1 symbols weights - {'PLTR': 0.09090909090909091, 'BTC/USD': 0.09090909090909091, 'AAL': 0.09090909090909091, 'VRT': 0.09090909090909091, 'GBTC': 0.09090909090909091, 'DELL': 0.09090909090909091, 'GM': 0.09090909090909091, 'IYR': 0.09090909090909091, 'DKNG': 0.09090909090909091, 'EBAY': 0.09090909090909091, 'CRWD': 0.09090909090909091}
2024-06-23 10:48:56,262 - utils_strategy - INFO - PLTR - downloading data from alpaca
2024-06-23 10:48:57,093 - utils_portfolio - INFO - Checking if we have correct date
2024-06-23 10:48:57,093 - utils_strategy - INFO - BTC/USD - downloading data from alpaca
2024-06-23 10:48:58,129 - utils_portfolio - INFO - Checking if we have correct date
2024-06-23 10:48:58,129 - utils_portfolio - INFO - BTC/USD - running symbols strategy to get entries and exits
2024-06-23 10:48:58,145 - utils_portfolio - INFO - Evaluating symbol if to open, close, or no change
2024-06-23 10:49:03,342 - utils_strategy - INFO - AAL - downloading data from alpaca
2024-06-23 10:49:04,699 - utils_portfolio - INFO - Checking if we have correct date
2024-06-23 10:49:04,699 - utils_strategy - INFO - VRT - downloading data from alpaca
2024-06-23 10:49:05,714 - utils_portfolio - INFO - Checking if we have correct date
2024-06-23 10:49:05,714 - utils_strategy - INFO - GBTC - downloading data from alpaca
2024-06-23 10:49:06,278 - utils_portfolio - INFO - Checking if we have correct date
2024-06-23 10:49:06,279 - utils_strategy - INFO - DELL - downloading data from alpaca
2024-06-23 10:49:07,246 - utils_portfolio - INFO - Checking if we have correct date
2024-06-23 10:49:07,246 - utils_strategy - INFO - GM - downloading data from alpaca
2024-06-23 10:49:08,459 - utils_portfolio - INFO - Checking if we have correct date
2024-06-23 10:49:08,460 - utils_strategy - INFO - IYR - downloading data from alpaca
2024-06-23 10:49:09,825 - utils_portfolio - INFO - Checking if we have correct date
2024-06-23 10:49:09,825 - utils_strategy - INFO - DKNG - downloading data from alpaca
2024-06-23 10:49:10,628 - utils_portfolio - INFO - Checking if we have correct date
2024-06-23 10:49:10,628 - utils_strategy - INFO - EBAY - downloading data from alpaca
2024-06-23 10:49:12,056 - utils_portfolio - INFO - Checking if we have correct date
2024-06-23 10:49:12,056 - utils_strategy - INFO - CRWD - downloading data from alpaca
2024-06-23 10:49:13,090 - utils_portfolio - INFO - Checking if we have correct date
2024-06-23 10:49:13,090 - root - INFO - Portfolio p1 symbols actions - {'BTCUSD': 'no_change'}
2024-06-23 10:49:13,090 - utils_portfolio - INFO - Submitting orders to close existing positions
2024-06-23 10:49:13,091 - utils_portfolio - INFO - Updating state of portfolio - p1
2024-06-23 10:49:13,091 - utils_portfolio - INFO - Calculating closed trades stats
2024-06-23 10:49:15,520 - utils_portfolio - INFO - Calculating open trades stats
2024-06-23 10:49:19,130 - utils_portfolio - INFO - Portfolio p1 - calculating position sizes
2024-06-23 10:49:19,148 - root - INFO - Portfolio p1 position sizes - symbol
PLTR      449.21
BTCUSD    444.82
AAL       444.82
VRT       444.82
GBTC      444.82
DELL      449.21
GM        449.21
IYR       444.82
DKNG      449.21
EBAY      449.21
CRWD      449.21
Name: position, dtype: float64
2024-06-23 10:49:19,149 - utils_portfolio - INFO - Submitting orders to open positions
2024-06-23 10:49:19,149 - root - INFO - XXXXXXXXXXXXXXXXXXXX --- DONE --- XXXXXXXXXXXXXXXXXXXX
2024-06-23 10:49:19,149 - utils_portfolio - INFO - Updating info of portfolio - p2
2024-06-23 10:49:19,209 - utils_portfolio - INFO - Calculating symbols weights
2024-06-23 10:49:19,209 - utils_portfolio - INFO - Calculating closed trades count
2024-06-23 10:49:21,347 - root - INFO - Portfolio p2 symbols weights - {'AAPL': 0.1111111111111111, 'GOOGL': 0.1111111111111111, 'META': 0.1111111111111111, 'MRVL': 0.1111111111111111, 'MSTR': 0.1111111111111111, 'SCHD': 0.1111111111111111, 'BITO': 0.1111111111111111, 'AVGO': 0.1111111111111111, 'SOUN': 0.1111111111111111}
2024-06-23 10:49:21,349 - utils_strategy - INFO - AAPL - downloading data from yfinance
2024-06-23 10:49:21,899 - utils_portfolio - INFO - Checking if we have correct date
2024-06-23 10:49:21,899 - utils_strategy - INFO - GOOGL - downloading data from yfinance
2024-06-23 10:49:22,124 - utils_portfolio - INFO - Checking if we have correct date
2024-06-23 10:49:22,124 - utils_strategy - INFO - META - downloading data from yfinance
2024-06-23 10:49:22,314 - utils_portfolio - INFO - Checking if we have correct date
2024-06-23 10:49:22,315 - utils_strategy - INFO - MRVL - downloading data from yfinance
2024-06-23 10:49:22,608 - utils_portfolio - INFO - Checking if we have correct date
2024-06-23 10:49:22,609 - utils_strategy - INFO - MSTR - downloading data from yfinance
2024-06-23 10:49:22,888 - utils_portfolio - INFO - Checking if we have correct date
2024-06-23 10:49:22,888 - utils_strategy - INFO - SCHD - downloading data from yfinance
2024-06-23 10:49:23,030 - utils_portfolio - INFO - Checking if we have correct date
2024-06-23 10:49:23,031 - utils_strategy - INFO - BITO - downloading data from yfinance
2024-06-23 10:49:23,150 - utils_portfolio - INFO - Checking if we have correct date
2024-06-23 10:49:23,150 - utils_strategy - INFO - AVGO - downloading data from yfinance
2024-06-23 10:49:23,352 - utils_portfolio - INFO - Checking if we have correct date
2024-06-23 10:49:23,352 - utils_strategy - INFO - SOUN - downloading data from yfinance
2024-06-23 10:49:23,433 - utils_portfolio - INFO - Checking if we have correct date
2024-06-23 10:49:23,433 - root - INFO - Portfolio p2 symbols actions - {}
2024-06-23 10:49:23,433 - utils_portfolio - INFO - Submitting orders to close existing positions
2024-06-23 10:49:23,434 - utils_portfolio - INFO - Updating state of portfolio - p2
2024-06-23 10:49:23,434 - utils_portfolio - INFO - Calculating closed trades stats
2024-06-23 10:49:25,498 - utils_portfolio - INFO - Calculating open trades stats
2024-06-23 10:49:28,174 - utils_portfolio - INFO - Portfolio p2 - calculating position sizes
2024-06-23 10:49:28,190 - root - INFO - Portfolio p2 position sizes - symbol
AAPL     595.85
GOOGL    595.85
META     595.85
MRVL     595.85
MSTR     595.85
SCHD     595.85
BITO     595.85
AVGO     595.85
SOUN     595.85
Name: position, dtype: float64
2024-06-23 10:49:28,190 - utils_portfolio - INFO - Submitting orders to open positions
2024-06-23 10:49:28,190 - root - INFO - XXXXXXXXXXXXXXXXXXXX --- DONE --- XXXXXXXXXXXXXXXXXXXX
2024-06-23 10:49:28,190 - utils_portfolio - INFO - Updating info of portfolio - p3
2024-06-23 10:49:28,250 - utils_portfolio - INFO - Calculating symbols weights
2024-06-23 10:49:28,250 - root - INFO - Portfolio p3 symbols weights - {'TSLA': 0.1, 'NVDA': 0.1, 'AMD': 0.1, 'QQQ': 0.1, 'AMZN': 0.1, 'TQQQ': 0.1, 'VOO': 0.1, 'BABA': 0.1, 'BA': 0.1, 'XLI': 0.1}
2024-06-23 10:49:28,251 - utils_strategy - INFO - TSLA - downloading data from yfinance
2024-06-23 10:49:28,481 - utils_portfolio - INFO - Checking if we have correct date
2024-06-23 10:49:28,481 - utils_strategy - INFO - NVDA - downloading data from yfinance
2024-06-23 10:49:28,926 - utils_portfolio - INFO - Checking if we have correct date
2024-06-23 10:49:28,927 - utils_strategy - INFO - AMD - downloading data from yfinance
2024-06-23 10:49:29,148 - utils_portfolio - INFO - Checking if we have correct date
2024-06-23 10:49:29,148 - utils_strategy - INFO - QQQ - downloading data from yfinance
2024-06-23 10:49:29,418 - utils_portfolio - INFO - Checking if we have correct date
2024-06-23 10:49:29,418 - utils_strategy - INFO - AMZN - downloading data from yfinance
2024-06-23 10:49:29,636 - utils_portfolio - INFO - Checking if we have correct date
2024-06-23 10:49:29,636 - utils_strategy - INFO - TQQQ - downloading data from yfinance
2024-06-23 10:49:29,825 - utils_portfolio - INFO - Checking if we have correct date
2024-06-23 10:49:29,825 - utils_strategy - INFO - VOO - downloading data from yfinance
2024-06-23 10:49:30,098 - utils_portfolio - INFO - Checking if we have correct date
2024-06-23 10:49:30,098 - utils_strategy - INFO - BABA - downloading data from yfinance
2024-06-23 10:49:30,243 - utils_portfolio - INFO - Checking if we have correct date
2024-06-23 10:49:30,243 - utils_strategy - INFO - BA - downloading data from yfinance
2024-06-23 10:49:30,626 - utils_portfolio - INFO - Checking if we have correct date
2024-06-23 10:49:30,626 - utils_strategy - INFO - XLI - downloading data from yfinance
2024-06-23 10:49:30,886 - utils_portfolio - INFO - Checking if we have correct date
2024-06-23 10:49:30,887 - root - INFO - Portfolio p3 symbols actions - {}
2024-06-23 10:49:30,887 - utils_portfolio - INFO - Submitting orders to close existing positions
2024-06-23 10:49:30,887 - utils_portfolio - INFO - Updating state of portfolio - p3
2024-06-23 10:49:30,887 - utils_portfolio - INFO - Calculating closed trades stats
2024-06-23 10:49:33,342 - utils_portfolio - INFO - Calculating open trades stats
2024-06-23 10:49:36,952 - utils_portfolio - INFO - Portfolio p3 - calculating position sizes
2024-06-23 10:49:36,969 - root - INFO - Portfolio p3 position sizes - symbol
TSLA    524.56
NVDA    524.56
AMD     524.56
QQQ     524.56
AMZN    524.56
TQQQ    524.56
VOO     524.56
BABA    524.56
BA      524.56
XLI     524.56
Name: position, dtype: float64
2024-06-23 10:49:36,969 - utils_portfolio - INFO - Submitting orders to open positions
2024-06-23 10:49:36,969 - root - INFO - XXXXXXXXXXXXXXXXXXXX --- DONE --- XXXXXXXXXXXXXXXXXXXX
2024-06-23 10:49:36,970 - utils_portfolio - INFO - Updating info of portfolio - p4
2024-06-23 10:49:37,078 - utils_portfolio - INFO - Calculating symbols weights
2024-06-23 10:49:37,079 - root - INFO - Portfolio p4 symbols weights - {'RIOT': 0.05, 'NEE': 0.05, 'SLV': 0.05, 'SHOP': 0.05, 'FAST': 0.05, 'SPXL': 0.05, 'VALE': 0.05, 'SNAP': 0.05, 'WDC': 0.05, 'MO': 0.05, 'PM': 0.05, 'SQ': 0.05, 'PDD': 0.05, 'ABBV': 0.05, 'ON': 0.05, 'UPRO': 0.05, 'TSLL': 0.05, 'PBR': 0.05, 'MP': 0.05, 'U': 0.05}
2024-06-23 10:49:37,079 - utils_strategy - INFO - RIOT - downloading data from yfinance
2024-06-23 10:49:37,367 - utils_portfolio - INFO - Checking if we have correct date
2024-06-23 10:49:37,367 - utils_strategy - INFO - NEE - downloading data from yfinance
2024-06-23 10:49:37,708 - utils_portfolio - INFO - Checking if we have correct date
2024-06-23 10:49:37,709 - utils_strategy - INFO - SLV - downloading data from yfinance
2024-06-23 10:49:37,876 - utils_portfolio - INFO - Checking if we have correct date
2024-06-23 10:49:37,876 - utils_strategy - INFO - SHOP - downloading data from yfinance
2024-06-23 10:49:38,026 - utils_portfolio - INFO - Checking if we have correct date
2024-06-23 10:49:38,026 - utils_strategy - INFO - FAST - downloading data from yfinance
2024-06-23 10:49:38,287 - utils_portfolio - INFO - Checking if we have correct date
2024-06-23 10:49:38,287 - utils_strategy - INFO - SPXL - downloading data from yfinance
2024-06-23 10:49:38,550 - utils_portfolio - INFO - Checking if we have correct date
2024-06-23 10:49:38,550 - utils_strategy - INFO - VALE - downloading data from yfinance
2024-06-23 10:49:38,758 - utils_portfolio - INFO - Checking if we have correct date
2024-06-23 10:49:38,759 - utils_strategy - INFO - SNAP - downloading data from yfinance
2024-06-23 10:49:38,872 - utils_portfolio - INFO - Checking if we have correct date
2024-06-23 10:49:38,872 - utils_strategy - INFO - WDC - downloading data from yfinance
2024-06-23 10:49:39,070 - utils_portfolio - INFO - Checking if we have correct date
2024-06-23 10:49:39,070 - utils_strategy - INFO - MO - downloading data from yfinance
2024-06-23 10:49:39,328 - utils_portfolio - INFO - Checking if we have correct date
2024-06-23 10:49:39,328 - utils_strategy - INFO - PM - downloading data from yfinance
2024-06-23 10:49:39,620 - utils_portfolio - INFO - Checking if we have correct date
2024-06-23 10:49:39,620 - utils_strategy - INFO - SQ - downloading data from yfinance
2024-06-23 10:49:39,796 - utils_portfolio - INFO - Checking if we have correct date
2024-06-23 10:49:39,796 - utils_strategy - INFO - PDD - downloading data from yfinance
2024-06-23 10:49:39,902 - utils_portfolio - INFO - Checking if we have correct date
2024-06-23 10:49:39,902 - utils_strategy - INFO - ABBV - downloading data from yfinance
2024-06-23 10:49:40,161 - utils_portfolio - INFO - Checking if we have correct date
2024-06-23 10:49:40,161 - utils_strategy - INFO - ON - downloading data from yfinance
2024-06-23 10:49:40,365 - utils_portfolio - INFO - Checking if we have correct date
2024-06-23 10:49:40,365 - utils_strategy - INFO - UPRO - downloading data from yfinance
2024-06-23 10:49:40,563 - utils_portfolio - INFO - Checking if we have correct date
2024-06-23 10:49:40,563 - utils_strategy - INFO - TSLL - downloading data from yfinance
2024-06-23 10:49:40,827 - utils_portfolio - INFO - Checking if we have correct date
2024-06-23 10:49:40,827 - utils_strategy - INFO - PBR - downloading data from yfinance
2024-06-23 10:49:41,108 - utils_portfolio - INFO - Checking if we have correct date
2024-06-23 10:49:41,108 - utils_strategy - INFO - MP - downloading data from yfinance
2024-06-23 10:49:41,198 - utils_portfolio - INFO - Checking if we have correct date
2024-06-23 10:49:41,198 - utils_strategy - INFO - U - downloading data from yfinance
2024-06-23 10:49:41,301 - utils_portfolio - INFO - Checking if we have correct date
2024-06-23 10:49:41,301 - root - INFO - Portfolio p4 symbols actions - {}
2024-06-23 10:49:41,301 - utils_portfolio - INFO - Submitting orders to close existing positions
2024-06-23 10:49:41,301 - utils_portfolio - INFO - Updating state of portfolio - p4
2024-06-23 10:49:41,302 - utils_portfolio - INFO - Calculating closed trades stats
2024-06-23 10:49:45,625 - utils_portfolio - INFO - Calculating open trades stats
2024-06-23 10:49:50,778 - utils_portfolio - INFO - Portfolio p4 - calculating position sizes
2024-06-23 10:49:50,822 - root - INFO - Portfolio p4 position sizes - symbol
RIOT    250.4
NEE     250.4
SLV     250.4
SHOP    250.4
FAST    250.4
SPXL    250.4
VALE    250.4
SNAP    250.4
WDC     250.4
MO      250.4
PM      250.4
SQ      250.4
PDD     250.4
ABBV    250.4
ON      250.4
UPRO    250.4
TSLL    250.4
PBR     250.4
MP      250.4
U       250.4
Name: position, dtype: float64
2024-06-23 10:49:50,822 - utils_portfolio - INFO - Submitting orders to open positions
2024-06-23 10:49:50,822 - root - INFO - XXXXXXXXXXXXXXXXXXXX --- DONE --- XXXXXXXXXXXXXXXXXXXX
2024-06-23 10:49:50,822 - utils_portfolio - INFO - Updating state of symbols
2024-06-23 10:49:50,822 - utils_portfolio - INFO - Calculating closed trades stats
2024-06-23 10:50:00,332 - utils_portfolio - INFO - Calculating open trades stats
