2024-08-21 11:26:37,435 - root - INFO - Logger is setup
2024-08-21 11:26:37,489 - utils_portfolio - INFO - Updating info of portfolio - p1
2024-08-21 11:26:37,579 - utils_portfolio - INFO - Calculating symbols weights
2024-08-21 11:26:37,580 - root - INFO - Portfolio p1 symbols weights - {'PLTR': 0.09090909090909091, 'BTC/USD': 0.09090909090909091, 'AAL': 0.09090909090909091, 'VRT': 0.09090909090909091, 'GBTC': 0.09090909090909091, 'DELL': 0.09090909090909091, 'GM': 0.09090909090909091, 'IYR': 0.09090909090909091, 'DKNG': 0.09090909090909091, 'EBAY': 0.09090909090909091, 'CRWD': 0.09090909090909091}
2024-08-21 11:26:37,580 - utils_strategy - INFO - PLTR - downloading data from alpaca
2024-08-21 11:26:38,521 - utils_portfolio - INFO - Checking if we have correct date
2024-08-21 11:26:38,521 - utils_portfolio - INFO - PLTR - running symbols strategy to get entries and exits
2024-08-21 11:26:38,548 - utils_portfolio - INFO - Evaluating symbol if to open, close, or no change
2024-08-21 11:26:45,119 - utils_strategy - INFO - BTC/USD - downloading data from alpaca
2024-08-21 11:26:46,126 - utils_portfolio - INFO - Checking if we have correct date
2024-08-21 11:26:46,127 - utils_portfolio - INFO - BTC/USD - running symbols strategy to get entries and exits
2024-08-21 11:26:46,140 - utils_portfolio - INFO - Evaluating symbol if to open, close, or no change
2024-08-21 11:26:46,179 - utils_strategy - INFO - AAL - downloading data from alpaca
2024-08-21 11:26:47,164 - utils_portfolio - INFO - Checking if we have correct date
2024-08-21 11:26:47,164 - utils_portfolio - INFO - AAL - running symbols strategy to get entries and exits
2024-08-21 11:26:47,184 - utils_portfolio - INFO - Evaluating symbol if to open, close, or no change
2024-08-21 11:26:47,219 - utils_strategy - INFO - VRT - downloading data from alpaca
2024-08-21 11:26:48,107 - utils_portfolio - INFO - Checking if we have correct date
2024-08-21 11:26:48,107 - utils_portfolio - INFO - VRT - running symbols strategy to get entries and exits
2024-08-21 11:26:48,124 - utils_portfolio - INFO - Evaluating symbol if to open, close, or no change
2024-08-21 11:26:48,158 - utils_strategy - INFO - GBTC - downloading data from alpaca
2024-08-21 11:26:48,687 - utils_portfolio - INFO - Checking if we have correct date
2024-08-21 11:26:48,688 - utils_portfolio - INFO - GBTC - running symbols strategy to get entries and exits
2024-08-21 11:26:48,709 - utils_portfolio - INFO - Evaluating symbol if to open, close, or no change
2024-08-21 11:26:48,735 - utils_strategy - INFO - DELL - downloading data from alpaca
2024-08-21 11:26:49,727 - utils_portfolio - INFO - Checking if we have correct date
2024-08-21 11:26:49,727 - utils_portfolio - INFO - DELL - running symbols strategy to get entries and exits
2024-08-21 11:26:49,742 - utils_portfolio - INFO - Evaluating symbol if to open, close, or no change
2024-08-21 11:26:49,774 - utils_strategy - INFO - GM - downloading data from alpaca
2024-08-21 11:26:51,071 - utils_portfolio - INFO - Checking if we have correct date
2024-08-21 11:26:51,071 - utils_portfolio - INFO - GM - running symbols strategy to get entries and exits
2024-08-21 11:26:51,089 - utils_portfolio - INFO - Evaluating symbol if to open, close, or no change
2024-08-21 11:26:51,123 - utils_strategy - INFO - IYR - downloading data from alpaca
2024-08-21 11:26:52,511 - utils_portfolio - INFO - Checking if we have correct date
2024-08-21 11:26:52,512 - utils_portfolio - INFO - IYR - running symbols strategy to get entries and exits
2024-08-21 11:26:52,532 - utils_portfolio - INFO - Evaluating symbol if to open, close, or no change
2024-08-21 11:26:52,566 - utils_strategy - INFO - DKNG - downloading data from alpaca
2024-08-21 11:26:53,388 - utils_portfolio - INFO - Checking if we have correct date
2024-08-21 11:26:53,388 - utils_portfolio - INFO - DKNG - running symbols strategy to get entries and exits
2024-08-21 11:26:53,412 - utils_portfolio - INFO - Evaluating symbol if to open, close, or no change
2024-08-21 11:26:53,448 - utils_strategy - INFO - EBAY - downloading data from alpaca
2024-08-21 11:26:54,658 - utils_portfolio - INFO - Checking if we have correct date
2024-08-21 11:26:54,658 - utils_portfolio - INFO - EBAY - running symbols strategy to get entries and exits
2024-08-21 11:26:54,677 - utils_portfolio - INFO - Evaluating symbol if to open, close, or no change
2024-08-21 11:26:54,721 - utils_strategy - INFO - CRWD - downloading data from alpaca
2024-08-21 11:26:55,611 - utils_portfolio - INFO - Checking if we have correct date
2024-08-21 11:26:55,611 - utils_portfolio - INFO - CRWD - running symbols strategy to get entries and exits
2024-08-21 11:26:55,627 - utils_portfolio - INFO - Evaluating symbol if to open, close, or no change
2024-08-21 11:26:55,658 - root - INFO - Portfolio p1 symbols actions - {'PLTR': 'no_change', 'BTCUSD': 'no_change', 'AAL': 'no_change', 'VRT': 'close', 'GBTC': 'no_change', 'DELL': 'no_change', 'GM': 'no_change', 'IYR': 'no_change', 'DKNG': 'no_change', 'EBAY': 'open', 'CRWD': 'no_change'}
2024-08-21 11:26:55,658 - utils_portfolio - INFO - Submitting orders to close existing positions
2024-08-21 11:26:56,159 - utils_portfolio - INFO - Updating state of portfolio - p1
2024-08-21 11:26:56,160 - utils_portfolio - INFO - Calculating closed trades stats
2024-08-21 11:26:56,160 - utils_portfolio - INFO - Processing symbol - PLTR
2024-08-21 11:26:56,757 - utils_portfolio - INFO - Processing symbol - BTC/USD
2024-08-21 11:26:57,009 - utils_portfolio - INFO - Processing symbol - AAL
2024-08-21 11:26:57,211 - utils_portfolio - INFO - Processing symbol - VRT
2024-08-21 11:26:57,421 - utils_portfolio - INFO - Processing symbol - GBTC
2024-08-21 11:26:57,624 - utils_portfolio - INFO - Processing symbol - DELL
2024-08-21 11:26:57,830 - utils_portfolio - INFO - Processing symbol - GM
2024-08-21 11:26:58,034 - utils_portfolio - INFO - Processing symbol - IYR
2024-08-21 11:26:58,238 - utils_portfolio - INFO - Processing symbol - DKNG
2024-08-21 11:26:58,444 - utils_portfolio - INFO - Processing symbol - EBAY
2024-08-21 11:26:58,652 - utils_portfolio - INFO - Processing symbol - CRWD
2024-08-21 11:26:58,859 - utils_portfolio - INFO - Calculating open trades stats
2024-08-21 11:26:58,860 - utils_portfolio - INFO - Processing symbol - PLTR
2024-08-21 11:26:59,541 - utils_portfolio - INFO - Processing symbol - BTC/USD
2024-08-21 11:26:59,743 - utils_portfolio - INFO - Processing symbol - AAL
2024-08-21 11:26:59,949 - utils_portfolio - INFO - Processing symbol - VRT
2024-08-21 11:27:00,372 - utils_portfolio - INFO - Processing symbol - GBTC
2024-08-21 11:27:00,563 - utils_portfolio - INFO - Processing symbol - DELL
2024-08-21 11:27:00,981 - utils_portfolio - INFO - Processing symbol - GM
2024-08-21 11:27:01,397 - utils_portfolio - INFO - Processing symbol - IYR
2024-08-21 11:27:01,800 - utils_portfolio - INFO - Processing symbol - DKNG
2024-08-21 11:27:02,216 - utils_portfolio - INFO - Processing symbol - EBAY
2024-08-21 11:27:02,408 - utils_portfolio - INFO - Processing symbol - CRWD
2024-08-21 11:27:03,062 - utils_portfolio - INFO - Portfolio p1 - calculating position sizes
2024-08-21 11:27:03,089 - root - INFO - Portfolio p1 position sizes - symbol
PLTR      442.86
BTCUSD    441.12
AAL       441.12
VRT       442.86
GBTC      441.12
DELL      442.86
GM        442.86
IYR       442.86
DKNG      442.86
EBAY      441.12
CRWD      442.86
Name: position, dtype: float64
2024-08-21 11:27:03,089 - utils_portfolio - INFO - Submitting orders to open positions
2024-08-21 11:27:03,622 - root - INFO - XXXXXXXXXXXXXXXXXXXX --- Portfolio p1 - DONE --- XXXXXXXXXXXXXXXXXXXX
2024-08-21 11:27:03,624 - utils_portfolio - INFO - Updating info of portfolio - p2
2024-08-21 11:27:03,691 - utils_portfolio - INFO - Calculating symbols weights
2024-08-21 11:27:03,691 - utils_portfolio - INFO - Calculating closed trades count
2024-08-21 11:27:05,918 - root - INFO - Portfolio p2 symbols weights - {'AAPL': 0.1111111111111111, 'GOOGL': 0.1111111111111111, 'META': 0.1111111111111111, 'MRVL': 0.1111111111111111, 'MSTR': 0.1111111111111111, 'SCHD': 0.1111111111111111, 'BITO': 0.1111111111111111, 'AVGO': 0.1111111111111111, 'SOUN': 0.1111111111111111}
2024-08-21 11:27:05,919 - utils_strategy - INFO - AAPL - downloading data from yfinance
2024-08-21 11:27:06,647 - utils_portfolio - INFO - Checking if we have correct date
2024-08-21 11:27:06,648 - utils_portfolio - INFO - AAPL - running symbols strategy to get entries and exits
2024-08-21 11:27:06,656 - utils_portfolio - INFO - Evaluating symbol if to open, close, or no change
2024-08-21 11:27:06,693 - utils_strategy - INFO - GOOGL - downloading data from yfinance
2024-08-21 11:27:06,957 - utils_portfolio - INFO - Checking if we have correct date
2024-08-21 11:27:06,957 - utils_portfolio - INFO - GOOGL - running symbols strategy to get entries and exits
2024-08-21 11:27:06,964 - utils_portfolio - INFO - Evaluating symbol if to open, close, or no change
2024-08-21 11:27:07,189 - utils_strategy - INFO - META - downloading data from yfinance
2024-08-21 11:27:07,497 - utils_portfolio - INFO - Checking if we have correct date
2024-08-21 11:27:07,497 - utils_portfolio - INFO - META - running symbols strategy to get entries and exits
2024-08-21 11:27:07,508 - utils_portfolio - INFO - Evaluating symbol if to open, close, or no change
2024-08-21 11:27:07,540 - utils_strategy - INFO - MRVL - downloading data from yfinance
2024-08-21 11:27:07,830 - utils_portfolio - INFO - Checking if we have correct date
2024-08-21 11:27:07,830 - utils_portfolio - INFO - MRVL - running symbols strategy to get entries and exits
2024-08-21 11:27:07,838 - utils_portfolio - INFO - Evaluating symbol if to open, close, or no change
2024-08-21 11:27:07,875 - utils_strategy - INFO - MSTR - downloading data from yfinance
2024-08-21 11:27:08,119 - utils_portfolio - INFO - Checking if we have correct date
2024-08-21 11:27:08,119 - utils_portfolio - INFO - MSTR - running symbols strategy to get entries and exits
2024-08-21 11:27:08,126 - utils_portfolio - INFO - Evaluating symbol if to open, close, or no change
2024-08-21 11:27:08,181 - utils_strategy - INFO - SCHD - downloading data from yfinance
2024-08-21 11:27:08,389 - utils_portfolio - INFO - Checking if we have correct date
2024-08-21 11:27:08,389 - utils_portfolio - INFO - SCHD - running symbols strategy to get entries and exits
2024-08-21 11:27:08,396 - utils_portfolio - INFO - Evaluating symbol if to open, close, or no change
2024-08-21 11:27:08,428 - utils_strategy - INFO - BITO - downloading data from yfinance
2024-08-21 11:27:08,625 - utils_portfolio - INFO - Checking if we have correct date
2024-08-21 11:27:08,626 - utils_portfolio - INFO - BITO - running symbols strategy to get entries and exits
2024-08-21 11:27:08,635 - utils_portfolio - INFO - Evaluating symbol if to open, close, or no change
2024-08-21 11:27:08,665 - utils_strategy - INFO - AVGO - downloading data from yfinance
2024-08-21 11:27:09,012 - utils_portfolio - INFO - Checking if we have correct date
2024-08-21 11:27:09,012 - utils_portfolio - INFO - AVGO - running symbols strategy to get entries and exits
2024-08-21 11:27:09,019 - utils_portfolio - INFO - Evaluating symbol if to open, close, or no change
2024-08-21 11:27:09,054 - utils_strategy - INFO - SOUN - downloading data from yfinance
2024-08-21 11:27:09,222 - utils_portfolio - INFO - Checking if we have correct date
2024-08-21 11:27:09,222 - utils_portfolio - INFO - SOUN - running symbols strategy to get entries and exits
2024-08-21 11:27:09,234 - utils_portfolio - INFO - Evaluating symbol if to open, close, or no change
2024-08-21 11:27:09,260 - root - INFO - Portfolio p2 symbols actions - {'AAPL': 'no_change', 'GOOGL': 'no_change', 'META': 'no_change', 'MRVL': 'no_change', 'MSTR': 'no_change', 'SCHD': 'no_change', 'BITO': 'no_change', 'AVGO': 'no_change', 'SOUN': 'no_change'}
2024-08-21 11:27:09,260 - utils_portfolio - INFO - Submitting orders to close existing positions
2024-08-21 11:27:09,261 - utils_portfolio - INFO - Updating state of portfolio - p2
2024-08-21 11:27:09,261 - utils_portfolio - INFO - Calculating closed trades stats
2024-08-21 11:27:09,261 - utils_portfolio - INFO - Processing symbol - AAPL
2024-08-21 11:27:09,876 - utils_portfolio - INFO - Processing symbol - GOOGL
2024-08-21 11:27:10,034 - utils_portfolio - INFO - Processing symbol - META
2024-08-21 11:27:10,232 - utils_portfolio - INFO - Processing symbol - MRVL
2024-08-21 11:27:10,396 - utils_portfolio - INFO - Processing symbol - MSTR
2024-08-21 11:27:10,647 - utils_portfolio - INFO - Processing symbol - SCHD
2024-08-21 11:27:10,841 - utils_portfolio - INFO - Processing symbol - BITO
2024-08-21 11:27:11,033 - utils_portfolio - INFO - Processing symbol - AVGO
2024-08-21 11:27:11,248 - utils_portfolio - INFO - Processing symbol - SOUN
2024-08-21 11:27:11,465 - utils_portfolio - INFO - Calculating open trades stats
2024-08-21 11:27:11,465 - utils_portfolio - INFO - Processing symbol - AAPL
2024-08-21 11:27:12,046 - utils_portfolio - INFO - Processing symbol - GOOGL
2024-08-21 11:27:12,462 - utils_portfolio - INFO - Processing symbol - META
2024-08-21 11:27:12,865 - utils_portfolio - INFO - Processing symbol - MRVL
2024-08-21 11:27:13,286 - utils_portfolio - INFO - Processing symbol - MSTR
2024-08-21 11:27:13,473 - utils_portfolio - INFO - Processing symbol - SCHD
2024-08-21 11:27:13,897 - utils_portfolio - INFO - Processing symbol - BITO
2024-08-21 11:27:14,090 - utils_portfolio - INFO - Processing symbol - AVGO
2024-08-21 11:27:14,512 - utils_portfolio - INFO - Processing symbol - SOUN
2024-08-21 11:27:14,774 - utils_portfolio - INFO - Portfolio p2 - calculating position sizes
2024-08-21 11:27:14,792 - root - INFO - Portfolio p2 position sizes - symbol
AAPL     548.24
GOOGL    548.24
META     548.24
MRVL     548.24
MSTR     476.90
SCHD     548.24
BITO     476.90
AVGO     548.24
SOUN     476.90
Name: position, dtype: float64
2024-08-21 11:27:14,792 - utils_portfolio - INFO - Submitting orders to open positions
2024-08-21 11:27:14,793 - root - INFO - XXXXXXXXXXXXXXXXXXXX --- Portfolio p2 - DONE --- XXXXXXXXXXXXXXXXXXXX
2024-08-21 11:27:14,793 - utils_portfolio - INFO - Updating info of portfolio - p3
2024-08-21 11:27:14,854 - utils_portfolio - INFO - Calculating symbols weights
2024-08-21 11:27:14,855 - root - INFO - Portfolio p3 symbols weights - {'TSLA': 0.1, 'NVDA': 0.1, 'AMD': 0.1, 'QQQ': 0.1, 'AMZN': 0.1, 'TQQQ': 0.1, 'VOO': 0.1, 'BABA': 0.1, 'BA': 0.1, 'XLI': 0.1}
2024-08-21 11:27:14,855 - utils_strategy - INFO - TSLA - downloading data from yfinance
2024-08-21 11:27:15,092 - utils_portfolio - INFO - Checking if we have correct date
2024-08-21 11:27:15,092 - utils_portfolio - INFO - TSLA - running symbols strategy to get entries and exits
2024-08-21 11:27:15,099 - utils_portfolio - INFO - Evaluating symbol if to open, close, or no change
2024-08-21 11:27:15,131 - utils_strategy - INFO - NVDA - downloading data from yfinance
2024-08-21 11:27:15,368 - utils_portfolio - INFO - Checking if we have correct date
2024-08-21 11:27:15,368 - utils_portfolio - INFO - NVDA - running symbols strategy to get entries and exits
2024-08-21 11:27:15,376 - utils_portfolio - INFO - Evaluating symbol if to open, close, or no change
2024-08-21 11:27:15,414 - utils_strategy - INFO - AMD - downloading data from yfinance
2024-08-21 11:27:15,602 - utils_portfolio - INFO - Checking if we have correct date
2024-08-21 11:27:15,602 - utils_portfolio - INFO - AMD - running symbols strategy to get entries and exits
2024-08-21 11:27:15,609 - utils_portfolio - INFO - Evaluating symbol if to open, close, or no change
2024-08-21 11:27:15,646 - utils_strategy - INFO - QQQ - downloading data from yfinance
2024-08-21 11:27:16,027 - utils_portfolio - INFO - Checking if we have correct date
2024-08-21 11:27:16,028 - utils_portfolio - INFO - QQQ - running symbols strategy to get entries and exits
2024-08-21 11:27:16,036 - utils_portfolio - INFO - Evaluating symbol if to open, close, or no change
2024-08-21 11:27:16,073 - utils_strategy - INFO - AMZN - downloading data from yfinance
2024-08-21 11:27:16,285 - utils_portfolio - INFO - Checking if we have correct date
2024-08-21 11:27:16,286 - utils_portfolio - INFO - AMZN - running symbols strategy to get entries and exits
2024-08-21 11:27:16,294 - utils_portfolio - INFO - Evaluating symbol if to open, close, or no change
2024-08-21 11:27:16,336 - utils_strategy - INFO - TQQQ - downloading data from yfinance
2024-08-21 11:27:16,559 - utils_portfolio - INFO - Checking if we have correct date
2024-08-21 11:27:16,559 - utils_portfolio - INFO - TQQQ - running symbols strategy to get entries and exits
2024-08-21 11:27:16,566 - utils_portfolio - INFO - Evaluating symbol if to open, close, or no change
2024-08-21 11:27:16,599 - utils_strategy - INFO - VOO - downloading data from yfinance
2024-08-21 11:27:16,945 - utils_portfolio - INFO - Checking if we have correct date
2024-08-21 11:27:16,946 - utils_portfolio - INFO - VOO - running symbols strategy to get entries and exits
2024-08-21 11:27:16,957 - utils_portfolio - INFO - Evaluating symbol if to open, close, or no change
2024-08-21 11:27:16,991 - utils_strategy - INFO - BABA - downloading data from yfinance
2024-08-21 11:27:17,205 - utils_portfolio - INFO - Checking if we have correct date
2024-08-21 11:27:17,205 - utils_portfolio - INFO - BABA - running symbols strategy to get entries and exits
2024-08-21 11:27:17,213 - utils_portfolio - INFO - Evaluating symbol if to open, close, or no change
2024-08-21 11:27:17,245 - utils_strategy - INFO - BA - downloading data from yfinance
2024-08-21 11:27:17,560 - utils_portfolio - INFO - Checking if we have correct date
2024-08-21 11:27:17,561 - utils_portfolio - INFO - BA - running symbols strategy to get entries and exits
2024-08-21 11:27:17,569 - utils_portfolio - INFO - Evaluating symbol if to open, close, or no change
2024-08-21 11:27:17,604 - utils_strategy - INFO - XLI - downloading data from yfinance
2024-08-21 11:27:17,897 - utils_portfolio - INFO - Checking if we have correct date
2024-08-21 11:27:17,897 - utils_portfolio - INFO - XLI - running symbols strategy to get entries and exits
2024-08-21 11:27:17,905 - utils_portfolio - INFO - Evaluating symbol if to open, close, or no change
2024-08-21 11:27:17,947 - root - INFO - Portfolio p3 symbols actions - {'TSLA': 'no_change', 'NVDA': 'no_change', 'AMD': 'no_change', 'QQQ': 'no_change', 'AMZN': 'no_change', 'TQQQ': 'no_change', 'VOO': 'no_change', 'BABA': 'no_change', 'BA': 'no_change', 'XLI': 'no_change'}
2024-08-21 11:27:17,947 - utils_portfolio - INFO - Submitting orders to close existing positions
2024-08-21 11:27:17,948 - utils_portfolio - INFO - Updating state of portfolio - p3
2024-08-21 11:27:17,948 - utils_portfolio - INFO - Calculating closed trades stats
2024-08-21 11:27:17,948 - utils_portfolio - INFO - Processing symbol - TSLA
2024-08-21 11:27:18,503 - utils_portfolio - INFO - Processing symbol - NVDA
2024-08-21 11:27:18,728 - utils_portfolio - INFO - Processing symbol - AMD
2024-08-21 11:27:18,919 - utils_portfolio - INFO - Processing symbol - QQQ
2024-08-21 11:27:19,122 - utils_portfolio - INFO - Processing symbol - AMZN
2024-08-21 11:27:19,327 - utils_portfolio - INFO - Processing symbol - TQQQ
2024-08-21 11:27:19,533 - utils_portfolio - INFO - Processing symbol - VOO
2024-08-21 11:27:19,737 - utils_portfolio - INFO - Processing symbol - BABA
2024-08-21 11:27:19,941 - utils_portfolio - INFO - Processing symbol - BA
2024-08-21 11:27:20,149 - utils_portfolio - INFO - Processing symbol - XLI
2024-08-21 11:27:20,350 - utils_portfolio - INFO - Calculating open trades stats
2024-08-21 11:27:20,350 - utils_portfolio - INFO - Processing symbol - TSLA
2024-08-21 11:27:21,061 - utils_portfolio - INFO - Processing symbol - NVDA
2024-08-21 11:27:21,478 - utils_portfolio - INFO - Processing symbol - AMD
2024-08-21 11:27:21,876 - utils_portfolio - INFO - Processing symbol - QQQ
2024-08-21 11:27:22,294 - utils_portfolio - INFO - Processing symbol - AMZN
2024-08-21 11:27:22,700 - utils_portfolio - INFO - Processing symbol - TQQQ
2024-08-21 11:27:23,106 - utils_portfolio - INFO - Processing symbol - VOO
2024-08-21 11:27:23,524 - utils_portfolio - INFO - Processing symbol - BABA
2024-08-21 11:27:23,841 - utils_portfolio - INFO - Processing symbol - BA
2024-08-21 11:27:24,244 - utils_portfolio - INFO - Processing symbol - XLI
2024-08-21 11:27:24,682 - utils_portfolio - INFO - Portfolio p3 - calculating position sizes
2024-08-21 11:27:24,686 - utils_portfolio - WARNING - Increasing of the portfolio size because not having min available cash
2024-08-21 11:27:24,705 - root - INFO - Portfolio p3 position sizes - symbol
TSLA    505.35
NVDA    505.35
AMD     505.35
QQQ     505.35
AMZN    505.35
TQQQ    505.35
VOO     505.35
BABA    505.35
BA      505.35
XLI     505.35
Name: position, dtype: float64
2024-08-21 11:27:24,705 - utils_portfolio - INFO - Submitting orders to open positions
2024-08-21 11:27:24,705 - root - INFO - XXXXXXXXXXXXXXXXXXXX --- Portfolio p3 - DONE --- XXXXXXXXXXXXXXXXXXXX
2024-08-21 11:27:24,705 - utils_portfolio - INFO - Updating info of portfolio - p4
2024-08-21 11:27:24,828 - utils_portfolio - INFO - Calculating symbols weights
2024-08-21 11:27:24,829 - root - INFO - Portfolio p4 symbols weights - {'RIOT': 0.05, 'NEE': 0.05, 'SLV': 0.05, 'SHOP': 0.05, 'FAST': 0.05, 'SPXL': 0.05, 'VALE': 0.05, 'SNAP': 0.05, 'WDC': 0.05, 'MO': 0.05, 'PM': 0.05, 'SQ': 0.05, 'PDD': 0.05, 'ABBV': 0.05, 'ON': 0.05, 'UPRO': 0.05, 'TSLL': 0.05, 'PBR': 0.05, 'MP': 0.05, 'U': 0.05}
2024-08-21 11:27:24,829 - utils_strategy - INFO - RIOT - downloading data from yfinance
2024-08-21 11:27:25,000 - utils_portfolio - INFO - Checking if we have correct date
2024-08-21 11:27:25,000 - utils_portfolio - INFO - RIOT - running symbols strategy to get entries and exits
2024-08-21 11:27:25,008 - utils_portfolio - INFO - Evaluating symbol if to open, close, or no change
2024-08-21 11:27:25,041 - utils_strategy - INFO - NEE - downloading data from yfinance
2024-08-21 11:27:25,355 - utils_portfolio - INFO - Checking if we have correct date
2024-08-21 11:27:25,355 - utils_portfolio - INFO - NEE - running symbols strategy to get entries and exits
2024-08-21 11:27:25,363 - utils_portfolio - INFO - Evaluating symbol if to open, close, or no change
2024-08-21 11:27:25,400 - utils_strategy - INFO - SLV - downloading data from yfinance
2024-08-21 11:27:25,559 - utils_portfolio - INFO - Checking if we have correct date
2024-08-21 11:27:25,559 - utils_portfolio - INFO - SLV - running symbols strategy to get entries and exits
2024-08-21 11:27:25,567 - utils_portfolio - INFO - Evaluating symbol if to open, close, or no change
2024-08-21 11:27:25,599 - utils_strategy - INFO - SHOP - downloading data from yfinance
2024-08-21 11:27:25,803 - utils_portfolio - INFO - Checking if we have correct date
2024-08-21 11:27:25,804 - utils_portfolio - INFO - SHOP - running symbols strategy to get entries and exits
2024-08-21 11:27:25,811 - utils_portfolio - INFO - Evaluating symbol if to open, close, or no change
2024-08-21 11:27:25,841 - utils_strategy - INFO - FAST - downloading data from yfinance
2024-08-21 11:27:26,097 - utils_portfolio - INFO - Checking if we have correct date
2024-08-21 11:27:26,097 - utils_portfolio - INFO - FAST - running symbols strategy to get entries and exits
2024-08-21 11:27:26,105 - utils_portfolio - INFO - Evaluating symbol if to open, close, or no change
2024-08-21 11:27:26,142 - utils_strategy - INFO - SPXL - downloading data from yfinance
2024-08-21 11:27:26,348 - utils_portfolio - INFO - Checking if we have correct date
2024-08-21 11:27:26,349 - utils_portfolio - INFO - SPXL - running symbols strategy to get entries and exits
2024-08-21 11:27:26,356 - utils_portfolio - INFO - Evaluating symbol if to open, close, or no change
2024-08-21 11:27:26,389 - utils_strategy - INFO - VALE - downloading data from yfinance
2024-08-21 11:27:26,610 - utils_portfolio - INFO - Checking if we have correct date
2024-08-21 11:27:26,610 - utils_portfolio - INFO - VALE - running symbols strategy to get entries and exits
2024-08-21 11:27:26,619 - utils_portfolio - INFO - Evaluating symbol if to open, close, or no change
2024-08-21 11:27:26,655 - utils_strategy - INFO - SNAP - downloading data from yfinance
2024-08-21 11:27:26,762 - utils_portfolio - INFO - Checking if we have correct date
2024-08-21 11:27:26,762 - utils_portfolio - INFO - SNAP - running symbols strategy to get entries and exits
2024-08-21 11:27:26,775 - utils_portfolio - INFO - Evaluating symbol if to open, close, or no change
2024-08-21 11:27:26,805 - utils_strategy - INFO - WDC - downloading data from yfinance
2024-08-21 11:27:27,036 - utils_portfolio - INFO - Checking if we have correct date
2024-08-21 11:27:27,037 - utils_portfolio - INFO - WDC - running symbols strategy to get entries and exits
2024-08-21 11:27:27,044 - utils_portfolio - INFO - Evaluating symbol if to open, close, or no change
2024-08-21 11:27:27,081 - utils_strategy - INFO - MO - downloading data from yfinance
2024-08-21 11:27:27,451 - utils_portfolio - INFO - Checking if we have correct date
2024-08-21 11:27:27,451 - utils_portfolio - INFO - MO - running symbols strategy to get entries and exits
2024-08-21 11:27:27,459 - utils_portfolio - INFO - Evaluating symbol if to open, close, or no change
2024-08-21 11:27:27,646 - utils_strategy - INFO - PM - downloading data from yfinance
2024-08-21 11:27:27,809 - utils_portfolio - INFO - Checking if we have correct date
2024-08-21 11:27:27,810 - utils_portfolio - INFO - PM - running symbols strategy to get entries and exits
2024-08-21 11:27:27,817 - utils_portfolio - INFO - Evaluating symbol if to open, close, or no change
2024-08-21 11:27:27,851 - utils_strategy - INFO - SQ - downloading data from yfinance
2024-08-21 11:27:27,980 - utils_portfolio - INFO - Checking if we have correct date
2024-08-21 11:27:27,981 - utils_portfolio - INFO - SQ - running symbols strategy to get entries and exits
2024-08-21 11:27:27,990 - utils_portfolio - INFO - Evaluating symbol if to open, close, or no change
2024-08-21 11:27:28,021 - utils_strategy - INFO - PDD - downloading data from yfinance
2024-08-21 11:27:28,146 - utils_portfolio - INFO - Checking if we have correct date
2024-08-21 11:27:28,146 - utils_portfolio - INFO - PDD - running symbols strategy to get entries and exits
2024-08-21 11:27:28,157 - utils_portfolio - INFO - Evaluating symbol if to open, close, or no change
2024-08-21 11:27:28,184 - utils_strategy - INFO - ABBV - downloading data from yfinance
2024-08-21 11:27:28,352 - utils_portfolio - INFO - Checking if we have correct date
2024-08-21 11:27:28,352 - utils_portfolio - INFO - ABBV - running symbols strategy to get entries and exits
2024-08-21 11:27:28,360 - utils_portfolio - INFO - Evaluating symbol if to open, close, or no change
2024-08-21 11:27:28,391 - utils_strategy - INFO - ON - downloading data from yfinance
2024-08-21 11:27:28,558 - utils_portfolio - INFO - Checking if we have correct date
2024-08-21 11:27:28,558 - utils_portfolio - INFO - ON - running symbols strategy to get entries and exits
2024-08-21 11:27:28,566 - utils_portfolio - INFO - Evaluating symbol if to open, close, or no change
2024-08-21 11:27:28,600 - utils_strategy - INFO - UPRO - downloading data from yfinance
2024-08-21 11:27:28,813 - utils_portfolio - INFO - Checking if we have correct date
2024-08-21 11:27:28,813 - utils_portfolio - INFO - UPRO - running symbols strategy to get entries and exits
2024-08-21 11:27:28,820 - utils_portfolio - INFO - Evaluating symbol if to open, close, or no change
2024-08-21 11:27:28,850 - utils_strategy - INFO - TSLL - downloading data from yfinance
2024-08-21 11:27:28,967 - utils_portfolio - INFO - Checking if we have correct date
2024-08-21 11:27:28,967 - utils_portfolio - INFO - TSLL - running symbols strategy to get entries and exits
2024-08-21 11:27:28,977 - utils_portfolio - INFO - Evaluating symbol if to open, close, or no change
2024-08-21 11:27:29,002 - utils_strategy - INFO - PBR - downloading data from yfinance
2024-08-21 11:27:29,265 - utils_portfolio - INFO - Checking if we have correct date
2024-08-21 11:27:29,266 - utils_portfolio - INFO - PBR - running symbols strategy to get entries and exits
2024-08-21 11:27:29,273 - utils_portfolio - INFO - Evaluating symbol if to open, close, or no change
2024-08-21 11:27:29,309 - utils_strategy - INFO - MP - downloading data from yfinance
2024-08-21 11:27:29,405 - utils_portfolio - INFO - Checking if we have correct date
2024-08-21 11:27:29,405 - utils_portfolio - INFO - MP - running symbols strategy to get entries and exits
2024-08-21 11:27:29,413 - utils_portfolio - INFO - Evaluating symbol if to open, close, or no change
2024-08-21 11:27:29,442 - utils_strategy - INFO - U - downloading data from yfinance
2024-08-21 11:27:29,559 - utils_portfolio - INFO - Checking if we have correct date
2024-08-21 11:27:29,559 - utils_portfolio - INFO - U - running symbols strategy to get entries and exits
2024-08-21 11:27:29,572 - utils_portfolio - INFO - Evaluating symbol if to open, close, or no change
2024-08-21 11:27:29,599 - root - INFO - Portfolio p4 symbols actions - {'RIOT': 'no_change', 'NEE': 'no_change', 'SLV': 'no_change', 'SHOP': 'no_change', 'FAST': 'no_change', 'SPXL': 'no_change', 'VALE': 'no_change', 'SNAP': 'no_change', 'WDC': 'no_change', 'MO': 'no_change', 'PM': 'no_change', 'SQ': 'no_change', 'PDD': 'close', 'ABBV': 'no_change', 'ON': 'no_change', 'UPRO': 'no_change', 'TSLL': 'no_change', 'PBR': 'no_change', 'MP': 'no_change', 'U': 'no_change'}
2024-08-21 11:27:29,599 - utils_portfolio - INFO - Submitting orders to close existing positions
2024-08-21 11:27:30,174 - utils_portfolio - INFO - Updating state of portfolio - p4
2024-08-21 11:27:30,183 - utils_portfolio - INFO - Calculating closed trades stats
2024-08-21 11:27:30,184 - utils_portfolio - INFO - Processing symbol - RIOT
2024-08-21 11:27:30,715 - utils_portfolio - INFO - Processing symbol - NEE
2024-08-21 11:27:30,898 - utils_portfolio - INFO - Processing symbol - SLV
2024-08-21 11:27:31,125 - utils_portfolio - INFO - Processing symbol - SHOP
2024-08-21 11:27:31,331 - utils_portfolio - INFO - Processing symbol - FAST
2024-08-21 11:27:31,534 - utils_portfolio - INFO - Processing symbol - SPXL
2024-08-21 11:27:31,739 - utils_portfolio - INFO - Processing symbol - VALE
2024-08-21 11:27:31,944 - utils_portfolio - INFO - Processing symbol - SNAP
2024-08-21 11:27:32,149 - utils_portfolio - INFO - Processing symbol - WDC
2024-08-21 11:27:32,354 - utils_portfolio - INFO - Processing symbol - MO
2024-08-21 11:27:32,556 - utils_portfolio - INFO - Processing symbol - PM
2024-08-21 11:27:32,764 - utils_portfolio - INFO - Processing symbol - SQ
2024-08-21 11:27:32,969 - utils_portfolio - INFO - Processing symbol - PDD
2024-08-21 11:27:33,174 - utils_portfolio - INFO - Processing symbol - ABBV
2024-08-21 11:27:33,379 - utils_portfolio - INFO - Processing symbol - ON
2024-08-21 11:27:33,564 - utils_portfolio - INFO - Processing symbol - UPRO
2024-08-21 11:27:33,789 - utils_portfolio - INFO - Processing symbol - TSLL
2024-08-21 11:27:33,992 - utils_portfolio - INFO - Processing symbol - PBR
2024-08-21 11:27:34,196 - utils_portfolio - INFO - Processing symbol - MP
2024-08-21 11:27:34,404 - utils_portfolio - INFO - Processing symbol - U
2024-08-21 11:27:34,609 - utils_portfolio - INFO - Calculating open trades stats
2024-08-21 11:27:34,610 - utils_portfolio - INFO - Processing symbol - RIOT
2024-08-21 11:27:35,305 - utils_portfolio - INFO - Processing symbol - NEE
2024-08-21 11:27:35,707 - utils_portfolio - INFO - Processing symbol - SLV
2024-08-21 11:27:36,122 - utils_portfolio - INFO - Processing symbol - SHOP
2024-08-21 11:27:36,522 - utils_portfolio - INFO - Processing symbol - FAST
2024-08-21 11:27:36,944 - utils_portfolio - INFO - Processing symbol - SPXL
2024-08-21 11:27:37,346 - utils_portfolio - INFO - Processing symbol - VALE
2024-08-21 11:27:37,545 - utils_portfolio - INFO - Processing symbol - SNAP
2024-08-21 11:27:37,749 - utils_portfolio - INFO - Processing symbol - WDC
2024-08-21 11:27:38,172 - utils_portfolio - INFO - Processing symbol - MO
2024-08-21 11:27:38,579 - utils_portfolio - INFO - Processing symbol - PM
2024-08-21 11:27:38,895 - utils_portfolio - INFO - Processing symbol - SQ
2024-08-21 11:27:39,298 - utils_portfolio - INFO - Processing symbol - PDD
2024-08-21 11:27:39,700 - utils_portfolio - INFO - Processing symbol - ABBV
2024-08-21 11:27:40,115 - utils_portfolio - INFO - Processing symbol - ON
2024-08-21 11:27:40,525 - utils_portfolio - INFO - Processing symbol - UPRO
2024-08-21 11:27:41,101 - utils_portfolio - INFO - Processing symbol - TSLL
2024-08-21 11:27:41,359 - utils_portfolio - INFO - Processing symbol - PBR
2024-08-21 11:27:41,735 - utils_portfolio - INFO - Processing symbol - MP
2024-08-21 11:27:42,261 - utils_portfolio - INFO - Processing symbol - U
2024-08-21 11:27:42,737 - utils_portfolio - INFO - Portfolio p4 - calculating position sizes
2024-08-21 11:27:42,755 - root - INFO - Portfolio p4 position sizes - symbol
RIOT    255.59
NEE     255.59
SLV     255.59
SHOP    255.59
FAST    255.59
SPXL    255.59
VALE    255.59
SNAP    255.59
WDC     255.59
MO      255.59
PM      255.59
SQ      255.59
PDD     255.59
ABBV    255.59
ON      255.59
UPRO    255.59
TSLL    255.59
PBR     255.59
MP      255.59
U       255.59
Name: position, dtype: float64
2024-08-21 11:27:42,755 - utils_portfolio - INFO - Submitting orders to open positions
2024-08-21 11:27:42,756 - root - INFO - XXXXXXXXXXXXXXXXXXXX --- Portfolio p4 - DONE --- XXXXXXXXXXXXXXXXXXXX
2024-08-21 11:27:42,756 - utils_portfolio - INFO - Updating whole portfolio state
2024-08-21 11:27:43,893 - utils_portfolio - INFO - Calculating open trades stats
2024-08-21 11:27:43,894 - utils_portfolio - INFO - Processing symbol - PLTR
2024-08-21 11:27:44,719 - utils_portfolio - INFO - Processing symbol - BTC/USD
2024-08-21 11:27:44,918 - utils_portfolio - INFO - Processing symbol - AAL
2024-08-21 11:27:45,122 - utils_portfolio - INFO - Processing symbol - VRT
2024-08-21 11:27:45,545 - utils_portfolio - INFO - Processing symbol - GBTC
2024-08-21 11:27:45,736 - utils_portfolio - INFO - Processing symbol - DELL
2024-08-21 11:27:46,159 - utils_portfolio - INFO - Processing symbol - GM
2024-08-21 11:27:46,569 - utils_portfolio - INFO - Processing symbol - IYR
2024-08-21 11:27:46,975 - utils_portfolio - INFO - Processing symbol - DKNG
2024-08-21 11:27:47,383 - utils_portfolio - INFO - Processing symbol - EBAY
2024-08-21 11:27:47,580 - utils_portfolio - INFO - Processing symbol - CRWD
2024-08-21 11:27:47,996 - utils_portfolio - INFO - Processing symbol - AAPL
2024-08-21 11:27:48,410 - utils_portfolio - INFO - Processing symbol - GOOGL
2024-08-21 11:27:48,815 - utils_portfolio - INFO - Processing symbol - META
2024-08-21 11:27:49,231 - utils_portfolio - INFO - Processing symbol - MRVL
2024-08-21 11:27:49,636 - utils_portfolio - INFO - Processing symbol - MSTR
2024-08-21 11:27:49,833 - utils_portfolio - INFO - Processing symbol - SCHD
2024-08-21 11:27:50,249 - utils_portfolio - INFO - Processing symbol - BITO
2024-08-21 11:27:50,448 - utils_portfolio - INFO - Processing symbol - AVGO
2024-08-21 11:27:50,863 - utils_portfolio - INFO - Processing symbol - SOUN
2024-08-21 11:27:51,062 - utils_portfolio - INFO - Processing symbol - TSLA
2024-08-21 11:27:51,478 - utils_portfolio - INFO - Processing symbol - NVDA
2024-08-21 11:27:51,895 - utils_portfolio - INFO - Processing symbol - AMD
2024-08-21 11:27:52,297 - utils_portfolio - INFO - Processing symbol - QQQ
2024-08-21 11:27:52,704 - utils_portfolio - INFO - Processing symbol - AMZN
2024-08-21 11:27:53,123 - utils_portfolio - INFO - Processing symbol - TQQQ
2024-08-21 11:27:53,530 - utils_portfolio - INFO - Processing symbol - VOO
2024-08-21 11:27:53,937 - utils_portfolio - INFO - Processing symbol - BABA
2024-08-21 11:27:54,349 - utils_portfolio - INFO - Processing symbol - BA
2024-08-21 11:27:54,756 - utils_portfolio - INFO - Processing symbol - XLI
2024-08-21 11:27:55,164 - utils_portfolio - INFO - Processing symbol - RIOT
2024-08-21 11:27:55,580 - utils_portfolio - INFO - Processing symbol - NEE
2024-08-21 11:27:55,983 - utils_portfolio - INFO - Processing symbol - SLV
2024-08-21 11:27:56,399 - utils_portfolio - INFO - Processing symbol - SHOP
2024-08-21 11:27:56,796 - utils_portfolio - INFO - Processing symbol - FAST
2024-08-21 11:27:57,118 - utils_portfolio - INFO - Processing symbol - SPXL
2024-08-21 11:27:57,521 - utils_portfolio - INFO - Processing symbol - VALE
2024-08-21 11:27:57,719 - utils_portfolio - INFO - Processing symbol - SNAP
2024-08-21 11:27:57,924 - utils_portfolio - INFO - Processing symbol - WDC
2024-08-21 11:27:58,339 - utils_portfolio - INFO - Processing symbol - MO
2024-08-21 11:27:58,756 - utils_portfolio - INFO - Processing symbol - PM
2024-08-21 11:27:59,159 - utils_portfolio - INFO - Processing symbol - SQ
2024-08-21 11:27:59,574 - utils_portfolio - INFO - Processing symbol - PDD
2024-08-21 11:27:59,982 - utils_portfolio - INFO - Processing symbol - ABBV
2024-08-21 11:28:00,393 - utils_portfolio - INFO - Processing symbol - ON
2024-08-21 11:28:00,711 - utils_portfolio - INFO - Processing symbol - UPRO
2024-08-21 11:28:01,019 - utils_portfolio - INFO - Processing symbol - TSLL
2024-08-21 11:28:01,412 - utils_portfolio - INFO - Processing symbol - PBR
2024-08-21 11:28:01,825 - utils_portfolio - INFO - Processing symbol - MP
2024-08-21 11:28:02,230 - utils_portfolio - INFO - Processing symbol - U
2024-08-21 11:28:02,665 - utils_portfolio - INFO - Calculating closed trades stats
2024-08-21 11:28:02,666 - utils_portfolio - INFO - Processing symbol - PLTR
2024-08-21 11:28:03,175 - utils_portfolio - INFO - Processing symbol - BTC/USD
2024-08-21 11:28:03,380 - utils_portfolio - INFO - Processing symbol - AAL
2024-08-21 11:28:03,585 - utils_portfolio - INFO - Processing symbol - VRT
2024-08-21 11:28:03,790 - utils_portfolio - INFO - Processing symbol - GBTC
2024-08-21 11:28:03,997 - utils_portfolio - INFO - Processing symbol - DELL
2024-08-21 11:28:04,203 - utils_portfolio - INFO - Processing symbol - GM
2024-08-21 11:28:04,388 - utils_portfolio - INFO - Processing symbol - IYR
2024-08-21 11:28:04,612 - utils_portfolio - INFO - Processing symbol - DKNG
2024-08-21 11:28:04,819 - utils_portfolio - INFO - Processing symbol - EBAY
2024-08-21 11:28:05,021 - utils_portfolio - INFO - Processing symbol - CRWD
2024-08-21 11:28:05,228 - utils_portfolio - INFO - Processing symbol - AAPL
2024-08-21 11:28:05,432 - utils_portfolio - INFO - Processing symbol - GOOGL
2024-08-21 11:28:05,638 - utils_portfolio - INFO - Processing symbol - META
2024-08-21 11:28:05,844 - utils_portfolio - INFO - Processing symbol - MRVL
2024-08-21 11:28:06,018 - utils_portfolio - INFO - Processing symbol - MSTR
2024-08-21 11:28:06,250 - utils_portfolio - INFO - Processing symbol - SCHD
2024-08-21 11:28:06,455 - utils_portfolio - INFO - Processing symbol - BITO
2024-08-21 11:28:06,662 - utils_portfolio - INFO - Processing symbol - AVGO
2024-08-21 11:28:06,866 - utils_portfolio - INFO - Processing symbol - SOUN
2024-08-21 11:28:07,070 - utils_portfolio - INFO - Processing symbol - TSLA
2024-08-21 11:28:07,275 - utils_portfolio - INFO - Processing symbol - NVDA
2024-08-21 11:28:07,479 - utils_portfolio - INFO - Processing symbol - AMD
2024-08-21 11:28:07,684 - utils_portfolio - INFO - Processing symbol - QQQ
2024-08-21 11:28:07,889 - utils_portfolio - INFO - Processing symbol - AMZN
2024-08-21 11:28:08,039 - utils_portfolio - INFO - Processing symbol - TQQQ
2024-08-21 11:28:08,196 - utils_portfolio - INFO - Processing symbol - VOO
2024-08-21 11:28:08,404 - utils_portfolio - INFO - Processing symbol - BABA
2024-08-21 11:28:08,596 - utils_portfolio - INFO - Processing symbol - BA
2024-08-21 11:28:08,812 - utils_portfolio - INFO - Processing symbol - XLI
2024-08-21 11:28:09,014 - utils_portfolio - INFO - Processing symbol - RIOT
2024-08-21 11:28:09,222 - utils_portfolio - INFO - Processing symbol - NEE
2024-08-21 11:28:09,424 - utils_portfolio - INFO - Processing symbol - SLV
2024-08-21 11:28:09,629 - utils_portfolio - INFO - Processing symbol - SHOP
2024-08-21 11:28:09,835 - utils_portfolio - INFO - Processing symbol - FAST
2024-08-21 11:28:10,040 - utils_portfolio - INFO - Processing symbol - SPXL
2024-08-21 11:28:10,243 - utils_portfolio - INFO - Processing symbol - VALE
2024-08-21 11:28:10,448 - utils_portfolio - INFO - Processing symbol - SNAP
2024-08-21 11:28:10,653 - utils_portfolio - INFO - Processing symbol - WDC
2024-08-21 11:28:10,860 - utils_portfolio - INFO - Processing symbol - MO
2024-08-21 11:28:11,065 - utils_portfolio - INFO - Processing symbol - PM
2024-08-21 11:28:11,268 - utils_portfolio - INFO - Processing symbol - SQ
2024-08-21 11:28:11,475 - utils_portfolio - INFO - Processing symbol - PDD
2024-08-21 11:28:11,679 - utils_portfolio - INFO - Processing symbol - ABBV
2024-08-21 11:28:11,885 - utils_portfolio - INFO - Processing symbol - ON
2024-08-21 11:28:12,122 - utils_portfolio - INFO - Processing symbol - UPRO
2024-08-21 11:28:12,314 - utils_portfolio - INFO - Processing symbol - TSLL
2024-08-21 11:28:12,596 - utils_portfolio - INFO - Processing symbol - PBR
2024-08-21 11:28:12,724 - utils_portfolio - INFO - Processing symbol - MP
2024-08-21 11:28:12,940 - utils_portfolio - INFO - Processing symbol - U
2024-08-21 11:28:13,161 - utils_portfolio - INFO - Updating state of symbols
2024-08-21 11:28:13,162 - utils_portfolio - INFO - Calculating closed trades stats
2024-08-21 11:28:13,162 - utils_portfolio - INFO - Processing symbol - MP
2024-08-21 11:28:13,727 - utils_portfolio - INFO - Processing symbol - SCHD
2024-08-21 11:28:13,932 - utils_portfolio - INFO - Processing symbol - TSLA
2024-08-21 11:28:14,137 - utils_portfolio - INFO - Processing symbol - NEE
2024-08-21 11:28:14,319 - utils_portfolio - INFO - Processing symbol - AAL
2024-08-21 11:28:14,536 - utils_portfolio - INFO - Processing symbol - FAST
2024-08-21 11:28:14,752 - utils_portfolio - INFO - Processing symbol - U
2024-08-21 11:28:14,955 - utils_portfolio - INFO - Processing symbol - IYR
2024-08-21 11:28:15,104 - utils_portfolio - INFO - Processing symbol - EBAY
2024-08-21 11:28:15,264 - utils_portfolio - INFO - Processing symbol - PBR
2024-08-21 11:28:15,467 - utils_portfolio - INFO - Processing symbol - BABA
2024-08-21 11:28:15,672 - utils_portfolio - INFO - Processing symbol - VRT
2024-08-21 11:28:15,879 - utils_portfolio - INFO - Processing symbol - AMZN
2024-08-21 11:28:16,083 - utils_portfolio - INFO - Processing symbol - ON
2024-08-21 11:28:16,284 - utils_portfolio - INFO - Processing symbol - SHOP
2024-08-21 11:28:16,492 - utils_portfolio - INFO - Processing symbol - WDC
2024-08-21 11:28:16,696 - utils_portfolio - INFO - Processing symbol - META
2024-08-21 11:28:16,902 - utils_portfolio - INFO - Processing symbol - BTC/USD
2024-08-21 11:28:17,107 - utils_portfolio - INFO - Processing symbol - BA
2024-08-21 11:28:17,312 - utils_portfolio - INFO - Processing symbol - DELL
2024-08-21 11:28:17,517 - utils_portfolio - INFO - Processing symbol - SOUN
2024-08-21 11:28:17,720 - utils_portfolio - INFO - Processing symbol - PDD
2024-08-21 11:28:17,926 - utils_portfolio - INFO - Processing symbol - ABBV
2024-08-21 11:28:18,131 - utils_portfolio - INFO - Processing symbol - UPRO
2024-08-21 11:28:18,335 - utils_portfolio - INFO - Processing symbol - XLI
2024-08-21 11:28:18,521 - utils_portfolio - INFO - Processing symbol - SQ
2024-08-21 11:28:18,745 - utils_portfolio - INFO - Processing symbol - PLTR
2024-08-21 11:28:18,949 - utils_portfolio - INFO - Processing symbol - VALE
2024-08-21 11:28:19,153 - utils_portfolio - INFO - Processing symbol - QQQ
2024-08-21 11:28:19,355 - utils_portfolio - INFO - Processing symbol - PM
2024-08-21 11:28:19,561 - utils_portfolio - INFO - Processing symbol - AAPL
2024-08-21 11:28:19,769 - utils_portfolio - INFO - Processing symbol - MO
2024-08-21 11:28:19,974 - utils_portfolio - INFO - Processing symbol - GOOGL
2024-08-21 11:28:20,177 - utils_portfolio - INFO - Processing symbol - MRVL
2024-08-21 11:28:20,383 - utils_portfolio - INFO - Processing symbol - GM
2024-08-21 11:28:20,587 - utils_portfolio - INFO - Processing symbol - SLV
2024-08-21 11:28:20,791 - utils_portfolio - INFO - Processing symbol - AMD
2024-08-21 11:28:20,996 - utils_portfolio - INFO - Processing symbol - AVGO
2024-08-21 11:28:21,203 - utils_portfolio - INFO - Processing symbol - GBTC
2024-08-21 11:28:21,407 - utils_portfolio - INFO - Processing symbol - TSLL
2024-08-21 11:28:21,611 - utils_portfolio - INFO - Processing symbol - RIOT
2024-08-21 11:28:21,818 - utils_portfolio - INFO - Processing symbol - NVDA
2024-08-21 11:28:22,021 - utils_portfolio - INFO - Processing symbol - SNAP
2024-08-21 11:28:22,224 - utils_portfolio - INFO - Processing symbol - VOO
2024-08-21 11:28:22,430 - utils_portfolio - INFO - Processing symbol - TQQQ
2024-08-21 11:28:22,638 - utils_portfolio - INFO - Processing symbol - SPXL
2024-08-21 11:28:22,839 - utils_portfolio - INFO - Processing symbol - DKNG
2024-08-21 11:28:23,046 - utils_portfolio - INFO - Processing symbol - BITO
2024-08-21 11:28:23,250 - utils_portfolio - INFO - Processing symbol - CRWD
2024-08-21 11:28:23,452 - utils_portfolio - INFO - Processing symbol - MSTR
2024-08-21 11:28:23,664 - utils_portfolio - INFO - Calculating open trades stats
2024-08-21 11:28:23,665 - utils_portfolio - INFO - Processing symbol - MP
2024-08-21 11:28:24,354 - utils_portfolio - INFO - Processing symbol - SCHD
2024-08-21 11:28:24,759 - utils_portfolio - INFO - Processing symbol - TSLA
2024-08-21 11:28:25,173 - utils_portfolio - INFO - Processing symbol - NEE
2024-08-21 11:28:25,582 - utils_portfolio - INFO - Processing symbol - AAL
2024-08-21 11:28:25,776 - utils_portfolio - INFO - Processing symbol - FAST
2024-08-21 11:28:26,192 - utils_portfolio - INFO - Processing symbol - U
2024-08-21 11:28:26,607 - utils_portfolio - INFO - Processing symbol - IYR
2024-08-21 11:28:27,010 - utils_portfolio - INFO - Processing symbol - EBAY
2024-08-21 11:28:27,210 - utils_portfolio - INFO - Processing symbol - PBR
2024-08-21 11:28:27,625 - utils_portfolio - INFO - Processing symbol - BABA
2024-08-21 11:28:28,041 - utils_portfolio - INFO - Processing symbol - VRT
2024-08-21 11:28:28,446 - utils_portfolio - INFO - Processing symbol - AMZN
2024-08-21 11:28:28,861 - utils_portfolio - INFO - Processing symbol - ON
2024-08-21 11:28:29,264 - utils_portfolio - INFO - Processing symbol - SHOP
2024-08-21 11:28:29,591 - utils_portfolio - INFO - Processing symbol - WDC
2024-08-21 11:28:29,982 - utils_portfolio - INFO - Processing symbol - META
2024-08-21 11:28:30,398 - utils_portfolio - INFO - Processing symbol - BTC/USD
2024-08-21 11:28:30,590 - utils_portfolio - INFO - Processing symbol - BA
2024-08-21 11:28:31,011 - utils_portfolio - INFO - Processing symbol - DELL
2024-08-21 11:28:31,416 - utils_portfolio - INFO - Processing symbol - SOUN
2024-08-21 11:28:31,612 - utils_portfolio - INFO - Processing symbol - PDD
2024-08-21 11:28:32,030 - utils_portfolio - INFO - Processing symbol - ABBV
2024-08-21 11:28:32,445 - utils_portfolio - INFO - Processing symbol - UPRO
2024-08-21 11:28:32,849 - utils_portfolio - INFO - Processing symbol - XLI
2024-08-21 11:28:33,262 - utils_portfolio - INFO - Processing symbol - SQ
2024-08-21 11:28:33,667 - utils_portfolio - INFO - Processing symbol - PLTR
2024-08-21 11:28:34,083 - utils_portfolio - INFO - Processing symbol - VALE
2024-08-21 11:28:34,276 - utils_portfolio - INFO - Processing symbol - QQQ
2024-08-21 11:28:34,695 - utils_portfolio - INFO - Processing symbol - PM
2024-08-21 11:28:35,100 - utils_portfolio - INFO - Processing symbol - AAPL
2024-08-21 11:28:35,514 - utils_portfolio - INFO - Processing symbol - MO
2024-08-21 11:28:35,924 - utils_portfolio - INFO - Processing symbol - GOOGL
2024-08-21 11:28:36,330 - utils_portfolio - INFO - Processing symbol - MRVL
2024-08-21 11:28:36,745 - utils_portfolio - INFO - Processing symbol - GM
2024-08-21 11:28:37,062 - utils_portfolio - INFO - Processing symbol - SLV
2024-08-21 11:28:37,455 - utils_portfolio - INFO - Processing symbol - AMD
2024-08-21 11:28:37,878 - utils_portfolio - INFO - Processing symbol - AVGO
2024-08-21 11:28:38,288 - utils_portfolio - INFO - Processing symbol - GBTC
2024-08-21 11:28:38,472 - utils_portfolio - INFO - Processing symbol - TSLL
2024-08-21 11:28:38,885 - utils_portfolio - INFO - Processing symbol - RIOT
2024-08-21 11:28:39,296 - utils_portfolio - INFO - Processing symbol - NVDA
2024-08-21 11:28:39,716 - utils_portfolio - INFO - Processing symbol - SNAP
2024-08-21 11:28:39,907 - utils_portfolio - INFO - Processing symbol - VOO
2024-08-21 11:28:40,331 - utils_portfolio - INFO - Processing symbol - TQQQ
2024-08-21 11:28:40,742 - utils_portfolio - INFO - Processing symbol - SPXL
2024-08-21 11:28:41,045 - utils_portfolio - INFO - Processing symbol - DKNG
2024-08-21 11:28:41,456 - utils_portfolio - INFO - Processing symbol - BITO
2024-08-21 11:28:41,648 - utils_portfolio - INFO - Processing symbol - CRWD
2024-08-21 11:28:41,971 - utils_portfolio - INFO - Processing symbol - MSTR
2024-08-21 11:28:42,184 - utils_portfolio - INFO - Updating symbol stats - MP
2024-08-21 11:28:42,233 - utils_portfolio - INFO - Updating symbol stats - SCHD
2024-08-21 11:28:42,261 - utils_portfolio - INFO - Updating symbol stats - TSLA
2024-08-21 11:28:42,286 - utils_portfolio - INFO - Updating symbol stats - NEE
2024-08-21 11:28:42,312 - utils_portfolio - INFO - Updating symbol stats - AAL
2024-08-21 11:28:42,340 - utils_portfolio - INFO - Updating symbol stats - FAST
2024-08-21 11:28:42,390 - utils_portfolio - INFO - Updating symbol stats - U
2024-08-21 11:28:42,417 - utils_portfolio - INFO - Updating symbol stats - IYR
2024-08-21 11:28:42,443 - utils_portfolio - INFO - Updating symbol stats - EBAY
2024-08-21 11:28:42,468 - utils_portfolio - INFO - Updating symbol stats - PBR
2024-08-21 11:28:42,495 - utils_portfolio - INFO - Updating symbol stats - BABA
2024-08-21 11:28:42,522 - utils_portfolio - INFO - Updating symbol stats - VRT
2024-08-21 11:28:42,549 - utils_portfolio - INFO - Updating symbol stats - AMZN
2024-08-21 11:28:42,576 - utils_portfolio - INFO - Updating symbol stats - ON
2024-08-21 11:28:42,601 - utils_portfolio - INFO - Updating symbol stats - SHOP
2024-08-21 11:28:42,627 - utils_portfolio - INFO - Updating symbol stats - WDC
2024-08-21 11:28:42,652 - utils_portfolio - INFO - Updating symbol stats - META
2024-08-21 11:28:42,679 - utils_portfolio - INFO - Updating symbol stats - BTC/USD
2024-08-21 11:28:42,704 - utils_portfolio - INFO - Updating symbol stats - BA
2024-08-21 11:28:42,730 - utils_portfolio - INFO - Updating symbol stats - DELL
2024-08-21 11:28:42,766 - utils_portfolio - INFO - Updating symbol stats - SOUN
2024-08-21 11:28:42,791 - utils_portfolio - INFO - Updating symbol stats - PDD
2024-08-21 11:28:42,816 - utils_portfolio - INFO - Updating symbol stats - ABBV
2024-08-21 11:28:42,841 - utils_portfolio - INFO - Updating symbol stats - UPRO
2024-08-21 11:28:42,866 - utils_portfolio - INFO - Updating symbol stats - XLI
2024-08-21 11:28:42,891 - utils_portfolio - INFO - Updating symbol stats - SQ
2024-08-21 11:28:42,916 - utils_portfolio - INFO - Updating symbol stats - PLTR
2024-08-21 11:28:42,942 - utils_portfolio - INFO - Updating symbol stats - VALE
2024-08-21 11:28:42,966 - utils_portfolio - INFO - Updating symbol stats - QQQ
2024-08-21 11:28:42,993 - utils_portfolio - INFO - Updating symbol stats - PM
2024-08-21 11:28:43,018 - utils_portfolio - INFO - Updating symbol stats - AAPL
2024-08-21 11:28:43,043 - utils_portfolio - INFO - Updating symbol stats - MO
2024-08-21 11:28:43,068 - utils_portfolio - INFO - Updating symbol stats - GOOGL
2024-08-21 11:28:43,094 - utils_portfolio - INFO - Updating symbol stats - MRVL
2024-08-21 11:28:43,121 - utils_portfolio - INFO - Updating symbol stats - GM
2024-08-21 11:28:43,145 - utils_portfolio - INFO - Updating symbol stats - SLV
2024-08-21 11:28:43,172 - utils_portfolio - INFO - Updating symbol stats - AMD
2024-08-21 11:28:43,199 - utils_portfolio - INFO - Updating symbol stats - AVGO
2024-08-21 11:28:43,224 - utils_portfolio - INFO - Updating symbol stats - GBTC
2024-08-21 11:28:43,250 - utils_portfolio - INFO - Updating symbol stats - TSLL
2024-08-21 11:28:43,276 - utils_portfolio - INFO - Updating symbol stats - RIOT
2024-08-21 11:28:43,301 - utils_portfolio - INFO - Updating symbol stats - NVDA
2024-08-21 11:28:43,326 - utils_portfolio - INFO - Updating symbol stats - SNAP
2024-08-21 11:28:43,352 - utils_portfolio - INFO - Updating symbol stats - VOO
2024-08-21 11:28:43,378 - utils_portfolio - INFO - Updating symbol stats - TQQQ
2024-08-21 11:28:43,414 - utils_portfolio - INFO - Updating symbol stats - SPXL
2024-08-21 11:28:43,439 - utils_portfolio - INFO - Updating symbol stats - DKNG
2024-08-21 11:28:43,465 - utils_portfolio - INFO - Updating symbol stats - BITO
2024-08-21 11:28:43,494 - utils_portfolio - INFO - Updating symbol stats - CRWD
2024-08-21 11:28:43,522 - utils_portfolio - INFO - Updating symbol stats - MSTR
2024-08-21 11:28:43,553 - utils_portfolio - INFO - Updating state of strategies
2024-08-21 11:28:43,554 - utils_portfolio - INFO - Calculating closed trades stats
2024-08-21 11:28:43,554 - utils_portfolio - INFO - Processing symbol - PLTR
2024-08-21 11:28:44,265 - utils_portfolio - INFO - Processing symbol - BTC/USD
2024-08-21 11:28:44,479 - utils_portfolio - INFO - Processing symbol - AAL
2024-08-21 11:28:44,733 - utils_portfolio - INFO - Processing symbol - VRT
2024-08-21 11:28:45,062 - utils_portfolio - INFO - Processing symbol - GBTC
2024-08-21 11:28:45,287 - utils_portfolio - INFO - Processing symbol - DELL
2024-08-21 11:28:45,494 - utils_portfolio - INFO - Processing symbol - GM
2024-08-21 11:28:45,698 - utils_portfolio - INFO - Processing symbol - IYR
2024-08-21 11:28:45,901 - utils_portfolio - INFO - Processing symbol - DKNG
2024-08-21 11:28:46,106 - utils_portfolio - INFO - Processing symbol - EBAY
2024-08-21 11:28:46,323 - utils_portfolio - INFO - Processing symbol - CRWD
2024-08-21 11:28:46,490 - utils_portfolio - INFO - Processing symbol - AAPL
2024-08-21 11:28:46,698 - utils_portfolio - INFO - Processing symbol - GOOGL
2024-08-21 11:28:46,903 - utils_portfolio - INFO - Processing symbol - META
2024-08-21 11:28:47,108 - utils_portfolio - INFO - Processing symbol - MRVL
2024-08-21 11:28:47,312 - utils_portfolio - INFO - Processing symbol - MSTR
2024-08-21 11:28:47,501 - utils_portfolio - INFO - Processing symbol - SCHD
2024-08-21 11:28:47,724 - utils_portfolio - INFO - Processing symbol - BITO
2024-08-21 11:28:48,011 - utils_portfolio - INFO - Processing symbol - AVGO
2024-08-21 11:28:48,235 - utils_portfolio - INFO - Processing symbol - SOUN
2024-08-21 11:28:48,438 - utils_portfolio - INFO - Processing symbol - TSLA
2024-08-21 11:28:48,644 - utils_portfolio - INFO - Processing symbol - NVDA
2024-08-21 11:28:48,851 - utils_portfolio - INFO - Processing symbol - AMD
2024-08-21 11:28:49,040 - utils_portfolio - INFO - Processing symbol - QQQ
2024-08-21 11:28:49,258 - utils_portfolio - INFO - Processing symbol - AMZN
2024-08-21 11:28:49,463 - utils_portfolio - INFO - Processing symbol - TQQQ
2024-08-21 11:28:49,667 - utils_portfolio - INFO - Processing symbol - VOO
2024-08-21 11:28:49,874 - utils_portfolio - INFO - Processing symbol - BABA
2024-08-21 11:28:50,078 - utils_portfolio - INFO - Processing symbol - BA
2024-08-21 11:28:50,283 - utils_portfolio - INFO - Processing symbol - XLI
2024-08-21 11:28:50,487 - utils_portfolio - INFO - Processing symbol - RIOT
2024-08-21 11:28:50,694 - utils_portfolio - INFO - Processing symbol - NEE
2024-08-21 11:28:50,897 - utils_portfolio - INFO - Processing symbol - SLV
2024-08-21 11:28:51,099 - utils_portfolio - INFO - Processing symbol - SHOP
2024-08-21 11:28:51,308 - utils_portfolio - INFO - Processing symbol - FAST
2024-08-21 11:28:51,492 - utils_portfolio - INFO - Processing symbol - SPXL
2024-08-21 11:28:51,717 - utils_portfolio - INFO - Processing symbol - VALE
2024-08-21 11:28:51,921 - utils_portfolio - INFO - Processing symbol - SNAP
2024-08-21 11:28:52,127 - utils_portfolio - INFO - Processing symbol - WDC
2024-08-21 11:28:52,333 - utils_portfolio - INFO - Processing symbol - MO
2024-08-21 11:28:52,537 - utils_portfolio - INFO - Processing symbol - PM
2024-08-21 11:28:52,741 - utils_portfolio - INFO - Processing symbol - SQ
2024-08-21 11:28:52,947 - utils_portfolio - INFO - Processing symbol - PDD
2024-08-21 11:28:53,131 - utils_portfolio - INFO - Processing symbol - ABBV
2024-08-21 11:28:53,357 - utils_portfolio - INFO - Processing symbol - ON
2024-08-21 11:28:53,547 - utils_portfolio - INFO - Processing symbol - UPRO
2024-08-21 11:28:53,766 - utils_portfolio - INFO - Processing symbol - TSLL
2024-08-21 11:28:53,969 - utils_portfolio - INFO - Processing symbol - PBR
2024-08-21 11:28:54,151 - utils_portfolio - INFO - Processing symbol - MP
2024-08-21 11:28:54,379 - utils_portfolio - INFO - Processing symbol - U
2024-08-21 11:28:54,588 - utils_portfolio - INFO - Calculating open trades stats
2024-08-21 11:28:54,589 - utils_portfolio - INFO - Processing symbol - PLTR
2024-08-21 11:28:55,280 - utils_portfolio - INFO - Processing symbol - BTC/USD
2024-08-21 11:28:55,473 - utils_portfolio - INFO - Processing symbol - AAL
2024-08-21 11:28:55,678 - utils_portfolio - INFO - Processing symbol - VRT
2024-08-21 11:28:56,104 - utils_portfolio - INFO - Processing symbol - GBTC
2024-08-21 11:28:56,292 - utils_portfolio - INFO - Processing symbol - DELL
2024-08-21 11:28:56,708 - utils_portfolio - INFO - Processing symbol - GM
2024-08-21 11:28:57,125 - utils_portfolio - INFO - Processing symbol - IYR
2024-08-21 11:28:57,525 - utils_portfolio - INFO - Processing symbol - DKNG
2024-08-21 11:28:57,943 - utils_portfolio - INFO - Processing symbol - EBAY
2024-08-21 11:28:58,135 - utils_portfolio - INFO - Processing symbol - CRWD
2024-08-21 11:28:58,558 - utils_portfolio - INFO - Processing symbol - AAPL
2024-08-21 11:28:58,959 - utils_portfolio - INFO - Processing symbol - GOOGL
2024-08-21 11:28:59,377 - utils_portfolio - INFO - Processing symbol - META
2024-08-21 11:28:59,780 - utils_portfolio - INFO - Processing symbol - MRVL
2024-08-21 11:29:00,109 - utils_portfolio - INFO - Processing symbol - MSTR
2024-08-21 11:29:00,224 - utils_portfolio - INFO - Processing symbol - SCHD
2024-08-21 11:29:00,604 - utils_portfolio - INFO - Processing symbol - BITO
2024-08-21 11:29:00,797 - utils_portfolio - INFO - Processing symbol - AVGO
2024-08-21 11:29:01,110 - utils_portfolio - INFO - Processing symbol - SOUN
2024-08-21 11:29:01,308 - utils_portfolio - INFO - Processing symbol - TSLA
2024-08-21 11:29:01,725 - utils_portfolio - INFO - Processing symbol - NVDA
2024-08-21 11:29:02,141 - utils_portfolio - INFO - Processing symbol - AMD
2024-08-21 11:29:02,543 - utils_portfolio - INFO - Processing symbol - QQQ
2024-08-21 11:29:02,958 - utils_portfolio - INFO - Processing symbol - AMZN
2024-08-21 11:29:03,362 - utils_portfolio - INFO - Processing symbol - TQQQ
2024-08-21 11:29:03,779 - utils_portfolio - INFO - Processing symbol - VOO
2024-08-21 11:29:04,183 - utils_portfolio - INFO - Processing symbol - BABA
2024-08-21 11:29:04,595 - utils_portfolio - INFO - Processing symbol - BA
2024-08-21 11:29:05,007 - utils_portfolio - INFO - Processing symbol - XLI
2024-08-21 11:29:05,411 - utils_portfolio - INFO - Processing symbol - RIOT
2024-08-21 11:29:05,828 - utils_portfolio - INFO - Processing symbol - NEE
2024-08-21 11:29:06,229 - utils_portfolio - INFO - Processing symbol - SLV
2024-08-21 11:29:06,645 - utils_portfolio - INFO - Processing symbol - SHOP
2024-08-21 11:29:07,050 - utils_portfolio - INFO - Processing symbol - FAST
2024-08-21 11:29:07,465 - utils_portfolio - INFO - Processing symbol - SPXL
2024-08-21 11:29:07,868 - utils_portfolio - INFO - Processing symbol - VALE
2024-08-21 11:29:08,067 - utils_portfolio - INFO - Processing symbol - SNAP
2024-08-21 11:29:08,271 - utils_portfolio - INFO - Processing symbol - WDC
2024-08-21 11:29:08,696 - utils_portfolio - INFO - Processing symbol - MO
2024-08-21 11:29:09,097 - utils_portfolio - INFO - Processing symbol - PM
2024-08-21 11:29:09,512 - utils_portfolio - INFO - Processing symbol - SQ
2024-08-21 11:29:09,918 - utils_portfolio - INFO - Processing symbol - PDD
2024-08-21 11:29:10,334 - utils_portfolio - INFO - Processing symbol - ABBV
2024-08-21 11:29:10,736 - utils_portfolio - INFO - Processing symbol - ON
2024-08-21 11:29:11,152 - utils_portfolio - INFO - Processing symbol - UPRO
2024-08-21 11:29:11,561 - utils_portfolio - INFO - Processing symbol - TSLL
2024-08-21 11:29:11,969 - utils_portfolio - INFO - Processing symbol - PBR
2024-08-21 11:29:12,375 - utils_portfolio - INFO - Processing symbol - MP
2024-08-21 11:29:12,790 - utils_portfolio - INFO - Processing symbol - U
2024-08-21 11:29:13,272 - root - INFO - XXXXXXXXXXXXXXXXXXXX --- Everything DONE --- XXXXXXXXXXXXXXXXXXXX
