2024-12-21 10:29:22,171 - root - INFO - Logger is setup
2024-12-21 10:29:22,190 - utils_portfolio - INFO - Updating info of portfolio - p1
2024-12-21 10:29:22,272 - utils_portfolio - INFO - Calculating symbols weights
2024-12-21 10:29:22,273 - root - INFO - Portfolio p1 symbols weights - {'PBR': 0.07692307692307693, 'T': 0.07692307692307693, 'VALE': 0.07692307692307693, 'FTNT': 0.07692307692307693, 'BX': 0.07692307692307693, 'MO': 0.07692307692307693, 'NVDA': 0.07692307692307693, 'TNA': 0.07692307692307693, 'BSX': 0.07692307692307693, 'PANW': 0.07692307692307693, 'VZ': 0.07692307692307693, 'ANET': 0.07692307692307693, 'WBD': 0.07692307692307693}
2024-12-21 10:29:22,273 - utils_strategy - INFO - PBR - downloading data from yfinance
2024-12-21 10:29:26,410 - utils_portfolio - INFO - PBR - running symbols strategy to get entries and exits
2024-12-21 10:30:16,089 - utils_portfolio - INFO - Evaluating symbol if to open, close, or no change
2024-12-21 10:30:21,192 - utils_strategy - INFO - T - downloading data from yfinance
2024-12-21 10:30:24,843 - utils_portfolio - INFO - T - running symbols strategy to get entries and exits
2024-12-21 10:31:18,429 - utils_portfolio - INFO - Evaluating symbol if to open, close, or no change
2024-12-21 10:31:18,468 - utils_strategy - INFO - VALE - downloading data from yfinance
2024-12-21 10:31:22,167 - utils_portfolio - INFO - VALE - running symbols strategy to get entries and exits
2024-12-21 10:32:12,894 - utils_portfolio - INFO - Evaluating symbol if to open, close, or no change
2024-12-21 10:32:12,937 - utils_strategy - INFO - FTNT - downloading data from yfinance
2024-12-21 10:32:15,268 - utils_portfolio - INFO - FTNT - running symbols strategy to get entries and exits
2024-12-21 10:32:54,147 - utils_portfolio - INFO - Evaluating symbol if to open, close, or no change
2024-12-21 10:32:54,180 - utils_strategy - INFO - BX - downloading data from yfinance
2024-12-21 10:32:57,633 - utils_portfolio - INFO - BX - running symbols strategy to get entries and exits
2024-12-21 10:33:42,568 - utils_portfolio - INFO - Evaluating symbol if to open, close, or no change
2024-12-21 10:33:42,600 - utils_strategy - INFO - MO - downloading data from yfinance
2024-12-21 10:33:46,449 - utils_portfolio - INFO - MO - running symbols strategy to get entries and exits
