2024-05-31 10:41:32,521 - root - INFO - Logger is setup
2024-05-31 10:41:32,590 - utils_portfolio - INFO - Updating whole portfolio state
2024-05-31 10:41:33,913 - utils_portfolio - INFO - Calculating open trades stats
2024-05-31 10:41:44,234 - utils_portfolio - INFO - Calculating closed trades stats
2024-05-31 10:41:54,792 - utils_portfolio - INFO - Updating info of portfolio - p1
2024-05-31 10:41:54,877 - utils_portfolio - INFO - Calculating symbols weights
2024-05-31 10:41:54,877 - root - INFO - Portfolio p1 symbols weights - {'PLTR': 0.09090909090909091, 'BTC/USD': 0.09090909090909091, 'AAL': 0.09090909090909091, 'VRT': 0.09090909090909091, 'GBTC': 0.09090909090909091, 'DELL': 0.09090909090909091, 'GM': 0.09090909090909091, 'IYR': 0.09090909090909091, 'DKNG': 0.09090909090909091, 'EBAY': 0.09090909090909091, 'CRWD': 0.09090909090909091}
2024-05-31 10:41:54,878 - utils_strategy - INFO - PLTR - downloading data from alpaca
2024-05-31 10:41:55,784 - utils_portfolio - INFO - Checking if we have correct date
2024-05-31 10:41:55,785 - utils_portfolio - INFO - PLTR - running symbols strategy to get entries and exits
2024-05-31 10:41:55,800 - utils_portfolio - INFO - Evaluating symbol if to open, close, or no change
2024-05-31 10:42:00,752 - utils_strategy - INFO - BTC/USD - downloading data from alpaca
2024-05-31 10:42:01,740 - utils_portfolio - INFO - Checking if we have correct date
2024-05-31 10:42:01,740 - utils_portfolio - INFO - BTC/USD - running symbols strategy to get entries and exits
2024-05-31 10:42:01,755 - utils_portfolio - INFO - Evaluating symbol if to open, close, or no change
2024-05-31 10:42:01,786 - utils_strategy - INFO - AAL - downloading data from alpaca
2024-05-31 10:42:03,161 - utils_portfolio - INFO - Checking if we have correct date
2024-05-31 10:42:03,161 - utils_portfolio - INFO - AAL - running symbols strategy to get entries and exits
2024-05-31 10:42:03,180 - utils_portfolio - INFO - Evaluating symbol if to open, close, or no change
2024-05-31 10:42:03,218 - utils_strategy - INFO - VRT - downloading data from alpaca
2024-05-31 10:42:04,203 - utils_portfolio - INFO - Checking if we have correct date
2024-05-31 10:42:04,203 - utils_portfolio - INFO - VRT - running symbols strategy to get entries and exits
2024-05-31 10:42:04,217 - utils_portfolio - INFO - Evaluating symbol if to open, close, or no change
2024-05-31 10:42:04,250 - utils_strategy - INFO - GBTC - downloading data from alpaca
2024-05-31 10:42:04,710 - utils_portfolio - INFO - Checking if we have correct date
2024-05-31 10:42:04,710 - utils_portfolio - INFO - GBTC - running symbols strategy to get entries and exits
2024-05-31 10:42:04,727 - utils_portfolio - INFO - Evaluating symbol if to open, close, or no change
2024-05-31 10:42:04,753 - utils_strategy - INFO - DELL - downloading data from alpaca
2024-05-31 10:42:05,737 - utils_portfolio - INFO - Checking if we have correct date
2024-05-31 10:42:05,737 - utils_portfolio - INFO - DELL - running symbols strategy to get entries and exits
2024-05-31 10:42:05,750 - utils_portfolio - INFO - Evaluating symbol if to open, close, or no change
2024-05-31 10:42:05,782 - utils_strategy - INFO - GM - downloading data from alpaca
2024-05-31 10:42:07,080 - utils_portfolio - INFO - Checking if we have correct date
2024-05-31 10:42:07,080 - utils_portfolio - INFO - GM - running symbols strategy to get entries and exits
2024-05-31 10:42:07,098 - utils_portfolio - INFO - Evaluating symbol if to open, close, or no change
2024-05-31 10:42:07,129 - utils_strategy - INFO - IYR - downloading data from alpaca
2024-05-31 10:42:08,410 - utils_portfolio - INFO - Checking if we have correct date
2024-05-31 10:42:08,411 - utils_portfolio - INFO - IYR - running symbols strategy to get entries and exits
2024-05-31 10:42:08,429 - utils_portfolio - INFO - Evaluating symbol if to open, close, or no change
2024-05-31 10:42:08,466 - utils_strategy - INFO - DKNG - downloading data from alpaca
2024-05-31 10:42:09,387 - utils_portfolio - INFO - Checking if we have correct date
2024-05-31 10:42:09,387 - utils_portfolio - INFO - DKNG - running symbols strategy to get entries and exits
2024-05-31 10:42:09,404 - utils_portfolio - INFO - Evaluating symbol if to open, close, or no change
2024-05-31 10:42:09,442 - utils_strategy - INFO - EBAY - downloading data from alpaca
2024-05-31 10:42:10,738 - utils_portfolio - INFO - Checking if we have correct date
2024-05-31 10:42:10,739 - utils_portfolio - INFO - EBAY - running symbols strategy to get entries and exits
2024-05-31 10:42:10,758 - utils_portfolio - INFO - Evaluating symbol if to open, close, or no change
2024-05-31 10:42:10,791 - utils_strategy - INFO - CRWD - downloading data from alpaca
2024-05-31 10:42:11,746 - utils_portfolio - INFO - Checking if we have correct date
2024-05-31 10:42:11,746 - utils_portfolio - INFO - CRWD - running symbols strategy to get entries and exits
2024-05-31 10:42:11,758 - utils_portfolio - INFO - Evaluating symbol if to open, close, or no change
2024-05-31 10:42:11,789 - root - INFO - Portfolio p1 symbols actions - {'PLTR': 'no_change', 'BTCUSD': 'no_change', 'AAL': 'no_change', 'VRT': 'no_change', 'GBTC': 'no_change', 'DELL': 'no_change', 'GM': 'no_change', 'IYR': 'no_change', 'DKNG': 'no_change', 'EBAY': 'no_change', 'CRWD': 'close'}
2024-05-31 10:42:11,790 - utils_portfolio - INFO - Submitting orders to close existing positions
2024-05-31 10:42:12,338 - utils_portfolio - INFO - Updating state of portfolio - p1
2024-05-31 10:42:12,340 - utils_portfolio - INFO - Calculating closed trades stats
2024-05-31 10:42:14,928 - utils_portfolio - INFO - Calculating open trades stats
2024-05-31 10:42:17,486 - utils_portfolio - INFO - Portfolio p1 - calculating position sizes
2024-05-31 10:42:17,506 - root - INFO - Portfolio p1 position sizes - symbol
PLTR      459.86
BTCUSD    459.86
AAL       459.86
VRT       459.86
GBTC      459.86
DELL      459.86
GM        459.86
IYR       459.86
DKNG      459.86
EBAY      459.86
CRWD      459.86
Name: position, dtype: float64
2024-05-31 10:42:17,506 - utils_portfolio - INFO - Submitting orders to open positions
2024-05-31 10:42:17,506 - root - INFO - XXXXXXXXXXXXXXXXXXXX --- DONE --- XXXXXXXXXXXXXXXXXXXX
2024-05-31 10:42:17,506 - utils_portfolio - INFO - Updating info of portfolio - p2
2024-05-31 10:42:17,570 - utils_portfolio - INFO - Calculating symbols weights
2024-05-31 10:42:17,571 - utils_portfolio - INFO - Calculating closed trades count
2024-05-31 10:42:19,730 - root - INFO - Portfolio p2 symbols weights - {'AAPL': 0.1111111111111111, 'GOOGL': 0.1111111111111111, 'META': 0.1111111111111111, 'MRVL': 0.1111111111111111, 'MSTR': 0.1111111111111111, 'SCHD': 0.1111111111111111, 'BITO': 0.1111111111111111, 'AVGO': 0.1111111111111111, 'SOUN': 0.1111111111111111}
2024-05-31 10:42:19,731 - utils_strategy - INFO - AAPL - downloading data from yfinance
2024-05-31 10:42:20,302 - utils_portfolio - INFO - Checking if we have correct date
2024-05-31 10:42:20,303 - utils_portfolio - INFO - AAPL - running symbols strategy to get entries and exits
2024-05-31 10:42:20,310 - utils_portfolio - INFO - Evaluating symbol if to open, close, or no change
2024-05-31 10:42:20,348 - utils_strategy - INFO - GOOGL - downloading data from yfinance
2024-05-31 10:42:20,597 - utils_portfolio - INFO - Checking if we have correct date
2024-05-31 10:42:20,597 - utils_portfolio - INFO - GOOGL - running symbols strategy to get entries and exits
2024-05-31 10:42:20,604 - utils_portfolio - INFO - Evaluating symbol if to open, close, or no change
2024-05-31 10:42:20,637 - utils_strategy - INFO - META - downloading data from yfinance
2024-05-31 10:42:20,754 - utils_portfolio - INFO - Checking if we have correct date
2024-05-31 10:42:20,754 - utils_portfolio - INFO - META - running symbols strategy to get entries and exits
2024-05-31 10:42:20,761 - utils_portfolio - INFO - Evaluating symbol if to open, close, or no change
2024-05-31 10:42:20,955 - utils_strategy - INFO - MRVL - downloading data from yfinance
2024-05-31 10:42:21,254 - utils_portfolio - INFO - Checking if we have correct date
2024-05-31 10:42:21,254 - utils_portfolio - INFO - MRVL - running symbols strategy to get entries and exits
2024-05-31 10:42:21,262 - utils_portfolio - INFO - Evaluating symbol if to open, close, or no change
2024-05-31 10:42:21,298 - utils_strategy - INFO - MSTR - downloading data from yfinance
2024-05-31 10:42:21,515 - utils_portfolio - INFO - Checking if we have correct date
2024-05-31 10:42:21,516 - utils_portfolio - INFO - MSTR - running symbols strategy to get entries and exits
2024-05-31 10:42:21,523 - utils_portfolio - INFO - Evaluating symbol if to open, close, or no change
2024-05-31 10:42:21,559 - utils_strategy - INFO - SCHD - downloading data from yfinance
2024-05-31 10:42:21,785 - utils_portfolio - INFO - Checking if we have correct date
2024-05-31 10:42:21,785 - utils_portfolio - INFO - SCHD - running symbols strategy to get entries and exits
2024-05-31 10:42:21,792 - utils_portfolio - INFO - Evaluating symbol if to open, close, or no change
2024-05-31 10:42:21,822 - utils_strategy - INFO - BITO - downloading data from yfinance
2024-05-31 10:42:21,939 - utils_portfolio - INFO - Checking if we have correct date
2024-05-31 10:42:21,940 - utils_portfolio - INFO - BITO - running symbols strategy to get entries and exits
2024-05-31 10:42:21,949 - utils_portfolio - INFO - Evaluating symbol if to open, close, or no change
2024-05-31 10:42:21,972 - utils_strategy - INFO - AVGO - downloading data from yfinance
2024-05-31 10:42:22,165 - utils_portfolio - INFO - Checking if we have correct date
2024-05-31 10:42:22,165 - utils_portfolio - INFO - AVGO - running symbols strategy to get entries and exits
2024-05-31 10:42:22,172 - utils_portfolio - INFO - Evaluating symbol if to open, close, or no change
2024-05-31 10:42:22,204 - utils_strategy - INFO - SOUN - downloading data from yfinance
2024-05-31 10:42:22,303 - utils_portfolio - INFO - Checking if we have correct date
2024-05-31 10:42:22,303 - utils_portfolio - INFO - SOUN - running symbols strategy to get entries and exits
2024-05-31 10:42:22,314 - utils_portfolio - INFO - Evaluating symbol if to open, close, or no change
2024-05-31 10:42:22,338 - root - INFO - Portfolio p2 symbols actions - {'AAPL': 'no_change', 'GOOGL': 'close', 'META': 'no_change', 'MRVL': 'no_change', 'MSTR': 'no_change', 'SCHD': 'no_change', 'BITO': 'no_change', 'AVGO': 'close', 'SOUN': 'no_change'}
2024-05-31 10:42:22,338 - utils_portfolio - INFO - Submitting orders to close existing positions
2024-05-31 10:42:22,884 - utils_portfolio - WARNING - GOOGL - trying to close non-existing position
2024-05-31 10:42:23,089 - utils_portfolio - INFO - Updating state of portfolio - p2
2024-05-31 10:42:23,090 - utils_portfolio - INFO - Calculating closed trades stats
2024-05-31 10:42:25,259 - utils_portfolio - INFO - Calculating open trades stats
2024-05-31 10:42:27,426 - utils_portfolio - INFO - Portfolio p2 - calculating position sizes
2024-05-31 10:42:27,445 - root - INFO - Portfolio p2 position sizes - symbol
AAPL     581.42
GOOGL    581.42
META     581.42
MRVL     581.42
MSTR     581.42
SCHD     581.42
BITO     581.42
AVGO     581.42
SOUN     581.42
Name: position, dtype: float64
2024-05-31 10:42:27,445 - utils_portfolio - INFO - Submitting orders to open positions
2024-05-31 10:42:27,446 - root - INFO - XXXXXXXXXXXXXXXXXXXX --- DONE --- XXXXXXXXXXXXXXXXXXXX
2024-05-31 10:42:27,446 - utils_portfolio - INFO - Updating info of portfolio - p3
2024-05-31 10:42:27,507 - utils_portfolio - INFO - Calculating symbols weights
2024-05-31 10:42:27,507 - root - INFO - Portfolio p3 symbols weights - {'TSLA': 0.1, 'NVDA': 0.1, 'AMD': 0.1, 'QQQ': 0.1, 'AMZN': 0.1, 'TQQQ': 0.1, 'VOO': 0.1, 'BABA': 0.1, 'BA': 0.1, 'XLI': 0.1}
2024-05-31 10:42:27,508 - utils_strategy - INFO - TSLA - downloading data from yfinance
2024-05-31 10:42:27,725 - utils_portfolio - INFO - Checking if we have correct date
2024-05-31 10:42:27,726 - utils_portfolio - INFO - TSLA - running symbols strategy to get entries and exits
2024-05-31 10:42:27,733 - utils_portfolio - INFO - Evaluating symbol if to open, close, or no change
2024-05-31 10:42:27,764 - utils_strategy - INFO - NVDA - downloading data from yfinance
2024-05-31 10:42:27,995 - utils_portfolio - INFO - Checking if we have correct date
2024-05-31 10:42:27,995 - utils_portfolio - INFO - NVDA - running symbols strategy to get entries and exits
2024-05-31 10:42:28,003 - utils_portfolio - INFO - Evaluating symbol if to open, close, or no change
2024-05-31 10:42:28,039 - utils_strategy - INFO - AMD - downloading data from yfinance
2024-05-31 10:42:28,222 - utils_portfolio - INFO - Checking if we have correct date
2024-05-31 10:42:28,222 - utils_portfolio - INFO - AMD - running symbols strategy to get entries and exits
2024-05-31 10:42:28,230 - utils_portfolio - INFO - Evaluating symbol if to open, close, or no change
2024-05-31 10:42:28,267 - utils_strategy - INFO - QQQ - downloading data from yfinance
2024-05-31 10:42:28,501 - utils_portfolio - INFO - Checking if we have correct date
2024-05-31 10:42:28,501 - utils_portfolio - INFO - QQQ - running symbols strategy to get entries and exits
2024-05-31 10:42:28,510 - utils_portfolio - INFO - Evaluating symbol if to open, close, or no change
2024-05-31 10:42:28,549 - utils_strategy - INFO - AMZN - downloading data from yfinance
2024-05-31 10:42:28,752 - utils_portfolio - INFO - Checking if we have correct date
2024-05-31 10:42:28,753 - utils_portfolio - INFO - AMZN - running symbols strategy to get entries and exits
2024-05-31 10:42:28,760 - utils_portfolio - INFO - Evaluating symbol if to open, close, or no change
2024-05-31 10:42:28,795 - utils_strategy - INFO - TQQQ - downloading data from yfinance
2024-05-31 10:42:29,179 - utils_portfolio - INFO - Checking if we have correct date
2024-05-31 10:42:29,179 - utils_portfolio - INFO - TQQQ - running symbols strategy to get entries and exits
2024-05-31 10:42:29,189 - utils_portfolio - INFO - Evaluating symbol if to open, close, or no change
2024-05-31 10:42:29,222 - utils_strategy - INFO - VOO - downloading data from yfinance
2024-05-31 10:42:29,428 - utils_portfolio - INFO - Checking if we have correct date
2024-05-31 10:42:29,429 - utils_portfolio - INFO - VOO - running symbols strategy to get entries and exits
2024-05-31 10:42:29,436 - utils_portfolio - INFO - Evaluating symbol if to open, close, or no change
2024-05-31 10:42:29,470 - utils_strategy - INFO - BABA - downloading data from yfinance
2024-05-31 10:42:29,605 - utils_portfolio - INFO - Checking if we have correct date
2024-05-31 10:42:29,605 - utils_portfolio - INFO - BABA - running symbols strategy to get entries and exits
2024-05-31 10:42:29,612 - utils_portfolio - INFO - Evaluating symbol if to open, close, or no change
2024-05-31 10:42:29,641 - utils_strategy - INFO - BA - downloading data from yfinance
2024-05-31 10:42:29,983 - utils_portfolio - INFO - Checking if we have correct date
2024-05-31 10:42:29,983 - utils_portfolio - INFO - BA - running symbols strategy to get entries and exits
2024-05-31 10:42:29,991 - utils_portfolio - INFO - Evaluating symbol if to open, close, or no change
2024-05-31 10:42:30,029 - utils_strategy - INFO - XLI - downloading data from yfinance
2024-05-31 10:42:30,387 - utils_portfolio - INFO - Checking if we have correct date
2024-05-31 10:42:30,387 - utils_portfolio - INFO - XLI - running symbols strategy to get entries and exits
2024-05-31 10:42:30,394 - utils_portfolio - INFO - Evaluating symbol if to open, close, or no change
2024-05-31 10:42:30,438 - root - INFO - Portfolio p3 symbols actions - {'TSLA': 'no_change', 'NVDA': 'no_change', 'AMD': 'no_change', 'QQQ': 'close', 'AMZN': 'no_change', 'TQQQ': 'no_change', 'VOO': 'close', 'BABA': 'no_change', 'BA': 'no_change', 'XLI': 'no_change'}
2024-05-31 10:42:30,438 - utils_portfolio - INFO - Submitting orders to close existing positions
2024-05-31 10:42:31,183 - utils_portfolio - INFO - Updating state of portfolio - p3
2024-05-31 10:42:31,185 - utils_portfolio - INFO - Calculating closed trades stats
2024-05-31 10:42:33,568 - utils_portfolio - INFO - Calculating open trades stats
2024-05-31 10:42:35,745 - utils_portfolio - INFO - Portfolio p3 - calculating position sizes
2024-05-31 10:42:35,773 - root - INFO - Portfolio p3 position sizes - symbol
TSLA    516.71
NVDA    516.71
AMD     516.71
QQQ     516.71
AMZN    516.71
TQQQ    516.71
VOO     516.71
BABA    516.71
BA      516.71
XLI     516.71
Name: position, dtype: float64
2024-05-31 10:42:35,773 - utils_portfolio - INFO - Submitting orders to open positions
2024-05-31 10:42:35,773 - root - INFO - XXXXXXXXXXXXXXXXXXXX --- DONE --- XXXXXXXXXXXXXXXXXXXX
2024-05-31 10:42:35,773 - utils_portfolio - INFO - Updating info of portfolio - p4
2024-05-31 10:42:35,907 - utils_portfolio - INFO - Calculating symbols weights
2024-05-31 10:42:35,907 - root - INFO - Portfolio p4 symbols weights - {'RIOT': 0.05, 'NEE': 0.05, 'SLV': 0.05, 'SHOP': 0.05, 'FAST': 0.05, 'SPXL': 0.05, 'VALE': 0.05, 'SNAP': 0.05, 'WDC': 0.05, 'MO': 0.05, 'PM': 0.05, 'SQ': 0.05, 'PDD': 0.05, 'ABBV': 0.05, 'ON': 0.05, 'UPRO': 0.05, 'TSLL': 0.05, 'PBR': 0.05, 'MP': 0.05, 'U': 0.05}
2024-05-31 10:42:35,908 - utils_strategy - INFO - RIOT - downloading data from yfinance
2024-05-31 10:42:36,115 - utils_portfolio - INFO - Checking if we have correct date
2024-05-31 10:42:36,115 - utils_portfolio - INFO - RIOT - running symbols strategy to get entries and exits
2024-05-31 10:42:36,123 - utils_portfolio - INFO - Evaluating symbol if to open, close, or no change
2024-05-31 10:42:36,152 - utils_strategy - INFO - NEE - downloading data from yfinance
2024-05-31 10:42:36,507 - utils_portfolio - INFO - Checking if we have correct date
2024-05-31 10:42:36,507 - utils_portfolio - INFO - NEE - running symbols strategy to get entries and exits
2024-05-31 10:42:36,515 - utils_portfolio - INFO - Evaluating symbol if to open, close, or no change
2024-05-31 10:42:36,560 - utils_strategy - INFO - SLV - downloading data from yfinance
2024-05-31 10:42:36,811 - utils_portfolio - INFO - Checking if we have correct date
2024-05-31 10:42:36,811 - utils_portfolio - INFO - SLV - running symbols strategy to get entries and exits
2024-05-31 10:42:36,819 - utils_portfolio - INFO - Evaluating symbol if to open, close, or no change
2024-05-31 10:42:36,856 - utils_strategy - INFO - SHOP - downloading data from yfinance
2024-05-31 10:42:37,000 - utils_portfolio - INFO - Checking if we have correct date
2024-05-31 10:42:37,000 - utils_portfolio - INFO - SHOP - running symbols strategy to get entries and exits
2024-05-31 10:42:37,008 - utils_portfolio - INFO - Evaluating symbol if to open, close, or no change
2024-05-31 10:42:37,036 - utils_strategy - INFO - FAST - downloading data from yfinance
2024-05-31 10:42:37,347 - utils_portfolio - INFO - Checking if we have correct date
2024-05-31 10:42:37,347 - utils_portfolio - INFO - FAST - running symbols strategy to get entries and exits
2024-05-31 10:42:37,355 - utils_portfolio - INFO - Evaluating symbol if to open, close, or no change
2024-05-31 10:42:37,395 - utils_strategy - INFO - SPXL - downloading data from yfinance
2024-05-31 10:42:37,584 - utils_portfolio - INFO - Checking if we have correct date
2024-05-31 10:42:37,585 - utils_portfolio - INFO - SPXL - running symbols strategy to get entries and exits
2024-05-31 10:42:37,592 - utils_portfolio - INFO - Evaluating symbol if to open, close, or no change
2024-05-31 10:42:37,623 - utils_strategy - INFO - VALE - downloading data from yfinance
2024-05-31 10:42:37,858 - utils_portfolio - INFO - Checking if we have correct date
2024-05-31 10:42:37,858 - utils_portfolio - INFO - VALE - running symbols strategy to get entries and exits
2024-05-31 10:42:37,865 - utils_portfolio - INFO - Evaluating symbol if to open, close, or no change
2024-05-31 10:42:37,899 - utils_strategy - INFO - SNAP - downloading data from yfinance
2024-05-31 10:42:38,047 - utils_portfolio - INFO - Checking if we have correct date
2024-05-31 10:42:38,048 - utils_portfolio - INFO - SNAP - running symbols strategy to get entries and exits
2024-05-31 10:42:38,057 - utils_portfolio - INFO - Evaluating symbol if to open, close, or no change
2024-05-31 10:42:38,086 - utils_strategy - INFO - WDC - downloading data from yfinance
2024-05-31 10:42:38,303 - utils_portfolio - INFO - Checking if we have correct date
2024-05-31 10:42:38,303 - utils_portfolio - INFO - WDC - running symbols strategy to get entries and exits
2024-05-31 10:42:38,311 - utils_portfolio - INFO - Evaluating symbol if to open, close, or no change
2024-05-31 10:42:38,344 - utils_strategy - INFO - MO - downloading data from yfinance
2024-05-31 10:42:38,669 - utils_portfolio - INFO - Checking if we have correct date
2024-05-31 10:42:38,669 - utils_portfolio - INFO - MO - running symbols strategy to get entries and exits
2024-05-31 10:42:38,676 - utils_portfolio - INFO - Evaluating symbol if to open, close, or no change
2024-05-31 10:42:38,866 - utils_strategy - INFO - PM - downloading data from yfinance
2024-05-31 10:42:39,055 - utils_portfolio - INFO - Checking if we have correct date
2024-05-31 10:42:39,055 - utils_portfolio - INFO - PM - running symbols strategy to get entries and exits
2024-05-31 10:42:39,063 - utils_portfolio - INFO - Evaluating symbol if to open, close, or no change
2024-05-31 10:42:39,092 - utils_strategy - INFO - SQ - downloading data from yfinance
2024-05-31 10:42:39,224 - utils_portfolio - INFO - Checking if we have correct date
2024-05-31 10:42:39,225 - utils_portfolio - INFO - SQ - running symbols strategy to get entries and exits
2024-05-31 10:42:39,233 - utils_portfolio - INFO - Evaluating symbol if to open, close, or no change
2024-05-31 10:42:39,261 - utils_strategy - INFO - PDD - downloading data from yfinance
2024-05-31 10:42:39,366 - utils_portfolio - INFO - Checking if we have correct date
2024-05-31 10:42:39,366 - utils_portfolio - INFO - PDD - running symbols strategy to get entries and exits
2024-05-31 10:42:39,376 - utils_portfolio - INFO - Evaluating symbol if to open, close, or no change
2024-05-31 10:42:39,405 - utils_strategy - INFO - ABBV - downloading data from yfinance
2024-05-31 10:42:39,620 - utils_portfolio - INFO - Checking if we have correct date
2024-05-31 10:42:39,620 - utils_portfolio - INFO - ABBV - running symbols strategy to get entries and exits
2024-05-31 10:42:39,628 - utils_portfolio - INFO - Evaluating symbol if to open, close, or no change
2024-05-31 10:42:39,673 - utils_strategy - INFO - ON - downloading data from yfinance
2024-05-31 10:42:39,993 - utils_portfolio - INFO - Checking if we have correct date
2024-05-31 10:42:39,994 - utils_portfolio - INFO - ON - running symbols strategy to get entries and exits
2024-05-31 10:42:40,002 - utils_portfolio - INFO - Evaluating symbol if to open, close, or no change
2024-05-31 10:42:40,037 - utils_strategy - INFO - UPRO - downloading data from yfinance
2024-05-31 10:42:40,274 - utils_portfolio - INFO - Checking if we have correct date
2024-05-31 10:42:40,274 - utils_portfolio - INFO - UPRO - running symbols strategy to get entries and exits
2024-05-31 10:42:40,282 - utils_portfolio - INFO - Evaluating symbol if to open, close, or no change
2024-05-31 10:42:40,313 - utils_strategy - INFO - TSLL - downloading data from yfinance
2024-05-31 10:42:40,414 - utils_portfolio - INFO - Checking if we have correct date
2024-05-31 10:42:40,415 - utils_portfolio - INFO - TSLL - running symbols strategy to get entries and exits
2024-05-31 10:42:40,425 - utils_portfolio - INFO - Evaluating symbol if to open, close, or no change
2024-05-31 10:42:40,452 - utils_strategy - INFO - PBR - downloading data from yfinance
2024-05-31 10:42:40,803 - utils_portfolio - INFO - Checking if we have correct date
2024-05-31 10:42:40,803 - utils_portfolio - INFO - PBR - running symbols strategy to get entries and exits
2024-05-31 10:42:40,811 - utils_portfolio - INFO - Evaluating symbol if to open, close, or no change
2024-05-31 10:42:40,849 - utils_strategy - INFO - MP - downloading data from yfinance
2024-05-31 10:42:40,958 - utils_portfolio - INFO - Checking if we have correct date
2024-05-31 10:42:40,958 - utils_portfolio - INFO - MP - running symbols strategy to get entries and exits
2024-05-31 10:42:40,975 - utils_portfolio - INFO - Evaluating symbol if to open, close, or no change
2024-05-31 10:42:40,999 - utils_strategy - INFO - U - downloading data from yfinance
2024-05-31 10:42:41,106 - utils_portfolio - INFO - Checking if we have correct date
2024-05-31 10:42:41,106 - utils_portfolio - INFO - U - running symbols strategy to get entries and exits
2024-05-31 10:42:41,116 - utils_portfolio - INFO - Evaluating symbol if to open, close, or no change
2024-05-31 10:42:41,144 - root - INFO - Portfolio p4 symbols actions - {'RIOT': 'no_change', 'NEE': 'no_change', 'SLV': 'no_change', 'SHOP': 'no_change', 'FAST': 'no_change', 'SPXL': 'no_change', 'VALE': 'no_change', 'SNAP': 'no_change', 'WDC': 'no_change', 'MO': 'no_change', 'PM': 'close', 'SQ': 'no_change', 'PDD': 'no_change', 'ABBV': 'no_change', 'ON': 'no_change', 'UPRO': 'no_change', 'TSLL': 'no_change', 'PBR': 'no_change', 'MP': 'no_change', 'U': 'no_change'}
2024-05-31 10:42:41,144 - utils_portfolio - INFO - Submitting orders to close existing positions
2024-05-31 10:42:41,727 - utils_portfolio - WARNING - PM - trying to close non-existing position
2024-05-31 10:42:41,729 - utils_portfolio - INFO - Updating state of portfolio - p4
2024-05-31 10:42:41,729 - utils_portfolio - INFO - Calculating closed trades stats
2024-05-31 10:42:46,164 - utils_portfolio - INFO - Calculating open trades stats
2024-05-31 10:42:50,463 - utils_portfolio - INFO - Portfolio p4 - calculating position sizes
2024-05-31 10:42:50,480 - root - INFO - Portfolio p4 position sizes - symbol
RIOT    247.85
NEE     247.85
SLV     247.85
SHOP    247.85
FAST    247.85
SPXL    247.85
VALE    247.85
SNAP    247.85
WDC     247.85
MO      247.85
PM      247.85
SQ      247.85
PDD     247.85
ABBV    247.85
ON      247.85
UPRO    247.85
TSLL    247.85
PBR     247.85
MP      247.85
U       247.85
Name: position, dtype: float64
2024-05-31 10:42:50,480 - utils_portfolio - INFO - Submitting orders to open positions
2024-05-31 10:42:50,480 - root - INFO - XXXXXXXXXXXXXXXXXXXX --- DONE --- XXXXXXXXXXXXXXXXXXXX
