2024-10-02 14:13:52,683 - root - INFO - Logger is setup
2024-10-02 14:13:52,733 - utils_portfolio - INFO - Updating info of portfolio - p1
2024-10-02 14:13:52,799 - utils_portfolio - INFO - Calculating symbols weights
2024-10-02 14:13:52,799 - root - INFO - Portfolio p1 symbols weights - {'PLTR': 0.09090909090909091, 'BTC/USD': 0.09090909090909091, 'AAL': 0.09090909090909091, 'VRT': 0.09090909090909091, 'GBTC': 0.09090909090909091, 'DELL': 0.09090909090909091, 'GM': 0.09090909090909091, 'IYR': 0.09090909090909091, 'DKNG': 0.09090909090909091, 'EBAY': 0.09090909090909091, 'CRWD': 0.09090909090909091}
2024-10-02 14:13:52,799 - utils_strategy - INFO - PLTR - downloading data from alpaca
2024-10-02 14:13:53,997 - utils_portfolio - INFO - Checking if we have correct date
2024-10-02 14:13:53,998 - utils_portfolio - INFO - PLTR - running symbols strategy to get entries and exits
2024-10-02 14:13:54,019 - utils_portfolio - INFO - Evaluating symbol if to open, close, or no change
2024-10-02 14:13:59,474 - utils_strategy - INFO - BTC/USD - downloading data from alpaca
2024-10-02 14:14:00,718 - utils_portfolio - INFO - Checking if we have correct date
2024-10-02 14:14:00,718 - utils_portfolio - INFO - BTC/USD - running symbols strategy to get entries and exits
2024-10-02 14:14:00,732 - utils_portfolio - INFO - Evaluating symbol if to open, close, or no change
2024-10-02 14:14:00,766 - utils_strategy - INFO - AAL - downloading data from alpaca
2024-10-02 14:14:02,059 - utils_portfolio - INFO - Checking if we have correct date
2024-10-02 14:14:02,059 - utils_portfolio - INFO - AAL - running symbols strategy to get entries and exits
2024-10-02 14:14:02,076 - utils_portfolio - INFO - Evaluating symbol if to open, close, or no change
2024-10-02 14:14:02,114 - utils_strategy - INFO - VRT - downloading data from alpaca
2024-10-02 14:14:03,057 - utils_portfolio - INFO - Checking if we have correct date
2024-10-02 14:14:03,057 - utils_portfolio - INFO - VRT - running symbols strategy to get entries and exits
2024-10-02 14:14:03,072 - utils_portfolio - INFO - Evaluating symbol if to open, close, or no change
2024-10-02 14:14:03,105 - utils_strategy - INFO - GBTC - downloading data from alpaca
2024-10-02 14:14:03,648 - utils_portfolio - INFO - Checking if we have correct date
2024-10-02 14:14:03,648 - utils_portfolio - INFO - GBTC - running symbols strategy to get entries and exits
2024-10-02 14:14:03,664 - utils_portfolio - INFO - Evaluating symbol if to open, close, or no change
2024-10-02 14:14:03,696 - utils_strategy - INFO - DELL - downloading data from alpaca
2024-10-02 14:14:04,680 - utils_portfolio - INFO - Checking if we have correct date
2024-10-02 14:14:04,680 - utils_portfolio - INFO - DELL - running symbols strategy to get entries and exits
2024-10-02 14:14:04,695 - utils_portfolio - INFO - Evaluating symbol if to open, close, or no change
2024-10-02 14:14:04,731 - utils_strategy - INFO - GM - downloading data from alpaca
2024-10-02 14:14:06,016 - utils_portfolio - INFO - Checking if we have correct date
2024-10-02 14:14:06,016 - utils_portfolio - INFO - GM - running symbols strategy to get entries and exits
2024-10-02 14:14:06,034 - utils_portfolio - INFO - Evaluating symbol if to open, close, or no change
2024-10-02 14:14:06,070 - utils_strategy - INFO - IYR - downloading data from alpaca
2024-10-02 14:14:07,254 - utils_portfolio - INFO - Checking if we have correct date
2024-10-02 14:14:07,255 - utils_portfolio - INFO - IYR - running symbols strategy to get entries and exits
2024-10-02 14:14:07,282 - utils_portfolio - INFO - Evaluating symbol if to open, close, or no change
2024-10-02 14:14:07,319 - utils_strategy - INFO - DKNG - downloading data from alpaca
2024-10-02 14:14:08,197 - utils_portfolio - INFO - Checking if we have correct date
2024-10-02 14:14:08,198 - utils_portfolio - INFO - DKNG - running symbols strategy to get entries and exits
2024-10-02 14:14:08,220 - utils_portfolio - INFO - Evaluating symbol if to open, close, or no change
2024-10-02 14:14:08,255 - utils_strategy - INFO - EBAY - downloading data from alpaca
2024-10-02 14:14:09,586 - utils_portfolio - INFO - Checking if we have correct date
2024-10-02 14:14:09,586 - utils_portfolio - INFO - EBAY - running symbols strategy to get entries and exits
2024-10-02 14:14:09,605 - utils_portfolio - INFO - Evaluating symbol if to open, close, or no change
2024-10-02 14:14:09,643 - utils_strategy - INFO - CRWD - downloading data from alpaca
2024-10-02 14:14:10,571 - utils_portfolio - INFO - Checking if we have correct date
2024-10-02 14:14:10,571 - utils_portfolio - INFO - CRWD - running symbols strategy to get entries and exits
2024-10-02 14:14:10,585 - utils_portfolio - INFO - Evaluating symbol if to open, close, or no change
2024-10-02 14:14:10,621 - root - INFO - Portfolio p1 symbols actions - {'PLTR': 'no_change', 'BTCUSD': 'no_change', 'AAL': 'no_change', 'VRT': 'close', 'GBTC': 'no_change', 'DELL': 'no_change', 'GM': 'no_change', 'IYR': 'no_change', 'DKNG': 'no_change', 'EBAY': 'no_change', 'CRWD': 'no_change'}
2024-10-02 14:14:10,621 - utils_portfolio - INFO - Submitting orders to close existing positions
2024-10-02 14:14:11,153 - utils_portfolio - INFO - Updating state of portfolio - p1
2024-10-02 14:14:11,155 - utils_portfolio - INFO - Calculating closed trades stats
2024-10-02 14:14:11,155 - utils_portfolio - INFO - Processing symbol - PLTR
2024-10-02 14:14:11,905 - utils_portfolio - INFO - Processing symbol - BTC/USD
2024-10-02 14:14:12,109 - utils_portfolio - INFO - Processing symbol - AAL
2024-10-02 14:14:12,285 - utils_portfolio - INFO - Processing symbol - VRT
2024-10-02 14:14:12,517 - utils_portfolio - INFO - Processing symbol - GBTC
2024-10-02 14:14:12,722 - utils_portfolio - INFO - Processing symbol - DELL
2024-10-02 14:14:12,901 - utils_portfolio - INFO - Processing symbol - GM
2024-10-02 14:14:13,131 - utils_portfolio - INFO - Processing symbol - IYR
2024-10-02 14:14:13,332 - utils_portfolio - INFO - Processing symbol - DKNG
2024-10-02 14:14:13,539 - utils_portfolio - INFO - Processing symbol - EBAY
2024-10-02 14:14:13,742 - utils_portfolio - INFO - Processing symbol - CRWD
2024-10-02 14:14:13,952 - utils_portfolio - INFO - Calculating open trades stats
2024-10-02 14:14:13,953 - utils_portfolio - INFO - Processing symbol - PLTR
2024-10-02 14:14:14,643 - utils_portfolio - INFO - Processing symbol - BTC/USD
2024-10-02 14:14:14,832 - utils_portfolio - INFO - Processing symbol - AAL
2024-10-02 14:14:15,247 - utils_portfolio - INFO - Processing symbol - VRT
2024-10-02 14:14:15,665 - utils_portfolio - INFO - Processing symbol - GBTC
2024-10-02 14:14:15,855 - utils_portfolio - INFO - Processing symbol - DELL
2024-10-02 14:14:16,060 - utils_portfolio - INFO - Processing symbol - GM
2024-10-02 14:14:16,263 - utils_portfolio - INFO - Processing symbol - IYR
2024-10-02 14:14:16,468 - utils_portfolio - INFO - Processing symbol - DKNG
2024-10-02 14:14:16,672 - utils_portfolio - INFO - Processing symbol - EBAY
2024-10-02 14:14:16,878 - utils_portfolio - INFO - Processing symbol - CRWD
2024-10-02 14:14:17,354 - utils_portfolio - INFO - Portfolio p1 - calculating position sizes
2024-10-02 14:14:17,378 - root - INFO - Portfolio p1 position sizes - symbol
PLTR      471.36
BTCUSD    471.36
AAL       471.36
VRT       471.36
GBTC      471.36
DELL      471.36
GM        471.36
IYR       471.36
DKNG      471.36
EBAY      471.36
CRWD      471.36
Name: position, dtype: float64
2024-10-02 14:14:17,378 - utils_portfolio - INFO - Submitting orders to open positions
2024-10-02 14:14:17,378 - root - INFO - XXXXXXXXXXXXXXXXXXXX --- Portfolio p1 - DONE --- XXXXXXXXXXXXXXXXXXXX
2024-10-02 14:14:17,378 - utils_portfolio - INFO - Updating info of portfolio - p2
2024-10-02 14:14:17,431 - utils_portfolio - INFO - Calculating symbols weights
2024-10-02 14:14:17,432 - utils_portfolio - INFO - Calculating closed trades count
2024-10-02 14:14:19,770 - utils_portfolio - INFO - Calculating win rates
2024-10-02 14:14:19,772 - utils_portfolio - INFO - Processing symbol - AAPL
2024-10-02 14:14:20,273 - utils_portfolio - INFO - Processing symbol - GOOGL
2024-10-02 14:14:20,433 - utils_portfolio - INFO - Processing symbol - META
2024-10-02 14:14:20,577 - utils_portfolio - INFO - Processing symbol - MRVL
2024-10-02 14:14:20,808 - utils_portfolio - INFO - Processing symbol - MSTR
2024-10-02 14:14:21,012 - utils_portfolio - INFO - Processing symbol - SCHD
2024-10-02 14:14:21,190 - utils_portfolio - INFO - Processing symbol - BITO
2024-10-02 14:14:21,320 - utils_portfolio - INFO - Processing symbol - AVGO
2024-10-02 14:14:21,528 - utils_portfolio - INFO - Processing symbol - SOUN
2024-10-02 14:14:21,733 - utils_portfolio - INFO - Calculating closed trades count
2024-10-02 14:14:23,892 - root - INFO - Portfolio p2 symbols weights - {'AAPL': 0.23575883575883574, 'GOOGL': 0.05, 'META': 0.10478170478170477, 'MRVL': 0.07072765072765072, 'MSTR': 0.05, 'SCHD': 0.10103950103950103, 'BITO': 0.10478170478170477, 'AVGO': 0.0943035343035343, 'SOUN': 0.1886070686070686}
2024-10-02 14:14:23,892 - utils_strategy - INFO - AAPL - downloading data from yfinance
2024-10-02 14:14:24,631 - utils_portfolio - INFO - Checking if we have correct date
2024-10-02 14:14:24,631 - utils_portfolio - INFO - AAPL - running symbols strategy to get entries and exits
2024-10-02 14:14:24,641 - utils_portfolio - INFO - Evaluating symbol if to open, close, or no change
2024-10-02 14:14:24,686 - utils_strategy - INFO - GOOGL - downloading data from yfinance
2024-10-02 14:14:25,224 - utils_portfolio - INFO - Checking if we have correct date
2024-10-02 14:14:25,224 - utils_portfolio - INFO - GOOGL - running symbols strategy to get entries and exits
2024-10-02 14:14:25,235 - utils_portfolio - INFO - Evaluating symbol if to open, close, or no change
2024-10-02 14:14:25,281 - utils_strategy - INFO - META - downloading data from yfinance
2024-10-02 14:14:25,494 - utils_portfolio - INFO - Checking if we have correct date
2024-10-02 14:14:25,494 - utils_portfolio - INFO - META - running symbols strategy to get entries and exits
2024-10-02 14:14:25,503 - utils_portfolio - INFO - Evaluating symbol if to open, close, or no change
2024-10-02 14:14:25,545 - utils_strategy - INFO - MRVL - downloading data from yfinance
2024-10-02 14:14:25,865 - utils_portfolio - INFO - Checking if we have correct date
2024-10-02 14:14:25,866 - utils_portfolio - INFO - MRVL - running symbols strategy to get entries and exits
2024-10-02 14:14:25,873 - utils_portfolio - INFO - Evaluating symbol if to open, close, or no change
2024-10-02 14:14:25,917 - utils_strategy - INFO - MSTR - downloading data from yfinance
2024-10-02 14:14:26,187 - utils_portfolio - INFO - Checking if we have correct date
2024-10-02 14:14:26,187 - utils_portfolio - INFO - MSTR - running symbols strategy to get entries and exits
2024-10-02 14:14:26,197 - utils_portfolio - INFO - Evaluating symbol if to open, close, or no change
2024-10-02 14:14:26,243 - utils_strategy - INFO - SCHD - downloading data from yfinance
2024-10-02 14:14:26,559 - utils_portfolio - INFO - Checking if we have correct date
2024-10-02 14:14:26,560 - utils_portfolio - INFO - SCHD - running symbols strategy to get entries and exits
2024-10-02 14:14:26,568 - utils_portfolio - INFO - Evaluating symbol if to open, close, or no change
2024-10-02 14:14:26,606 - utils_strategy - INFO - BITO - downloading data from yfinance
2024-10-02 14:14:26,721 - utils_portfolio - INFO - Checking if we have correct date
2024-10-02 14:14:26,721 - utils_portfolio - INFO - BITO - running symbols strategy to get entries and exits
2024-10-02 14:14:26,730 - utils_portfolio - INFO - Evaluating symbol if to open, close, or no change
2024-10-02 14:14:26,763 - utils_strategy - INFO - AVGO - downloading data from yfinance
2024-10-02 14:14:26,974 - utils_portfolio - INFO - Checking if we have correct date
2024-10-02 14:14:26,974 - utils_portfolio - INFO - AVGO - running symbols strategy to get entries and exits
2024-10-02 14:14:26,982 - utils_portfolio - INFO - Evaluating symbol if to open, close, or no change
2024-10-02 14:14:27,027 - utils_strategy - INFO - SOUN - downloading data from yfinance
2024-10-02 14:14:27,108 - utils_portfolio - INFO - Checking if we have correct date
2024-10-02 14:14:27,108 - utils_portfolio - INFO - SOUN - running symbols strategy to get entries and exits
2024-10-02 14:14:27,121 - utils_portfolio - INFO - Evaluating symbol if to open, close, or no change
2024-10-02 14:14:27,148 - root - INFO - Portfolio p2 symbols actions - {'AAPL': 'close', 'GOOGL': 'no_change', 'META': 'no_change', 'MRVL': 'close', 'MSTR': 'no_change', 'SCHD': 'no_change', 'BITO': 'no_change', 'AVGO': 'close', 'SOUN': 'no_change'}
2024-10-02 14:14:27,148 - utils_portfolio - INFO - Submitting orders to close existing positions
2024-10-02 14:14:28,035 - utils_portfolio - WARNING - AVGO - trying to close non-existing position
2024-10-02 14:14:28,038 - utils_portfolio - INFO - Updating state of portfolio - p2
2024-10-02 14:14:28,041 - utils_portfolio - INFO - Calculating closed trades stats
2024-10-02 14:14:28,042 - utils_portfolio - INFO - Processing symbol - AAPL
2024-10-02 14:14:28,563 - utils_portfolio - INFO - Processing symbol - GOOGL
2024-10-02 14:14:28,789 - utils_portfolio - INFO - Processing symbol - META
2024-10-02 14:14:28,994 - utils_portfolio - INFO - Processing symbol - MRVL
2024-10-02 14:14:29,199 - utils_portfolio - INFO - Processing symbol - MSTR
2024-10-02 14:14:29,403 - utils_portfolio - INFO - Processing symbol - SCHD
2024-10-02 14:14:29,584 - utils_portfolio - INFO - Processing symbol - BITO
2024-10-02 14:14:29,726 - utils_portfolio - INFO - Processing symbol - AVGO
2024-10-02 14:14:29,882 - utils_portfolio - INFO - Processing symbol - SOUN
2024-10-02 14:14:30,125 - utils_portfolio - INFO - Calculating open trades stats
2024-10-02 14:14:30,126 - utils_portfolio - INFO - Processing symbol - AAPL
2024-10-02 14:14:30,822 - utils_portfolio - INFO - Processing symbol - GOOGL
2024-10-02 14:14:31,055 - utils_portfolio - INFO - Processing symbol - META
2024-10-02 14:14:31,422 - utils_portfolio - INFO - Processing symbol - MRVL
2024-10-02 14:14:31,834 - utils_portfolio - INFO - Processing symbol - MSTR
2024-10-02 14:14:32,063 - utils_portfolio - INFO - Processing symbol - SCHD
2024-10-02 14:14:32,447 - utils_portfolio - INFO - Processing symbol - BITO
2024-10-02 14:14:32,645 - utils_portfolio - INFO - Processing symbol - AVGO
2024-10-02 14:14:32,851 - utils_portfolio - INFO - Processing symbol - SOUN
2024-10-02 14:14:33,120 - utils_portfolio - INFO - Portfolio p2 - calculating position sizes
2024-10-02 14:14:33,139 - root - INFO - Portfolio p2 position sizes - symbol
AAPL     1144.45
GOOGL     242.72
META      508.65
MRVL      343.34
MSTR      242.72
SCHD      490.48
BITO      505.55
AVGO      454.99
SOUN      909.99
Name: position, dtype: float64
2024-10-02 14:14:33,139 - utils_portfolio - INFO - Submitting orders to open positions
2024-10-02 14:14:33,139 - root - INFO - XXXXXXXXXXXXXXXXXXXX --- Portfolio p2 - DONE --- XXXXXXXXXXXXXXXXXXXX
2024-10-02 14:14:33,139 - utils_portfolio - INFO - Updating info of portfolio - p3
2024-10-02 14:14:33,207 - utils_portfolio - INFO - Calculating symbols weights
2024-10-02 14:14:33,208 - root - INFO - Portfolio p3 symbols weights - {'TSLA': 0.1, 'NVDA': 0.1, 'AMD': 0.1, 'QQQ': 0.1, 'AMZN': 0.1, 'TQQQ': 0.1, 'VOO': 0.1, 'BABA': 0.1, 'BA': 0.1, 'XLI': 0.1}
2024-10-02 14:14:33,208 - utils_strategy - INFO - TSLA - downloading data from yfinance
2024-10-02 14:14:33,475 - utils_portfolio - INFO - Checking if we have correct date
2024-10-02 14:14:33,476 - utils_portfolio - INFO - TSLA - running symbols strategy to get entries and exits
2024-10-02 14:14:33,484 - utils_portfolio - INFO - Evaluating symbol if to open, close, or no change
2024-10-02 14:14:33,524 - utils_strategy - INFO - NVDA - downloading data from yfinance
2024-10-02 14:14:33,833 - utils_portfolio - INFO - Checking if we have correct date
2024-10-02 14:14:33,833 - utils_portfolio - INFO - NVDA - running symbols strategy to get entries and exits
2024-10-02 14:14:33,842 - utils_portfolio - INFO - Evaluating symbol if to open, close, or no change
2024-10-02 14:14:33,891 - utils_strategy - INFO - AMD - downloading data from yfinance
2024-10-02 14:14:34,131 - utils_portfolio - INFO - Checking if we have correct date
2024-10-02 14:14:34,131 - utils_portfolio - INFO - AMD - running symbols strategy to get entries and exits
2024-10-02 14:14:34,139 - utils_portfolio - INFO - Evaluating symbol if to open, close, or no change
2024-10-02 14:14:34,187 - utils_strategy - INFO - QQQ - downloading data from yfinance
2024-10-02 14:14:34,494 - utils_portfolio - INFO - Checking if we have correct date
2024-10-02 14:14:34,494 - utils_portfolio - INFO - QQQ - running symbols strategy to get entries and exits
2024-10-02 14:14:34,502 - utils_portfolio - INFO - Evaluating symbol if to open, close, or no change
2024-10-02 14:14:34,677 - utils_strategy - INFO - AMZN - downloading data from yfinance
2024-10-02 14:14:34,969 - utils_portfolio - INFO - Checking if we have correct date
2024-10-02 14:14:34,969 - utils_portfolio - INFO - AMZN - running symbols strategy to get entries and exits
2024-10-02 14:14:34,977 - utils_portfolio - INFO - Evaluating symbol if to open, close, or no change
2024-10-02 14:14:35,026 - utils_strategy - INFO - TQQQ - downloading data from yfinance
2024-10-02 14:14:35,230 - utils_portfolio - INFO - Checking if we have correct date
2024-10-02 14:14:35,230 - utils_portfolio - INFO - TQQQ - running symbols strategy to get entries and exits
2024-10-02 14:14:35,238 - utils_portfolio - INFO - Evaluating symbol if to open, close, or no change
2024-10-02 14:14:35,276 - utils_strategy - INFO - VOO - downloading data from yfinance
2024-10-02 14:14:35,535 - utils_portfolio - INFO - Checking if we have correct date
2024-10-02 14:14:35,535 - utils_portfolio - INFO - VOO - running symbols strategy to get entries and exits
2024-10-02 14:14:35,543 - utils_portfolio - INFO - Evaluating symbol if to open, close, or no change
2024-10-02 14:14:35,582 - utils_strategy - INFO - BABA - downloading data from yfinance
2024-10-02 14:14:35,759 - utils_portfolio - INFO - Checking if we have correct date
2024-10-02 14:14:35,759 - utils_portfolio - INFO - BABA - running symbols strategy to get entries and exits
2024-10-02 14:14:35,767 - utils_portfolio - INFO - Evaluating symbol if to open, close, or no change
2024-10-02 14:14:35,803 - utils_strategy - INFO - BA - downloading data from yfinance
2024-10-02 14:14:36,224 - utils_portfolio - INFO - Checking if we have correct date
2024-10-02 14:14:36,224 - utils_portfolio - INFO - BA - running symbols strategy to get entries and exits
2024-10-02 14:14:36,232 - utils_portfolio - INFO - Evaluating symbol if to open, close, or no change
2024-10-02 14:14:36,278 - utils_strategy - INFO - XLI - downloading data from yfinance
2024-10-02 14:14:36,528 - utils_portfolio - INFO - Checking if we have correct date
2024-10-02 14:14:36,528 - utils_portfolio - INFO - XLI - running symbols strategy to get entries and exits
2024-10-02 14:14:36,537 - utils_portfolio - INFO - Evaluating symbol if to open, close, or no change
2024-10-02 14:14:36,583 - root - INFO - Portfolio p3 symbols actions - {'TSLA': 'no_change', 'NVDA': 'close', 'AMD': 'close', 'QQQ': 'no_change', 'AMZN': 'no_change', 'TQQQ': 'no_change', 'VOO': 'close', 'BABA': 'no_change', 'BA': 'no_change', 'XLI': 'no_change'}
2024-10-02 14:14:36,583 - utils_portfolio - INFO - Submitting orders to close existing positions
2024-10-02 14:14:37,565 - utils_portfolio - INFO - Updating state of portfolio - p3
2024-10-02 14:14:37,567 - utils_portfolio - INFO - Calculating closed trades stats
2024-10-02 14:14:37,568 - utils_portfolio - INFO - Processing symbol - TSLA
2024-10-02 14:14:38,088 - utils_portfolio - INFO - Processing symbol - NVDA
2024-10-02 14:14:38,315 - utils_portfolio - INFO - Processing symbol - AMD
2024-10-02 14:14:38,519 - utils_portfolio - INFO - Processing symbol - QQQ
2024-10-02 14:14:38,722 - utils_portfolio - INFO - Processing symbol - AMZN
2024-10-02 14:14:38,929 - utils_portfolio - INFO - Processing symbol - TQQQ
2024-10-02 14:14:39,110 - utils_portfolio - INFO - Processing symbol - VOO
2024-10-02 14:14:39,339 - utils_portfolio - INFO - Processing symbol - BABA
2024-10-02 14:14:39,540 - utils_portfolio - INFO - Processing symbol - BA
2024-10-02 14:14:39,690 - utils_portfolio - INFO - Processing symbol - XLI
2024-10-02 14:14:39,853 - utils_portfolio - INFO - Calculating open trades stats
2024-10-02 14:14:39,854 - utils_portfolio - INFO - Processing symbol - TSLA
2024-10-02 14:14:40,544 - utils_portfolio - INFO - Processing symbol - NVDA
2024-10-02 14:14:40,948 - utils_portfolio - INFO - Processing symbol - AMD
2024-10-02 14:14:41,365 - utils_portfolio - INFO - Processing symbol - QQQ
2024-10-02 14:14:41,767 - utils_portfolio - INFO - Processing symbol - AMZN
2024-10-02 14:14:41,965 - utils_portfolio - INFO - Processing symbol - TQQQ
2024-10-02 14:14:42,382 - utils_portfolio - INFO - Processing symbol - VOO
2024-10-02 14:14:42,800 - utils_portfolio - INFO - Processing symbol - BABA
2024-10-02 14:14:43,200 - utils_portfolio - INFO - Processing symbol - BA
2024-10-02 14:14:43,398 - utils_portfolio - INFO - Processing symbol - XLI
2024-10-02 14:14:43,678 - utils_portfolio - INFO - Portfolio p3 - calculating position sizes
2024-10-02 14:14:43,704 - root - INFO - Portfolio p3 position sizes - symbol
TSLA    530.31
NVDA    530.31
AMD     530.31
QQQ     530.31
AMZN    516.48
TQQQ    530.31
VOO     530.31
BABA    530.31
BA      516.48
XLI     516.48
Name: position, dtype: float64
2024-10-02 14:14:43,704 - utils_portfolio - INFO - Submitting orders to open positions
2024-10-02 14:14:43,705 - root - INFO - XXXXXXXXXXXXXXXXXXXX --- Portfolio p3 - DONE --- XXXXXXXXXXXXXXXXXXXX
2024-10-02 14:14:43,705 - utils_portfolio - INFO - Updating info of portfolio - p4
2024-10-02 14:14:43,862 - utils_portfolio - INFO - Calculating symbols weights
2024-10-02 14:14:43,863 - root - INFO - Portfolio p4 symbols weights - {'RIOT': 0.05, 'NEE': 0.05, 'SLV': 0.05, 'SHOP': 0.05, 'FAST': 0.05, 'SPXL': 0.05, 'VALE': 0.05, 'SNAP': 0.05, 'WDC': 0.05, 'MO': 0.05, 'PM': 0.05, 'SQ': 0.05, 'PDD': 0.05, 'ABBV': 0.05, 'ON': 0.05, 'UPRO': 0.05, 'TSLL': 0.05, 'PBR': 0.05, 'MP': 0.05, 'U': 0.05}
2024-10-02 14:14:43,863 - utils_strategy - INFO - RIOT - downloading data from yfinance
2024-10-02 14:14:44,041 - utils_portfolio - INFO - Checking if we have correct date
2024-10-02 14:14:44,041 - utils_portfolio - INFO - RIOT - running symbols strategy to get entries and exits
2024-10-02 14:14:44,048 - utils_portfolio - INFO - Evaluating symbol if to open, close, or no change
2024-10-02 14:14:44,085 - utils_strategy - INFO - NEE - downloading data from yfinance
2024-10-02 14:14:44,436 - utils_portfolio - INFO - Checking if we have correct date
2024-10-02 14:14:44,437 - utils_portfolio - INFO - NEE - running symbols strategy to get entries and exits
2024-10-02 14:14:44,444 - utils_portfolio - INFO - Evaluating symbol if to open, close, or no change
2024-10-02 14:14:44,489 - utils_strategy - INFO - SLV - downloading data from yfinance
2024-10-02 14:14:44,734 - utils_portfolio - INFO - Checking if we have correct date
2024-10-02 14:14:44,735 - utils_portfolio - INFO - SLV - running symbols strategy to get entries and exits
2024-10-02 14:14:44,742 - utils_portfolio - INFO - Evaluating symbol if to open, close, or no change
2024-10-02 14:14:44,784 - utils_strategy - INFO - SHOP - downloading data from yfinance
2024-10-02 14:14:44,945 - utils_portfolio - INFO - Checking if we have correct date
2024-10-02 14:14:44,946 - utils_portfolio - INFO - SHOP - running symbols strategy to get entries and exits
2024-10-02 14:14:44,953 - utils_portfolio - INFO - Evaluating symbol if to open, close, or no change
2024-10-02 14:14:44,987 - utils_strategy - INFO - FAST - downloading data from yfinance
2024-10-02 14:14:45,349 - utils_portfolio - INFO - Checking if we have correct date
2024-10-02 14:14:45,349 - utils_portfolio - INFO - FAST - running symbols strategy to get entries and exits
2024-10-02 14:14:45,358 - utils_portfolio - INFO - Evaluating symbol if to open, close, or no change
2024-10-02 14:14:45,406 - utils_strategy - INFO - SPXL - downloading data from yfinance
2024-10-02 14:14:45,641 - utils_portfolio - INFO - Checking if we have correct date
2024-10-02 14:14:45,641 - utils_portfolio - INFO - SPXL - running symbols strategy to get entries and exits
2024-10-02 14:14:45,649 - utils_portfolio - INFO - Evaluating symbol if to open, close, or no change
2024-10-02 14:14:45,689 - utils_strategy - INFO - VALE - downloading data from yfinance
2024-10-02 14:14:45,982 - utils_portfolio - INFO - Checking if we have correct date
2024-10-02 14:14:45,983 - utils_portfolio - INFO - VALE - running symbols strategy to get entries and exits
2024-10-02 14:14:45,991 - utils_portfolio - INFO - Evaluating symbol if to open, close, or no change
2024-10-02 14:14:46,199 - utils_strategy - INFO - SNAP - downloading data from yfinance
2024-10-02 14:14:46,355 - utils_portfolio - INFO - Checking if we have correct date
2024-10-02 14:14:46,356 - utils_portfolio - INFO - SNAP - running symbols strategy to get entries and exits
2024-10-02 14:14:46,365 - utils_portfolio - INFO - Evaluating symbol if to open, close, or no change
2024-10-02 14:14:46,398 - utils_strategy - INFO - WDC - downloading data from yfinance
2024-10-02 14:14:46,623 - utils_portfolio - INFO - Checking if we have correct date
2024-10-02 14:14:46,623 - utils_portfolio - INFO - WDC - running symbols strategy to get entries and exits
2024-10-02 14:14:46,631 - utils_portfolio - INFO - Evaluating symbol if to open, close, or no change
2024-10-02 14:14:46,676 - utils_strategy - INFO - MO - downloading data from yfinance
2024-10-02 14:14:46,971 - utils_portfolio - INFO - Checking if we have correct date
2024-10-02 14:14:46,971 - utils_portfolio - INFO - MO - running symbols strategy to get entries and exits
2024-10-02 14:14:46,979 - utils_portfolio - INFO - Evaluating symbol if to open, close, or no change
2024-10-02 14:14:47,024 - utils_strategy - INFO - PM - downloading data from yfinance
2024-10-02 14:14:47,214 - utils_portfolio - INFO - Checking if we have correct date
2024-10-02 14:14:47,214 - utils_portfolio - INFO - PM - running symbols strategy to get entries and exits
2024-10-02 14:14:47,222 - utils_portfolio - INFO - Evaluating symbol if to open, close, or no change
2024-10-02 14:14:47,261 - utils_strategy - INFO - SQ - downloading data from yfinance
2024-10-02 14:14:47,455 - utils_portfolio - INFO - Checking if we have correct date
2024-10-02 14:14:47,455 - utils_portfolio - INFO - SQ - running symbols strategy to get entries and exits
2024-10-02 14:14:47,463 - utils_portfolio - INFO - Evaluating symbol if to open, close, or no change
2024-10-02 14:14:47,497 - utils_strategy - INFO - PDD - downloading data from yfinance
2024-10-02 14:14:47,618 - utils_portfolio - INFO - Checking if we have correct date
2024-10-02 14:14:47,619 - utils_portfolio - INFO - PDD - running symbols strategy to get entries and exits
2024-10-02 14:14:47,627 - utils_portfolio - INFO - Evaluating symbol if to open, close, or no change
2024-10-02 14:14:47,661 - utils_strategy - INFO - ABBV - downloading data from yfinance
2024-10-02 14:14:47,826 - utils_portfolio - INFO - Checking if we have correct date
2024-10-02 14:14:47,827 - utils_portfolio - INFO - ABBV - running symbols strategy to get entries and exits
2024-10-02 14:14:47,834 - utils_portfolio - INFO - Evaluating symbol if to open, close, or no change
2024-10-02 14:14:47,868 - utils_strategy - INFO - ON - downloading data from yfinance
2024-10-02 14:14:48,056 - utils_portfolio - INFO - Checking if we have correct date
2024-10-02 14:14:48,057 - utils_portfolio - INFO - ON - running symbols strategy to get entries and exits
2024-10-02 14:14:48,064 - utils_portfolio - INFO - Evaluating symbol if to open, close, or no change
2024-10-02 14:14:48,108 - utils_strategy - INFO - UPRO - downloading data from yfinance
2024-10-02 14:14:48,450 - utils_portfolio - INFO - Checking if we have correct date
2024-10-02 14:14:48,450 - utils_portfolio - INFO - UPRO - running symbols strategy to get entries and exits
2024-10-02 14:14:48,457 - utils_portfolio - INFO - Evaluating symbol if to open, close, or no change
2024-10-02 14:14:48,496 - utils_strategy - INFO - TSLL - downloading data from yfinance
2024-10-02 14:14:48,601 - utils_portfolio - INFO - Checking if we have correct date
2024-10-02 14:14:48,601 - utils_portfolio - INFO - TSLL - running symbols strategy to get entries and exits
2024-10-02 14:14:48,610 - utils_portfolio - INFO - Evaluating symbol if to open, close, or no change
2024-10-02 14:14:48,641 - utils_strategy - INFO - PBR - downloading data from yfinance
2024-10-02 14:14:48,903 - utils_portfolio - INFO - Checking if we have correct date
2024-10-02 14:14:48,903 - utils_portfolio - INFO - PBR - running symbols strategy to get entries and exits
2024-10-02 14:14:48,911 - utils_portfolio - INFO - Evaluating symbol if to open, close, or no change
2024-10-02 14:14:48,959 - utils_strategy - INFO - MP - downloading data from yfinance
2024-10-02 14:14:49,083 - utils_portfolio - INFO - Checking if we have correct date
2024-10-02 14:14:49,083 - utils_portfolio - INFO - MP - running symbols strategy to get entries and exits
2024-10-02 14:14:49,094 - utils_portfolio - INFO - Evaluating symbol if to open, close, or no change
2024-10-02 14:14:49,131 - utils_strategy - INFO - U - downloading data from yfinance
2024-10-02 14:14:49,219 - utils_portfolio - INFO - Checking if we have correct date
2024-10-02 14:14:49,219 - utils_portfolio - INFO - U - running symbols strategy to get entries and exits
2024-10-02 14:14:49,229 - utils_portfolio - INFO - Evaluating symbol if to open, close, or no change
2024-10-02 14:14:49,265 - root - INFO - Portfolio p4 symbols actions - {'RIOT': 'close', 'NEE': 'no_change', 'SLV': 'no_change', 'SHOP': 'close', 'FAST': 'no_change', 'SPXL': 'close', 'VALE': 'no_change', 'SNAP': 'no_change', 'WDC': 'no_change', 'MO': 'no_change', 'PM': 'no_change', 'SQ': 'no_change', 'PDD': 'no_change', 'ABBV': 'no_change', 'ON': 'no_change', 'UPRO': 'close', 'TSLL': 'no_change', 'PBR': 'no_change', 'MP': 'no_change', 'U': 'no_change'}
2024-10-02 14:14:49,265 - utils_portfolio - INFO - Submitting orders to close existing positions
2024-10-02 14:14:50,054 - utils_portfolio - WARNING - SPXL - trying to close non-existing position
2024-10-02 14:14:50,262 - utils_portfolio - INFO - Updating state of portfolio - p4
2024-10-02 14:14:50,264 - utils_portfolio - INFO - Calculating closed trades stats
2024-10-02 14:14:50,265 - utils_portfolio - INFO - Processing symbol - RIOT
2024-10-02 14:14:50,791 - utils_portfolio - INFO - Processing symbol - NEE
2024-10-02 14:14:51,012 - utils_portfolio - INFO - Processing symbol - SLV
2024-10-02 14:14:51,216 - utils_portfolio - INFO - Processing symbol - SHOP
2024-10-02 14:14:51,424 - utils_portfolio - INFO - Processing symbol - FAST
2024-10-02 14:14:51,573 - utils_portfolio - INFO - Processing symbol - SPXL
2024-10-02 14:14:51,832 - utils_portfolio - INFO - Processing symbol - VALE
2024-10-02 14:14:52,035 - utils_portfolio - INFO - Processing symbol - SNAP
2024-10-02 14:14:52,242 - utils_portfolio - INFO - Processing symbol - WDC
2024-10-02 14:14:52,448 - utils_portfolio - INFO - Processing symbol - MO
2024-10-02 14:14:52,652 - utils_portfolio - INFO - Processing symbol - PM
2024-10-02 14:14:52,854 - utils_portfolio - INFO - Processing symbol - SQ
2024-10-02 14:14:53,060 - utils_portfolio - INFO - Processing symbol - PDD
2024-10-02 14:14:53,267 - utils_portfolio - INFO - Processing symbol - ABBV
2024-10-02 14:14:53,472 - utils_portfolio - INFO - Processing symbol - ON
2024-10-02 14:14:53,626 - utils_portfolio - INFO - Processing symbol - UPRO
2024-10-02 14:14:53,777 - utils_portfolio - INFO - Processing symbol - TSLL
2024-10-02 14:14:53,982 - utils_portfolio - INFO - Processing symbol - PBR
2024-10-02 14:14:54,186 - utils_portfolio - INFO - Processing symbol - MP
2024-10-02 14:14:54,395 - utils_portfolio - INFO - Processing symbol - U
2024-10-02 14:14:54,603 - utils_portfolio - INFO - Calculating open trades stats
2024-10-02 14:14:54,604 - utils_portfolio - INFO - Processing symbol - RIOT
2024-10-02 14:14:55,294 - utils_portfolio - INFO - Processing symbol - NEE
2024-10-02 14:14:55,482 - utils_portfolio - INFO - Processing symbol - SLV
2024-10-02 14:14:56,072 - utils_portfolio - INFO - Processing symbol - SHOP
2024-10-02 14:14:56,363 - utils_portfolio - INFO - Processing symbol - FAST
2024-10-02 14:14:56,622 - utils_portfolio - INFO - Processing symbol - SPXL
2024-10-02 14:14:56,814 - utils_portfolio - INFO - Processing symbol - VALE
2024-10-02 14:14:57,236 - utils_portfolio - INFO - Processing symbol - SNAP
2024-10-02 14:14:57,638 - utils_portfolio - INFO - Processing symbol - WDC
2024-10-02 14:14:58,056 - utils_portfolio - INFO - Processing symbol - MO
2024-10-02 14:14:58,248 - utils_portfolio - INFO - Processing symbol - PM
2024-10-02 14:14:58,452 - utils_portfolio - INFO - Processing symbol - SQ
2024-10-02 14:14:58,658 - utils_portfolio - INFO - Processing symbol - PDD
2024-10-02 14:14:59,081 - utils_portfolio - INFO - Processing symbol - ABBV
2024-10-02 14:14:59,483 - utils_portfolio - INFO - Processing symbol - ON
2024-10-02 14:14:59,898 - utils_portfolio - INFO - Processing symbol - UPRO
2024-10-02 14:15:00,302 - utils_portfolio - INFO - Processing symbol - TSLL
2024-10-02 14:15:00,718 - utils_portfolio - INFO - Processing symbol - PBR
2024-10-02 14:15:00,910 - utils_portfolio - INFO - Processing symbol - MP
2024-10-02 14:15:01,325 - utils_portfolio - INFO - Processing symbol - U
2024-10-02 14:15:01,577 - utils_portfolio - INFO - Portfolio p4 - calculating position sizes
2024-10-02 14:15:01,607 - root - INFO - Portfolio p4 position sizes - symbol
RIOT    272.37
NEE     266.66
SLV     272.37
SHOP    272.37
FAST    272.37
SPXL    266.66
VALE    272.37
SNAP    272.37
WDC     272.37
MO      266.66
PM      266.66
SQ      266.66
PDD     272.37
ABBV    272.37
ON      272.37
UPRO    272.37
TSLL    272.37
PBR     266.66
MP      272.37
U       266.66
Name: position, dtype: float64
2024-10-02 14:15:01,608 - utils_portfolio - INFO - Submitting orders to open positions
2024-10-02 14:15:01,608 - root - INFO - XXXXXXXXXXXXXXXXXXXX --- Portfolio p4 - DONE --- XXXXXXXXXXXXXXXXXXXX
2024-10-02 14:15:01,609 - utils_portfolio - INFO - Updating whole portfolio state
2024-10-02 14:15:02,754 - utils_portfolio - INFO - Calculating open trades stats
2024-10-02 14:15:02,754 - utils_portfolio - INFO - Processing symbol - PLTR
2024-10-02 14:15:03,588 - utils_portfolio - INFO - Processing symbol - BTC/USD
2024-10-02 14:15:03,778 - utils_portfolio - INFO - Processing symbol - AAL
2024-10-02 14:15:04,193 - utils_portfolio - INFO - Processing symbol - VRT
2024-10-02 14:15:04,611 - utils_portfolio - INFO - Processing symbol - GBTC
2024-10-02 14:15:04,801 - utils_portfolio - INFO - Processing symbol - DELL
2024-10-02 14:15:05,007 - utils_portfolio - INFO - Processing symbol - GM
2024-10-02 14:15:05,211 - utils_portfolio - INFO - Processing symbol - IYR
2024-10-02 14:15:05,416 - utils_portfolio - INFO - Processing symbol - DKNG
2024-10-02 14:15:05,619 - utils_portfolio - INFO - Processing symbol - EBAY
2024-10-02 14:15:05,825 - utils_portfolio - INFO - Processing symbol - CRWD
2024-10-02 14:15:06,030 - utils_portfolio - INFO - Processing symbol - AAPL
2024-10-02 14:15:06,447 - utils_portfolio - INFO - Processing symbol - GOOGL
2024-10-02 14:15:06,862 - utils_portfolio - INFO - Processing symbol - META
2024-10-02 14:15:07,267 - utils_portfolio - INFO - Processing symbol - MRVL
2024-10-02 14:15:07,675 - utils_portfolio - INFO - Processing symbol - MSTR
2024-10-02 14:15:08,090 - utils_portfolio - INFO - Processing symbol - SCHD
2024-10-02 14:15:08,408 - utils_portfolio - INFO - Processing symbol - BITO
2024-10-02 14:15:08,520 - utils_portfolio - INFO - Processing symbol - AVGO
2024-10-02 14:15:08,693 - utils_portfolio - INFO - Processing symbol - SOUN
2024-10-02 14:15:08,897 - utils_portfolio - INFO - Processing symbol - TSLA
2024-10-02 14:15:09,313 - utils_portfolio - INFO - Processing symbol - NVDA
2024-10-02 14:15:09,724 - utils_portfolio - INFO - Processing symbol - AMD
2024-10-02 14:15:10,133 - utils_portfolio - INFO - Processing symbol - QQQ
2024-10-02 14:15:10,547 - utils_portfolio - INFO - Processing symbol - AMZN
2024-10-02 14:15:10,741 - utils_portfolio - INFO - Processing symbol - TQQQ
2024-10-02 14:15:11,158 - utils_portfolio - INFO - Processing symbol - VOO
2024-10-02 14:15:11,573 - utils_portfolio - INFO - Processing symbol - BABA
2024-10-02 14:15:11,977 - utils_portfolio - INFO - Processing symbol - BA
2024-10-02 14:15:12,174 - utils_portfolio - INFO - Processing symbol - XLI
2024-10-02 14:15:12,379 - utils_portfolio - INFO - Processing symbol - RIOT
2024-10-02 14:15:12,625 - utils_portfolio - INFO - Processing symbol - NEE
2024-10-02 14:15:12,789 - utils_portfolio - INFO - Processing symbol - SLV
2024-10-02 14:15:13,210 - utils_portfolio - INFO - Processing symbol - SHOP
2024-10-02 14:15:13,615 - utils_portfolio - INFO - Processing symbol - FAST
2024-10-02 14:15:14,031 - utils_portfolio - INFO - Processing symbol - SPXL
2024-10-02 14:15:14,222 - utils_portfolio - INFO - Processing symbol - VALE
2024-10-02 14:15:14,639 - utils_portfolio - INFO - Processing symbol - SNAP
2024-10-02 14:15:15,053 - utils_portfolio - INFO - Processing symbol - WDC
2024-10-02 14:15:15,460 - utils_portfolio - INFO - Processing symbol - MO
2024-10-02 14:15:15,655 - utils_portfolio - INFO - Processing symbol - PM
2024-10-02 14:15:15,860 - utils_portfolio - INFO - Processing symbol - SQ
2024-10-02 14:15:16,067 - utils_portfolio - INFO - Processing symbol - PDD
2024-10-02 14:15:16,483 - utils_portfolio - INFO - Processing symbol - ABBV
2024-10-02 14:15:16,899 - utils_portfolio - INFO - Processing symbol - ON
2024-10-02 14:15:17,302 - utils_portfolio - INFO - Processing symbol - UPRO
2024-10-02 14:15:17,717 - utils_portfolio - INFO - Processing symbol - TSLL
2024-10-02 14:15:18,120 - utils_portfolio - INFO - Processing symbol - PBR
2024-10-02 14:15:18,319 - utils_portfolio - INFO - Processing symbol - MP
2024-10-02 14:15:18,734 - utils_portfolio - INFO - Processing symbol - U
2024-10-02 14:15:18,961 - utils_portfolio - INFO - Calculating closed trades stats
2024-10-02 14:15:18,963 - utils_portfolio - INFO - Processing symbol - PLTR
2024-10-02 14:15:19,459 - utils_portfolio - INFO - Processing symbol - BTC/USD
2024-10-02 14:15:19,683 - utils_portfolio - INFO - Processing symbol - AAL
2024-10-02 14:15:19,885 - utils_portfolio - INFO - Processing symbol - VRT
2024-10-02 14:15:20,091 - utils_portfolio - INFO - Processing symbol - GBTC
2024-10-02 14:15:20,300 - utils_portfolio - INFO - Processing symbol - DELL
2024-10-02 14:15:20,504 - utils_portfolio - INFO - Processing symbol - GM
2024-10-02 14:15:20,708 - utils_portfolio - INFO - Processing symbol - IYR
2024-10-02 14:15:20,913 - utils_portfolio - INFO - Processing symbol - DKNG
2024-10-02 14:15:21,119 - utils_portfolio - INFO - Processing symbol - EBAY
2024-10-02 14:15:21,323 - utils_portfolio - INFO - Processing symbol - CRWD
2024-10-02 14:15:21,529 - utils_portfolio - INFO - Processing symbol - AAPL
2024-10-02 14:15:21,732 - utils_portfolio - INFO - Processing symbol - GOOGL
2024-10-02 14:15:21,938 - utils_portfolio - INFO - Processing symbol - META
2024-10-02 14:15:22,145 - utils_portfolio - INFO - Processing symbol - MRVL
2024-10-02 14:15:22,347 - utils_portfolio - INFO - Processing symbol - MSTR
2024-10-02 14:15:22,527 - utils_portfolio - INFO - Processing symbol - SCHD
2024-10-02 14:15:22,759 - utils_portfolio - INFO - Processing symbol - BITO
2024-10-02 14:15:22,962 - utils_portfolio - INFO - Processing symbol - AVGO
2024-10-02 14:15:23,166 - utils_portfolio - INFO - Processing symbol - SOUN
2024-10-02 14:15:23,372 - utils_portfolio - INFO - Processing symbol - TSLA
2024-10-02 14:15:23,577 - utils_portfolio - INFO - Processing symbol - NVDA
2024-10-02 14:15:23,783 - utils_portfolio - INFO - Processing symbol - AMD
2024-10-02 14:15:23,986 - utils_portfolio - INFO - Processing symbol - QQQ
2024-10-02 14:15:24,190 - utils_portfolio - INFO - Processing symbol - AMZN
2024-10-02 14:15:24,373 - utils_portfolio - INFO - Processing symbol - TQQQ
2024-10-02 14:15:24,601 - utils_portfolio - INFO - Processing symbol - VOO
2024-10-02 14:15:24,806 - utils_portfolio - INFO - Processing symbol - BABA
2024-10-02 14:15:25,010 - utils_portfolio - INFO - Processing symbol - BA
2024-10-02 14:15:25,217 - utils_portfolio - INFO - Processing symbol - XLI
2024-10-02 14:15:25,418 - utils_portfolio - INFO - Processing symbol - RIOT
2024-10-02 14:15:25,544 - utils_portfolio - INFO - Processing symbol - NEE
2024-10-02 14:15:25,726 - utils_portfolio - INFO - Processing symbol - SLV
2024-10-02 14:15:25,934 - utils_portfolio - INFO - Processing symbol - SHOP
2024-10-02 14:15:26,136 - utils_portfolio - INFO - Processing symbol - FAST
2024-10-02 14:15:26,342 - utils_portfolio - INFO - Processing symbol - SPXL
2024-10-02 14:15:26,638 - utils_portfolio - INFO - Processing symbol - VALE
2024-10-02 14:15:26,873 - utils_portfolio - INFO - Processing symbol - SNAP
2024-10-02 14:15:27,048 - utils_portfolio - INFO - Processing symbol - WDC
2024-10-02 14:15:27,265 - utils_portfolio - INFO - Processing symbol - MO
2024-10-02 14:15:27,490 - utils_portfolio - INFO - Processing symbol - PM
2024-10-02 14:15:27,641 - utils_portfolio - INFO - Processing symbol - SQ
2024-10-02 14:15:27,902 - utils_portfolio - INFO - Processing symbol - PDD
2024-10-02 14:15:28,105 - utils_portfolio - INFO - Processing symbol - ABBV
2024-10-02 14:15:28,272 - utils_portfolio - INFO - Processing symbol - ON
2024-10-02 14:15:28,447 - utils_portfolio - INFO - Processing symbol - UPRO
2024-10-02 14:15:28,695 - utils_portfolio - INFO - Processing symbol - TSLL
2024-10-02 14:15:28,901 - utils_portfolio - INFO - Processing symbol - PBR
2024-10-02 14:15:29,106 - utils_portfolio - INFO - Processing symbol - MP
2024-10-02 14:15:29,310 - utils_portfolio - INFO - Processing symbol - U
2024-10-02 14:15:29,532 - utils_portfolio - INFO - Updating state of symbols
2024-10-02 14:15:29,532 - utils_portfolio - INFO - Calculating closed trades stats
2024-10-02 14:15:29,532 - utils_portfolio - INFO - Processing symbol - PM
2024-10-02 14:15:30,112 - utils_portfolio - INFO - Processing symbol - MRVL
2024-10-02 14:15:30,338 - utils_portfolio - INFO - Processing symbol - SCHD
2024-10-02 14:15:30,539 - utils_portfolio - INFO - Processing symbol - U
2024-10-02 14:15:30,745 - utils_portfolio - INFO - Processing symbol - GM
2024-10-02 14:15:30,950 - utils_portfolio - INFO - Processing symbol - PLTR
2024-10-02 14:15:31,156 - utils_portfolio - INFO - Processing symbol - VALE
2024-10-02 14:15:31,360 - utils_portfolio - INFO - Processing symbol - ON
2024-10-02 14:15:31,569 - utils_portfolio - INFO - Processing symbol - EBAY
2024-10-02 14:15:31,769 - utils_portfolio - INFO - Processing symbol - NVDA
2024-10-02 14:15:31,975 - utils_portfolio - INFO - Processing symbol - GBTC
2024-10-02 14:15:32,178 - utils_portfolio - INFO - Processing symbol - VOO
2024-10-02 14:15:32,384 - utils_portfolio - INFO - Processing symbol - UPRO
2024-10-02 14:15:32,588 - utils_portfolio - INFO - Processing symbol - DELL
2024-10-02 14:15:32,794 - utils_portfolio - INFO - Processing symbol - VRT
2024-10-02 14:15:32,982 - utils_portfolio - INFO - Processing symbol - AAPL
2024-10-02 14:15:33,203 - utils_portfolio - INFO - Processing symbol - PBR
2024-10-02 14:15:33,407 - utils_portfolio - INFO - Processing symbol - BITO
2024-10-02 14:15:33,614 - utils_portfolio - INFO - Processing symbol - XLI
2024-10-02 14:15:33,795 - utils_portfolio - INFO - Processing symbol - DKNG
2024-10-02 14:15:34,022 - utils_portfolio - INFO - Processing symbol - SOUN
2024-10-02 14:15:34,226 - utils_portfolio - INFO - Processing symbol - SQ
2024-10-02 14:15:34,433 - utils_portfolio - INFO - Processing symbol - MP
2024-10-02 14:15:34,637 - utils_portfolio - INFO - Processing symbol - WDC
2024-10-02 14:15:34,842 - utils_portfolio - INFO - Processing symbol - IYR
2024-10-02 14:15:35,044 - utils_portfolio - INFO - Processing symbol - NEE
2024-10-02 14:15:35,251 - utils_portfolio - INFO - Processing symbol - AVGO
2024-10-02 14:15:35,456 - utils_portfolio - INFO - Processing symbol - META
2024-10-02 14:15:35,661 - utils_portfolio - INFO - Processing symbol - FAST
2024-10-02 14:15:35,866 - utils_portfolio - INFO - Processing symbol - SNAP
2024-10-02 14:15:36,069 - utils_portfolio - INFO - Processing symbol - MSTR
2024-10-02 14:15:36,272 - utils_portfolio - INFO - Processing symbol - SPXL
2024-10-02 14:15:36,479 - utils_portfolio - INFO - Processing symbol - TSLL
2024-10-02 14:15:36,683 - utils_portfolio - INFO - Processing symbol - AMZN
2024-10-02 14:15:36,887 - utils_portfolio - INFO - Processing symbol - BTC/USD
2024-10-02 14:15:37,093 - utils_portfolio - INFO - Processing symbol - RIOT
2024-10-02 14:15:37,298 - utils_portfolio - INFO - Processing symbol - SLV
2024-10-02 14:15:37,503 - utils_portfolio - INFO - Processing symbol - ABBV
2024-10-02 14:15:37,708 - utils_portfolio - INFO - Processing symbol - MO
2024-10-02 14:15:37,913 - utils_portfolio - INFO - Processing symbol - AAL
2024-10-02 14:15:38,116 - utils_portfolio - INFO - Processing symbol - TQQQ
2024-10-02 14:15:38,322 - utils_portfolio - INFO - Processing symbol - QQQ
2024-10-02 14:15:38,525 - utils_portfolio - INFO - Processing symbol - PDD
2024-10-02 14:15:38,734 - utils_portfolio - INFO - Processing symbol - BA
2024-10-02 14:15:38,939 - utils_portfolio - INFO - Processing symbol - SHOP
2024-10-02 14:15:39,143 - utils_portfolio - INFO - Processing symbol - GOOGL
2024-10-02 14:15:39,347 - utils_portfolio - INFO - Processing symbol - AMD
2024-10-02 14:15:39,550 - utils_portfolio - INFO - Processing symbol - BABA
2024-10-02 14:15:39,756 - utils_portfolio - INFO - Processing symbol - CRWD
2024-10-02 14:15:39,961 - utils_portfolio - INFO - Processing symbol - TSLA
2024-10-02 14:15:40,172 - utils_portfolio - INFO - Calculating open trades stats
2024-10-02 14:15:40,173 - utils_portfolio - INFO - Processing symbol - PM
2024-10-02 14:15:40,745 - utils_portfolio - INFO - Processing symbol - MRVL
2024-10-02 14:15:41,162 - utils_portfolio - INFO - Processing symbol - SCHD
2024-10-02 14:15:41,581 - utils_portfolio - INFO - Processing symbol - U
2024-10-02 14:15:41,769 - utils_portfolio - INFO - Processing symbol - GM
2024-10-02 14:15:41,973 - utils_portfolio - INFO - Processing symbol - PLTR
2024-10-02 14:15:42,397 - utils_portfolio - INFO - Processing symbol - VALE
2024-10-02 14:15:42,799 - utils_portfolio - INFO - Processing symbol - ON
2024-10-02 14:15:43,113 - utils_portfolio - INFO - Processing symbol - EBAY
2024-10-02 14:15:43,304 - utils_portfolio - INFO - Processing symbol - NVDA
2024-10-02 14:15:43,720 - utils_portfolio - INFO - Processing symbol - GBTC
2024-10-02 14:15:43,920 - utils_portfolio - INFO - Processing symbol - VOO
2024-10-02 14:15:44,336 - utils_portfolio - INFO - Processing symbol - UPRO
2024-10-02 14:15:44,753 - utils_portfolio - INFO - Processing symbol - DELL
2024-10-02 14:15:44,943 - utils_portfolio - INFO - Processing symbol - VRT
2024-10-02 14:15:45,359 - utils_portfolio - INFO - Processing symbol - AAPL
2024-10-02 14:15:45,595 - utils_portfolio - INFO - Processing symbol - PBR
2024-10-02 14:15:45,762 - utils_portfolio - INFO - Processing symbol - BITO
2024-10-02 14:15:45,967 - utils_portfolio - INFO - Processing symbol - XLI
2024-10-02 14:15:46,171 - utils_portfolio - INFO - Processing symbol - DKNG
2024-10-02 14:15:46,377 - utils_portfolio - INFO - Processing symbol - SOUN
2024-10-02 14:15:46,582 - utils_portfolio - INFO - Processing symbol - SQ
2024-10-02 14:15:46,786 - utils_portfolio - INFO - Processing symbol - MP
2024-10-02 14:15:47,203 - utils_portfolio - INFO - Processing symbol - WDC
2024-10-02 14:15:47,619 - utils_portfolio - INFO - Processing symbol - IYR
2024-10-02 14:15:47,809 - utils_portfolio - INFO - Processing symbol - NEE
2024-10-02 14:15:48,015 - utils_portfolio - INFO - Processing symbol - AVGO
2024-10-02 14:15:48,221 - utils_portfolio - INFO - Processing symbol - META
2024-10-02 14:15:48,645 - utils_portfolio - INFO - Processing symbol - FAST
2024-10-02 14:15:49,047 - utils_portfolio - INFO - Processing symbol - SNAP
2024-10-02 14:15:49,458 - utils_portfolio - INFO - Processing symbol - MSTR
2024-10-02 14:15:49,870 - utils_portfolio - INFO - Processing symbol - SPXL
2024-10-02 14:15:50,062 - utils_portfolio - INFO - Processing symbol - TSLL
2024-10-02 14:15:50,480 - utils_portfolio - INFO - Processing symbol - AMZN
2024-10-02 14:15:50,677 - utils_portfolio - INFO - Processing symbol - BTC/USD
2024-10-02 14:15:50,882 - utils_portfolio - INFO - Processing symbol - RIOT
2024-10-02 14:15:51,299 - utils_portfolio - INFO - Processing symbol - SLV
2024-10-02 14:15:51,715 - utils_portfolio - INFO - Processing symbol - ABBV
2024-10-02 14:15:52,117 - utils_portfolio - INFO - Processing symbol - MO
2024-10-02 14:15:52,315 - utils_portfolio - INFO - Processing symbol - AAL
2024-10-02 14:15:52,731 - utils_portfolio - INFO - Processing symbol - TQQQ
2024-10-02 14:15:53,149 - utils_portfolio - INFO - Processing symbol - QQQ
2024-10-02 14:15:53,473 - utils_portfolio - INFO - Processing symbol - PDD
2024-10-02 14:15:53,859 - utils_portfolio - INFO - Processing symbol - BA
2024-10-02 14:15:54,057 - utils_portfolio - INFO - Processing symbol - SHOP
2024-10-02 14:15:54,472 - utils_portfolio - INFO - Processing symbol - GOOGL
2024-10-02 14:15:54,788 - utils_portfolio - INFO - Processing symbol - AMD
2024-10-02 14:15:55,197 - utils_portfolio - INFO - Processing symbol - BABA
2024-10-02 14:15:55,605 - utils_portfolio - INFO - Processing symbol - CRWD
2024-10-02 14:15:55,797 - utils_portfolio - INFO - Processing symbol - TSLA
2024-10-02 14:15:56,224 - utils_portfolio - INFO - Updating symbol stats - PM
2024-10-02 14:15:56,290 - utils_portfolio - INFO - Updating symbol stats - MRVL
2024-10-02 14:15:56,323 - utils_portfolio - INFO - Updating symbol stats - SCHD
2024-10-02 14:15:56,358 - utils_portfolio - INFO - Updating symbol stats - U
2024-10-02 14:15:56,399 - utils_portfolio - INFO - Updating symbol stats - GM
2024-10-02 14:15:56,429 - utils_portfolio - INFO - Updating symbol stats - PLTR
2024-10-02 14:15:56,461 - utils_portfolio - INFO - Updating symbol stats - VALE
2024-10-02 14:15:56,500 - utils_portfolio - INFO - Updating symbol stats - ON
2024-10-02 14:15:56,531 - utils_portfolio - INFO - Updating symbol stats - EBAY
2024-10-02 14:15:56,564 - utils_portfolio - INFO - Updating symbol stats - NVDA
2024-10-02 14:15:56,594 - utils_portfolio - INFO - Updating symbol stats - GBTC
2024-10-02 14:15:56,623 - utils_portfolio - INFO - Updating symbol stats - VOO
2024-10-02 14:15:56,651 - utils_portfolio - INFO - Updating symbol stats - UPRO
2024-10-02 14:15:56,682 - utils_portfolio - INFO - Updating symbol stats - DELL
2024-10-02 14:15:56,710 - utils_portfolio - INFO - Updating symbol stats - VRT
2024-10-02 14:15:56,739 - utils_portfolio - INFO - Updating symbol stats - AAPL
2024-10-02 14:15:56,768 - utils_portfolio - INFO - Updating symbol stats - PBR
2024-10-02 14:15:56,798 - utils_portfolio - INFO - Updating symbol stats - BITO
2024-10-02 14:15:56,836 - utils_portfolio - INFO - Updating symbol stats - XLI
2024-10-02 14:15:56,866 - utils_portfolio - INFO - Updating symbol stats - DKNG
2024-10-02 14:15:56,906 - utils_portfolio - INFO - Updating symbol stats - SOUN
2024-10-02 14:15:56,939 - utils_portfolio - INFO - Updating symbol stats - SQ
2024-10-02 14:15:56,968 - utils_portfolio - INFO - Updating symbol stats - MP
2024-10-02 14:15:56,999 - utils_portfolio - INFO - Updating symbol stats - WDC
2024-10-02 14:15:57,031 - utils_portfolio - INFO - Updating symbol stats - IYR
2024-10-02 14:15:57,068 - utils_portfolio - INFO - Updating symbol stats - NEE
2024-10-02 14:15:57,098 - utils_portfolio - INFO - Updating symbol stats - AVGO
2024-10-02 14:15:57,127 - utils_portfolio - INFO - Updating symbol stats - META
2024-10-02 14:15:57,155 - utils_portfolio - INFO - Updating symbol stats - FAST
2024-10-02 14:15:57,185 - utils_portfolio - INFO - Updating symbol stats - SNAP
2024-10-02 14:15:57,214 - utils_portfolio - INFO - Updating symbol stats - MSTR
2024-10-02 14:15:57,242 - utils_portfolio - INFO - Updating symbol stats - SPXL
2024-10-02 14:15:57,294 - utils_portfolio - INFO - Updating symbol stats - TSLL
2024-10-02 14:15:57,323 - utils_portfolio - INFO - Updating symbol stats - AMZN
2024-10-02 14:15:57,353 - utils_portfolio - INFO - Updating symbol stats - BTC/USD
2024-10-02 14:15:57,386 - utils_portfolio - INFO - Updating symbol stats - RIOT
2024-10-02 14:15:57,416 - utils_portfolio - INFO - Updating symbol stats - SLV
2024-10-02 14:15:57,444 - utils_portfolio - INFO - Updating symbol stats - ABBV
2024-10-02 14:15:57,473 - utils_portfolio - INFO - Updating symbol stats - MO
2024-10-02 14:15:57,502 - utils_portfolio - INFO - Updating symbol stats - AAL
2024-10-02 14:15:57,534 - utils_portfolio - INFO - Updating symbol stats - TQQQ
2024-10-02 14:15:57,563 - utils_portfolio - INFO - Updating symbol stats - QQQ
2024-10-02 14:15:57,593 - utils_portfolio - INFO - Updating symbol stats - PDD
2024-10-02 14:15:57,622 - utils_portfolio - INFO - Updating symbol stats - BA
2024-10-02 14:15:57,652 - utils_portfolio - INFO - Updating symbol stats - SHOP
2024-10-02 14:15:57,682 - utils_portfolio - INFO - Updating symbol stats - GOOGL
2024-10-02 14:15:57,711 - utils_portfolio - INFO - Updating symbol stats - AMD
2024-10-02 14:15:57,752 - utils_portfolio - INFO - Updating symbol stats - BABA
2024-10-02 14:15:57,790 - utils_portfolio - INFO - Updating symbol stats - CRWD
2024-10-02 14:15:57,820 - utils_portfolio - INFO - Updating symbol stats - TSLA
2024-10-02 14:15:57,848 - utils_portfolio - INFO - Updating state of strategies
2024-10-02 14:15:57,849 - utils_portfolio - INFO - Calculating closed trades stats
2024-10-02 14:15:57,849 - utils_portfolio - INFO - Processing symbol - PLTR
2024-10-02 14:15:58,493 - utils_portfolio - INFO - Processing symbol - BTC/USD
2024-10-02 14:15:58,787 - utils_portfolio - INFO - Processing symbol - AAL
2024-10-02 14:15:59,065 - utils_portfolio - INFO - Processing symbol - VRT
2024-10-02 14:15:59,247 - utils_portfolio - INFO - Processing symbol - GBTC
2024-10-02 14:15:59,418 - utils_portfolio - INFO - Processing symbol - DELL
2024-10-02 14:15:59,658 - utils_portfolio - INFO - Processing symbol - GM
2024-10-02 14:15:59,854 - utils_portfolio - INFO - Processing symbol - IYR
2024-10-02 14:16:00,039 - utils_portfolio - INFO - Processing symbol - DKNG
2024-10-02 14:16:00,238 - utils_portfolio - INFO - Processing symbol - EBAY
2024-10-02 14:16:00,465 - utils_portfolio - INFO - Processing symbol - CRWD
2024-10-02 14:16:00,669 - utils_portfolio - INFO - Processing symbol - AAPL
2024-10-02 14:16:00,874 - utils_portfolio - INFO - Processing symbol - GOOGL
2024-10-02 14:16:01,080 - utils_portfolio - INFO - Processing symbol - META
2024-10-02 14:16:01,293 - utils_portfolio - INFO - Processing symbol - MRVL
2024-10-02 14:16:01,462 - utils_portfolio - INFO - Processing symbol - MSTR
2024-10-02 14:16:01,669 - utils_portfolio - INFO - Processing symbol - SCHD
2024-10-02 14:16:01,874 - utils_portfolio - INFO - Processing symbol - BITO
2024-10-02 14:16:02,079 - utils_portfolio - INFO - Processing symbol - AVGO
2024-10-02 14:16:02,284 - utils_portfolio - INFO - Processing symbol - SOUN
2024-10-02 14:16:02,488 - utils_portfolio - INFO - Processing symbol - TSLA
2024-10-02 14:16:02,693 - utils_portfolio - INFO - Processing symbol - NVDA
2024-10-02 14:16:02,898 - utils_portfolio - INFO - Processing symbol - AMD
2024-10-02 14:16:03,104 - utils_portfolio - INFO - Processing symbol - QQQ
2024-10-02 14:16:03,309 - utils_portfolio - INFO - Processing symbol - AMZN
2024-10-02 14:16:03,513 - utils_portfolio - INFO - Processing symbol - TQQQ
2024-10-02 14:16:03,719 - utils_portfolio - INFO - Processing symbol - VOO
2024-10-02 14:16:03,924 - utils_portfolio - INFO - Processing symbol - BABA
2024-10-02 14:16:04,130 - utils_portfolio - INFO - Processing symbol - BA
2024-10-02 14:16:04,334 - utils_portfolio - INFO - Processing symbol - XLI
2024-10-02 14:16:04,535 - utils_portfolio - INFO - Processing symbol - RIOT
2024-10-02 14:16:04,741 - utils_portfolio - INFO - Processing symbol - NEE
2024-10-02 14:16:04,946 - utils_portfolio - INFO - Processing symbol - SLV
2024-10-02 14:16:05,152 - utils_portfolio - INFO - Processing symbol - SHOP
2024-10-02 14:16:05,342 - utils_portfolio - INFO - Processing symbol - FAST
2024-10-02 14:16:05,541 - utils_portfolio - INFO - Processing symbol - SPXL
2024-10-02 14:16:05,764 - utils_portfolio - INFO - Processing symbol - VALE
2024-10-02 14:16:05,972 - utils_portfolio - INFO - Processing symbol - SNAP
2024-10-02 14:16:06,174 - utils_portfolio - INFO - Processing symbol - WDC
2024-10-02 14:16:06,379 - utils_portfolio - INFO - Processing symbol - MO
2024-10-02 14:16:06,586 - utils_portfolio - INFO - Processing symbol - PM
2024-10-02 14:16:06,762 - utils_portfolio - INFO - Processing symbol - SQ
2024-10-02 14:16:06,994 - utils_portfolio - INFO - Processing symbol - PDD
2024-10-02 14:16:07,202 - utils_portfolio - INFO - Processing symbol - ABBV
2024-10-02 14:16:07,404 - utils_portfolio - INFO - Processing symbol - ON
2024-10-02 14:16:07,609 - utils_portfolio - INFO - Processing symbol - UPRO
2024-10-02 14:16:07,815 - utils_portfolio - INFO - Processing symbol - TSLL
2024-10-02 14:16:08,019 - utils_portfolio - INFO - Processing symbol - PBR
2024-10-02 14:16:08,224 - utils_portfolio - INFO - Processing symbol - MP
2024-10-02 14:16:08,428 - utils_portfolio - INFO - Processing symbol - U
2024-10-02 14:16:08,638 - utils_portfolio - INFO - Calculating open trades stats
2024-10-02 14:16:08,639 - utils_portfolio - INFO - Processing symbol - PLTR
2024-10-02 14:16:09,331 - utils_portfolio - INFO - Processing symbol - BTC/USD
2024-10-02 14:16:09,520 - utils_portfolio - INFO - Processing symbol - AAL
2024-10-02 14:16:09,936 - utils_portfolio - INFO - Processing symbol - VRT
2024-10-02 14:16:10,355 - utils_portfolio - INFO - Processing symbol - GBTC
2024-10-02 14:16:10,543 - utils_portfolio - INFO - Processing symbol - DELL
2024-10-02 14:16:10,748 - utils_portfolio - INFO - Processing symbol - GM
2024-10-02 14:16:10,953 - utils_portfolio - INFO - Processing symbol - IYR
2024-10-02 14:16:11,158 - utils_portfolio - INFO - Processing symbol - DKNG
2024-10-02 14:16:11,363 - utils_portfolio - INFO - Processing symbol - EBAY
2024-10-02 14:16:11,569 - utils_portfolio - INFO - Processing symbol - CRWD
2024-10-02 14:16:11,773 - utils_portfolio - INFO - Processing symbol - AAPL
2024-10-02 14:16:12,190 - utils_portfolio - INFO - Processing symbol - GOOGL
2024-10-02 14:16:12,607 - utils_portfolio - INFO - Processing symbol - META
2024-10-02 14:16:13,008 - utils_portfolio - INFO - Processing symbol - MRVL
2024-10-02 14:16:13,429 - utils_portfolio - INFO - Processing symbol - MSTR
2024-10-02 14:16:13,828 - utils_portfolio - INFO - Processing symbol - SCHD
2024-10-02 14:16:14,142 - utils_portfolio - INFO - Processing symbol - BITO
2024-10-02 14:16:14,332 - utils_portfolio - INFO - Processing symbol - AVGO
2024-10-02 14:16:14,537 - utils_portfolio - INFO - Processing symbol - SOUN
2024-10-02 14:16:14,741 - utils_portfolio - INFO - Processing symbol - TSLA
2024-10-02 14:16:15,158 - utils_portfolio - INFO - Processing symbol - NVDA
2024-10-02 14:16:15,563 - utils_portfolio - INFO - Processing symbol - AMD
2024-10-02 14:16:15,977 - utils_portfolio - INFO - Processing symbol - QQQ
2024-10-02 14:16:16,291 - utils_portfolio - INFO - Processing symbol - AMZN
2024-10-02 14:16:16,482 - utils_portfolio - INFO - Processing symbol - TQQQ
2024-10-02 14:16:16,899 - utils_portfolio - INFO - Processing symbol - VOO
2024-10-02 14:16:17,315 - utils_portfolio - INFO - Processing symbol - BABA
2024-10-02 14:16:17,719 - utils_portfolio - INFO - Processing symbol - BA
2024-10-02 14:16:17,916 - utils_portfolio - INFO - Processing symbol - XLI
2024-10-02 14:16:18,121 - utils_portfolio - INFO - Processing symbol - RIOT
2024-10-02 14:16:18,538 - utils_portfolio - INFO - Processing symbol - NEE
2024-10-02 14:16:18,736 - utils_portfolio - INFO - Processing symbol - SLV
2024-10-02 14:16:19,150 - utils_portfolio - INFO - Processing symbol - SHOP
2024-10-02 14:16:19,569 - utils_portfolio - INFO - Processing symbol - FAST
2024-10-02 14:16:19,971 - utils_portfolio - INFO - Processing symbol - SPXL
2024-10-02 14:16:20,168 - utils_portfolio - INFO - Processing symbol - VALE
2024-10-02 14:16:20,582 - utils_portfolio - INFO - Processing symbol - SNAP
2024-10-02 14:16:20,999 - utils_portfolio - INFO - Processing symbol - WDC
2024-10-02 14:16:21,405 - utils_portfolio - INFO - Processing symbol - MO
2024-10-02 14:16:21,602 - utils_portfolio - INFO - Processing symbol - PM
2024-10-02 14:16:21,807 - utils_portfolio - INFO - Processing symbol - SQ
2024-10-02 14:16:22,012 - utils_portfolio - INFO - Processing symbol - PDD
2024-10-02 14:16:22,437 - utils_portfolio - INFO - Processing symbol - ABBV
2024-10-02 14:16:22,837 - utils_portfolio - INFO - Processing symbol - ON
2024-10-02 14:16:23,252 - utils_portfolio - INFO - Processing symbol - UPRO
2024-10-02 14:16:23,662 - utils_portfolio - INFO - Processing symbol - TSLL
2024-10-02 14:16:24,067 - utils_portfolio - INFO - Processing symbol - PBR
2024-10-02 14:16:24,265 - utils_portfolio - INFO - Processing symbol - MP
2024-10-02 14:16:24,681 - utils_portfolio - INFO - Processing symbol - U
2024-10-02 14:16:24,967 - root - INFO - XXXXXXXXXXXXXXXXXXXX --- Everything DONE --- XXXXXXXXXXXXXXXXXXXX
