2024-08-08 22:33:36,579 - root - INFO - Logger is setup
2024-08-08 22:33:36,623 - utils_portfolio - INFO - Updating whole portfolio state
2024-08-08 22:33:37,582 - utils_portfolio - INFO - Calculating open trades stats
2024-08-08 22:33:37,582 - utils_portfolio - INFO - Processing symbol - PLTR
2024-08-08 22:33:38,127 - utils_portfolio - INFO - Processing symbol - BTC/USD
2024-08-08 22:33:38,242 - utils_portfolio - INFO - Processing symbol - AAL
2024-08-08 22:33:38,358 - utils_portfolio - INFO - Processing symbol - VRT
2024-08-08 22:33:38,511 - utils_portfolio - INFO - Processing symbol - GBTC
2024-08-08 22:33:38,639 - utils_portfolio - INFO - Processing symbol - DELL
2024-08-08 22:33:38,841 - utils_portfolio - INFO - Processing symbol - GM
2024-08-08 22:33:38,953 - utils_portfolio - INFO - Processing symbol - IYR
2024-08-08 22:33:39,370 - utils_portfolio - INFO - Processing symbol - DKNG
2024-08-08 22:33:39,559 - utils_portfolio - INFO - Processing symbol - EBAY
2024-08-08 22:33:39,765 - utils_portfolio - INFO - Processing symbol - CRWD
2024-08-08 22:33:39,971 - utils_portfolio - INFO - Processing symbol - AAPL
2024-08-08 22:33:40,173 - utils_portfolio - INFO - Processing symbol - GOOGL
2024-08-08 22:33:40,286 - utils_portfolio - INFO - Processing symbol - META
2024-08-08 22:33:40,401 - utils_portfolio - INFO - Processing symbol - MRVL
2024-08-08 22:33:40,586 - utils_portfolio - INFO - Processing symbol - MSTR
2024-08-08 22:33:40,790 - utils_portfolio - INFO - Processing symbol - SCHD
2024-08-08 22:33:40,995 - utils_portfolio - INFO - Processing symbol - BITO
2024-08-08 22:33:41,199 - utils_portfolio - INFO - Processing symbol - AVGO
2024-08-08 22:33:41,612 - utils_portfolio - INFO - Processing symbol - SOUN
2024-08-08 22:33:41,811 - utils_portfolio - INFO - Processing symbol - TSLA
2024-08-08 22:33:42,019 - utils_portfolio - INFO - Processing symbol - NVDA
2024-08-08 22:33:42,223 - utils_portfolio - INFO - Processing symbol - AMD
2024-08-08 22:33:42,427 - utils_portfolio - INFO - Processing symbol - QQQ
2024-08-08 22:33:42,633 - utils_portfolio - INFO - Processing symbol - AMZN
2024-08-08 22:33:43,048 - utils_portfolio - INFO - Processing symbol - TQQQ
2024-08-08 22:33:43,248 - utils_portfolio - INFO - Processing symbol - VOO
2024-08-08 22:33:43,451 - utils_portfolio - INFO - Processing symbol - BABA
2024-08-08 22:33:43,873 - utils_portfolio - INFO - Processing symbol - BA
2024-08-08 22:33:44,066 - utils_portfolio - INFO - Processing symbol - XLI
2024-08-08 22:33:44,271 - utils_portfolio - INFO - Processing symbol - RIOT
2024-08-08 22:33:44,474 - utils_portfolio - INFO - Processing symbol - NEE
2024-08-08 22:33:44,896 - utils_portfolio - INFO - Processing symbol - SLV
2024-08-08 22:33:45,089 - utils_portfolio - INFO - Processing symbol - SHOP
2024-08-08 22:33:45,295 - utils_portfolio - INFO - Processing symbol - FAST
2024-08-08 22:33:45,412 - utils_portfolio - INFO - Processing symbol - SPXL
2024-08-08 22:33:45,603 - utils_portfolio - INFO - Processing symbol - VALE
2024-08-08 22:33:45,808 - utils_portfolio - INFO - Processing symbol - SNAP
2024-08-08 22:33:46,012 - utils_portfolio - INFO - Processing symbol - WDC
2024-08-08 22:33:46,217 - utils_portfolio - INFO - Processing symbol - MO
2024-08-08 22:33:46,633 - utils_portfolio - INFO - Processing symbol - PM
2024-08-08 22:33:47,039 - utils_portfolio - INFO - Processing symbol - SQ
2024-08-08 22:33:47,150 - utils_portfolio - INFO - Processing symbol - PDD
2024-08-08 22:33:47,458 - utils_portfolio - INFO - Processing symbol - ABBV
2024-08-08 22:33:47,650 - utils_portfolio - INFO - Processing symbol - ON
2024-08-08 22:33:47,854 - utils_portfolio - INFO - Processing symbol - UPRO
2024-08-08 22:33:48,059 - utils_portfolio - INFO - Processing symbol - TSLL
2024-08-08 22:33:48,264 - utils_portfolio - INFO - Processing symbol - PBR
2024-08-08 22:33:48,427 - utils_portfolio - INFO - Processing symbol - MP
2024-08-08 22:33:48,541 - utils_portfolio - INFO - Processing symbol - U
2024-08-08 22:33:48,700 - utils_portfolio - INFO - Calculating closed trades stats
2024-08-08 22:33:48,701 - utils_portfolio - INFO - Processing symbol - PLTR
2024-08-08 22:33:49,222 - utils_portfolio - INFO - Processing symbol - BTC/USD
2024-08-08 22:33:49,425 - utils_portfolio - INFO - Processing symbol - AAL
2024-08-08 22:33:49,573 - utils_portfolio - INFO - Processing symbol - VRT
2024-08-08 22:33:49,731 - utils_portfolio - INFO - Processing symbol - GBTC
2024-08-08 22:33:49,935 - utils_portfolio - INFO - Processing symbol - DELL
2024-08-08 22:33:50,061 - utils_portfolio - INFO - Processing symbol - GM
2024-08-08 22:33:50,242 - utils_portfolio - INFO - Processing symbol - IYR
2024-08-08 22:33:50,446 - utils_portfolio - INFO - Processing symbol - DKNG
2024-08-08 22:33:50,650 - utils_portfolio - INFO - Processing symbol - EBAY
2024-08-08 22:33:50,857 - utils_portfolio - INFO - Processing symbol - CRWD
2024-08-08 22:33:51,063 - utils_portfolio - INFO - Processing symbol - AAPL
2024-08-08 22:33:51,266 - utils_portfolio - INFO - Processing symbol - GOOGL
2024-08-08 22:33:51,470 - utils_portfolio - INFO - Processing symbol - META
2024-08-08 22:33:51,676 - utils_portfolio - INFO - Processing symbol - MRVL
2024-08-08 22:33:51,869 - utils_portfolio - INFO - Processing symbol - MSTR
2024-08-08 22:33:52,072 - utils_portfolio - INFO - Processing symbol - SCHD
2024-08-08 22:33:52,274 - utils_portfolio - INFO - Processing symbol - BITO
2024-08-08 22:33:52,495 - utils_portfolio - INFO - Processing symbol - AVGO
2024-08-08 22:33:52,700 - utils_portfolio - INFO - Processing symbol - SOUN
2024-08-08 22:33:52,883 - utils_portfolio - INFO - Processing symbol - TSLA
2024-08-08 22:33:53,110 - utils_portfolio - INFO - Processing symbol - NVDA
2024-08-08 22:33:53,315 - utils_portfolio - INFO - Processing symbol - AMD
2024-08-08 22:33:53,519 - utils_portfolio - INFO - Processing symbol - QQQ
2024-08-08 22:33:53,723 - utils_portfolio - INFO - Processing symbol - AMZN
2024-08-08 22:33:53,928 - utils_portfolio - INFO - Processing symbol - TQQQ
2024-08-08 22:33:54,121 - utils_portfolio - INFO - Processing symbol - VOO
2024-08-08 22:33:54,314 - utils_portfolio - INFO - Processing symbol - BABA
2024-08-08 22:33:54,434 - utils_portfolio - INFO - Processing symbol - BA
2024-08-08 22:33:54,626 - utils_portfolio - INFO - Processing symbol - XLI
2024-08-08 22:33:54,843 - utils_portfolio - INFO - Processing symbol - RIOT
2024-08-08 22:33:55,055 - utils_portfolio - INFO - Processing symbol - NEE
2024-08-08 22:33:55,258 - utils_portfolio - INFO - Processing symbol - SLV
2024-08-08 22:33:55,460 - utils_portfolio - INFO - Processing symbol - SHOP
2024-08-08 22:33:55,669 - utils_portfolio - INFO - Processing symbol - FAST
2024-08-08 22:33:55,872 - utils_portfolio - INFO - Processing symbol - SPXL
2024-08-08 22:33:56,054 - utils_portfolio - INFO - Processing symbol - VALE
2024-08-08 22:33:56,279 - utils_portfolio - INFO - Processing symbol - SNAP
2024-08-08 22:33:56,486 - utils_portfolio - INFO - Processing symbol - WDC
2024-08-08 22:33:56,633 - utils_portfolio - INFO - Processing symbol - MO
2024-08-08 22:33:56,783 - utils_portfolio - INFO - Processing symbol - PM
2024-08-08 22:33:57,084 - utils_portfolio - INFO - Processing symbol - SQ
2024-08-08 22:33:57,308 - utils_portfolio - INFO - Processing symbol - PDD
2024-08-08 22:33:57,513 - utils_portfolio - INFO - Processing symbol - ABBV
2024-08-08 22:33:57,718 - utils_portfolio - INFO - Processing symbol - ON
2024-08-08 22:33:57,865 - utils_portfolio - INFO - Processing symbol - UPRO
2024-08-08 22:33:58,011 - utils_portfolio - INFO - Processing symbol - TSLL
2024-08-08 22:33:58,233 - utils_portfolio - INFO - Processing symbol - PBR
2024-08-08 22:33:58,411 - utils_portfolio - INFO - Processing symbol - MP
2024-08-08 22:33:58,555 - utils_portfolio - INFO - Processing symbol - U
2024-08-08 22:33:58,972 - utils_portfolio - INFO - Updating info of portfolio - p1
2024-08-08 22:33:59,044 - utils_portfolio - INFO - Calculating symbols weights
2024-08-08 22:33:59,045 - root - INFO - Portfolio p1 symbols weights - {'PLTR': 0.09090909090909091, 'BTC/USD': 0.09090909090909091, 'AAL': 0.09090909090909091, 'VRT': 0.09090909090909091, 'GBTC': 0.09090909090909091, 'DELL': 0.09090909090909091, 'GM': 0.09090909090909091, 'IYR': 0.09090909090909091, 'DKNG': 0.09090909090909091, 'EBAY': 0.09090909090909091, 'CRWD': 0.09090909090909091}
2024-08-08 22:33:59,045 - utils_strategy - INFO - PLTR - downloading data from alpaca
2024-08-08 22:33:59,790 - utils_portfolio - INFO - Checking if we have correct date
2024-08-08 22:33:59,790 - utils_portfolio - INFO - PLTR - running symbols strategy to get entries and exits
2024-08-08 22:33:59,806 - utils_portfolio - INFO - Evaluating symbol if to open, close, or no change
2024-08-08 22:34:04,825 - utils_strategy - INFO - BTC/USD - downloading data from alpaca
2024-08-08 22:34:06,004 - utils_portfolio - INFO - Checking if we have correct date
2024-08-08 22:34:06,005 - utils_portfolio - INFO - BTC/USD - running symbols strategy to get entries and exits
2024-08-08 22:34:06,018 - utils_portfolio - INFO - Evaluating symbol if to open, close, or no change
2024-08-08 22:34:06,047 - utils_strategy - INFO - AAL - downloading data from alpaca
2024-08-08 22:34:07,300 - utils_portfolio - INFO - Checking if we have correct date
2024-08-08 22:34:07,300 - utils_portfolio - INFO - AAL - running symbols strategy to get entries and exits
2024-08-08 22:34:07,317 - utils_portfolio - INFO - Evaluating symbol if to open, close, or no change
2024-08-08 22:34:07,348 - utils_strategy - INFO - VRT - downloading data from alpaca
2024-08-08 22:34:08,088 - utils_portfolio - INFO - Checking if we have correct date
2024-08-08 22:34:08,088 - utils_portfolio - INFO - VRT - running symbols strategy to get entries and exits
2024-08-08 22:34:08,104 - utils_portfolio - INFO - Evaluating symbol if to open, close, or no change
2024-08-08 22:34:08,133 - utils_strategy - INFO - GBTC - downloading data from alpaca
2024-08-08 22:34:08,667 - utils_portfolio - INFO - Checking if we have correct date
2024-08-08 22:34:08,667 - utils_portfolio - INFO - GBTC - running symbols strategy to get entries and exits
2024-08-08 22:34:08,688 - utils_portfolio - INFO - Evaluating symbol if to open, close, or no change
2024-08-08 22:34:08,713 - utils_strategy - INFO - DELL - downloading data from alpaca
2024-08-08 22:34:09,496 - utils_portfolio - INFO - Checking if we have correct date
2024-08-08 22:34:09,496 - utils_portfolio - INFO - DELL - running symbols strategy to get entries and exits
2024-08-08 22:34:09,519 - utils_portfolio - INFO - Evaluating symbol if to open, close, or no change
2024-08-08 22:34:09,549 - utils_strategy - INFO - GM - downloading data from alpaca
2024-08-08 22:34:10,853 - utils_portfolio - INFO - Checking if we have correct date
2024-08-08 22:34:10,853 - utils_portfolio - INFO - GM - running symbols strategy to get entries and exits
2024-08-08 22:34:10,870 - utils_portfolio - INFO - Evaluating symbol if to open, close, or no change
2024-08-08 22:34:10,906 - utils_strategy - INFO - IYR - downloading data from alpaca
2024-08-08 22:34:12,294 - utils_portfolio - INFO - Checking if we have correct date
2024-08-08 22:34:12,294 - utils_portfolio - INFO - IYR - running symbols strategy to get entries and exits
2024-08-08 22:34:12,314 - utils_portfolio - INFO - Evaluating symbol if to open, close, or no change
2024-08-08 22:34:12,386 - utils_strategy - INFO - DKNG - downloading data from alpaca
2024-08-08 22:34:13,174 - utils_portfolio - INFO - Checking if we have correct date
2024-08-08 22:34:13,174 - utils_portfolio - INFO - DKNG - running symbols strategy to get entries and exits
2024-08-08 22:34:13,187 - utils_portfolio - INFO - Evaluating symbol if to open, close, or no change
2024-08-08 22:34:13,222 - utils_strategy - INFO - EBAY - downloading data from alpaca
2024-08-08 22:34:14,544 - utils_portfolio - INFO - Checking if we have correct date
2024-08-08 22:34:14,544 - utils_portfolio - INFO - EBAY - running symbols strategy to get entries and exits
2024-08-08 22:34:14,561 - utils_portfolio - INFO - Evaluating symbol if to open, close, or no change
2024-08-08 22:34:14,595 - utils_strategy - INFO - CRWD - downloading data from alpaca
2024-08-08 22:34:15,288 - utils_portfolio - INFO - Checking if we have correct date
2024-08-08 22:34:15,288 - utils_portfolio - INFO - CRWD - running symbols strategy to get entries and exits
2024-08-08 22:34:15,304 - utils_portfolio - INFO - Evaluating symbol if to open, close, or no change
2024-08-08 22:34:15,338 - root - INFO - Portfolio p1 symbols actions - {'PLTR': 'no_change', 'BTCUSD': 'no_change', 'AAL': 'no_change', 'VRT': 'no_change', 'GBTC': 'no_change', 'DELL': 'no_change', 'GM': 'no_change', 'IYR': 'no_change', 'DKNG': 'no_change', 'EBAY': 'close', 'CRWD': 'no_change'}
2024-08-08 22:34:15,338 - utils_portfolio - INFO - Updating state of portfolio - p1
2024-08-08 22:34:15,338 - utils_portfolio - INFO - Calculating closed trades stats
2024-08-08 22:34:15,338 - utils_portfolio - INFO - Processing symbol - PLTR
2024-08-08 22:34:15,842 - utils_portfolio - INFO - Processing symbol - BTC/USD
2024-08-08 22:34:16,026 - utils_portfolio - INFO - Processing symbol - AAL
2024-08-08 22:34:16,252 - utils_portfolio - INFO - Processing symbol - VRT
2024-08-08 22:34:16,437 - utils_portfolio - INFO - Processing symbol - GBTC
2024-08-08 22:34:16,658 - utils_portfolio - INFO - Processing symbol - DELL
2024-08-08 22:34:16,863 - utils_portfolio - INFO - Processing symbol - GM
2024-08-08 22:34:17,070 - utils_portfolio - INFO - Processing symbol - IYR
2024-08-08 22:34:17,276 - utils_portfolio - INFO - Processing symbol - DKNG
2024-08-08 22:34:17,481 - utils_portfolio - INFO - Processing symbol - EBAY
2024-08-08 22:34:17,687 - utils_portfolio - INFO - Processing symbol - CRWD
2024-08-08 22:34:17,895 - utils_portfolio - INFO - Calculating open trades stats
2024-08-08 22:34:17,896 - utils_portfolio - INFO - Processing symbol - PLTR
2024-08-08 22:34:18,371 - utils_portfolio - INFO - Processing symbol - BTC/USD
2024-08-08 22:34:18,574 - utils_portfolio - INFO - Processing symbol - AAL
2024-08-08 22:34:18,780 - utils_portfolio - INFO - Processing symbol - VRT
2024-08-08 22:34:18,898 - utils_portfolio - INFO - Processing symbol - GBTC
2024-08-08 22:34:19,055 - utils_portfolio - INFO - Processing symbol - DELL
2024-08-08 22:34:19,188 - utils_portfolio - INFO - Processing symbol - GM
2024-08-08 22:34:19,395 - utils_portfolio - INFO - Processing symbol - IYR
2024-08-08 22:34:19,815 - utils_portfolio - INFO - Processing symbol - DKNG
2024-08-08 22:34:20,009 - utils_portfolio - INFO - Processing symbol - EBAY
2024-08-08 22:34:20,213 - utils_portfolio - INFO - Processing symbol - CRWD
2024-08-08 22:34:20,452 - utils_portfolio - INFO - Portfolio p1 - calculating position sizes
2024-08-08 22:34:20,474 - root - INFO - Portfolio p1 position sizes - symbol
PLTR      445.03
BTCUSD    445.03
AAL       445.03
VRT       445.03
GBTC      445.03
DELL      445.03
GM        445.03
IYR       445.68
DKNG      445.03
EBAY      445.03
CRWD      445.03
Name: position, dtype: float64
2024-08-08 22:34:20,474 - root - INFO - XXXXXXXXXXXXXXXXXXXX --- Portfolio p1 - DONE --- XXXXXXXXXXXXXXXXXXXX
2024-08-08 22:34:20,474 - utils_portfolio - INFO - Updating info of portfolio - p2
2024-08-08 22:34:20,531 - utils_portfolio - INFO - Calculating symbols weights
2024-08-08 22:34:20,532 - utils_portfolio - INFO - Calculating closed trades count
2024-08-08 22:34:22,288 - root - INFO - Portfolio p2 symbols weights - {'AAPL': 0.1111111111111111, 'GOOGL': 0.1111111111111111, 'META': 0.1111111111111111, 'MRVL': 0.1111111111111111, 'MSTR': 0.1111111111111111, 'SCHD': 0.1111111111111111, 'BITO': 0.1111111111111111, 'AVGO': 0.1111111111111111, 'SOUN': 0.1111111111111111}
2024-08-08 22:34:22,289 - utils_strategy - INFO - AAPL - downloading data from yfinance
2024-08-08 22:34:22,882 - utils_portfolio - INFO - Checking if we have correct date
2024-08-08 22:34:22,882 - utils_portfolio - INFO - AAPL - running symbols strategy to get entries and exits
2024-08-08 22:34:22,892 - utils_portfolio - INFO - Evaluating symbol if to open, close, or no change
2024-08-08 22:34:22,927 - utils_strategy - INFO - GOOGL - downloading data from yfinance
2024-08-08 22:34:23,471 - utils_portfolio - INFO - Checking if we have correct date
2024-08-08 22:34:23,472 - utils_portfolio - INFO - GOOGL - running symbols strategy to get entries and exits
2024-08-08 22:34:23,483 - utils_portfolio - INFO - Evaluating symbol if to open, close, or no change
2024-08-08 22:34:23,533 - utils_strategy - INFO - META - downloading data from yfinance
2024-08-08 22:34:23,755 - utils_portfolio - INFO - Checking if we have correct date
2024-08-08 22:34:23,755 - utils_portfolio - INFO - META - running symbols strategy to get entries and exits
2024-08-08 22:34:23,763 - utils_portfolio - INFO - Evaluating symbol if to open, close, or no change
2024-08-08 22:34:23,811 - utils_strategy - INFO - MRVL - downloading data from yfinance
2024-08-08 22:34:24,146 - utils_portfolio - INFO - Checking if we have correct date
2024-08-08 22:34:24,147 - utils_portfolio - INFO - MRVL - running symbols strategy to get entries and exits
2024-08-08 22:34:24,160 - utils_portfolio - INFO - Evaluating symbol if to open, close, or no change
2024-08-08 22:34:24,219 - utils_strategy - INFO - MSTR - downloading data from yfinance
2024-08-08 22:34:24,448 - utils_portfolio - INFO - Checking if we have correct date
2024-08-08 22:34:24,448 - utils_portfolio - INFO - MSTR - running symbols strategy to get entries and exits
2024-08-08 22:34:24,459 - utils_portfolio - INFO - Evaluating symbol if to open, close, or no change
2024-08-08 22:34:24,502 - utils_strategy - INFO - SCHD - downloading data from yfinance
2024-08-08 22:34:24,651 - utils_portfolio - INFO - Checking if we have correct date
2024-08-08 22:34:24,652 - utils_portfolio - INFO - SCHD - running symbols strategy to get entries and exits
2024-08-08 22:34:24,664 - utils_portfolio - INFO - Evaluating symbol if to open, close, or no change
2024-08-08 22:34:24,704 - utils_strategy - INFO - BITO - downloading data from yfinance
2024-08-08 22:34:24,796 - utils_portfolio - INFO - Checking if we have correct date
2024-08-08 22:34:24,797 - utils_portfolio - INFO - BITO - running symbols strategy to get entries and exits
2024-08-08 22:34:24,805 - utils_portfolio - INFO - Evaluating symbol if to open, close, or no change
2024-08-08 22:34:24,835 - utils_strategy - INFO - AVGO - downloading data from yfinance
2024-08-08 22:34:25,026 - utils_portfolio - INFO - Checking if we have correct date
2024-08-08 22:34:25,026 - utils_portfolio - INFO - AVGO - running symbols strategy to get entries and exits
2024-08-08 22:34:25,035 - utils_portfolio - INFO - Evaluating symbol if to open, close, or no change
2024-08-08 22:34:25,065 - utils_strategy - INFO - SOUN - downloading data from yfinance
2024-08-08 22:34:25,170 - utils_portfolio - INFO - Checking if we have correct date
2024-08-08 22:34:25,170 - utils_portfolio - INFO - SOUN - running symbols strategy to get entries and exits
2024-08-08 22:34:25,184 - utils_portfolio - INFO - Evaluating symbol if to open, close, or no change
2024-08-08 22:34:25,210 - root - INFO - Portfolio p2 symbols actions - {'AAPL': 'no_change', 'GOOGL': 'no_change', 'META': 'close', 'MRVL': 'no_change', 'MSTR': 'no_change', 'SCHD': 'no_change', 'BITO': 'no_change', 'AVGO': 'no_change', 'SOUN': 'no_change'}
2024-08-08 22:34:25,210 - utils_portfolio - INFO - Updating state of portfolio - p2
2024-08-08 22:34:25,210 - utils_portfolio - INFO - Calculating closed trades stats
2024-08-08 22:34:25,210 - utils_portfolio - INFO - Processing symbol - AAPL
2024-08-08 22:34:25,774 - utils_portfolio - INFO - Processing symbol - GOOGL
2024-08-08 22:34:25,955 - utils_portfolio - INFO - Processing symbol - META
2024-08-08 22:34:26,172 - utils_portfolio - INFO - Processing symbol - MRVL
2024-08-08 22:34:26,368 - utils_portfolio - INFO - Processing symbol - MSTR
2024-08-08 22:34:26,492 - utils_portfolio - INFO - Processing symbol - SCHD
2024-08-08 22:34:26,701 - utils_portfolio - INFO - Processing symbol - BITO
2024-08-08 22:34:26,849 - utils_portfolio - INFO - Processing symbol - AVGO
2024-08-08 22:34:26,974 - utils_portfolio - INFO - Processing symbol - SOUN
2024-08-08 22:34:27,111 - utils_portfolio - INFO - Calculating open trades stats
2024-08-08 22:34:27,113 - utils_portfolio - INFO - Processing symbol - AAPL
2024-08-08 22:34:27,690 - utils_portfolio - INFO - Processing symbol - GOOGL
2024-08-08 22:34:27,892 - utils_portfolio - INFO - Processing symbol - META
2024-08-08 22:34:28,099 - utils_portfolio - INFO - Processing symbol - MRVL
2024-08-08 22:34:28,303 - utils_portfolio - INFO - Processing symbol - MSTR
2024-08-08 22:34:28,416 - utils_portfolio - INFO - Processing symbol - SCHD
2024-08-08 22:34:28,529 - utils_portfolio - INFO - Processing symbol - BITO
2024-08-08 22:34:28,711 - utils_portfolio - INFO - Processing symbol - AVGO
2024-08-08 22:34:29,138 - utils_portfolio - INFO - Processing symbol - SOUN
2024-08-08 22:34:29,393 - utils_portfolio - INFO - Portfolio p2 - calculating position sizes
2024-08-08 22:34:29,423 - root - INFO - Portfolio p2 position sizes - symbol
AAPL     550.37
GOOGL    550.37
META     550.37
MRVL     550.37
MSTR     550.37
SCHD     550.37
BITO     550.37
AVGO     550.37
SOUN     550.37
Name: position, dtype: float64
2024-08-08 22:34:29,423 - root - INFO - XXXXXXXXXXXXXXXXXXXX --- Portfolio p2 - DONE --- XXXXXXXXXXXXXXXXXXXX
2024-08-08 22:34:29,423 - utils_portfolio - INFO - Updating info of portfolio - p3
2024-08-08 22:34:29,480 - utils_portfolio - INFO - Calculating symbols weights
2024-08-08 22:34:29,481 - root - INFO - Portfolio p3 symbols weights - {'TSLA': 0.1, 'NVDA': 0.1, 'AMD': 0.1, 'QQQ': 0.1, 'AMZN': 0.1, 'TQQQ': 0.1, 'VOO': 0.1, 'BABA': 0.1, 'BA': 0.1, 'XLI': 0.1}
2024-08-08 22:34:29,481 - utils_strategy - INFO - TSLA - downloading data from yfinance
2024-08-08 22:34:29,725 - utils_portfolio - INFO - Checking if we have correct date
2024-08-08 22:34:29,725 - utils_portfolio - INFO - TSLA - running symbols strategy to get entries and exits
2024-08-08 22:34:29,732 - utils_portfolio - INFO - Evaluating symbol if to open, close, or no change
2024-08-08 22:34:29,761 - utils_strategy - INFO - NVDA - downloading data from yfinance
2024-08-08 22:34:30,076 - utils_portfolio - INFO - Checking if we have correct date
2024-08-08 22:34:30,076 - utils_portfolio - INFO - NVDA - running symbols strategy to get entries and exits
2024-08-08 22:34:30,084 - utils_portfolio - INFO - Evaluating symbol if to open, close, or no change
2024-08-08 22:34:30,122 - utils_strategy - INFO - AMD - downloading data from yfinance
2024-08-08 22:34:30,401 - utils_portfolio - INFO - Checking if we have correct date
2024-08-08 22:34:30,401 - utils_portfolio - INFO - AMD - running symbols strategy to get entries and exits
2024-08-08 22:34:30,410 - utils_portfolio - INFO - Evaluating symbol if to open, close, or no change
2024-08-08 22:34:30,446 - utils_strategy - INFO - QQQ - downloading data from yfinance
2024-08-08 22:34:30,812 - utils_portfolio - INFO - Checking if we have correct date
2024-08-08 22:34:30,812 - utils_portfolio - INFO - QQQ - running symbols strategy to get entries and exits
2024-08-08 22:34:30,822 - utils_portfolio - INFO - Evaluating symbol if to open, close, or no change
2024-08-08 22:34:30,868 - utils_strategy - INFO - AMZN - downloading data from yfinance
2024-08-08 22:34:31,283 - utils_portfolio - INFO - Checking if we have correct date
2024-08-08 22:34:31,283 - utils_portfolio - INFO - AMZN - running symbols strategy to get entries and exits
2024-08-08 22:34:31,296 - utils_portfolio - INFO - Evaluating symbol if to open, close, or no change
2024-08-08 22:34:31,333 - utils_strategy - INFO - TQQQ - downloading data from yfinance
2024-08-08 22:34:31,602 - utils_portfolio - INFO - Checking if we have correct date
2024-08-08 22:34:31,602 - utils_portfolio - INFO - TQQQ - running symbols strategy to get entries and exits
2024-08-08 22:34:31,610 - utils_portfolio - INFO - Evaluating symbol if to open, close, or no change
2024-08-08 22:34:31,645 - utils_strategy - INFO - VOO - downloading data from yfinance
2024-08-08 22:34:31,875 - utils_portfolio - INFO - Checking if we have correct date
2024-08-08 22:34:31,875 - utils_portfolio - INFO - VOO - running symbols strategy to get entries and exits
2024-08-08 22:34:31,883 - utils_portfolio - INFO - Evaluating symbol if to open, close, or no change
2024-08-08 22:34:31,914 - utils_strategy - INFO - BABA - downloading data from yfinance
2024-08-08 22:34:32,105 - utils_portfolio - INFO - Checking if we have correct date
2024-08-08 22:34:32,105 - utils_portfolio - INFO - BABA - running symbols strategy to get entries and exits
2024-08-08 22:34:32,113 - utils_portfolio - INFO - Evaluating symbol if to open, close, or no change
2024-08-08 22:34:32,142 - utils_strategy - INFO - BA - downloading data from yfinance
2024-08-08 22:34:32,488 - utils_portfolio - INFO - Checking if we have correct date
2024-08-08 22:34:32,488 - utils_portfolio - INFO - BA - running symbols strategy to get entries and exits
2024-08-08 22:34:32,497 - utils_portfolio - INFO - Evaluating symbol if to open, close, or no change
2024-08-08 22:34:32,532 - utils_strategy - INFO - XLI - downloading data from yfinance
2024-08-08 22:34:32,859 - utils_portfolio - INFO - Checking if we have correct date
2024-08-08 22:34:32,860 - utils_portfolio - INFO - XLI - running symbols strategy to get entries and exits
2024-08-08 22:34:32,867 - utils_portfolio - INFO - Evaluating symbol if to open, close, or no change
2024-08-08 22:34:32,910 - root - INFO - Portfolio p3 symbols actions - {'TSLA': 'no_change', 'NVDA': 'no_change', 'AMD': 'no_change', 'QQQ': 'no_change', 'AMZN': 'open', 'TQQQ': 'no_change', 'VOO': 'no_change', 'BABA': 'no_change', 'BA': 'no_change', 'XLI': 'no_change'}
2024-08-08 22:34:32,911 - utils_portfolio - INFO - Updating state of portfolio - p3
2024-08-08 22:34:32,911 - utils_portfolio - INFO - Calculating closed trades stats
2024-08-08 22:34:32,911 - utils_portfolio - INFO - Processing symbol - TSLA
2024-08-08 22:34:33,467 - utils_portfolio - INFO - Processing symbol - NVDA
2024-08-08 22:34:33,663 - utils_portfolio - INFO - Processing symbol - AMD
2024-08-08 22:34:33,861 - utils_portfolio - INFO - Processing symbol - QQQ
2024-08-08 22:34:34,070 - utils_portfolio - INFO - Processing symbol - AMZN
2024-08-08 22:34:34,273 - utils_portfolio - INFO - Processing symbol - TQQQ
2024-08-08 22:34:34,477 - utils_portfolio - INFO - Processing symbol - VOO
2024-08-08 22:34:34,626 - utils_portfolio - INFO - Processing symbol - BABA
2024-08-08 22:34:34,786 - utils_portfolio - INFO - Processing symbol - BA
2024-08-08 22:34:34,995 - utils_portfolio - INFO - Processing symbol - XLI
2024-08-08 22:34:35,190 - utils_portfolio - INFO - Calculating open trades stats
2024-08-08 22:34:35,191 - utils_portfolio - INFO - Processing symbol - TSLA
2024-08-08 22:34:35,677 - utils_portfolio - INFO - Processing symbol - NVDA
2024-08-08 22:34:35,882 - utils_portfolio - INFO - Processing symbol - AMD
2024-08-08 22:34:36,086 - utils_portfolio - INFO - Processing symbol - QQQ
2024-08-08 22:34:36,291 - utils_portfolio - INFO - Processing symbol - AMZN
2024-08-08 22:34:36,707 - utils_portfolio - INFO - Processing symbol - TQQQ
2024-08-08 22:34:36,905 - utils_portfolio - INFO - Processing symbol - VOO
2024-08-08 22:34:37,089 - utils_portfolio - INFO - Processing symbol - BABA
2024-08-08 22:34:37,430 - utils_portfolio - INFO - Processing symbol - BA
2024-08-08 22:34:37,622 - utils_portfolio - INFO - Processing symbol - XLI
2024-08-08 22:34:37,898 - utils_portfolio - INFO - Portfolio p3 - calculating position sizes
2024-08-08 22:34:37,925 - root - INFO - Portfolio p3 position sizes - symbol
TSLA    501.4
NVDA    501.4
AMD     501.4
QQQ     501.4
AMZN    501.4
TQQQ    501.4
VOO     501.4
BABA    501.4
BA      501.4
XLI     501.4
Name: position, dtype: float64
2024-08-08 22:34:37,925 - root - INFO - XXXXXXXXXXXXXXXXXXXX --- Portfolio p3 - DONE --- XXXXXXXXXXXXXXXXXXXX
2024-08-08 22:34:37,926 - utils_portfolio - INFO - Updating info of portfolio - p4
2024-08-08 22:34:38,053 - utils_portfolio - INFO - Calculating symbols weights
2024-08-08 22:34:38,054 - root - INFO - Portfolio p4 symbols weights - {'RIOT': 0.05, 'NEE': 0.05, 'SLV': 0.05, 'SHOP': 0.05, 'FAST': 0.05, 'SPXL': 0.05, 'VALE': 0.05, 'SNAP': 0.05, 'WDC': 0.05, 'MO': 0.05, 'PM': 0.05, 'SQ': 0.05, 'PDD': 0.05, 'ABBV': 0.05, 'ON': 0.05, 'UPRO': 0.05, 'TSLL': 0.05, 'PBR': 0.05, 'MP': 0.05, 'U': 0.05}
2024-08-08 22:34:38,054 - utils_strategy - INFO - RIOT - downloading data from yfinance
2024-08-08 22:34:38,198 - utils_portfolio - INFO - Checking if we have correct date
2024-08-08 22:34:38,198 - utils_portfolio - INFO - RIOT - running symbols strategy to get entries and exits
2024-08-08 22:34:38,207 - utils_portfolio - INFO - Evaluating symbol if to open, close, or no change
2024-08-08 22:34:38,236 - utils_strategy - INFO - NEE - downloading data from yfinance
2024-08-08 22:34:38,581 - utils_portfolio - INFO - Checking if we have correct date
2024-08-08 22:34:38,581 - utils_portfolio - INFO - NEE - running symbols strategy to get entries and exits
2024-08-08 22:34:38,589 - utils_portfolio - INFO - Evaluating symbol if to open, close, or no change
2024-08-08 22:34:38,626 - utils_strategy - INFO - SLV - downloading data from yfinance
2024-08-08 22:34:38,804 - utils_portfolio - INFO - Checking if we have correct date
2024-08-08 22:34:38,804 - utils_portfolio - INFO - SLV - running symbols strategy to get entries and exits
2024-08-08 22:34:38,812 - utils_portfolio - INFO - Evaluating symbol if to open, close, or no change
2024-08-08 22:34:38,845 - utils_strategy - INFO - SHOP - downloading data from yfinance
2024-08-08 22:34:39,020 - utils_portfolio - INFO - Checking if we have correct date
2024-08-08 22:34:39,020 - utils_portfolio - INFO - SHOP - running symbols strategy to get entries and exits
2024-08-08 22:34:39,028 - utils_portfolio - INFO - Evaluating symbol if to open, close, or no change
2024-08-08 22:34:39,055 - utils_strategy - INFO - FAST - downloading data from yfinance
2024-08-08 22:34:39,362 - utils_portfolio - INFO - Checking if we have correct date
2024-08-08 22:34:39,362 - utils_portfolio - INFO - FAST - running symbols strategy to get entries and exits
2024-08-08 22:34:39,369 - utils_portfolio - INFO - Evaluating symbol if to open, close, or no change
2024-08-08 22:34:39,405 - utils_strategy - INFO - SPXL - downloading data from yfinance
2024-08-08 22:34:39,606 - utils_portfolio - INFO - Checking if we have correct date
2024-08-08 22:34:39,606 - utils_portfolio - INFO - SPXL - running symbols strategy to get entries and exits
2024-08-08 22:34:39,613 - utils_portfolio - INFO - Evaluating symbol if to open, close, or no change
2024-08-08 22:34:39,661 - utils_strategy - INFO - VALE - downloading data from yfinance
2024-08-08 22:34:39,930 - utils_portfolio - INFO - Checking if we have correct date
2024-08-08 22:34:39,931 - utils_portfolio - INFO - VALE - running symbols strategy to get entries and exits
2024-08-08 22:34:39,943 - utils_portfolio - INFO - Evaluating symbol if to open, close, or no change
2024-08-08 22:34:39,997 - utils_strategy - INFO - SNAP - downloading data from yfinance
2024-08-08 22:34:40,121 - utils_portfolio - INFO - Checking if we have correct date
2024-08-08 22:34:40,121 - utils_portfolio - INFO - SNAP - running symbols strategy to get entries and exits
2024-08-08 22:34:40,131 - utils_portfolio - INFO - Evaluating symbol if to open, close, or no change
2024-08-08 22:34:40,316 - utils_strategy - INFO - WDC - downloading data from yfinance
2024-08-08 22:34:40,583 - utils_portfolio - INFO - Checking if we have correct date
2024-08-08 22:34:40,583 - utils_portfolio - INFO - WDC - running symbols strategy to get entries and exits
2024-08-08 22:34:40,591 - utils_portfolio - INFO - Evaluating symbol if to open, close, or no change
2024-08-08 22:34:40,625 - utils_strategy - INFO - MO - downloading data from yfinance
2024-08-08 22:34:40,995 - utils_portfolio - INFO - Checking if we have correct date
2024-08-08 22:34:40,995 - utils_portfolio - INFO - MO - running symbols strategy to get entries and exits
2024-08-08 22:34:41,003 - utils_portfolio - INFO - Evaluating symbol if to open, close, or no change
2024-08-08 22:34:41,038 - utils_strategy - INFO - PM - downloading data from yfinance
2024-08-08 22:34:41,238 - utils_portfolio - INFO - Checking if we have correct date
2024-08-08 22:34:41,238 - utils_portfolio - INFO - PM - running symbols strategy to get entries and exits
2024-08-08 22:34:41,247 - utils_portfolio - INFO - Evaluating symbol if to open, close, or no change
2024-08-08 22:34:41,279 - utils_strategy - INFO - SQ - downloading data from yfinance
2024-08-08 22:34:41,413 - utils_portfolio - INFO - Checking if we have correct date
2024-08-08 22:34:41,413 - utils_portfolio - INFO - SQ - running symbols strategy to get entries and exits
2024-08-08 22:34:41,423 - utils_portfolio - INFO - Evaluating symbol if to open, close, or no change
2024-08-08 22:34:41,454 - utils_strategy - INFO - PDD - downloading data from yfinance
2024-08-08 22:34:41,606 - utils_portfolio - INFO - Checking if we have correct date
2024-08-08 22:34:41,606 - utils_portfolio - INFO - PDD - running symbols strategy to get entries and exits
2024-08-08 22:34:41,619 - utils_portfolio - INFO - Evaluating symbol if to open, close, or no change
2024-08-08 22:34:41,644 - utils_strategy - INFO - ABBV - downloading data from yfinance
2024-08-08 22:34:41,838 - utils_portfolio - INFO - Checking if we have correct date
2024-08-08 22:34:41,839 - utils_portfolio - INFO - ABBV - running symbols strategy to get entries and exits
2024-08-08 22:34:41,847 - utils_portfolio - INFO - Evaluating symbol if to open, close, or no change
2024-08-08 22:34:41,876 - utils_strategy - INFO - ON - downloading data from yfinance
2024-08-08 22:34:42,128 - utils_portfolio - INFO - Checking if we have correct date
2024-08-08 22:34:42,128 - utils_portfolio - INFO - ON - running symbols strategy to get entries and exits
2024-08-08 22:34:42,136 - utils_portfolio - INFO - Evaluating symbol if to open, close, or no change
2024-08-08 22:34:42,177 - utils_strategy - INFO - UPRO - downloading data from yfinance
2024-08-08 22:34:42,376 - utils_portfolio - INFO - Checking if we have correct date
2024-08-08 22:34:42,376 - utils_portfolio - INFO - UPRO - running symbols strategy to get entries and exits
2024-08-08 22:34:42,383 - utils_portfolio - INFO - Evaluating symbol if to open, close, or no change
2024-08-08 22:34:42,415 - utils_strategy - INFO - TSLL - downloading data from yfinance
2024-08-08 22:34:42,524 - utils_portfolio - INFO - Checking if we have correct date
2024-08-08 22:34:42,524 - utils_portfolio - INFO - TSLL - running symbols strategy to get entries and exits
2024-08-08 22:34:42,534 - utils_portfolio - INFO - Evaluating symbol if to open, close, or no change
2024-08-08 22:34:42,564 - utils_strategy - INFO - PBR - downloading data from yfinance
2024-08-08 22:34:42,821 - utils_portfolio - INFO - Checking if we have correct date
2024-08-08 22:34:42,821 - utils_portfolio - INFO - PBR - running symbols strategy to get entries and exits
2024-08-08 22:34:42,829 - utils_portfolio - INFO - Evaluating symbol if to open, close, or no change
2024-08-08 22:34:42,865 - utils_strategy - INFO - MP - downloading data from yfinance
2024-08-08 22:34:42,991 - utils_portfolio - INFO - Checking if we have correct date
2024-08-08 22:34:42,992 - utils_portfolio - INFO - MP - running symbols strategy to get entries and exits
2024-08-08 22:34:43,002 - utils_portfolio - INFO - Evaluating symbol if to open, close, or no change
2024-08-08 22:34:43,028 - utils_strategy - INFO - U - downloading data from yfinance
2024-08-08 22:34:43,170 - utils_portfolio - INFO - Checking if we have correct date
2024-08-08 22:34:43,171 - utils_portfolio - INFO - U - running symbols strategy to get entries and exits
2024-08-08 22:34:43,188 - utils_portfolio - INFO - Evaluating symbol if to open, close, or no change
2024-08-08 22:34:43,215 - root - INFO - Portfolio p4 symbols actions - {'RIOT': 'no_change', 'NEE': 'no_change', 'SLV': 'no_change', 'SHOP': 'no_change', 'FAST': 'no_change', 'SPXL': 'no_change', 'VALE': 'no_change', 'SNAP': 'no_change', 'WDC': 'no_change', 'MO': 'no_change', 'PM': 'no_change', 'SQ': 'no_change', 'PDD': 'open', 'ABBV': 'no_change', 'ON': 'no_change', 'UPRO': 'no_change', 'TSLL': 'no_change', 'PBR': 'no_change', 'MP': 'no_change', 'U': 'no_change'}
2024-08-08 22:34:43,215 - utils_portfolio - INFO - Updating state of portfolio - p4
2024-08-08 22:34:43,215 - utils_portfolio - INFO - Calculating closed trades stats
2024-08-08 22:34:43,215 - utils_portfolio - INFO - Processing symbol - RIOT
2024-08-08 22:34:43,776 - utils_portfolio - INFO - Processing symbol - NEE
2024-08-08 22:34:44,006 - utils_portfolio - INFO - Processing symbol - SLV
2024-08-08 22:34:44,202 - utils_portfolio - INFO - Processing symbol - SHOP
2024-08-08 22:34:44,413 - utils_portfolio - INFO - Processing symbol - FAST
2024-08-08 22:34:44,617 - utils_portfolio - INFO - Processing symbol - SPXL
2024-08-08 22:34:44,822 - utils_portfolio - INFO - Processing symbol - VALE
2024-08-08 22:34:45,025 - utils_portfolio - INFO - Processing symbol - SNAP
2024-08-08 22:34:45,214 - utils_portfolio - INFO - Processing symbol - WDC
2024-08-08 22:34:45,420 - utils_portfolio - INFO - Processing symbol - MO
2024-08-08 22:34:45,639 - utils_portfolio - INFO - Processing symbol - PM
2024-08-08 22:34:45,846 - utils_portfolio - INFO - Processing symbol - SQ
2024-08-08 22:34:46,049 - utils_portfolio - INFO - Processing symbol - PDD
2024-08-08 22:34:46,233 - utils_portfolio - INFO - Processing symbol - ABBV
2024-08-08 22:34:46,461 - utils_portfolio - INFO - Processing symbol - ON
2024-08-08 22:34:46,666 - utils_portfolio - INFO - Processing symbol - UPRO
2024-08-08 22:34:46,870 - utils_portfolio - INFO - Processing symbol - TSLL
2024-08-08 22:34:47,074 - utils_portfolio - INFO - Processing symbol - PBR
2024-08-08 22:34:47,213 - utils_portfolio - INFO - Processing symbol - MP
2024-08-08 22:34:47,379 - utils_portfolio - INFO - Processing symbol - U
2024-08-08 22:34:47,592 - utils_portfolio - INFO - Calculating open trades stats
2024-08-08 22:34:47,593 - utils_portfolio - INFO - Processing symbol - RIOT
2024-08-08 22:34:48,066 - utils_portfolio - INFO - Processing symbol - NEE
2024-08-08 22:34:48,354 - utils_portfolio - INFO - Processing symbol - SLV
2024-08-08 22:34:48,579 - utils_portfolio - INFO - Processing symbol - SHOP
2024-08-08 22:34:48,783 - utils_portfolio - INFO - Processing symbol - FAST
2024-08-08 22:34:48,988 - utils_portfolio - INFO - Processing symbol - SPXL
2024-08-08 22:34:49,102 - utils_portfolio - INFO - Processing symbol - VALE
2024-08-08 22:34:49,295 - utils_portfolio - INFO - Processing symbol - SNAP
2024-08-08 22:34:49,499 - utils_portfolio - INFO - Processing symbol - WDC
2024-08-08 22:34:49,705 - utils_portfolio - INFO - Processing symbol - MO
2024-08-08 22:34:50,127 - utils_portfolio - INFO - Processing symbol - PM
2024-08-08 22:34:50,535 - utils_portfolio - INFO - Processing symbol - SQ
2024-08-08 22:34:50,728 - utils_portfolio - INFO - Processing symbol - PDD
2024-08-08 22:34:51,150 - utils_portfolio - INFO - Processing symbol - ABBV
2024-08-08 22:34:51,344 - utils_portfolio - INFO - Processing symbol - ON
2024-08-08 22:34:51,548 - utils_portfolio - INFO - Processing symbol - UPRO
2024-08-08 22:34:51,752 - utils_portfolio - INFO - Processing symbol - TSLL
2024-08-08 22:34:51,958 - utils_portfolio - INFO - Processing symbol - PBR
2024-08-08 22:34:52,073 - utils_portfolio - INFO - Processing symbol - MP
2024-08-08 22:34:52,264 - utils_portfolio - INFO - Processing symbol - U
2024-08-08 22:34:52,542 - utils_portfolio - INFO - Portfolio p4 - calculating position sizes
2024-08-08 22:34:52,569 - root - INFO - Portfolio p4 position sizes - symbol
RIOT    254.03
NEE     254.03
SLV     254.03
SHOP    254.03
FAST    254.03
SPXL    254.03
VALE    254.03
SNAP    254.03
WDC     254.03
MO      254.03
PM      254.03
SQ      254.03
PDD     254.03
ABBV    254.03
ON      254.03
UPRO    254.03
TSLL    254.03
PBR     254.03
MP      254.03
U       254.03
Name: position, dtype: float64
2024-08-08 22:34:52,569 - root - INFO - XXXXXXXXXXXXXXXXXXXX --- Portfolio p4 - DONE --- XXXXXXXXXXXXXXXXXXXX
2024-08-08 22:34:52,570 - utils_portfolio - INFO - Updating state of symbols
2024-08-08 22:34:52,570 - utils_portfolio - INFO - Calculating closed trades stats
2024-08-08 22:34:52,571 - utils_portfolio - INFO - Processing symbol - SOUN
2024-08-08 22:34:53,119 - utils_portfolio - INFO - Processing symbol - PLTR
2024-08-08 22:34:53,319 - utils_portfolio - INFO - Processing symbol - AMZN
2024-08-08 22:34:53,525 - utils_portfolio - INFO - Processing symbol - MO
2024-08-08 22:34:53,729 - utils_portfolio - INFO - Processing symbol - VOO
2024-08-08 22:34:53,935 - utils_portfolio - INFO - Processing symbol - U
2024-08-08 22:34:54,139 - utils_portfolio - INFO - Processing symbol - MP
2024-08-08 22:34:54,343 - utils_portfolio - INFO - Processing symbol - AAL
2024-08-08 22:34:54,533 - utils_portfolio - INFO - Processing symbol - DKNG
2024-08-08 22:34:54,761 - utils_portfolio - INFO - Processing symbol - QQQ
2024-08-08 22:34:54,934 - utils_portfolio - INFO - Processing symbol - UPRO
2024-08-08 22:34:55,139 - utils_portfolio - INFO - Processing symbol - TQQQ
2024-08-08 22:34:55,369 - utils_portfolio - INFO - Processing symbol - EBAY
2024-08-08 22:34:55,572 - utils_portfolio - INFO - Processing symbol - PDD
2024-08-08 22:34:55,779 - utils_portfolio - INFO - Processing symbol - FAST
2024-08-08 22:34:55,984 - utils_portfolio - INFO - Processing symbol - GBTC
2024-08-08 22:34:56,191 - utils_portfolio - INFO - Processing symbol - ABBV
2024-08-08 22:34:56,372 - utils_portfolio - INFO - Processing symbol - MRVL
2024-08-08 22:34:56,579 - utils_portfolio - INFO - Processing symbol - XLI
2024-08-08 22:34:56,803 - utils_portfolio - INFO - Processing symbol - AMD
2024-08-08 22:34:57,006 - utils_portfolio - INFO - Processing symbol - AAPL
2024-08-08 22:34:57,153 - utils_portfolio - INFO - Processing symbol - SLV
2024-08-08 22:34:57,312 - utils_portfolio - INFO - Processing symbol - PBR
2024-08-08 22:34:57,518 - utils_portfolio - INFO - Processing symbol - NEE
2024-08-08 22:34:57,664 - utils_portfolio - INFO - Processing symbol - CRWD
2024-08-08 22:34:57,810 - utils_portfolio - INFO - Processing symbol - SNAP
2024-08-08 22:34:58,000 - utils_portfolio - INFO - Processing symbol - RIOT
2024-08-08 22:34:58,235 - utils_portfolio - INFO - Processing symbol - DELL
2024-08-08 22:34:58,438 - utils_portfolio - INFO - Processing symbol - BA
2024-08-08 22:34:58,590 - utils_portfolio - INFO - Processing symbol - BABA
2024-08-08 22:34:58,747 - utils_portfolio - INFO - Processing symbol - VALE
2024-08-08 22:34:58,951 - utils_portfolio - INFO - Processing symbol - AVGO
2024-08-08 22:34:59,157 - utils_portfolio - INFO - Processing symbol - IYR
2024-08-08 22:34:59,360 - utils_portfolio - INFO - Processing symbol - SPXL
2024-08-08 22:34:59,567 - utils_portfolio - INFO - Processing symbol - BTC/USD
2024-08-08 22:34:59,771 - utils_portfolio - INFO - Processing symbol - TSLA
2024-08-08 22:34:59,977 - utils_portfolio - INFO - Processing symbol - GM
2024-08-08 22:35:00,117 - utils_portfolio - INFO - Processing symbol - SCHD
2024-08-08 22:35:00,249 - utils_portfolio - INFO - Processing symbol - BITO
2024-08-08 22:35:00,403 - utils_portfolio - INFO - Processing symbol - PM
2024-08-08 22:35:00,590 - utils_portfolio - INFO - Processing symbol - ON
2024-08-08 22:35:00,800 - utils_portfolio - INFO - Processing symbol - NVDA
2024-08-08 22:35:00,989 - utils_portfolio - INFO - Processing symbol - SHOP
2024-08-08 22:35:01,210 - utils_portfolio - INFO - Processing symbol - VRT
2024-08-08 22:35:01,357 - utils_portfolio - INFO - Processing symbol - GOOGL
2024-08-08 22:35:01,503 - utils_portfolio - INFO - Processing symbol - META
2024-08-08 22:35:01,654 - utils_portfolio - INFO - Processing symbol - MSTR
2024-08-08 22:35:01,821 - utils_portfolio - INFO - Processing symbol - WDC
2024-08-08 22:35:02,026 - utils_portfolio - INFO - Processing symbol - TSLL
2024-08-08 22:35:02,212 - utils_portfolio - INFO - Processing symbol - SQ
2024-08-08 22:35:02,441 - utils_portfolio - INFO - Calculating open trades stats
2024-08-08 22:35:02,443 - utils_portfolio - INFO - Processing symbol - SOUN
2024-08-08 22:35:02,915 - utils_portfolio - INFO - Processing symbol - PLTR
2024-08-08 22:35:03,120 - utils_portfolio - INFO - Processing symbol - AMZN
2024-08-08 22:35:03,536 - utils_portfolio - INFO - Processing symbol - MO
2024-08-08 22:35:03,951 - utils_portfolio - INFO - Processing symbol - VOO
2024-08-08 22:35:04,116 - utils_portfolio - INFO - Processing symbol - U
2024-08-08 22:35:04,245 - utils_portfolio - INFO - Processing symbol - MP
2024-08-08 22:35:04,451 - utils_portfolio - INFO - Processing symbol - AAL
2024-08-08 22:35:04,656 - utils_portfolio - INFO - Processing symbol - DKNG
2024-08-08 22:35:04,861 - utils_portfolio - INFO - Processing symbol - QQQ
2024-08-08 22:35:05,065 - utils_portfolio - INFO - Processing symbol - UPRO
2024-08-08 22:35:05,270 - utils_portfolio - INFO - Processing symbol - TQQQ
2024-08-08 22:35:05,475 - utils_portfolio - INFO - Processing symbol - EBAY
2024-08-08 22:35:05,591 - utils_portfolio - INFO - Processing symbol - PDD
2024-08-08 22:35:06,003 - utils_portfolio - INFO - Processing symbol - FAST
2024-08-08 22:35:06,192 - utils_portfolio - INFO - Processing symbol - GBTC
2024-08-08 22:35:06,307 - utils_portfolio - INFO - Processing symbol - ABBV
2024-08-08 22:35:06,497 - utils_portfolio - INFO - Processing symbol - MRVL
2024-08-08 22:35:06,703 - utils_portfolio - INFO - Processing symbol - XLI
2024-08-08 22:35:06,909 - utils_portfolio - INFO - Processing symbol - AMD
2024-08-08 22:35:07,026 - utils_portfolio - INFO - Processing symbol - AAPL
2024-08-08 22:35:07,139 - utils_portfolio - INFO - Processing symbol - SLV
2024-08-08 22:35:07,253 - utils_portfolio - INFO - Processing symbol - PBR
2024-08-08 22:35:07,367 - utils_portfolio - INFO - Processing symbol - NEE
2024-08-08 22:35:07,738 - utils_portfolio - INFO - Processing symbol - CRWD
2024-08-08 22:35:07,932 - utils_portfolio - INFO - Processing symbol - SNAP
2024-08-08 22:35:08,137 - utils_portfolio - INFO - Processing symbol - RIOT
2024-08-08 22:35:08,342 - utils_portfolio - INFO - Processing symbol - DELL
2024-08-08 22:35:08,548 - utils_portfolio - INFO - Processing symbol - BA
2024-08-08 22:35:08,753 - utils_portfolio - INFO - Processing symbol - BABA
2024-08-08 22:35:09,174 - utils_portfolio - INFO - Processing symbol - VALE
2024-08-08 22:35:09,365 - utils_portfolio - INFO - Processing symbol - AVGO
2024-08-08 22:35:09,781 - utils_portfolio - INFO - Processing symbol - IYR
2024-08-08 22:35:10,196 - utils_portfolio - INFO - Processing symbol - SPXL
2024-08-08 22:35:10,389 - utils_portfolio - INFO - Processing symbol - BTC/USD
2024-08-08 22:35:10,595 - utils_portfolio - INFO - Processing symbol - TSLA
2024-08-08 22:35:10,799 - utils_portfolio - INFO - Processing symbol - GM
2024-08-08 22:35:11,005 - utils_portfolio - INFO - Processing symbol - SCHD
2024-08-08 22:35:11,210 - utils_portfolio - INFO - Processing symbol - BITO
2024-08-08 22:35:11,414 - utils_portfolio - INFO - Processing symbol - PM
2024-08-08 22:35:11,830 - utils_portfolio - INFO - Processing symbol - ON
2024-08-08 22:35:12,019 - utils_portfolio - INFO - Processing symbol - NVDA
2024-08-08 22:35:12,232 - utils_portfolio - INFO - Processing symbol - SHOP
2024-08-08 22:35:12,437 - utils_portfolio - INFO - Processing symbol - VRT
2024-08-08 22:35:12,642 - utils_portfolio - INFO - Processing symbol - GOOGL
2024-08-08 22:35:12,848 - utils_portfolio - INFO - Processing symbol - META
2024-08-08 22:35:13,018 - utils_portfolio - INFO - Processing symbol - MSTR
2024-08-08 22:35:13,155 - utils_portfolio - INFO - Processing symbol - WDC
2024-08-08 22:35:13,359 - utils_portfolio - INFO - Processing symbol - TSLL
2024-08-08 22:35:13,564 - utils_portfolio - INFO - Processing symbol - SQ
2024-08-08 22:35:13,795 - utils_portfolio - INFO - Updating symbol stats - SOUN
2024-08-08 22:35:13,842 - utils_portfolio - INFO - Updating symbol stats - PLTR
2024-08-08 22:35:13,878 - utils_portfolio - INFO - Updating symbol stats - AMZN
2024-08-08 22:35:13,902 - utils_portfolio - INFO - Updating symbol stats - MO
2024-08-08 22:35:13,928 - utils_portfolio - INFO - Updating symbol stats - VOO
2024-08-08 22:35:13,955 - utils_portfolio - INFO - Updating symbol stats - U
2024-08-08 22:35:13,979 - utils_portfolio - INFO - Updating symbol stats - MP
2024-08-08 22:35:14,004 - utils_portfolio - INFO - Updating symbol stats - AAL
2024-08-08 22:35:14,030 - utils_portfolio - INFO - Updating symbol stats - DKNG
2024-08-08 22:35:14,064 - utils_portfolio - INFO - Updating symbol stats - QQQ
2024-08-08 22:35:14,090 - utils_portfolio - INFO - Updating symbol stats - UPRO
2024-08-08 22:35:14,124 - utils_portfolio - INFO - Updating symbol stats - TQQQ
2024-08-08 22:35:14,147 - utils_portfolio - INFO - Updating symbol stats - EBAY
2024-08-08 22:35:14,170 - utils_portfolio - INFO - Updating symbol stats - PDD
2024-08-08 22:35:14,195 - utils_portfolio - INFO - Updating symbol stats - FAST
2024-08-08 22:35:14,236 - utils_portfolio - INFO - Updating symbol stats - GBTC
2024-08-08 22:35:14,262 - utils_portfolio - INFO - Updating symbol stats - ABBV
2024-08-08 22:35:14,291 - utils_portfolio - INFO - Updating symbol stats - MRVL
2024-08-08 22:35:14,317 - utils_portfolio - INFO - Updating symbol stats - XLI
2024-08-08 22:35:14,348 - utils_portfolio - INFO - Updating symbol stats - AMD
2024-08-08 22:35:14,379 - utils_portfolio - INFO - Updating symbol stats - AAPL
2024-08-08 22:35:14,406 - utils_portfolio - INFO - Updating symbol stats - SLV
2024-08-08 22:35:14,432 - utils_portfolio - INFO - Updating symbol stats - PBR
2024-08-08 22:35:14,457 - utils_portfolio - INFO - Updating symbol stats - NEE
2024-08-08 22:35:14,487 - utils_portfolio - INFO - Updating symbol stats - CRWD
2024-08-08 22:35:14,523 - utils_portfolio - INFO - Updating symbol stats - SNAP
2024-08-08 22:35:14,552 - utils_portfolio - INFO - Updating symbol stats - RIOT
2024-08-08 22:35:14,579 - utils_portfolio - INFO - Updating symbol stats - DELL
2024-08-08 22:35:14,604 - utils_portfolio - INFO - Updating symbol stats - BA
2024-08-08 22:35:14,629 - utils_portfolio - INFO - Updating symbol stats - BABA
2024-08-08 22:35:14,655 - utils_portfolio - INFO - Updating symbol stats - VALE
2024-08-08 22:35:14,690 - utils_portfolio - INFO - Updating symbol stats - AVGO
2024-08-08 22:35:14,716 - utils_portfolio - INFO - Updating symbol stats - IYR
2024-08-08 22:35:14,741 - utils_portfolio - INFO - Updating symbol stats - SPXL
2024-08-08 22:35:14,768 - utils_portfolio - INFO - Updating symbol stats - BTC/USD
2024-08-08 22:35:14,797 - utils_portfolio - INFO - Updating symbol stats - TSLA
2024-08-08 22:35:14,824 - utils_portfolio - INFO - Updating symbol stats - GM
2024-08-08 22:35:14,853 - utils_portfolio - INFO - Updating symbol stats - SCHD
2024-08-08 22:35:14,891 - utils_portfolio - INFO - Updating symbol stats - BITO
2024-08-08 22:35:14,914 - utils_portfolio - INFO - Updating symbol stats - PM
2024-08-08 22:35:14,938 - utils_portfolio - INFO - Updating symbol stats - ON
2024-08-08 22:35:14,963 - utils_portfolio - INFO - Updating symbol stats - NVDA
2024-08-08 22:35:14,997 - utils_portfolio - INFO - Updating symbol stats - SHOP
2024-08-08 22:35:15,024 - utils_portfolio - INFO - Updating symbol stats - VRT
2024-08-08 22:35:15,049 - utils_portfolio - INFO - Updating symbol stats - GOOGL
2024-08-08 22:35:15,083 - utils_portfolio - INFO - Updating symbol stats - META
2024-08-08 22:35:15,107 - utils_portfolio - INFO - Updating symbol stats - MSTR
2024-08-08 22:35:15,131 - utils_portfolio - INFO - Updating symbol stats - WDC
2024-08-08 22:35:15,155 - utils_portfolio - INFO - Updating symbol stats - TSLL
2024-08-08 22:35:15,182 - utils_portfolio - INFO - Updating symbol stats - SQ
2024-08-08 22:35:15,211 - utils_portfolio - INFO - Updating state of strategies
2024-08-08 22:35:15,212 - utils_portfolio - INFO - Calculating closed trades stats
2024-08-08 22:35:15,213 - utils_portfolio - INFO - Processing symbol - PLTR
2024-08-08 22:35:15,759 - utils_portfolio - INFO - Processing symbol - BTC/USD
2024-08-08 22:35:15,910 - utils_portfolio - INFO - Processing symbol - AAL
2024-08-08 22:35:16,158 - utils_portfolio - INFO - Processing symbol - VRT
2024-08-08 22:35:16,360 - utils_portfolio - INFO - Processing symbol - GBTC
2024-08-08 22:35:16,568 - utils_portfolio - INFO - Processing symbol - DELL
2024-08-08 22:35:16,771 - utils_portfolio - INFO - Processing symbol - GM
2024-08-08 22:35:16,975 - utils_portfolio - INFO - Processing symbol - IYR
2024-08-08 22:35:17,178 - utils_portfolio - INFO - Processing symbol - DKNG
2024-08-08 22:35:17,387 - utils_portfolio - INFO - Processing symbol - EBAY
2024-08-08 22:35:17,590 - utils_portfolio - INFO - Processing symbol - CRWD
2024-08-08 22:35:17,795 - utils_portfolio - INFO - Processing symbol - AAPL
2024-08-08 22:35:17,994 - utils_portfolio - INFO - Processing symbol - GOOGL
2024-08-08 22:35:18,143 - utils_portfolio - INFO - Processing symbol - META
2024-08-08 22:35:18,283 - utils_portfolio - INFO - Processing symbol - MRVL
2024-08-08 22:35:18,479 - utils_portfolio - INFO - Processing symbol - MSTR
2024-08-08 22:35:18,715 - utils_portfolio - INFO - Processing symbol - SCHD
2024-08-08 22:35:18,921 - utils_portfolio - INFO - Processing symbol - BITO
2024-08-08 22:35:19,126 - utils_portfolio - INFO - Processing symbol - AVGO
2024-08-08 22:35:19,307 - utils_portfolio - INFO - Processing symbol - SOUN
2024-08-08 22:35:19,511 - utils_portfolio - INFO - Processing symbol - TSLA
2024-08-08 22:35:19,633 - utils_portfolio - INFO - Processing symbol - NVDA
2024-08-08 22:35:19,826 - utils_portfolio - INFO - Processing symbol - AMD
2024-08-08 22:35:19,970 - utils_portfolio - INFO - Processing symbol - QQQ
2024-08-08 22:35:20,150 - utils_portfolio - INFO - Processing symbol - AMZN
2024-08-08 22:35:20,291 - utils_portfolio - INFO - Processing symbol - TQQQ
2024-08-08 22:35:20,458 - utils_portfolio - INFO - Processing symbol - VOO
2024-08-08 22:35:20,663 - utils_portfolio - INFO - Processing symbol - BABA
2024-08-08 22:35:20,846 - utils_portfolio - INFO - Processing symbol - BA
2024-08-08 22:35:21,063 - utils_portfolio - INFO - Processing symbol - XLI
2024-08-08 22:35:21,257 - utils_portfolio - INFO - Processing symbol - RIOT
2024-08-08 22:35:21,480 - utils_portfolio - INFO - Processing symbol - NEE
2024-08-08 22:35:21,688 - utils_portfolio - INFO - Processing symbol - SLV
2024-08-08 22:35:21,834 - utils_portfolio - INFO - Processing symbol - SHOP
2024-08-08 22:35:21,998 - utils_portfolio - INFO - Processing symbol - FAST
2024-08-08 22:35:22,196 - utils_portfolio - INFO - Processing symbol - SPXL
2024-08-08 22:35:22,389 - utils_portfolio - INFO - Processing symbol - VALE
2024-08-08 22:35:22,595 - utils_portfolio - INFO - Processing symbol - SNAP
2024-08-08 22:35:22,810 - utils_portfolio - INFO - Processing symbol - WDC
2024-08-08 22:35:23,017 - utils_portfolio - INFO - Processing symbol - MO
2024-08-08 22:35:23,164 - utils_portfolio - INFO - Processing symbol - PM
2024-08-08 22:35:23,313 - utils_portfolio - INFO - Processing symbol - SQ
2024-08-08 22:35:23,529 - utils_portfolio - INFO - Processing symbol - PDD
2024-08-08 22:35:23,735 - utils_portfolio - INFO - Processing symbol - ABBV
2024-08-08 22:35:23,943 - utils_portfolio - INFO - Processing symbol - ON
2024-08-08 22:35:24,144 - utils_portfolio - INFO - Processing symbol - UPRO
2024-08-08 22:35:24,348 - utils_portfolio - INFO - Processing symbol - TSLL
2024-08-08 22:35:24,532 - utils_portfolio - INFO - Processing symbol - PBR
2024-08-08 22:35:24,757 - utils_portfolio - INFO - Processing symbol - MP
2024-08-08 22:35:24,940 - utils_portfolio - INFO - Processing symbol - U
2024-08-08 22:35:25,170 - utils_portfolio - INFO - Calculating open trades stats
2024-08-08 22:35:25,171 - utils_portfolio - INFO - Processing symbol - PLTR
2024-08-08 22:35:25,648 - utils_portfolio - INFO - Processing symbol - BTC/USD
2024-08-08 22:35:25,852 - utils_portfolio - INFO - Processing symbol - AAL
2024-08-08 22:35:26,057 - utils_portfolio - INFO - Processing symbol - VRT
2024-08-08 22:35:26,261 - utils_portfolio - INFO - Processing symbol - GBTC
2024-08-08 22:35:26,467 - utils_portfolio - INFO - Processing symbol - DELL
2024-08-08 22:35:26,671 - utils_portfolio - INFO - Processing symbol - GM
2024-08-08 22:35:26,876 - utils_portfolio - INFO - Processing symbol - IYR
2024-08-08 22:35:27,201 - utils_portfolio - INFO - Processing symbol - DKNG
2024-08-08 22:35:27,388 - utils_portfolio - INFO - Processing symbol - EBAY
2024-08-08 22:35:27,592 - utils_portfolio - INFO - Processing symbol - CRWD
2024-08-08 22:35:27,798 - utils_portfolio - INFO - Processing symbol - AAPL
2024-08-08 22:35:28,003 - utils_portfolio - INFO - Processing symbol - GOOGL
2024-08-08 22:35:28,207 - utils_portfolio - INFO - Processing symbol - META
2024-08-08 22:35:28,413 - utils_portfolio - INFO - Processing symbol - MRVL
2024-08-08 22:35:28,528 - utils_portfolio - INFO - Processing symbol - MSTR
2024-08-08 22:35:28,720 - utils_portfolio - INFO - Processing symbol - SCHD
2024-08-08 22:35:28,924 - utils_portfolio - INFO - Processing symbol - BITO
2024-08-08 22:35:29,129 - utils_portfolio - INFO - Processing symbol - AVGO
2024-08-08 22:35:29,543 - utils_portfolio - INFO - Processing symbol - SOUN
2024-08-08 22:35:29,743 - utils_portfolio - INFO - Processing symbol - TSLA
2024-08-08 22:35:29,948 - utils_portfolio - INFO - Processing symbol - NVDA
2024-08-08 22:35:30,153 - utils_portfolio - INFO - Processing symbol - AMD
2024-08-08 22:35:30,357 - utils_portfolio - INFO - Processing symbol - QQQ
2024-08-08 22:35:30,563 - utils_portfolio - INFO - Processing symbol - AMZN
2024-08-08 22:35:30,985 - utils_portfolio - INFO - Processing symbol - TQQQ
2024-08-08 22:35:31,177 - utils_portfolio - INFO - Processing symbol - VOO
2024-08-08 22:35:31,293 - utils_portfolio - INFO - Processing symbol - BABA
2024-08-08 22:35:31,700 - utils_portfolio - INFO - Processing symbol - BA
2024-08-08 22:35:31,894 - utils_portfolio - INFO - Processing symbol - XLI
2024-08-08 22:35:32,099 - utils_portfolio - INFO - Processing symbol - RIOT
2024-08-08 22:35:32,303 - utils_portfolio - INFO - Processing symbol - NEE
2024-08-08 22:35:32,723 - utils_portfolio - INFO - Processing symbol - SLV
2024-08-08 22:35:32,916 - utils_portfolio - INFO - Processing symbol - SHOP
2024-08-08 22:35:33,123 - utils_portfolio - INFO - Processing symbol - FAST
2024-08-08 22:35:33,326 - utils_portfolio - INFO - Processing symbol - SPXL
2024-08-08 22:35:33,532 - utils_portfolio - INFO - Processing symbol - VALE
2024-08-08 22:35:33,738 - utils_portfolio - INFO - Processing symbol - SNAP
2024-08-08 22:35:33,942 - utils_portfolio - INFO - Processing symbol - WDC
2024-08-08 22:35:34,146 - utils_portfolio - INFO - Processing symbol - MO
2024-08-08 22:35:34,571 - utils_portfolio - INFO - Processing symbol - PM
2024-08-08 22:35:34,978 - utils_portfolio - INFO - Processing symbol - SQ
2024-08-08 22:35:35,093 - utils_portfolio - INFO - Processing symbol - PDD
2024-08-08 22:35:35,481 - utils_portfolio - INFO - Processing symbol - ABBV
2024-08-08 22:35:35,683 - utils_portfolio - INFO - Processing symbol - ON
2024-08-08 22:35:35,887 - utils_portfolio - INFO - Processing symbol - UPRO
2024-08-08 22:35:36,093 - utils_portfolio - INFO - Processing symbol - TSLL
2024-08-08 22:35:36,297 - utils_portfolio - INFO - Processing symbol - PBR
2024-08-08 22:35:36,501 - utils_portfolio - INFO - Processing symbol - MP
2024-08-08 22:35:36,707 - utils_portfolio - INFO - Processing symbol - U
