2024-05-21 14:19:58,433 - root - INFO - Logger is setup
2024-05-21 14:19:58,482 - utils_portfolio - INFO - Updating whole portfolio state
2024-05-21 14:19:59,620 - utils_portfolio - INFO - Calculating open trades stats
2024-05-21 14:20:09,464 - utils_portfolio - INFO - Calculating closed trades stats
2024-05-21 14:20:20,368 - utils_portfolio - INFO - Updating info of portfolio - p1
2024-05-21 14:20:20,446 - utils_portfolio - INFO - Updating state of portfolio - p1
2024-05-21 14:20:20,447 - utils_portfolio - INFO - Calculating closed trades stats
2024-05-21 14:20:22,996 - utils_portfolio - INFO - Calculating open trades stats
2024-05-21 14:20:25,351 - utils_portfolio - INFO - Calculating symbols weights
2024-05-21 14:20:25,351 - root - INFO - Portfolio p1 symbols weights - {'PLTR': 0.09090909090909091, 'BTC/USD': 0.09090909090909091, 'AAL': 0.09090909090909091, 'VRT': 0.09090909090909091, 'GBTC': 0.09090909090909091, 'DELL': 0.09090909090909091, 'GM': 0.09090909090909091, 'IYR': 0.09090909090909091, 'DKNG': 0.09090909090909091, 'EBAY': 0.09090909090909091, 'CRWD': 0.09090909090909091}
2024-05-21 14:20:25,352 - utils_strategy - INFO - PLTR - downloading data from alpaca
2024-05-21 14:20:26,073 - utils_portfolio - INFO - Checking if we have correct date
2024-05-21 14:20:26,073 - utils_portfolio - INFO - PLTR - running symbols strategy to get entries and exits
2024-05-21 14:20:26,088 - utils_portfolio - INFO - Evaluating symbol if to open, close, or no change
2024-05-21 14:20:30,948 - utils_strategy - INFO - BTC/USD - downloading data from alpaca
2024-05-21 14:20:32,235 - utils_portfolio - INFO - Checking if we have correct date
2024-05-21 14:20:32,235 - utils_portfolio - INFO - BTC/USD - running symbols strategy to get entries and exits
2024-05-21 14:20:32,251 - utils_portfolio - INFO - Evaluating symbol if to open, close, or no change
2024-05-21 14:20:32,286 - utils_strategy - INFO - AAL - downloading data from alpaca
2024-05-21 14:20:33,553 - utils_portfolio - INFO - Checking if we have correct date
2024-05-21 14:20:33,553 - utils_portfolio - INFO - AAL - running symbols strategy to get entries and exits
2024-05-21 14:20:33,573 - utils_portfolio - INFO - Evaluating symbol if to open, close, or no change
2024-05-21 14:20:33,607 - utils_strategy - INFO - VRT - downloading data from alpaca
2024-05-21 14:20:34,594 - utils_portfolio - INFO - Checking if we have correct date
2024-05-21 14:20:34,594 - utils_portfolio - INFO - VRT - running symbols strategy to get entries and exits
2024-05-21 14:20:34,610 - utils_portfolio - INFO - Evaluating symbol if to open, close, or no change
2024-05-21 14:20:34,644 - utils_strategy - INFO - GBTC - downloading data from alpaca
2024-05-21 14:20:35,158 - utils_portfolio - INFO - Checking if we have correct date
2024-05-21 14:20:35,158 - utils_portfolio - INFO - GBTC - running symbols strategy to get entries and exits
2024-05-21 14:20:35,168 - utils_portfolio - INFO - Evaluating symbol if to open, close, or no change
2024-05-21 14:20:35,195 - utils_strategy - INFO - DELL - downloading data from alpaca
2024-05-21 14:20:36,129 - utils_portfolio - INFO - Checking if we have correct date
2024-05-21 14:20:36,129 - utils_portfolio - INFO - DELL - running symbols strategy to get entries and exits
2024-05-21 14:20:36,153 - utils_portfolio - INFO - Evaluating symbol if to open, close, or no change
2024-05-21 14:20:36,188 - utils_strategy - INFO - GM - downloading data from alpaca
2024-05-21 14:20:37,570 - utils_portfolio - INFO - Checking if we have correct date
2024-05-21 14:20:37,571 - utils_portfolio - INFO - GM - running symbols strategy to get entries and exits
2024-05-21 14:20:37,589 - utils_portfolio - INFO - Evaluating symbol if to open, close, or no change
2024-05-21 14:20:37,644 - utils_strategy - INFO - IYR - downloading data from alpaca
2024-05-21 14:20:38,980 - utils_portfolio - INFO - Checking if we have correct date
2024-05-21 14:20:38,980 - utils_portfolio - INFO - IYR - running symbols strategy to get entries and exits
2024-05-21 14:20:38,996 - utils_portfolio - INFO - Evaluating symbol if to open, close, or no change
2024-05-21 14:20:39,031 - utils_strategy - INFO - DKNG - downloading data from alpaca
2024-05-21 14:20:39,912 - utils_portfolio - INFO - Checking if we have correct date
2024-05-21 14:20:39,912 - utils_portfolio - INFO - DKNG - running symbols strategy to get entries and exits
2024-05-21 14:20:39,929 - utils_portfolio - INFO - Evaluating symbol if to open, close, or no change
2024-05-21 14:20:39,961 - utils_strategy - INFO - EBAY - downloading data from alpaca
2024-05-21 14:20:41,336 - utils_portfolio - INFO - Checking if we have correct date
2024-05-21 14:20:41,337 - utils_portfolio - INFO - EBAY - running symbols strategy to get entries and exits
2024-05-21 14:20:41,355 - utils_portfolio - INFO - Evaluating symbol if to open, close, or no change
2024-05-21 14:20:41,387 - utils_strategy - INFO - CRWD - downloading data from alpaca
2024-05-21 14:20:42,348 - utils_portfolio - INFO - Checking if we have correct date
2024-05-21 14:20:42,349 - utils_portfolio - INFO - CRWD - running symbols strategy to get entries and exits
2024-05-21 14:20:42,362 - utils_portfolio - INFO - Evaluating symbol if to open, close, or no change
2024-05-21 14:20:42,391 - root - INFO - Portfolio p1 symbols actions - {'PLTR': 'no_change', 'BTCUSD': 'no_change', 'AAL': 'no_change', 'VRT': 'no_change', 'GBTC': 'no_change', 'DELL': 'no_change', 'GM': 'no_change', 'IYR': 'no_change', 'DKNG': 'no_change', 'EBAY': 'no_change', 'CRWD': 'no_change'}
2024-05-21 14:20:42,392 - utils_portfolio - INFO - Submitting orders to close existing positions
2024-05-21 14:20:42,392 - utils_portfolio - INFO - Portfolio p1 - calculating position sizes
2024-05-21 14:20:42,418 - root - INFO - Portfolio p1 position sizes - symbol
PLTR      448.58
BTCUSD    448.58
AAL       439.45
VRT       448.58
GBTC      448.58
DELL      448.58
GM        448.58
IYR       448.58
DKNG      439.45
EBAY      448.58
CRWD      448.58
Name: position, dtype: float64
2024-05-21 14:20:42,419 - utils_portfolio - INFO - Submitting orders to open positions
2024-05-21 14:20:42,419 - root - INFO - XXXXXXXXXXXXXXXXXXXX --- DONE --- XXXXXXXXXXXXXXXXXXXX
2024-05-21 14:20:42,419 - utils_portfolio - INFO - Updating info of portfolio - p2
2024-05-21 14:20:42,475 - utils_portfolio - INFO - Updating state of portfolio - p2
2024-05-21 14:20:42,476 - utils_portfolio - INFO - Calculating closed trades stats
2024-05-21 14:20:44,707 - utils_portfolio - INFO - Calculating open trades stats
2024-05-21 14:20:46,859 - utils_portfolio - INFO - Calculating symbols weights
2024-05-21 14:20:46,859 - utils_portfolio - INFO - Calculating closed trades count
2024-05-21 14:20:48,993 - root - INFO - Portfolio p2 symbols weights - {'AAPL': 0.1111111111111111, 'GOOGL': 0.1111111111111111, 'META': 0.1111111111111111, 'MRVL': 0.1111111111111111, 'MSTR': 0.1111111111111111, 'SCHD': 0.1111111111111111, 'BITO': 0.1111111111111111, 'AVGO': 0.1111111111111111, 'SOUN': 0.1111111111111111}
2024-05-21 14:20:48,994 - utils_strategy - INFO - AAPL - downloading data from yfinance
2024-05-21 14:20:49,659 - utils_portfolio - INFO - Checking if we have correct date
2024-05-21 14:20:49,659 - utils_portfolio - INFO - AAPL - running symbols strategy to get entries and exits
2024-05-21 14:20:49,666 - utils_portfolio - INFO - Evaluating symbol if to open, close, or no change
2024-05-21 14:20:49,701 - utils_strategy - INFO - GOOGL - downloading data from yfinance
2024-05-21 14:20:50,148 - utils_portfolio - INFO - Checking if we have correct date
2024-05-21 14:20:50,148 - utils_portfolio - INFO - GOOGL - running symbols strategy to get entries and exits
2024-05-21 14:20:50,158 - utils_portfolio - INFO - Evaluating symbol if to open, close, or no change
2024-05-21 14:20:50,198 - utils_strategy - INFO - META - downloading data from yfinance
2024-05-21 14:20:50,405 - utils_portfolio - INFO - Checking if we have correct date
2024-05-21 14:20:50,405 - utils_portfolio - INFO - META - running symbols strategy to get entries and exits
2024-05-21 14:20:50,413 - utils_portfolio - INFO - Evaluating symbol if to open, close, or no change
2024-05-21 14:20:50,441 - utils_strategy - INFO - MRVL - downloading data from yfinance
2024-05-21 14:20:50,675 - utils_portfolio - INFO - Checking if we have correct date
2024-05-21 14:20:50,675 - utils_portfolio - INFO - MRVL - running symbols strategy to get entries and exits
2024-05-21 14:20:50,682 - utils_portfolio - INFO - Evaluating symbol if to open, close, or no change
2024-05-21 14:20:50,720 - utils_strategy - INFO - MSTR - downloading data from yfinance
2024-05-21 14:20:50,912 - utils_portfolio - INFO - Checking if we have correct date
2024-05-21 14:20:50,912 - utils_portfolio - INFO - MSTR - running symbols strategy to get entries and exits
2024-05-21 14:20:50,919 - utils_portfolio - INFO - Evaluating symbol if to open, close, or no change
2024-05-21 14:20:50,956 - utils_strategy - INFO - SCHD - downloading data from yfinance
2024-05-21 14:20:51,178 - utils_portfolio - INFO - Checking if we have correct date
2024-05-21 14:20:51,178 - utils_portfolio - INFO - SCHD - running symbols strategy to get entries and exits
2024-05-21 14:20:51,186 - utils_portfolio - INFO - Evaluating symbol if to open, close, or no change
2024-05-21 14:20:51,217 - utils_strategy - INFO - BITO - downloading data from yfinance
2024-05-21 14:20:51,324 - utils_portfolio - INFO - Checking if we have correct date
2024-05-21 14:20:51,324 - utils_portfolio - INFO - BITO - running symbols strategy to get entries and exits
2024-05-21 14:20:51,332 - utils_portfolio - INFO - Evaluating symbol if to open, close, or no change
2024-05-21 14:20:51,357 - utils_strategy - INFO - AVGO - downloading data from yfinance
2024-05-21 14:20:51,598 - utils_portfolio - INFO - Checking if we have correct date
2024-05-21 14:20:51,599 - utils_portfolio - INFO - AVGO - running symbols strategy to get entries and exits
2024-05-21 14:20:51,606 - utils_portfolio - INFO - Evaluating symbol if to open, close, or no change
2024-05-21 14:20:51,636 - utils_strategy - INFO - SOUN - downloading data from yfinance
2024-05-21 14:20:51,705 - utils_portfolio - INFO - Checking if we have correct date
2024-05-21 14:20:51,706 - utils_portfolio - INFO - SOUN - running symbols strategy to get entries and exits
2024-05-21 14:20:51,714 - utils_portfolio - INFO - Evaluating symbol if to open, close, or no change
2024-05-21 14:20:51,737 - root - INFO - Portfolio p2 symbols actions - {'AAPL': 'no_change', 'GOOGL': 'no_change', 'META': 'no_change', 'MRVL': 'no_change', 'MSTR': 'no_change', 'SCHD': 'no_change', 'BITO': 'no_change', 'AVGO': 'no_change', 'SOUN': 'no_change'}
2024-05-21 14:20:51,738 - utils_portfolio - INFO - Submitting orders to close existing positions
2024-05-21 14:20:51,738 - utils_portfolio - INFO - Portfolio p2 - calculating position sizes
2024-05-21 14:20:51,762 - root - INFO - Portfolio p2 position sizes - symbol
AAPL     576.86
GOOGL    576.86
META     576.86
MRVL     576.86
MSTR     576.86
SCHD     576.86
BITO     576.86
AVGO     576.86
SOUN     576.86
Name: position, dtype: float64
2024-05-21 14:20:51,762 - utils_portfolio - INFO - Submitting orders to open positions
2024-05-21 14:20:51,762 - root - INFO - XXXXXXXXXXXXXXXXXXXX --- DONE --- XXXXXXXXXXXXXXXXXXXX
2024-05-21 14:20:51,762 - utils_portfolio - INFO - Updating info of portfolio - p3
2024-05-21 14:20:51,824 - utils_portfolio - INFO - Updating state of portfolio - p3
2024-05-21 14:20:51,824 - utils_portfolio - INFO - Calculating closed trades stats
2024-05-21 14:20:54,331 - utils_portfolio - INFO - Calculating open trades stats
2024-05-21 14:20:56,608 - utils_portfolio - INFO - Calculating symbols weights
2024-05-21 14:20:56,609 - root - INFO - Portfolio p3 symbols weights - {'TSLA': 0.1, 'NVDA': 0.1, 'AMD': 0.1, 'QQQ': 0.1, 'AMZN': 0.1, 'TQQQ': 0.1, 'VOO': 0.1, 'BABA': 0.1, 'BA': 0.1, 'XLI': 0.1}
2024-05-21 14:20:56,609 - utils_strategy - INFO - TSLA - downloading data from yfinance
2024-05-21 14:20:56,817 - utils_portfolio - INFO - Checking if we have correct date
2024-05-21 14:20:56,817 - utils_portfolio - INFO - TSLA - running symbols strategy to get entries and exits
2024-05-21 14:20:56,824 - utils_portfolio - INFO - Evaluating symbol if to open, close, or no change
2024-05-21 14:20:56,854 - utils_strategy - INFO - NVDA - downloading data from yfinance
2024-05-21 14:20:57,159 - utils_portfolio - INFO - Checking if we have correct date
2024-05-21 14:20:57,159 - utils_portfolio - INFO - NVDA - running symbols strategy to get entries and exits
2024-05-21 14:20:57,166 - utils_portfolio - INFO - Evaluating symbol if to open, close, or no change
2024-05-21 14:20:57,204 - utils_strategy - INFO - AMD - downloading data from yfinance
2024-05-21 14:20:57,403 - utils_portfolio - INFO - Checking if we have correct date
2024-05-21 14:20:57,403 - utils_portfolio - INFO - AMD - running symbols strategy to get entries and exits
2024-05-21 14:20:57,411 - utils_portfolio - INFO - Evaluating symbol if to open, close, or no change
2024-05-21 14:20:57,445 - utils_strategy - INFO - QQQ - downloading data from yfinance
2024-05-21 14:20:57,777 - utils_portfolio - INFO - Checking if we have correct date
2024-05-21 14:20:57,778 - utils_portfolio - INFO - QQQ - running symbols strategy to get entries and exits
2024-05-21 14:20:57,785 - utils_portfolio - INFO - Evaluating symbol if to open, close, or no change
2024-05-21 14:20:57,821 - utils_strategy - INFO - AMZN - downloading data from yfinance
2024-05-21 14:20:58,035 - utils_portfolio - INFO - Checking if we have correct date
2024-05-21 14:20:58,035 - utils_portfolio - INFO - AMZN - running symbols strategy to get entries and exits
2024-05-21 14:20:58,042 - utils_portfolio - INFO - Evaluating symbol if to open, close, or no change
2024-05-21 14:20:58,230 - utils_strategy - INFO - TQQQ - downloading data from yfinance
2024-05-21 14:20:58,419 - utils_portfolio - INFO - Checking if we have correct date
2024-05-21 14:20:58,419 - utils_portfolio - INFO - TQQQ - running symbols strategy to get entries and exits
2024-05-21 14:20:58,426 - utils_portfolio - INFO - Evaluating symbol if to open, close, or no change
2024-05-21 14:20:58,458 - utils_strategy - INFO - VOO - downloading data from yfinance
2024-05-21 14:20:58,699 - utils_portfolio - INFO - Checking if we have correct date
2024-05-21 14:20:58,699 - utils_portfolio - INFO - VOO - running symbols strategy to get entries and exits
2024-05-21 14:20:58,706 - utils_portfolio - INFO - Evaluating symbol if to open, close, or no change
2024-05-21 14:20:58,735 - utils_strategy - INFO - BABA - downloading data from yfinance
2024-05-21 14:20:58,933 - utils_portfolio - INFO - Checking if we have correct date
2024-05-21 14:20:58,933 - utils_portfolio - INFO - BABA - running symbols strategy to get entries and exits
2024-05-21 14:20:58,941 - utils_portfolio - INFO - Evaluating symbol if to open, close, or no change
2024-05-21 14:20:58,972 - utils_strategy - INFO - BA - downloading data from yfinance
2024-05-21 14:20:59,298 - utils_portfolio - INFO - Checking if we have correct date
2024-05-21 14:20:59,299 - utils_portfolio - INFO - BA - running symbols strategy to get entries and exits
2024-05-21 14:20:59,306 - utils_portfolio - INFO - Evaluating symbol if to open, close, or no change
2024-05-21 14:20:59,342 - utils_strategy - INFO - XLI - downloading data from yfinance
2024-05-21 14:20:59,606 - utils_portfolio - INFO - Checking if we have correct date
2024-05-21 14:20:59,606 - utils_portfolio - INFO - XLI - running symbols strategy to get entries and exits
2024-05-21 14:20:59,614 - utils_portfolio - INFO - Evaluating symbol if to open, close, or no change
2024-05-21 14:20:59,648 - root - INFO - Portfolio p3 symbols actions - {'TSLA': 'no_change', 'NVDA': 'no_change', 'AMD': 'no_change', 'QQQ': 'no_change', 'AMZN': 'no_change', 'TQQQ': 'no_change', 'VOO': 'no_change', 'BABA': 'no_change', 'BA': 'no_change', 'XLI': 'no_change'}
2024-05-21 14:20:59,648 - utils_portfolio - INFO - Submitting orders to close existing positions
2024-05-21 14:20:59,648 - utils_portfolio - INFO - Portfolio p3 - calculating position sizes
2024-05-21 14:20:59,675 - root - INFO - Portfolio p3 position sizes - symbol
TSLA    503.69
NVDA    503.69
AMD     503.69
QQQ     503.69
AMZN    503.69
TQQQ    503.69
VOO     503.69
BABA    503.69
BA      503.69
XLI     503.69
Name: position, dtype: float64
2024-05-21 14:20:59,675 - utils_portfolio - INFO - Submitting orders to open positions
2024-05-21 14:20:59,675 - root - INFO - XXXXXXXXXXXXXXXXXXXX --- DONE --- XXXXXXXXXXXXXXXXXXXX
2024-05-21 14:20:59,675 - utils_portfolio - INFO - Updating info of portfolio - p4
2024-05-21 14:20:59,806 - utils_portfolio - INFO - Updating state of portfolio - p4
2024-05-21 14:20:59,807 - utils_portfolio - INFO - Calculating closed trades stats
2024-05-21 14:21:04,368 - utils_portfolio - INFO - Calculating open trades stats
2024-05-21 14:21:08,796 - utils_portfolio - INFO - Calculating symbols weights
2024-05-21 14:21:08,796 - root - INFO - Portfolio p4 symbols weights - {'RIOT': 0.05, 'NEE': 0.05, 'SLV': 0.05, 'SHOP': 0.05, 'FAST': 0.05, 'SPXL': 0.05, 'VALE': 0.05, 'SNAP': 0.05, 'WDC': 0.05, 'MO': 0.05, 'PM': 0.05, 'SQ': 0.05, 'PDD': 0.05, 'ABBV': 0.05, 'ON': 0.05, 'UPRO': 0.05, 'TSLL': 0.05, 'PBR': 0.05, 'MP': 0.05, 'U': 0.05}
2024-05-21 14:21:08,796 - utils_strategy - INFO - RIOT - downloading data from yfinance
2024-05-21 14:21:08,959 - utils_portfolio - INFO - Checking if we have correct date
2024-05-21 14:21:08,959 - utils_portfolio - INFO - RIOT - running symbols strategy to get entries and exits
2024-05-21 14:21:08,967 - utils_portfolio - INFO - Evaluating symbol if to open, close, or no change
2024-05-21 14:21:08,997 - utils_strategy - INFO - NEE - downloading data from yfinance
2024-05-21 14:21:09,354 - utils_portfolio - INFO - Checking if we have correct date
2024-05-21 14:21:09,354 - utils_portfolio - INFO - NEE - running symbols strategy to get entries and exits
2024-05-21 14:21:09,361 - utils_portfolio - INFO - Evaluating symbol if to open, close, or no change
2024-05-21 14:21:09,398 - utils_strategy - INFO - SLV - downloading data from yfinance
2024-05-21 14:21:09,599 - utils_portfolio - INFO - Checking if we have correct date
2024-05-21 14:21:09,599 - utils_portfolio - INFO - SLV - running symbols strategy to get entries and exits
2024-05-21 14:21:09,607 - utils_portfolio - INFO - Evaluating symbol if to open, close, or no change
2024-05-21 14:21:09,640 - utils_strategy - INFO - SHOP - downloading data from yfinance
2024-05-21 14:21:09,787 - utils_portfolio - INFO - Checking if we have correct date
2024-05-21 14:21:09,787 - utils_portfolio - INFO - SHOP - running symbols strategy to get entries and exits
2024-05-21 14:21:09,795 - utils_portfolio - INFO - Evaluating symbol if to open, close, or no change
2024-05-21 14:21:09,824 - utils_strategy - INFO - FAST - downloading data from yfinance
2024-05-21 14:21:10,139 - utils_portfolio - INFO - Checking if we have correct date
2024-05-21 14:21:10,139 - utils_portfolio - INFO - FAST - running symbols strategy to get entries and exits
2024-05-21 14:21:10,147 - utils_portfolio - INFO - Evaluating symbol if to open, close, or no change
2024-05-21 14:21:10,183 - utils_strategy - INFO - SPXL - downloading data from yfinance
2024-05-21 14:21:10,386 - utils_portfolio - INFO - Checking if we have correct date
2024-05-21 14:21:10,387 - utils_portfolio - INFO - SPXL - running symbols strategy to get entries and exits
2024-05-21 14:21:10,394 - utils_portfolio - INFO - Evaluating symbol if to open, close, or no change
2024-05-21 14:21:10,428 - utils_strategy - INFO - VALE - downloading data from yfinance
2024-05-21 14:21:10,715 - utils_portfolio - INFO - Checking if we have correct date
2024-05-21 14:21:10,716 - utils_portfolio - INFO - VALE - running symbols strategy to get entries and exits
2024-05-21 14:21:10,723 - utils_portfolio - INFO - Evaluating symbol if to open, close, or no change
2024-05-21 14:21:10,761 - utils_strategy - INFO - SNAP - downloading data from yfinance
2024-05-21 14:21:10,945 - utils_portfolio - INFO - Checking if we have correct date
2024-05-21 14:21:10,946 - utils_portfolio - INFO - SNAP - running symbols strategy to get entries and exits
2024-05-21 14:21:10,955 - utils_portfolio - INFO - Evaluating symbol if to open, close, or no change
2024-05-21 14:21:10,981 - utils_strategy - INFO - WDC - downloading data from yfinance
2024-05-21 14:21:11,203 - utils_portfolio - INFO - Checking if we have correct date
2024-05-21 14:21:11,203 - utils_portfolio - INFO - WDC - running symbols strategy to get entries and exits
2024-05-21 14:21:11,210 - utils_portfolio - INFO - Evaluating symbol if to open, close, or no change
2024-05-21 14:21:11,404 - utils_strategy - INFO - MO - downloading data from yfinance
2024-05-21 14:21:11,768 - utils_portfolio - INFO - Checking if we have correct date
2024-05-21 14:21:11,768 - utils_portfolio - INFO - MO - running symbols strategy to get entries and exits
2024-05-21 14:21:11,775 - utils_portfolio - INFO - Evaluating symbol if to open, close, or no change
2024-05-21 14:21:11,814 - utils_strategy - INFO - PM - downloading data from yfinance
2024-05-21 14:21:12,010 - utils_portfolio - INFO - Checking if we have correct date
2024-05-21 14:21:12,010 - utils_portfolio - INFO - PM - running symbols strategy to get entries and exits
2024-05-21 14:21:12,019 - utils_portfolio - INFO - Evaluating symbol if to open, close, or no change
2024-05-21 14:21:12,052 - utils_strategy - INFO - SQ - downloading data from yfinance
2024-05-21 14:21:12,185 - utils_portfolio - INFO - Checking if we have correct date
2024-05-21 14:21:12,185 - utils_portfolio - INFO - SQ - running symbols strategy to get entries and exits
2024-05-21 14:21:12,194 - utils_portfolio - INFO - Evaluating symbol if to open, close, or no change
2024-05-21 14:21:12,222 - utils_strategy - INFO - PDD - downloading data from yfinance
2024-05-21 14:21:12,375 - utils_portfolio - INFO - Checking if we have correct date
2024-05-21 14:21:12,375 - utils_portfolio - INFO - PDD - running symbols strategy to get entries and exits
2024-05-21 14:21:12,385 - utils_portfolio - INFO - Evaluating symbol if to open, close, or no change
2024-05-21 14:21:12,411 - utils_strategy - INFO - ABBV - downloading data from yfinance
2024-05-21 14:21:12,590 - utils_portfolio - INFO - Checking if we have correct date
2024-05-21 14:21:12,590 - utils_portfolio - INFO - ABBV - running symbols strategy to get entries and exits
2024-05-21 14:21:12,599 - utils_portfolio - INFO - Evaluating symbol if to open, close, or no change
2024-05-21 14:21:12,632 - utils_strategy - INFO - ON - downloading data from yfinance
2024-05-21 14:21:12,829 - utils_portfolio - INFO - Checking if we have correct date
2024-05-21 14:21:12,829 - utils_portfolio - INFO - ON - running symbols strategy to get entries and exits
2024-05-21 14:21:12,837 - utils_portfolio - INFO - Evaluating symbol if to open, close, or no change
2024-05-21 14:21:12,874 - utils_strategy - INFO - UPRO - downloading data from yfinance
2024-05-21 14:21:13,093 - utils_portfolio - INFO - Checking if we have correct date
2024-05-21 14:21:13,093 - utils_portfolio - INFO - UPRO - running symbols strategy to get entries and exits
2024-05-21 14:21:13,100 - utils_portfolio - INFO - Evaluating symbol if to open, close, or no change
2024-05-21 14:21:13,130 - utils_strategy - INFO - TSLL - downloading data from yfinance
2024-05-21 14:21:13,235 - utils_portfolio - INFO - Checking if we have correct date
2024-05-21 14:21:13,236 - utils_portfolio - INFO - TSLL - running symbols strategy to get entries and exits
2024-05-21 14:21:13,244 - utils_portfolio - INFO - Evaluating symbol if to open, close, or no change
2024-05-21 14:21:13,267 - utils_strategy - INFO - PBR - downloading data from yfinance
2024-05-21 14:21:13,552 - utils_portfolio - INFO - Checking if we have correct date
2024-05-21 14:21:13,552 - utils_portfolio - INFO - PBR - running symbols strategy to get entries and exits
2024-05-21 14:21:13,560 - utils_portfolio - INFO - Evaluating symbol if to open, close, or no change
2024-05-21 14:21:13,598 - utils_strategy - INFO - MP - downloading data from yfinance
2024-05-21 14:21:13,703 - utils_portfolio - INFO - Checking if we have correct date
2024-05-21 14:21:13,704 - utils_portfolio - INFO - MP - running symbols strategy to get entries and exits
2024-05-21 14:21:13,715 - utils_portfolio - INFO - Evaluating symbol if to open, close, or no change
2024-05-21 14:21:13,743 - utils_strategy - INFO - U - downloading data from yfinance
2024-05-21 14:21:13,824 - utils_portfolio - INFO - Checking if we have correct date
2024-05-21 14:21:13,824 - utils_portfolio - INFO - U - running symbols strategy to get entries and exits
2024-05-21 14:21:13,841 - utils_portfolio - INFO - Evaluating symbol if to open, close, or no change
2024-05-21 14:21:13,867 - root - INFO - Portfolio p4 symbols actions - {'RIOT': 'no_change', 'NEE': 'no_change', 'SLV': 'no_change', 'SHOP': 'no_change', 'FAST': 'no_change', 'SPXL': 'no_change', 'VALE': 'no_change', 'SNAP': 'no_change', 'WDC': 'no_change', 'MO': 'no_change', 'PM': 'no_change', 'SQ': 'open', 'PDD': 'no_change', 'ABBV': 'no_change', 'ON': 'no_change', 'UPRO': 'no_change', 'TSLL': 'no_change', 'PBR': 'no_change', 'MP': 'no_change', 'U': 'no_change'}
2024-05-21 14:21:13,867 - utils_portfolio - INFO - Submitting orders to close existing positions
2024-05-21 14:21:13,867 - utils_portfolio - INFO - Portfolio p4 - calculating position sizes
2024-05-21 14:21:13,886 - root - INFO - Portfolio p4 position sizes - symbol
RIOT    246.17
NEE     245.95
SLV     246.17
SHOP    245.95
FAST    245.95
SPXL    246.17
VALE    245.95
SNAP    245.95
WDC     246.17
MO      245.95
PM      245.95
SQ      245.95
PDD     246.17
ABBV    246.17
ON      245.95
UPRO    246.17
TSLL    245.95
PBR     245.95
MP      246.17
U       245.95
Name: position, dtype: float64
2024-05-21 14:21:13,886 - utils_portfolio - INFO - Submitting orders to open positions
2024-05-21 14:21:14,473 - root - INFO - XXXXXXXXXXXXXXXXXXXX --- DONE --- XXXXXXXXXXXXXXXXXXXX
