2024-12-13 19:45:34,738 - root - INFO - Logger is setup
2024-12-13 19:45:34,750 - utils_portfolio - INFO - Updating info of portfolio - p1
2024-12-13 19:45:34,757 - utils_portfolio - INFO - Calculating symbols weights
2024-12-13 19:45:34,757 - root - INFO - Portfolio p1 symbols weights - {'PBR': 1.0}
2024-12-13 19:45:34,757 - utils_strategy - INFO - PBR - downloading data from yfinance
2024-12-13 19:45:38,444 - utils_portfolio - INFO - Checking if we have correct date
2024-12-13 19:45:38,475 - utils_portfolio - INFO - PBR - running symbols strategy to get entries and exits
2024-12-13 19:46:29,098 - utils_portfolio - INFO - Evaluating symbol if to open, close, or no change
2024-12-13 19:46:34,599 - root - INFO - Portfolio p1 symbols actions - {'PBR': 'no_change'}
2024-12-13 19:46:34,599 - utils_portfolio - INFO - Submitting orders to close existing positions
2024-12-13 19:46:34,599 - utils_portfolio - INFO - Updating state of portfolio - p1
2024-12-13 19:46:34,599 - utils_portfolio - INFO - Calculating closed trades stats
2024-12-13 19:46:34,600 - utils_portfolio - INFO - Processing symbol - PBR
2024-12-13 19:46:35,211 - utils_portfolio - INFO - Calculating open trades stats
2024-12-13 19:46:35,211 - utils_portfolio - INFO - Processing symbol - PBR
2024-12-13 19:46:35,759 - utils_portfolio - INFO - Portfolio p1 - calculating position sizes
2024-12-13 19:46:35,777 - root - INFO - Portfolio p1 position sizes - symbol
PBR    1300.0
Name: position, dtype: float64
2024-12-13 19:46:35,777 - utils_portfolio - INFO - Submitting orders to open positions
2024-12-13 19:46:35,777 - root - INFO - XXXXXXXXXXXXXXXXXXXX --- Portfolio p1 - DONE --- XXXXXXXXXXXXXXXXXXXX
2024-12-13 19:46:35,777 - utils_portfolio - INFO - Updating info of portfolio - p2
2024-12-13 19:46:35,850 - utils_portfolio - INFO - Calculating symbols weights
2024-12-13 19:46:35,851 - root - INFO - Portfolio p2 symbols weights - {'UPRO': 0.08333333333333333, 'IYR': 0.08333333333333333, 'AMZN': 0.08333333333333333, 'MRK': 0.08333333333333333, 'SHOP': 0.08333333333333333, 'KEY': 0.08333333333333333, 'IBM': 0.08333333333333333, 'TSM': 0.08333333333333333, 'CAG': 0.08333333333333333, 'MMM': 0.08333333333333333, 'MDLZ': 0.08333333333333333, 'HBAN': 0.08333333333333333}
2024-12-13 19:46:35,852 - utils_strategy - INFO - UPRO - downloading data from yfinance
2024-12-13 19:46:38,329 - utils_portfolio - INFO - Checking if we have correct date
2024-12-13 19:46:38,350 - utils_portfolio - INFO - UPRO - running symbols strategy to get entries and exits
2024-12-13 19:47:18,462 - utils_portfolio - INFO - Evaluating symbol if to open, close, or no change
2024-12-13 19:47:18,506 - utils_strategy - INFO - IYR - downloading data from yfinance
2024-12-13 19:47:22,162 - utils_portfolio - INFO - Checking if we have correct date
2024-12-13 19:47:22,178 - utils_portfolio - INFO - IYR - running symbols strategy to get entries and exits
2024-12-13 19:48:15,065 - utils_portfolio - INFO - Evaluating symbol if to open, close, or no change
2024-12-13 19:48:15,102 - utils_strategy - INFO - AMZN - downloading data from yfinance
2024-12-13 19:48:19,048 - utils_portfolio - INFO - Checking if we have correct date
2024-12-13 19:48:19,063 - utils_portfolio - INFO - AMZN - running symbols strategy to get entries and exits
2024-12-13 19:49:14,555 - utils_portfolio - INFO - Evaluating symbol if to open, close, or no change
2024-12-13 19:49:14,772 - utils_strategy - INFO - MRK - downloading data from yfinance
2024-12-13 19:49:18,705 - utils_portfolio - INFO - Checking if we have correct date
2024-12-13 19:49:18,724 - utils_portfolio - INFO - MRK - running symbols strategy to get entries and exits
2024-12-13 19:50:13,085 - utils_portfolio - INFO - Evaluating symbol if to open, close, or no change
2024-12-13 19:50:13,125 - utils_strategy - INFO - SHOP - downloading data from yfinance
2024-12-13 19:50:14,960 - utils_portfolio - INFO - Checking if we have correct date
2024-12-13 19:50:14,979 - utils_portfolio - INFO - SHOP - running symbols strategy to get entries and exits
2024-12-13 19:50:45,906 - utils_portfolio - INFO - Evaluating symbol if to open, close, or no change
2024-12-13 19:50:45,940 - utils_strategy - INFO - KEY - downloading data from yfinance
2024-12-13 19:50:49,834 - utils_portfolio - INFO - Checking if we have correct date
2024-12-13 19:50:49,841 - utils_portfolio - INFO - KEY - running symbols strategy to get entries and exits
2024-12-13 19:51:46,515 - utils_portfolio - INFO - Evaluating symbol if to open, close, or no change
2024-12-13 19:51:46,555 - utils_strategy - INFO - IBM - downloading data from yfinance
2024-12-13 19:51:50,474 - utils_portfolio - INFO - Checking if we have correct date
2024-12-13 19:51:50,490 - utils_portfolio - INFO - IBM - running symbols strategy to get entries and exits
2024-12-13 19:52:45,162 - utils_portfolio - INFO - Evaluating symbol if to open, close, or no change
2024-12-13 19:52:45,219 - utils_strategy - INFO - TSM - downloading data from yfinance
2024-12-13 19:52:49,034 - utils_portfolio - INFO - Checking if we have correct date
2024-12-13 19:52:49,052 - utils_portfolio - INFO - TSM - running symbols strategy to get entries and exits
2024-12-13 19:53:43,912 - utils_portfolio - INFO - Evaluating symbol if to open, close, or no change
2024-12-13 19:53:43,953 - utils_strategy - INFO - CAG - downloading data from yfinance
2024-12-13 19:53:47,987 - utils_portfolio - INFO - Checking if we have correct date
2024-12-13 19:53:48,003 - utils_portfolio - INFO - CAG - running symbols strategy to get entries and exits
2024-12-13 19:54:42,806 - utils_portfolio - INFO - Evaluating symbol if to open, close, or no change
2024-12-13 19:54:42,848 - utils_strategy - INFO - MMM - downloading data from yfinance
2024-12-13 19:54:47,021 - utils_portfolio - INFO - Checking if we have correct date
2024-12-13 19:54:47,036 - utils_portfolio - INFO - MMM - running symbols strategy to get entries and exits
2024-12-13 19:55:41,956 - utils_portfolio - INFO - Evaluating symbol if to open, close, or no change
2024-12-13 19:55:41,996 - utils_strategy - INFO - MDLZ - downloading data from yfinance
2024-12-13 19:55:45,727 - utils_portfolio - INFO - Checking if we have correct date
2024-12-13 19:55:45,741 - utils_portfolio - INFO - MDLZ - running symbols strategy to get entries and exits
2024-12-13 19:56:39,021 - utils_portfolio - INFO - Evaluating symbol if to open, close, or no change
2024-12-13 19:56:39,062 - utils_strategy - INFO - HBAN - downloading data from yfinance
2024-12-13 19:56:42,942 - utils_portfolio - INFO - Checking if we have correct date
2024-12-13 19:56:42,958 - utils_portfolio - INFO - HBAN - running symbols strategy to get entries and exits
2024-12-13 19:57:39,831 - utils_portfolio - INFO - Evaluating symbol if to open, close, or no change
2024-12-13 19:57:39,884 - root - INFO - Portfolio p2 symbols actions - {'UPRO': 'close', 'IYR': 'no_change', 'AMZN': 'no_change', 'MRK': 'no_change', 'SHOP': 'no_change', 'KEY': 'no_change', 'IBM': 'no_change', 'TSM': 'close', 'CAG': 'no_change', 'MMM': 'no_change', 'MDLZ': 'no_change', 'HBAN': 'no_change'}
2024-12-13 19:57:39,884 - utils_portfolio - INFO - Submitting orders to close existing positions
2024-12-13 19:57:40,391 - utils_portfolio - WARNING - UPRO - trying to close non-existing position
2024-12-13 19:57:40,595 - utils_portfolio - WARNING - TSM - trying to close non-existing position
2024-12-13 19:57:40,598 - utils_portfolio - INFO - Updating state of portfolio - p2
2024-12-13 19:57:40,600 - utils_portfolio - INFO - Calculating closed trades stats
2024-12-13 19:57:40,600 - utils_portfolio - INFO - Processing symbol - UPRO
2024-12-13 19:57:41,126 - utils_portfolio - INFO - Processing symbol - IYR
2024-12-13 19:57:41,318 - utils_portfolio - INFO - Processing symbol - AMZN
2024-12-13 19:57:41,522 - utils_portfolio - INFO - Processing symbol - MRK
2024-12-13 19:57:41,728 - utils_portfolio - INFO - Processing symbol - SHOP
2024-12-13 19:57:41,881 - utils_portfolio - INFO - Processing symbol - KEY
2024-12-13 19:57:42,006 - utils_portfolio - INFO - Processing symbol - IBM
2024-12-13 19:57:42,239 - utils_portfolio - INFO - Processing symbol - TSM
2024-12-13 19:57:42,445 - utils_portfolio - INFO - Processing symbol - CAG
2024-12-13 19:57:42,649 - utils_portfolio - INFO - Processing symbol - MMM
2024-12-13 19:57:42,850 - utils_portfolio - INFO - Processing symbol - MDLZ
2024-12-13 19:57:43,059 - utils_portfolio - INFO - Processing symbol - HBAN
2024-12-13 19:57:43,272 - utils_portfolio - INFO - Calculating open trades stats
2024-12-13 19:57:43,273 - utils_portfolio - INFO - Processing symbol - UPRO
2024-12-13 19:57:43,770 - utils_portfolio - INFO - Processing symbol - IYR
2024-12-13 19:57:43,974 - utils_portfolio - INFO - Processing symbol - AMZN
2024-12-13 19:57:44,179 - utils_portfolio - INFO - Processing symbol - MRK
2024-12-13 19:57:44,384 - utils_portfolio - INFO - Processing symbol - SHOP
2024-12-13 19:57:44,588 - utils_portfolio - INFO - Processing symbol - KEY
2024-12-13 19:57:44,793 - utils_portfolio - INFO - Processing symbol - IBM
2024-12-13 19:57:44,998 - utils_portfolio - INFO - Processing symbol - TSM
2024-12-13 19:57:45,202 - utils_portfolio - INFO - Processing symbol - CAG
2024-12-13 19:57:45,406 - utils_portfolio - INFO - Processing symbol - MMM
2024-12-13 19:57:45,612 - utils_portfolio - INFO - Processing symbol - MDLZ
2024-12-13 19:57:45,818 - utils_portfolio - INFO - Processing symbol - HBAN
2024-12-13 19:57:46,046 - utils_portfolio - INFO - Portfolio p2 - calculating position sizes
2024-12-13 19:57:46,064 - root - INFO - Portfolio p2 position sizes - symbol
UPRO    100.0
IYR     100.0
AMZN    100.0
MRK     100.0
SHOP    100.0
KEY     100.0
IBM     100.0
TSM     100.0
CAG     100.0
MMM     100.0
MDLZ    100.0
HBAN    100.0
Name: position, dtype: float64
2024-12-13 19:57:46,064 - utils_portfolio - INFO - Submitting orders to open positions
2024-12-13 19:57:46,064 - root - INFO - XXXXXXXXXXXXXXXXXXXX --- Portfolio p2 - DONE --- XXXXXXXXXXXXXXXXXXXX
2024-12-13 19:57:46,064 - utils_portfolio - INFO - Updating whole portfolio state
2024-12-13 19:57:47,047 - utils_portfolio - INFO - Calculating open trades stats
2024-12-13 19:57:47,048 - utils_portfolio - INFO - Processing symbol - PBR
2024-12-13 19:57:47,660 - utils_portfolio - INFO - Processing symbol - UPRO
2024-12-13 19:57:47,865 - utils_portfolio - INFO - Processing symbol - IYR
2024-12-13 19:57:48,069 - utils_portfolio - INFO - Processing symbol - AMZN
2024-12-13 19:57:48,197 - utils_portfolio - INFO - Processing symbol - MRK
2024-12-13 19:57:48,311 - utils_portfolio - INFO - Processing symbol - SHOP
2024-12-13 19:57:48,479 - utils_portfolio - INFO - Processing symbol - KEY
2024-12-13 19:57:48,684 - utils_portfolio - INFO - Processing symbol - IBM
2024-12-13 19:57:48,888 - utils_portfolio - INFO - Processing symbol - TSM
2024-12-13 19:57:49,094 - utils_portfolio - INFO - Processing symbol - CAG
2024-12-13 19:57:49,298 - utils_portfolio - INFO - Processing symbol - MMM
2024-12-13 19:57:49,502 - utils_portfolio - INFO - Processing symbol - MDLZ
2024-12-13 19:57:49,708 - utils_portfolio - INFO - Processing symbol - HBAN
2024-12-13 19:57:49,914 - utils_portfolio - INFO - Calculating closed trades stats
2024-12-13 19:57:49,914 - utils_portfolio - INFO - Processing symbol - PBR
2024-12-13 19:57:50,330 - utils_portfolio - INFO - Processing symbol - UPRO
2024-12-13 19:57:50,536 - utils_portfolio - INFO - Processing symbol - IYR
2024-12-13 19:57:50,738 - utils_portfolio - INFO - Processing symbol - AMZN
2024-12-13 19:57:50,938 - utils_portfolio - INFO - Processing symbol - MRK
2024-12-13 19:57:51,144 - utils_portfolio - INFO - Processing symbol - SHOP
2024-12-13 19:57:51,263 - utils_portfolio - INFO - Processing symbol - KEY
2024-12-13 19:57:51,390 - utils_portfolio - INFO - Processing symbol - IBM
2024-12-13 19:57:51,552 - utils_portfolio - INFO - Processing symbol - TSM
2024-12-13 19:57:51,762 - utils_portfolio - INFO - Processing symbol - CAG
2024-12-13 19:57:51,967 - utils_portfolio - INFO - Processing symbol - MMM
2024-12-13 19:57:52,172 - utils_portfolio - INFO - Processing symbol - MDLZ
2024-12-13 19:57:52,378 - utils_portfolio - INFO - Processing symbol - HBAN
2024-12-13 19:57:52,636 - utils_portfolio - INFO - Updating state of symbols
2024-12-13 19:57:52,637 - utils_portfolio - INFO - Calculating closed trades stats
2024-12-13 19:57:52,637 - utils_portfolio - INFO - Processing symbol - IYR
2024-12-13 19:57:53,197 - utils_portfolio - INFO - Processing symbol - KEY
2024-12-13 19:57:53,397 - utils_portfolio - INFO - Processing symbol - AMZN
2024-12-13 19:57:53,610 - utils_portfolio - INFO - Processing symbol - MMM
2024-12-13 19:57:53,811 - utils_portfolio - INFO - Processing symbol - CAG
2024-12-13 19:57:54,011 - utils_portfolio - INFO - Processing symbol - IBM
2024-12-13 19:57:54,134 - utils_portfolio - INFO - Processing symbol - PBR
2024-12-13 19:57:54,324 - utils_portfolio - INFO - Processing symbol - SHOP
2024-12-13 19:57:54,529 - utils_portfolio - INFO - Processing symbol - UPRO
2024-12-13 19:57:54,720 - utils_portfolio - INFO - Processing symbol - MDLZ
2024-12-13 19:57:54,932 - utils_portfolio - INFO - Processing symbol - TSM
2024-12-13 19:57:55,136 - utils_portfolio - INFO - Processing symbol - HBAN
2024-12-13 19:57:55,293 - utils_portfolio - INFO - Processing symbol - MRK
2024-12-13 19:57:55,420 - utils_portfolio - INFO - Calculating open trades stats
2024-12-13 19:57:55,422 - utils_portfolio - INFO - Processing symbol - IYR
2024-12-13 19:57:55,953 - utils_portfolio - INFO - Processing symbol - KEY
2024-12-13 19:57:56,160 - utils_portfolio - INFO - Processing symbol - AMZN
2024-12-13 19:57:56,365 - utils_portfolio - INFO - Processing symbol - MMM
2024-12-13 19:57:56,480 - utils_portfolio - INFO - Processing symbol - CAG
2024-12-13 19:57:56,595 - utils_portfolio - INFO - Processing symbol - IBM
2024-12-13 19:57:56,775 - utils_portfolio - INFO - Processing symbol - PBR
2024-12-13 19:57:56,889 - utils_portfolio - INFO - Processing symbol - SHOP
2024-12-13 19:57:57,081 - utils_portfolio - INFO - Processing symbol - UPRO
2024-12-13 19:57:57,286 - utils_portfolio - INFO - Processing symbol - MDLZ
2024-12-13 19:57:57,491 - utils_portfolio - INFO - Processing symbol - TSM
2024-12-13 19:57:57,696 - utils_portfolio - INFO - Processing symbol - HBAN
2024-12-13 19:57:57,899 - utils_portfolio - INFO - Processing symbol - MRK
2024-12-13 19:57:58,044 - utils_portfolio - INFO - Updating symbol stats - IYR
