2024-07-29 11:15:42,142 - root - INFO - Logger is setup
2024-07-29 11:15:42,206 - utils_portfolio - INFO - Updating whole portfolio state
2024-07-29 11:15:43,184 - utils_portfolio - INFO - Calculating open trades stats
2024-07-29 11:15:43,184 - utils_portfolio - INFO - Processing symbol - PLTR
2024-07-29 11:15:43,928 - utils_portfolio - INFO - Processing symbol - BTC/USD
2024-07-29 11:15:44,042 - utils_portfolio - INFO - Processing symbol - AAL
2024-07-29 11:15:44,156 - utils_portfolio - INFO - Processing symbol - VRT
2024-07-29 11:15:44,269 - utils_portfolio - INFO - Processing symbol - GBTC
2024-07-29 11:15:44,383 - utils_portfolio - INFO - Processing symbol - DELL
2024-07-29 11:15:44,497 - utils_portfolio - INFO - Processing symbol - GM
2024-07-29 11:15:44,609 - utils_portfolio - INFO - Processing symbol - IYR
2024-07-29 11:15:44,854 - utils_portfolio - INFO - Processing symbol - DKNG
2024-07-29 11:15:45,009 - utils_portfolio - INFO - Processing symbol - EBAY
2024-07-29 11:15:45,422 - utils_portfolio - INFO - Processing symbol - CRWD
2024-07-29 11:15:45,623 - utils_portfolio - INFO - Processing symbol - AAPL
2024-07-29 11:15:45,829 - utils_portfolio - INFO - Processing symbol - GOOGL
2024-07-29 11:15:46,033 - utils_portfolio - INFO - Processing symbol - META
2024-07-29 11:15:46,238 - utils_portfolio - INFO - Processing symbol - MRVL
2024-07-29 11:15:46,350 - utils_portfolio - INFO - Processing symbol - MSTR
2024-07-29 11:15:46,462 - utils_portfolio - INFO - Processing symbol - SCHD
2024-07-29 11:15:46,706 - utils_portfolio - INFO - Processing symbol - BITO
2024-07-29 11:15:46,819 - utils_portfolio - INFO - Processing symbol - AVGO
2024-07-29 11:15:47,166 - utils_portfolio - INFO - Processing symbol - SOUN
2024-07-29 11:15:47,364 - utils_portfolio - INFO - Processing symbol - TSLA
2024-07-29 11:15:47,569 - utils_portfolio - INFO - Processing symbol - NVDA
2024-07-29 11:15:47,774 - utils_portfolio - INFO - Processing symbol - AMD
2024-07-29 11:15:47,888 - utils_portfolio - INFO - Processing symbol - QQQ
2024-07-29 11:15:48,003 - utils_portfolio - INFO - Processing symbol - AMZN
2024-07-29 11:15:48,117 - utils_portfolio - INFO - Processing symbol - TQQQ
2024-07-29 11:15:48,229 - utils_portfolio - INFO - Processing symbol - VOO
2024-07-29 11:15:48,340 - utils_portfolio - INFO - Processing symbol - BABA
2024-07-29 11:15:48,490 - utils_portfolio - INFO - Processing symbol - BA
2024-07-29 11:15:48,904 - utils_portfolio - INFO - Processing symbol - XLI
2024-07-29 11:15:49,105 - utils_portfolio - INFO - Processing symbol - RIOT
2024-07-29 11:15:49,310 - utils_portfolio - INFO - Processing symbol - NEE
2024-07-29 11:15:49,725 - utils_portfolio - INFO - Processing symbol - SLV
2024-07-29 11:15:49,924 - utils_portfolio - INFO - Processing symbol - SHOP
2024-07-29 11:15:50,129 - utils_portfolio - INFO - Processing symbol - FAST
2024-07-29 11:15:50,543 - utils_portfolio - INFO - Processing symbol - SPXL
2024-07-29 11:15:50,743 - utils_portfolio - INFO - Processing symbol - VALE
2024-07-29 11:15:50,948 - utils_portfolio - INFO - Processing symbol - SNAP
2024-07-29 11:15:51,153 - utils_portfolio - INFO - Processing symbol - WDC
2024-07-29 11:15:51,358 - utils_portfolio - INFO - Processing symbol - MO
2024-07-29 11:15:51,774 - utils_portfolio - INFO - Processing symbol - PM
2024-07-29 11:15:52,188 - utils_portfolio - INFO - Processing symbol - SQ
2024-07-29 11:15:52,381 - utils_portfolio - INFO - Processing symbol - PDD
2024-07-29 11:15:52,586 - utils_portfolio - INFO - Processing symbol - ABBV
2024-07-29 11:15:53,004 - utils_portfolio - INFO - Processing symbol - ON
2024-07-29 11:15:53,303 - utils_portfolio - INFO - Processing symbol - UPRO
2024-07-29 11:15:53,508 - utils_portfolio - INFO - Processing symbol - TSLL
2024-07-29 11:15:53,716 - utils_portfolio - INFO - Processing symbol - PBR
2024-07-29 11:15:53,916 - utils_portfolio - INFO - Processing symbol - MP
2024-07-29 11:15:54,123 - utils_portfolio - INFO - Processing symbol - U
2024-07-29 11:15:54,363 - utils_portfolio - INFO - Calculating closed trades stats
2024-07-29 11:15:54,364 - utils_portfolio - INFO - Processing symbol - PLTR
2024-07-29 11:15:54,853 - utils_portfolio - INFO - Processing symbol - BTC/USD
2024-07-29 11:15:55,053 - utils_portfolio - INFO - Processing symbol - AAL
2024-07-29 11:15:55,280 - utils_portfolio - INFO - Processing symbol - VRT
2024-07-29 11:15:55,488 - utils_portfolio - INFO - Processing symbol - GBTC
2024-07-29 11:15:55,689 - utils_portfolio - INFO - Processing symbol - DELL
2024-07-29 11:15:55,896 - utils_portfolio - INFO - Processing symbol - GM
2024-07-29 11:15:56,101 - utils_portfolio - INFO - Processing symbol - IYR
2024-07-29 11:15:56,304 - utils_portfolio - INFO - Processing symbol - DKNG
2024-07-29 11:15:56,510 - utils_portfolio - INFO - Processing symbol - EBAY
2024-07-29 11:15:56,711 - utils_portfolio - INFO - Processing symbol - CRWD
2024-07-29 11:15:56,919 - utils_portfolio - INFO - Processing symbol - AAPL
2024-07-29 11:15:57,124 - utils_portfolio - INFO - Processing symbol - GOOGL
2024-07-29 11:15:57,329 - utils_portfolio - INFO - Processing symbol - META
2024-07-29 11:15:57,636 - utils_portfolio - INFO - Processing symbol - MRVL
2024-07-29 11:15:57,840 - utils_portfolio - INFO - Processing symbol - MSTR
2024-07-29 11:15:58,045 - utils_portfolio - INFO - Processing symbol - SCHD
2024-07-29 11:15:58,189 - utils_portfolio - INFO - Processing symbol - BITO
2024-07-29 11:15:58,352 - utils_portfolio - INFO - Processing symbol - AVGO
2024-07-29 11:15:58,534 - utils_portfolio - INFO - Processing symbol - SOUN
2024-07-29 11:15:58,766 - utils_portfolio - INFO - Processing symbol - TSLA
2024-07-29 11:15:58,969 - utils_portfolio - INFO - Processing symbol - NVDA
2024-07-29 11:15:59,172 - utils_portfolio - INFO - Processing symbol - AMD
2024-07-29 11:15:59,377 - utils_portfolio - INFO - Processing symbol - QQQ
2024-07-29 11:15:59,579 - utils_portfolio - INFO - Processing symbol - AMZN
2024-07-29 11:15:59,786 - utils_portfolio - INFO - Processing symbol - TQQQ
2024-07-29 11:15:59,992 - utils_portfolio - INFO - Processing symbol - VOO
2024-07-29 11:16:00,191 - utils_portfolio - INFO - Processing symbol - BABA
2024-07-29 11:16:00,402 - utils_portfolio - INFO - Processing symbol - BA
2024-07-29 11:16:00,600 - utils_portfolio - INFO - Processing symbol - XLI
2024-07-29 11:16:00,813 - utils_portfolio - INFO - Processing symbol - RIOT
2024-07-29 11:16:01,019 - utils_portfolio - INFO - Processing symbol - NEE
2024-07-29 11:16:01,214 - utils_portfolio - INFO - Processing symbol - SLV
2024-07-29 11:16:01,424 - utils_portfolio - INFO - Processing symbol - SHOP
2024-07-29 11:16:01,629 - utils_portfolio - INFO - Processing symbol - FAST
2024-07-29 11:16:01,835 - utils_portfolio - INFO - Processing symbol - SPXL
2024-07-29 11:16:02,037 - utils_portfolio - INFO - Processing symbol - VALE
2024-07-29 11:16:02,225 - utils_portfolio - INFO - Processing symbol - SNAP
2024-07-29 11:16:02,448 - utils_portfolio - INFO - Processing symbol - WDC
2024-07-29 11:16:02,655 - utils_portfolio - INFO - Processing symbol - MO
2024-07-29 11:16:02,851 - utils_portfolio - INFO - Processing symbol - PM
2024-07-29 11:16:03,062 - utils_portfolio - INFO - Processing symbol - SQ
2024-07-29 11:16:03,243 - utils_portfolio - INFO - Processing symbol - PDD
2024-07-29 11:16:03,474 - utils_portfolio - INFO - Processing symbol - ABBV
2024-07-29 11:16:03,676 - utils_portfolio - INFO - Processing symbol - ON
2024-07-29 11:16:03,823 - utils_portfolio - INFO - Processing symbol - UPRO
2024-07-29 11:16:03,984 - utils_portfolio - INFO - Processing symbol - TSLL
2024-07-29 11:16:04,131 - utils_portfolio - INFO - Processing symbol - PBR
2024-07-29 11:16:04,290 - utils_portfolio - INFO - Processing symbol - MP
2024-07-29 11:16:04,478 - utils_portfolio - INFO - Processing symbol - U
2024-07-29 11:16:04,930 - utils_portfolio - INFO - Updating info of portfolio - p1
2024-07-29 11:16:04,997 - utils_portfolio - INFO - Calculating symbols weights
2024-07-29 11:16:04,997 - root - INFO - Portfolio p1 symbols weights - {'PLTR': 0.09090909090909091, 'BTC/USD': 0.09090909090909091, 'AAL': 0.09090909090909091, 'VRT': 0.09090909090909091, 'GBTC': 0.09090909090909091, 'DELL': 0.09090909090909091, 'GM': 0.09090909090909091, 'IYR': 0.09090909090909091, 'DKNG': 0.09090909090909091, 'EBAY': 0.09090909090909091, 'CRWD': 0.09090909090909091}
2024-07-29 11:16:04,998 - utils_strategy - INFO - PLTR - downloading data from alpaca
2024-07-29 11:16:05,836 - utils_portfolio - INFO - Checking if we have correct date
2024-07-29 11:16:05,836 - utils_portfolio - INFO - PLTR - running symbols strategy to get entries and exits
2024-07-29 11:16:05,851 - utils_portfolio - INFO - Evaluating symbol if to open, close, or no change
2024-07-29 11:16:10,891 - utils_strategy - INFO - BTC/USD - downloading data from alpaca
2024-07-29 11:16:11,978 - utils_portfolio - INFO - Checking if we have correct date
2024-07-29 11:16:11,978 - utils_portfolio - INFO - BTC/USD - running symbols strategy to get entries and exits
2024-07-29 11:16:11,997 - utils_portfolio - INFO - Evaluating symbol if to open, close, or no change
2024-07-29 11:16:12,035 - utils_strategy - INFO - AAL - downloading data from alpaca
2024-07-29 11:16:13,419 - utils_portfolio - INFO - Checking if we have correct date
2024-07-29 11:16:13,420 - utils_portfolio - INFO - AAL - running symbols strategy to get entries and exits
2024-07-29 11:16:13,436 - utils_portfolio - INFO - Evaluating symbol if to open, close, or no change
2024-07-29 11:16:13,476 - utils_strategy - INFO - VRT - downloading data from alpaca
2024-07-29 11:16:14,356 - utils_portfolio - INFO - Checking if we have correct date
2024-07-29 11:16:14,356 - utils_portfolio - INFO - VRT - running symbols strategy to get entries and exits
2024-07-29 11:16:14,371 - utils_portfolio - INFO - Evaluating symbol if to open, close, or no change
2024-07-29 11:16:14,403 - utils_strategy - INFO - GBTC - downloading data from alpaca
2024-07-29 11:16:14,916 - utils_portfolio - INFO - Checking if we have correct date
2024-07-29 11:16:14,917 - utils_portfolio - INFO - GBTC - running symbols strategy to get entries and exits
2024-07-29 11:16:14,925 - utils_portfolio - INFO - Evaluating symbol if to open, close, or no change
2024-07-29 11:16:14,954 - utils_strategy - INFO - DELL - downloading data from alpaca
2024-07-29 11:16:15,858 - utils_portfolio - INFO - Checking if we have correct date
2024-07-29 11:16:15,859 - utils_portfolio - INFO - DELL - running symbols strategy to get entries and exits
2024-07-29 11:16:15,872 - utils_portfolio - INFO - Evaluating symbol if to open, close, or no change
2024-07-29 11:16:15,915 - utils_strategy - INFO - GM - downloading data from alpaca
2024-07-29 11:16:17,230 - utils_portfolio - INFO - Checking if we have correct date
2024-07-29 11:16:17,230 - utils_portfolio - INFO - GM - running symbols strategy to get entries and exits
2024-07-29 11:16:17,250 - utils_portfolio - INFO - Evaluating symbol if to open, close, or no change
2024-07-29 11:16:17,283 - utils_strategy - INFO - IYR - downloading data from alpaca
2024-07-29 11:16:18,665 - utils_portfolio - INFO - Checking if we have correct date
2024-07-29 11:16:18,665 - utils_portfolio - INFO - IYR - running symbols strategy to get entries and exits
2024-07-29 11:16:18,684 - utils_portfolio - INFO - Evaluating symbol if to open, close, or no change
2024-07-29 11:16:18,716 - utils_strategy - INFO - DKNG - downloading data from alpaca
2024-07-29 11:16:19,476 - utils_portfolio - INFO - Checking if we have correct date
2024-07-29 11:16:19,476 - utils_portfolio - INFO - DKNG - running symbols strategy to get entries and exits
2024-07-29 11:16:19,493 - utils_portfolio - INFO - Evaluating symbol if to open, close, or no change
2024-07-29 11:16:19,532 - utils_strategy - INFO - EBAY - downloading data from alpaca
2024-07-29 11:16:20,789 - utils_portfolio - INFO - Checking if we have correct date
2024-07-29 11:16:20,789 - utils_portfolio - INFO - EBAY - running symbols strategy to get entries and exits
2024-07-29 11:16:20,808 - utils_portfolio - INFO - Evaluating symbol if to open, close, or no change
2024-07-29 11:16:20,841 - utils_strategy - INFO - CRWD - downloading data from alpaca
2024-07-29 11:16:21,826 - utils_portfolio - INFO - Checking if we have correct date
2024-07-29 11:16:21,826 - utils_portfolio - INFO - CRWD - running symbols strategy to get entries and exits
2024-07-29 11:16:21,838 - utils_portfolio - INFO - Evaluating symbol if to open, close, or no change
2024-07-29 11:16:21,870 - root - INFO - Portfolio p1 symbols actions - {'PLTR': 'no_change', 'BTCUSD': 'open', 'AAL': 'no_change', 'VRT': 'no_change', 'GBTC': 'no_change', 'DELL': 'no_change', 'GM': 'no_change', 'IYR': 'no_change', 'DKNG': 'no_change', 'EBAY': 'no_change', 'CRWD': 'no_change'}
2024-07-29 11:16:21,870 - utils_portfolio - INFO - Submitting orders to close existing positions
2024-07-29 11:16:21,871 - utils_portfolio - INFO - Updating state of portfolio - p1
2024-07-29 11:16:21,871 - utils_portfolio - INFO - Calculating closed trades stats
2024-07-29 11:16:21,872 - utils_portfolio - INFO - Processing symbol - PLTR
2024-07-29 11:16:22,414 - utils_portfolio - INFO - Processing symbol - BTC/USD
2024-07-29 11:16:22,599 - utils_portfolio - INFO - Processing symbol - AAL
2024-07-29 11:16:22,824 - utils_portfolio - INFO - Processing symbol - VRT
2024-07-29 11:16:23,034 - utils_portfolio - INFO - Processing symbol - GBTC
2024-07-29 11:16:23,182 - utils_portfolio - INFO - Processing symbol - DELL
2024-07-29 11:16:23,339 - utils_portfolio - INFO - Processing symbol - GM
2024-07-29 11:16:23,545 - utils_portfolio - INFO - Processing symbol - IYR
2024-07-29 11:16:23,748 - utils_portfolio - INFO - Processing symbol - DKNG
2024-07-29 11:16:23,954 - utils_portfolio - INFO - Processing symbol - EBAY
2024-07-29 11:16:24,159 - utils_portfolio - INFO - Processing symbol - CRWD
2024-07-29 11:16:24,368 - utils_portfolio - INFO - Calculating open trades stats
2024-07-29 11:16:24,368 - utils_portfolio - INFO - Processing symbol - PLTR
2024-07-29 11:16:25,063 - utils_portfolio - INFO - Processing symbol - BTC/USD
2024-07-29 11:16:25,252 - utils_portfolio - INFO - Processing symbol - AAL
2024-07-29 11:16:25,457 - utils_portfolio - INFO - Processing symbol - VRT
2024-07-29 11:16:25,663 - utils_portfolio - INFO - Processing symbol - GBTC
2024-07-29 11:16:25,868 - utils_portfolio - INFO - Processing symbol - DELL
2024-07-29 11:16:26,072 - utils_portfolio - INFO - Processing symbol - GM
2024-07-29 11:16:26,277 - utils_portfolio - INFO - Processing symbol - IYR
2024-07-29 11:16:26,692 - utils_portfolio - INFO - Processing symbol - DKNG
2024-07-29 11:16:26,891 - utils_portfolio - INFO - Processing symbol - EBAY
2024-07-29 11:16:27,306 - utils_portfolio - INFO - Processing symbol - CRWD
2024-07-29 11:16:27,588 - utils_portfolio - INFO - Portfolio p1 - calculating position sizes
2024-07-29 11:16:27,613 - root - INFO - Portfolio p1 position sizes - symbol
PLTR      452.12
BTCUSD    450.28
AAL       450.28
VRT       450.28
GBTC      450.28
DELL      450.28
GM        450.28
IYR       452.12
DKNG      450.28
EBAY      452.12
CRWD      450.28
Name: position, dtype: float64
2024-07-29 11:16:27,613 - utils_portfolio - INFO - Submitting orders to open positions
2024-07-29 11:16:28,124 - root - INFO - XXXXXXXXXXXXXXXXXXXX --- Portfolio p1 - DONE --- XXXXXXXXXXXXXXXXXXXX
2024-07-29 11:16:28,125 - utils_portfolio - INFO - Updating info of portfolio - p2
2024-07-29 11:16:28,187 - utils_portfolio - INFO - Calculating symbols weights
2024-07-29 11:16:28,187 - utils_portfolio - INFO - Calculating closed trades count
2024-07-29 11:16:30,396 - root - INFO - Portfolio p2 symbols weights - {'AAPL': 0.1111111111111111, 'GOOGL': 0.1111111111111111, 'META': 0.1111111111111111, 'MRVL': 0.1111111111111111, 'MSTR': 0.1111111111111111, 'SCHD': 0.1111111111111111, 'BITO': 0.1111111111111111, 'AVGO': 0.1111111111111111, 'SOUN': 0.1111111111111111}
2024-07-29 11:16:30,397 - utils_strategy - INFO - AAPL - downloading data from yfinance
2024-07-29 11:16:31,044 - utils_portfolio - INFO - Checking if we have correct date
2024-07-29 11:16:31,044 - utils_portfolio - INFO - AAPL - running symbols strategy to get entries and exits
2024-07-29 11:16:31,052 - utils_portfolio - INFO - Evaluating symbol if to open, close, or no change
2024-07-29 11:16:31,285 - utils_strategy - INFO - GOOGL - downloading data from yfinance
2024-07-29 11:16:31,485 - utils_portfolio - INFO - Checking if we have correct date
2024-07-29 11:16:31,485 - utils_portfolio - INFO - GOOGL - running symbols strategy to get entries and exits
2024-07-29 11:16:31,492 - utils_portfolio - INFO - Evaluating symbol if to open, close, or no change
2024-07-29 11:16:31,525 - utils_strategy - INFO - META - downloading data from yfinance
2024-07-29 11:16:31,738 - utils_portfolio - INFO - Checking if we have correct date
2024-07-29 11:16:31,738 - utils_portfolio - INFO - META - running symbols strategy to get entries and exits
2024-07-29 11:16:31,746 - utils_portfolio - INFO - Evaluating symbol if to open, close, or no change
2024-07-29 11:16:31,777 - utils_strategy - INFO - MRVL - downloading data from yfinance
2024-07-29 11:16:31,993 - utils_portfolio - INFO - Checking if we have correct date
2024-07-29 11:16:31,993 - utils_portfolio - INFO - MRVL - running symbols strategy to get entries and exits
2024-07-29 11:16:32,001 - utils_portfolio - INFO - Evaluating symbol if to open, close, or no change
2024-07-29 11:16:32,041 - utils_strategy - INFO - MSTR - downloading data from yfinance
2024-07-29 11:16:32,238 - utils_portfolio - INFO - Checking if we have correct date
2024-07-29 11:16:32,238 - utils_portfolio - INFO - MSTR - running symbols strategy to get entries and exits
2024-07-29 11:16:32,246 - utils_portfolio - INFO - Evaluating symbol if to open, close, or no change
2024-07-29 11:16:32,281 - utils_strategy - INFO - SCHD - downloading data from yfinance
2024-07-29 11:16:32,489 - utils_portfolio - INFO - Checking if we have correct date
2024-07-29 11:16:32,489 - utils_portfolio - INFO - SCHD - running symbols strategy to get entries and exits
2024-07-29 11:16:32,496 - utils_portfolio - INFO - Evaluating symbol if to open, close, or no change
2024-07-29 11:16:32,527 - utils_strategy - INFO - BITO - downloading data from yfinance
2024-07-29 11:16:32,635 - utils_portfolio - INFO - Checking if we have correct date
2024-07-29 11:16:32,635 - utils_portfolio - INFO - BITO - running symbols strategy to get entries and exits
2024-07-29 11:16:32,645 - utils_portfolio - INFO - Evaluating symbol if to open, close, or no change
2024-07-29 11:16:32,678 - utils_strategy - INFO - AVGO - downloading data from yfinance
2024-07-29 11:16:32,843 - utils_portfolio - INFO - Checking if we have correct date
2024-07-29 11:16:32,843 - utils_portfolio - INFO - AVGO - running symbols strategy to get entries and exits
2024-07-29 11:16:32,851 - utils_portfolio - INFO - Evaluating symbol if to open, close, or no change
2024-07-29 11:16:32,884 - utils_strategy - INFO - SOUN - downloading data from yfinance
2024-07-29 11:16:32,982 - utils_portfolio - INFO - Checking if we have correct date
2024-07-29 11:16:32,983 - utils_portfolio - INFO - SOUN - running symbols strategy to get entries and exits
2024-07-29 11:16:32,993 - utils_portfolio - INFO - Evaluating symbol if to open, close, or no change
2024-07-29 11:16:33,018 - root - INFO - Portfolio p2 symbols actions - {'AAPL': 'no_change', 'GOOGL': 'no_change', 'META': 'open', 'MRVL': 'no_change', 'MSTR': 'no_change', 'SCHD': 'no_change', 'BITO': 'no_change', 'AVGO': 'no_change', 'SOUN': 'no_change'}
2024-07-29 11:16:33,018 - utils_portfolio - INFO - Submitting orders to close existing positions
2024-07-29 11:16:33,018 - utils_portfolio - INFO - Updating state of portfolio - p2
2024-07-29 11:16:33,018 - utils_portfolio - INFO - Calculating closed trades stats
2024-07-29 11:16:33,018 - utils_portfolio - INFO - Processing symbol - AAPL
2024-07-29 11:16:33,661 - utils_portfolio - INFO - Processing symbol - GOOGL
2024-07-29 11:16:33,886 - utils_portfolio - INFO - Processing symbol - META
2024-07-29 11:16:34,092 - utils_portfolio - INFO - Processing symbol - MRVL
2024-07-29 11:16:34,304 - utils_portfolio - INFO - Processing symbol - MSTR
2024-07-29 11:16:34,501 - utils_portfolio - INFO - Processing symbol - SCHD
2024-07-29 11:16:34,715 - utils_portfolio - INFO - Processing symbol - BITO
2024-07-29 11:16:34,912 - utils_portfolio - INFO - Processing symbol - AVGO
2024-07-29 11:16:35,127 - utils_portfolio - INFO - Processing symbol - SOUN
2024-07-29 11:16:35,326 - utils_portfolio - INFO - Calculating open trades stats
2024-07-29 11:16:35,327 - utils_portfolio - INFO - Processing symbol - AAPL
2024-07-29 11:16:35,804 - utils_portfolio - INFO - Processing symbol - GOOGL
2024-07-29 11:16:36,006 - utils_portfolio - INFO - Processing symbol - META
2024-07-29 11:16:36,211 - utils_portfolio - INFO - Processing symbol - MRVL
2024-07-29 11:16:36,415 - utils_portfolio - INFO - Processing symbol - MSTR
2024-07-29 11:16:36,620 - utils_portfolio - INFO - Processing symbol - SCHD
2024-07-29 11:16:37,036 - utils_portfolio - INFO - Processing symbol - BITO
2024-07-29 11:16:37,234 - utils_portfolio - INFO - Processing symbol - AVGO
2024-07-29 11:16:37,651 - utils_portfolio - INFO - Processing symbol - SOUN
2024-07-29 11:16:37,918 - utils_portfolio - INFO - Portfolio p2 - calculating position sizes
2024-07-29 11:16:37,944 - root - INFO - Portfolio p2 position sizes - symbol
AAPL     560.02
GOOGL    560.02
META     560.02
MRVL     560.02
MSTR     560.02
SCHD     560.02
BITO     560.02
AVGO     560.02
SOUN     560.02
Name: position, dtype: float64
2024-07-29 11:16:37,944 - utils_portfolio - INFO - Submitting orders to open positions
2024-07-29 11:16:38,466 - root - INFO - XXXXXXXXXXXXXXXXXXXX --- Portfolio p2 - DONE --- XXXXXXXXXXXXXXXXXXXX
2024-07-29 11:16:38,466 - utils_portfolio - INFO - Updating info of portfolio - p3
2024-07-29 11:16:38,551 - utils_portfolio - INFO - Calculating symbols weights
2024-07-29 11:16:38,551 - root - INFO - Portfolio p3 symbols weights - {'TSLA': 0.1, 'NVDA': 0.1, 'AMD': 0.1, 'QQQ': 0.1, 'AMZN': 0.1, 'TQQQ': 0.1, 'VOO': 0.1, 'BABA': 0.1, 'BA': 0.1, 'XLI': 0.1}
2024-07-29 11:16:38,552 - utils_strategy - INFO - TSLA - downloading data from yfinance
2024-07-29 11:16:38,797 - utils_portfolio - INFO - Checking if we have correct date
2024-07-29 11:16:38,797 - utils_portfolio - INFO - TSLA - running symbols strategy to get entries and exits
2024-07-29 11:16:38,805 - utils_portfolio - INFO - Evaluating symbol if to open, close, or no change
2024-07-29 11:16:38,842 - utils_strategy - INFO - NVDA - downloading data from yfinance
2024-07-29 11:16:39,133 - utils_portfolio - INFO - Checking if we have correct date
2024-07-29 11:16:39,133 - utils_portfolio - INFO - NVDA - running symbols strategy to get entries and exits
2024-07-29 11:16:39,141 - utils_portfolio - INFO - Evaluating symbol if to open, close, or no change
2024-07-29 11:16:39,182 - utils_strategy - INFO - AMD - downloading data from yfinance
2024-07-29 11:16:39,388 - utils_portfolio - INFO - Checking if we have correct date
2024-07-29 11:16:39,388 - utils_portfolio - INFO - AMD - running symbols strategy to get entries and exits
2024-07-29 11:16:39,396 - utils_portfolio - INFO - Evaluating symbol if to open, close, or no change
2024-07-29 11:16:39,436 - utils_strategy - INFO - QQQ - downloading data from yfinance
2024-07-29 11:16:39,839 - utils_portfolio - INFO - Checking if we have correct date
2024-07-29 11:16:39,839 - utils_portfolio - INFO - QQQ - running symbols strategy to get entries and exits
2024-07-29 11:16:39,847 - utils_portfolio - INFO - Evaluating symbol if to open, close, or no change
2024-07-29 11:16:39,883 - utils_strategy - INFO - AMZN - downloading data from yfinance
2024-07-29 11:16:40,458 - utils_portfolio - INFO - Checking if we have correct date
2024-07-29 11:16:40,458 - utils_portfolio - INFO - AMZN - running symbols strategy to get entries and exits
2024-07-29 11:16:40,469 - utils_portfolio - INFO - Evaluating symbol if to open, close, or no change
2024-07-29 11:16:40,509 - utils_strategy - INFO - TQQQ - downloading data from yfinance
2024-07-29 11:16:40,813 - utils_portfolio - INFO - Checking if we have correct date
2024-07-29 11:16:40,813 - utils_portfolio - INFO - TQQQ - running symbols strategy to get entries and exits
2024-07-29 11:16:40,820 - utils_portfolio - INFO - Evaluating symbol if to open, close, or no change
2024-07-29 11:16:40,851 - utils_strategy - INFO - VOO - downloading data from yfinance
2024-07-29 11:16:41,180 - utils_portfolio - INFO - Checking if we have correct date
2024-07-29 11:16:41,180 - utils_portfolio - INFO - VOO - running symbols strategy to get entries and exits
2024-07-29 11:16:41,187 - utils_portfolio - INFO - Evaluating symbol if to open, close, or no change
2024-07-29 11:16:41,226 - utils_strategy - INFO - BABA - downloading data from yfinance
2024-07-29 11:16:41,433 - utils_portfolio - INFO - Checking if we have correct date
2024-07-29 11:16:41,433 - utils_portfolio - INFO - BABA - running symbols strategy to get entries and exits
2024-07-29 11:16:41,441 - utils_portfolio - INFO - Evaluating symbol if to open, close, or no change
2024-07-29 11:16:41,473 - utils_strategy - INFO - BA - downloading data from yfinance
2024-07-29 11:16:41,770 - utils_portfolio - INFO - Checking if we have correct date
2024-07-29 11:16:41,771 - utils_portfolio - INFO - BA - running symbols strategy to get entries and exits
2024-07-29 11:16:41,778 - utils_portfolio - INFO - Evaluating symbol if to open, close, or no change
2024-07-29 11:16:41,818 - utils_strategy - INFO - XLI - downloading data from yfinance
2024-07-29 11:16:42,082 - utils_portfolio - INFO - Checking if we have correct date
2024-07-29 11:16:42,083 - utils_portfolio - INFO - XLI - running symbols strategy to get entries and exits
2024-07-29 11:16:42,090 - utils_portfolio - INFO - Evaluating symbol if to open, close, or no change
2024-07-29 11:16:42,126 - root - INFO - Portfolio p3 symbols actions - {'TSLA': 'no_change', 'NVDA': 'no_change', 'AMD': 'no_change', 'QQQ': 'no_change', 'AMZN': 'no_change', 'TQQQ': 'no_change', 'VOO': 'no_change', 'BABA': 'no_change', 'BA': 'no_change', 'XLI': 'no_change'}
2024-07-29 11:16:42,126 - utils_portfolio - INFO - Submitting orders to close existing positions
2024-07-29 11:16:42,127 - utils_portfolio - INFO - Updating state of portfolio - p3
2024-07-29 11:16:42,127 - utils_portfolio - INFO - Calculating closed trades stats
2024-07-29 11:16:42,127 - utils_portfolio - INFO - Processing symbol - TSLA
2024-07-29 11:16:42,674 - utils_portfolio - INFO - Processing symbol - NVDA
2024-07-29 11:16:42,899 - utils_portfolio - INFO - Processing symbol - AMD
2024-07-29 11:16:43,104 - utils_portfolio - INFO - Processing symbol - QQQ
2024-07-29 11:16:43,305 - utils_portfolio - INFO - Processing symbol - AMZN
2024-07-29 11:16:43,513 - utils_portfolio - INFO - Processing symbol - TQQQ
2024-07-29 11:16:43,717 - utils_portfolio - INFO - Processing symbol - VOO
2024-07-29 11:16:43,923 - utils_portfolio - INFO - Processing symbol - BABA
2024-07-29 11:16:44,131 - utils_portfolio - INFO - Processing symbol - BA
2024-07-29 11:16:44,338 - utils_portfolio - INFO - Processing symbol - XLI
2024-07-29 11:16:44,543 - utils_portfolio - INFO - Calculating open trades stats
2024-07-29 11:16:44,544 - utils_portfolio - INFO - Processing symbol - TSLA
2024-07-29 11:16:45,120 - utils_portfolio - INFO - Processing symbol - NVDA
2024-07-29 11:16:45,323 - utils_portfolio - INFO - Processing symbol - AMD
2024-07-29 11:16:45,530 - utils_portfolio - INFO - Processing symbol - QQQ
2024-07-29 11:16:45,733 - utils_portfolio - INFO - Processing symbol - AMZN
2024-07-29 11:16:45,939 - utils_portfolio - INFO - Processing symbol - TQQQ
2024-07-29 11:16:46,142 - utils_portfolio - INFO - Processing symbol - VOO
2024-07-29 11:16:46,349 - utils_portfolio - INFO - Processing symbol - BABA
2024-07-29 11:16:46,553 - utils_portfolio - INFO - Processing symbol - BA
2024-07-29 11:16:46,828 - utils_portfolio - INFO - Processing symbol - XLI
2024-07-29 11:16:47,029 - utils_portfolio - INFO - Portfolio p3 - calculating position sizes
2024-07-29 11:16:47,047 - root - INFO - Portfolio p3 position sizes - symbol
TSLA    450.56
NVDA    450.56
AMD     450.56
QQQ     450.56
AMZN    450.56
TQQQ    450.56
VOO     450.56
BABA    450.56
BA      506.10
XLI     450.56
Name: position, dtype: float64
2024-07-29 11:16:47,047 - utils_portfolio - INFO - Submitting orders to open positions
2024-07-29 11:16:47,048 - root - INFO - XXXXXXXXXXXXXXXXXXXX --- Portfolio p3 - DONE --- XXXXXXXXXXXXXXXXXXXX
2024-07-29 11:16:47,048 - utils_portfolio - INFO - Updating info of portfolio - p4
2024-07-29 11:16:47,191 - utils_portfolio - INFO - Calculating symbols weights
2024-07-29 11:16:47,191 - root - INFO - Portfolio p4 symbols weights - {'RIOT': 0.05, 'NEE': 0.05, 'SLV': 0.05, 'SHOP': 0.05, 'FAST': 0.05, 'SPXL': 0.05, 'VALE': 0.05, 'SNAP': 0.05, 'WDC': 0.05, 'MO': 0.05, 'PM': 0.05, 'SQ': 0.05, 'PDD': 0.05, 'ABBV': 0.05, 'ON': 0.05, 'UPRO': 0.05, 'TSLL': 0.05, 'PBR': 0.05, 'MP': 0.05, 'U': 0.05}
2024-07-29 11:16:47,191 - utils_strategy - INFO - RIOT - downloading data from yfinance
2024-07-29 11:16:47,387 - utils_portfolio - INFO - Checking if we have correct date
2024-07-29 11:16:47,387 - utils_portfolio - INFO - RIOT - running symbols strategy to get entries and exits
2024-07-29 11:16:47,394 - utils_portfolio - INFO - Evaluating symbol if to open, close, or no change
2024-07-29 11:16:47,423 - utils_strategy - INFO - NEE - downloading data from yfinance
2024-07-29 11:16:47,783 - utils_portfolio - INFO - Checking if we have correct date
2024-07-29 11:16:47,783 - utils_portfolio - INFO - NEE - running symbols strategy to get entries and exits
2024-07-29 11:16:47,791 - utils_portfolio - INFO - Evaluating symbol if to open, close, or no change
2024-07-29 11:16:47,826 - utils_strategy - INFO - SLV - downloading data from yfinance
2024-07-29 11:16:48,026 - utils_portfolio - INFO - Checking if we have correct date
2024-07-29 11:16:48,026 - utils_portfolio - INFO - SLV - running symbols strategy to get entries and exits
2024-07-29 11:16:48,034 - utils_portfolio - INFO - Evaluating symbol if to open, close, or no change
2024-07-29 11:16:48,067 - utils_strategy - INFO - SHOP - downloading data from yfinance
2024-07-29 11:16:48,203 - utils_portfolio - INFO - Checking if we have correct date
2024-07-29 11:16:48,203 - utils_portfolio - INFO - SHOP - running symbols strategy to get entries and exits
2024-07-29 11:16:48,211 - utils_portfolio - INFO - Evaluating symbol if to open, close, or no change
2024-07-29 11:16:48,238 - utils_strategy - INFO - FAST - downloading data from yfinance
2024-07-29 11:16:48,489 - utils_portfolio - INFO - Checking if we have correct date
2024-07-29 11:16:48,489 - utils_portfolio - INFO - FAST - running symbols strategy to get entries and exits
2024-07-29 11:16:48,497 - utils_portfolio - INFO - Evaluating symbol if to open, close, or no change
2024-07-29 11:16:48,530 - utils_strategy - INFO - SPXL - downloading data from yfinance
2024-07-29 11:16:48,784 - utils_portfolio - INFO - Checking if we have correct date
2024-07-29 11:16:48,784 - utils_portfolio - INFO - SPXL - running symbols strategy to get entries and exits
2024-07-29 11:16:48,791 - utils_portfolio - INFO - Evaluating symbol if to open, close, or no change
2024-07-29 11:16:48,990 - utils_strategy - INFO - VALE - downloading data from yfinance
2024-07-29 11:16:49,311 - utils_portfolio - INFO - Checking if we have correct date
2024-07-29 11:16:49,311 - utils_portfolio - INFO - VALE - running symbols strategy to get entries and exits
2024-07-29 11:16:49,318 - utils_portfolio - INFO - Evaluating symbol if to open, close, or no change
2024-07-29 11:16:49,352 - utils_strategy - INFO - SNAP - downloading data from yfinance
2024-07-29 11:16:49,473 - utils_portfolio - INFO - Checking if we have correct date
2024-07-29 11:16:49,474 - utils_portfolio - INFO - SNAP - running symbols strategy to get entries and exits
2024-07-29 11:16:49,484 - utils_portfolio - INFO - Evaluating symbol if to open, close, or no change
2024-07-29 11:16:49,509 - utils_strategy - INFO - WDC - downloading data from yfinance
2024-07-29 11:16:49,818 - utils_portfolio - INFO - Checking if we have correct date
2024-07-29 11:16:49,818 - utils_portfolio - INFO - WDC - running symbols strategy to get entries and exits
2024-07-29 11:16:49,826 - utils_portfolio - INFO - Evaluating symbol if to open, close, or no change
2024-07-29 11:16:49,862 - utils_strategy - INFO - MO - downloading data from yfinance
2024-07-29 11:16:50,226 - utils_portfolio - INFO - Checking if we have correct date
2024-07-29 11:16:50,227 - utils_portfolio - INFO - MO - running symbols strategy to get entries and exits
2024-07-29 11:16:50,234 - utils_portfolio - INFO - Evaluating symbol if to open, close, or no change
2024-07-29 11:16:50,268 - utils_strategy - INFO - PM - downloading data from yfinance
2024-07-29 11:16:50,516 - utils_portfolio - INFO - Checking if we have correct date
2024-07-29 11:16:50,516 - utils_portfolio - INFO - PM - running symbols strategy to get entries and exits
2024-07-29 11:16:50,523 - utils_portfolio - INFO - Evaluating symbol if to open, close, or no change
2024-07-29 11:16:50,562 - utils_strategy - INFO - SQ - downloading data from yfinance
2024-07-29 11:16:50,694 - utils_portfolio - INFO - Checking if we have correct date
2024-07-29 11:16:50,695 - utils_portfolio - INFO - SQ - running symbols strategy to get entries and exits
2024-07-29 11:16:50,704 - utils_portfolio - INFO - Evaluating symbol if to open, close, or no change
2024-07-29 11:16:50,731 - utils_strategy - INFO - PDD - downloading data from yfinance
2024-07-29 11:16:50,845 - utils_portfolio - INFO - Checking if we have correct date
2024-07-29 11:16:50,845 - utils_portfolio - INFO - PDD - running symbols strategy to get entries and exits
2024-07-29 11:16:50,854 - utils_portfolio - INFO - Evaluating symbol if to open, close, or no change
2024-07-29 11:16:50,883 - utils_strategy - INFO - ABBV - downloading data from yfinance
2024-07-29 11:16:51,051 - utils_portfolio - INFO - Checking if we have correct date
2024-07-29 11:16:51,051 - utils_portfolio - INFO - ABBV - running symbols strategy to get entries and exits
2024-07-29 11:16:51,059 - utils_portfolio - INFO - Evaluating symbol if to open, close, or no change
2024-07-29 11:16:51,086 - utils_strategy - INFO - ON - downloading data from yfinance
2024-07-29 11:16:51,329 - utils_portfolio - INFO - Checking if we have correct date
2024-07-29 11:16:51,329 - utils_portfolio - INFO - ON - running symbols strategy to get entries and exits
2024-07-29 11:16:51,337 - utils_portfolio - INFO - Evaluating symbol if to open, close, or no change
2024-07-29 11:16:51,372 - utils_strategy - INFO - UPRO - downloading data from yfinance
2024-07-29 11:16:51,637 - utils_portfolio - INFO - Checking if we have correct date
2024-07-29 11:16:51,637 - utils_portfolio - INFO - UPRO - running symbols strategy to get entries and exits
2024-07-29 11:16:51,645 - utils_portfolio - INFO - Evaluating symbol if to open, close, or no change
2024-07-29 11:16:51,676 - utils_strategy - INFO - TSLL - downloading data from yfinance
2024-07-29 11:16:51,774 - utils_portfolio - INFO - Checking if we have correct date
2024-07-29 11:16:51,774 - utils_portfolio - INFO - TSLL - running symbols strategy to get entries and exits
2024-07-29 11:16:51,785 - utils_portfolio - INFO - Evaluating symbol if to open, close, or no change
2024-07-29 11:16:51,808 - utils_strategy - INFO - PBR - downloading data from yfinance
2024-07-29 11:16:52,029 - utils_portfolio - INFO - Checking if we have correct date
2024-07-29 11:16:52,029 - utils_portfolio - INFO - PBR - running symbols strategy to get entries and exits
2024-07-29 11:16:52,037 - utils_portfolio - INFO - Evaluating symbol if to open, close, or no change
2024-07-29 11:16:52,074 - utils_strategy - INFO - MP - downloading data from yfinance
2024-07-29 11:16:52,329 - utils_portfolio - INFO - Checking if we have correct date
2024-07-29 11:16:52,329 - utils_portfolio - INFO - MP - running symbols strategy to get entries and exits
2024-07-29 11:16:52,348 - utils_portfolio - INFO - Evaluating symbol if to open, close, or no change
2024-07-29 11:16:52,372 - utils_strategy - INFO - U - downloading data from yfinance
2024-07-29 11:16:52,481 - utils_portfolio - INFO - Checking if we have correct date
2024-07-29 11:16:52,481 - utils_portfolio - INFO - U - running symbols strategy to get entries and exits
2024-07-29 11:16:52,491 - utils_portfolio - INFO - Evaluating symbol if to open, close, or no change
2024-07-29 11:16:52,516 - root - INFO - Portfolio p4 symbols actions - {'RIOT': 'no_change', 'NEE': 'no_change', 'SLV': 'no_change', 'SHOP': 'no_change', 'FAST': 'no_change', 'SPXL': 'no_change', 'VALE': 'no_change', 'SNAP': 'no_change', 'WDC': 'no_change', 'MO': 'no_change', 'PM': 'no_change', 'SQ': 'no_change', 'PDD': 'no_change', 'ABBV': 'no_change', 'ON': 'no_change', 'UPRO': 'no_change', 'TSLL': 'no_change', 'PBR': 'no_change', 'MP': 'no_change', 'U': 'no_change'}
2024-07-29 11:16:52,516 - utils_portfolio - INFO - Submitting orders to close existing positions
2024-07-29 11:16:52,516 - utils_portfolio - INFO - Updating state of portfolio - p4
2024-07-29 11:16:52,517 - utils_portfolio - INFO - Calculating closed trades stats
2024-07-29 11:16:52,517 - utils_portfolio - INFO - Processing symbol - RIOT
2024-07-29 11:16:53,121 - utils_portfolio - INFO - Processing symbol - NEE
2024-07-29 11:16:53,342 - utils_portfolio - INFO - Processing symbol - SLV
2024-07-29 11:16:53,546 - utils_portfolio - INFO - Processing symbol - SHOP
2024-07-29 11:16:53,753 - utils_portfolio - INFO - Processing symbol - FAST
2024-07-29 11:16:53,958 - utils_portfolio - INFO - Processing symbol - SPXL
2024-07-29 11:16:54,165 - utils_portfolio - INFO - Processing symbol - VALE
2024-07-29 11:16:54,365 - utils_portfolio - INFO - Processing symbol - SNAP
2024-07-29 11:16:54,570 - utils_portfolio - INFO - Processing symbol - WDC
2024-07-29 11:16:54,777 - utils_portfolio - INFO - Processing symbol - MO
2024-07-29 11:16:54,979 - utils_portfolio - INFO - Processing symbol - PM
2024-07-29 11:16:55,185 - utils_portfolio - INFO - Processing symbol - SQ
2024-07-29 11:16:55,393 - utils_portfolio - INFO - Processing symbol - PDD
2024-07-29 11:16:55,598 - utils_portfolio - INFO - Processing symbol - ABBV
2024-07-29 11:16:55,801 - utils_portfolio - INFO - Processing symbol - ON
2024-07-29 11:16:55,993 - utils_portfolio - INFO - Processing symbol - UPRO
2024-07-29 11:16:56,212 - utils_portfolio - INFO - Processing symbol - TSLL
2024-07-29 11:16:56,415 - utils_portfolio - INFO - Processing symbol - PBR
2024-07-29 11:16:56,620 - utils_portfolio - INFO - Processing symbol - MP
2024-07-29 11:16:56,824 - utils_portfolio - INFO - Processing symbol - U
2024-07-29 11:16:57,035 - utils_portfolio - INFO - Calculating open trades stats
2024-07-29 11:16:57,037 - utils_portfolio - INFO - Processing symbol - RIOT
2024-07-29 11:16:57,509 - utils_portfolio - INFO - Processing symbol - NEE
2024-07-29 11:16:57,923 - utils_portfolio - INFO - Processing symbol - SLV
2024-07-29 11:16:58,123 - utils_portfolio - INFO - Processing symbol - SHOP
2024-07-29 11:16:58,329 - utils_portfolio - INFO - Processing symbol - FAST
2024-07-29 11:16:58,744 - utils_portfolio - INFO - Processing symbol - SPXL
2024-07-29 11:16:58,943 - utils_portfolio - INFO - Processing symbol - VALE
2024-07-29 11:16:59,149 - utils_portfolio - INFO - Processing symbol - SNAP
2024-07-29 11:16:59,353 - utils_portfolio - INFO - Processing symbol - WDC
2024-07-29 11:16:59,558 - utils_portfolio - INFO - Processing symbol - MO
2024-07-29 11:16:59,973 - utils_portfolio - INFO - Processing symbol - PM
2024-07-29 11:17:00,386 - utils_portfolio - INFO - Processing symbol - SQ
2024-07-29 11:17:00,581 - utils_portfolio - INFO - Processing symbol - PDD
2024-07-29 11:17:00,786 - utils_portfolio - INFO - Processing symbol - ABBV
2024-07-29 11:17:01,128 - utils_portfolio - INFO - Processing symbol - ON
2024-07-29 11:17:01,298 - utils_portfolio - INFO - Processing symbol - UPRO
2024-07-29 11:17:01,503 - utils_portfolio - INFO - Processing symbol - TSLL
2024-07-29 11:17:01,707 - utils_portfolio - INFO - Processing symbol - PBR
2024-07-29 11:17:01,912 - utils_portfolio - INFO - Processing symbol - MP
2024-07-29 11:17:02,118 - utils_portfolio - INFO - Processing symbol - U
2024-07-29 11:17:02,391 - utils_portfolio - INFO - Portfolio p4 - calculating position sizes
2024-07-29 11:17:02,423 - root - INFO - Portfolio p4 position sizes - symbol
RIOT    239.02
NEE     255.12
SLV     239.02
SHOP    239.02
FAST    255.12
SPXL    239.02
VALE    239.02
SNAP    239.02
WDC     239.02
MO      255.12
PM      255.12
SQ      239.02
PDD     239.02
ABBV    255.12
ON      239.02
UPRO    239.02
TSLL    239.02
PBR     239.02
MP      239.02
U       239.02
Name: position, dtype: float64
2024-07-29 11:17:02,424 - utils_portfolio - INFO - Submitting orders to open positions
2024-07-29 11:17:02,424 - root - INFO - XXXXXXXXXXXXXXXXXXXX --- Portfolio p4 - DONE --- XXXXXXXXXXXXXXXXXXXX
2024-07-29 11:17:02,424 - utils_portfolio - INFO - Updating state of symbols
2024-07-29 11:17:02,424 - utils_portfolio - INFO - Calculating closed trades stats
2024-07-29 11:17:02,424 - utils_portfolio - INFO - Processing symbol - IYR
2024-07-29 11:17:02,948 - utils_portfolio - INFO - Processing symbol - BABA
2024-07-29 11:17:03,162 - utils_portfolio - INFO - Processing symbol - MO
2024-07-29 11:17:03,381 - utils_portfolio - INFO - Processing symbol - SHOP
2024-07-29 11:17:03,582 - utils_portfolio - INFO - Processing symbol - U
2024-07-29 11:17:03,788 - utils_portfolio - INFO - Processing symbol - SPXL
2024-07-29 11:17:03,994 - utils_portfolio - INFO - Processing symbol - AMZN
2024-07-29 11:17:04,197 - utils_portfolio - INFO - Processing symbol - SNAP
2024-07-29 11:17:04,401 - utils_portfolio - INFO - Processing symbol - DKNG
2024-07-29 11:17:04,607 - utils_portfolio - INFO - Processing symbol - BA
2024-07-29 11:17:04,812 - utils_portfolio - INFO - Processing symbol - META
2024-07-29 11:17:05,018 - utils_portfolio - INFO - Processing symbol - BTC/USD
2024-07-29 11:17:05,147 - utils_portfolio - INFO - Processing symbol - AVGO
2024-07-29 11:17:05,297 - utils_portfolio - INFO - Processing symbol - MP
2024-07-29 11:17:05,528 - utils_portfolio - INFO - Processing symbol - NEE
2024-07-29 11:17:05,732 - utils_portfolio - INFO - Processing symbol - PM
2024-07-29 11:17:05,937 - utils_portfolio - INFO - Processing symbol - QQQ
2024-07-29 11:17:06,141 - utils_portfolio - INFO - Processing symbol - PLTR
2024-07-29 11:17:06,347 - utils_portfolio - INFO - Processing symbol - UPRO
2024-07-29 11:17:06,554 - utils_portfolio - INFO - Processing symbol - ON
2024-07-29 11:17:06,758 - utils_portfolio - INFO - Processing symbol - VALE
2024-07-29 11:17:06,960 - utils_portfolio - INFO - Processing symbol - TSLL
2024-07-29 11:17:07,169 - utils_portfolio - INFO - Processing symbol - PDD
2024-07-29 11:17:07,371 - utils_portfolio - INFO - Processing symbol - GOOGL
2024-07-29 11:17:07,576 - utils_portfolio - INFO - Processing symbol - AAPL
2024-07-29 11:17:07,782 - utils_portfolio - INFO - Processing symbol - CRWD
2024-07-29 11:17:07,986 - utils_portfolio - INFO - Processing symbol - SLV
2024-07-29 11:17:08,171 - utils_portfolio - INFO - Processing symbol - MRVL
2024-07-29 11:17:08,320 - utils_portfolio - INFO - Processing symbol - GBTC
2024-07-29 11:17:08,496 - utils_portfolio - INFO - Processing symbol - MSTR
2024-07-29 11:17:08,688 - utils_portfolio - INFO - Processing symbol - SCHD
2024-07-29 11:17:08,908 - utils_portfolio - INFO - Processing symbol - SOUN
2024-07-29 11:17:09,113 - utils_portfolio - INFO - Processing symbol - AMD
2024-07-29 11:17:09,317 - utils_portfolio - INFO - Processing symbol - TSLA
2024-07-29 11:17:09,524 - utils_portfolio - INFO - Processing symbol - VOO
2024-07-29 11:17:09,728 - utils_portfolio - INFO - Processing symbol - XLI
2024-07-29 11:17:09,916 - utils_portfolio - INFO - Processing symbol - RIOT
2024-07-29 11:17:10,139 - utils_portfolio - INFO - Processing symbol - FAST
2024-07-29 11:17:10,342 - utils_portfolio - INFO - Processing symbol - WDC
2024-07-29 11:17:10,547 - utils_portfolio - INFO - Processing symbol - VRT
2024-07-29 11:17:10,754 - utils_portfolio - INFO - Processing symbol - DELL
2024-07-29 11:17:10,955 - utils_portfolio - INFO - Processing symbol - GM
2024-07-29 11:17:11,256 - utils_portfolio - INFO - Processing symbol - ABBV
2024-07-29 11:17:11,491 - utils_portfolio - INFO - Processing symbol - PBR
2024-07-29 11:17:11,765 - utils_portfolio - INFO - Processing symbol - TQQQ
2024-07-29 11:17:11,957 - utils_portfolio - INFO - Processing symbol - EBAY
2024-07-29 11:17:12,167 - utils_portfolio - INFO - Processing symbol - AAL
2024-07-29 11:17:12,388 - utils_portfolio - INFO - Processing symbol - SQ
2024-07-29 11:17:12,594 - utils_portfolio - INFO - Processing symbol - BITO
2024-07-29 11:17:12,799 - utils_portfolio - INFO - Processing symbol - NVDA
2024-07-29 11:17:13,009 - utils_portfolio - INFO - Calculating open trades stats
2024-07-29 11:17:13,010 - utils_portfolio - INFO - Processing symbol - IYR
2024-07-29 11:17:13,694 - utils_portfolio - INFO - Processing symbol - BABA
2024-07-29 11:17:13,892 - utils_portfolio - INFO - Processing symbol - MO
2024-07-29 11:17:14,314 - utils_portfolio - INFO - Processing symbol - SHOP
2024-07-29 11:17:14,507 - utils_portfolio - INFO - Processing symbol - U
2024-07-29 11:17:14,712 - utils_portfolio - INFO - Processing symbol - SPXL
2024-07-29 11:17:14,917 - utils_portfolio - INFO - Processing symbol - AMZN
2024-07-29 11:17:15,122 - utils_portfolio - INFO - Processing symbol - SNAP
2024-07-29 11:17:15,327 - utils_portfolio - INFO - Processing symbol - DKNG
2024-07-29 11:17:15,522 - utils_portfolio - INFO - Processing symbol - BA
2024-07-29 11:17:15,946 - utils_portfolio - INFO - Processing symbol - META
2024-07-29 11:17:16,146 - utils_portfolio - INFO - Processing symbol - BTC/USD
2024-07-29 11:17:16,562 - utils_portfolio - INFO - Processing symbol - AVGO
2024-07-29 11:17:16,978 - utils_portfolio - INFO - Processing symbol - MP
2024-07-29 11:17:17,170 - utils_portfolio - INFO - Processing symbol - NEE
2024-07-29 11:17:17,593 - utils_portfolio - INFO - Processing symbol - PM
2024-07-29 11:17:18,000 - utils_portfolio - INFO - Processing symbol - QQQ
2024-07-29 11:17:18,193 - utils_portfolio - INFO - Processing symbol - PLTR
2024-07-29 11:17:18,608 - utils_portfolio - INFO - Processing symbol - UPRO
2024-07-29 11:17:18,808 - utils_portfolio - INFO - Processing symbol - ON
2024-07-29 11:17:19,014 - utils_portfolio - INFO - Processing symbol - VALE
2024-07-29 11:17:19,218 - utils_portfolio - INFO - Processing symbol - TSLL
2024-07-29 11:17:19,423 - utils_portfolio - INFO - Processing symbol - PDD
2024-07-29 11:17:19,628 - utils_portfolio - INFO - Processing symbol - GOOGL
2024-07-29 11:17:19,832 - utils_portfolio - INFO - Processing symbol - AAPL
2024-07-29 11:17:20,038 - utils_portfolio - INFO - Processing symbol - CRWD
2024-07-29 11:17:20,242 - utils_portfolio - INFO - Processing symbol - SLV
2024-07-29 11:17:20,448 - utils_portfolio - INFO - Processing symbol - MRVL
2024-07-29 11:17:20,651 - utils_portfolio - INFO - Processing symbol - GBTC
2024-07-29 11:17:20,857 - utils_portfolio - INFO - Processing symbol - MSTR
2024-07-29 11:17:21,061 - utils_portfolio - INFO - Processing symbol - SCHD
2024-07-29 11:17:21,474 - utils_portfolio - INFO - Processing symbol - SOUN
2024-07-29 11:17:21,676 - utils_portfolio - INFO - Processing symbol - AMD
2024-07-29 11:17:21,880 - utils_portfolio - INFO - Processing symbol - TSLA
2024-07-29 11:17:22,086 - utils_portfolio - INFO - Processing symbol - VOO
2024-07-29 11:17:22,289 - utils_portfolio - INFO - Processing symbol - XLI
2024-07-29 11:17:22,495 - utils_portfolio - INFO - Processing symbol - RIOT
2024-07-29 11:17:22,699 - utils_portfolio - INFO - Processing symbol - FAST
2024-07-29 11:17:23,115 - utils_portfolio - INFO - Processing symbol - WDC
2024-07-29 11:17:23,314 - utils_portfolio - INFO - Processing symbol - VRT
2024-07-29 11:17:23,519 - utils_portfolio - INFO - Processing symbol - DELL
2024-07-29 11:17:23,724 - utils_portfolio - INFO - Processing symbol - GM
2024-07-29 11:17:23,929 - utils_portfolio - INFO - Processing symbol - ABBV
2024-07-29 11:17:24,351 - utils_portfolio - INFO - Processing symbol - PBR
2024-07-29 11:17:24,543 - utils_portfolio - INFO - Processing symbol - TQQQ
2024-07-29 11:17:24,747 - utils_portfolio - INFO - Processing symbol - EBAY
2024-07-29 11:17:25,163 - utils_portfolio - INFO - Processing symbol - AAL
2024-07-29 11:17:25,362 - utils_portfolio - INFO - Processing symbol - SQ
2024-07-29 11:17:25,567 - utils_portfolio - INFO - Processing symbol - BITO
2024-07-29 11:17:25,772 - utils_portfolio - INFO - Processing symbol - NVDA
2024-07-29 11:17:26,001 - utils_portfolio - INFO - Updating symbol stats - IYR
2024-07-29 11:17:26,056 - utils_portfolio - INFO - Updating symbol stats - BABA
2024-07-29 11:17:26,079 - utils_portfolio - INFO - Updating symbol stats - MO
2024-07-29 11:17:26,114 - utils_portfolio - INFO - Updating symbol stats - SHOP
2024-07-29 11:17:26,138 - utils_portfolio - INFO - Updating symbol stats - U
2024-07-29 11:17:26,173 - utils_portfolio - INFO - Updating symbol stats - SPXL
2024-07-29 11:17:26,204 - utils_portfolio - INFO - Updating symbol stats - AMZN
2024-07-29 11:17:26,230 - utils_portfolio - INFO - Updating symbol stats - SNAP
2024-07-29 11:17:26,265 - utils_portfolio - INFO - Updating symbol stats - DKNG
2024-07-29 11:17:26,288 - utils_portfolio - INFO - Updating symbol stats - BA
2024-07-29 11:17:26,311 - utils_portfolio - INFO - Updating symbol stats - META
2024-07-29 11:17:26,343 - utils_portfolio - INFO - Updating symbol stats - BTC/USD
2024-07-29 11:17:26,378 - utils_portfolio - INFO - Updating symbol stats - AVGO
2024-07-29 11:17:26,400 - utils_portfolio - INFO - Updating symbol stats - MP
2024-07-29 11:17:26,425 - utils_portfolio - INFO - Updating symbol stats - NEE
2024-07-29 11:17:26,447 - utils_portfolio - INFO - Updating symbol stats - PM
2024-07-29 11:17:26,472 - utils_portfolio - INFO - Updating symbol stats - QQQ
2024-07-29 11:17:26,504 - utils_portfolio - INFO - Updating symbol stats - PLTR
2024-07-29 11:17:26,525 - utils_portfolio - INFO - Updating symbol stats - UPRO
2024-07-29 11:17:26,547 - utils_portfolio - INFO - Updating symbol stats - ON
2024-07-29 11:17:26,572 - utils_portfolio - INFO - Updating symbol stats - VALE
2024-07-29 11:17:26,594 - utils_portfolio - INFO - Updating symbol stats - TSLL
2024-07-29 11:17:26,616 - utils_portfolio - INFO - Updating symbol stats - PDD
2024-07-29 11:17:26,638 - utils_portfolio - INFO - Updating symbol stats - GOOGL
2024-07-29 11:17:26,661 - utils_portfolio - INFO - Updating symbol stats - AAPL
2024-07-29 11:17:26,684 - utils_portfolio - INFO - Updating symbol stats - CRWD
2024-07-29 11:17:26,707 - utils_portfolio - INFO - Updating symbol stats - SLV
2024-07-29 11:17:26,729 - utils_portfolio - INFO - Updating symbol stats - MRVL
2024-07-29 11:17:26,751 - utils_portfolio - INFO - Updating symbol stats - GBTC
2024-07-29 11:17:26,774 - utils_portfolio - INFO - Updating symbol stats - MSTR
2024-07-29 11:17:26,797 - utils_portfolio - INFO - Updating symbol stats - SCHD
2024-07-29 11:17:26,820 - utils_portfolio - INFO - Updating symbol stats - SOUN
2024-07-29 11:17:26,842 - utils_portfolio - INFO - Updating symbol stats - AMD
2024-07-29 11:17:26,865 - utils_portfolio - INFO - Updating symbol stats - TSLA
2024-07-29 11:17:26,901 - utils_portfolio - INFO - Updating symbol stats - VOO
2024-07-29 11:17:26,935 - utils_portfolio - INFO - Updating symbol stats - XLI
2024-07-29 11:17:26,957 - utils_portfolio - INFO - Updating symbol stats - RIOT
2024-07-29 11:17:26,979 - utils_portfolio - INFO - Updating symbol stats - FAST
2024-07-29 11:17:27,002 - utils_portfolio - INFO - Updating symbol stats - WDC
2024-07-29 11:17:27,024 - utils_portfolio - INFO - Updating symbol stats - VRT
2024-07-29 11:17:27,047 - utils_portfolio - INFO - Updating symbol stats - DELL
2024-07-29 11:17:27,069 - utils_portfolio - INFO - Updating symbol stats - GM
2024-07-29 11:17:27,092 - utils_portfolio - INFO - Updating symbol stats - ABBV
2024-07-29 11:17:27,113 - utils_portfolio - INFO - Updating symbol stats - PBR
2024-07-29 11:17:27,137 - utils_portfolio - INFO - Updating symbol stats - TQQQ
2024-07-29 11:17:27,159 - utils_portfolio - INFO - Updating symbol stats - EBAY
2024-07-29 11:17:27,183 - utils_portfolio - INFO - Updating symbol stats - AAL
2024-07-29 11:17:27,207 - utils_portfolio - INFO - Updating symbol stats - SQ
2024-07-29 11:17:27,240 - utils_portfolio - INFO - Updating symbol stats - BITO
2024-07-29 11:17:27,263 - utils_portfolio - INFO - Updating symbol stats - NVDA
2024-07-29 11:17:27,286 - root - INFO - XXXXXXXXXXXXXXXXXXXX --- Everything DONE --- XXXXXXXXXXXXXXXXXXXX
