2024-05-19 22:01:35,651 - root - INFO - Logger is setup
2024-05-19 22:01:35,704 - utils_portfolio - INFO - Updating whole portfolio state
2024-05-19 22:01:36,834 - utils_portfolio - INFO - Calculating open trades stats
2024-05-19 22:01:46,062 - utils_portfolio - INFO - Calculating closed trades stats
2024-05-19 22:01:55,331 - utils_portfolio - INFO - Updating info of portfolio - p1
2024-05-19 22:01:55,393 - utils_portfolio - INFO - Updating state of portfolio - p1
2024-05-19 22:01:55,393 - utils_portfolio - INFO - Calculating closed trades stats
2024-05-19 22:01:57,856 - utils_portfolio - INFO - Calculating open trades stats
2024-05-19 22:02:00,501 - utils_portfolio - INFO - Calculating symbols weights
2024-05-19 22:02:00,502 - root - INFO - Portfolio p1 symbols weights - {'PLTR': 0.09090909090909091, 'BTC/USD': 0.09090909090909091, 'AAL': 0.09090909090909091, 'VRT': 0.09090909090909091, 'GBTC': 0.09090909090909091, 'DELL': 0.09090909090909091, 'GM': 0.09090909090909091, 'IYR': 0.09090909090909091, 'DKNG': 0.09090909090909091, 'EBAY': 0.09090909090909091, 'CRWD': 0.09090909090909091}
2024-05-19 22:02:01,319 - utils_portfolio - INFO - Checking if we have correct date
2024-05-19 22:02:02,167 - utils_portfolio - INFO - Checking if we have correct date
2024-05-19 22:02:02,167 - utils_portfolio - INFO - BTC/USD - running symbols strategy to get entries and exits
2024-05-19 22:02:02,182 - utils_portfolio - INFO - Evaluating symbol if to open, close, or no change
2024-05-19 22:02:08,336 - utils_portfolio - INFO - Checking if we have correct date
2024-05-19 22:02:09,226 - utils_portfolio - INFO - Checking if we have correct date
2024-05-19 22:02:09,733 - utils_portfolio - INFO - Checking if we have correct date
2024-05-19 22:02:10,588 - utils_portfolio - INFO - Checking if we have correct date
2024-05-19 22:02:11,920 - utils_portfolio - INFO - Checking if we have correct date
2024-05-19 22:02:13,354 - utils_portfolio - INFO - Checking if we have correct date
2024-05-19 22:02:14,182 - utils_portfolio - INFO - Checking if we have correct date
2024-05-19 22:02:15,577 - utils_portfolio - INFO - Checking if we have correct date
2024-05-19 22:02:16,415 - utils_portfolio - INFO - Checking if we have correct date
2024-05-19 22:02:16,416 - root - INFO - Portfolio p1 symbols actions - {'BTCUSD': 'no_change'}
2024-05-19 22:02:16,416 - utils_portfolio - INFO - Portfolio p1 - calculating position sizes
2024-05-19 22:02:16,418 - utils_portfolio - WARNING - Increasing of the portfolio size because not having min available cash
2024-05-19 22:02:16,441 - root - INFO - Portfolio p1 position sizes - symbol
PLTR      459.48
BTCUSD    459.48
AAL       459.48
VRT       459.48
GBTC      459.48
DELL      459.48
GM        459.48
IYR       459.48
DKNG      459.48
EBAY      459.48
CRWD      459.48
Name: position, dtype: float64
2024-05-19 22:02:16,441 - root - INFO - XXXXXXXXXXXXXXXXXXXX --- DONE --- XXXXXXXXXXXXXXXXXXXX
2024-05-19 22:02:16,441 - utils_portfolio - INFO - Updating info of portfolio - p2
2024-05-19 22:02:16,511 - utils_portfolio - INFO - Updating state of portfolio - p2
2024-05-19 22:02:16,512 - utils_portfolio - INFO - Calculating closed trades stats
2024-05-19 22:02:18,646 - utils_portfolio - INFO - Calculating open trades stats
2024-05-19 22:02:20,287 - utils_portfolio - INFO - Calculating symbols weights
2024-05-19 22:02:20,287 - utils_portfolio - INFO - Calculating closed trades count
2024-05-19 22:02:22,126 - root - INFO - Portfolio p2 symbols weights - {'AAPL': 0.1111111111111111, 'GOOGL': 0.1111111111111111, 'META': 0.1111111111111111, 'MRVL': 0.1111111111111111, 'MSTR': 0.1111111111111111, 'SCHD': 0.1111111111111111, 'BITO': 0.1111111111111111, 'AVGO': 0.1111111111111111, 'SOUN': 0.1111111111111111}
2024-05-19 22:02:22,127 - utils_strategy - INFO - AAPL - downloading data from yfinance
2024-05-19 22:02:23,071 - utils_portfolio - INFO - Checking if we have correct date
2024-05-19 22:02:23,071 - utils_strategy - INFO - GOOGL - downloading data from yfinance
2024-05-19 22:02:23,252 - utils_portfolio - INFO - Checking if we have correct date
2024-05-19 22:02:23,253 - utils_strategy - INFO - META - downloading data from yfinance
2024-05-19 22:02:23,452 - utils_portfolio - INFO - Checking if we have correct date
2024-05-19 22:02:23,452 - utils_strategy - INFO - MRVL - downloading data from yfinance
2024-05-19 22:02:23,682 - utils_portfolio - INFO - Checking if we have correct date
2024-05-19 22:02:23,682 - utils_strategy - INFO - MSTR - downloading data from yfinance
2024-05-19 22:02:23,879 - utils_portfolio - INFO - Checking if we have correct date
2024-05-19 22:02:23,879 - utils_strategy - INFO - SCHD - downloading data from yfinance
2024-05-19 22:02:24,031 - utils_portfolio - INFO - Checking if we have correct date
2024-05-19 22:02:24,032 - utils_strategy - INFO - BITO - downloading data from yfinance
2024-05-19 22:02:24,133 - utils_portfolio - INFO - Checking if we have correct date
2024-05-19 22:02:24,133 - utils_strategy - INFO - AVGO - downloading data from yfinance
2024-05-19 22:02:24,317 - utils_portfolio - INFO - Checking if we have correct date
2024-05-19 22:02:24,317 - utils_strategy - INFO - SOUN - downloading data from yfinance
2024-05-19 22:02:24,393 - utils_portfolio - INFO - Checking if we have correct date
2024-05-19 22:02:24,393 - root - INFO - Portfolio p2 symbols actions - {}
2024-05-19 22:02:24,394 - utils_portfolio - INFO - Portfolio p2 - calculating position sizes
2024-05-19 22:02:24,427 - root - INFO - Portfolio p2 position sizes - symbol
AAPL     576.86
GOOGL    576.86
META     576.86
MRVL     576.86
MSTR     576.86
SCHD     576.86
BITO     576.86
AVGO     576.86
SOUN     576.86
Name: position, dtype: float64
2024-05-19 22:02:24,428 - root - INFO - XXXXXXXXXXXXXXXXXXXX --- DONE --- XXXXXXXXXXXXXXXXXXXX
2024-05-19 22:02:24,428 - utils_portfolio - INFO - Updating info of portfolio - p3
2024-05-19 22:02:24,502 - utils_portfolio - INFO - Updating state of portfolio - p3
2024-05-19 22:02:24,502 - utils_portfolio - INFO - Calculating closed trades stats
2024-05-19 22:02:26,633 - utils_portfolio - INFO - Calculating open trades stats
2024-05-19 22:02:28,888 - utils_portfolio - INFO - Calculating symbols weights
2024-05-19 22:02:28,888 - root - INFO - Portfolio p3 symbols weights - {'TSLA': 0.1, 'NVDA': 0.1, 'AMD': 0.1, 'QQQ': 0.1, 'AMZN': 0.1, 'TQQQ': 0.1, 'VOO': 0.1, 'BABA': 0.1, 'BA': 0.1, 'XLI': 0.1}
2024-05-19 22:02:28,888 - utils_strategy - INFO - TSLA - downloading data from yfinance
2024-05-19 22:02:29,105 - utils_portfolio - INFO - Checking if we have correct date
2024-05-19 22:02:29,105 - utils_strategy - INFO - NVDA - downloading data from yfinance
2024-05-19 22:02:29,302 - utils_portfolio - INFO - Checking if we have correct date
2024-05-19 22:02:29,303 - utils_strategy - INFO - AMD - downloading data from yfinance
2024-05-19 22:02:29,492 - utils_portfolio - INFO - Checking if we have correct date
2024-05-19 22:02:29,492 - utils_strategy - INFO - QQQ - downloading data from yfinance
2024-05-19 22:02:29,724 - utils_portfolio - INFO - Checking if we have correct date
2024-05-19 22:02:29,725 - utils_strategy - INFO - AMZN - downloading data from yfinance
2024-05-19 22:02:30,002 - utils_portfolio - INFO - Checking if we have correct date
2024-05-19 22:02:30,002 - utils_strategy - INFO - TQQQ - downloading data from yfinance
2024-05-19 22:02:30,207 - utils_portfolio - INFO - Checking if we have correct date
2024-05-19 22:02:30,207 - utils_strategy - INFO - VOO - downloading data from yfinance
2024-05-19 22:02:30,649 - utils_portfolio - INFO - Checking if we have correct date
2024-05-19 22:02:30,649 - utils_strategy - INFO - BABA - downloading data from yfinance
2024-05-19 22:02:30,781 - utils_portfolio - INFO - Checking if we have correct date
2024-05-19 22:02:30,781 - utils_strategy - INFO - BA - downloading data from yfinance
2024-05-19 22:02:31,085 - utils_portfolio - INFO - Checking if we have correct date
2024-05-19 22:02:31,085 - utils_strategy - INFO - XLI - downloading data from yfinance
2024-05-19 22:02:31,391 - utils_portfolio - INFO - Checking if we have correct date
2024-05-19 22:02:31,391 - root - INFO - Portfolio p3 symbols actions - {}
2024-05-19 22:02:31,391 - utils_portfolio - INFO - Portfolio p3 - calculating position sizes
2024-05-19 22:02:31,414 - root - INFO - Portfolio p3 position sizes - symbol
TSLA    503.69
NVDA    503.69
AMD     503.69
QQQ     503.69
AMZN    503.69
TQQQ    503.69
VOO     503.69
BABA    503.69
BA      503.69
XLI     503.69
Name: position, dtype: float64
2024-05-19 22:02:31,414 - root - INFO - XXXXXXXXXXXXXXXXXXXX --- DONE --- XXXXXXXXXXXXXXXXXXXX
2024-05-19 22:02:31,414 - utils_portfolio - INFO - Updating info of portfolio - p4
2024-05-19 22:02:31,546 - utils_portfolio - INFO - Updating state of portfolio - p4
2024-05-19 22:02:31,547 - utils_portfolio - INFO - Calculating closed trades stats
2024-05-19 22:02:35,690 - utils_portfolio - INFO - Calculating open trades stats
2024-05-19 22:02:39,651 - utils_portfolio - INFO - Calculating symbols weights
2024-05-19 22:02:39,652 - root - INFO - Portfolio p4 symbols weights - {'RIOT': 0.05, 'NEE': 0.05, 'SLV': 0.05, 'SHOP': 0.05, 'FAST': 0.05, 'SPXL': 0.05, 'VALE': 0.05, 'SNAP': 0.05, 'WDC': 0.05, 'MO': 0.05, 'PM': 0.05, 'SQ': 0.05, 'PDD': 0.05, 'ABBV': 0.05, 'ON': 0.05, 'UPRO': 0.05, 'TSLL': 0.05, 'PBR': 0.05, 'MP': 0.05, 'U': 0.05}
2024-05-19 22:02:39,652 - utils_strategy - INFO - RIOT - downloading data from yfinance
2024-05-19 22:02:39,815 - utils_portfolio - INFO - Checking if we have correct date
2024-05-19 22:02:39,815 - utils_strategy - INFO - NEE - downloading data from yfinance
2024-05-19 22:02:40,137 - utils_portfolio - INFO - Checking if we have correct date
2024-05-19 22:02:40,137 - utils_strategy - INFO - SLV - downloading data from yfinance
2024-05-19 22:02:40,359 - utils_portfolio - INFO - Checking if we have correct date
2024-05-19 22:02:40,359 - utils_strategy - INFO - SHOP - downloading data from yfinance
2024-05-19 22:02:40,504 - utils_portfolio - INFO - Checking if we have correct date
2024-05-19 22:02:40,505 - utils_strategy - INFO - FAST - downloading data from yfinance
2024-05-19 22:02:40,798 - utils_portfolio - INFO - Checking if we have correct date
2024-05-19 22:02:40,798 - utils_strategy - INFO - SPXL - downloading data from yfinance
2024-05-19 22:02:41,039 - utils_portfolio - INFO - Checking if we have correct date
2024-05-19 22:02:41,040 - utils_strategy - INFO - VALE - downloading data from yfinance
2024-05-19 22:02:41,522 - utils_portfolio - INFO - Checking if we have correct date
2024-05-19 22:02:41,522 - utils_strategy - INFO - SNAP - downloading data from yfinance
2024-05-19 22:02:41,625 - utils_portfolio - INFO - Checking if we have correct date
2024-05-19 22:02:41,625 - utils_strategy - INFO - WDC - downloading data from yfinance
2024-05-19 22:02:41,827 - utils_portfolio - INFO - Checking if we have correct date
2024-05-19 22:02:41,827 - utils_strategy - INFO - MO - downloading data from yfinance
2024-05-19 22:02:42,160 - utils_portfolio - INFO - Checking if we have correct date
2024-05-19 22:02:42,160 - utils_strategy - INFO - PM - downloading data from yfinance
2024-05-19 22:02:42,398 - utils_portfolio - INFO - Checking if we have correct date
2024-05-19 22:02:42,398 - utils_strategy - INFO - SQ - downloading data from yfinance
2024-05-19 22:02:42,518 - utils_portfolio - INFO - Checking if we have correct date
2024-05-19 22:02:42,518 - utils_strategy - INFO - PDD - downloading data from yfinance
2024-05-19 22:02:42,620 - utils_portfolio - INFO - Checking if we have correct date
2024-05-19 22:02:42,620 - utils_strategy - INFO - ABBV - downloading data from yfinance
2024-05-19 22:02:42,803 - utils_portfolio - INFO - Checking if we have correct date
2024-05-19 22:02:42,803 - utils_strategy - INFO - ON - downloading data from yfinance
2024-05-19 22:02:43,215 - utils_portfolio - INFO - Checking if we have correct date
2024-05-19 22:02:43,215 - utils_strategy - INFO - UPRO - downloading data from yfinance
2024-05-19 22:02:43,471 - utils_portfolio - INFO - Checking if we have correct date
2024-05-19 22:02:43,471 - utils_strategy - INFO - TSLL - downloading data from yfinance
2024-05-19 22:02:43,569 - utils_portfolio - INFO - Checking if we have correct date
2024-05-19 22:02:43,570 - utils_strategy - INFO - PBR - downloading data from yfinance
2024-05-19 22:02:43,833 - utils_portfolio - INFO - Checking if we have correct date
2024-05-19 22:02:43,833 - utils_strategy - INFO - MP - downloading data from yfinance
2024-05-19 22:02:43,940 - utils_portfolio - INFO - Checking if we have correct date
2024-05-19 22:02:43,940 - utils_strategy - INFO - U - downloading data from yfinance
2024-05-19 22:02:44,045 - utils_portfolio - INFO - Checking if we have correct date
2024-05-19 22:02:44,045 - root - INFO - Portfolio p4 symbols actions - {}
2024-05-19 22:02:44,045 - utils_portfolio - INFO - Portfolio p4 - calculating position sizes
2024-05-19 22:02:44,079 - root - INFO - Portfolio p4 position sizes - symbol
RIOT    246.17
NEE     245.95
SLV     246.17
SHOP    245.95
FAST    245.95
SPXL    246.17
VALE    245.95
SNAP    245.95
WDC     246.17
MO      245.95
PM      245.95
SQ      245.95
PDD     246.17
ABBV    246.17
ON      245.95
UPRO    246.17
TSLL    245.95
PBR     245.95
MP      246.17
U       245.95
Name: position, dtype: float64
2024-05-19 22:02:44,079 - root - INFO - XXXXXXXXXXXXXXXXXXXX --- DONE --- XXXXXXXXXXXXXXXXXXXX
