2024-12-13 19:16:44,829 - root - INFO - Logger is setup
2024-12-13 19:16:44,848 - utils_portfolio - INFO - Updating info of portfolio - p1
2024-12-13 19:16:44,926 - utils_portfolio - INFO - Calculating symbols weights
2024-12-13 19:16:44,926 - root - INFO - Portfolio p1 symbols weights - {'PBR': 0.07692307692307693, 'T': 0.07692307692307693, 'VALE': 0.07692307692307693, 'FTNT': 0.07692307692307693, 'BX': 0.07692307692307693, 'MO': 0.07692307692307693, 'NVDA': 0.07692307692307693, 'TNA': 0.07692307692307693, 'BSX': 0.07692307692307693, 'PANW': 0.07692307692307693, 'VZ': 0.07692307692307693, 'ANET': 0.07692307692307693, 'WBD': 0.07692307692307693}
2024-12-13 19:16:44,927 - utils_strategy - INFO - PBR - downloading data from yfinance
2024-12-13 19:16:48,677 - utils_portfolio - INFO - Checking if we have correct date
2024-12-13 19:16:48,706 - utils_portfolio - INFO - PBR - running symbols strategy to get entries and exits
2024-12-13 19:17:39,842 - utils_portfolio - INFO - Evaluating symbol if to open, close, or no change
2024-12-13 19:17:45,348 - utils_strategy - INFO - T - downloading data from yfinance
2024-12-13 19:17:49,129 - utils_portfolio - INFO - Checking if we have correct date
2024-12-13 19:17:49,146 - utils_portfolio - INFO - T - running symbols strategy to get entries and exits
2024-12-13 19:18:44,014 - utils_portfolio - INFO - Evaluating symbol if to open, close, or no change
2024-12-13 19:18:44,194 - utils_strategy - INFO - VALE - downloading data from yfinance
2024-12-13 19:18:47,634 - utils_portfolio - INFO - Checking if we have correct date
2024-12-13 19:18:47,652 - utils_portfolio - INFO - VALE - running symbols strategy to get entries and exits
2024-12-13 19:19:39,383 - utils_portfolio - INFO - Evaluating symbol if to open, close, or no change
2024-12-13 19:19:39,424 - utils_strategy - INFO - FTNT - downloading data from yfinance
2024-12-13 19:19:42,042 - utils_portfolio - INFO - Checking if we have correct date
2024-12-13 19:19:42,058 - utils_portfolio - INFO - FTNT - running symbols strategy to get entries and exits
2024-12-13 19:20:21,844 - utils_portfolio - INFO - Evaluating symbol if to open, close, or no change
2024-12-13 19:20:21,877 - utils_strategy - INFO - BX - downloading data from yfinance
2024-12-13 19:20:24,741 - utils_portfolio - INFO - Checking if we have correct date
2024-12-13 19:20:24,756 - utils_portfolio - INFO - BX - running symbols strategy to get entries and exits
2024-12-13 19:21:08,186 - utils_portfolio - INFO - Evaluating symbol if to open, close, or no change
2024-12-13 19:21:08,222 - utils_strategy - INFO - MO - downloading data from yfinance
2024-12-13 19:21:12,418 - utils_portfolio - INFO - Checking if we have correct date
2024-12-13 19:21:12,438 - utils_portfolio - INFO - MO - running symbols strategy to get entries and exits
2024-12-13 19:22:10,120 - utils_portfolio - INFO - Evaluating symbol if to open, close, or no change
2024-12-13 19:22:10,161 - utils_strategy - INFO - NVDA - downloading data from yfinance
2024-12-13 19:22:14,429 - utils_portfolio - INFO - Checking if we have correct date
2024-12-13 19:22:14,443 - utils_portfolio - INFO - NVDA - running symbols strategy to get entries and exits
2024-12-13 19:23:13,551 - utils_portfolio - INFO - Evaluating symbol if to open, close, or no change
2024-12-13 19:23:13,599 - utils_strategy - INFO - TNA - downloading data from yfinance
2024-12-13 19:23:16,410 - utils_portfolio - INFO - Checking if we have correct date
2024-12-13 19:23:16,424 - utils_portfolio - INFO - TNA - running symbols strategy to get entries and exits
2024-12-13 19:24:00,705 - utils_portfolio - INFO - Evaluating symbol if to open, close, or no change
2024-12-13 19:24:00,738 - utils_strategy - INFO - BSX - downloading data from yfinance
2024-12-13 19:24:04,807 - utils_portfolio - INFO - Checking if we have correct date
2024-12-13 19:24:04,827 - utils_portfolio - INFO - BSX - running symbols strategy to get entries and exits
2024-12-13 19:25:03,240 - utils_portfolio - INFO - Evaluating symbol if to open, close, or no change
2024-12-13 19:25:03,283 - utils_strategy - INFO - PANW - downloading data from yfinance
2024-12-13 19:25:05,615 - utils_portfolio - INFO - Checking if we have correct date
2024-12-13 19:25:05,629 - utils_portfolio - INFO - PANW - running symbols strategy to get entries and exits
2024-12-13 19:25:42,341 - utils_portfolio - INFO - Evaluating symbol if to open, close, or no change
2024-12-13 19:25:42,375 - utils_strategy - INFO - VZ - downloading data from yfinance
2024-12-13 19:25:46,640 - utils_portfolio - INFO - Checking if we have correct date
2024-12-13 19:25:46,654 - utils_portfolio - INFO - VZ - running symbols strategy to get entries and exits
2024-12-13 19:26:43,089 - utils_portfolio - INFO - Evaluating symbol if to open, close, or no change
2024-12-13 19:26:43,131 - utils_strategy - INFO - ANET - downloading data from yfinance
2024-12-13 19:26:45,301 - utils_portfolio - INFO - Checking if we have correct date
2024-12-13 19:26:45,317 - utils_portfolio - INFO - ANET - running symbols strategy to get entries and exits
2024-12-13 19:27:21,439 - utils_portfolio - INFO - Evaluating symbol if to open, close, or no change
2024-12-13 19:27:21,478 - utils_strategy - INFO - WBD - downloading data from yfinance
2024-12-13 19:27:24,967 - utils_portfolio - INFO - Checking if we have correct date
2024-12-13 19:27:24,982 - utils_portfolio - INFO - WBD - running symbols strategy to get entries and exits
2024-12-13 19:28:15,688 - utils_portfolio - INFO - Evaluating symbol if to open, close, or no change
2024-12-13 19:28:15,725 - root - INFO - Portfolio p1 symbols actions - {'PBR': 'no_change', 'T': 'no_change', 'VALE': 'no_change', 'FTNT': 'no_change', 'BX': 'no_change', 'MO': 'no_change', 'NVDA': 'no_change', 'TNA': 'no_change', 'BSX': 'no_change', 'PANW': 'no_change', 'VZ': 'no_change', 'ANET': 'no_change', 'WBD': 'no_change'}
2024-12-13 19:28:15,725 - utils_portfolio - INFO - Submitting orders to close existing positions
2024-12-13 19:28:15,725 - utils_portfolio - INFO - Updating state of portfolio - p1
2024-12-13 19:28:15,725 - utils_portfolio - INFO - Calculating closed trades stats
2024-12-13 19:28:15,725 - utils_portfolio - INFO - Processing symbol - PBR
2024-12-13 19:28:16,351 - utils_portfolio - INFO - Processing symbol - T
2024-12-13 19:28:16,547 - utils_portfolio - INFO - Processing symbol - VALE
2024-12-13 19:28:16,756 - utils_portfolio - INFO - Processing symbol - FTNT
2024-12-13 19:28:16,962 - utils_portfolio - INFO - Processing symbol - BX
2024-12-13 19:28:17,166 - utils_portfolio - INFO - Processing symbol - MO
2024-12-13 19:28:17,370 - utils_portfolio - INFO - Processing symbol - NVDA
2024-12-13 19:28:17,576 - utils_portfolio - INFO - Processing symbol - TNA
2024-12-13 19:28:17,782 - utils_portfolio - INFO - Processing symbol - BSX
2024-12-13 19:28:17,986 - utils_portfolio - INFO - Processing symbol - PANW
2024-12-13 19:28:18,111 - utils_portfolio - INFO - Processing symbol - VZ
2024-12-13 19:28:18,230 - utils_portfolio - INFO - Processing symbol - ANET
2024-12-13 19:28:18,396 - utils_portfolio - INFO - Processing symbol - WBD
2024-12-13 19:28:18,598 - utils_portfolio - INFO - Calculating open trades stats
2024-12-13 19:28:18,598 - utils_portfolio - INFO - Processing symbol - PBR
2024-12-13 19:28:19,014 - utils_portfolio - INFO - Processing symbol - T
2024-12-13 19:28:19,126 - utils_portfolio - INFO - Processing symbol - VALE
2024-12-13 19:28:19,309 - utils_portfolio - INFO - Processing symbol - FTNT
2024-12-13 19:28:19,515 - utils_portfolio - INFO - Processing symbol - BX
2024-12-13 19:28:19,720 - utils_portfolio - INFO - Processing symbol - MO
2024-12-13 19:28:19,834 - utils_portfolio - INFO - Processing symbol - NVDA
2024-12-13 19:28:19,947 - utils_portfolio - INFO - Processing symbol - TNA
2024-12-13 19:28:20,129 - utils_portfolio - INFO - Processing symbol - BSX
2024-12-13 19:28:20,333 - utils_portfolio - INFO - Processing symbol - PANW
2024-12-13 19:28:20,539 - utils_portfolio - INFO - Processing symbol - VZ
2024-12-13 19:28:20,743 - utils_portfolio - INFO - Processing symbol - ANET
2024-12-13 19:28:20,948 - utils_portfolio - INFO - Processing symbol - WBD
