2024-08-30 13:32:33,438 - root - INFO - Logger is setup
2024-08-30 13:32:33,489 - utils_portfolio - INFO - Updating info of portfolio - p1
2024-08-30 13:32:33,564 - utils_portfolio - INFO - Calculating symbols weights
2024-08-30 13:32:33,565 - root - INFO - Portfolio p1 symbols weights - {'PLTR': 0.09090909090909091, 'BTC/USD': 0.09090909090909091, 'AAL': 0.09090909090909091, 'VRT': 0.09090909090909091, 'GBTC': 0.09090909090909091, 'DELL': 0.09090909090909091, 'GM': 0.09090909090909091, 'IYR': 0.09090909090909091, 'DKNG': 0.09090909090909091, 'EBAY': 0.09090909090909091, 'CRWD': 0.09090909090909091}
2024-08-30 13:32:33,565 - utils_strategy - INFO - PLTR - downloading data from alpaca
2024-08-30 13:32:34,315 - utils_portfolio - INFO - Checking if we have correct date
2024-08-30 13:32:34,315 - utils_portfolio - INFO - PLTR - running symbols strategy to get entries and exits
2024-08-30 13:32:34,330 - utils_portfolio - INFO - Evaluating symbol if to open, close, or no change
2024-08-30 13:32:39,400 - utils_strategy - INFO - BTC/USD - downloading data from alpaca
2024-08-30 13:32:40,181 - utils_portfolio - INFO - Checking if we have correct date
2024-08-30 13:32:40,181 - utils_portfolio - INFO - BTC/USD - running symbols strategy to get entries and exits
2024-08-30 13:32:40,197 - utils_portfolio - INFO - Evaluating symbol if to open, close, or no change
2024-08-30 13:32:40,228 - utils_strategy - INFO - AAL - downloading data from alpaca
2024-08-30 13:32:41,450 - utils_portfolio - INFO - Checking if we have correct date
2024-08-30 13:32:41,451 - utils_portfolio - INFO - AAL - running symbols strategy to get entries and exits
2024-08-30 13:32:41,477 - utils_portfolio - INFO - Evaluating symbol if to open, close, or no change
2024-08-30 13:32:41,511 - utils_strategy - INFO - VRT - downloading data from alpaca
2024-08-30 13:32:42,538 - utils_portfolio - INFO - Checking if we have correct date
2024-08-30 13:32:42,538 - utils_portfolio - INFO - VRT - running symbols strategy to get entries and exits
2024-08-30 13:32:42,553 - utils_portfolio - INFO - Evaluating symbol if to open, close, or no change
2024-08-30 13:32:42,585 - utils_strategy - INFO - GBTC - downloading data from alpaca
2024-08-30 13:32:43,119 - utils_portfolio - INFO - Checking if we have correct date
2024-08-30 13:32:43,120 - utils_portfolio - INFO - GBTC - running symbols strategy to get entries and exits
2024-08-30 13:32:43,137 - utils_portfolio - INFO - Evaluating symbol if to open, close, or no change
2024-08-30 13:32:43,164 - utils_strategy - INFO - DELL - downloading data from alpaca
2024-08-30 13:32:44,071 - utils_portfolio - INFO - Checking if we have correct date
2024-08-30 13:32:44,071 - utils_portfolio - INFO - DELL - running symbols strategy to get entries and exits
2024-08-30 13:32:44,085 - utils_portfolio - INFO - Evaluating symbol if to open, close, or no change
2024-08-30 13:32:44,116 - utils_strategy - INFO - GM - downloading data from alpaca
2024-08-30 13:32:45,343 - utils_portfolio - INFO - Checking if we have correct date
2024-08-30 13:32:45,344 - utils_portfolio - INFO - GM - running symbols strategy to get entries and exits
2024-08-30 13:32:45,361 - utils_portfolio - INFO - Evaluating symbol if to open, close, or no change
2024-08-30 13:32:45,397 - utils_strategy - INFO - IYR - downloading data from alpaca
2024-08-30 13:32:46,844 - utils_portfolio - INFO - Checking if we have correct date
2024-08-30 13:32:46,845 - utils_portfolio - INFO - IYR - running symbols strategy to get entries and exits
2024-08-30 13:32:46,865 - utils_portfolio - INFO - Evaluating symbol if to open, close, or no change
2024-08-30 13:32:46,903 - utils_strategy - INFO - DKNG - downloading data from alpaca
2024-08-30 13:32:47,844 - utils_portfolio - INFO - Checking if we have correct date
2024-08-30 13:32:47,844 - utils_portfolio - INFO - DKNG - running symbols strategy to get entries and exits
2024-08-30 13:32:47,858 - utils_portfolio - INFO - Evaluating symbol if to open, close, or no change
2024-08-30 13:32:47,894 - utils_strategy - INFO - EBAY - downloading data from alpaca
2024-08-30 13:32:48,917 - utils_portfolio - INFO - Checking if we have correct date
2024-08-30 13:32:48,917 - utils_portfolio - INFO - EBAY - running symbols strategy to get entries and exits
2024-08-30 13:32:48,946 - utils_portfolio - INFO - Evaluating symbol if to open, close, or no change
2024-08-30 13:32:48,997 - utils_strategy - INFO - CRWD - downloading data from alpaca
2024-08-30 13:32:49,805 - utils_portfolio - INFO - Checking if we have correct date
2024-08-30 13:32:49,805 - utils_portfolio - INFO - CRWD - running symbols strategy to get entries and exits
2024-08-30 13:32:49,821 - utils_portfolio - INFO - Evaluating symbol if to open, close, or no change
2024-08-30 13:32:49,852 - root - INFO - Portfolio p1 symbols actions - {'PLTR': 'open', 'BTCUSD': 'no_change', 'AAL': 'no_change', 'VRT': 'no_change', 'GBTC': 'no_change', 'DELL': 'no_change', 'GM': 'no_change', 'IYR': 'no_change', 'DKNG': 'no_change', 'EBAY': 'no_change', 'CRWD': 'no_change'}
2024-08-30 13:32:49,852 - utils_portfolio - INFO - Submitting orders to close existing positions
2024-08-30 13:32:49,852 - utils_portfolio - INFO - Updating state of portfolio - p1
2024-08-30 13:32:49,852 - utils_portfolio - INFO - Calculating closed trades stats
2024-08-30 13:32:49,853 - utils_portfolio - INFO - Processing symbol - PLTR
2024-08-30 13:32:50,583 - utils_portfolio - INFO - Processing symbol - BTC/USD
2024-08-30 13:32:50,785 - utils_portfolio - INFO - Processing symbol - AAL
2024-08-30 13:32:50,982 - utils_portfolio - INFO - Processing symbol - VRT
2024-08-30 13:32:51,216 - utils_portfolio - INFO - Processing symbol - GBTC
2024-08-30 13:32:51,418 - utils_portfolio - INFO - Processing symbol - DELL
2024-08-30 13:32:51,544 - utils_portfolio - INFO - Processing symbol - GM
2024-08-30 13:32:51,691 - utils_portfolio - INFO - Processing symbol - IYR
2024-08-30 13:32:51,836 - utils_portfolio - INFO - Processing symbol - DKNG
2024-08-30 13:32:52,032 - utils_portfolio - INFO - Processing symbol - EBAY
2024-08-30 13:32:52,237 - utils_portfolio - INFO - Processing symbol - CRWD
2024-08-30 13:32:52,429 - utils_portfolio - INFO - Calculating open trades stats
2024-08-30 13:32:52,430 - utils_portfolio - INFO - Processing symbol - PLTR
2024-08-30 13:32:52,920 - utils_portfolio - INFO - Processing symbol - BTC/USD
2024-08-30 13:32:53,126 - utils_portfolio - INFO - Processing symbol - AAL
2024-08-30 13:32:53,331 - utils_portfolio - INFO - Processing symbol - VRT
2024-08-30 13:32:53,747 - utils_portfolio - INFO - Processing symbol - GBTC
2024-08-30 13:32:53,944 - utils_portfolio - INFO - Processing symbol - DELL
2024-08-30 13:32:54,056 - utils_portfolio - INFO - Processing symbol - GM
2024-08-30 13:32:54,470 - utils_portfolio - INFO - Processing symbol - IYR
2024-08-30 13:32:54,878 - utils_portfolio - INFO - Processing symbol - DKNG
2024-08-30 13:32:55,072 - utils_portfolio - INFO - Processing symbol - EBAY
2024-08-30 13:32:55,488 - utils_portfolio - INFO - Processing symbol - CRWD
2024-08-30 13:32:56,065 - utils_portfolio - INFO - Portfolio p1 - calculating position sizes
2024-08-30 13:32:56,083 - root - INFO - Portfolio p1 position sizes - symbol
PLTR      449.24
BTCUSD    449.24
AAL       449.24
VRT       449.24
GBTC      449.24
DELL      449.24
GM        449.24
IYR       449.24
DKNG      449.24
EBAY      449.24
CRWD      449.24
Name: position, dtype: float64
2024-08-30 13:32:56,084 - utils_portfolio - INFO - Submitting orders to open positions
2024-08-30 13:32:56,509 - root - INFO - XXXXXXXXXXXXXXXXXXXX --- Portfolio p1 - DONE --- XXXXXXXXXXXXXXXXXXXX
2024-08-30 13:32:56,510 - utils_portfolio - INFO - Updating info of portfolio - p2
2024-08-30 13:32:56,581 - utils_portfolio - INFO - Calculating symbols weights
2024-08-30 13:32:56,582 - utils_portfolio - INFO - Calculating closed trades count
2024-08-30 13:32:58,786 - root - INFO - Portfolio p2 symbols weights - {'AAPL': 0.1111111111111111, 'GOOGL': 0.1111111111111111, 'META': 0.1111111111111111, 'MRVL': 0.1111111111111111, 'MSTR': 0.1111111111111111, 'SCHD': 0.1111111111111111, 'BITO': 0.1111111111111111, 'AVGO': 0.1111111111111111, 'SOUN': 0.1111111111111111}
2024-08-30 13:32:58,787 - utils_strategy - INFO - AAPL - downloading data from yfinance
2024-08-30 13:32:59,394 - utils_portfolio - INFO - Checking if we have correct date
2024-08-30 13:32:59,394 - utils_portfolio - INFO - AAPL - running symbols strategy to get entries and exits
2024-08-30 13:32:59,402 - utils_portfolio - INFO - Evaluating symbol if to open, close, or no change
2024-08-30 13:32:59,439 - utils_strategy - INFO - GOOGL - downloading data from yfinance
2024-08-30 13:32:59,876 - utils_portfolio - INFO - Checking if we have correct date
2024-08-30 13:32:59,877 - utils_portfolio - INFO - GOOGL - running symbols strategy to get entries and exits
2024-08-30 13:32:59,889 - utils_portfolio - INFO - Evaluating symbol if to open, close, or no change
2024-08-30 13:32:59,927 - utils_strategy - INFO - META - downloading data from yfinance
2024-08-30 13:33:00,085 - utils_portfolio - INFO - Checking if we have correct date
2024-08-30 13:33:00,085 - utils_portfolio - INFO - META - running symbols strategy to get entries and exits
2024-08-30 13:33:00,093 - utils_portfolio - INFO - Evaluating symbol if to open, close, or no change
2024-08-30 13:33:00,129 - utils_strategy - INFO - MRVL - downloading data from yfinance
2024-08-30 13:33:00,363 - utils_portfolio - INFO - Checking if we have correct date
2024-08-30 13:33:00,364 - utils_portfolio - INFO - MRVL - running symbols strategy to get entries and exits
2024-08-30 13:33:00,371 - utils_portfolio - INFO - Evaluating symbol if to open, close, or no change
2024-08-30 13:33:00,413 - utils_strategy - INFO - MSTR - downloading data from yfinance
2024-08-30 13:33:00,635 - utils_portfolio - INFO - Checking if we have correct date
2024-08-30 13:33:00,635 - utils_portfolio - INFO - MSTR - running symbols strategy to get entries and exits
2024-08-30 13:33:00,644 - utils_portfolio - INFO - Evaluating symbol if to open, close, or no change
2024-08-30 13:33:00,682 - utils_strategy - INFO - SCHD - downloading data from yfinance
2024-08-30 13:33:00,907 - utils_portfolio - INFO - Checking if we have correct date
2024-08-30 13:33:00,907 - utils_portfolio - INFO - SCHD - running symbols strategy to get entries and exits
2024-08-30 13:33:00,916 - utils_portfolio - INFO - Evaluating symbol if to open, close, or no change
2024-08-30 13:33:00,947 - utils_strategy - INFO - BITO - downloading data from yfinance
2024-08-30 13:33:01,088 - utils_portfolio - INFO - Checking if we have correct date
2024-08-30 13:33:01,089 - utils_portfolio - INFO - BITO - running symbols strategy to get entries and exits
2024-08-30 13:33:01,097 - utils_portfolio - INFO - Evaluating symbol if to open, close, or no change
2024-08-30 13:33:01,124 - utils_strategy - INFO - AVGO - downloading data from yfinance
2024-08-30 13:33:01,400 - utils_portfolio - INFO - Checking if we have correct date
2024-08-30 13:33:01,400 - utils_portfolio - INFO - AVGO - running symbols strategy to get entries and exits
2024-08-30 13:33:01,408 - utils_portfolio - INFO - Evaluating symbol if to open, close, or no change
2024-08-30 13:33:01,443 - utils_strategy - INFO - SOUN - downloading data from yfinance
2024-08-30 13:33:01,537 - utils_portfolio - INFO - Checking if we have correct date
2024-08-30 13:33:01,537 - utils_portfolio - INFO - SOUN - running symbols strategy to get entries and exits
2024-08-30 13:33:01,552 - utils_portfolio - INFO - Evaluating symbol if to open, close, or no change
2024-08-30 13:33:01,579 - root - INFO - Portfolio p2 symbols actions - {'AAPL': 'no_change', 'GOOGL': 'no_change', 'META': 'no_change', 'MRVL': 'open', 'MSTR': 'no_change', 'SCHD': 'no_change', 'BITO': 'no_change', 'AVGO': 'no_change', 'SOUN': 'no_change'}
2024-08-30 13:33:01,580 - utils_portfolio - INFO - Submitting orders to close existing positions
2024-08-30 13:33:01,580 - utils_portfolio - INFO - Updating state of portfolio - p2
2024-08-30 13:33:01,580 - utils_portfolio - INFO - Calculating closed trades stats
2024-08-30 13:33:01,580 - utils_portfolio - INFO - Processing symbol - AAPL
2024-08-30 13:33:02,159 - utils_portfolio - INFO - Processing symbol - GOOGL
2024-08-30 13:33:02,374 - utils_portfolio - INFO - Processing symbol - META
2024-08-30 13:33:02,578 - utils_portfolio - INFO - Processing symbol - MRVL
2024-08-30 13:33:02,786 - utils_portfolio - INFO - Processing symbol - MSTR
2024-08-30 13:33:02,988 - utils_portfolio - INFO - Processing symbol - SCHD
2024-08-30 13:33:03,194 - utils_portfolio - INFO - Processing symbol - BITO
2024-08-30 13:33:03,339 - utils_portfolio - INFO - Processing symbol - AVGO
2024-08-30 13:33:03,501 - utils_portfolio - INFO - Processing symbol - SOUN
2024-08-30 13:33:03,687 - utils_portfolio - INFO - Calculating open trades stats
2024-08-30 13:33:03,688 - utils_portfolio - INFO - Processing symbol - AAPL
2024-08-30 13:33:04,193 - utils_portfolio - INFO - Processing symbol - GOOGL
2024-08-30 13:33:04,390 - utils_portfolio - INFO - Processing symbol - META
2024-08-30 13:33:04,505 - utils_portfolio - INFO - Processing symbol - MRVL
2024-08-30 13:33:04,635 - utils_portfolio - INFO - Processing symbol - MSTR
2024-08-30 13:33:04,800 - utils_portfolio - INFO - Processing symbol - SCHD
2024-08-30 13:33:05,221 - utils_portfolio - INFO - Processing symbol - BITO
2024-08-30 13:33:05,415 - utils_portfolio - INFO - Processing symbol - AVGO
2024-08-30 13:33:05,620 - utils_portfolio - INFO - Processing symbol - SOUN
2024-08-30 13:33:05,798 - utils_portfolio - INFO - Portfolio p2 - calculating position sizes
2024-08-30 13:33:05,817 - root - INFO - Portfolio p2 position sizes - symbol
AAPL     549.08
GOOGL    549.08
META     549.08
MRVL     549.08
MSTR     549.08
SCHD     549.08
BITO     549.08
AVGO     549.08
SOUN     549.08
Name: position, dtype: float64
2024-08-30 13:33:05,817 - utils_portfolio - INFO - Submitting orders to open positions
2024-08-30 13:33:06,339 - root - INFO - XXXXXXXXXXXXXXXXXXXX --- Portfolio p2 - DONE --- XXXXXXXXXXXXXXXXXXXX
2024-08-30 13:33:06,341 - utils_portfolio - INFO - Updating info of portfolio - p3
2024-08-30 13:33:06,421 - utils_portfolio - INFO - Calculating symbols weights
2024-08-30 13:33:06,422 - root - INFO - Portfolio p3 symbols weights - {'TSLA': 0.1, 'NVDA': 0.1, 'AMD': 0.1, 'QQQ': 0.1, 'AMZN': 0.1, 'TQQQ': 0.1, 'VOO': 0.1, 'BABA': 0.1, 'BA': 0.1, 'XLI': 0.1}
2024-08-30 13:33:06,422 - utils_strategy - INFO - TSLA - downloading data from yfinance
2024-08-30 13:33:06,674 - utils_portfolio - INFO - Checking if we have correct date
2024-08-30 13:33:06,674 - utils_portfolio - INFO - TSLA - running symbols strategy to get entries and exits
2024-08-30 13:33:06,682 - utils_portfolio - INFO - Evaluating symbol if to open, close, or no change
2024-08-30 13:33:06,715 - utils_strategy - INFO - NVDA - downloading data from yfinance
2024-08-30 13:33:07,053 - utils_portfolio - INFO - Checking if we have correct date
2024-08-30 13:33:07,054 - utils_portfolio - INFO - NVDA - running symbols strategy to get entries and exits
2024-08-30 13:33:07,061 - utils_portfolio - INFO - Evaluating symbol if to open, close, or no change
2024-08-30 13:33:07,103 - utils_strategy - INFO - AMD - downloading data from yfinance
2024-08-30 13:33:07,309 - utils_portfolio - INFO - Checking if we have correct date
2024-08-30 13:33:07,310 - utils_portfolio - INFO - AMD - running symbols strategy to get entries and exits
2024-08-30 13:33:07,318 - utils_portfolio - INFO - Evaluating symbol if to open, close, or no change
2024-08-30 13:33:07,354 - utils_strategy - INFO - QQQ - downloading data from yfinance
2024-08-30 13:33:07,665 - utils_portfolio - INFO - Checking if we have correct date
2024-08-30 13:33:07,666 - utils_portfolio - INFO - QQQ - running symbols strategy to get entries and exits
2024-08-30 13:33:07,673 - utils_portfolio - INFO - Evaluating symbol if to open, close, or no change
2024-08-30 13:33:07,712 - utils_strategy - INFO - AMZN - downloading data from yfinance
2024-08-30 13:33:07,946 - utils_portfolio - INFO - Checking if we have correct date
2024-08-30 13:33:07,946 - utils_portfolio - INFO - AMZN - running symbols strategy to get entries and exits
2024-08-30 13:33:07,954 - utils_portfolio - INFO - Evaluating symbol if to open, close, or no change
2024-08-30 13:33:07,992 - utils_strategy - INFO - TQQQ - downloading data from yfinance
2024-08-30 13:33:08,392 - utils_portfolio - INFO - Checking if we have correct date
2024-08-30 13:33:08,392 - utils_portfolio - INFO - TQQQ - running symbols strategy to get entries and exits
2024-08-30 13:33:08,404 - utils_portfolio - INFO - Evaluating symbol if to open, close, or no change
2024-08-30 13:33:08,440 - utils_strategy - INFO - VOO - downloading data from yfinance
2024-08-30 13:33:08,639 - utils_portfolio - INFO - Checking if we have correct date
2024-08-30 13:33:08,639 - utils_portfolio - INFO - VOO - running symbols strategy to get entries and exits
2024-08-30 13:33:08,647 - utils_portfolio - INFO - Evaluating symbol if to open, close, or no change
2024-08-30 13:33:08,683 - utils_strategy - INFO - BABA - downloading data from yfinance
2024-08-30 13:33:08,893 - utils_portfolio - INFO - Checking if we have correct date
2024-08-30 13:33:08,893 - utils_portfolio - INFO - BABA - running symbols strategy to get entries and exits
2024-08-30 13:33:08,903 - utils_portfolio - INFO - Evaluating symbol if to open, close, or no change
2024-08-30 13:33:08,935 - utils_strategy - INFO - BA - downloading data from yfinance
2024-08-30 13:33:09,309 - utils_portfolio - INFO - Checking if we have correct date
2024-08-30 13:33:09,309 - utils_portfolio - INFO - BA - running symbols strategy to get entries and exits
2024-08-30 13:33:09,317 - utils_portfolio - INFO - Evaluating symbol if to open, close, or no change
2024-08-30 13:33:09,355 - utils_strategy - INFO - XLI - downloading data from yfinance
2024-08-30 13:33:09,704 - utils_portfolio - INFO - Checking if we have correct date
2024-08-30 13:33:09,704 - utils_portfolio - INFO - XLI - running symbols strategy to get entries and exits
2024-08-30 13:33:09,713 - utils_portfolio - INFO - Evaluating symbol if to open, close, or no change
2024-08-30 13:33:09,749 - root - INFO - Portfolio p3 symbols actions - {'TSLA': 'no_change', 'NVDA': 'no_change', 'AMD': 'no_change', 'QQQ': 'no_change', 'AMZN': 'no_change', 'TQQQ': 'no_change', 'VOO': 'no_change', 'BABA': 'no_change', 'BA': 'no_change', 'XLI': 'no_change'}
2024-08-30 13:33:09,749 - utils_portfolio - INFO - Submitting orders to close existing positions
2024-08-30 13:33:09,749 - utils_portfolio - INFO - Updating state of portfolio - p3
2024-08-30 13:33:09,749 - utils_portfolio - INFO - Calculating closed trades stats
2024-08-30 13:33:09,749 - utils_portfolio - INFO - Processing symbol - TSLA
2024-08-30 13:33:10,342 - utils_portfolio - INFO - Processing symbol - NVDA
2024-08-30 13:33:10,570 - utils_portfolio - INFO - Processing symbol - AMD
2024-08-30 13:33:10,771 - utils_portfolio - INFO - Processing symbol - QQQ
2024-08-30 13:33:10,965 - utils_portfolio - INFO - Processing symbol - AMZN
2024-08-30 13:33:11,180 - utils_portfolio - INFO - Processing symbol - TQQQ
2024-08-30 13:33:11,386 - utils_portfolio - INFO - Processing symbol - VOO
2024-08-30 13:33:11,591 - utils_portfolio - INFO - Processing symbol - BABA
2024-08-30 13:33:11,795 - utils_portfolio - INFO - Processing symbol - BA
2024-08-30 13:33:12,002 - utils_portfolio - INFO - Processing symbol - XLI
2024-08-30 13:33:12,156 - utils_portfolio - INFO - Calculating open trades stats
2024-08-30 13:33:12,158 - utils_portfolio - INFO - Processing symbol - TSLA
2024-08-30 13:33:12,685 - utils_portfolio - INFO - Processing symbol - NVDA
2024-08-30 13:33:12,827 - utils_portfolio - INFO - Processing symbol - AMD
2024-08-30 13:33:12,941 - utils_portfolio - INFO - Processing symbol - QQQ
2024-08-30 13:33:13,094 - utils_portfolio - INFO - Processing symbol - AMZN
2024-08-30 13:33:13,299 - utils_portfolio - INFO - Processing symbol - TQQQ
2024-08-30 13:33:13,503 - utils_portfolio - INFO - Processing symbol - VOO
2024-08-30 13:33:13,919 - utils_portfolio - INFO - Processing symbol - BABA
2024-08-30 13:33:14,119 - utils_portfolio - INFO - Processing symbol - BA
2024-08-30 13:33:14,323 - utils_portfolio - INFO - Processing symbol - XLI
2024-08-30 13:33:14,787 - utils_portfolio - INFO - Portfolio p3 - calculating position sizes
2024-08-30 13:33:14,807 - root - INFO - Portfolio p3 position sizes - symbol
TSLA    510.56
NVDA    510.56
AMD     510.56
QQQ     510.56
AMZN    510.56
TQQQ    510.56
VOO     510.56
BABA    510.56
BA      510.56
XLI     510.56
Name: position, dtype: float64
2024-08-30 13:33:14,807 - utils_portfolio - INFO - Submitting orders to open positions
2024-08-30 13:33:14,807 - root - INFO - XXXXXXXXXXXXXXXXXXXX --- Portfolio p3 - DONE --- XXXXXXXXXXXXXXXXXXXX
2024-08-30 13:33:14,807 - utils_portfolio - INFO - Updating info of portfolio - p4
2024-08-30 13:33:14,944 - utils_portfolio - INFO - Calculating symbols weights
2024-08-30 13:33:14,945 - root - INFO - Portfolio p4 symbols weights - {'RIOT': 0.05, 'NEE': 0.05, 'SLV': 0.05, 'SHOP': 0.05, 'FAST': 0.05, 'SPXL': 0.05, 'VALE': 0.05, 'SNAP': 0.05, 'WDC': 0.05, 'MO': 0.05, 'PM': 0.05, 'SQ': 0.05, 'PDD': 0.05, 'ABBV': 0.05, 'ON': 0.05, 'UPRO': 0.05, 'TSLL': 0.05, 'PBR': 0.05, 'MP': 0.05, 'U': 0.05}
2024-08-30 13:33:14,945 - utils_strategy - INFO - RIOT - downloading data from yfinance
2024-08-30 13:33:15,156 - utils_portfolio - INFO - Checking if we have correct date
2024-08-30 13:33:15,156 - utils_portfolio - INFO - RIOT - running symbols strategy to get entries and exits
2024-08-30 13:33:15,164 - utils_portfolio - INFO - Evaluating symbol if to open, close, or no change
2024-08-30 13:33:15,197 - utils_strategy - INFO - NEE - downloading data from yfinance
2024-08-30 13:33:15,557 - utils_portfolio - INFO - Checking if we have correct date
2024-08-30 13:33:15,557 - utils_portfolio - INFO - NEE - running symbols strategy to get entries and exits
2024-08-30 13:33:15,566 - utils_portfolio - INFO - Evaluating symbol if to open, close, or no change
2024-08-30 13:33:15,602 - utils_strategy - INFO - SLV - downloading data from yfinance
2024-08-30 13:33:15,858 - utils_portfolio - INFO - Checking if we have correct date
2024-08-30 13:33:15,858 - utils_portfolio - INFO - SLV - running symbols strategy to get entries and exits
2024-08-30 13:33:15,867 - utils_portfolio - INFO - Evaluating symbol if to open, close, or no change
2024-08-30 13:33:15,903 - utils_strategy - INFO - SHOP - downloading data from yfinance
2024-08-30 13:33:16,071 - utils_portfolio - INFO - Checking if we have correct date
2024-08-30 13:33:16,071 - utils_portfolio - INFO - SHOP - running symbols strategy to get entries and exits
2024-08-30 13:33:16,079 - utils_portfolio - INFO - Evaluating symbol if to open, close, or no change
2024-08-30 13:33:16,111 - utils_strategy - INFO - FAST - downloading data from yfinance
2024-08-30 13:33:16,383 - utils_portfolio - INFO - Checking if we have correct date
2024-08-30 13:33:16,383 - utils_portfolio - INFO - FAST - running symbols strategy to get entries and exits
2024-08-30 13:33:16,391 - utils_portfolio - INFO - Evaluating symbol if to open, close, or no change
2024-08-30 13:33:16,430 - utils_strategy - INFO - SPXL - downloading data from yfinance
2024-08-30 13:33:16,645 - utils_portfolio - INFO - Checking if we have correct date
2024-08-30 13:33:16,645 - utils_portfolio - INFO - SPXL - running symbols strategy to get entries and exits
2024-08-30 13:33:16,652 - utils_portfolio - INFO - Evaluating symbol if to open, close, or no change
2024-08-30 13:33:16,688 - utils_strategy - INFO - VALE - downloading data from yfinance
2024-08-30 13:33:16,952 - utils_portfolio - INFO - Checking if we have correct date
2024-08-30 13:33:16,952 - utils_portfolio - INFO - VALE - running symbols strategy to get entries and exits
2024-08-30 13:33:16,962 - utils_portfolio - INFO - Evaluating symbol if to open, close, or no change
2024-08-30 13:33:17,160 - utils_strategy - INFO - SNAP - downloading data from yfinance
2024-08-30 13:33:17,294 - utils_portfolio - INFO - Checking if we have correct date
2024-08-30 13:33:17,294 - utils_portfolio - INFO - SNAP - running symbols strategy to get entries and exits
2024-08-30 13:33:17,302 - utils_portfolio - INFO - Evaluating symbol if to open, close, or no change
2024-08-30 13:33:17,334 - utils_strategy - INFO - WDC - downloading data from yfinance
2024-08-30 13:33:17,559 - utils_portfolio - INFO - Checking if we have correct date
2024-08-30 13:33:17,560 - utils_portfolio - INFO - WDC - running symbols strategy to get entries and exits
2024-08-30 13:33:17,568 - utils_portfolio - INFO - Evaluating symbol if to open, close, or no change
2024-08-30 13:33:17,605 - utils_strategy - INFO - MO - downloading data from yfinance
2024-08-30 13:33:17,971 - utils_portfolio - INFO - Checking if we have correct date
2024-08-30 13:33:17,971 - utils_portfolio - INFO - MO - running symbols strategy to get entries and exits
2024-08-30 13:33:17,979 - utils_portfolio - INFO - Evaluating symbol if to open, close, or no change
2024-08-30 13:33:18,018 - utils_strategy - INFO - PM - downloading data from yfinance
2024-08-30 13:33:18,202 - utils_portfolio - INFO - Checking if we have correct date
2024-08-30 13:33:18,202 - utils_portfolio - INFO - PM - running symbols strategy to get entries and exits
2024-08-30 13:33:18,211 - utils_portfolio - INFO - Evaluating symbol if to open, close, or no change
2024-08-30 13:33:18,245 - utils_strategy - INFO - SQ - downloading data from yfinance
2024-08-30 13:33:18,399 - utils_portfolio - INFO - Checking if we have correct date
2024-08-30 13:33:18,399 - utils_portfolio - INFO - SQ - running symbols strategy to get entries and exits
2024-08-30 13:33:18,409 - utils_portfolio - INFO - Evaluating symbol if to open, close, or no change
2024-08-30 13:33:18,441 - utils_strategy - INFO - PDD - downloading data from yfinance
2024-08-30 13:33:18,545 - utils_portfolio - INFO - Checking if we have correct date
2024-08-30 13:33:18,545 - utils_portfolio - INFO - PDD - running symbols strategy to get entries and exits
2024-08-30 13:33:18,558 - utils_portfolio - INFO - Evaluating symbol if to open, close, or no change
2024-08-30 13:33:18,586 - utils_strategy - INFO - ABBV - downloading data from yfinance
2024-08-30 13:33:18,771 - utils_portfolio - INFO - Checking if we have correct date
2024-08-30 13:33:18,771 - utils_portfolio - INFO - ABBV - running symbols strategy to get entries and exits
2024-08-30 13:33:18,778 - utils_portfolio - INFO - Evaluating symbol if to open, close, or no change
2024-08-30 13:33:18,808 - utils_strategy - INFO - ON - downloading data from yfinance
2024-08-30 13:33:19,049 - utils_portfolio - INFO - Checking if we have correct date
2024-08-30 13:33:19,049 - utils_portfolio - INFO - ON - running symbols strategy to get entries and exits
2024-08-30 13:33:19,056 - utils_portfolio - INFO - Evaluating symbol if to open, close, or no change
2024-08-30 13:33:19,096 - utils_strategy - INFO - UPRO - downloading data from yfinance
2024-08-30 13:33:19,328 - utils_portfolio - INFO - Checking if we have correct date
2024-08-30 13:33:19,329 - utils_portfolio - INFO - UPRO - running symbols strategy to get entries and exits
2024-08-30 13:33:19,336 - utils_portfolio - INFO - Evaluating symbol if to open, close, or no change
2024-08-30 13:33:19,368 - utils_strategy - INFO - TSLL - downloading data from yfinance
2024-08-30 13:33:19,471 - utils_portfolio - INFO - Checking if we have correct date
2024-08-30 13:33:19,471 - utils_portfolio - INFO - TSLL - running symbols strategy to get entries and exits
2024-08-30 13:33:19,482 - utils_portfolio - INFO - Evaluating symbol if to open, close, or no change
2024-08-30 13:33:19,510 - utils_strategy - INFO - PBR - downloading data from yfinance
2024-08-30 13:33:19,768 - utils_portfolio - INFO - Checking if we have correct date
2024-08-30 13:33:19,768 - utils_portfolio - INFO - PBR - running symbols strategy to get entries and exits
2024-08-30 13:33:19,777 - utils_portfolio - INFO - Evaluating symbol if to open, close, or no change
2024-08-30 13:33:19,815 - utils_strategy - INFO - MP - downloading data from yfinance
2024-08-30 13:33:19,952 - utils_portfolio - INFO - Checking if we have correct date
2024-08-30 13:33:19,953 - utils_portfolio - INFO - MP - running symbols strategy to get entries and exits
2024-08-30 13:33:19,968 - utils_portfolio - INFO - Evaluating symbol if to open, close, or no change
2024-08-30 13:33:19,999 - utils_strategy - INFO - U - downloading data from yfinance
2024-08-30 13:33:20,099 - utils_portfolio - INFO - Checking if we have correct date
2024-08-30 13:33:20,099 - utils_portfolio - INFO - U - running symbols strategy to get entries and exits
2024-08-30 13:33:20,108 - utils_portfolio - INFO - Evaluating symbol if to open, close, or no change
2024-08-30 13:33:20,136 - root - INFO - Portfolio p4 symbols actions - {'RIOT': 'no_change', 'NEE': 'no_change', 'SLV': 'no_change', 'SHOP': 'no_change', 'FAST': 'no_change', 'SPXL': 'no_change', 'VALE': 'no_change', 'SNAP': 'no_change', 'WDC': 'no_change', 'MO': 'no_change', 'PM': 'no_change', 'SQ': 'no_change', 'PDD': 'no_change', 'ABBV': 'no_change', 'ON': 'no_change', 'UPRO': 'no_change', 'TSLL': 'no_change', 'PBR': 'no_change', 'MP': 'no_change', 'U': 'no_change'}
2024-08-30 13:33:20,136 - utils_portfolio - INFO - Submitting orders to close existing positions
2024-08-30 13:33:20,136 - utils_portfolio - INFO - Updating state of portfolio - p4
2024-08-30 13:33:20,136 - utils_portfolio - INFO - Calculating closed trades stats
2024-08-30 13:33:20,136 - utils_portfolio - INFO - Processing symbol - RIOT
2024-08-30 13:33:20,618 - utils_portfolio - INFO - Processing symbol - NEE
2024-08-30 13:33:20,769 - utils_portfolio - INFO - Processing symbol - SLV
2024-08-30 13:33:20,929 - utils_portfolio - INFO - Processing symbol - SHOP
2024-08-30 13:33:21,114 - utils_portfolio - INFO - Processing symbol - FAST
2024-08-30 13:33:21,320 - utils_portfolio - INFO - Processing symbol - SPXL
2024-08-30 13:33:21,508 - utils_portfolio - INFO - Processing symbol - VALE
2024-08-30 13:33:21,729 - utils_portfolio - INFO - Processing symbol - SNAP
2024-08-30 13:33:21,916 - utils_portfolio - INFO - Processing symbol - WDC
2024-08-30 13:33:22,146 - utils_portfolio - INFO - Processing symbol - MO
2024-08-30 13:33:22,341 - utils_portfolio - INFO - Processing symbol - PM
2024-08-30 13:33:22,537 - utils_portfolio - INFO - Processing symbol - SQ
2024-08-30 13:33:22,757 - utils_portfolio - INFO - Processing symbol - PDD
2024-08-30 13:33:22,954 - utils_portfolio - INFO - Processing symbol - ABBV
2024-08-30 13:33:23,162 - utils_portfolio - INFO - Processing symbol - ON
2024-08-30 13:33:23,367 - utils_portfolio - INFO - Processing symbol - UPRO
2024-08-30 13:33:23,558 - utils_portfolio - INFO - Processing symbol - TSLL
2024-08-30 13:33:23,751 - utils_portfolio - INFO - Processing symbol - PBR
2024-08-30 13:33:23,958 - utils_portfolio - INFO - Processing symbol - MP
2024-08-30 13:33:24,185 - utils_portfolio - INFO - Processing symbol - U
2024-08-30 13:33:24,399 - utils_portfolio - INFO - Calculating open trades stats
2024-08-30 13:33:24,400 - utils_portfolio - INFO - Processing symbol - RIOT
2024-08-30 13:33:24,870 - utils_portfolio - INFO - Processing symbol - NEE
2024-08-30 13:33:25,291 - utils_portfolio - INFO - Processing symbol - SLV
2024-08-30 13:33:25,614 - utils_portfolio - INFO - Processing symbol - SHOP
2024-08-30 13:33:25,792 - utils_portfolio - INFO - Processing symbol - FAST
2024-08-30 13:33:26,112 - utils_portfolio - INFO - Processing symbol - SPXL
2024-08-30 13:33:26,487 - utils_portfolio - INFO - Processing symbol - VALE
2024-08-30 13:33:26,827 - utils_portfolio - INFO - Processing symbol - SNAP
2024-08-30 13:33:27,021 - utils_portfolio - INFO - Processing symbol - WDC
2024-08-30 13:33:27,225 - utils_portfolio - INFO - Processing symbol - MO
2024-08-30 13:33:27,549 - utils_portfolio - INFO - Processing symbol - PM
2024-08-30 13:33:27,951 - utils_portfolio - INFO - Processing symbol - SQ
2024-08-30 13:33:28,147 - utils_portfolio - INFO - Processing symbol - PDD
2024-08-30 13:33:28,352 - utils_portfolio - INFO - Processing symbol - ABBV
2024-08-30 13:33:28,556 - utils_portfolio - INFO - Processing symbol - ON
2024-08-30 13:33:28,670 - utils_portfolio - INFO - Processing symbol - UPRO
2024-08-30 13:33:29,081 - utils_portfolio - INFO - Processing symbol - TSLL
2024-08-30 13:33:29,194 - utils_portfolio - INFO - Processing symbol - PBR
2024-08-30 13:33:29,476 - utils_portfolio - INFO - Processing symbol - MP
2024-08-30 13:33:29,898 - utils_portfolio - INFO - Processing symbol - U
2024-08-30 13:33:30,106 - utils_portfolio - INFO - Portfolio p4 - calculating position sizes
2024-08-30 13:33:30,130 - root - INFO - Portfolio p4 position sizes - symbol
RIOT    257.13
NEE     257.13
SLV     257.13
SHOP    257.13
FAST    257.13
SPXL    257.13
VALE    257.13
SNAP    257.13
WDC     257.13
MO      257.13
PM      257.13
SQ      257.13
PDD     257.13
ABBV    257.13
ON      257.13
UPRO    257.13
TSLL    257.13
PBR     257.13
MP      257.13
U       257.13
Name: position, dtype: float64
2024-08-30 13:33:30,131 - utils_portfolio - INFO - Submitting orders to open positions
2024-08-30 13:33:30,131 - root - INFO - XXXXXXXXXXXXXXXXXXXX --- Portfolio p4 - DONE --- XXXXXXXXXXXXXXXXXXXX
2024-08-30 13:33:30,131 - utils_portfolio - INFO - Updating whole portfolio state
2024-08-30 13:33:31,220 - utils_portfolio - INFO - Calculating open trades stats
2024-08-30 13:33:31,221 - utils_portfolio - INFO - Processing symbol - PLTR
2024-08-30 13:33:31,834 - utils_portfolio - INFO - Processing symbol - BTC/USD
2024-08-30 13:33:32,039 - utils_portfolio - INFO - Processing symbol - AAL
2024-08-30 13:33:32,243 - utils_portfolio - INFO - Processing symbol - VRT
2024-08-30 13:33:32,659 - utils_portfolio - INFO - Processing symbol - GBTC
2024-08-30 13:33:32,771 - utils_portfolio - INFO - Processing symbol - DELL
2024-08-30 13:33:32,959 - utils_portfolio - INFO - Processing symbol - GM
2024-08-30 13:33:33,201 - utils_portfolio - INFO - Processing symbol - IYR
2024-08-30 13:33:33,482 - utils_portfolio - INFO - Processing symbol - DKNG
2024-08-30 13:33:33,676 - utils_portfolio - INFO - Processing symbol - EBAY
2024-08-30 13:33:34,098 - utils_portfolio - INFO - Processing symbol - CRWD
2024-08-30 13:33:34,500 - utils_portfolio - INFO - Processing symbol - AAPL
2024-08-30 13:33:34,853 - utils_portfolio - INFO - Processing symbol - GOOGL
2024-08-30 13:33:35,008 - utils_portfolio - INFO - Processing symbol - META
2024-08-30 13:33:35,213 - utils_portfolio - INFO - Processing symbol - MRVL
2024-08-30 13:33:35,418 - utils_portfolio - INFO - Processing symbol - MSTR
2024-08-30 13:33:35,622 - utils_portfolio - INFO - Processing symbol - SCHD
2024-08-30 13:33:35,956 - utils_portfolio - INFO - Processing symbol - BITO
2024-08-30 13:33:36,071 - utils_portfolio - INFO - Processing symbol - AVGO
2024-08-30 13:33:36,237 - utils_portfolio - INFO - Processing symbol - SOUN
2024-08-30 13:33:36,441 - utils_portfolio - INFO - Processing symbol - TSLA
2024-08-30 13:33:36,646 - utils_portfolio - INFO - Processing symbol - NVDA
2024-08-30 13:33:36,851 - utils_portfolio - INFO - Processing symbol - AMD
2024-08-30 13:33:37,056 - utils_portfolio - INFO - Processing symbol - QQQ
2024-08-30 13:33:37,260 - utils_portfolio - INFO - Processing symbol - AMZN
2024-08-30 13:33:37,403 - utils_portfolio - INFO - Processing symbol - TQQQ
2024-08-30 13:33:37,568 - utils_portfolio - INFO - Processing symbol - VOO
2024-08-30 13:33:37,990 - utils_portfolio - INFO - Processing symbol - BABA
2024-08-30 13:33:38,182 - utils_portfolio - INFO - Processing symbol - BA
2024-08-30 13:33:38,387 - utils_portfolio - INFO - Processing symbol - XLI
2024-08-30 13:33:38,809 - utils_portfolio - INFO - Processing symbol - RIOT
2024-08-30 13:33:39,001 - utils_portfolio - INFO - Processing symbol - NEE
2024-08-30 13:33:39,423 - utils_portfolio - INFO - Processing symbol - SLV
2024-08-30 13:33:39,826 - utils_portfolio - INFO - Processing symbol - SHOP
2024-08-30 13:33:40,025 - utils_portfolio - INFO - Processing symbol - FAST
2024-08-30 13:33:40,441 - utils_portfolio - INFO - Processing symbol - SPXL
2024-08-30 13:33:40,686 - utils_portfolio - INFO - Processing symbol - VALE
2024-08-30 13:33:40,957 - utils_portfolio - INFO - Processing symbol - SNAP
2024-08-30 13:33:41,152 - utils_portfolio - INFO - Processing symbol - WDC
2024-08-30 13:33:41,357 - utils_portfolio - INFO - Processing symbol - MO
2024-08-30 13:33:41,684 - utils_portfolio - INFO - Processing symbol - PM
2024-08-30 13:33:41,992 - utils_portfolio - INFO - Processing symbol - SQ
2024-08-30 13:33:42,107 - utils_portfolio - INFO - Processing symbol - PDD
2024-08-30 13:33:42,222 - utils_portfolio - INFO - Processing symbol - ABBV
2024-08-30 13:33:42,337 - utils_portfolio - INFO - Processing symbol - ON
2024-08-30 13:33:42,452 - utils_portfolio - INFO - Processing symbol - UPRO
2024-08-30 13:33:42,714 - utils_portfolio - INFO - Processing symbol - TSLL
2024-08-30 13:33:42,892 - utils_portfolio - INFO - Processing symbol - PBR
2024-08-30 13:33:43,317 - utils_portfolio - INFO - Processing symbol - MP
2024-08-30 13:33:43,716 - utils_portfolio - INFO - Processing symbol - U
2024-08-30 13:33:43,927 - utils_portfolio - INFO - Calculating closed trades stats
2024-08-30 13:33:43,928 - utils_portfolio - INFO - Processing symbol - PLTR
2024-08-30 13:33:44,460 - utils_portfolio - INFO - Processing symbol - BTC/USD
2024-08-30 13:33:44,666 - utils_portfolio - INFO - Processing symbol - AAL
2024-08-30 13:33:44,870 - utils_portfolio - INFO - Processing symbol - VRT
2024-08-30 13:33:45,075 - utils_portfolio - INFO - Processing symbol - GBTC
2024-08-30 13:33:45,281 - utils_portfolio - INFO - Processing symbol - DELL
2024-08-30 13:33:45,486 - utils_portfolio - INFO - Processing symbol - GM
2024-08-30 13:33:45,632 - utils_portfolio - INFO - Processing symbol - IYR
2024-08-30 13:33:45,785 - utils_portfolio - INFO - Processing symbol - DKNG
2024-08-30 13:33:45,933 - utils_portfolio - INFO - Processing symbol - EBAY
2024-08-30 13:33:46,109 - utils_portfolio - INFO - Processing symbol - CRWD
2024-08-30 13:33:46,290 - utils_portfolio - INFO - Processing symbol - AAPL
2024-08-30 13:33:46,514 - utils_portfolio - INFO - Processing symbol - GOOGL
2024-08-30 13:33:46,713 - utils_portfolio - INFO - Processing symbol - META
2024-08-30 13:33:46,909 - utils_portfolio - INFO - Processing symbol - MRVL
2024-08-30 13:33:47,123 - utils_portfolio - INFO - Processing symbol - MSTR
2024-08-30 13:33:47,319 - utils_portfolio - INFO - Processing symbol - SCHD
2024-08-30 13:33:47,530 - utils_portfolio - INFO - Processing symbol - BITO
2024-08-30 13:33:47,735 - utils_portfolio - INFO - Processing symbol - AVGO
2024-08-30 13:33:47,924 - utils_portfolio - INFO - Processing symbol - SOUN
2024-08-30 13:33:48,125 - utils_portfolio - INFO - Processing symbol - TSLA
2024-08-30 13:33:48,333 - utils_portfolio - INFO - Processing symbol - NVDA
2024-08-30 13:33:48,533 - utils_portfolio - INFO - Processing symbol - AMD
2024-08-30 13:33:48,762 - utils_portfolio - INFO - Processing symbol - QQQ
2024-08-30 13:33:48,897 - utils_portfolio - INFO - Processing symbol - AMZN
2024-08-30 13:33:49,047 - utils_portfolio - INFO - Processing symbol - TQQQ
2024-08-30 13:33:49,280 - utils_portfolio - INFO - Processing symbol - VOO
2024-08-30 13:33:49,417 - utils_portfolio - INFO - Processing symbol - BABA
2024-08-30 13:33:49,555 - utils_portfolio - INFO - Processing symbol - BA
2024-08-30 13:33:49,679 - utils_portfolio - INFO - Processing symbol - XLI
2024-08-30 13:33:49,823 - utils_portfolio - INFO - Processing symbol - RIOT
2024-08-30 13:33:49,974 - utils_portfolio - INFO - Processing symbol - NEE
2024-08-30 13:33:50,171 - utils_portfolio - INFO - Processing symbol - SLV
2024-08-30 13:33:50,340 - utils_portfolio - INFO - Processing symbol - SHOP
2024-08-30 13:33:50,495 - utils_portfolio - INFO - Processing symbol - FAST
2024-08-30 13:33:50,620 - utils_portfolio - INFO - Processing symbol - SPXL
2024-08-30 13:33:50,742 - utils_portfolio - INFO - Processing symbol - VALE
2024-08-30 13:33:50,887 - utils_portfolio - INFO - Processing symbol - SNAP
2024-08-30 13:33:51,095 - utils_portfolio - INFO - Processing symbol - WDC
2024-08-30 13:33:51,324 - utils_portfolio - INFO - Processing symbol - MO
2024-08-30 13:33:51,525 - utils_portfolio - INFO - Processing symbol - PM
2024-08-30 13:33:51,724 - utils_portfolio - INFO - Processing symbol - SQ
2024-08-30 13:33:51,923 - utils_portfolio - INFO - Processing symbol - PDD
2024-08-30 13:33:52,133 - utils_portfolio - INFO - Processing symbol - ABBV
2024-08-30 13:33:52,255 - utils_portfolio - INFO - Processing symbol - ON
2024-08-30 13:33:52,450 - utils_portfolio - INFO - Processing symbol - UPRO
2024-08-30 13:33:52,652 - utils_portfolio - INFO - Processing symbol - TSLL
2024-08-30 13:33:52,835 - utils_portfolio - INFO - Processing symbol - PBR
2024-08-30 13:33:53,061 - utils_portfolio - INFO - Processing symbol - MP
2024-08-30 13:33:53,243 - utils_portfolio - INFO - Processing symbol - U
2024-08-30 13:33:53,508 - utils_portfolio - INFO - Updating state of symbols
2024-08-30 13:33:53,508 - utils_portfolio - INFO - Calculating closed trades stats
2024-08-30 13:33:53,508 - utils_portfolio - INFO - Processing symbol - GBTC
2024-08-30 13:33:53,920 - utils_portfolio - INFO - Processing symbol - EBAY
2024-08-30 13:33:54,072 - utils_portfolio - INFO - Processing symbol - AMZN
2024-08-30 13:33:54,215 - utils_portfolio - INFO - Processing symbol - BITO
2024-08-30 13:33:54,394 - utils_portfolio - INFO - Processing symbol - GM
2024-08-30 13:33:54,595 - utils_portfolio - INFO - Processing symbol - PM
2024-08-30 13:33:54,786 - utils_portfolio - INFO - Processing symbol - IYR
2024-08-30 13:33:55,006 - utils_portfolio - INFO - Processing symbol - ABBV
2024-08-30 13:33:55,213 - utils_portfolio - INFO - Processing symbol - SCHD
2024-08-30 13:33:55,417 - utils_portfolio - INFO - Processing symbol - RIOT
2024-08-30 13:33:55,622 - utils_portfolio - INFO - Processing symbol - BTC/USD
2024-08-30 13:33:55,818 - utils_portfolio - INFO - Processing symbol - WDC
2024-08-30 13:33:56,033 - utils_portfolio - INFO - Processing symbol - SHOP
2024-08-30 13:33:56,235 - utils_portfolio - INFO - Processing symbol - SPXL
2024-08-30 13:33:56,441 - utils_portfolio - INFO - Processing symbol - SQ
2024-08-30 13:33:56,623 - utils_portfolio - INFO - Processing symbol - NVDA
2024-08-30 13:33:56,827 - utils_portfolio - INFO - Processing symbol - PLTR
2024-08-30 13:33:57,055 - utils_portfolio - INFO - Processing symbol - MRVL
2024-08-30 13:33:57,206 - utils_portfolio - INFO - Processing symbol - QQQ
2024-08-30 13:33:57,362 - utils_portfolio - INFO - Processing symbol - AAL
2024-08-30 13:33:57,550 - utils_portfolio - INFO - Processing symbol - TSLL
2024-08-30 13:33:57,696 - utils_portfolio - INFO - Processing symbol - ON
2024-08-30 13:33:57,875 - utils_portfolio - INFO - Processing symbol - UPRO
2024-08-30 13:33:58,023 - utils_portfolio - INFO - Processing symbol - BABA
2024-08-30 13:33:58,175 - utils_portfolio - INFO - Processing symbol - TQQQ
2024-08-30 13:33:58,363 - utils_portfolio - INFO - Processing symbol - NEE
2024-08-30 13:33:58,486 - utils_portfolio - INFO - Processing symbol - DELL
2024-08-30 13:33:58,629 - utils_portfolio - INFO - Processing symbol - TSLA
2024-08-30 13:33:58,796 - utils_portfolio - INFO - Processing symbol - SNAP
2024-08-30 13:33:58,979 - utils_portfolio - INFO - Processing symbol - GOOGL
2024-08-30 13:33:59,191 - utils_portfolio - INFO - Processing symbol - AAPL
2024-08-30 13:33:59,409 - utils_portfolio - INFO - Processing symbol - CRWD
2024-08-30 13:33:59,601 - utils_portfolio - INFO - Processing symbol - BA
2024-08-30 13:33:59,815 - utils_portfolio - INFO - Processing symbol - SLV
2024-08-30 13:34:00,024 - utils_portfolio - INFO - Processing symbol - FAST
2024-08-30 13:34:00,226 - utils_portfolio - INFO - Processing symbol - MP
2024-08-30 13:34:00,411 - utils_portfolio - INFO - Processing symbol - SOUN
2024-08-30 13:34:00,614 - utils_portfolio - INFO - Processing symbol - VRT
2024-08-30 13:34:00,845 - utils_portfolio - INFO - Processing symbol - VOO
2024-08-30 13:34:01,050 - utils_portfolio - INFO - Processing symbol - DKNG
2024-08-30 13:34:01,255 - utils_portfolio - INFO - Processing symbol - VALE
2024-08-30 13:34:01,434 - utils_portfolio - INFO - Processing symbol - MO
2024-08-30 13:34:01,639 - utils_portfolio - INFO - Processing symbol - PDD
2024-08-30 13:34:01,872 - utils_portfolio - INFO - Processing symbol - PBR
2024-08-30 13:34:01,995 - utils_portfolio - INFO - Processing symbol - AVGO
2024-08-30 13:34:02,168 - utils_portfolio - INFO - Processing symbol - MSTR
2024-08-30 13:34:02,360 - utils_portfolio - INFO - Processing symbol - AMD
2024-08-30 13:34:02,564 - utils_portfolio - INFO - Processing symbol - U
2024-08-30 13:34:02,766 - utils_portfolio - INFO - Processing symbol - XLI
2024-08-30 13:34:02,971 - utils_portfolio - INFO - Processing symbol - META
2024-08-30 13:34:03,188 - utils_portfolio - INFO - Calculating open trades stats
2024-08-30 13:34:03,190 - utils_portfolio - INFO - Processing symbol - GBTC
2024-08-30 13:34:03,552 - utils_portfolio - INFO - Processing symbol - EBAY
2024-08-30 13:34:03,778 - utils_portfolio - INFO - Processing symbol - AMZN
2024-08-30 13:34:03,986 - utils_portfolio - INFO - Processing symbol - BITO
2024-08-30 13:34:04,190 - utils_portfolio - INFO - Processing symbol - GM
2024-08-30 13:34:04,607 - utils_portfolio - INFO - Processing symbol - PM
2024-08-30 13:34:05,014 - utils_portfolio - INFO - Processing symbol - IYR
2024-08-30 13:34:05,424 - utils_portfolio - INFO - Processing symbol - ABBV
2024-08-30 13:34:05,625 - utils_portfolio - INFO - Processing symbol - SCHD
2024-08-30 13:34:06,047 - utils_portfolio - INFO - Processing symbol - RIOT
2024-08-30 13:34:06,243 - utils_portfolio - INFO - Processing symbol - BTC/USD
2024-08-30 13:34:06,445 - utils_portfolio - INFO - Processing symbol - WDC
2024-08-30 13:34:06,566 - utils_portfolio - INFO - Processing symbol - SHOP
2024-08-30 13:34:06,679 - utils_portfolio - INFO - Processing symbol - SPXL
2024-08-30 13:34:06,959 - utils_portfolio - INFO - Processing symbol - SQ
2024-08-30 13:34:07,162 - utils_portfolio - INFO - Processing symbol - NVDA
2024-08-30 13:34:07,367 - utils_portfolio - INFO - Processing symbol - PLTR
2024-08-30 13:34:07,571 - utils_portfolio - INFO - Processing symbol - MRVL
2024-08-30 13:34:07,776 - utils_portfolio - INFO - Processing symbol - QQQ
2024-08-30 13:34:07,982 - utils_portfolio - INFO - Processing symbol - AAL
2024-08-30 13:34:08,104 - utils_portfolio - INFO - Processing symbol - TSLL
2024-08-30 13:34:08,288 - utils_portfolio - INFO - Processing symbol - ON
2024-08-30 13:34:08,493 - utils_portfolio - INFO - Processing symbol - UPRO
2024-08-30 13:34:08,909 - utils_portfolio - INFO - Processing symbol - BABA
2024-08-30 13:34:09,106 - utils_portfolio - INFO - Processing symbol - TQQQ
2024-08-30 13:34:09,312 - utils_portfolio - INFO - Processing symbol - NEE
2024-08-30 13:34:09,725 - utils_portfolio - INFO - Processing symbol - DELL
2024-08-30 13:34:09,925 - utils_portfolio - INFO - Processing symbol - TSLA
2024-08-30 13:34:10,131 - utils_portfolio - INFO - Processing symbol - SNAP
2024-08-30 13:34:10,335 - utils_portfolio - INFO - Processing symbol - GOOGL
2024-08-30 13:34:10,540 - utils_portfolio - INFO - Processing symbol - AAPL
2024-08-30 13:34:10,952 - utils_portfolio - INFO - Processing symbol - CRWD
2024-08-30 13:34:11,366 - utils_portfolio - INFO - Processing symbol - BA
2024-08-30 13:34:11,565 - utils_portfolio - INFO - Processing symbol - SLV
2024-08-30 13:34:11,988 - utils_portfolio - INFO - Processing symbol - FAST
2024-08-30 13:34:12,387 - utils_portfolio - INFO - Processing symbol - MP
2024-08-30 13:34:12,800 - utils_portfolio - INFO - Processing symbol - SOUN
2024-08-30 13:34:12,999 - utils_portfolio - INFO - Processing symbol - VRT
2024-08-30 13:34:13,419 - utils_portfolio - INFO - Processing symbol - VOO
2024-08-30 13:34:13,822 - utils_portfolio - INFO - Processing symbol - DKNG
2024-08-30 13:34:14,022 - utils_portfolio - INFO - Processing symbol - VALE
2024-08-30 13:34:14,278 - utils_portfolio - INFO - Processing symbol - MO
2024-08-30 13:34:14,545 - utils_portfolio - INFO - Processing symbol - PDD
2024-08-30 13:34:14,738 - utils_portfolio - INFO - Processing symbol - PBR
2024-08-30 13:34:15,074 - utils_portfolio - INFO - Processing symbol - AVGO
2024-08-30 13:34:15,186 - utils_portfolio - INFO - Processing symbol - MSTR
2024-08-30 13:34:15,354 - utils_portfolio - INFO - Processing symbol - AMD
2024-08-30 13:34:15,558 - utils_portfolio - INFO - Processing symbol - U
2024-08-30 13:34:15,763 - utils_portfolio - INFO - Processing symbol - XLI
2024-08-30 13:34:16,185 - utils_portfolio - INFO - Processing symbol - META
2024-08-30 13:34:16,402 - utils_portfolio - INFO - Updating symbol stats - GBTC
2024-08-30 13:34:16,462 - utils_portfolio - INFO - Updating symbol stats - EBAY
2024-08-30 13:34:16,500 - utils_portfolio - INFO - Updating symbol stats - AMZN
2024-08-30 13:34:16,528 - utils_portfolio - INFO - Updating symbol stats - BITO
2024-08-30 13:34:16,560 - utils_portfolio - INFO - Updating symbol stats - GM
2024-08-30 13:34:16,587 - utils_portfolio - INFO - Updating symbol stats - PM
2024-08-30 13:34:16,615 - utils_portfolio - INFO - Updating symbol stats - IYR
2024-08-30 13:34:16,643 - utils_portfolio - INFO - Updating symbol stats - ABBV
2024-08-30 13:34:16,672 - utils_portfolio - INFO - Updating symbol stats - SCHD
2024-08-30 13:34:16,702 - utils_portfolio - INFO - Updating symbol stats - RIOT
2024-08-30 13:34:16,729 - utils_portfolio - INFO - Updating symbol stats - BTC/USD
2024-08-30 13:34:16,755 - utils_portfolio - INFO - Updating symbol stats - WDC
2024-08-30 13:34:16,789 - utils_portfolio - INFO - Updating symbol stats - SHOP
2024-08-30 13:34:16,817 - utils_portfolio - INFO - Updating symbol stats - SPXL
2024-08-30 13:34:16,858 - utils_portfolio - INFO - Updating symbol stats - SQ
2024-08-30 13:34:16,888 - utils_portfolio - INFO - Updating symbol stats - NVDA
2024-08-30 13:34:16,914 - utils_portfolio - INFO - Updating symbol stats - PLTR
2024-08-30 13:34:16,939 - utils_portfolio - INFO - Updating symbol stats - MRVL
2024-08-30 13:34:16,964 - utils_portfolio - INFO - Updating symbol stats - QQQ
2024-08-30 13:34:16,989 - utils_portfolio - INFO - Updating symbol stats - AAL
2024-08-30 13:34:17,015 - utils_portfolio - INFO - Updating symbol stats - TSLL
2024-08-30 13:34:17,049 - utils_portfolio - INFO - Updating symbol stats - ON
2024-08-30 13:34:17,072 - utils_portfolio - INFO - Updating symbol stats - UPRO
2024-08-30 13:34:17,100 - utils_portfolio - INFO - Updating symbol stats - BABA
2024-08-30 13:34:17,126 - utils_portfolio - INFO - Updating symbol stats - TQQQ
2024-08-30 13:34:17,156 - utils_portfolio - INFO - Updating symbol stats - NEE
2024-08-30 13:34:17,185 - utils_portfolio - INFO - Updating symbol stats - DELL
2024-08-30 13:34:17,210 - utils_portfolio - INFO - Updating symbol stats - TSLA
2024-08-30 13:34:17,235 - utils_portfolio - INFO - Updating symbol stats - SNAP
2024-08-30 13:34:17,260 - utils_portfolio - INFO - Updating symbol stats - GOOGL
2024-08-30 13:34:17,285 - utils_portfolio - INFO - Updating symbol stats - AAPL
2024-08-30 13:34:17,311 - utils_portfolio - INFO - Updating symbol stats - CRWD
2024-08-30 13:34:17,338 - utils_portfolio - INFO - Updating symbol stats - BA
2024-08-30 13:34:17,363 - utils_portfolio - INFO - Updating symbol stats - SLV
2024-08-30 13:34:17,389 - utils_portfolio - INFO - Updating symbol stats - FAST
2024-08-30 13:34:17,414 - utils_portfolio - INFO - Updating symbol stats - MP
2024-08-30 13:34:17,439 - utils_portfolio - INFO - Updating symbol stats - SOUN
2024-08-30 13:34:17,464 - utils_portfolio - INFO - Updating symbol stats - VRT
2024-08-30 13:34:17,490 - utils_portfolio - INFO - Updating symbol stats - VOO
2024-08-30 13:34:17,524 - utils_portfolio - INFO - Updating symbol stats - DKNG
2024-08-30 13:34:17,552 - utils_portfolio - INFO - Updating symbol stats - VALE
2024-08-30 13:34:17,579 - utils_portfolio - INFO - Updating symbol stats - MO
2024-08-30 13:34:17,608 - utils_portfolio - INFO - Updating symbol stats - PDD
2024-08-30 13:34:17,636 - utils_portfolio - INFO - Updating symbol stats - PBR
2024-08-30 13:34:17,662 - utils_portfolio - INFO - Updating symbol stats - AVGO
2024-08-30 13:34:17,702 - utils_portfolio - INFO - Updating symbol stats - MSTR
2024-08-30 13:34:17,729 - utils_portfolio - INFO - Updating symbol stats - AMD
2024-08-30 13:34:17,754 - utils_portfolio - INFO - Updating symbol stats - U
2024-08-30 13:34:17,780 - utils_portfolio - INFO - Updating symbol stats - XLI
2024-08-30 13:34:17,813 - utils_portfolio - INFO - Updating symbol stats - META
2024-08-30 13:34:17,839 - utils_portfolio - INFO - Updating state of strategies
2024-08-30 13:34:17,840 - utils_portfolio - INFO - Calculating closed trades stats
2024-08-30 13:34:17,840 - utils_portfolio - INFO - Processing symbol - PLTR
2024-08-30 13:34:18,395 - utils_portfolio - INFO - Processing symbol - BTC/USD
2024-08-30 13:34:18,560 - utils_portfolio - INFO - Processing symbol - AAL
2024-08-30 13:34:18,759 - utils_portfolio - INFO - Processing symbol - VRT
2024-08-30 13:34:18,957 - utils_portfolio - INFO - Processing symbol - GBTC
2024-08-30 13:34:19,174 - utils_portfolio - INFO - Processing symbol - DELL
2024-08-30 13:34:19,380 - utils_portfolio - INFO - Processing symbol - GM
2024-08-30 13:34:19,530 - utils_portfolio - INFO - Processing symbol - IYR
2024-08-30 13:34:19,676 - utils_portfolio - INFO - Processing symbol - DKNG
2024-08-30 13:34:19,872 - utils_portfolio - INFO - Processing symbol - EBAY
2024-08-30 13:34:20,096 - utils_portfolio - INFO - Processing symbol - CRWD
2024-08-30 13:34:20,290 - utils_portfolio - INFO - Processing symbol - AAPL
2024-08-30 13:34:20,504 - utils_portfolio - INFO - Processing symbol - GOOGL
2024-08-30 13:34:20,703 - utils_portfolio - INFO - Processing symbol - META
2024-08-30 13:34:20,910 - utils_portfolio - INFO - Processing symbol - MRVL
2024-08-30 13:34:21,126 - utils_portfolio - INFO - Processing symbol - MSTR
2024-08-30 13:34:21,286 - utils_portfolio - INFO - Processing symbol - SCHD
2024-08-30 13:34:21,438 - utils_portfolio - INFO - Processing symbol - BITO
2024-08-30 13:34:21,584 - utils_portfolio - INFO - Processing symbol - AVGO
2024-08-30 13:34:21,737 - utils_portfolio - INFO - Processing symbol - SOUN
2024-08-30 13:34:21,919 - utils_portfolio - INFO - Processing symbol - TSLA
2024-08-30 13:34:22,144 - utils_portfolio - INFO - Processing symbol - NVDA
2024-08-30 13:34:22,351 - utils_portfolio - INFO - Processing symbol - AMD
2024-08-30 13:34:22,498 - utils_portfolio - INFO - Processing symbol - QQQ
2024-08-30 13:34:22,642 - utils_portfolio - INFO - Processing symbol - AMZN
2024-08-30 13:34:22,784 - utils_portfolio - INFO - Processing symbol - TQQQ
2024-08-30 13:34:22,909 - utils_portfolio - INFO - Processing symbol - VOO
2024-08-30 13:34:23,054 - utils_portfolio - INFO - Processing symbol - BABA
2024-08-30 13:34:23,201 - utils_portfolio - INFO - Processing symbol - BA
2024-08-30 13:34:23,332 - utils_portfolio - INFO - Processing symbol - XLI
2024-08-30 13:34:23,455 - utils_portfolio - INFO - Processing symbol - RIOT
2024-08-30 13:34:23,581 - utils_portfolio - INFO - Processing symbol - NEE
2024-08-30 13:34:23,729 - utils_portfolio - INFO - Processing symbol - SLV
2024-08-30 13:34:23,879 - utils_portfolio - INFO - Processing symbol - SHOP
2024-08-30 13:34:24,030 - utils_portfolio - INFO - Processing symbol - FAST
2024-08-30 13:34:24,182 - utils_portfolio - INFO - Processing symbol - SPXL
2024-08-30 13:34:24,307 - utils_portfolio - INFO - Processing symbol - VALE
2024-08-30 13:34:24,454 - utils_portfolio - INFO - Processing symbol - SNAP
2024-08-30 13:34:24,686 - utils_portfolio - INFO - Processing symbol - WDC
2024-08-30 13:34:24,836 - utils_portfolio - INFO - Processing symbol - MO
2024-08-30 13:34:25,001 - utils_portfolio - INFO - Processing symbol - PM
2024-08-30 13:34:25,218 - utils_portfolio - INFO - Processing symbol - SQ
2024-08-30 13:34:25,404 - utils_portfolio - INFO - Processing symbol - PDD
2024-08-30 13:34:25,627 - utils_portfolio - INFO - Processing symbol - ABBV
2024-08-30 13:34:25,808 - utils_portfolio - INFO - Processing symbol - ON
2024-08-30 13:34:26,035 - utils_portfolio - INFO - Processing symbol - UPRO
2024-08-30 13:34:26,238 - utils_portfolio - INFO - Processing symbol - TSLL
2024-08-30 13:34:26,405 - utils_portfolio - INFO - Processing symbol - PBR
2024-08-30 13:34:26,627 - utils_portfolio - INFO - Processing symbol - MP
2024-08-30 13:34:26,853 - utils_portfolio - INFO - Processing symbol - U
2024-08-30 13:34:27,056 - utils_portfolio - INFO - Calculating open trades stats
2024-08-30 13:34:27,057 - utils_portfolio - INFO - Processing symbol - PLTR
2024-08-30 13:34:27,539 - utils_portfolio - INFO - Processing symbol - BTC/USD
2024-08-30 13:34:27,651 - utils_portfolio - INFO - Processing symbol - AAL
2024-08-30 13:34:27,763 - utils_portfolio - INFO - Processing symbol - VRT
2024-08-30 13:34:28,066 - utils_portfolio - INFO - Processing symbol - GBTC
2024-08-30 13:34:28,255 - utils_portfolio - INFO - Processing symbol - DELL
2024-08-30 13:34:28,367 - utils_portfolio - INFO - Processing symbol - GM
2024-08-30 13:34:28,603 - utils_portfolio - INFO - Processing symbol - IYR
2024-08-30 13:34:28,850 - utils_portfolio - INFO - Processing symbol - DKNG
2024-08-30 13:34:28,961 - utils_portfolio - INFO - Processing symbol - EBAY
2024-08-30 13:34:29,201 - utils_portfolio - INFO - Processing symbol - CRWD
2024-08-30 13:34:29,593 - utils_portfolio - INFO - Processing symbol - AAPL
2024-08-30 13:34:29,919 - utils_portfolio - INFO - Processing symbol - GOOGL
2024-08-30 13:34:30,033 - utils_portfolio - INFO - Processing symbol - META
2024-08-30 13:34:30,148 - utils_portfolio - INFO - Processing symbol - MRVL
2024-08-30 13:34:30,261 - utils_portfolio - INFO - Processing symbol - MSTR
2024-08-30 13:34:30,406 - utils_portfolio - INFO - Processing symbol - SCHD
2024-08-30 13:34:30,828 - utils_portfolio - INFO - Processing symbol - BITO
2024-08-30 13:34:31,021 - utils_portfolio - INFO - Processing symbol - AVGO
2024-08-30 13:34:31,225 - utils_portfolio - INFO - Processing symbol - SOUN
2024-08-30 13:34:31,431 - utils_portfolio - INFO - Processing symbol - TSLA
2024-08-30 13:34:31,635 - utils_portfolio - INFO - Processing symbol - NVDA
2024-08-30 13:34:31,839 - utils_portfolio - INFO - Processing symbol - AMD
2024-08-30 13:34:32,044 - utils_portfolio - INFO - Processing symbol - QQQ
2024-08-30 13:34:32,248 - utils_portfolio - INFO - Processing symbol - AMZN
2024-08-30 13:34:32,454 - utils_portfolio - INFO - Processing symbol - TQQQ
2024-08-30 13:34:32,659 - utils_portfolio - INFO - Processing symbol - VOO
2024-08-30 13:34:33,074 - utils_portfolio - INFO - Processing symbol - BABA
2024-08-30 13:34:33,273 - utils_portfolio - INFO - Processing symbol - BA
2024-08-30 13:34:33,385 - utils_portfolio - INFO - Processing symbol - XLI
2024-08-30 13:34:33,623 - utils_portfolio - INFO - Processing symbol - RIOT
2024-08-30 13:34:33,786 - utils_portfolio - INFO - Processing symbol - NEE
2024-08-30 13:34:34,207 - utils_portfolio - INFO - Processing symbol - SLV
2024-08-30 13:34:34,610 - utils_portfolio - INFO - Processing symbol - SHOP
2024-08-30 13:34:34,809 - utils_portfolio - INFO - Processing symbol - FAST
2024-08-30 13:34:35,227 - utils_portfolio - INFO - Processing symbol - SPXL
2024-08-30 13:34:35,635 - utils_portfolio - INFO - Processing symbol - VALE
2024-08-30 13:34:36,049 - utils_portfolio - INFO - Processing symbol - SNAP
2024-08-30 13:34:36,243 - utils_portfolio - INFO - Processing symbol - WDC
2024-08-30 13:34:36,363 - utils_portfolio - INFO - Processing symbol - MO
2024-08-30 13:34:36,604 - utils_portfolio - INFO - Processing symbol - PM
2024-08-30 13:34:36,871 - utils_portfolio - INFO - Processing symbol - SQ
2024-08-30 13:34:37,062 - utils_portfolio - INFO - Processing symbol - PDD
2024-08-30 13:34:37,266 - utils_portfolio - INFO - Processing symbol - ABBV
2024-08-30 13:34:37,471 - utils_portfolio - INFO - Processing symbol - ON
2024-08-30 13:34:37,677 - utils_portfolio - INFO - Processing symbol - UPRO
2024-08-30 13:34:38,092 - utils_portfolio - INFO - Processing symbol - TSLL
2024-08-30 13:34:38,289 - utils_portfolio - INFO - Processing symbol - PBR
2024-08-30 13:34:38,709 - utils_portfolio - INFO - Processing symbol - MP
2024-08-30 13:34:38,973 - utils_portfolio - INFO - Processing symbol - U
2024-08-30 13:34:39,188 - root - INFO - XXXXXXXXXXXXXXXXXXXX --- Everything DONE --- XXXXXXXXXXXXXXXXXXXX
