2024-12-13 23:21:54,931 - root - INFO - Logger is setup
2024-12-13 23:21:54,943 - utils_portfolio - INFO - Updating info of portfolio - p1
2024-12-13 23:21:54,961 - utils_portfolio - INFO - Calculating symbols weights
2024-12-13 23:21:54,962 - root - INFO - Portfolio p1 symbols weights - {'PBR': 0.5, 'T': 0.5}
2024-12-13 23:21:54,962 - utils_strategy - INFO - PBR - downloading data from yfinance
2024-12-13 23:21:58,557 - utils_portfolio - INFO - Checking if we have correct date
2024-12-13 23:21:58,581 - utils_portfolio - INFO - PBR - running symbols strategy to get entries and exits
2024-12-13 23:22:49,282 - utils_portfolio - INFO - Evaluating symbol if to open, close, or no change
2024-12-13 23:22:54,452 - utils_strategy - INFO - T - downloading data from yfinance
2024-12-13 23:22:58,297 - utils_portfolio - INFO - Checking if we have correct date
2024-12-13 23:22:58,303 - utils_portfolio - INFO - T - running symbols strategy to get entries and exits
2024-12-13 23:23:51,481 - utils_portfolio - INFO - Evaluating symbol if to open, close, or no change
2024-12-13 23:23:51,519 - root - INFO - Portfolio p1 symbols actions - {'PBR': 'no_change', 'T': 'no_change'}
2024-12-13 23:23:51,519 - utils_portfolio - INFO - Submitting orders to close existing positions
2024-12-13 23:23:51,519 - utils_portfolio - INFO - Updating state of portfolio - p1
2024-12-13 23:23:51,519 - utils_portfolio - INFO - Calculating closed trades stats
2024-12-13 23:23:51,519 - utils_portfolio - INFO - Processing symbol - PBR
2024-12-13 23:23:52,186 - utils_portfolio - INFO - Processing symbol - T
2024-12-13 23:23:52,399 - utils_portfolio - INFO - Calculating open trades stats
2024-12-13 23:23:52,400 - utils_portfolio - INFO - Processing symbol - PBR
2024-12-13 23:23:52,806 - utils_portfolio - INFO - Processing symbol - T
