2025-01-06 12:02:27,111 - utils_portfolio - INFO - Processing symbol - GLD
2025-01-06 12:02:27,310 - utils_portfolio - INFO - Processing symbol - MS
2025-01-06 12:02:27,517 - utils_portfolio - INFO - Processing symbol - ENPH
2025-01-06 12:02:27,728 - utils_portfolio - INFO - Processing symbol - ZTS
2025-01-06 12:02:27,930 - utils_portfolio - INFO - Processing symbol - WFC
2025-01-06 12:02:28,049 - utils_portfolio - INFO - Processing symbol - EBAY
2025-01-06 12:02:28,166 - utils_portfolio - INFO - Processing symbol - SLV
2025-01-06 12:02:28,283 - utils_portfolio - INFO - Processing symbol - PM
2025-01-06 12:02:28,399 - utils_portfolio - INFO - Processing symbol - SOXS
2025-01-06 12:02:28,522 - utils_portfolio - INFO - Processing symbol - XLB
2025-01-06 12:02:28,751 - utils_portfolio - INFO - Processing symbol - BX
2025-01-06 12:02:28,957 - utils_portfolio - INFO - Processing symbol - MSFT
2025-01-06 12:02:29,163 - utils_portfolio - INFO - Processing symbol - TMUS
2025-01-06 12:02:29,358 - utils_portfolio - INFO - Processing symbol - KO
2025-01-06 12:02:29,571 - utils_portfolio - INFO - Processing symbol - WMB
2025-01-06 12:02:29,775 - utils_portfolio - INFO - Processing symbol - PLUG
2025-01-06 12:02:29,980 - utils_portfolio - INFO - Processing symbol - TMF
2025-01-06 12:02:30,121 - utils_portfolio - INFO - Processing symbol - GOOGL
2025-01-06 12:02:30,287 - utils_portfolio - INFO - Processing symbol - IVV
2025-01-06 12:02:30,403 - utils_portfolio - INFO - Processing symbol - HPQ
2025-01-06 12:02:30,520 - utils_portfolio - INFO - Processing symbol - LOW
2025-01-06 12:02:33,869 - utils_portfolio - INFO - Processing symbol - SCHD
2025-01-06 12:02:34,050 - utils_portfolio - INFO - Processing symbol - PBR
2025-01-06 12:02:34,170 - utils_portfolio - INFO - Processing symbol - CLF
2025-01-06 12:02:34,291 - utils_portfolio - INFO - Processing symbol - SMH
2025-01-06 12:02:34,484 - utils_portfolio - INFO - Processing symbol - MA
2025-01-06 12:02:34,684 - utils_portfolio - INFO - Processing symbol - MO
2025-01-06 12:02:34,894 - utils_portfolio - INFO - Processing symbol - GILD
2025-01-06 12:02:35,100 - utils_portfolio - INFO - Processing symbol - GM
2025-01-06 12:02:35,300 - utils_portfolio - INFO - Processing symbol - MRVL
2025-01-06 12:02:35,508 - utils_portfolio - INFO - Processing symbol - MU
2025-01-06 12:02:35,712 - utils_portfolio - INFO - Processing symbol - SCHW
2025-01-06 12:02:35,912 - utils_portfolio - INFO - Processing symbol - BSX
2025-01-06 12:02:36,127 - utils_portfolio - INFO - Processing symbol - LULU
2025-01-06 12:02:36,324 - utils_portfolio - INFO - Processing symbol - ANET
2025-01-06 12:02:36,457 - utils_portfolio - INFO - Processing symbol - VZ
2025-01-06 12:02:36,576 - utils_portfolio - INFO - Processing symbol - CCJ
2025-01-06 12:02:36,693 - utils_portfolio - INFO - Processing symbol - XLP
2025-01-06 12:02:36,807 - utils_portfolio - INFO - Processing symbol - NVO
2025-01-06 12:02:36,944 - utils_portfolio - INFO - Processing symbol - MRIN
2025-01-06 12:02:37,149 - utils_portfolio - INFO - Processing symbol - KSS
2025-01-06 12:02:37,350 - utils_portfolio - INFO - Processing symbol - XLU
2025-01-06 12:02:37,557 - utils_portfolio - INFO - Processing symbol - V
2025-01-06 12:02:37,761 - utils_portfolio - INFO - Processing symbol - FCX
2025-01-06 12:02:37,967 - utils_portfolio - INFO - Processing symbol - COP
2025-01-06 12:02:38,171 - utils_portfolio - INFO - Processing symbol - CAG
2025-01-06 12:02:38,376 - utils_portfolio - INFO - Processing symbol - TSLA
2025-01-06 12:02:38,495 - utils_portfolio - INFO - Processing symbol - T
2025-01-06 12:02:41,956 - utils_portfolio - INFO - Processing symbol - CRM
2025-01-06 12:02:42,165 - utils_portfolio - INFO - Processing symbol - NEM
2025-01-06 12:02:42,369 - utils_portfolio - INFO - Processing symbol - AVGO
2025-01-06 12:02:42,575 - utils_portfolio - INFO - Processing symbol - RSP
2025-01-06 12:02:42,779 - utils_portfolio - INFO - Processing symbol - GL
2025-01-06 12:02:42,946 - utils_portfolio - INFO - Processing symbol - NFLX
2025-01-06 12:02:43,069 - utils_portfolio - INFO - Processing symbol - PARA
2025-01-06 12:02:43,292 - utils_portfolio - INFO - Processing symbol - QQQ
2025-01-06 12:02:43,491 - utils_portfolio - INFO - Processing symbol - LLY
2025-01-06 12:02:43,700 - utils_portfolio - INFO - Processing symbol - AMZN
2025-01-06 12:02:43,820 - utils_portfolio - INFO - Calculating open trades stats
2025-01-06 12:02:43,820 - utils_portfolio - INFO - Processing symbol - AAL
2025-01-06 12:02:44,309 - utils_portfolio - INFO - Processing symbol - NVDA
2025-01-06 12:02:44,512 - utils_portfolio - INFO - Processing symbol - CVX
2025-01-06 12:02:44,718 - utils_portfolio - INFO - Processing symbol - SNAP
2025-01-06 12:02:44,922 - utils_portfolio - INFO - Processing symbol - MPC
2025-01-06 12:02:45,127 - utils_portfolio - INFO - Processing symbol - APH
2025-01-06 12:02:45,242 - utils_portfolio - INFO - Processing symbol - PR
2025-01-06 12:02:45,355 - utils_portfolio - INFO - Processing symbol - XLV
2025-01-06 12:02:45,465 - utils_portfolio - INFO - Processing symbol - PFE
2025-01-06 12:02:45,578 - utils_portfolio - INFO - Processing symbol - KMX
2025-01-06 12:02:45,691 - utils_portfolio - INFO - Processing symbol - PYPL
2025-01-06 12:02:45,844 - utils_portfolio - INFO - Processing symbol - PG
2025-01-06 12:02:46,049 - utils_portfolio - INFO - Processing symbol - UPS
2025-01-06 12:02:46,254 - utils_portfolio - INFO - Processing symbol - SPY
2025-01-06 12:02:46,366 - utils_portfolio - INFO - Processing symbol - LQD
2025-01-06 12:02:46,477 - utils_portfolio - INFO - Processing symbol - WDC
2025-01-06 12:02:46,663 - utils_portfolio - INFO - Processing symbol - NCLH
2025-01-06 12:02:50,042 - utils_portfolio - INFO - Processing symbol - LUV
2025-01-06 12:02:50,246 - utils_portfolio - INFO - Processing symbol - NXPL
2025-01-06 12:02:50,361 - utils_portfolio - INFO - Processing symbol - ADI
2025-01-06 12:02:50,473 - utils_portfolio - INFO - Processing symbol - APA
2025-01-06 12:02:50,657 - utils_portfolio - INFO - Processing symbol - CSCO
2025-01-06 12:02:50,862 - utils_portfolio - INFO - Processing symbol - RUN
2025-01-06 12:02:51,192 - utils_portfolio - INFO - Processing symbol - SLB
2025-01-06 12:02:51,373 - utils_portfolio - INFO - Processing symbol - CVNA
2025-01-06 12:02:51,562 - utils_portfolio - INFO - Processing symbol - EQT
2025-01-06 12:02:51,679 - utils_portfolio - INFO - Processing symbol - XLE
2025-01-06 12:02:51,886 - utils_portfolio - INFO - Processing symbol - IP
2025-01-06 12:02:52,089 - utils_portfolio - INFO - Processing symbol - IYR
2025-01-06 12:02:52,296 - utils_portfolio - INFO - Processing symbol - TZA
2025-01-06 12:02:52,499 - utils_portfolio - INFO - Processing symbol - BMY
2025-01-06 12:02:52,704 - utils_portfolio - INFO - Processing symbol - TJX
2025-01-06 12:02:52,910 - utils_portfolio - INFO - Processing symbol - AMAT
2025-01-06 12:02:53,115 - utils_portfolio - INFO - Processing symbol - INTC
2025-01-06 12:02:53,319 - utils_portfolio - INFO - Processing symbol - VOO
2025-01-06 12:02:53,525 - utils_portfolio - INFO - Processing symbol - VALE
2025-01-06 12:02:53,729 - utils_portfolio - INFO - Processing symbol - PLD
2025-01-06 12:02:53,934 - utils_portfolio - INFO - Processing symbol - UAL
2025-01-06 12:02:54,139 - utils_portfolio - INFO - Processing symbol - AXP
2025-01-06 12:02:54,343 - utils_portfolio - INFO - Processing symbol - NEE
2025-01-06 12:02:54,547 - utils_portfolio - INFO - Processing symbol - RTX
2025-01-06 12:02:54,752 - utils_portfolio - INFO - Processing symbol - HAL
2025-01-06 12:02:54,958 - utils_portfolio - INFO - Processing symbol - XLF
2025-01-06 12:02:55,163 - utils_portfolio - INFO - Processing symbol - CCL
2025-01-06 12:02:55,279 - utils_portfolio - INFO - Processing symbol - ARKK
2025-01-06 12:02:55,470 - utils_portfolio - INFO - Processing symbol - AAPL
2025-01-06 12:02:58,791 - utils_portfolio - INFO - Processing symbol - TQQQ
2025-01-06 12:02:58,951 - utils_portfolio - INFO - Processing symbol - CVS
2025-01-06 12:02:59,156 - utils_portfolio - INFO - Processing symbol - SPXL
2025-01-06 12:02:59,345 - utils_portfolio - INFO - Processing symbol - ALB
2025-01-06 12:02:59,459 - utils_portfolio - INFO - Processing symbol - VST
2025-01-06 12:02:59,668 - utils_portfolio - INFO - Processing symbol - SBUX
2025-01-06 12:02:59,872 - utils_portfolio - INFO - Processing symbol - CAT
2025-01-06 12:02:59,986 - utils_portfolio - INFO - Processing symbol - EWZ
2025-01-06 12:03:00,180 - utils_portfolio - INFO - Processing symbol - KMI
2025-01-06 12:03:00,295 - utils_portfolio - INFO - Processing symbol - RIG
2025-01-06 12:03:00,409 - utils_portfolio - INFO - Processing symbol - MNST
2025-01-06 12:03:00,588 - utils_portfolio - INFO - Processing symbol - UPRO
2025-01-06 12:03:00,701 - utils_portfolio - INFO - Processing symbol - GBTC
2025-01-06 12:03:00,815 - utils_portfolio - INFO - Processing symbol - HD
2025-01-06 12:03:00,999 - utils_portfolio - INFO - Processing symbol - XLK
2025-01-06 12:03:01,204 - utils_portfolio - INFO - Processing symbol - CSX
2025-01-06 12:03:01,409 - utils_portfolio - INFO - Processing symbol - HBAN
2025-01-06 12:03:01,612 - utils_portfolio - INFO - Processing symbol - XLY
2025-01-06 12:03:01,818 - utils_portfolio - INFO - Processing symbol - PGR
2025-01-06 12:03:01,957 - utils_portfolio - INFO - Processing symbol - JNJ
2025-01-06 12:03:02,072 - utils_portfolio - INFO - Processing symbol - XBI
2025-01-06 12:03:05,401 - utils_portfolio - INFO - Processing symbol - HYG
2025-01-06 12:03:05,607 - utils_portfolio - INFO - Processing symbol - SHOP
2025-01-06 12:03:05,812 - utils_portfolio - INFO - Processing symbol - WMT
2025-01-06 12:03:06,017 - utils_portfolio - INFO - Processing symbol - TXN
2025-01-06 12:03:06,221 - utils_portfolio - INFO - Processing symbol - VIXY
2025-01-06 12:03:06,426 - utils_portfolio - INFO - Processing symbol - FTNT
2025-01-06 12:03:06,630 - utils_portfolio - INFO - Processing symbol - TLT
2025-01-06 12:03:06,742 - utils_portfolio - INFO - Processing symbol - ACN
2025-01-06 12:03:06,857 - utils_portfolio - INFO - Processing symbol - GFI
2025-01-06 12:03:07,153 - utils_portfolio - INFO - Processing symbol - ETN
2025-01-06 12:03:07,348 - utils_portfolio - INFO - Processing symbol - XOM
2025-01-06 12:03:07,553 - utils_portfolio - INFO - Processing symbol - MRK
2025-01-06 12:03:07,757 - utils_portfolio - INFO - Processing symbol - MSTR
2025-01-06 12:03:07,963 - utils_portfolio - INFO - Processing symbol - NKE
2025-01-06 12:03:08,077 - utils_portfolio - INFO - Processing symbol - USB
2025-01-06 12:03:08,190 - utils_portfolio - INFO - Processing symbol - PANW
2025-01-06 12:03:08,372 - utils_portfolio - INFO - Processing symbol - O
2025-01-06 12:03:08,578 - utils_portfolio - INFO - Processing symbol - BP
2025-01-06 12:03:08,782 - utils_portfolio - INFO - Processing symbol - EOG
2025-01-06 12:03:08,986 - utils_portfolio - INFO - Processing symbol - MRO
2025-01-06 12:03:09,191 - utils_portfolio - INFO - Processing symbol - JPM
2025-01-06 12:03:09,395 - utils_portfolio - INFO - Processing symbol - UNH
2025-01-06 12:03:09,600 - utils_portfolio - INFO - Processing symbol - ABT
2025-01-06 12:03:09,806 - utils_portfolio - INFO - Processing symbol - JD
2025-01-06 12:03:10,011 - utils_portfolio - INFO - Processing symbol - SIRI
2025-01-06 12:03:10,215 - utils_portfolio - INFO - Processing symbol - UVXY
2025-01-06 12:03:10,419 - utils_portfolio - INFO - Processing symbol - QLD
2025-01-06 12:03:10,625 - utils_portfolio - INFO - Processing symbol - KEY
2025-01-06 12:03:14,004 - utils_portfolio - INFO - Processing symbol - GOLD
2025-01-06 12:03:14,209 - utils_portfolio - INFO - Processing symbol - FAST
2025-01-06 12:03:14,323 - utils_portfolio - INFO - Processing symbol - ORCL
2025-01-06 12:03:14,516 - utils_portfolio - INFO - Processing symbol - ABBV
2025-01-06 12:03:14,629 - utils_portfolio - INFO - Processing symbol - COST
2025-01-06 12:03:14,741 - utils_portfolio - INFO - Processing symbol - VFC
2025-01-06 12:03:14,856 - utils_portfolio - INFO - Processing symbol - WBD
2025-01-06 12:03:15,028 - utils_portfolio - INFO - Processing symbol - DVN
2025-01-06 12:03:15,233 - utils_portfolio - INFO - Processing symbol - CGC
2025-01-06 12:03:15,352 - utils_portfolio - INFO - Processing symbol - SHEL
2025-01-06 12:03:15,465 - utils_portfolio - INFO - Processing symbol - BAC
2025-01-06 12:03:15,643 - utils_portfolio - INFO - Processing symbol - XLI
2025-01-06 12:03:15,758 - utils_portfolio - INFO - Processing symbol - TNA
2025-01-06 12:03:15,950 - utils_portfolio - INFO - Processing symbol - BA
2025-01-06 12:03:16,154 - utils_portfolio - INFO - Processing symbol - IBM
2025-01-06 12:03:16,299 - utils_portfolio - INFO - Processing symbol - GDXJ
2025-01-06 12:03:16,672 - utils_portfolio - INFO - Processing symbol - BABA
2025-01-06 12:03:16,786 - utils_portfolio - INFO - Processing symbol - FXI
2025-01-06 12:03:16,974 - utils_portfolio - INFO - Processing symbol - GE
2025-01-06 12:03:17,179 - utils_portfolio - INFO - Processing symbol - ACB
2025-01-06 12:03:17,295 - utils_portfolio - INFO - Processing symbol - DIA
2025-01-06 12:03:17,407 - utils_portfolio - INFO - Processing symbol - PAAS
2025-01-06 12:03:20,660 - utils_portfolio - INFO - Processing symbol - TSM
2025-01-06 12:03:20,865 - utils_portfolio - INFO - Processing symbol - SOXL
2025-01-06 12:03:21,070 - utils_portfolio - INFO - Processing symbol - MMM
2025-01-06 12:03:21,275 - utils_portfolio - INFO - Processing symbol - OXY
2025-01-06 12:03:21,480 - utils_portfolio - INFO - Processing symbol - TFC
2025-01-06 12:03:21,683 - utils_portfolio - INFO - Processing symbol - AMD
2025-01-06 12:03:21,833 - utils_portfolio - INFO - Processing symbol - MCD
2025-01-06 12:03:21,943 - utils_portfolio - INFO - Processing symbol - VTI
2025-01-06 12:03:22,055 - utils_portfolio - INFO - Processing symbol - AZN
2025-01-06 12:03:22,167 - utils_portfolio - INFO - Processing symbol - KRE
2025-01-06 12:03:22,298 - utils_portfolio - INFO - Processing symbol - CMCSA
2025-01-06 12:03:22,503 - utils_portfolio - INFO - Processing symbol - META
2025-01-06 12:03:22,707 - utils_portfolio - INFO - Processing symbol - AMC
2025-01-06 12:03:22,820 - utils_portfolio - INFO - Processing symbol - SMCI
2025-01-06 12:03:23,016 - utils_portfolio - INFO - Processing symbol - VNQ
2025-01-06 12:03:23,220 - utils_portfolio - INFO - Processing symbol - QCOM
2025-01-06 12:03:23,425 - utils_portfolio - INFO - Processing symbol - KR
2025-01-06 12:03:23,539 - utils_portfolio - INFO - Processing symbol - GOOG
2025-01-06 12:03:23,653 - utils_portfolio - INFO - Processing symbol - MDLZ
2025-01-06 12:03:23,834 - utils_portfolio - INFO - Processing symbol - ADBE
2025-01-06 12:03:23,949 - utils_portfolio - INFO - Processing symbol - HPE
2025-01-06 12:03:24,142 - utils_portfolio - INFO - Processing symbol - LW
2025-01-06 12:03:27,419 - utils_portfolio - INFO - Processing symbol - SQ
2025-01-06 12:03:27,624 - utils_portfolio - INFO - Processing symbol - MDT
2025-01-06 12:03:27,826 - utils_portfolio - INFO - Processing symbol - IWM
2025-01-06 12:03:28,032 - utils_portfolio - INFO - Processing symbol - MARA
2025-01-06 12:03:28,238 - utils_portfolio - INFO - Processing symbol - AMT
2025-01-06 12:03:28,443 - utils_portfolio - INFO - Processing symbol - VICI
2025-01-06 12:03:28,557 - utils_portfolio - INFO - Processing symbol - WBA
2025-01-06 12:03:28,672 - utils_portfolio - INFO - Processing symbol - GDX
2025-01-06 12:03:28,908 - utils_portfolio - INFO - Processing symbol - RIOT
2025-01-06 12:03:29,022 - utils_portfolio - INFO - Processing symbol - LABU
2025-01-06 12:03:29,159 - utils_portfolio - INFO - Processing symbol - MCHP
2025-01-06 12:03:29,365 - utils_portfolio - INFO - Processing symbol - PEP
2025-01-06 12:03:29,569 - utils_portfolio - INFO - Processing symbol - F
2025-01-06 12:03:29,772 - utils_portfolio - INFO - Processing symbol - XOP
2025-01-06 12:03:29,979 - utils_portfolio - INFO - Processing symbol - DAL
2025-01-06 12:03:30,127 - utils_portfolio - INFO - Processing symbol - SQQQ
2025-01-06 12:03:30,240 - utils_portfolio - INFO - Processing symbol - C
2025-01-06 12:03:30,390 - utils_portfolio - INFO - Processing symbol - DIS
2025-01-06 12:03:30,503 - utils_portfolio - INFO - Processing symbol - ON
2025-01-06 12:03:30,619 - utils_portfolio - INFO - Processing symbol - DELL
2025-01-06 12:03:30,796 - utils_portfolio - INFO - Processing symbol - KHC
2025-01-06 12:03:30,960 - utils_portfolio - INFO - Processing symbol - GLD
2025-01-06 12:03:34,280 - utils_portfolio - INFO - Processing symbol - MS
2025-01-06 12:03:34,418 - utils_portfolio - INFO - Processing symbol - ENPH
2025-01-06 12:03:34,533 - utils_portfolio - INFO - Processing symbol - ZTS
2025-01-06 12:03:34,648 - utils_portfolio - INFO - Processing symbol - WFC
2025-01-06 12:03:34,790 - utils_portfolio - INFO - Processing symbol - EBAY
2025-01-06 12:03:34,996 - utils_portfolio - INFO - Processing symbol - SLV
2025-01-06 12:03:35,201 - utils_portfolio - INFO - Processing symbol - PM
2025-01-06 12:03:35,406 - utils_portfolio - INFO - Processing symbol - SOXS
2025-01-06 12:03:35,611 - utils_portfolio - INFO - Processing symbol - XLB
2025-01-06 12:03:35,814 - utils_portfolio - INFO - Processing symbol - BX
2025-01-06 12:03:36,237 - utils_portfolio - INFO - Processing symbol - MSFT
2025-01-06 12:03:36,429 - utils_portfolio - INFO - Processing symbol - TMUS
2025-01-06 12:03:36,565 - utils_portfolio - INFO - Processing symbol - KO
2025-01-06 12:03:36,840 - utils_portfolio - INFO - Processing symbol - WMB
2025-01-06 12:03:37,000 - utils_portfolio - INFO - Processing symbol - PLUG
2025-01-06 12:03:37,147 - utils_portfolio - INFO - Processing symbol - TMF
2025-01-06 12:03:37,261 - utils_portfolio - INFO - Processing symbol - GOOGL
2025-01-06 12:03:37,375 - utils_portfolio - INFO - Processing symbol - IVV
2025-01-06 12:03:37,556 - utils_portfolio - INFO - Processing symbol - HPQ
2025-01-06 12:03:37,762 - utils_portfolio - INFO - Processing symbol - LOW
2025-01-06 12:03:37,965 - utils_portfolio - INFO - Processing symbol - SCHD
2025-01-06 12:03:38,170 - utils_portfolio - INFO - Processing symbol - PBR
2025-01-06 12:03:38,375 - utils_portfolio - INFO - Processing symbol - CLF
2025-01-06 12:03:38,580 - utils_portfolio - INFO - Processing symbol - SMH
2025-01-06 12:03:41,958 - utils_portfolio - INFO - Processing symbol - MA
2025-01-06 12:03:42,164 - utils_portfolio - INFO - Processing symbol - MO
2025-01-06 12:03:42,369 - utils_portfolio - INFO - Processing symbol - GILD
2025-01-06 12:03:42,573 - utils_portfolio - INFO - Processing symbol - GM
2025-01-06 12:03:42,778 - utils_portfolio - INFO - Processing symbol - MRVL
2025-01-06 12:03:42,984 - utils_portfolio - INFO - Processing symbol - MU
2025-01-06 12:03:43,188 - utils_portfolio - INFO - Processing symbol - SCHW
2025-01-06 12:03:43,393 - utils_portfolio - INFO - Processing symbol - BSX
2025-01-06 12:03:43,598 - utils_portfolio - INFO - Processing symbol - LULU
2025-01-06 12:03:43,802 - utils_portfolio - INFO - Processing symbol - ANET
2025-01-06 12:03:44,007 - utils_portfolio - INFO - Processing symbol - VZ
2025-01-06 12:03:44,121 - utils_portfolio - INFO - Processing symbol - CCJ
2025-01-06 12:03:44,314 - utils_portfolio - INFO - Processing symbol - XLP
2025-01-06 12:03:44,518 - utils_portfolio - INFO - Processing symbol - NVO
2025-01-06 12:03:44,724 - utils_portfolio - INFO - Processing symbol - MRIN
2025-01-06 12:03:44,927 - utils_portfolio - INFO - Processing symbol - KSS
2025-01-06 12:03:45,040 - utils_portfolio - INFO - Processing symbol - XLU
2025-01-06 12:03:45,236 - utils_portfolio - INFO - Processing symbol - V
2025-01-06 12:03:45,442 - utils_portfolio - INFO - Processing symbol - FCX
2025-01-06 12:03:45,646 - utils_portfolio - INFO - Processing symbol - COP
2025-01-06 12:03:45,761 - utils_portfolio - INFO - Processing symbol - CAG
2025-01-06 12:03:45,951 - utils_portfolio - INFO - Processing symbol - TSLA
2025-01-06 12:03:46,120 - utils_portfolio - INFO - Processing symbol - T
2025-01-06 12:03:46,235 - utils_portfolio - INFO - Processing symbol - CRM
2025-01-06 12:03:46,349 - utils_portfolio - INFO - Processing symbol - NEM
2025-01-06 12:03:46,463 - utils_portfolio - INFO - Processing symbol - AVGO
2025-01-06 12:03:46,579 - utils_portfolio - INFO - Processing symbol - RSP
2025-01-06 12:03:49,892 - utils_portfolio - INFO - Processing symbol - GL
2025-01-06 12:03:50,006 - utils_portfolio - INFO - Processing symbol - NFLX
2025-01-06 12:03:50,114 - utils_portfolio - INFO - Processing symbol - PARA
2025-01-06 12:03:50,228 - utils_portfolio - INFO - Processing symbol - QQQ
2025-01-06 12:03:50,340 - utils_portfolio - INFO - Processing symbol - LLY
2025-01-06 12:03:50,451 - utils_portfolio - INFO - Processing symbol - AMZN
2025-01-06 12:03:50,692 - utils_portfolio - INFO - Updating symbol stats - AAL
2025-01-06 12:03:50,734 - utils_portfolio - INFO - Updating symbol stats - NVDA
2025-01-06 12:03:50,774 - utils_portfolio - INFO - Updating symbol stats - CVX
2025-01-06 12:03:50,795 - utils_portfolio - INFO - Updating symbol stats - SNAP
2025-01-06 12:03:50,818 - utils_portfolio - INFO - Updating symbol stats - MPC
2025-01-06 12:03:50,839 - utils_portfolio - INFO - Updating symbol stats - APH
2025-01-06 12:03:50,861 - utils_portfolio - INFO - Updating symbol stats - PR
2025-01-06 12:03:50,887 - utils_portfolio - INFO - Updating symbol stats - XLV
2025-01-06 12:03:50,921 - utils_portfolio - INFO - Updating symbol stats - PFE
2025-01-06 12:03:50,941 - utils_portfolio - INFO - Updating symbol stats - KMX
2025-01-06 12:03:50,962 - utils_portfolio - INFO - Updating symbol stats - PYPL
2025-01-06 12:03:50,983 - utils_portfolio - INFO - Updating symbol stats - PG
2025-01-06 12:03:51,005 - utils_portfolio - INFO - Updating symbol stats - UPS
2025-01-06 12:03:51,029 - utils_portfolio - INFO - Updating symbol stats - SPY
2025-01-06 12:03:51,050 - utils_portfolio - INFO - Updating symbol stats - LQD
2025-01-06 12:03:51,072 - utils_portfolio - INFO - Updating symbol stats - WDC
2025-01-06 12:03:51,101 - utils_portfolio - INFO - Updating symbol stats - NCLH
2025-01-06 12:03:51,134 - utils_portfolio - INFO - Updating symbol stats - LUV
2025-01-06 12:03:51,164 - utils_portfolio - INFO - Updating symbol stats - NXPL
2025-01-06 12:03:51,186 - utils_portfolio - INFO - Updating symbol stats - ADI
2025-01-06 12:03:51,207 - utils_portfolio - INFO - Updating symbol stats - APA
2025-01-06 12:03:51,229 - utils_portfolio - INFO - Updating symbol stats - CSCO
2025-01-06 12:03:51,257 - utils_portfolio - INFO - Updating symbol stats - RUN
2025-01-06 12:03:51,284 - utils_portfolio - INFO - Updating symbol stats - SLB
2025-01-06 12:03:51,306 - utils_portfolio - INFO - Updating symbol stats - CVNA
2025-01-06 12:03:51,327 - utils_portfolio - INFO - Updating symbol stats - EQT
2025-01-06 12:03:51,349 - utils_portfolio - INFO - Updating symbol stats - XLE
2025-01-06 12:03:51,373 - utils_portfolio - INFO - Updating symbol stats - IP
2025-01-06 12:03:51,398 - utils_portfolio - INFO - Updating symbol stats - IYR
2025-01-06 12:03:51,421 - utils_portfolio - INFO - Updating symbol stats - TZA
2025-01-06 12:03:51,445 - utils_portfolio - INFO - Updating symbol stats - BMY
2025-01-06 12:03:51,466 - utils_portfolio - INFO - Updating symbol stats - TJX
2025-01-06 12:03:51,487 - utils_portfolio - INFO - Updating symbol stats - AMAT
2025-01-06 12:03:51,509 - utils_portfolio - INFO - Updating symbol stats - INTC
2025-01-06 12:03:51,531 - utils_portfolio - INFO - Updating symbol stats - VOO
2025-01-06 12:03:51,563 - utils_portfolio - INFO - Updating symbol stats - VALE
2025-01-06 12:03:51,587 - utils_portfolio - INFO - Updating symbol stats - PLD
2025-01-06 12:03:51,609 - utils_portfolio - INFO - Updating symbol stats - UAL
2025-01-06 12:03:51,632 - utils_portfolio - INFO - Updating symbol stats - AXP
2025-01-06 12:03:51,656 - utils_portfolio - INFO - Updating symbol stats - NEE
2025-01-06 12:03:51,678 - utils_portfolio - INFO - Updating symbol stats - RTX
2025-01-06 12:03:51,699 - utils_portfolio - INFO - Updating symbol stats - HAL
2025-01-06 12:03:51,733 - utils_portfolio - INFO - Updating symbol stats - XLF
2025-01-06 12:03:51,764 - utils_portfolio - INFO - Updating symbol stats - CCL
2025-01-06 12:03:51,785 - utils_portfolio - INFO - Updating symbol stats - ARKK
2025-01-06 12:03:51,806 - utils_portfolio - INFO - Updating symbol stats - AAPL
2025-01-06 12:03:51,828 - utils_portfolio - INFO - Updating symbol stats - TQQQ
2025-01-06 12:03:51,851 - utils_portfolio - INFO - Updating symbol stats - CVS
2025-01-06 12:03:51,872 - utils_portfolio - INFO - Updating symbol stats - SPXL
2025-01-06 12:03:51,893 - utils_portfolio - INFO - Updating symbol stats - ALB
2025-01-06 12:03:51,921 - utils_portfolio - INFO - Updating symbol stats - VST
2025-01-06 12:03:51,947 - utils_portfolio - INFO - Updating symbol stats - SBUX
2025-01-06 12:03:51,968 - utils_portfolio - INFO - Updating symbol stats - CAT
2025-01-06 12:03:51,990 - utils_portfolio - INFO - Updating symbol stats - EWZ
2025-01-06 12:03:52,020 - utils_portfolio - INFO - Updating symbol stats - KMI
2025-01-06 12:03:52,041 - utils_portfolio - INFO - Updating symbol stats - RIG
2025-01-06 12:03:52,064 - utils_portfolio - INFO - Updating symbol stats - MNST
2025-01-06 12:03:52,086 - utils_portfolio - INFO - Updating symbol stats - UPRO
2025-01-06 12:03:52,108 - utils_portfolio - INFO - Updating symbol stats - GBTC
2025-01-06 12:03:52,129 - utils_portfolio - INFO - Updating symbol stats - HD
2025-01-06 12:03:52,152 - utils_portfolio - INFO - Updating symbol stats - XLK
2025-01-06 12:03:52,173 - utils_portfolio - INFO - Updating symbol stats - CSX
2025-01-06 12:03:52,195 - utils_portfolio - INFO - Updating symbol stats - HBAN
2025-01-06 12:03:52,217 - utils_portfolio - INFO - Updating symbol stats - XLY
2025-01-06 12:03:52,250 - utils_portfolio - INFO - Updating symbol stats - PGR
2025-01-06 12:03:52,272 - utils_portfolio - INFO - Updating symbol stats - JNJ
2025-01-06 12:03:52,293 - utils_portfolio - INFO - Updating symbol stats - XBI
2025-01-06 12:03:52,315 - utils_portfolio - INFO - Updating symbol stats - HYG
2025-01-06 12:03:52,337 - utils_portfolio - INFO - Updating symbol stats - SHOP
2025-01-06 12:03:52,380 - utils_portfolio - INFO - Updating symbol stats - WMT
2025-01-06 12:03:52,405 - utils_portfolio - INFO - Updating symbol stats - TXN
2025-01-06 12:03:52,429 - utils_portfolio - INFO - Updating symbol stats - VIXY
2025-01-06 12:03:52,454 - utils_portfolio - INFO - Updating symbol stats - FTNT
2025-01-06 12:03:52,481 - utils_portfolio - INFO - Updating symbol stats - TLT
2025-01-06 12:03:52,520 - utils_portfolio - INFO - Updating symbol stats - ACN
2025-01-06 12:03:52,544 - utils_portfolio - INFO - Updating symbol stats - GFI
2025-01-06 12:03:52,568 - utils_portfolio - INFO - Updating symbol stats - ETN
2025-01-06 12:03:52,591 - utils_portfolio - INFO - Updating symbol stats - XOM
2025-01-06 12:03:52,614 - utils_portfolio - INFO - Updating symbol stats - MRK
2025-01-06 12:03:52,636 - utils_portfolio - INFO - Updating symbol stats - MSTR
2025-01-06 12:03:52,658 - utils_portfolio - INFO - Updating symbol stats - NKE
2025-01-06 12:03:52,680 - utils_portfolio - INFO - Updating symbol stats - USB
2025-01-06 12:03:52,714 - utils_portfolio - INFO - Updating symbol stats - PANW
2025-01-06 12:03:52,736 - utils_portfolio - INFO - Updating symbol stats - O
2025-01-06 12:03:52,764 - utils_portfolio - INFO - Updating symbol stats - BP
2025-01-06 12:03:52,789 - utils_portfolio - INFO - Updating symbol stats - EOG
2025-01-06 12:03:52,814 - utils_portfolio - INFO - Updating symbol stats - MRO
2025-01-06 12:03:52,837 - utils_portfolio - INFO - Updating symbol stats - JPM
2025-01-06 12:03:52,860 - utils_portfolio - INFO - Updating symbol stats - UNH
2025-01-06 12:03:52,883 - utils_portfolio - INFO - Updating symbol stats - ABT
2025-01-06 12:03:52,907 - utils_portfolio - INFO - Updating symbol stats - JD
2025-01-06 12:03:52,935 - utils_portfolio - INFO - Updating symbol stats - SIRI
2025-01-06 12:03:52,956 - utils_portfolio - INFO - Updating symbol stats - UVXY
2025-01-06 12:03:52,978 - utils_portfolio - INFO - Updating symbol stats - QLD
2025-01-06 12:03:52,999 - utils_portfolio - INFO - Updating symbol stats - KEY
2025-01-06 12:03:53,022 - utils_portfolio - INFO - Updating symbol stats - GOLD
2025-01-06 12:03:53,044 - utils_portfolio - INFO - Updating symbol stats - FAST
2025-01-06 12:03:53,068 - utils_portfolio - INFO - Updating symbol stats - ORCL
2025-01-06 12:03:53,099 - utils_portfolio - INFO - Updating symbol stats - ABBV
2025-01-06 12:03:53,122 - utils_portfolio - INFO - Updating symbol stats - COST
2025-01-06 12:03:53,154 - utils_portfolio - INFO - Updating symbol stats - VFC
2025-01-06 12:03:53,176 - utils_portfolio - INFO - Updating symbol stats - WBD
2025-01-06 12:03:53,199 - utils_portfolio - INFO - Updating symbol stats - DVN
2025-01-06 12:03:53,221 - utils_portfolio - INFO - Updating symbol stats - CGC
2025-01-06 12:03:53,244 - utils_portfolio - INFO - Updating symbol stats - SHEL
2025-01-06 12:03:53,268 - utils_portfolio - INFO - Updating symbol stats - BAC
2025-01-06 12:03:53,291 - utils_portfolio - INFO - Updating symbol stats - XLI
2025-01-06 12:03:53,315 - utils_portfolio - INFO - Updating symbol stats - TNA
2025-01-06 12:03:53,338 - utils_portfolio - INFO - Updating symbol stats - BA
2025-01-06 12:03:53,371 - utils_portfolio - INFO - Updating symbol stats - IBM
2025-01-06 12:03:53,394 - utils_portfolio - INFO - Updating symbol stats - GDXJ
2025-01-06 12:03:53,418 - utils_portfolio - INFO - Updating symbol stats - BABA
2025-01-06 12:03:53,440 - utils_portfolio - INFO - Updating symbol stats - FXI
2025-01-06 12:03:53,462 - utils_portfolio - INFO - Updating symbol stats - GE
2025-01-06 12:03:53,484 - utils_portfolio - INFO - Updating symbol stats - ACB
2025-01-06 12:03:53,508 - utils_portfolio - INFO - Updating symbol stats - DIA
2025-01-06 12:03:53,530 - utils_portfolio - INFO - Updating symbol stats - PAAS
2025-01-06 12:03:53,567 - utils_portfolio - INFO - Updating symbol stats - TSM
2025-01-06 12:03:53,599 - utils_portfolio - INFO - Updating symbol stats - SOXL
2025-01-06 12:03:53,622 - utils_portfolio - INFO - Updating symbol stats - MMM
2025-01-06 12:03:53,653 - utils_portfolio - INFO - Updating symbol stats - OXY
2025-01-06 12:03:53,676 - utils_portfolio - INFO - Updating symbol stats - TFC
2025-01-06 12:03:53,699 - utils_portfolio - INFO - Updating symbol stats - AMD
2025-01-06 12:03:53,720 - utils_portfolio - INFO - Updating symbol stats - MCD
2025-01-06 12:03:53,742 - utils_portfolio - INFO - Updating symbol stats - VTI
2025-01-06 12:03:53,765 - utils_portfolio - INFO - Updating symbol stats - AZN
2025-01-06 12:03:53,787 - utils_portfolio - INFO - Updating symbol stats - KRE
2025-01-06 12:03:53,819 - utils_portfolio - INFO - Updating symbol stats - CMCSA
2025-01-06 12:03:53,845 - utils_portfolio - INFO - Updating symbol stats - META
2025-01-06 12:03:53,867 - utils_portfolio - INFO - Updating symbol stats - AMC
2025-01-06 12:03:53,889 - utils_portfolio - INFO - Updating symbol stats - SMCI
2025-01-06 12:03:53,915 - utils_portfolio - INFO - Updating symbol stats - VNQ
2025-01-06 12:03:53,947 - utils_portfolio - INFO - Updating symbol stats - QCOM
2025-01-06 12:03:53,968 - utils_portfolio - INFO - Updating symbol stats - KR
2025-01-06 12:03:53,989 - utils_portfolio - INFO - Updating symbol stats - GOOG
2025-01-06 12:03:54,013 - utils_portfolio - INFO - Updating symbol stats - MDLZ
2025-01-06 12:03:54,035 - utils_portfolio - INFO - Updating symbol stats - ADBE
2025-01-06 12:03:54,057 - utils_portfolio - INFO - Updating symbol stats - HPE
2025-01-06 12:03:54,094 - utils_portfolio - INFO - Updating symbol stats - LW
2025-01-06 12:03:54,117 - utils_portfolio - INFO - Updating symbol stats - SQ
2025-01-06 12:03:54,140 - utils_portfolio - INFO - Updating symbol stats - MDT
2025-01-06 12:03:54,162 - utils_portfolio - INFO - Updating symbol stats - IWM
2025-01-06 12:03:54,183 - utils_portfolio - INFO - Updating symbol stats - MARA
2025-01-06 12:03:54,206 - utils_portfolio - INFO - Updating symbol stats - AMT
2025-01-06 12:03:54,227 - utils_portfolio - INFO - Updating symbol stats - VICI
2025-01-06 12:03:54,249 - utils_portfolio - INFO - Updating symbol stats - WBA
2025-01-06 12:03:54,271 - utils_portfolio - INFO - Updating symbol stats - GDX
2025-01-06 12:03:54,293 - utils_portfolio - INFO - Updating symbol stats - RIOT
2025-01-06 12:03:54,315 - utils_portfolio - INFO - Updating symbol stats - LABU
2025-01-06 12:03:54,337 - utils_portfolio - INFO - Updating symbol stats - MCHP
2025-01-06 12:03:54,360 - utils_portfolio - INFO - Updating symbol stats - PEP
2025-01-06 12:03:54,382 - utils_portfolio - INFO - Updating symbol stats - F
2025-01-06 12:03:54,405 - utils_portfolio - INFO - Updating symbol stats - XOP
2025-01-06 12:03:54,428 - utils_portfolio - INFO - Updating symbol stats - DAL
2025-01-06 12:03:54,450 - utils_portfolio - INFO - Updating symbol stats - SQQQ
2025-01-06 12:03:54,472 - utils_portfolio - INFO - Updating symbol stats - C
2025-01-06 12:03:54,495 - utils_portfolio - INFO - Updating symbol stats - DIS
2025-01-06 12:03:54,525 - utils_portfolio - INFO - Updating symbol stats - ON
2025-01-06 12:03:54,555 - utils_portfolio - INFO - Updating symbol stats - DELL
2025-01-06 12:03:54,577 - utils_portfolio - INFO - Updating symbol stats - KHC
2025-01-06 12:03:54,599 - utils_portfolio - INFO - Updating symbol stats - GLD
2025-01-06 12:03:54,621 - utils_portfolio - INFO - Updating symbol stats - MS
2025-01-06 12:03:54,644 - utils_portfolio - INFO - Updating symbol stats - ENPH
2025-01-06 12:03:54,665 - utils_portfolio - INFO - Updating symbol stats - ZTS
2025-01-06 12:03:54,687 - utils_portfolio - INFO - Updating symbol stats - WFC
2025-01-06 12:03:54,710 - utils_portfolio - INFO - Updating symbol stats - EBAY
2025-01-06 12:03:54,732 - utils_portfolio - INFO - Updating symbol stats - SLV
2025-01-06 12:03:54,753 - utils_portfolio - INFO - Updating symbol stats - PM
2025-01-06 12:03:54,775 - utils_portfolio - INFO - Updating symbol stats - SOXS
2025-01-06 12:03:54,797 - utils_portfolio - INFO - Updating symbol stats - XLB
2025-01-06 12:03:54,819 - utils_portfolio - INFO - Updating symbol stats - BX
2025-01-06 12:03:54,841 - utils_portfolio - INFO - Updating symbol stats - MSFT
2025-01-06 12:03:54,864 - utils_portfolio - INFO - Updating symbol stats - TMUS
2025-01-06 12:03:54,886 - utils_portfolio - INFO - Updating symbol stats - KO
2025-01-06 12:03:54,913 - utils_portfolio - INFO - Updating symbol stats - WMB
2025-01-06 12:03:54,938 - utils_portfolio - INFO - Updating symbol stats - PLUG
2025-01-06 12:03:54,959 - utils_portfolio - INFO - Updating symbol stats - TMF
2025-01-06 12:03:54,982 - utils_portfolio - INFO - Updating symbol stats - GOOGL
2025-01-06 12:03:55,004 - utils_portfolio - INFO - Updating symbol stats - IVV
2025-01-06 12:03:55,027 - utils_portfolio - INFO - Updating symbol stats - HPQ
2025-01-06 12:03:55,070 - utils_portfolio - INFO - Updating symbol stats - LOW
2025-01-06 12:03:55,093 - utils_portfolio - INFO - Updating symbol stats - SCHD
2025-01-06 12:03:55,125 - utils_portfolio - INFO - Updating symbol stats - PBR
2025-01-06 12:03:55,147 - utils_portfolio - INFO - Updating symbol stats - CLF
2025-01-06 12:03:55,170 - utils_portfolio - INFO - Updating symbol stats - SMH
2025-01-06 12:03:55,214 - utils_portfolio - INFO - Updating symbol stats - MA
2025-01-06 12:03:55,240 - utils_portfolio - INFO - Updating symbol stats - MO
2025-01-06 12:03:55,263 - utils_portfolio - INFO - Updating symbol stats - GILD
2025-01-06 12:03:55,286 - utils_portfolio - INFO - Updating symbol stats - GM
2025-01-06 12:03:55,308 - utils_portfolio - INFO - Updating symbol stats - MRVL
2025-01-06 12:03:55,331 - utils_portfolio - INFO - Updating symbol stats - MU
2025-01-06 12:03:55,352 - utils_portfolio - INFO - Updating symbol stats - SCHW
2025-01-06 12:03:55,374 - utils_portfolio - INFO - Updating symbol stats - BSX
2025-01-06 12:03:55,396 - utils_portfolio - INFO - Updating symbol stats - LULU
2025-01-06 12:03:55,419 - utils_portfolio - INFO - Updating symbol stats - ANET
2025-01-06 12:03:55,441 - utils_portfolio - INFO - Updating symbol stats - VZ
2025-01-06 12:03:55,462 - utils_portfolio - INFO - Updating symbol stats - CCJ
2025-01-06 12:03:55,484 - utils_portfolio - INFO - Updating symbol stats - XLP
2025-01-06 12:03:55,524 - utils_portfolio - INFO - Updating symbol stats - NVO
2025-01-06 12:03:55,545 - utils_portfolio - INFO - Updating symbol stats - MRIN
2025-01-06 12:03:55,567 - utils_portfolio - INFO - Updating symbol stats - KSS
2025-01-06 12:03:55,588 - utils_portfolio - INFO - Updating symbol stats - XLU
2025-01-06 12:03:55,609 - utils_portfolio - INFO - Updating symbol stats - V
2025-01-06 12:03:55,632 - utils_portfolio - INFO - Updating symbol stats - FCX
2025-01-06 12:03:55,655 - utils_portfolio - INFO - Updating symbol stats - COP
2025-01-06 12:03:55,685 - utils_portfolio - INFO - Updating symbol stats - CAG
2025-01-06 12:03:55,707 - utils_portfolio - INFO - Updating symbol stats - TSLA
2025-01-06 12:03:55,730 - utils_portfolio - INFO - Updating symbol stats - T
2025-01-06 12:03:55,752 - utils_portfolio - INFO - Updating symbol stats - CRM
2025-01-06 12:03:55,773 - utils_portfolio - INFO - Updating symbol stats - NEM
2025-01-06 12:03:55,795 - utils_portfolio - INFO - Updating symbol stats - AVGO
2025-01-06 12:03:55,817 - utils_portfolio - INFO - Updating symbol stats - RSP
2025-01-06 12:03:55,840 - utils_portfolio - INFO - Updating symbol stats - GL
2025-01-06 12:03:55,872 - utils_portfolio - INFO - Updating symbol stats - NFLX
2025-01-06 12:03:55,894 - utils_portfolio - INFO - Updating symbol stats - PARA
2025-01-06 12:03:55,922 - utils_portfolio - INFO - Updating symbol stats - QQQ
2025-01-06 12:03:55,947 - utils_portfolio - INFO - Updating symbol stats - LLY
2025-01-06 12:03:55,969 - utils_portfolio - INFO - Updating symbol stats - AMZN
2025-01-06 12:03:55,991 - utils_portfolio - INFO - Updating state of strategies
2025-01-06 12:03:55,992 - utils_portfolio - INFO - Calculating closed trades stats
2025-01-06 12:03:55,992 - utils_portfolio - INFO - Processing symbol - ACB
2025-01-06 12:03:56,508 - utils_portfolio - INFO - Processing symbol - ACN
2025-01-06 12:03:56,705 - utils_portfolio - INFO - Processing symbol - ADBE
2025-01-06 12:03:56,924 - utils_portfolio - INFO - Processing symbol - ALB
2025-01-06 12:03:57,124 - utils_portfolio - INFO - Processing symbol - AMAT
2025-01-06 12:03:57,321 - utils_portfolio - INFO - Processing symbol - AMD
2025-01-06 12:03:57,533 - utils_portfolio - INFO - Processing symbol - AMT
2025-01-06 12:03:57,736 - utils_portfolio - INFO - Processing symbol - AMZN
2025-01-06 12:03:57,942 - utils_portfolio - INFO - Processing symbol - ANET
2025-01-06 12:03:58,147 - utils_portfolio - INFO - Processing symbol - ARKK
2025-01-06 12:03:58,351 - utils_portfolio - INFO - Processing symbol - AVGO
2025-01-06 12:03:58,551 - utils_portfolio - INFO - Processing symbol - BA
2025-01-06 12:03:58,761 - utils_portfolio - INFO - Processing symbol - BABA
2025-01-06 12:03:58,959 - utils_portfolio - INFO - Processing symbol - BMY
2025-01-06 12:03:59,171 - utils_portfolio - INFO - Processing symbol - BSX
2025-01-06 12:03:59,375 - utils_portfolio - INFO - Processing symbol - CMCSA
2025-01-06 12:03:59,573 - utils_portfolio - INFO - Processing symbol - COP
2025-01-06 12:03:59,784 - utils_portfolio - INFO - Processing symbol - CSX
2025-01-06 12:03:59,983 - utils_portfolio - INFO - Processing symbol - CVNA
2025-01-06 12:04:00,194 - utils_portfolio - INFO - Processing symbol - CVX
2025-01-06 12:04:00,399 - utils_portfolio - INFO - Processing symbol - DAL
2025-01-06 12:04:00,603 - utils_portfolio - INFO - Processing symbol - DELL
2025-01-06 12:04:00,815 - utils_portfolio - INFO - Processing symbol - ENPH
2025-01-06 12:04:01,009 - utils_portfolio - INFO - Processing symbol - ETN
2025-01-06 12:04:01,208 - utils_portfolio - INFO - Processing symbol - F
2025-01-06 12:04:01,333 - utils_portfolio - INFO - Processing symbol - FXI
2025-01-06 12:04:01,454 - utils_portfolio - INFO - Processing symbol - GBTC
2025-01-06 12:04:01,628 - utils_portfolio - INFO - Processing symbol - GDX
2025-01-06 12:04:01,836 - utils_portfolio - INFO - Processing symbol - GDXJ
2025-01-06 12:04:02,030 - utils_portfolio - INFO - Processing symbol - GE
2025-01-06 12:04:02,244 - utils_portfolio - INFO - Processing symbol - GLD
2025-01-06 12:04:02,446 - utils_portfolio - INFO - Processing symbol - GM
2025-01-06 12:04:02,654 - utils_portfolio - INFO - Processing symbol - GOOG
2025-01-06 12:04:02,857 - utils_portfolio - INFO - Processing symbol - HAL
2025-01-06 12:04:02,975 - utils_portfolio - INFO - Processing symbol - HBAN
2025-01-06 12:04:03,096 - utils_portfolio - INFO - Processing symbol - HPQ
2025-01-06 12:04:03,266 - utils_portfolio - INFO - Processing symbol - HYG
2025-01-06 12:04:03,471 - utils_portfolio - INFO - Processing symbol - INTC
2025-01-06 12:04:03,677 - utils_portfolio - INFO - Processing symbol - IP
2025-01-06 12:04:03,880 - utils_portfolio - INFO - Processing symbol - JNJ
2025-01-06 12:04:04,031 - utils_portfolio - INFO - Processing symbol - KEY
2025-01-06 12:04:04,188 - utils_portfolio - INFO - Processing symbol - KMI
2025-01-06 12:04:04,393 - utils_portfolio - INFO - Processing symbol - KMX
2025-01-06 12:04:04,592 - utils_portfolio - INFO - Processing symbol - LOW
2025-01-06 12:04:04,804 - utils_portfolio - INFO - Processing symbol - LUV
2025-01-06 12:04:05,003 - utils_portfolio - INFO - Processing symbol - MCD
2025-01-06 12:04:05,212 - utils_portfolio - INFO - Processing symbol - MDLZ
2025-01-06 12:04:05,330 - utils_portfolio - INFO - Processing symbol - MDT
2025-01-06 12:04:05,519 - utils_portfolio - INFO - Processing symbol - META
2025-01-06 12:04:05,723 - utils_portfolio - INFO - Processing symbol - MMM
2025-01-06 12:04:05,924 - utils_portfolio - INFO - Processing symbol - MRIN
2025-01-06 12:04:06,129 - utils_portfolio - INFO - Processing symbol - MRO
2025-01-06 12:04:06,339 - utils_portfolio - INFO - Processing symbol - MRVL
2025-01-06 12:04:06,549 - utils_portfolio - INFO - Processing symbol - MSTR
2025-01-06 12:04:06,743 - utils_portfolio - INFO - Processing symbol - NCLH
2025-01-06 12:04:06,952 - utils_portfolio - INFO - Processing symbol - NEE
2025-01-06 12:04:07,157 - utils_portfolio - INFO - Processing symbol - NEM
2025-01-06 12:04:07,309 - utils_portfolio - INFO - Processing symbol - NXPL
2025-01-06 12:04:07,467 - utils_portfolio - INFO - Processing symbol - ON
2025-01-06 12:04:07,587 - utils_portfolio - INFO - Processing symbol - ORCL
2025-01-06 12:04:07,703 - utils_portfolio - INFO - Processing symbol - OXY
2025-01-06 12:04:07,875 - utils_portfolio - INFO - Processing symbol - PAAS
2025-01-06 12:04:08,021 - utils_portfolio - INFO - Processing symbol - PANW
2025-01-06 12:04:08,185 - utils_portfolio - INFO - Processing symbol - PARA
2025-01-06 12:04:08,313 - utils_portfolio - INFO - Processing symbol - PLD
2025-01-06 12:04:08,439 - utils_portfolio - INFO - Processing symbol - PM
2025-01-06 12:04:08,587 - utils_portfolio - INFO - Processing symbol - PYPL
2025-01-06 12:04:08,711 - utils_portfolio - INFO - Processing symbol - QCOM
2025-01-06 12:04:12,066 - utils_portfolio - INFO - Processing symbol - QLD
2025-01-06 12:04:12,186 - utils_portfolio - INFO - Processing symbol - QQQ
2025-01-06 12:04:12,311 - utils_portfolio - INFO - Processing symbol - RSP
2025-01-06 12:04:12,481 - utils_portfolio - INFO - Processing symbol - RUN
2025-01-06 12:04:12,688 - utils_portfolio - INFO - Processing symbol - SCHD
2025-01-06 12:04:12,891 - utils_portfolio - INFO - Processing symbol - SHEL
2025-01-06 12:04:13,017 - utils_portfolio - INFO - Processing symbol - SHOP
2025-01-06 12:04:13,199 - utils_portfolio - INFO - Processing symbol - SIRI
2025-01-06 12:04:13,397 - utils_portfolio - INFO - Processing symbol - SMCI
2025-01-06 12:04:13,603 - utils_portfolio - INFO - Processing symbol - SNAP
2025-01-06 12:04:13,815 - utils_portfolio - INFO - Processing symbol - SOXL
2025-01-06 12:04:14,018 - utils_portfolio - INFO - Processing symbol - SPY
2025-01-06 12:04:14,223 - utils_portfolio - INFO - Processing symbol - SQQQ
2025-01-06 12:04:14,428 - utils_portfolio - INFO - Processing symbol - T
2025-01-06 12:04:14,629 - utils_portfolio - INFO - Processing symbol - TFC
2025-01-06 12:04:14,753 - utils_portfolio - INFO - Processing symbol - TJX
2025-01-06 12:04:14,877 - utils_portfolio - INFO - Processing symbol - TLT
2025-01-06 12:04:15,049 - utils_portfolio - INFO - Processing symbol - TMUS
2025-01-06 12:04:15,249 - utils_portfolio - INFO - Processing symbol - TZA
2025-01-06 12:04:15,454 - utils_portfolio - INFO - Processing symbol - UVXY
2025-01-06 12:04:15,572 - utils_portfolio - INFO - Processing symbol - V
2025-01-06 12:04:15,696 - utils_portfolio - INFO - Processing symbol - VST
2025-01-06 12:04:15,814 - utils_portfolio - INFO - Processing symbol - VTI
2025-01-06 12:04:15,965 - utils_portfolio - INFO - Processing symbol - VZ
2025-01-06 12:04:19,241 - utils_portfolio - INFO - Processing symbol - WBA
2025-01-06 12:04:19,446 - utils_portfolio - INFO - Processing symbol - WFC
2025-01-06 12:04:19,648 - utils_portfolio - INFO - Processing symbol - WMB
2025-01-06 12:04:19,855 - utils_portfolio - INFO - Processing symbol - WMT
2025-01-06 12:04:20,063 - utils_portfolio - INFO - Processing symbol - XLF
2025-01-06 12:04:20,260 - utils_portfolio - INFO - Processing symbol - XLU
2025-01-06 12:04:20,386 - utils_portfolio - INFO - Processing symbol - XOM
2025-01-06 12:04:20,574 - utils_portfolio - INFO - Processing symbol - ZTS
2025-01-06 12:04:20,776 - utils_portfolio - INFO - Processing symbol - AAL
2025-01-06 12:04:20,981 - utils_portfolio - INFO - Processing symbol - AAPL
2025-01-06 12:04:21,101 - utils_portfolio - INFO - Processing symbol - ABBV
2025-01-06 12:04:21,225 - utils_portfolio - INFO - Processing symbol - ABT
2025-01-06 12:04:21,350 - utils_portfolio - INFO - Processing symbol - ADI
2025-01-06 12:04:21,474 - utils_portfolio - INFO - Processing symbol - AMC
2025-01-06 12:04:21,697 - utils_portfolio - INFO - Processing symbol - APA
2025-01-06 12:04:21,902 - utils_portfolio - INFO - Processing symbol - APH
2025-01-06 12:04:22,028 - utils_portfolio - INFO - Processing symbol - AXP
2025-01-06 12:04:22,207 - utils_portfolio - INFO - Processing symbol - AZN
2025-01-06 12:04:22,412 - utils_portfolio - INFO - Processing symbol - BAC
2025-01-06 12:04:22,535 - utils_portfolio - INFO - Processing symbol - BP
2025-01-06 12:04:22,655 - utils_portfolio - INFO - Processing symbol - BX
2025-01-06 12:04:22,774 - utils_portfolio - INFO - Processing symbol - C
2025-01-06 12:04:22,927 - utils_portfolio - INFO - Processing symbol - CAG
2025-01-06 12:04:26,248 - utils_portfolio - INFO - Processing symbol - CAT
2025-01-06 12:04:26,378 - utils_portfolio - INFO - Processing symbol - CCJ
2025-01-06 12:04:26,613 - utils_portfolio - INFO - Processing symbol - CCL
2025-01-06 12:04:26,819 - utils_portfolio - INFO - Processing symbol - CGC
2025-01-06 12:04:27,023 - utils_portfolio - INFO - Processing symbol - CLF
2025-01-06 12:04:27,223 - utils_portfolio - INFO - Processing symbol - COST
2025-01-06 12:04:27,433 - utils_portfolio - INFO - Processing symbol - CRM
2025-01-06 12:04:27,632 - utils_portfolio - INFO - Processing symbol - CSCO
2025-01-06 12:04:27,844 - utils_portfolio - INFO - Processing symbol - CVS
2025-01-06 12:04:28,047 - utils_portfolio - INFO - Processing symbol - DIA
2025-01-06 12:04:28,253 - utils_portfolio - INFO - Processing symbol - DIS
2025-01-06 12:04:28,459 - utils_portfolio - INFO - Processing symbol - DVN
2025-01-06 12:04:28,655 - utils_portfolio - INFO - Processing symbol - EBAY
2025-01-06 12:04:28,866 - utils_portfolio - INFO - Processing symbol - EOG
2025-01-06 12:04:29,074 - utils_portfolio - INFO - Processing symbol - EQT
2025-01-06 12:04:29,277 - utils_portfolio - INFO - Processing symbol - EWZ
2025-01-06 12:04:29,401 - utils_portfolio - INFO - Processing symbol - FAST
2025-01-06 12:04:29,524 - utils_portfolio - INFO - Processing symbol - FCX
2025-01-06 12:04:29,643 - utils_portfolio - INFO - Processing symbol - FTNT
2025-01-06 12:04:29,787 - utils_portfolio - INFO - Processing symbol - GFI
2025-01-06 12:04:29,993 - utils_portfolio - INFO - Processing symbol - GILD
2025-01-06 12:04:30,120 - utils_portfolio - INFO - Processing symbol - GL
2025-01-06 12:04:30,303 - utils_portfolio - INFO - Processing symbol - GOLD
2025-01-06 12:04:30,504 - utils_portfolio - INFO - Processing symbol - GOOGL
2025-01-06 12:04:30,709 - utils_portfolio - INFO - Processing symbol - HD
2025-01-06 12:04:30,914 - utils_portfolio - INFO - Processing symbol - HPE
2025-01-06 12:04:31,118 - utils_portfolio - INFO - Processing symbol - IBM
2025-01-06 12:04:34,444 - utils_portfolio - INFO - Processing symbol - IVV
2025-01-06 12:04:34,604 - utils_portfolio - INFO - Processing symbol - IWM
2025-01-06 12:04:34,729 - utils_portfolio - INFO - Processing symbol - IYR
2025-01-06 12:04:34,911 - utils_portfolio - INFO - Processing symbol - JD
2025-01-06 12:04:35,113 - utils_portfolio - INFO - Processing symbol - JPM
2025-01-06 12:04:35,230 - utils_portfolio - INFO - Processing symbol - KHC
2025-01-06 12:04:35,353 - utils_portfolio - INFO - Processing symbol - KO
2025-01-06 12:04:35,522 - utils_portfolio - INFO - Processing symbol - KR
2025-01-06 12:04:35,730 - utils_portfolio - INFO - Processing symbol - KRE
2025-01-06 12:04:35,931 - utils_portfolio - INFO - Processing symbol - KSS
2025-01-06 12:04:36,143 - utils_portfolio - INFO - Processing symbol - LABU
2025-01-06 12:04:36,341 - utils_portfolio - INFO - Processing symbol - LLY
2025-01-06 12:04:36,546 - utils_portfolio - INFO - Processing symbol - LQD
2025-01-06 12:04:36,750 - utils_portfolio - INFO - Processing symbol - LULU
2025-01-06 12:04:36,956 - utils_portfolio - INFO - Processing symbol - LW
2025-01-06 12:04:37,160 - utils_portfolio - INFO - Processing symbol - MA
2025-01-06 12:04:37,278 - utils_portfolio - INFO - Processing symbol - MARA
2025-01-06 12:04:37,467 - utils_portfolio - INFO - Processing symbol - MCHP
2025-01-06 12:04:37,583 - utils_portfolio - INFO - Processing symbol - MNST
2025-01-06 12:04:37,705 - utils_portfolio - INFO - Processing symbol - MO
2025-01-06 12:04:37,834 - utils_portfolio - INFO - Processing symbol - MPC
2025-01-06 12:04:37,950 - utils_portfolio - INFO - Processing symbol - MRK
2025-01-06 12:04:38,084 - utils_portfolio - INFO - Processing symbol - MS
2025-01-06 12:04:41,358 - utils_portfolio - INFO - Processing symbol - MSFT
2025-01-06 12:04:41,556 - utils_portfolio - INFO - Processing symbol - MU
2025-01-06 12:04:41,756 - utils_portfolio - INFO - Processing symbol - NFLX
2025-01-06 12:04:41,881 - utils_portfolio - INFO - Processing symbol - NKE
2025-01-06 12:04:42,069 - utils_portfolio - INFO - Processing symbol - NVDA
2025-01-06 12:04:42,275 - utils_portfolio - INFO - Processing symbol - NVO
2025-01-06 12:04:42,485 - utils_portfolio - INFO - Processing symbol - O
2025-01-06 12:04:42,685 - utils_portfolio - INFO - Processing symbol - PBR
2025-01-06 12:04:42,894 - utils_portfolio - INFO - Processing symbol - PEP
2025-01-06 12:04:43,094 - utils_portfolio - INFO - Processing symbol - PFE
2025-01-06 12:04:43,297 - utils_portfolio - INFO - Processing symbol - PG
2025-01-06 12:04:43,510 - utils_portfolio - INFO - Processing symbol - PGR
2025-01-06 12:04:43,707 - utils_portfolio - INFO - Processing symbol - PLUG
2025-01-06 12:04:43,919 - utils_portfolio - INFO - Processing symbol - PR
2025-01-06 12:04:44,124 - utils_portfolio - INFO - Processing symbol - RIG
2025-01-06 12:04:44,322 - utils_portfolio - INFO - Processing symbol - RIOT
2025-01-06 12:04:44,533 - utils_portfolio - INFO - Processing symbol - RTX
2025-01-06 12:04:44,685 - utils_portfolio - INFO - Processing symbol - SBUX
2025-01-06 12:04:44,842 - utils_portfolio - INFO - Processing symbol - SCHW
2025-01-06 12:04:45,045 - utils_portfolio - INFO - Processing symbol - SLB
2025-01-06 12:04:45,249 - utils_portfolio - INFO - Processing symbol - SLV
2025-01-06 12:04:45,455 - utils_portfolio - INFO - Processing symbol - SMH
2025-01-06 12:04:45,578 - utils_portfolio - INFO - Processing symbol - SOXS
2025-01-06 12:04:45,759 - utils_portfolio - INFO - Processing symbol - SPXL
2025-01-06 12:04:45,966 - utils_portfolio - INFO - Processing symbol - SQ
2025-01-06 12:04:46,172 - utils_portfolio - INFO - Processing symbol - TMF
2025-01-06 12:04:46,371 - utils_portfolio - INFO - Processing symbol - TNA
2025-01-06 12:04:46,582 - utils_portfolio - INFO - Processing symbol - TQQQ
2025-01-06 12:04:46,785 - utils_portfolio - INFO - Processing symbol - TSLA
2025-01-06 12:04:46,991 - utils_portfolio - INFO - Processing symbol - TSM
2025-01-06 12:04:47,195 - utils_portfolio - INFO - Processing symbol - TXN
2025-01-06 12:04:50,438 - utils_portfolio - INFO - Processing symbol - UAL
2025-01-06 12:04:50,574 - utils_portfolio - INFO - Processing symbol - UNH
2025-01-06 12:04:50,782 - utils_portfolio - INFO - Processing symbol - UPRO
2025-01-06 12:04:50,989 - utils_portfolio - INFO - Processing symbol - UPS
2025-01-06 12:04:51,189 - utils_portfolio - INFO - Processing symbol - USB
2025-01-06 12:04:51,386 - utils_portfolio - INFO - Processing symbol - VALE
2025-01-06 12:04:51,599 - utils_portfolio - INFO - Processing symbol - VFC
2025-01-06 12:04:51,803 - utils_portfolio - INFO - Processing symbol - VICI
2025-01-06 12:04:52,009 - utils_portfolio - INFO - Processing symbol - VIXY
2025-01-06 12:04:52,212 - utils_portfolio - INFO - Processing symbol - VNQ
2025-01-06 12:04:52,412 - utils_portfolio - INFO - Processing symbol - VOO
2025-01-06 12:04:52,617 - utils_portfolio - INFO - Processing symbol - WBD
2025-01-06 12:04:52,739 - utils_portfolio - INFO - Processing symbol - WDC
2025-01-06 12:04:52,864 - utils_portfolio - INFO - Processing symbol - XBI
2025-01-06 12:04:52,984 - utils_portfolio - INFO - Processing symbol - XLB
2025-01-06 12:04:53,134 - utils_portfolio - INFO - Processing symbol - XLE
2025-01-06 12:04:53,335 - utils_portfolio - INFO - Processing symbol - XLI
2025-01-06 12:04:53,544 - utils_portfolio - INFO - Processing symbol - XLK
2025-01-06 12:04:53,749 - utils_portfolio - INFO - Processing symbol - XLP
2025-01-06 12:04:53,954 - utils_portfolio - INFO - Processing symbol - XLV
2025-01-06 12:04:54,158 - utils_portfolio - INFO - Processing symbol - XLY
2025-01-06 12:04:54,358 - utils_portfolio - INFO - Processing symbol - XOP
2025-01-06 12:04:54,496 - utils_portfolio - INFO - Calculating open trades stats
2025-01-06 12:04:54,498 - utils_portfolio - INFO - Processing symbol - ACB
2025-01-06 12:04:55,073 - utils_portfolio - INFO - Processing symbol - ACN
2025-01-06 12:04:55,278 - utils_portfolio - INFO - Processing symbol - ADBE
2025-01-06 12:04:55,482 - utils_portfolio - INFO - Processing symbol - ALB
2025-01-06 12:04:55,687 - utils_portfolio - INFO - Processing symbol - AMAT
2025-01-06 12:04:55,891 - utils_portfolio - INFO - Processing symbol - AMD
2025-01-06 12:04:56,097 - utils_portfolio - INFO - Processing symbol - AMT
2025-01-06 12:04:56,302 - utils_portfolio - INFO - Processing symbol - AMZN
2025-01-06 12:04:59,580 - utils_portfolio - INFO - Processing symbol - ANET
2025-01-06 12:04:59,784 - utils_portfolio - INFO - Processing symbol - ARKK
2025-01-06 12:04:59,988 - utils_portfolio - INFO - Processing symbol - AVGO
2025-01-06 12:05:00,193 - utils_portfolio - INFO - Processing symbol - BA
2025-01-06 12:05:00,396 - utils_portfolio - INFO - Processing symbol - BABA
2025-01-06 12:05:00,524 - utils_portfolio - INFO - Processing symbol - BMY
2025-01-06 12:05:00,640 - utils_portfolio - INFO - Processing symbol - BSX
2025-01-06 12:05:00,754 - utils_portfolio - INFO - Processing symbol - CMCSA
2025-01-06 12:05:00,867 - utils_portfolio - INFO - Processing symbol - COP
2025-01-06 12:05:00,978 - utils_portfolio - INFO - Processing symbol - CSX
2025-01-06 12:05:01,091 - utils_portfolio - INFO - Processing symbol - CVNA
2025-01-06 12:05:01,206 - utils_portfolio - INFO - Processing symbol - CVX
2025-01-06 12:05:01,420 - utils_portfolio - INFO - Processing symbol - DAL
2025-01-06 12:05:01,626 - utils_portfolio - INFO - Processing symbol - DELL
2025-01-06 12:05:01,740 - utils_portfolio - INFO - Processing symbol - ENPH
2025-01-06 12:05:01,861 - utils_portfolio - INFO - Processing symbol - ETN
2025-01-06 12:05:02,036 - utils_portfolio - INFO - Processing symbol - F
2025-01-06 12:05:02,239 - utils_portfolio - INFO - Processing symbol - FXI
2025-01-06 12:05:02,355 - utils_portfolio - INFO - Processing symbol - GBTC
2025-01-06 12:05:02,470 - utils_portfolio - INFO - Processing symbol - GDX
2025-01-06 12:05:05,895 - utils_portfolio - INFO - Processing symbol - GDXJ
2025-01-06 12:05:06,143 - utils_portfolio - INFO - Processing symbol - GE
2025-01-06 12:05:06,260 - utils_portfolio - INFO - Processing symbol - GLD
2025-01-06 12:05:06,438 - utils_portfolio - INFO - Processing symbol - GM
2025-01-06 12:05:06,644 - utils_portfolio - INFO - Processing symbol - GOOG
2025-01-06 12:05:06,849 - utils_portfolio - INFO - Processing symbol - HAL
2025-01-06 12:05:07,054 - utils_portfolio - INFO - Processing symbol - HBAN
2025-01-06 12:05:07,258 - utils_portfolio - INFO - Processing symbol - HPQ
2025-01-06 12:05:07,461 - utils_portfolio - INFO - Processing symbol - HYG
2025-01-06 12:05:07,668 - utils_portfolio - INFO - Processing symbol - INTC
2025-01-06 12:05:07,780 - utils_portfolio - INFO - Processing symbol - IP
2025-01-06 12:05:07,895 - utils_portfolio - INFO - Processing symbol - JNJ
2025-01-06 12:05:08,008 - utils_portfolio - INFO - Processing symbol - KEY
2025-01-06 12:05:08,118 - utils_portfolio - INFO - Processing symbol - KMI
2025-01-06 12:05:08,282 - utils_portfolio - INFO - Processing symbol - KMX
2025-01-06 12:05:08,486 - utils_portfolio - INFO - Processing symbol - LOW
2025-01-06 12:05:08,692 - utils_portfolio - INFO - Processing symbol - LUV
2025-01-06 12:05:08,896 - utils_portfolio - INFO - Processing symbol - MCD
2025-01-06 12:05:09,102 - utils_portfolio - INFO - Processing symbol - MDLZ
2025-01-06 12:05:09,306 - utils_portfolio - INFO - Processing symbol - MDT
2025-01-06 12:05:09,510 - utils_portfolio - INFO - Processing symbol - META
2025-01-06 12:05:09,716 - utils_portfolio - INFO - Processing symbol - MMM
2025-01-06 12:05:09,922 - utils_portfolio - INFO - Processing symbol - MRIN
2025-01-06 12:05:10,126 - utils_portfolio - INFO - Processing symbol - MRO
2025-01-06 12:05:10,242 - utils_portfolio - INFO - Processing symbol - MRVL
2025-01-06 12:05:13,711 - utils_portfolio - INFO - Processing symbol - MSTR
2025-01-06 12:05:13,915 - utils_portfolio - INFO - Processing symbol - NCLH
2025-01-06 12:05:14,120 - utils_portfolio - INFO - Processing symbol - NEE
2025-01-06 12:05:14,304 - utils_portfolio - INFO - Processing symbol - NEM
2025-01-06 12:05:14,527 - utils_portfolio - INFO - Processing symbol - NXPL
2025-01-06 12:05:14,642 - utils_portfolio - INFO - Processing symbol - ON
2025-01-06 12:05:14,754 - utils_portfolio - INFO - Processing symbol - ORCL
2025-01-06 12:05:14,868 - utils_portfolio - INFO - Processing symbol - OXY
2025-01-06 12:05:15,041 - utils_portfolio - INFO - Processing symbol - PAAS
2025-01-06 12:05:15,245 - utils_portfolio - INFO - Processing symbol - PANW
2025-01-06 12:05:15,451 - utils_portfolio - INFO - Processing symbol - PARA
2025-01-06 12:05:15,655 - utils_portfolio - INFO - Processing symbol - PLD
2025-01-06 12:05:15,770 - utils_portfolio - INFO - Processing symbol - PM
2025-01-06 12:05:15,962 - utils_portfolio - INFO - Processing symbol - PYPL
2025-01-06 12:05:16,167 - utils_portfolio - INFO - Processing symbol - QCOM
2025-01-06 12:05:16,371 - utils_portfolio - INFO - Processing symbol - QLD
2025-01-06 12:05:16,576 - utils_portfolio - INFO - Processing symbol - QQQ
2025-01-06 12:05:16,719 - utils_portfolio - INFO - Processing symbol - RSP
2025-01-06 12:05:16,832 - utils_portfolio - INFO - Processing symbol - RUN
2025-01-06 12:05:17,206 - utils_portfolio - INFO - Processing symbol - SCHD
2025-01-06 12:05:17,396 - utils_portfolio - INFO - Processing symbol - SHEL
2025-01-06 12:05:17,513 - utils_portfolio - INFO - Processing symbol - SHOP
2025-01-06 12:05:17,626 - utils_portfolio - INFO - Processing symbol - SIRI
2025-01-06 12:05:20,877 - utils_portfolio - INFO - Processing symbol - SMCI
2025-01-06 12:05:21,083 - utils_portfolio - INFO - Processing symbol - SNAP
2025-01-06 12:05:21,288 - utils_portfolio - INFO - Processing symbol - SOXL
2025-01-06 12:05:21,492 - utils_portfolio - INFO - Processing symbol - SPY
2025-01-06 12:05:21,696 - utils_portfolio - INFO - Processing symbol - SQQQ
2025-01-06 12:05:21,901 - utils_portfolio - INFO - Processing symbol - T
2025-01-06 12:05:22,019 - utils_portfolio - INFO - Processing symbol - TFC
2025-01-06 12:05:22,136 - utils_portfolio - INFO - Processing symbol - TJX
2025-01-06 12:05:22,311 - utils_portfolio - INFO - Processing symbol - TLT
2025-01-06 12:05:22,515 - utils_portfolio - INFO - Processing symbol - TMUS
2025-01-06 12:05:22,722 - utils_portfolio - INFO - Processing symbol - TZA
2025-01-06 12:05:22,838 - utils_portfolio - INFO - Processing symbol - UVXY
2025-01-06 12:05:22,952 - utils_portfolio - INFO - Processing symbol - V
2025-01-06 12:05:23,065 - utils_portfolio - INFO - Processing symbol - VST
2025-01-06 12:05:23,232 - utils_portfolio - INFO - Processing symbol - VTI
2025-01-06 12:05:23,438 - utils_portfolio - INFO - Processing symbol - VZ
2025-01-06 12:05:23,551 - utils_portfolio - INFO - Processing symbol - WBA
2025-01-06 12:05:23,664 - utils_portfolio - INFO - Processing symbol - WFC
2025-01-06 12:05:23,847 - utils_portfolio - INFO - Processing symbol - WMB
2025-01-06 12:05:24,052 - utils_portfolio - INFO - Processing symbol - WMT
2025-01-06 12:05:24,167 - utils_portfolio - INFO - Processing symbol - XLF
2025-01-06 12:05:24,359 - utils_portfolio - INFO - Processing symbol - XLU
2025-01-06 12:05:24,562 - utils_portfolio - INFO - Processing symbol - XOM
2025-01-06 12:05:24,769 - utils_portfolio - INFO - Processing symbol - ZTS
2025-01-06 12:05:28,148 - utils_portfolio - INFO - Processing symbol - AAL
2025-01-06 12:05:28,351 - utils_portfolio - INFO - Processing symbol - AAPL
2025-01-06 12:05:28,556 - utils_portfolio - INFO - Processing symbol - ABBV
2025-01-06 12:05:28,762 - utils_portfolio - INFO - Processing symbol - ABT
2025-01-06 12:05:28,967 - utils_portfolio - INFO - Processing symbol - ADI
2025-01-06 12:05:29,172 - utils_portfolio - INFO - Processing symbol - AMC
2025-01-06 12:05:29,377 - utils_portfolio - INFO - Processing symbol - APA
2025-01-06 12:05:29,580 - utils_portfolio - INFO - Processing symbol - APH
2025-01-06 12:05:29,787 - utils_portfolio - INFO - Processing symbol - AXP
2025-01-06 12:05:29,991 - utils_portfolio - INFO - Processing symbol - AZN
2025-01-06 12:05:30,195 - utils_portfolio - INFO - Processing symbol - BAC
2025-01-06 12:05:30,312 - utils_portfolio - INFO - Processing symbol - BP
2025-01-06 12:05:30,427 - utils_portfolio - INFO - Processing symbol - BX
2025-01-06 12:05:30,671 - utils_portfolio - INFO - Processing symbol - C
2025-01-06 12:05:30,809 - utils_portfolio - INFO - Processing symbol - CAG
2025-01-06 12:05:31,016 - utils_portfolio - INFO - Processing symbol - CAT
2025-01-06 12:05:31,220 - utils_portfolio - INFO - Processing symbol - CCJ
2025-01-06 12:05:31,349 - utils_portfolio - INFO - Processing symbol - CCL
2025-01-06 12:05:31,528 - utils_portfolio - INFO - Processing symbol - CGC
2025-01-06 12:05:31,732 - utils_portfolio - INFO - Processing symbol - CLF
2025-01-06 12:05:31,936 - utils_portfolio - INFO - Processing symbol - COST
2025-01-06 12:05:32,142 - utils_portfolio - INFO - Processing symbol - CRM
2025-01-06 12:05:32,346 - utils_portfolio - INFO - Processing symbol - CSCO
2025-01-06 12:05:32,461 - utils_portfolio - INFO - Processing symbol - CVS
2025-01-06 12:05:32,577 - utils_portfolio - INFO - Processing symbol - DIA
2025-01-06 12:05:32,690 - utils_portfolio - INFO - Processing symbol - DIS
2025-01-06 12:05:35,973 - utils_portfolio - INFO - Processing symbol - DVN
2025-01-06 12:05:36,136 - utils_portfolio - INFO - Processing symbol - EBAY
2025-01-06 12:05:36,340 - utils_portfolio - INFO - Processing symbol - EOG
2025-01-06 12:05:36,545 - utils_portfolio - INFO - Processing symbol - EQT
2025-01-06 12:05:36,659 - utils_portfolio - INFO - Processing symbol - EWZ
2025-01-06 12:05:36,772 - utils_portfolio - INFO - Processing symbol - FAST
2025-01-06 12:05:36,954 - utils_portfolio - INFO - Processing symbol - FCX
2025-01-06 12:05:37,159 - utils_portfolio - INFO - Processing symbol - FTNT
2025-01-06 12:05:37,275 - utils_portfolio - INFO - Processing symbol - GFI
2025-01-06 12:05:37,673 - utils_portfolio - INFO - Processing symbol - GILD
2025-01-06 12:05:37,839 - utils_portfolio - INFO - Processing symbol - GL
2025-01-06 12:05:37,950 - utils_portfolio - INFO - Processing symbol - GOLD
2025-01-06 12:05:38,062 - utils_portfolio - INFO - Processing symbol - GOOGL
2025-01-06 12:05:38,176 - utils_portfolio - INFO - Processing symbol - HD
2025-01-06 12:05:38,386 - utils_portfolio - INFO - Processing symbol - HPE
2025-01-06 12:05:38,593 - utils_portfolio - INFO - Processing symbol - IBM
2025-01-06 12:05:38,797 - utils_portfolio - INFO - Processing symbol - IVV
2025-01-06 12:05:39,003 - utils_portfolio - INFO - Processing symbol - IWM
2025-01-06 12:05:39,218 - utils_portfolio - INFO - Processing symbol - IYR
2025-01-06 12:05:39,412 - utils_portfolio - INFO - Processing symbol - JD
2025-01-06 12:05:39,615 - utils_portfolio - INFO - Processing symbol - JPM
2025-01-06 12:05:39,821 - utils_portfolio - INFO - Processing symbol - KHC
2025-01-06 12:05:40,026 - utils_portfolio - INFO - Processing symbol - KO
2025-01-06 12:05:43,351 - utils_portfolio - INFO - Processing symbol - KR
2025-01-06 12:05:43,466 - utils_portfolio - INFO - Processing symbol - KRE
2025-01-06 12:05:43,610 - utils_portfolio - INFO - Processing symbol - KSS
2025-01-06 12:05:43,813 - utils_portfolio - INFO - Processing symbol - LABU
2025-01-06 12:05:44,020 - utils_portfolio - INFO - Processing symbol - LLY
2025-01-06 12:05:44,225 - utils_portfolio - INFO - Processing symbol - LQD
2025-01-06 12:05:44,429 - utils_portfolio - INFO - Processing symbol - LULU
2025-01-06 12:05:44,634 - utils_portfolio - INFO - Processing symbol - LW
2025-01-06 12:05:44,748 - utils_portfolio - INFO - Processing symbol - MA
2025-01-06 12:05:44,861 - utils_portfolio - INFO - Processing symbol - MARA
2025-01-06 12:05:44,975 - utils_portfolio - INFO - Processing symbol - MCHP
2025-01-06 12:05:45,091 - utils_portfolio - INFO - Processing symbol - MNST
2025-01-06 12:05:45,249 - utils_portfolio - INFO - Processing symbol - MO
2025-01-06 12:05:45,453 - utils_portfolio - INFO - Processing symbol - MPC
2025-01-06 12:05:45,656 - utils_portfolio - INFO - Processing symbol - MRK
2025-01-06 12:05:45,837 - utils_portfolio - INFO - Processing symbol - MS
2025-01-06 12:05:45,966 - utils_portfolio - INFO - Processing symbol - MSFT
2025-01-06 12:05:46,170 - utils_portfolio - INFO - Processing symbol - MU
2025-01-06 12:05:46,375 - utils_portfolio - INFO - Processing symbol - NFLX
2025-01-06 12:05:46,579 - utils_portfolio - INFO - Processing symbol - NKE
2025-01-06 12:05:46,783 - utils_portfolio - INFO - Processing symbol - NVDA
2025-01-06 12:05:46,988 - utils_portfolio - INFO - Processing symbol - NVO
2025-01-06 12:05:47,193 - utils_portfolio - INFO - Processing symbol - O
2025-01-06 12:05:47,398 - utils_portfolio - INFO - Processing symbol - PBR
2025-01-06 12:05:47,510 - utils_portfolio - INFO - Processing symbol - PEP
2025-01-06 12:05:50,776 - utils_portfolio - INFO - Processing symbol - PFE
2025-01-06 12:05:50,965 - utils_portfolio - INFO - Processing symbol - PG
2025-01-06 12:05:51,189 - utils_portfolio - INFO - Processing symbol - PGR
2025-01-06 12:05:51,304 - utils_portfolio - INFO - Processing symbol - PLUG
2025-01-06 12:05:51,495 - utils_portfolio - INFO - Processing symbol - PR
2025-01-06 12:05:51,698 - utils_portfolio - INFO - Processing symbol - RIG
2025-01-06 12:05:51,905 - utils_portfolio - INFO - Processing symbol - RIOT
2025-01-06 12:05:52,020 - utils_portfolio - INFO - Processing symbol - RTX
2025-01-06 12:05:52,213 - utils_portfolio - INFO - Processing symbol - SBUX
2025-01-06 12:05:52,418 - utils_portfolio - INFO - Processing symbol - SCHW
2025-01-06 12:05:52,621 - utils_portfolio - INFO - Processing symbol - SLB
2025-01-06 12:05:52,826 - utils_portfolio - INFO - Processing symbol - SLV
2025-01-06 12:05:53,030 - utils_portfolio - INFO - Processing symbol - SMH
2025-01-06 12:05:53,143 - utils_portfolio - INFO - Processing symbol - SOXS
2025-01-06 12:05:53,338 - utils_portfolio - INFO - Processing symbol - SPXL
2025-01-06 12:05:53,451 - utils_portfolio - INFO - Processing symbol - SQ
2025-01-06 12:05:53,644 - utils_portfolio - INFO - Processing symbol - TMF
2025-01-06 12:05:53,852 - utils_portfolio - INFO - Processing symbol - TNA
2025-01-06 12:05:54,055 - utils_portfolio - INFO - Processing symbol - TQQQ
2025-01-06 12:05:54,260 - utils_portfolio - INFO - Processing symbol - TSLA
2025-01-06 12:05:54,463 - utils_portfolio - INFO - Processing symbol - TSM
2025-01-06 12:05:54,669 - utils_portfolio - INFO - Processing symbol - TXN
2025-01-06 12:05:54,873 - utils_portfolio - INFO - Processing symbol - UAL
2025-01-06 12:05:55,080 - utils_portfolio - INFO - Processing symbol - UNH
2025-01-06 12:05:55,284 - utils_portfolio - INFO - Processing symbol - UPRO
2025-01-06 12:05:55,400 - utils_portfolio - INFO - Processing symbol - UPS
2025-01-06 12:05:55,516 - utils_portfolio - INFO - Processing symbol - USB
2025-01-06 12:05:58,867 - utils_portfolio - INFO - Processing symbol - VALE
2025-01-06 12:05:59,073 - utils_portfolio - INFO - Processing symbol - VFC
2025-01-06 12:05:59,277 - utils_portfolio - INFO - Processing symbol - VICI
2025-01-06 12:05:59,481 - utils_portfolio - INFO - Processing symbol - VIXY
2025-01-06 12:05:59,687 - utils_portfolio - INFO - Processing symbol - VNQ
2025-01-06 12:05:59,891 - utils_portfolio - INFO - Processing symbol - VOO
2025-01-06 12:06:00,096 - utils_portfolio - INFO - Processing symbol - WBD
2025-01-06 12:06:00,301 - utils_portfolio - INFO - Processing symbol - WDC
2025-01-06 12:06:00,506 - utils_portfolio - INFO - Processing symbol - XBI
2025-01-06 12:06:00,711 - utils_portfolio - INFO - Processing symbol - XLB
2025-01-06 12:06:00,915 - utils_portfolio - INFO - Processing symbol - XLE
2025-01-06 12:06:01,121 - utils_portfolio - INFO - Processing symbol - XLI
2025-01-06 12:06:01,325 - utils_portfolio - INFO - Processing symbol - XLK
2025-01-06 12:06:01,530 - utils_portfolio - INFO - Processing symbol - XLP
2025-01-06 12:06:01,734 - utils_portfolio - INFO - Processing symbol - XLV
2025-01-06 12:06:01,846 - utils_portfolio - INFO - Processing symbol - XLY
2025-01-06 12:06:02,042 - utils_portfolio - INFO - Processing symbol - XOP
2025-01-06 12:06:02,321 - root - INFO - XXXXXXXXXXXXXXXXXXXX --- Everything DONE --- XXXXXXXXXXXXXXXXXXXX
