2024-05-01 21:43:55,682 - root - INFO - Logger is setup
2024-05-01 21:43:55,725 - utils_portfolio - INFO - Updating info of portfolio - p1
2024-05-01 21:43:55,796 - utils_portfolio - INFO - Updating state of portfolio - p1
2024-05-01 21:43:55,796 - utils_portfolio - INFO - Calculating closed trades stats
2024-05-01 21:43:58,364 - utils_portfolio - INFO - Calculating open trades stats
2024-05-01 21:44:00,518 - utils_portfolio - INFO - Calculating symbols weights
2024-05-01 21:44:00,519 - root - INFO - Portfolio p1 symbols weights - {'PLTR': 0.09090909090909091, 'BTC/USD': 0.09090909090909091, 'AAL': 0.09090909090909091, 'VRT': 0.09090909090909091, 'GBTC': 0.09090909090909091, 'DELL': 0.09090909090909091, 'GM': 0.09090909090909091, 'IYR': 0.09090909090909091, 'DKNG': 0.09090909090909091, 'EBAY': 0.09090909090909091, 'CRWD': 0.09090909090909091}
2024-05-01 21:44:00,519 - utils_strategy - INFO - PLTR - downloading data from alpaca - stock client
2024-05-01 21:44:01,268 - utils_portfolio - INFO - Checking if we have correct date
2024-05-01 21:44:01,269 - utils_portfolio - INFO - PLTR - running symbols strategy to get entries and exits
2024-05-01 21:44:01,281 - utils_portfolio - INFO - Evaluating symbol if to open, close, or no change
2024-05-01 21:44:10,183 - utils_strategy - INFO - BTC/USD - downloading data from alpaca - stock client
2024-05-01 21:44:10,741 - utils_strategy - INFO - BTC/USD - downloading data from alpaca - crypto client
2024-05-01 21:44:12,023 - utils_portfolio - INFO - Checking if we have correct date
2024-05-01 21:44:12,023 - utils_portfolio - INFO - BTC/USD - running symbols strategy to get entries and exits
2024-05-01 21:44:12,047 - utils_portfolio - INFO - Evaluating symbol if to open, close, or no change
2024-05-01 21:44:15,683 - utils_strategy - INFO - AAL - downloading data from alpaca - stock client
2024-05-01 21:44:16,955 - utils_portfolio - INFO - Checking if we have correct date
2024-05-01 21:44:16,955 - utils_portfolio - INFO - AAL - running symbols strategy to get entries and exits
2024-05-01 21:44:16,972 - utils_portfolio - INFO - Evaluating symbol if to open, close, or no change
2024-05-01 21:44:19,300 - utils_strategy - INFO - VRT - downloading data from alpaca - stock client
2024-05-01 21:44:20,228 - utils_portfolio - INFO - Checking if we have correct date
2024-05-01 21:44:20,229 - utils_portfolio - INFO - VRT - running symbols strategy to get entries and exits
2024-05-01 21:44:20,243 - utils_portfolio - INFO - Evaluating symbol if to open, close, or no change
