2024-07-15 14:14:41,064 - root - INFO - Logger is setup
2024-07-15 14:14:41,108 - utils_portfolio - INFO - Updating whole portfolio state
2024-07-15 14:14:42,261 - utils_portfolio - INFO - Calculating open trades stats
2024-07-15 14:14:42,262 - utils_portfolio - INFO - Processing symbol - PLTR
2024-07-15 14:14:42,840 - utils_portfolio - INFO - Processing symbol - BTC/USD
2024-07-15 14:14:43,199 - utils_portfolio - INFO - Processing symbol - AAL
2024-07-15 14:14:43,388 - utils_portfolio - INFO - Processing symbol - VRT
2024-07-15 14:14:43,803 - utils_portfolio - INFO - Processing symbol - GBTC
2024-07-15 14:14:43,985 - utils_portfolio - INFO - Processing symbol - DELL
2024-07-15 14:14:44,159 - utils_portfolio - INFO - Processing symbol - GM
2024-07-15 14:14:44,273 - utils_portfolio - INFO - Processing symbol - IYR
2024-07-15 14:14:44,506 - utils_portfolio - INFO - Processing symbol - DKNG
2024-07-15 14:14:44,721 - utils_portfolio - INFO - Processing symbol - EBAY
2024-07-15 14:14:44,924 - utils_portfolio - INFO - Processing symbol - CRWD
2024-07-15 14:14:45,042 - utils_portfolio - INFO - Processing symbol - AAPL
2024-07-15 14:14:45,338 - utils_portfolio - INFO - Processing symbol - GOOGL
2024-07-15 14:14:45,751 - utils_portfolio - INFO - Processing symbol - META
2024-07-15 14:14:45,950 - utils_portfolio - INFO - Processing symbol - MRVL
2024-07-15 14:14:46,196 - utils_portfolio - INFO - Processing symbol - MSTR
2024-07-15 14:14:46,310 - utils_portfolio - INFO - Processing symbol - SCHD
2024-07-15 14:14:46,676 - utils_portfolio - INFO - Processing symbol - BITO
2024-07-15 14:14:46,872 - utils_portfolio - INFO - Processing symbol - AVGO
2024-07-15 14:14:47,287 - utils_portfolio - INFO - Processing symbol - SOUN
2024-07-15 14:14:47,598 - utils_portfolio - INFO - Processing symbol - TSLA
2024-07-15 14:14:48,107 - utils_portfolio - INFO - Processing symbol - NVDA
2024-07-15 14:14:48,520 - utils_portfolio - INFO - Processing symbol - AMD
2024-07-15 14:14:48,925 - utils_portfolio - INFO - Processing symbol - QQQ
2024-07-15 14:14:49,155 - utils_portfolio - INFO - Processing symbol - AMZN
2024-07-15 14:14:49,442 - utils_portfolio - INFO - Processing symbol - TQQQ
2024-07-15 14:14:49,857 - utils_portfolio - INFO - Processing symbol - VOO
2024-07-15 14:14:50,261 - utils_portfolio - INFO - Processing symbol - BABA
2024-07-15 14:14:50,670 - utils_portfolio - INFO - Processing symbol - BA
2024-07-15 14:14:51,082 - utils_portfolio - INFO - Processing symbol - XLI
2024-07-15 14:14:51,490 - utils_portfolio - INFO - Processing symbol - RIOT
2024-07-15 14:14:51,688 - utils_portfolio - INFO - Processing symbol - NEE
2024-07-15 14:14:52,107 - utils_portfolio - INFO - Processing symbol - SLV
2024-07-15 14:14:52,513 - utils_portfolio - INFO - Processing symbol - SHOP
2024-07-15 14:14:52,757 - utils_portfolio - INFO - Processing symbol - FAST
2024-07-15 14:14:53,026 - utils_portfolio - INFO - Processing symbol - SPXL
2024-07-15 14:14:53,433 - utils_portfolio - INFO - Processing symbol - VALE
2024-07-15 14:14:53,845 - utils_portfolio - INFO - Processing symbol - SNAP
2024-07-15 14:14:54,037 - utils_portfolio - INFO - Processing symbol - WDC
2024-07-15 14:14:54,463 - utils_portfolio - INFO - Processing symbol - MO
2024-07-15 14:14:54,864 - utils_portfolio - INFO - Processing symbol - PM
2024-07-15 14:14:55,279 - utils_portfolio - INFO - Processing symbol - SQ
2024-07-15 14:14:55,474 - utils_portfolio - INFO - Processing symbol - PDD
2024-07-15 14:14:55,895 - utils_portfolio - INFO - Processing symbol - ABBV
2024-07-15 14:14:56,182 - utils_portfolio - INFO - Processing symbol - ON
2024-07-15 14:14:56,422 - utils_portfolio - INFO - Processing symbol - UPRO
2024-07-15 14:14:56,815 - utils_portfolio - INFO - Processing symbol - TSLL
2024-07-15 14:14:56,934 - utils_portfolio - INFO - Processing symbol - PBR
2024-07-15 14:14:57,325 - utils_portfolio - INFO - Processing symbol - MP
2024-07-15 14:14:57,635 - utils_portfolio - INFO - Processing symbol - U
2024-07-15 14:14:57,833 - utils_portfolio - INFO - Calculating closed trades stats
2024-07-15 14:15:07,741 - utils_portfolio - INFO - Updating info of portfolio - p1
2024-07-15 14:15:07,814 - utils_portfolio - INFO - Calculating symbols weights
2024-07-15 14:15:07,814 - root - INFO - Portfolio p1 symbols weights - {'PLTR': 0.09090909090909091, 'BTC/USD': 0.09090909090909091, 'AAL': 0.09090909090909091, 'VRT': 0.09090909090909091, 'GBTC': 0.09090909090909091, 'DELL': 0.09090909090909091, 'GM': 0.09090909090909091, 'IYR': 0.09090909090909091, 'DKNG': 0.09090909090909091, 'EBAY': 0.09090909090909091, 'CRWD': 0.09090909090909091}
2024-07-15 14:15:07,815 - utils_strategy - INFO - PLTR - downloading data from alpaca
2024-07-15 14:15:08,712 - utils_portfolio - INFO - Checking if we have correct date
2024-07-15 14:15:08,712 - utils_portfolio - INFO - PLTR - running symbols strategy to get entries and exits
2024-07-15 14:15:08,727 - utils_portfolio - INFO - Evaluating symbol if to open, close, or no change
2024-07-15 14:15:13,624 - utils_strategy - INFO - BTC/USD - downloading data from alpaca
2024-07-15 14:15:14,884 - utils_portfolio - INFO - Checking if we have correct date
2024-07-15 14:15:14,884 - utils_portfolio - INFO - BTC/USD - running symbols strategy to get entries and exits
2024-07-15 14:15:14,899 - utils_portfolio - INFO - Evaluating symbol if to open, close, or no change
2024-07-15 14:15:14,931 - utils_strategy - INFO - AAL - downloading data from alpaca
2024-07-15 14:15:16,247 - utils_portfolio - INFO - Checking if we have correct date
2024-07-15 14:15:16,247 - utils_portfolio - INFO - AAL - running symbols strategy to get entries and exits
2024-07-15 14:15:16,264 - utils_portfolio - INFO - Evaluating symbol if to open, close, or no change
2024-07-15 14:15:16,300 - utils_strategy - INFO - VRT - downloading data from alpaca
2024-07-15 14:15:17,240 - utils_portfolio - INFO - Checking if we have correct date
2024-07-15 14:15:17,240 - utils_portfolio - INFO - VRT - running symbols strategy to get entries and exits
2024-07-15 14:15:17,257 - utils_portfolio - INFO - Evaluating symbol if to open, close, or no change
2024-07-15 14:15:17,290 - utils_strategy - INFO - GBTC - downloading data from alpaca
2024-07-15 14:15:17,708 - utils_portfolio - INFO - Checking if we have correct date
2024-07-15 14:15:17,708 - utils_portfolio - INFO - GBTC - running symbols strategy to get entries and exits
2024-07-15 14:15:17,730 - utils_portfolio - INFO - Evaluating symbol if to open, close, or no change
2024-07-15 14:15:17,757 - utils_strategy - INFO - DELL - downloading data from alpaca
2024-07-15 14:15:18,544 - utils_portfolio - INFO - Checking if we have correct date
2024-07-15 14:15:18,545 - utils_portfolio - INFO - DELL - running symbols strategy to get entries and exits
2024-07-15 14:15:18,558 - utils_portfolio - INFO - Evaluating symbol if to open, close, or no change
2024-07-15 14:15:18,589 - utils_strategy - INFO - GM - downloading data from alpaca
2024-07-15 14:15:19,651 - utils_portfolio - INFO - Checking if we have correct date
2024-07-15 14:15:19,651 - utils_portfolio - INFO - GM - running symbols strategy to get entries and exits
2024-07-15 14:15:19,668 - utils_portfolio - INFO - Evaluating symbol if to open, close, or no change
2024-07-15 14:15:19,702 - utils_strategy - INFO - IYR - downloading data from alpaca
2024-07-15 14:15:21,038 - utils_portfolio - INFO - Checking if we have correct date
2024-07-15 14:15:21,038 - utils_portfolio - INFO - IYR - running symbols strategy to get entries and exits
2024-07-15 14:15:21,054 - utils_portfolio - INFO - Evaluating symbol if to open, close, or no change
2024-07-15 14:15:21,087 - utils_strategy - INFO - DKNG - downloading data from alpaca
2024-07-15 14:15:22,051 - utils_portfolio - INFO - Checking if we have correct date
2024-07-15 14:15:22,051 - utils_portfolio - INFO - DKNG - running symbols strategy to get entries and exits
2024-07-15 14:15:22,064 - utils_portfolio - INFO - Evaluating symbol if to open, close, or no change
2024-07-15 14:15:22,096 - utils_strategy - INFO - EBAY - downloading data from alpaca
2024-07-15 14:15:23,293 - utils_portfolio - INFO - Checking if we have correct date
2024-07-15 14:15:23,293 - utils_portfolio - INFO - EBAY - running symbols strategy to get entries and exits
2024-07-15 14:15:23,312 - utils_portfolio - INFO - Evaluating symbol if to open, close, or no change
2024-07-15 14:15:23,345 - utils_strategy - INFO - CRWD - downloading data from alpaca
2024-07-15 14:15:24,302 - utils_portfolio - INFO - Checking if we have correct date
2024-07-15 14:15:24,303 - utils_portfolio - INFO - CRWD - running symbols strategy to get entries and exits
2024-07-15 14:15:24,315 - utils_portfolio - INFO - Evaluating symbol if to open, close, or no change
2024-07-15 14:15:24,350 - root - INFO - Portfolio p1 symbols actions - {'PLTR': 'no_change', 'BTCUSD': 'open', 'AAL': 'no_change', 'VRT': 'close', 'GBTC': 'no_change', 'DELL': 'no_change', 'GM': 'open', 'IYR': 'no_change', 'DKNG': 'open', 'EBAY': 'open', 'CRWD': 'no_change'}
2024-07-15 14:15:24,350 - utils_portfolio - INFO - Updating state of portfolio - p1
2024-07-15 14:15:24,350 - utils_portfolio - INFO - Calculating closed trades stats
2024-07-15 14:15:26,742 - utils_portfolio - INFO - Calculating open trades stats
2024-07-15 14:15:26,742 - utils_portfolio - INFO - Processing symbol - PLTR
2024-07-15 14:15:27,433 - utils_portfolio - INFO - Processing symbol - BTC/USD
2024-07-15 14:15:27,740 - utils_portfolio - INFO - Processing symbol - AAL
2024-07-15 14:15:27,933 - utils_portfolio - INFO - Processing symbol - VRT
2024-07-15 14:15:28,351 - utils_portfolio - INFO - Processing symbol - GBTC
2024-07-15 14:15:28,548 - utils_portfolio - INFO - Processing symbol - DELL
2024-07-15 14:15:28,752 - utils_portfolio - INFO - Processing symbol - GM
2024-07-15 14:15:28,957 - utils_portfolio - INFO - Processing symbol - IYR
2024-07-15 14:15:29,286 - utils_portfolio - INFO - Processing symbol - DKNG
2024-07-15 14:15:29,401 - utils_portfolio - INFO - Processing symbol - EBAY
2024-07-15 14:15:29,516 - utils_portfolio - INFO - Processing symbol - CRWD
2024-07-15 14:15:29,748 - utils_portfolio - INFO - Portfolio p1 - calculating position sizes
2024-07-15 14:15:29,765 - root - INFO - Portfolio p1 position sizes - symbol
PLTR      457.85
BTCUSD    457.85
AAL       457.85
VRT       457.85
GBTC      457.85
DELL      457.85
GM        457.85
IYR       457.85
DKNG      457.85
EBAY      457.85
CRWD      457.85
Name: position, dtype: float64
2024-07-15 14:15:29,765 - root - INFO - XXXXXXXXXXXXXXXXXXXX --- Portfolio p1 - DONE --- XXXXXXXXXXXXXXXXXXXX
2024-07-15 14:15:29,765 - utils_portfolio - INFO - Updating info of portfolio - p2
2024-07-15 14:15:29,826 - utils_portfolio - INFO - Calculating symbols weights
2024-07-15 14:15:29,826 - utils_portfolio - INFO - Calculating closed trades count
2024-07-15 14:15:31,836 - root - INFO - Portfolio p2 symbols weights - {'AAPL': 0.1111111111111111, 'GOOGL': 0.1111111111111111, 'META': 0.1111111111111111, 'MRVL': 0.1111111111111111, 'MSTR': 0.1111111111111111, 'SCHD': 0.1111111111111111, 'BITO': 0.1111111111111111, 'AVGO': 0.1111111111111111, 'SOUN': 0.1111111111111111}
2024-07-15 14:15:31,836 - utils_strategy - INFO - AAPL - downloading data from yfinance
2024-07-15 14:15:32,362 - utils_portfolio - INFO - Checking if we have correct date
2024-07-15 14:15:32,362 - utils_portfolio - INFO - AAPL - running symbols strategy to get entries and exits
2024-07-15 14:15:32,370 - utils_portfolio - INFO - Evaluating symbol if to open, close, or no change
2024-07-15 14:15:32,409 - utils_strategy - INFO - GOOGL - downloading data from yfinance
2024-07-15 14:15:32,613 - utils_portfolio - INFO - Checking if we have correct date
2024-07-15 14:15:32,613 - utils_portfolio - INFO - GOOGL - running symbols strategy to get entries and exits
2024-07-15 14:15:32,620 - utils_portfolio - INFO - Evaluating symbol if to open, close, or no change
2024-07-15 14:15:32,855 - utils_strategy - INFO - META - downloading data from yfinance
2024-07-15 14:15:33,057 - utils_portfolio - INFO - Checking if we have correct date
2024-07-15 14:15:33,057 - utils_portfolio - INFO - META - running symbols strategy to get entries and exits
2024-07-15 14:15:33,066 - utils_portfolio - INFO - Evaluating symbol if to open, close, or no change
2024-07-15 14:15:33,096 - utils_strategy - INFO - MRVL - downloading data from yfinance
2024-07-15 14:15:33,350 - utils_portfolio - INFO - Checking if we have correct date
2024-07-15 14:15:33,350 - utils_portfolio - INFO - MRVL - running symbols strategy to get entries and exits
2024-07-15 14:15:33,361 - utils_portfolio - INFO - Evaluating symbol if to open, close, or no change
2024-07-15 14:15:33,400 - utils_strategy - INFO - MSTR - downloading data from yfinance
2024-07-15 14:15:33,630 - utils_portfolio - INFO - Checking if we have correct date
2024-07-15 14:15:33,630 - utils_portfolio - INFO - MSTR - running symbols strategy to get entries and exits
2024-07-15 14:15:33,637 - utils_portfolio - INFO - Evaluating symbol if to open, close, or no change
2024-07-15 14:15:33,669 - utils_strategy - INFO - SCHD - downloading data from yfinance
2024-07-15 14:15:33,861 - utils_portfolio - INFO - Checking if we have correct date
2024-07-15 14:15:33,861 - utils_portfolio - INFO - SCHD - running symbols strategy to get entries and exits
2024-07-15 14:15:33,869 - utils_portfolio - INFO - Evaluating symbol if to open, close, or no change
2024-07-15 14:15:33,898 - utils_strategy - INFO - BITO - downloading data from yfinance
2024-07-15 14:15:33,998 - utils_portfolio - INFO - Checking if we have correct date
2024-07-15 14:15:33,998 - utils_portfolio - INFO - BITO - running symbols strategy to get entries and exits
2024-07-15 14:15:34,009 - utils_portfolio - INFO - Evaluating symbol if to open, close, or no change
2024-07-15 14:15:34,034 - utils_strategy - INFO - AVGO - downloading data from yfinance
2024-07-15 14:15:34,315 - utils_portfolio - INFO - Checking if we have correct date
2024-07-15 14:15:34,315 - utils_portfolio - INFO - AVGO - running symbols strategy to get entries and exits
2024-07-15 14:15:34,323 - utils_portfolio - INFO - Evaluating symbol if to open, close, or no change
2024-07-15 14:15:34,356 - utils_strategy - INFO - SOUN - downloading data from yfinance
2024-07-15 14:15:34,455 - utils_portfolio - INFO - Checking if we have correct date
2024-07-15 14:15:34,455 - utils_portfolio - INFO - SOUN - running symbols strategy to get entries and exits
2024-07-15 14:15:34,465 - utils_portfolio - INFO - Evaluating symbol if to open, close, or no change
2024-07-15 14:15:34,490 - root - INFO - Portfolio p2 symbols actions - {'AAPL': 'no_change', 'GOOGL': 'close', 'META': 'no_change', 'MRVL': 'no_change', 'MSTR': 'open', 'SCHD': 'no_change', 'BITO': 'no_change', 'AVGO': 'close', 'SOUN': 'no_change'}
2024-07-15 14:15:34,491 - utils_portfolio - INFO - Updating state of portfolio - p2
2024-07-15 14:15:34,491 - utils_portfolio - INFO - Calculating closed trades stats
2024-07-15 14:15:36,670 - utils_portfolio - INFO - Calculating open trades stats
2024-07-15 14:15:36,671 - utils_portfolio - INFO - Processing symbol - AAPL
2024-07-15 14:15:37,264 - utils_portfolio - INFO - Processing symbol - GOOGL
2024-07-15 14:15:37,560 - utils_portfolio - INFO - Processing symbol - META
2024-07-15 14:15:37,763 - utils_portfolio - INFO - Processing symbol - MRVL
2024-07-15 14:15:38,187 - utils_portfolio - INFO - Processing symbol - MSTR
2024-07-15 14:15:38,377 - utils_portfolio - INFO - Processing symbol - SCHD
2024-07-15 14:15:38,799 - utils_portfolio - INFO - Processing symbol - BITO
2024-07-15 14:15:38,992 - utils_portfolio - INFO - Processing symbol - AVGO
2024-07-15 14:15:39,411 - utils_portfolio - INFO - Processing symbol - SOUN
2024-07-15 14:15:39,885 - utils_portfolio - INFO - Portfolio p2 - calculating position sizes
2024-07-15 14:15:39,912 - root - INFO - Portfolio p2 position sizes - symbol
AAPL     610.19
GOOGL    610.19
META     610.19
MRVL     610.19
MSTR     610.19
SCHD     610.19
BITO     610.19
AVGO     610.19
SOUN     610.19
Name: position, dtype: float64
2024-07-15 14:15:39,913 - root - INFO - XXXXXXXXXXXXXXXXXXXX --- Portfolio p2 - DONE --- XXXXXXXXXXXXXXXXXXXX
2024-07-15 14:15:39,913 - utils_portfolio - INFO - Updating info of portfolio - p3
2024-07-15 14:15:39,978 - utils_portfolio - INFO - Calculating symbols weights
2024-07-15 14:15:39,979 - root - INFO - Portfolio p3 symbols weights - {'TSLA': 0.1, 'NVDA': 0.1, 'AMD': 0.1, 'QQQ': 0.1, 'AMZN': 0.1, 'TQQQ': 0.1, 'VOO': 0.1, 'BABA': 0.1, 'BA': 0.1, 'XLI': 0.1}
2024-07-15 14:15:39,979 - utils_strategy - INFO - TSLA - downloading data from yfinance
2024-07-15 14:15:40,221 - utils_portfolio - INFO - Checking if we have correct date
2024-07-15 14:15:40,221 - utils_portfolio - INFO - TSLA - running symbols strategy to get entries and exits
2024-07-15 14:15:40,228 - utils_portfolio - INFO - Evaluating symbol if to open, close, or no change
2024-07-15 14:15:40,278 - utils_strategy - INFO - NVDA - downloading data from yfinance
2024-07-15 14:15:40,537 - utils_portfolio - INFO - Checking if we have correct date
2024-07-15 14:15:40,537 - utils_portfolio - INFO - NVDA - running symbols strategy to get entries and exits
2024-07-15 14:15:40,545 - utils_portfolio - INFO - Evaluating symbol if to open, close, or no change
2024-07-15 14:15:40,584 - utils_strategy - INFO - AMD - downloading data from yfinance
2024-07-15 14:15:40,777 - utils_portfolio - INFO - Checking if we have correct date
2024-07-15 14:15:40,777 - utils_portfolio - INFO - AMD - running symbols strategy to get entries and exits
2024-07-15 14:15:40,784 - utils_portfolio - INFO - Evaluating symbol if to open, close, or no change
2024-07-15 14:15:40,819 - utils_strategy - INFO - QQQ - downloading data from yfinance
2024-07-15 14:15:41,143 - utils_portfolio - INFO - Checking if we have correct date
2024-07-15 14:15:41,143 - utils_portfolio - INFO - QQQ - running symbols strategy to get entries and exits
2024-07-15 14:15:41,150 - utils_portfolio - INFO - Evaluating symbol if to open, close, or no change
2024-07-15 14:15:41,186 - utils_strategy - INFO - AMZN - downloading data from yfinance
2024-07-15 14:15:41,408 - utils_portfolio - INFO - Checking if we have correct date
2024-07-15 14:15:41,408 - utils_portfolio - INFO - AMZN - running symbols strategy to get entries and exits
2024-07-15 14:15:41,418 - utils_portfolio - INFO - Evaluating symbol if to open, close, or no change
2024-07-15 14:15:41,604 - utils_strategy - INFO - TQQQ - downloading data from yfinance
2024-07-15 14:15:41,810 - utils_portfolio - INFO - Checking if we have correct date
2024-07-15 14:15:41,811 - utils_portfolio - INFO - TQQQ - running symbols strategy to get entries and exits
2024-07-15 14:15:41,818 - utils_portfolio - INFO - Evaluating symbol if to open, close, or no change
2024-07-15 14:15:41,847 - utils_strategy - INFO - VOO - downloading data from yfinance
2024-07-15 14:15:42,035 - utils_portfolio - INFO - Checking if we have correct date
2024-07-15 14:15:42,035 - utils_portfolio - INFO - VOO - running symbols strategy to get entries and exits
2024-07-15 14:15:42,043 - utils_portfolio - INFO - Evaluating symbol if to open, close, or no change
2024-07-15 14:15:42,076 - utils_strategy - INFO - BABA - downloading data from yfinance
2024-07-15 14:15:42,217 - utils_portfolio - INFO - Checking if we have correct date
2024-07-15 14:15:42,217 - utils_portfolio - INFO - BABA - running symbols strategy to get entries and exits
2024-07-15 14:15:42,225 - utils_portfolio - INFO - Evaluating symbol if to open, close, or no change
2024-07-15 14:15:42,254 - utils_strategy - INFO - BA - downloading data from yfinance
2024-07-15 14:15:42,595 - utils_portfolio - INFO - Checking if we have correct date
2024-07-15 14:15:42,596 - utils_portfolio - INFO - BA - running symbols strategy to get entries and exits
2024-07-15 14:15:42,604 - utils_portfolio - INFO - Evaluating symbol if to open, close, or no change
2024-07-15 14:15:42,638 - utils_strategy - INFO - XLI - downloading data from yfinance
2024-07-15 14:15:42,884 - utils_portfolio - INFO - Checking if we have correct date
2024-07-15 14:15:42,884 - utils_portfolio - INFO - XLI - running symbols strategy to get entries and exits
2024-07-15 14:15:42,891 - utils_portfolio - INFO - Evaluating symbol if to open, close, or no change
2024-07-15 14:15:42,930 - root - INFO - Portfolio p3 symbols actions - {'TSLA': 'no_change', 'NVDA': 'no_change', 'AMD': 'close', 'QQQ': 'no_change', 'AMZN': 'close', 'TQQQ': 'no_change', 'VOO': 'no_change', 'BABA': 'no_change', 'BA': 'no_change', 'XLI': 'no_change'}
2024-07-15 14:15:42,930 - utils_portfolio - INFO - Updating state of portfolio - p3
2024-07-15 14:15:42,931 - utils_portfolio - INFO - Calculating closed trades stats
2024-07-15 14:15:45,250 - utils_portfolio - INFO - Calculating open trades stats
2024-07-15 14:15:45,251 - utils_portfolio - INFO - Processing symbol - TSLA
2024-07-15 14:15:46,069 - utils_portfolio - INFO - Processing symbol - NVDA
2024-07-15 14:15:46,443 - utils_portfolio - INFO - Processing symbol - AMD
2024-07-15 14:15:46,680 - utils_portfolio - INFO - Processing symbol - QQQ
2024-07-15 14:15:47,084 - utils_portfolio - INFO - Processing symbol - AMZN
2024-07-15 14:15:47,465 - utils_portfolio - INFO - Processing symbol - TQQQ
2024-07-15 14:15:47,811 - utils_portfolio - INFO - Processing symbol - VOO
2024-07-15 14:15:48,214 - utils_portfolio - INFO - Processing symbol - BABA
2024-07-15 14:15:48,630 - utils_portfolio - INFO - Processing symbol - BA
2024-07-15 14:15:49,033 - utils_portfolio - INFO - Processing symbol - XLI
2024-07-15 14:15:49,484 - utils_portfolio - INFO - Portfolio p3 - calculating position sizes
2024-07-15 14:15:49,487 - utils_portfolio - WARNING - Increasing of the portfolio size because not having min available cash
2024-07-15 14:15:49,509 - root - INFO - Portfolio p3 position sizes - symbol
TSLA    501.93
NVDA    501.93
AMD     501.93
QQQ     501.93
AMZN    501.93
TQQQ    501.93
VOO     501.93
BABA    501.93
BA      501.93
XLI     501.93
Name: position, dtype: float64
2024-07-15 14:15:49,509 - root - INFO - XXXXXXXXXXXXXXXXXXXX --- Portfolio p3 - DONE --- XXXXXXXXXXXXXXXXXXXX
2024-07-15 14:15:49,509 - utils_portfolio - INFO - Updating info of portfolio - p4
2024-07-15 14:15:49,673 - utils_portfolio - INFO - Calculating symbols weights
2024-07-15 14:15:49,674 - root - INFO - Portfolio p4 symbols weights - {'RIOT': 0.05, 'NEE': 0.05, 'SLV': 0.05, 'SHOP': 0.05, 'FAST': 0.05, 'SPXL': 0.05, 'VALE': 0.05, 'SNAP': 0.05, 'WDC': 0.05, 'MO': 0.05, 'PM': 0.05, 'SQ': 0.05, 'PDD': 0.05, 'ABBV': 0.05, 'ON': 0.05, 'UPRO': 0.05, 'TSLL': 0.05, 'PBR': 0.05, 'MP': 0.05, 'U': 0.05}
2024-07-15 14:15:49,674 - utils_strategy - INFO - RIOT - downloading data from yfinance
2024-07-15 14:15:49,883 - utils_portfolio - INFO - Checking if we have correct date
2024-07-15 14:15:49,883 - utils_portfolio - INFO - RIOT - running symbols strategy to get entries and exits
2024-07-15 14:15:49,891 - utils_portfolio - INFO - Evaluating symbol if to open, close, or no change
2024-07-15 14:15:49,919 - utils_strategy - INFO - NEE - downloading data from yfinance
2024-07-15 14:15:50,260 - utils_portfolio - INFO - Checking if we have correct date
2024-07-15 14:15:50,260 - utils_portfolio - INFO - NEE - running symbols strategy to get entries and exits
2024-07-15 14:15:50,267 - utils_portfolio - INFO - Evaluating symbol if to open, close, or no change
2024-07-15 14:15:50,305 - utils_strategy - INFO - SLV - downloading data from yfinance
2024-07-15 14:15:50,555 - utils_portfolio - INFO - Checking if we have correct date
2024-07-15 14:15:50,556 - utils_portfolio - INFO - SLV - running symbols strategy to get entries and exits
2024-07-15 14:15:50,563 - utils_portfolio - INFO - Evaluating symbol if to open, close, or no change
2024-07-15 14:15:50,594 - utils_strategy - INFO - SHOP - downloading data from yfinance
2024-07-15 14:15:50,733 - utils_portfolio - INFO - Checking if we have correct date
2024-07-15 14:15:50,733 - utils_portfolio - INFO - SHOP - running symbols strategy to get entries and exits
2024-07-15 14:15:50,741 - utils_portfolio - INFO - Evaluating symbol if to open, close, or no change
2024-07-15 14:15:50,771 - utils_strategy - INFO - FAST - downloading data from yfinance
2024-07-15 14:15:51,077 - utils_portfolio - INFO - Checking if we have correct date
2024-07-15 14:15:51,077 - utils_portfolio - INFO - FAST - running symbols strategy to get entries and exits
2024-07-15 14:15:51,084 - utils_portfolio - INFO - Evaluating symbol if to open, close, or no change
2024-07-15 14:15:51,122 - utils_strategy - INFO - SPXL - downloading data from yfinance
2024-07-15 14:15:51,314 - utils_portfolio - INFO - Checking if we have correct date
2024-07-15 14:15:51,314 - utils_portfolio - INFO - SPXL - running symbols strategy to get entries and exits
2024-07-15 14:15:51,321 - utils_portfolio - INFO - Evaluating symbol if to open, close, or no change
2024-07-15 14:15:51,353 - utils_strategy - INFO - VALE - downloading data from yfinance
2024-07-15 14:15:51,577 - utils_portfolio - INFO - Checking if we have correct date
2024-07-15 14:15:51,577 - utils_portfolio - INFO - VALE - running symbols strategy to get entries and exits
2024-07-15 14:15:51,585 - utils_portfolio - INFO - Evaluating symbol if to open, close, or no change
2024-07-15 14:15:51,777 - utils_strategy - INFO - SNAP - downloading data from yfinance
2024-07-15 14:15:51,907 - utils_portfolio - INFO - Checking if we have correct date
2024-07-15 14:15:51,908 - utils_portfolio - INFO - SNAP - running symbols strategy to get entries and exits
2024-07-15 14:15:51,917 - utils_portfolio - INFO - Evaluating symbol if to open, close, or no change
2024-07-15 14:15:51,945 - utils_strategy - INFO - WDC - downloading data from yfinance
2024-07-15 14:15:52,147 - utils_portfolio - INFO - Checking if we have correct date
2024-07-15 14:15:52,147 - utils_portfolio - INFO - WDC - running symbols strategy to get entries and exits
2024-07-15 14:15:52,154 - utils_portfolio - INFO - Evaluating symbol if to open, close, or no change
2024-07-15 14:15:52,211 - utils_strategy - INFO - MO - downloading data from yfinance
2024-07-15 14:15:52,493 - utils_portfolio - INFO - Checking if we have correct date
2024-07-15 14:15:52,493 - utils_portfolio - INFO - MO - running symbols strategy to get entries and exits
2024-07-15 14:15:52,501 - utils_portfolio - INFO - Evaluating symbol if to open, close, or no change
2024-07-15 14:15:52,534 - utils_strategy - INFO - PM - downloading data from yfinance
2024-07-15 14:15:52,796 - utils_portfolio - INFO - Checking if we have correct date
2024-07-15 14:15:52,796 - utils_portfolio - INFO - PM - running symbols strategy to get entries and exits
2024-07-15 14:15:52,805 - utils_portfolio - INFO - Evaluating symbol if to open, close, or no change
2024-07-15 14:15:52,838 - utils_strategy - INFO - SQ - downloading data from yfinance
2024-07-15 14:15:53,011 - utils_portfolio - INFO - Checking if we have correct date
2024-07-15 14:15:53,011 - utils_portfolio - INFO - SQ - running symbols strategy to get entries and exits
2024-07-15 14:15:53,023 - utils_portfolio - INFO - Evaluating symbol if to open, close, or no change
2024-07-15 14:15:53,050 - utils_strategy - INFO - PDD - downloading data from yfinance
2024-07-15 14:15:53,199 - utils_portfolio - INFO - Checking if we have correct date
2024-07-15 14:15:53,199 - utils_portfolio - INFO - PDD - running symbols strategy to get entries and exits
2024-07-15 14:15:53,209 - utils_portfolio - INFO - Evaluating symbol if to open, close, or no change
2024-07-15 14:15:53,239 - utils_strategy - INFO - ABBV - downloading data from yfinance
2024-07-15 14:15:53,436 - utils_portfolio - INFO - Checking if we have correct date
2024-07-15 14:15:53,436 - utils_portfolio - INFO - ABBV - running symbols strategy to get entries and exits
2024-07-15 14:15:53,444 - utils_portfolio - INFO - Evaluating symbol if to open, close, or no change
2024-07-15 14:15:53,473 - utils_strategy - INFO - ON - downloading data from yfinance
2024-07-15 14:15:53,667 - utils_portfolio - INFO - Checking if we have correct date
2024-07-15 14:15:53,667 - utils_portfolio - INFO - ON - running symbols strategy to get entries and exits
2024-07-15 14:15:53,675 - utils_portfolio - INFO - Evaluating symbol if to open, close, or no change
2024-07-15 14:15:53,711 - utils_strategy - INFO - UPRO - downloading data from yfinance
2024-07-15 14:15:53,944 - utils_portfolio - INFO - Checking if we have correct date
2024-07-15 14:15:53,944 - utils_portfolio - INFO - UPRO - running symbols strategy to get entries and exits
2024-07-15 14:15:53,952 - utils_portfolio - INFO - Evaluating symbol if to open, close, or no change
2024-07-15 14:15:53,983 - utils_strategy - INFO - TSLL - downloading data from yfinance
2024-07-15 14:15:54,089 - utils_portfolio - INFO - Checking if we have correct date
2024-07-15 14:15:54,090 - utils_portfolio - INFO - TSLL - running symbols strategy to get entries and exits
2024-07-15 14:15:54,099 - utils_portfolio - INFO - Evaluating symbol if to open, close, or no change
2024-07-15 14:15:54,123 - utils_strategy - INFO - PBR - downloading data from yfinance
2024-07-15 14:15:54,452 - utils_portfolio - INFO - Checking if we have correct date
2024-07-15 14:15:54,452 - utils_portfolio - INFO - PBR - running symbols strategy to get entries and exits
2024-07-15 14:15:54,459 - utils_portfolio - INFO - Evaluating symbol if to open, close, or no change
2024-07-15 14:15:54,499 - utils_strategy - INFO - MP - downloading data from yfinance
2024-07-15 14:15:54,590 - utils_portfolio - INFO - Checking if we have correct date
2024-07-15 14:15:54,590 - utils_portfolio - INFO - MP - running symbols strategy to get entries and exits
2024-07-15 14:15:54,602 - utils_portfolio - INFO - Evaluating symbol if to open, close, or no change
2024-07-15 14:15:54,629 - utils_strategy - INFO - U - downloading data from yfinance
2024-07-15 14:15:54,742 - utils_portfolio - INFO - Checking if we have correct date
2024-07-15 14:15:54,742 - utils_portfolio - INFO - U - running symbols strategy to get entries and exits
2024-07-15 14:15:54,752 - utils_portfolio - INFO - Evaluating symbol if to open, close, or no change
2024-07-15 14:15:54,775 - root - INFO - Portfolio p4 symbols actions - {'RIOT': 'open', 'NEE': 'no_change', 'SLV': 'no_change', 'SHOP': 'close', 'FAST': 'no_change', 'SPXL': 'no_change', 'VALE': 'no_change', 'SNAP': 'no_change', 'WDC': 'no_change', 'MO': 'no_change', 'PM': 'no_change', 'SQ': 'open', 'PDD': 'no_change', 'ABBV': 'no_change', 'ON': 'no_change', 'UPRO': 'no_change', 'TSLL': 'no_change', 'PBR': 'no_change', 'MP': 'no_change', 'U': 'open'}
2024-07-15 14:15:54,775 - utils_portfolio - INFO - Updating state of portfolio - p4
2024-07-15 14:15:54,775 - utils_portfolio - INFO - Calculating closed trades stats
2024-07-15 14:15:58,765 - utils_portfolio - INFO - Calculating open trades stats
2024-07-15 14:15:58,765 - utils_portfolio - INFO - Processing symbol - RIOT
2024-07-15 14:15:59,266 - utils_portfolio - INFO - Processing symbol - NEE
2024-07-15 14:15:59,688 - utils_portfolio - INFO - Processing symbol - SLV
2024-07-15 14:16:00,092 - utils_portfolio - INFO - Processing symbol - SHOP
2024-07-15 14:16:00,507 - utils_portfolio - INFO - Processing symbol - FAST
2024-07-15 14:16:00,912 - utils_portfolio - INFO - Processing symbol - SPXL
2024-07-15 14:16:01,328 - utils_portfolio - INFO - Processing symbol - VALE
2024-07-15 14:16:01,690 - utils_portfolio - INFO - Processing symbol - SNAP
2024-07-15 14:16:01,803 - utils_portfolio - INFO - Processing symbol - WDC
2024-07-15 14:16:02,141 - utils_portfolio - INFO - Processing symbol - MO
2024-07-15 14:16:02,555 - utils_portfolio - INFO - Processing symbol - PM
2024-07-15 14:16:02,959 - utils_portfolio - INFO - Processing symbol - SQ
2024-07-15 14:16:03,159 - utils_portfolio - INFO - Processing symbol - PDD
2024-07-15 14:16:03,472 - utils_portfolio - INFO - Processing symbol - ABBV
2024-07-15 14:16:03,892 - utils_portfolio - INFO - Processing symbol - ON
2024-07-15 14:16:04,296 - utils_portfolio - INFO - Processing symbol - UPRO
2024-07-15 14:16:04,699 - utils_portfolio - INFO - Processing symbol - TSLL
2024-07-15 14:16:04,810 - utils_portfolio - INFO - Processing symbol - PBR
2024-07-15 14:16:05,115 - utils_portfolio - INFO - Processing symbol - MP
2024-07-15 14:16:05,517 - utils_portfolio - INFO - Processing symbol - U
2024-07-15 14:16:05,762 - utils_portfolio - INFO - Portfolio p4 - calculating position sizes
2024-07-15 14:16:05,783 - root - INFO - Portfolio p4 position sizes - symbol
RIOT    253.43
NEE     254.19
SLV     254.19
SHOP    254.19
FAST    254.19
SPXL    254.19
VALE    254.19
SNAP    253.43
WDC     254.19
MO      254.19
PM      254.19
SQ      253.43
PDD     254.19
ABBV    254.19
ON      254.19
UPRO    254.19
TSLL    253.43
PBR     254.19
MP      254.19
U       253.43
Name: position, dtype: float64
2024-07-15 14:16:05,783 - root - INFO - XXXXXXXXXXXXXXXXXXXX --- Portfolio p4 - DONE --- XXXXXXXXXXXXXXXXXXXX
2024-07-15 14:16:05,783 - utils_portfolio - INFO - Updating state of symbols
2024-07-15 14:16:05,784 - utils_portfolio - INFO - Calculating closed trades stats
2024-07-15 14:16:15,686 - utils_portfolio - INFO - Calculating open trades stats
2024-07-15 14:16:15,687 - utils_portfolio - INFO - Processing symbol - WDC
2024-07-15 14:16:16,381 - utils_portfolio - INFO - Processing symbol - META
2024-07-15 14:16:16,573 - utils_portfolio - INFO - Processing symbol - GM
2024-07-15 14:16:16,778 - utils_portfolio - INFO - Processing symbol - SPXL
2024-07-15 14:16:17,020 - utils_portfolio - INFO - Processing symbol - MP
2024-07-15 14:16:17,398 - utils_portfolio - INFO - Processing symbol - AMZN
2024-07-15 14:16:17,710 - utils_portfolio - INFO - Processing symbol - PDD
2024-07-15 14:16:18,019 - utils_portfolio - INFO - Processing symbol - DKNG
2024-07-15 14:16:18,133 - utils_portfolio - INFO - Processing symbol - SHOP
2024-07-15 14:16:18,428 - utils_portfolio - INFO - Processing symbol - FAST
2024-07-15 14:16:18,672 - utils_portfolio - INFO - Processing symbol - UPRO
2024-07-15 14:16:19,136 - utils_portfolio - INFO - Processing symbol - AVGO
2024-07-15 14:16:19,554 - utils_portfolio - INFO - Processing symbol - SNAP
2024-07-15 14:16:19,747 - utils_portfolio - INFO - Processing symbol - AMD
2024-07-15 14:16:20,171 - utils_portfolio - INFO - Processing symbol - TSLA
2024-07-15 14:16:20,413 - utils_portfolio - INFO - Processing symbol - ON
2024-07-15 14:16:20,679 - utils_portfolio - INFO - Processing symbol - BTC/USD
2024-07-15 14:16:20,975 - utils_portfolio - INFO - Processing symbol - SCHD
2024-07-15 14:16:21,289 - utils_portfolio - INFO - Processing symbol - AAPL
2024-07-15 14:16:21,704 - utils_portfolio - INFO - Processing symbol - QQQ
2024-07-15 14:16:22,107 - utils_portfolio - INFO - Processing symbol - VRT
2024-07-15 14:16:22,526 - utils_portfolio - INFO - Processing symbol - MSTR
2024-07-15 14:16:22,717 - utils_portfolio - INFO - Processing symbol - MO
2024-07-15 14:16:23,132 - utils_portfolio - INFO - Processing symbol - GOOGL
2024-07-15 14:16:23,464 - utils_portfolio - INFO - Processing symbol - SLV
2024-07-15 14:16:23,855 - utils_portfolio - INFO - Processing symbol - SQ
2024-07-15 14:16:23,983 - utils_portfolio - INFO - Processing symbol - XLI
2024-07-15 14:16:24,279 - utils_portfolio - INFO - Processing symbol - PBR
2024-07-15 14:16:24,673 - utils_portfolio - INFO - Processing symbol - RIOT
2024-07-15 14:16:24,868 - utils_portfolio - INFO - Processing symbol - AAL
2024-07-15 14:16:25,072 - utils_portfolio - INFO - Processing symbol - TQQQ
2024-07-15 14:16:25,489 - utils_portfolio - INFO - Processing symbol - EBAY
2024-07-15 14:16:25,687 - utils_portfolio - INFO - Processing symbol - CRWD
2024-07-15 14:16:25,890 - utils_portfolio - INFO - Processing symbol - BA
2024-07-15 14:16:26,312 - utils_portfolio - INFO - Processing symbol - SOUN
2024-07-15 14:16:26,716 - utils_portfolio - INFO - Processing symbol - NVDA
2024-07-15 14:16:27,044 - utils_portfolio - INFO - Processing symbol - BABA
2024-07-15 14:16:27,285 - utils_portfolio - INFO - Processing symbol - VOO
2024-07-15 14:16:27,556 - utils_portfolio - INFO - Processing symbol - GBTC
2024-07-15 14:16:27,734 - utils_portfolio - INFO - Processing symbol - NEE
2024-07-15 14:16:27,995 - utils_portfolio - INFO - Processing symbol - TSLL
2024-07-15 14:16:28,146 - utils_portfolio - INFO - Processing symbol - ABBV
2024-07-15 14:16:28,561 - utils_portfolio - INFO - Processing symbol - U
2024-07-15 14:16:28,759 - utils_portfolio - INFO - Processing symbol - BITO
2024-07-15 14:16:28,874 - utils_portfolio - INFO - Processing symbol - MRVL
2024-07-15 14:16:29,171 - utils_portfolio - INFO - Processing symbol - PLTR
2024-07-15 14:16:29,585 - utils_portfolio - INFO - Processing symbol - PM
2024-07-15 14:16:29,995 - utils_portfolio - INFO - Processing symbol - DELL
2024-07-15 14:16:30,192 - utils_portfolio - INFO - Processing symbol - VALE
2024-07-15 14:16:30,509 - utils_portfolio - INFO - Processing symbol - IYR
2024-07-15 14:16:30,930 - utils_portfolio - INFO - Updating symbol stats - WDC
2024-07-15 14:16:30,970 - utils_portfolio - INFO - Updating symbol stats - META
2024-07-15 14:16:30,997 - utils_portfolio - INFO - Updating symbol stats - GM
2024-07-15 14:16:31,019 - utils_portfolio - INFO - Updating symbol stats - SPXL
2024-07-15 14:16:31,042 - utils_portfolio - INFO - Updating symbol stats - MP
2024-07-15 14:16:31,065 - utils_portfolio - INFO - Updating symbol stats - AMZN
2024-07-15 14:16:31,098 - utils_portfolio - INFO - Updating symbol stats - PDD
2024-07-15 14:16:31,120 - utils_portfolio - INFO - Updating symbol stats - DKNG
2024-07-15 14:16:31,162 - utils_portfolio - INFO - Updating symbol stats - SHOP
2024-07-15 14:16:31,185 - utils_portfolio - INFO - Updating symbol stats - FAST
2024-07-15 14:16:31,208 - utils_portfolio - INFO - Updating symbol stats - UPRO
2024-07-15 14:16:31,231 - utils_portfolio - INFO - Updating symbol stats - AVGO
2024-07-15 14:16:31,254 - utils_portfolio - INFO - Updating symbol stats - SNAP
2024-07-15 14:16:31,278 - utils_portfolio - INFO - Updating symbol stats - AMD
2024-07-15 14:16:31,302 - utils_portfolio - INFO - Updating symbol stats - TSLA
2024-07-15 14:16:31,334 - utils_portfolio - INFO - Updating symbol stats - ON
2024-07-15 14:16:31,356 - utils_portfolio - INFO - Updating symbol stats - BTC/USD
2024-07-15 14:16:31,378 - utils_portfolio - INFO - Updating symbol stats - SCHD
2024-07-15 14:16:31,407 - utils_portfolio - INFO - Updating symbol stats - AAPL
2024-07-15 14:16:31,429 - utils_portfolio - INFO - Updating symbol stats - QQQ
2024-07-15 14:16:31,467 - utils_portfolio - INFO - Updating symbol stats - VRT
2024-07-15 14:16:31,489 - utils_portfolio - INFO - Updating symbol stats - MSTR
2024-07-15 14:16:31,513 - utils_portfolio - INFO - Updating symbol stats - MO
2024-07-15 14:16:31,535 - utils_portfolio - INFO - Updating symbol stats - GOOGL
2024-07-15 14:16:31,556 - utils_portfolio - INFO - Updating symbol stats - SLV
2024-07-15 14:16:31,580 - utils_portfolio - INFO - Updating symbol stats - SQ
2024-07-15 14:16:31,612 - utils_portfolio - INFO - Updating symbol stats - XLI
2024-07-15 14:16:31,637 - utils_portfolio - INFO - Updating symbol stats - PBR
2024-07-15 14:16:31,660 - utils_portfolio - INFO - Updating symbol stats - RIOT
2024-07-15 14:16:31,694 - utils_portfolio - INFO - Updating symbol stats - AAL
2024-07-15 14:16:31,717 - utils_portfolio - INFO - Updating symbol stats - TQQQ
2024-07-15 14:16:31,739 - utils_portfolio - INFO - Updating symbol stats - EBAY
2024-07-15 14:16:31,760 - utils_portfolio - INFO - Updating symbol stats - CRWD
2024-07-15 14:16:31,794 - utils_portfolio - INFO - Updating symbol stats - BA
2024-07-15 14:16:31,816 - utils_portfolio - INFO - Updating symbol stats - SOUN
2024-07-15 14:16:31,839 - utils_portfolio - INFO - Updating symbol stats - NVDA
2024-07-15 14:16:31,869 - utils_portfolio - INFO - Updating symbol stats - BABA
2024-07-15 14:16:31,891 - utils_portfolio - INFO - Updating symbol stats - VOO
2024-07-15 14:16:31,913 - utils_portfolio - INFO - Updating symbol stats - GBTC
2024-07-15 14:16:31,935 - utils_portfolio - INFO - Updating symbol stats - NEE
2024-07-15 14:16:31,977 - utils_portfolio - INFO - Updating symbol stats - TSLL
2024-07-15 14:16:32,001 - utils_portfolio - INFO - Updating symbol stats - ABBV
2024-07-15 14:16:32,023 - utils_portfolio - INFO - Updating symbol stats - U
2024-07-15 14:16:32,045 - utils_portfolio - INFO - Updating symbol stats - BITO
2024-07-15 14:16:32,068 - utils_portfolio - INFO - Updating symbol stats - MRVL
2024-07-15 14:16:32,093 - utils_portfolio - INFO - Updating symbol stats - PLTR
2024-07-15 14:16:32,129 - utils_portfolio - INFO - Updating symbol stats - PM
2024-07-15 14:16:32,153 - utils_portfolio - INFO - Updating symbol stats - DELL
2024-07-15 14:16:32,184 - utils_portfolio - INFO - Updating symbol stats - VALE
2024-07-15 14:16:32,211 - utils_portfolio - INFO - Updating symbol stats - IYR
2024-07-15 14:16:32,239 - root - INFO - XXXXXXXXXXXXXXXXXXXX --- Everything DONE --- XXXXXXXXXXXXXXXXXXXX
