2025-01-28 10:05:05,965 - root - INFO - Logger is setup
2025-01-28 10:05:06,069 - utils_portfolio - INFO - Updating info of portfolio - p1
2025-01-28 10:05:06,729 - utils_portfolio - INFO - Calculating symbols weights
2025-01-28 10:05:06,730 - root - INFO - Portfolio p1 symbols weights - {'ACB': 0.01, 'ACN': 0.01, 'ADBE': 0.01, 'ALB': 0.01, 'AMAT': 0.01, 'AMD': 0.01, 'AMT': 0.01, 'AMZN': 0.01, 'ANET': 0.01, 'ARKK': 0.01, 'AVGO': 0.01, 'BA': 0.01, 'BABA': 0.01, 'BMY': 0.01, 'BSX': 0.01, 'CMCSA': 0.01, 'COP': 0.01, 'CSX': 0.01, 'CVNA': 0.01, 'CVX': 0.01, 'DAL': 0.01, 'DELL': 0.01, 'ENPH': 0.01, 'ETN': 0.01, 'F': 0.01, 'FXI': 0.01, 'GBTC': 0.01, 'GDX': 0.01, 'GDXJ': 0.01, 'GE': 0.01, 'GLD': 0.01, 'GM': 0.01, 'GOOG': 0.01, 'HAL': 0.01, 'HBAN': 0.01, 'HPQ': 0.01, 'HYG': 0.01, 'INTC': 0.01, 'IP': 0.01, 'JNJ': 0.01, 'KEY': 0.01, 'KMI': 0.01, 'KMX': 0.01, 'LOW': 0.01, 'LUV': 0.01, 'MCD': 0.01, 'MDLZ': 0.01, 'MDT': 0.01, 'META': 0.01, 'MMM': 0.01, 'MRIN': 0.01, 'MRO': 0.01, 'MRVL': 0.01, 'MSTR': 0.01, 'NCLH': 0.01, 'NEE': 0.01, 'NEM': 0.01, 'NXPL': 0.01, 'ON': 0.01, 'ORCL': 0.01, 'OXY': 0.01, 'PAAS': 0.01, 'PANW': 0.01, 'PARA': 0.01, 'PLD': 0.01, 'PM': 0.01, 'PYPL': 0.01, 'QCOM': 0.01, 'QLD': 0.01, 'QQQ': 0.01, 'RSP': 0.01, 'RUN': 0.01, 'SCHD': 0.01, 'SHEL': 0.01, 'SHOP': 0.01, 'SIRI': 0.01, 'SMCI': 0.01, 'SNAP': 0.01, 'SOXL': 0.01, 'SPY': 0.01, 'SQQQ': 0.01, 'T': 0.01, 'TFC': 0.01, 'TJX': 0.01, 'TLT': 0.01, 'TMUS': 0.01, 'TZA': 0.01, 'UVXY': 0.01, 'V': 0.01, 'VST': 0.01, 'VTI': 0.01, 'VZ': 0.01, 'WBA': 0.01, 'WFC': 0.01, 'WMB': 0.01, 'WMT': 0.01, 'XLF': 0.01, 'XLU': 0.01, 'XOM': 0.01, 'ZTS': 0.01}
2025-01-28 10:05:06,730 - utils_strategy - INFO - ACB - downloading data from yfinance
2025-01-28 10:05:10,363 - utils_portfolio - INFO - Checking if we have correct date
2025-01-28 10:05:10,405 - utils_portfolio - INFO - ACB - running symbols strategy to get entries and exits
2025-01-28 10:05:25,712 - utils_portfolio - INFO - Evaluating symbol if to open, close, or no change
2025-01-28 10:05:30,993 - utils_strategy - INFO - ACN - downloading data from yfinance
2025-01-28 10:05:37,783 - utils_portfolio - INFO - Checking if we have correct date
2025-01-28 10:05:37,797 - utils_portfolio - INFO - ACN - running symbols strategy to get entries and exits
2025-01-28 10:06:01,814 - utils_portfolio - INFO - Evaluating symbol if to open, close, or no change
2025-01-28 10:06:01,843 - utils_strategy - INFO - ADBE - downloading data from yfinance
2025-01-28 10:06:09,036 - utils_portfolio - INFO - Checking if we have correct date
2025-01-28 10:06:09,051 - utils_portfolio - INFO - ADBE - running symbols strategy to get entries and exits
2025-01-28 10:06:35,755 - utils_portfolio - INFO - Evaluating symbol if to open, close, or no change
2025-01-28 10:06:35,785 - utils_strategy - INFO - ALB - downloading data from yfinance
2025-01-28 10:06:43,584 - utils_portfolio - INFO - Checking if we have correct date
2025-01-28 10:06:43,599 - utils_portfolio - INFO - ALB - running symbols strategy to get entries and exits
2025-01-28 10:07:09,498 - utils_portfolio - INFO - Evaluating symbol if to open, close, or no change
2025-01-28 10:07:09,531 - utils_strategy - INFO - AMAT - downloading data from yfinance
2025-01-28 10:07:17,152 - utils_portfolio - INFO - Checking if we have correct date
2025-01-28 10:07:17,166 - utils_portfolio - INFO - AMAT - running symbols strategy to get entries and exits
2025-01-28 10:07:43,161 - utils_portfolio - INFO - Evaluating symbol if to open, close, or no change
2025-01-28 10:07:43,203 - utils_strategy - INFO - AMD - downloading data from yfinance
2025-01-28 10:07:51,061 - utils_portfolio - INFO - Checking if we have correct date
2025-01-28 10:07:51,068 - utils_portfolio - INFO - AMD - running symbols strategy to get entries and exits
2025-01-28 10:08:17,447 - utils_portfolio - INFO - Evaluating symbol if to open, close, or no change
2025-01-28 10:08:17,477 - utils_strategy - INFO - AMT - downloading data from yfinance
2025-01-28 10:08:25,274 - utils_portfolio - INFO - Checking if we have correct date
2025-01-28 10:08:25,289 - utils_portfolio - INFO - AMT - running symbols strategy to get entries and exits
2025-01-28 10:08:51,882 - utils_portfolio - INFO - Evaluating symbol if to open, close, or no change
2025-01-28 10:08:51,915 - utils_strategy - INFO - AMZN - downloading data from yfinance
2025-01-28 10:08:59,733 - utils_portfolio - INFO - Checking if we have correct date
2025-01-28 10:08:59,748 - utils_portfolio - INFO - AMZN - running symbols strategy to get entries and exits
2025-01-28 10:09:25,925 - utils_portfolio - INFO - Evaluating symbol if to open, close, or no change
2025-01-28 10:09:25,958 - utils_strategy - INFO - ANET - downloading data from yfinance
2025-01-28 10:09:29,714 - utils_portfolio - INFO - Checking if we have correct date
2025-01-28 10:09:29,728 - utils_portfolio - INFO - ANET - running symbols strategy to get entries and exits
2025-01-28 10:09:44,629 - utils_portfolio - INFO - Evaluating symbol if to open, close, or no change
2025-01-28 10:09:44,654 - utils_strategy - INFO - ARKK - downloading data from yfinance
2025-01-28 10:09:48,217 - utils_portfolio - INFO - Checking if we have correct date
2025-01-28 10:09:48,232 - utils_portfolio - INFO - ARKK - running symbols strategy to get entries and exits
2025-01-28 10:10:02,821 - utils_portfolio - INFO - Evaluating symbol if to open, close, or no change
2025-01-28 10:10:02,845 - utils_strategy - INFO - AVGO - downloading data from yfinance
2025-01-28 10:10:07,995 - utils_portfolio - INFO - Checking if we have correct date
2025-01-28 10:10:08,010 - utils_portfolio - INFO - AVGO - running symbols strategy to get entries and exits
2025-01-28 10:10:26,642 - utils_portfolio - INFO - Evaluating symbol if to open, close, or no change
2025-01-28 10:10:26,670 - utils_strategy - INFO - BA - downloading data from yfinance
2025-01-28 10:10:34,378 - utils_portfolio - INFO - Checking if we have correct date
2025-01-28 10:10:34,392 - utils_portfolio - INFO - BA - running symbols strategy to get entries and exits
2025-01-28 10:11:00,087 - utils_portfolio - INFO - Evaluating symbol if to open, close, or no change
2025-01-28 10:11:00,124 - utils_strategy - INFO - BABA - downloading data from yfinance
2025-01-28 10:11:03,689 - utils_portfolio - INFO - Checking if we have correct date
2025-01-28 10:11:03,704 - utils_portfolio - INFO - BABA - running symbols strategy to get entries and exits
2025-01-28 10:11:18,956 - utils_portfolio - INFO - Evaluating symbol if to open, close, or no change
2025-01-28 10:11:18,988 - utils_strategy - INFO - BMY - downloading data from yfinance
2025-01-28 10:11:26,958 - utils_portfolio - INFO - Checking if we have correct date
2025-01-28 10:11:26,972 - utils_portfolio - INFO - BMY - running symbols strategy to get entries and exits
2025-01-28 10:11:53,153 - utils_portfolio - INFO - Evaluating symbol if to open, close, or no change
2025-01-28 10:11:53,190 - utils_strategy - INFO - BSX - downloading data from yfinance
2025-01-28 10:12:01,039 - utils_portfolio - INFO - Checking if we have correct date
2025-01-28 10:12:01,054 - utils_portfolio - INFO - BSX - running symbols strategy to get entries and exits
2025-01-28 10:12:27,071 - utils_portfolio - INFO - Evaluating symbol if to open, close, or no change
2025-01-28 10:12:27,103 - utils_strategy - INFO - CMCSA - downloading data from yfinance
2025-01-28 10:12:35,103 - utils_portfolio - INFO - Checking if we have correct date
2025-01-28 10:12:35,117 - utils_portfolio - INFO - CMCSA - running symbols strategy to get entries and exits
2025-01-28 10:13:01,685 - utils_portfolio - INFO - Evaluating symbol if to open, close, or no change
2025-01-28 10:13:01,719 - utils_strategy - INFO - COP - downloading data from yfinance
2025-01-28 10:13:09,655 - utils_portfolio - INFO - Checking if we have correct date
2025-01-28 10:13:09,663 - utils_portfolio - INFO - COP - running symbols strategy to get entries and exits
2025-01-28 10:13:36,120 - utils_portfolio - INFO - Evaluating symbol if to open, close, or no change
2025-01-28 10:13:36,157 - utils_strategy - INFO - CSX - downloading data from yfinance
2025-01-28 10:13:44,148 - utils_portfolio - INFO - Checking if we have correct date
2025-01-28 10:13:44,163 - utils_portfolio - INFO - CSX - running symbols strategy to get entries and exits
2025-01-28 10:14:10,392 - utils_portfolio - INFO - Evaluating symbol if to open, close, or no change
2025-01-28 10:14:10,425 - utils_strategy - INFO - CVNA - downloading data from yfinance
2025-01-28 10:14:13,338 - utils_portfolio - INFO - Checking if we have correct date
2025-01-28 10:14:13,352 - utils_portfolio - INFO - CVNA - running symbols strategy to get entries and exits
2025-01-28 10:14:26,598 - utils_portfolio - INFO - Evaluating symbol if to open, close, or no change
2025-01-28 10:14:26,620 - utils_strategy - INFO - CVX - downloading data from yfinance
2025-01-28 10:14:34,638 - utils_portfolio - INFO - Checking if we have correct date
2025-01-28 10:14:34,652 - utils_portfolio - INFO - CVX - running symbols strategy to get entries and exits
2025-01-28 10:15:00,951 - utils_portfolio - INFO - Evaluating symbol if to open, close, or no change
2025-01-28 10:15:00,986 - utils_strategy - INFO - DAL - downloading data from yfinance
2025-01-28 10:15:06,722 - utils_portfolio - INFO - Checking if we have correct date
2025-01-28 10:15:06,729 - utils_portfolio - INFO - DAL - running symbols strategy to get entries and exits
2025-01-28 10:15:27,935 - utils_portfolio - INFO - Evaluating symbol if to open, close, or no change
2025-01-28 10:15:27,967 - utils_strategy - INFO - DELL - downloading data from yfinance
2025-01-28 10:15:31,146 - utils_portfolio - INFO - Checking if we have correct date
2025-01-28 10:15:31,160 - utils_portfolio - INFO - DELL - running symbols strategy to get entries and exits
2025-01-28 10:15:44,629 - utils_portfolio - INFO - Evaluating symbol if to open, close, or no change
2025-01-28 10:15:44,656 - utils_strategy - INFO - ENPH - downloading data from yfinance
2025-01-28 10:15:49,150 - utils_portfolio - INFO - Checking if we have correct date
2025-01-28 10:15:49,164 - utils_portfolio - INFO - ENPH - running symbols strategy to get entries and exits
2025-01-28 10:16:05,735 - utils_portfolio - INFO - Evaluating symbol if to open, close, or no change
2025-01-28 10:16:05,765 - utils_strategy - INFO - ETN - downloading data from yfinance
2025-01-28 10:16:13,672 - utils_portfolio - INFO - Checking if we have correct date
2025-01-28 10:16:13,686 - utils_portfolio - INFO - ETN - running symbols strategy to get entries and exits
2025-01-28 10:16:40,090 - utils_portfolio - INFO - Evaluating symbol if to open, close, or no change
2025-01-28 10:16:40,126 - utils_strategy - INFO - F - downloading data from yfinance
2025-01-28 10:16:48,095 - utils_portfolio - INFO - Checking if we have correct date
2025-01-28 10:16:48,104 - utils_portfolio - INFO - F - running symbols strategy to get entries and exits
2025-01-28 10:17:14,063 - utils_portfolio - INFO - Evaluating symbol if to open, close, or no change
2025-01-28 10:17:14,261 - utils_strategy - INFO - FXI - downloading data from yfinance
2025-01-28 10:17:20,752 - utils_portfolio - INFO - Checking if we have correct date
2025-01-28 10:17:20,766 - utils_portfolio - INFO - FXI - running symbols strategy to get entries and exits
2025-01-28 10:17:43,190 - utils_portfolio - INFO - Evaluating symbol if to open, close, or no change
2025-01-28 10:17:43,225 - utils_strategy - INFO - GBTC - downloading data from yfinance
2025-01-28 10:17:46,886 - utils_portfolio - INFO - Checking if we have correct date
2025-01-28 10:17:46,901 - utils_portfolio - INFO - GBTC - running symbols strategy to get entries and exits
2025-01-28 10:18:01,781 - utils_portfolio - INFO - Evaluating symbol if to open, close, or no change
2025-01-28 10:18:01,805 - utils_strategy - INFO - GDX - downloading data from yfinance
2025-01-28 10:18:08,004 - utils_portfolio - INFO - Checking if we have correct date
2025-01-28 10:18:08,011 - utils_portfolio - INFO - GDX - running symbols strategy to get entries and exits
2025-01-28 10:18:28,597 - utils_portfolio - INFO - Evaluating symbol if to open, close, or no change
2025-01-28 10:18:28,633 - utils_strategy - INFO - GDXJ - downloading data from yfinance
2025-01-28 10:18:34,001 - utils_portfolio - INFO - Checking if we have correct date
2025-01-28 10:18:34,016 - utils_portfolio - INFO - GDXJ - running symbols strategy to get entries and exits
2025-01-28 10:18:52,635 - utils_portfolio - INFO - Evaluating symbol if to open, close, or no change
2025-01-28 10:18:52,666 - utils_strategy - INFO - GE - downloading data from yfinance
2025-01-28 10:19:00,807 - utils_portfolio - INFO - Checking if we have correct date
2025-01-28 10:19:00,821 - utils_portfolio - INFO - GE - running symbols strategy to get entries and exits
2025-01-28 10:19:27,380 - utils_portfolio - INFO - Evaluating symbol if to open, close, or no change
2025-01-28 10:19:27,418 - utils_strategy - INFO - GLD - downloading data from yfinance
2025-01-28 10:19:34,056 - utils_portfolio - INFO - Checking if we have correct date
2025-01-28 10:19:34,070 - utils_portfolio - INFO - GLD - running symbols strategy to get entries and exits
2025-01-28 10:19:57,103 - utils_portfolio - INFO - Evaluating symbol if to open, close, or no change
2025-01-28 10:19:57,135 - utils_strategy - INFO - GM - downloading data from yfinance
2025-01-28 10:20:02,153 - utils_portfolio - INFO - Checking if we have correct date
2025-01-28 10:20:02,159 - utils_portfolio - INFO - GM - running symbols strategy to get entries and exits
2025-01-28 10:20:20,164 - utils_portfolio - INFO - Evaluating symbol if to open, close, or no change
2025-01-28 10:20:20,221 - utils_strategy - INFO - GOOG - downloading data from yfinance
2025-01-28 10:20:27,017 - utils_portfolio - INFO - Checking if we have correct date
2025-01-28 10:20:27,031 - utils_portfolio - INFO - GOOG - running symbols strategy to get entries and exits
2025-01-28 10:20:49,974 - utils_portfolio - INFO - Evaluating symbol if to open, close, or no change
2025-01-28 10:20:50,006 - utils_strategy - INFO - HAL - downloading data from yfinance
2025-01-28 10:20:58,175 - utils_portfolio - INFO - Checking if we have correct date
2025-01-28 10:20:58,189 - utils_portfolio - INFO - HAL - running symbols strategy to get entries and exits
2025-01-28 10:21:24,582 - utils_portfolio - INFO - Evaluating symbol if to open, close, or no change
2025-01-28 10:21:24,617 - utils_strategy - INFO - HBAN - downloading data from yfinance
2025-01-28 10:21:32,846 - utils_portfolio - INFO - Checking if we have correct date
2025-01-28 10:21:32,853 - utils_portfolio - INFO - HBAN - running symbols strategy to get entries and exits
2025-01-28 10:21:59,329 - utils_portfolio - INFO - Evaluating symbol if to open, close, or no change
2025-01-28 10:21:59,366 - utils_strategy - INFO - HPQ - downloading data from yfinance
2025-01-28 10:22:07,426 - utils_portfolio - INFO - Checking if we have correct date
2025-01-28 10:22:07,440 - utils_portfolio - INFO - HPQ - running symbols strategy to get entries and exits
2025-01-28 10:22:34,383 - utils_portfolio - INFO - Evaluating symbol if to open, close, or no change
2025-01-28 10:22:34,417 - utils_strategy - INFO - HYG - downloading data from yfinance
2025-01-28 10:22:40,346 - utils_portfolio - INFO - Checking if we have correct date
2025-01-28 10:22:40,361 - utils_portfolio - INFO - HYG - running symbols strategy to get entries and exits
2025-01-28 10:23:00,635 - utils_portfolio - INFO - Evaluating symbol if to open, close, or no change
2025-01-28 10:23:00,664 - utils_strategy - INFO - INTC - downloading data from yfinance
2025-01-28 10:23:09,028 - utils_portfolio - INFO - Checking if we have correct date
2025-01-28 10:23:09,042 - utils_portfolio - INFO - INTC - running symbols strategy to get entries and exits
2025-01-28 10:23:35,732 - utils_portfolio - INFO - Evaluating symbol if to open, close, or no change
2025-01-28 10:23:35,768 - utils_strategy - INFO - IP - downloading data from yfinance
2025-01-28 10:23:44,162 - utils_portfolio - INFO - Checking if we have correct date
2025-01-28 10:23:44,176 - utils_portfolio - INFO - IP - running symbols strategy to get entries and exits
2025-01-28 10:24:10,517 - utils_portfolio - INFO - Evaluating symbol if to open, close, or no change
2025-01-28 10:24:10,556 - utils_strategy - INFO - JNJ - downloading data from yfinance
2025-01-28 10:24:18,708 - utils_portfolio - INFO - Checking if we have correct date
2025-01-28 10:24:18,722 - utils_portfolio - INFO - JNJ - running symbols strategy to get entries and exits
2025-01-28 10:24:45,566 - utils_portfolio - INFO - Evaluating symbol if to open, close, or no change
2025-01-28 10:24:45,606 - utils_strategy - INFO - KEY - downloading data from yfinance
2025-01-28 10:24:53,961 - utils_portfolio - INFO - Checking if we have correct date
2025-01-28 10:24:53,975 - utils_portfolio - INFO - KEY - running symbols strategy to get entries and exits
2025-01-28 10:25:20,066 - utils_portfolio - INFO - Evaluating symbol if to open, close, or no change
2025-01-28 10:25:20,102 - utils_strategy - INFO - KMI - downloading data from yfinance
2025-01-28 10:25:25,255 - utils_portfolio - INFO - Checking if we have correct date
2025-01-28 10:25:25,262 - utils_portfolio - INFO - KMI - running symbols strategy to get entries and exits
2025-01-28 10:25:43,091 - utils_portfolio - INFO - Evaluating symbol if to open, close, or no change
2025-01-28 10:25:43,118 - utils_strategy - INFO - KMX - downloading data from yfinance
2025-01-28 10:25:51,221 - utils_portfolio - INFO - Checking if we have correct date
2025-01-28 10:25:51,236 - utils_portfolio - INFO - KMX - running symbols strategy to get entries and exits
2025-01-28 10:26:18,098 - utils_portfolio - INFO - Evaluating symbol if to open, close, or no change
2025-01-28 10:26:18,139 - utils_strategy - INFO - LOW - downloading data from yfinance
2025-01-28 10:26:26,445 - utils_portfolio - INFO - Checking if we have correct date
2025-01-28 10:26:26,460 - utils_portfolio - INFO - LOW - running symbols strategy to get entries and exits
2025-01-28 10:26:52,592 - utils_portfolio - INFO - Evaluating symbol if to open, close, or no change
2025-01-28 10:26:52,792 - utils_strategy - INFO - LUV - downloading data from yfinance
2025-01-28 10:27:00,979 - utils_portfolio - INFO - Checking if we have correct date
2025-01-28 10:27:00,994 - utils_portfolio - INFO - LUV - running symbols strategy to get entries and exits
2025-01-28 10:27:27,703 - utils_portfolio - INFO - Evaluating symbol if to open, close, or no change
2025-01-28 10:27:27,739 - utils_strategy - INFO - MCD - downloading data from yfinance
2025-01-28 10:27:35,917 - utils_portfolio - INFO - Checking if we have correct date
2025-01-28 10:27:35,932 - utils_portfolio - INFO - MCD - running symbols strategy to get entries and exits
2025-01-28 10:28:02,211 - utils_portfolio - INFO - Evaluating symbol if to open, close, or no change
2025-01-28 10:28:02,255 - utils_strategy - INFO - MDLZ - downloading data from yfinance
2025-01-28 10:28:09,928 - utils_portfolio - INFO - Checking if we have correct date
2025-01-28 10:28:09,943 - utils_portfolio - INFO - MDLZ - running symbols strategy to get entries and exits
2025-01-28 10:28:35,346 - utils_portfolio - INFO - Evaluating symbol if to open, close, or no change
2025-01-28 10:28:35,380 - utils_strategy - INFO - MDT - downloading data from yfinance
2025-01-28 10:28:43,468 - utils_portfolio - INFO - Checking if we have correct date
2025-01-28 10:28:43,489 - utils_portfolio - INFO - MDT - running symbols strategy to get entries and exits
2025-01-28 10:29:10,006 - utils_portfolio - INFO - Evaluating symbol if to open, close, or no change
2025-01-28 10:29:10,042 - utils_strategy - INFO - META - downloading data from yfinance
2025-01-28 10:29:14,632 - utils_portfolio - INFO - Checking if we have correct date
2025-01-28 10:29:14,638 - utils_portfolio - INFO - META - running symbols strategy to get entries and exits
2025-01-28 10:29:31,372 - utils_portfolio - INFO - Evaluating symbol if to open, close, or no change
2025-01-28 10:29:31,399 - utils_strategy - INFO - MMM - downloading data from yfinance
2025-01-28 10:29:39,755 - utils_portfolio - INFO - Checking if we have correct date
2025-01-28 10:29:39,771 - utils_portfolio - INFO - MMM - running symbols strategy to get entries and exits
2025-01-28 10:30:06,280 - utils_portfolio - INFO - Evaluating symbol if to open, close, or no change
2025-01-28 10:30:06,322 - utils_strategy - INFO - MRIN - downloading data from yfinance
2025-01-28 10:30:10,724 - utils_portfolio - INFO - Checking if we have correct date
2025-01-28 10:30:10,738 - utils_portfolio - INFO - MRIN - running symbols strategy to get entries and exits
2025-01-28 10:30:27,300 - utils_portfolio - INFO - Evaluating symbol if to open, close, or no change
2025-01-28 10:30:27,325 - utils_strategy - INFO - MRO - downloading data from yfinance
2025-01-28 10:30:29,509 - yfinance - ERROR - 
1 Failed download:
2025-01-28 10:30:29,510 - yfinance - ERROR - ['MRO']: Exception('%ticker%: No data found, symbol may be delisted')
2025-01-28 10:30:29,514 - utils_strategy - WARNING - MRO - No data available from yfinance
2025-01-28 10:30:29,697 - root - WARNING - MRO - in data prep or during data download occured an error, skipping symbol: Argument 'high' has incorrect type (expected numpy.ndarray, got NoneType)
2025-01-28 10:30:29,698 - utils_strategy - INFO - MRVL - downloading data from yfinance
2025-01-28 10:30:37,427 - utils_portfolio - INFO - Checking if we have correct date
2025-01-28 10:30:37,442 - utils_portfolio - INFO - MRVL - running symbols strategy to get entries and exits
2025-01-28 10:31:03,512 - utils_portfolio - INFO - Evaluating symbol if to open, close, or no change
2025-01-28 10:31:03,547 - utils_strategy - INFO - MSTR - downloading data from yfinance
2025-01-28 10:31:11,562 - utils_portfolio - INFO - Checking if we have correct date
2025-01-28 10:31:11,579 - utils_portfolio - INFO - MSTR - running symbols strategy to get entries and exits
2025-01-28 10:31:37,949 - utils_portfolio - INFO - Evaluating symbol if to open, close, or no change
2025-01-28 10:31:37,986 - utils_strategy - INFO - NCLH - downloading data from yfinance
2025-01-28 10:31:42,321 - utils_portfolio - INFO - Checking if we have correct date
2025-01-28 10:31:42,335 - utils_portfolio - INFO - NCLH - running symbols strategy to get entries and exits
2025-01-28 10:31:58,261 - utils_portfolio - INFO - Evaluating symbol if to open, close, or no change
2025-01-28 10:31:58,287 - utils_strategy - INFO - NEE - downloading data from yfinance
2025-01-28 10:32:06,481 - utils_portfolio - INFO - Checking if we have correct date
2025-01-28 10:32:06,496 - utils_portfolio - INFO - NEE - running symbols strategy to get entries and exits
2025-01-28 10:32:33,044 - utils_portfolio - INFO - Evaluating symbol if to open, close, or no change
2025-01-28 10:32:33,079 - utils_strategy - INFO - NEM - downloading data from yfinance
2025-01-28 10:32:41,204 - utils_portfolio - INFO - Checking if we have correct date
2025-01-28 10:32:41,219 - utils_portfolio - INFO - NEM - running symbols strategy to get entries and exits
2025-01-28 10:33:09,653 - utils_portfolio - INFO - Evaluating symbol if to open, close, or no change
2025-01-28 10:33:09,689 - utils_strategy - INFO - NXPL - downloading data from yfinance
2025-01-28 10:33:19,818 - utils_portfolio - INFO - Checking if we have correct date
2025-01-28 10:33:19,835 - utils_portfolio - INFO - NXPL - running symbols strategy to get entries and exits
2025-01-28 10:33:52,232 - utils_portfolio - INFO - Evaluating symbol if to open, close, or no change
2025-01-28 10:33:52,270 - utils_strategy - INFO - ON - downloading data from yfinance
2025-01-28 10:34:01,036 - utils_portfolio - INFO - Checking if we have correct date
2025-01-28 10:34:01,054 - utils_portfolio - INFO - ON - running symbols strategy to get entries and exits
2025-01-28 10:34:28,324 - utils_portfolio - INFO - Evaluating symbol if to open, close, or no change
2025-01-28 10:34:28,359 - utils_strategy - INFO - ORCL - downloading data from yfinance
2025-01-28 10:34:36,972 - utils_portfolio - INFO - Checking if we have correct date
2025-01-28 10:34:36,979 - utils_portfolio - INFO - ORCL - running symbols strategy to get entries and exits
2025-01-28 10:35:04,095 - utils_portfolio - INFO - Evaluating symbol if to open, close, or no change
2025-01-28 10:35:04,133 - utils_strategy - INFO - OXY - downloading data from yfinance
2025-01-28 10:35:12,467 - utils_portfolio - INFO - Checking if we have correct date
2025-01-28 10:35:12,481 - utils_portfolio - INFO - OXY - running symbols strategy to get entries and exits
2025-01-28 10:35:38,953 - utils_portfolio - INFO - Evaluating symbol if to open, close, or no change
2025-01-28 10:35:38,987 - utils_strategy - INFO - PAAS - downloading data from yfinance
2025-01-28 10:35:47,285 - utils_portfolio - INFO - Checking if we have correct date
2025-01-28 10:35:47,292 - utils_portfolio - INFO - PAAS - running symbols strategy to get entries and exits
2025-01-28 10:36:14,118 - utils_portfolio - INFO - Evaluating symbol if to open, close, or no change
2025-01-28 10:36:14,156 - utils_strategy - INFO - PANW - downloading data from yfinance
2025-01-28 10:36:18,661 - utils_portfolio - INFO - Checking if we have correct date
2025-01-28 10:36:18,676 - utils_portfolio - INFO - PANW - running symbols strategy to get entries and exits
2025-01-28 10:36:35,664 - utils_portfolio - INFO - Evaluating symbol if to open, close, or no change
2025-01-28 10:36:35,694 - utils_strategy - INFO - PARA - downloading data from yfinance
2025-01-28 10:36:42,216 - utils_portfolio - INFO - Checking if we have correct date
2025-01-28 10:36:42,231 - utils_portfolio - INFO - PARA - running symbols strategy to get entries and exits
2025-01-28 10:37:03,691 - utils_portfolio - INFO - Evaluating symbol if to open, close, or no change
2025-01-28 10:37:03,722 - utils_strategy - INFO - PLD - downloading data from yfinance
2025-01-28 10:37:11,836 - utils_portfolio - INFO - Checking if we have correct date
2025-01-28 10:37:11,843 - utils_portfolio - INFO - PLD - running symbols strategy to get entries and exits
2025-01-28 10:37:38,972 - utils_portfolio - INFO - Evaluating symbol if to open, close, or no change
2025-01-28 10:37:39,008 - utils_strategy - INFO - PM - downloading data from yfinance
2025-01-28 10:37:44,874 - utils_portfolio - INFO - Checking if we have correct date
2025-01-28 10:37:44,888 - utils_portfolio - INFO - PM - running symbols strategy to get entries and exits
2025-01-28 10:38:05,640 - utils_portfolio - INFO - Evaluating symbol if to open, close, or no change
2025-01-28 10:38:05,675 - utils_strategy - INFO - PYPL - downloading data from yfinance
2025-01-28 10:38:09,512 - utils_portfolio - INFO - Checking if we have correct date
2025-01-28 10:38:09,526 - utils_portfolio - INFO - PYPL - running symbols strategy to get entries and exits
2025-01-28 10:38:25,512 - utils_portfolio - INFO - Evaluating symbol if to open, close, or no change
2025-01-28 10:38:25,542 - utils_strategy - INFO - QCOM - downloading data from yfinance
2025-01-28 10:38:34,015 - utils_portfolio - INFO - Checking if we have correct date
2025-01-28 10:38:34,030 - utils_portfolio - INFO - QCOM - running symbols strategy to get entries and exits
2025-01-28 10:39:02,795 - utils_portfolio - INFO - Evaluating symbol if to open, close, or no change
2025-01-28 10:39:02,835 - utils_strategy - INFO - QLD - downloading data from yfinance
2025-01-28 10:39:09,536 - utils_portfolio - INFO - Checking if we have correct date
2025-01-28 10:39:09,724 - utils_portfolio - INFO - QLD - running symbols strategy to get entries and exits
2025-01-28 10:39:32,006 - utils_portfolio - INFO - Evaluating symbol if to open, close, or no change
2025-01-28 10:39:32,038 - utils_strategy - INFO - QQQ - downloading data from yfinance
2025-01-28 10:39:40,461 - utils_portfolio - INFO - Checking if we have correct date
2025-01-28 10:39:40,475 - utils_portfolio - INFO - QQQ - running symbols strategy to get entries and exits
2025-01-28 10:40:09,657 - utils_portfolio - INFO - Evaluating symbol if to open, close, or no change
2025-01-28 10:40:09,694 - utils_strategy - INFO - RSP - downloading data from yfinance
2025-01-28 10:40:17,283 - utils_portfolio - INFO - Checking if we have correct date
2025-01-28 10:40:17,298 - utils_portfolio - INFO - RSP - running symbols strategy to get entries and exits
2025-01-28 10:40:42,999 - utils_portfolio - INFO - Evaluating symbol if to open, close, or no change
2025-01-28 10:40:43,034 - utils_strategy - INFO - RUN - downloading data from yfinance
2025-01-28 10:40:46,932 - utils_portfolio - INFO - Checking if we have correct date
2025-01-28 10:40:46,947 - utils_portfolio - INFO - RUN - running symbols strategy to get entries and exits
2025-01-28 10:41:02,010 - utils_portfolio - INFO - Evaluating symbol if to open, close, or no change
2025-01-28 10:41:02,035 - utils_strategy - INFO - SCHD - downloading data from yfinance
2025-01-28 10:41:07,081 - utils_portfolio - INFO - Checking if we have correct date
2025-01-28 10:41:07,096 - utils_portfolio - INFO - SCHD - running symbols strategy to get entries and exits
2025-01-28 10:41:25,447 - utils_portfolio - INFO - Evaluating symbol if to open, close, or no change
2025-01-28 10:41:25,475 - utils_strategy - INFO - SHEL - downloading data from yfinance
2025-01-28 10:41:33,771 - utils_portfolio - INFO - Checking if we have correct date
2025-01-28 10:41:33,785 - utils_portfolio - INFO - SHEL - running symbols strategy to get entries and exits
2025-01-28 10:42:01,741 - utils_portfolio - INFO - Evaluating symbol if to open, close, or no change
2025-01-28 10:42:01,788 - utils_strategy - INFO - SHOP - downloading data from yfinance
2025-01-28 10:42:05,712 - utils_portfolio - INFO - Checking if we have correct date
2025-01-28 10:42:05,725 - utils_portfolio - INFO - SHOP - running symbols strategy to get entries and exits
2025-01-28 10:42:25,415 - utils_portfolio - INFO - Evaluating symbol if to open, close, or no change
2025-01-28 10:42:25,441 - utils_strategy - INFO - SIRI - downloading data from yfinance
2025-01-28 10:42:34,063 - utils_portfolio - INFO - Checking if we have correct date
2025-01-28 10:42:34,078 - utils_portfolio - INFO - SIRI - running symbols strategy to get entries and exits
2025-01-28 10:43:03,685 - utils_portfolio - INFO - Evaluating symbol if to open, close, or no change
2025-01-28 10:43:03,723 - utils_strategy - INFO - SMCI - downloading data from yfinance
2025-01-28 10:43:10,110 - utils_portfolio - INFO - Checking if we have correct date
2025-01-28 10:43:10,124 - utils_portfolio - INFO - SMCI - running symbols strategy to get entries and exits
2025-01-28 10:43:32,819 - utils_portfolio - INFO - Evaluating symbol if to open, close, or no change
2025-01-28 10:43:32,851 - utils_strategy - INFO - SNAP - downloading data from yfinance
2025-01-28 10:43:36,316 - utils_portfolio - INFO - Checking if we have correct date
2025-01-28 10:43:36,330 - utils_portfolio - INFO - SNAP - running symbols strategy to get entries and exits
2025-01-28 10:43:50,340 - utils_portfolio - INFO - Evaluating symbol if to open, close, or no change
2025-01-28 10:43:50,364 - utils_strategy - INFO - SOXL - downloading data from yfinance
2025-01-28 10:43:56,097 - utils_portfolio - INFO - Checking if we have correct date
2025-01-28 10:43:56,104 - utils_portfolio - INFO - SOXL - running symbols strategy to get entries and exits
2025-01-28 10:44:15,919 - utils_portfolio - INFO - Evaluating symbol if to open, close, or no change
2025-01-28 10:44:15,951 - utils_strategy - INFO - SPY - downloading data from yfinance
2025-01-28 10:44:25,025 - utils_portfolio - INFO - Checking if we have correct date
2025-01-28 10:44:25,032 - utils_portfolio - INFO - SPY - running symbols strategy to get entries and exits
2025-01-28 10:44:59,369 - utils_portfolio - INFO - Evaluating symbol if to open, close, or no change
2025-01-28 10:44:59,417 - utils_strategy - INFO - SQQQ - downloading data from yfinance
2025-01-28 10:45:05,367 - utils_portfolio - INFO - Checking if we have correct date
2025-01-28 10:45:05,382 - utils_portfolio - INFO - SQQQ - running symbols strategy to get entries and exits
2025-01-28 10:45:26,232 - utils_portfolio - INFO - Evaluating symbol if to open, close, or no change
2025-01-28 10:45:26,262 - utils_strategy - INFO - T - downloading data from yfinance
2025-01-28 10:45:35,089 - utils_portfolio - INFO - Checking if we have correct date
2025-01-28 10:45:35,104 - utils_portfolio - INFO - T - running symbols strategy to get entries and exits
2025-01-28 10:46:03,833 - utils_portfolio - INFO - Evaluating symbol if to open, close, or no change
2025-01-28 10:46:03,871 - utils_strategy - INFO - TFC - downloading data from yfinance
2025-01-28 10:46:12,349 - utils_portfolio - INFO - Checking if we have correct date
2025-01-28 10:46:12,364 - utils_portfolio - INFO - TFC - running symbols strategy to get entries and exits
2025-01-28 10:46:41,723 - utils_portfolio - INFO - Evaluating symbol if to open, close, or no change
2025-01-28 10:46:41,763 - utils_strategy - INFO - TJX - downloading data from yfinance
2025-01-28 10:46:50,333 - utils_portfolio - INFO - Checking if we have correct date
2025-01-28 10:46:50,348 - utils_portfolio - INFO - TJX - running symbols strategy to get entries and exits
2025-01-28 10:47:22,631 - utils_portfolio - INFO - Evaluating symbol if to open, close, or no change
2025-01-28 10:47:22,670 - utils_strategy - INFO - TLT - downloading data from yfinance
2025-01-28 10:47:31,655 - utils_portfolio - INFO - Checking if we have correct date
2025-01-28 10:47:31,670 - utils_portfolio - INFO - TLT - running symbols strategy to get entries and exits
2025-01-28 10:48:03,350 - utils_portfolio - INFO - Evaluating symbol if to open, close, or no change
2025-01-28 10:48:03,391 - utils_strategy - INFO - TMUS - downloading data from yfinance
2025-01-28 10:48:10,646 - utils_portfolio - INFO - Checking if we have correct date
2025-01-28 10:48:10,661 - utils_portfolio - INFO - TMUS - running symbols strategy to get entries and exits
2025-01-28 10:48:37,953 - utils_portfolio - INFO - Evaluating symbol if to open, close, or no change
2025-01-28 10:48:37,986 - utils_strategy - INFO - TZA - downloading data from yfinance
2025-01-28 10:48:45,058 - utils_portfolio - INFO - Checking if we have correct date
2025-01-28 10:48:45,073 - utils_portfolio - INFO - TZA - running symbols strategy to get entries and exits
2025-01-28 10:49:15,493 - utils_portfolio - INFO - Evaluating symbol if to open, close, or no change
2025-01-28 10:49:15,524 - utils_strategy - INFO - UVXY - downloading data from yfinance
2025-01-28 10:49:20,356 - utils_portfolio - INFO - Checking if we have correct date
2025-01-28 10:49:20,371 - utils_portfolio - INFO - UVXY - running symbols strategy to get entries and exits
2025-01-28 10:49:39,296 - utils_portfolio - INFO - Evaluating symbol if to open, close, or no change
2025-01-28 10:49:39,325 - utils_strategy - INFO - V - downloading data from yfinance
2025-01-28 10:49:45,270 - utils_portfolio - INFO - Checking if we have correct date
2025-01-28 10:49:45,284 - utils_portfolio - INFO - V - running symbols strategy to get entries and exits
2025-01-28 10:50:07,142 - utils_portfolio - INFO - Evaluating symbol if to open, close, or no change
2025-01-28 10:50:07,173 - utils_strategy - INFO - VST - downloading data from yfinance
2025-01-28 10:50:10,566 - utils_portfolio - INFO - Checking if we have correct date
2025-01-28 10:50:10,581 - utils_portfolio - INFO - VST - running symbols strategy to get entries and exits
2025-01-28 10:50:24,209 - utils_portfolio - INFO - Evaluating symbol if to open, close, or no change
2025-01-28 10:50:24,232 - utils_strategy - INFO - VTI - downloading data from yfinance
2025-01-28 10:50:32,217 - utils_portfolio - INFO - Checking if we have correct date
2025-01-28 10:50:32,223 - utils_portfolio - INFO - VTI - running symbols strategy to get entries and exits
2025-01-28 10:50:58,329 - utils_portfolio - INFO - Evaluating symbol if to open, close, or no change
2025-01-28 10:50:58,366 - utils_strategy - INFO - VZ - downloading data from yfinance
2025-01-28 10:51:06,990 - utils_portfolio - INFO - Checking if we have correct date
2025-01-28 10:51:07,005 - utils_portfolio - INFO - VZ - running symbols strategy to get entries and exits
2025-01-28 10:51:33,972 - utils_portfolio - INFO - Evaluating symbol if to open, close, or no change
2025-01-28 10:51:34,010 - utils_strategy - INFO - WBA - downloading data from yfinance
2025-01-28 10:51:42,496 - utils_portfolio - INFO - Checking if we have correct date
2025-01-28 10:51:42,510 - utils_portfolio - INFO - WBA - running symbols strategy to get entries and exits
2025-01-28 10:52:10,494 - utils_portfolio - INFO - Evaluating symbol if to open, close, or no change
2025-01-28 10:52:10,531 - utils_strategy - INFO - WFC - downloading data from yfinance
2025-01-28 10:52:20,135 - utils_portfolio - INFO - Checking if we have correct date
2025-01-28 10:52:20,150 - utils_portfolio - INFO - WFC - running symbols strategy to get entries and exits
2025-01-28 10:52:52,908 - utils_portfolio - INFO - Evaluating symbol if to open, close, or no change
2025-01-28 10:52:52,957 - utils_strategy - INFO - WMB - downloading data from yfinance
2025-01-28 10:53:01,626 - utils_portfolio - INFO - Checking if we have correct date
2025-01-28 10:53:01,643 - utils_portfolio - INFO - WMB - running symbols strategy to get entries and exits
2025-01-28 10:53:29,495 - utils_portfolio - INFO - Evaluating symbol if to open, close, or no change
2025-01-28 10:53:29,531 - utils_strategy - INFO - WMT - downloading data from yfinance
2025-01-28 10:53:37,987 - utils_portfolio - INFO - Checking if we have correct date
2025-01-28 10:53:38,001 - utils_portfolio - INFO - WMT - running symbols strategy to get entries and exits
2025-01-28 10:54:04,562 - utils_portfolio - INFO - Evaluating symbol if to open, close, or no change
2025-01-28 10:54:04,597 - utils_strategy - INFO - XLF - downloading data from yfinance
2025-01-28 10:54:12,724 - utils_portfolio - INFO - Checking if we have correct date
2025-01-28 10:54:12,738 - utils_portfolio - INFO - XLF - running symbols strategy to get entries and exits
2025-01-28 10:54:41,582 - utils_portfolio - INFO - Evaluating symbol if to open, close, or no change
2025-01-28 10:54:41,619 - utils_strategy - INFO - XLU - downloading data from yfinance
2025-01-28 10:54:49,777 - utils_portfolio - INFO - Checking if we have correct date
2025-01-28 10:54:49,792 - utils_portfolio - INFO - XLU - running symbols strategy to get entries and exits
2025-01-28 10:55:16,912 - utils_portfolio - INFO - Evaluating symbol if to open, close, or no change
2025-01-28 10:55:16,949 - utils_strategy - INFO - XOM - downloading data from yfinance
2025-01-28 10:55:25,541 - utils_portfolio - INFO - Checking if we have correct date
2025-01-28 10:55:25,555 - utils_portfolio - INFO - XOM - running symbols strategy to get entries and exits
2025-01-28 10:55:52,703 - utils_portfolio - INFO - Evaluating symbol if to open, close, or no change
2025-01-28 10:55:52,744 - utils_strategy - INFO - ZTS - downloading data from yfinance
2025-01-28 10:55:57,359 - utils_portfolio - INFO - Checking if we have correct date
2025-01-28 10:55:57,374 - utils_portfolio - INFO - ZTS - running symbols strategy to get entries and exits
2025-01-28 10:56:15,268 - utils_portfolio - INFO - Evaluating symbol if to open, close, or no change
2025-01-28 10:56:15,296 - root - INFO - Portfolio p1 symbols actions - {'ACB': 'no_change', 'ACN': 'no_change', 'ADBE': 'no_change', 'ALB': 'no_change', 'AMAT': 'no_change', 'AMD': 'no_change', 'AMT': 'no_change', 'AMZN': 'no_change', 'ANET': 'close', 'ARKK': 'no_change', 'AVGO': 'close', 'BA': 'no_change', 'BABA': 'no_change', 'BMY': 'no_change', 'BSX': 'no_change', 'CMCSA': 'no_change', 'COP': 'open', 'CSX': 'no_change', 'CVNA': 'open', 'CVX': 'no_change', 'DAL': 'no_change', 'DELL': 'no_change', 'ENPH': 'no_change', 'ETN': 'no_change', 'F': 'no_change', 'FXI': 'no_change', 'GBTC': 'no_change', 'GDX': 'no_change', 'GDXJ': 'no_change', 'GE': 'no_change', 'GLD': 'no_change', 'GM': 'no_change', 'GOOG': 'no_change', 'HAL': 'close', 'HBAN': 'no_change', 'HPQ': 'no_change', 'HYG': 'no_change', 'INTC': 'no_change', 'IP': 'no_change', 'JNJ': 'open', 'KEY': 'close', 'KMI': 'no_change', 'KMX': 'no_change', 'LOW': 'no_change', 'LUV': 'no_change', 'MCD': 'open', 'MDLZ': 'no_change', 'MDT': 'no_change', 'META': 'no_change', 'MMM': 'no_change', 'MRIN': 'no_change', 'MRVL': 'no_change', 'MSTR': 'no_change', 'NCLH': 'close', 'NEE': 'no_change', 'NEM': 'no_change', 'NXPL': 'no_change', 'ON': 'no_change', 'ORCL': 'no_change', 'OXY': 'no_change', 'PAAS': 'no_change', 'PANW': 'no_change', 'PARA': 'no_change', 'PLD': 'no_change', 'PM': 'no_change', 'PYPL': 'no_change', 'QCOM': 'no_change', 'QLD': 'no_change', 'QQQ': 'no_change', 'RSP': 'close', 'RUN': 'close', 'SCHD': 'no_change', 'SHEL': 'no_change', 'SHOP': 'no_change', 'SIRI': 'no_change', 'SMCI': 'no_change', 'SNAP': 'no_change', 'SOXL': 'no_change', 'SPY': 'no_change', 'SQQQ': 'open', 'T': 'no_change', 'TFC': 'close', 'TJX': 'no_change', 'TLT': 'no_change', 'TMUS': 'no_change', 'TZA': 'open', 'UVXY': 'no_change', 'V': 'no_change', 'VST': 'no_change', 'VTI': 'close', 'VZ': 'no_change', 'WBA': 'no_change', 'WFC': 'open', 'WMB': 'no_change', 'WMT': 'no_change', 'XLF': 'no_change', 'XLU': 'no_change', 'XOM': 'no_change', 'ZTS': 'open'}
2025-01-28 10:56:15,296 - utils_portfolio - INFO - Submitting orders to close existing positions
2025-01-28 10:56:15,900 - utils_portfolio - WARNING - ANET - trying to close non-existing position
2025-01-28 10:56:16,311 - utils_portfolio - WARNING - HAL - trying to close non-existing position
2025-01-28 10:56:16,423 - utils_portfolio - WARNING - KEY - trying to close non-existing position
2025-01-28 10:56:16,537 - utils_portfolio - WARNING - NCLH - trying to close non-existing position
2025-01-28 10:56:16,832 - utils_portfolio - WARNING - RUN - trying to close non-existing position
2025-01-28 10:56:17,129 - utils_portfolio - WARNING - VTI - trying to close non-existing position
2025-01-28 10:56:17,133 - utils_portfolio - INFO - Updating state of portfolio - p1
2025-01-28 10:56:17,134 - utils_portfolio - INFO - Calculating closed trades stats
2025-01-28 10:56:17,134 - utils_portfolio - INFO - Processing symbol - ACB
2025-01-28 10:56:17,653 - utils_portfolio - INFO - Processing symbol - ACN
2025-01-28 10:56:17,857 - utils_portfolio - INFO - Processing symbol - ADBE
2025-01-28 10:56:18,061 - utils_portfolio - INFO - Processing symbol - ALB
2025-01-28 10:56:18,262 - utils_portfolio - INFO - Processing symbol - AMAT
2025-01-28 10:56:18,446 - utils_portfolio - INFO - Processing symbol - AMD
2025-01-28 10:56:18,574 - utils_portfolio - INFO - Processing symbol - AMT
2025-01-28 10:56:18,691 - utils_portfolio - INFO - Processing symbol - AMZN
2025-01-28 10:56:18,805 - utils_portfolio - INFO - Processing symbol - ANET
2025-01-28 10:56:18,974 - utils_portfolio - INFO - Processing symbol - ARKK
2025-01-28 10:56:19,179 - utils_portfolio - INFO - Processing symbol - AVGO
2025-01-28 10:56:19,393 - utils_portfolio - INFO - Processing symbol - BA
2025-01-28 10:56:19,513 - utils_portfolio - INFO - Processing symbol - BABA
2025-01-28 10:56:19,698 - utils_portfolio - INFO - Processing symbol - BMY
2025-01-28 10:56:19,896 - utils_portfolio - INFO - Processing symbol - BSX
2025-01-28 10:56:20,102 - utils_portfolio - INFO - Processing symbol - CMCSA
2025-01-28 10:56:20,312 - utils_portfolio - INFO - Processing symbol - COP
2025-01-28 10:56:20,513 - utils_portfolio - INFO - Processing symbol - CSX
2025-01-28 10:56:20,721 - utils_portfolio - INFO - Processing symbol - CVNA
