2024-05-04 10:27:31,799 - root - INFO - Logger is setup
2024-05-04 10:27:31,846 - utils_portfolio - INFO - Updating info of portfolio - p1
2024-05-04 10:27:31,916 - utils_portfolio - INFO - Updating state of portfolio - p1
2024-05-04 10:27:31,917 - utils_portfolio - INFO - Calculating closed trades stats
2024-05-04 10:27:34,576 - utils_portfolio - INFO - Calculating open trades stats
2024-05-04 10:27:37,042 - utils_portfolio - INFO - Calculating symbols weights
2024-05-04 10:27:37,043 - root - INFO - Portfolio p1 symbols weights - {'PLTR': 0.09090909090909091, 'BTC/USD': 0.09090909090909091, 'AAL': 0.09090909090909091, 'VRT': 0.09090909090909091, 'GBTC': 0.09090909090909091, 'DELL': 0.09090909090909091, 'GM': 0.09090909090909091, 'IYR': 0.09090909090909091, 'DKNG': 0.09090909090909091, 'EBAY': 0.09090909090909091, 'CRWD': 0.09090909090909091}
2024-05-04 10:27:37,043 - utils_strategy - INFO - PLTR - downloading data from alpaca - stock client
2024-05-04 10:27:37,877 - utils_portfolio - INFO - Checking if we have correct date
2024-05-04 10:27:37,877 - utils_strategy - INFO - BTC/USD - downloading data from alpaca - stock client
2024-05-04 10:27:38,352 - utils_strategy - INFO - BTC/USD - downloading data from alpaca - crypto client
2024-05-04 10:27:39,518 - utils_portfolio - INFO - Checking if we have correct date
2024-05-04 10:27:39,518 - utils_portfolio - INFO - BTC/USD - running symbols strategy to get entries and exits
2024-05-04 10:27:39,545 - utils_portfolio - INFO - Evaluating symbol if to open, close, or no change
2024-05-04 10:27:44,801 - utils_strategy - INFO - AAL - downloading data from alpaca - stock client
2024-05-04 10:27:46,177 - utils_portfolio - INFO - Checking if we have correct date
2024-05-04 10:27:46,177 - utils_strategy - INFO - VRT - downloading data from alpaca - stock client
2024-05-04 10:27:47,010 - utils_portfolio - INFO - Checking if we have correct date
2024-05-04 10:27:47,010 - utils_strategy - INFO - GBTC - downloading data from alpaca - stock client
2024-05-04 10:27:47,576 - utils_portfolio - INFO - Checking if we have correct date
2024-05-04 10:27:47,576 - utils_strategy - INFO - DELL - downloading data from alpaca - stock client
2024-05-04 10:27:48,537 - utils_portfolio - INFO - Checking if we have correct date
2024-05-04 10:27:48,538 - utils_strategy - INFO - GM - downloading data from alpaca - stock client
2024-05-04 10:27:49,890 - utils_portfolio - INFO - Checking if we have correct date
2024-05-04 10:27:49,890 - utils_strategy - INFO - IYR - downloading data from alpaca - stock client
2024-05-04 10:27:51,193 - utils_portfolio - INFO - Checking if we have correct date
2024-05-04 10:27:51,193 - utils_strategy - INFO - DKNG - downloading data from alpaca - stock client
2024-05-04 10:27:51,864 - utils_portfolio - INFO - Checking if we have correct date
2024-05-04 10:27:51,864 - utils_strategy - INFO - EBAY - downloading data from alpaca - stock client
2024-05-04 10:27:53,064 - utils_portfolio - INFO - Checking if we have correct date
2024-05-04 10:27:53,064 - utils_strategy - INFO - CRWD - downloading data from alpaca - stock client
2024-05-04 10:27:54,073 - utils_portfolio - INFO - Checking if we have correct date
2024-05-04 10:27:54,073 - root - INFO - Portfolio p1 symbols actions - {'BTCUSD': 'no_change'}
2024-05-04 10:27:54,073 - utils_portfolio - INFO - Submitting orders to close existing positions
2024-05-04 10:27:54,073 - utils_portfolio - INFO - Portfolio p1 - calculating position sizes
2024-05-04 10:27:54,100 - root - INFO - Portfolio p1 position sizes - symbol
PLTR      455.9
BTCUSD    455.9
AAL       455.9
VRT       455.9
GBTC      455.9
DELL      455.9
GM        455.9
IYR       455.9
DKNG      455.9
EBAY      455.9
CRWD      455.9
Name: position, dtype: float64
2024-05-04 10:27:54,100 - utils_portfolio - INFO - Submitting orders to open positions
2024-05-04 10:27:54,100 - root - INFO - XXXXXXXXXXXXXXXXXXXX --- DONE --- XXXXXXXXXXXXXXXXXXXX
2024-05-04 10:27:54,100 - utils_portfolio - INFO - Updating info of portfolio - p2
2024-05-04 10:27:54,157 - utils_portfolio - INFO - Updating state of portfolio - p2
2024-05-04 10:27:54,158 - utils_portfolio - INFO - Calculating closed trades stats
2024-05-04 10:27:56,243 - utils_portfolio - INFO - Calculating open trades stats
2024-05-04 10:27:58,443 - utils_portfolio - INFO - Calculating symbols weights
2024-05-04 10:27:58,443 - utils_portfolio - INFO - Calculating closed trades count
2024-05-04 10:28:00,581 - root - INFO - Portfolio p2 symbols weights - {'AAPL': 0.1111111111111111, 'GOOGL': 0.1111111111111111, 'META': 0.1111111111111111, 'MRVL': 0.1111111111111111, 'MSTR': 0.1111111111111111, 'SCHD': 0.1111111111111111, 'BITO': 0.1111111111111111, 'AVGO': 0.1111111111111111, 'SOUN': 0.1111111111111111}
2024-05-04 10:28:00,583 - utils_strategy - INFO - AAPL - downloading data from yfinance
2024-05-04 10:28:01,285 - utils_portfolio - INFO - Checking if we have correct date
2024-05-04 10:28:01,285 - utils_strategy - INFO - GOOGL - downloading data from yfinance
2024-05-04 10:28:01,535 - utils_portfolio - INFO - Checking if we have correct date
2024-05-04 10:28:01,535 - utils_strategy - INFO - META - downloading data from yfinance
2024-05-04 10:28:01,691 - utils_portfolio - INFO - Checking if we have correct date
2024-05-04 10:28:01,691 - utils_strategy - INFO - MRVL - downloading data from yfinance
2024-05-04 10:28:01,935 - utils_portfolio - INFO - Checking if we have correct date
2024-05-04 10:28:01,935 - utils_strategy - INFO - MSTR - downloading data from yfinance
2024-05-04 10:28:02,198 - utils_portfolio - INFO - Checking if we have correct date
2024-05-04 10:28:02,198 - utils_strategy - INFO - SCHD - downloading data from yfinance
2024-05-04 10:28:02,387 - utils_portfolio - INFO - Checking if we have correct date
2024-05-04 10:28:02,388 - utils_strategy - INFO - BITO - downloading data from yfinance
2024-05-04 10:28:02,485 - utils_portfolio - INFO - Checking if we have correct date
2024-05-04 10:28:02,485 - utils_strategy - INFO - AVGO - downloading data from yfinance
2024-05-04 10:28:02,668 - utils_portfolio - INFO - Checking if we have correct date
2024-05-04 10:28:02,668 - utils_strategy - INFO - SOUN - downloading data from yfinance
2024-05-04 10:28:02,758 - utils_portfolio - INFO - Checking if we have correct date
2024-05-04 10:28:02,758 - root - INFO - Portfolio p2 symbols actions - {}
2024-05-04 10:28:02,758 - utils_portfolio - INFO - Submitting orders to close existing positions
2024-05-04 10:28:02,759 - utils_portfolio - INFO - Portfolio p2 - calculating position sizes
2024-05-04 10:28:02,789 - root - INFO - Portfolio p2 position sizes - symbol
AAPL     560.25
GOOGL    560.25
META     560.25
MRVL     560.25
MSTR     560.25
SCHD     560.26
BITO     560.25
AVGO     560.25
SOUN     560.26
Name: position, dtype: float64
2024-05-04 10:28:02,789 - utils_portfolio - INFO - Submitting orders to open positions
2024-05-04 10:28:02,789 - root - INFO - XXXXXXXXXXXXXXXXXXXX --- DONE --- XXXXXXXXXXXXXXXXXXXX
2024-05-04 10:28:02,790 - utils_portfolio - INFO - Updating info of portfolio - p3
2024-05-04 10:28:02,853 - utils_portfolio - INFO - Updating state of portfolio - p3
2024-05-04 10:28:02,853 - utils_portfolio - INFO - Calculating closed trades stats
2024-05-04 10:28:04,905 - utils_portfolio - INFO - Calculating open trades stats
2024-05-04 10:28:06,845 - utils_portfolio - INFO - Calculating symbols weights
2024-05-04 10:28:06,846 - root - INFO - Portfolio p3 symbols weights - {'TSLA': 0.1, 'NVDA': 0.1, 'AMD': 0.1, 'QQQ': 0.1, 'AMZN': 0.1, 'TQQQ': 0.1, 'VOO': 0.1, 'BABA': 0.1, 'BA': 0.1, 'XLI': 0.1}
2024-05-04 10:28:06,846 - utils_strategy - INFO - TSLA - downloading data from yfinance
2024-05-04 10:28:07,091 - utils_portfolio - INFO - Checking if we have correct date
2024-05-04 10:28:07,092 - utils_strategy - INFO - NVDA - downloading data from yfinance
2024-05-04 10:28:07,593 - utils_portfolio - INFO - Checking if we have correct date
2024-05-04 10:28:07,593 - utils_strategy - INFO - AMD - downloading data from yfinance
2024-05-04 10:28:07,826 - utils_portfolio - INFO - Checking if we have correct date
2024-05-04 10:28:07,826 - utils_strategy - INFO - QQQ - downloading data from yfinance
2024-05-04 10:28:08,146 - utils_portfolio - INFO - Checking if we have correct date
2024-05-04 10:28:08,147 - utils_strategy - INFO - AMZN - downloading data from yfinance
2024-05-04 10:28:08,363 - utils_portfolio - INFO - Checking if we have correct date
2024-05-04 10:28:08,363 - utils_strategy - INFO - TQQQ - downloading data from yfinance
2024-05-04 10:28:08,569 - utils_portfolio - INFO - Checking if we have correct date
2024-05-04 10:28:08,569 - utils_strategy - INFO - VOO - downloading data from yfinance
2024-05-04 10:28:08,752 - utils_portfolio - INFO - Checking if we have correct date
2024-05-04 10:28:08,752 - utils_strategy - INFO - BABA - downloading data from yfinance
2024-05-04 10:28:08,879 - utils_portfolio - INFO - Checking if we have correct date
2024-05-04 10:28:08,879 - utils_strategy - INFO - BA - downloading data from yfinance
2024-05-04 10:28:09,251 - utils_portfolio - INFO - Checking if we have correct date
2024-05-04 10:28:09,252 - utils_strategy - INFO - XLI - downloading data from yfinance
2024-05-04 10:28:09,602 - utils_portfolio - INFO - Checking if we have correct date
2024-05-04 10:28:09,602 - root - INFO - Portfolio p3 symbols actions - {}
2024-05-04 10:28:09,602 - utils_portfolio - INFO - Submitting orders to close existing positions
2024-05-04 10:28:09,602 - utils_portfolio - INFO - Portfolio p3 - calculating position sizes
2024-05-04 10:28:09,629 - root - INFO - Portfolio p3 position sizes - symbol
TSLA    502.76
NVDA    502.76
AMD     502.76
QQQ     503.16
AMZN    502.76
TQQQ    502.76
VOO     503.16
BABA    502.76
BA      503.16
XLI     502.76
Name: position, dtype: float64
2024-05-04 10:28:09,629 - utils_portfolio - INFO - Submitting orders to open positions
2024-05-04 10:28:09,629 - root - INFO - XXXXXXXXXXXXXXXXXXXX --- DONE --- XXXXXXXXXXXXXXXXXXXX
2024-05-04 10:28:09,629 - utils_portfolio - INFO - Updating info of portfolio - p4
2024-05-04 10:28:09,760 - utils_portfolio - INFO - Updating state of portfolio - p4
2024-05-04 10:28:09,761 - utils_portfolio - INFO - Calculating closed trades stats
2024-05-04 10:28:13,506 - utils_portfolio - INFO - Calculating open trades stats
2024-05-04 10:28:16,844 - utils_portfolio - INFO - Calculating symbols weights
2024-05-04 10:28:16,844 - root - INFO - Portfolio p4 symbols weights - {'RIOT': 0.05, 'NEE': 0.05, 'SLV': 0.05, 'SHOP': 0.05, 'FAST': 0.05, 'SPXL': 0.05, 'VALE': 0.05, 'SNAP': 0.05, 'WDC': 0.05, 'MO': 0.05, 'PM': 0.05, 'SQ': 0.05, 'PDD': 0.05, 'ABBV': 0.05, 'ON': 0.05, 'UPRO': 0.05, 'TSLL': 0.05, 'PBR': 0.05, 'MP': 0.05, 'U': 0.05}
2024-05-04 10:28:16,845 - utils_strategy - INFO - RIOT - downloading data from yfinance
2024-05-04 10:28:17,041 - utils_portfolio - INFO - Checking if we have correct date
2024-05-04 10:28:17,041 - utils_strategy - INFO - NEE - downloading data from yfinance
2024-05-04 10:28:17,359 - utils_portfolio - INFO - Checking if we have correct date
2024-05-04 10:28:17,360 - utils_strategy - INFO - SLV - downloading data from yfinance
2024-05-04 10:28:17,674 - utils_portfolio - INFO - Checking if we have correct date
2024-05-04 10:28:17,674 - utils_strategy - INFO - SHOP - downloading data from yfinance
2024-05-04 10:28:17,817 - utils_portfolio - INFO - Checking if we have correct date
2024-05-04 10:28:17,817 - utils_strategy - INFO - FAST - downloading data from yfinance
2024-05-04 10:28:18,178 - utils_portfolio - INFO - Checking if we have correct date
2024-05-04 10:28:18,178 - utils_strategy - INFO - SPXL - downloading data from yfinance
2024-05-04 10:28:18,444 - utils_portfolio - INFO - Checking if we have correct date
2024-05-04 10:28:18,444 - utils_strategy - INFO - VALE - downloading data from yfinance
2024-05-04 10:28:18,773 - utils_portfolio - INFO - Checking if we have correct date
2024-05-04 10:28:18,773 - utils_strategy - INFO - SNAP - downloading data from yfinance
2024-05-04 10:28:18,881 - utils_portfolio - INFO - Checking if we have correct date
2024-05-04 10:28:18,882 - utils_strategy - INFO - WDC - downloading data from yfinance
2024-05-04 10:28:19,098 - utils_portfolio - INFO - Checking if we have correct date
2024-05-04 10:28:19,099 - utils_strategy - INFO - MO - downloading data from yfinance
2024-05-04 10:28:19,501 - utils_portfolio - INFO - Checking if we have correct date
2024-05-04 10:28:19,501 - utils_strategy - INFO - PM - downloading data from yfinance
2024-05-04 10:28:19,710 - utils_portfolio - INFO - Checking if we have correct date
2024-05-04 10:28:19,710 - utils_strategy - INFO - SQ - downloading data from yfinance
2024-05-04 10:28:19,841 - utils_portfolio - INFO - Checking if we have correct date
2024-05-04 10:28:19,841 - utils_strategy - INFO - PDD - downloading data from yfinance
2024-05-04 10:28:19,994 - utils_portfolio - INFO - Checking if we have correct date
2024-05-04 10:28:19,994 - utils_strategy - INFO - ABBV - downloading data from yfinance
2024-05-04 10:28:20,143 - utils_portfolio - INFO - Checking if we have correct date
2024-05-04 10:28:20,143 - utils_strategy - INFO - ON - downloading data from yfinance
2024-05-04 10:28:20,342 - utils_portfolio - INFO - Checking if we have correct date
2024-05-04 10:28:20,342 - utils_strategy - INFO - UPRO - downloading data from yfinance
2024-05-04 10:28:20,538 - utils_portfolio - INFO - Checking if we have correct date
2024-05-04 10:28:20,539 - utils_strategy - INFO - TSLL - downloading data from yfinance
2024-05-04 10:28:20,640 - utils_portfolio - INFO - Checking if we have correct date
2024-05-04 10:28:20,641 - utils_strategy - INFO - PBR - downloading data from yfinance
2024-05-04 10:28:20,942 - utils_portfolio - INFO - Checking if we have correct date
2024-05-04 10:28:20,943 - utils_strategy - INFO - MP - downloading data from yfinance
2024-05-04 10:28:21,044 - utils_portfolio - INFO - Checking if we have correct date
2024-05-04 10:28:21,045 - utils_strategy - INFO - U - downloading data from yfinance
2024-05-04 10:28:21,154 - utils_portfolio - INFO - Checking if we have correct date
2024-05-04 10:28:21,155 - root - INFO - Portfolio p4 symbols actions - {}
2024-05-04 10:28:21,155 - utils_portfolio - INFO - Submitting orders to close existing positions
2024-05-04 10:28:21,155 - utils_portfolio - INFO - Portfolio p4 - calculating position sizes
2024-05-04 10:28:21,184 - root - INFO - Portfolio p4 position sizes - symbol
RIOT    248.22
NEE     248.22
SLV     248.22
SHOP    248.22
FAST    248.22
SPXL    248.22
VALE    248.22
SNAP    248.22
WDC     248.22
MO      248.22
PM      248.22
SQ      248.22
PDD     248.22
ABBV    248.22
ON      248.22
UPRO    248.22
TSLL    248.22
PBR     248.22
MP      248.22
U       248.22
Name: position, dtype: float64
2024-05-04 10:28:21,184 - utils_portfolio - INFO - Submitting orders to open positions
2024-05-04 10:28:21,184 - root - INFO - XXXXXXXXXXXXXXXXXXXX --- DONE --- XXXXXXXXXXXXXXXXXXXX
