2025-01-17 11:05:11,913 - utils_portfolio - INFO - Checking if we have correct date
2025-01-17 11:05:11,927 - utils_portfolio - INFO - CAG - running symbols strategy to get entries and exits
2025-01-17 11:05:40,119 - utils_portfolio - INFO - Evaluating symbol if to open, close, or no change
2025-01-17 11:05:40,160 - utils_strategy - INFO - CAT - downloading data from yfinance
2025-01-17 11:05:48,806 - utils_portfolio - INFO - Checking if we have correct date
2025-01-17 11:05:48,827 - utils_portfolio - INFO - CAT - running symbols strategy to get entries and exits
2025-01-17 11:06:17,137 - utils_portfolio - INFO - Evaluating symbol if to open, close, or no change
2025-01-17 11:06:17,189 - utils_strategy - INFO - CCJ - downloading data from yfinance
2025-01-17 11:06:26,243 - utils_portfolio - INFO - Checking if we have correct date
2025-01-17 11:06:26,256 - utils_portfolio - INFO - CCJ - running symbols strategy to get entries and exits
2025-01-17 11:06:53,823 - utils_portfolio - INFO - Evaluating symbol if to open, close, or no change
2025-01-17 11:06:53,859 - utils_strategy - INFO - CCL - downloading data from yfinance
2025-01-17 11:07:02,975 - utils_portfolio - INFO - Checking if we have correct date
2025-01-17 11:07:02,993 - utils_portfolio - INFO - CCL - running symbols strategy to get entries and exits
2025-01-17 11:07:31,407 - utils_portfolio - INFO - Evaluating symbol if to open, close, or no change
2025-01-17 11:07:31,448 - utils_strategy - INFO - CGC - downloading data from yfinance
2025-01-17 11:07:35,681 - utils_portfolio - INFO - Checking if we have correct date
2025-01-17 11:07:35,694 - utils_portfolio - INFO - CGC - running symbols strategy to get entries and exits
2025-01-17 11:07:52,202 - utils_portfolio - INFO - Evaluating symbol if to open, close, or no change
2025-01-17 11:07:52,226 - utils_strategy - INFO - CLF - downloading data from yfinance
2025-01-17 11:08:01,045 - utils_portfolio - INFO - Checking if we have correct date
2025-01-17 11:08:01,067 - utils_portfolio - INFO - CLF - running symbols strategy to get entries and exits
2025-01-17 11:08:29,757 - utils_portfolio - INFO - Evaluating symbol if to open, close, or no change
2025-01-17 11:08:29,795 - utils_strategy - INFO - COST - downloading data from yfinance
2025-01-17 11:08:38,254 - utils_portfolio - INFO - Checking if we have correct date
2025-01-17 11:08:38,260 - utils_portfolio - INFO - COST - running symbols strategy to get entries and exits
2025-01-17 11:09:06,925 - utils_portfolio - INFO - Evaluating symbol if to open, close, or no change
2025-01-17 11:09:06,962 - utils_strategy - INFO - CRM - downloading data from yfinance
2025-01-17 11:09:14,457 - utils_portfolio - INFO - Checking if we have correct date
2025-01-17 11:09:14,471 - utils_portfolio - INFO - CRM - running symbols strategy to get entries and exits
2025-01-17 11:09:38,478 - utils_portfolio - INFO - Evaluating symbol if to open, close, or no change
2025-01-17 11:09:38,511 - utils_strategy - INFO - CSCO - downloading data from yfinance
2025-01-17 11:09:47,608 - utils_portfolio - INFO - Checking if we have correct date
2025-01-17 11:09:47,614 - utils_portfolio - INFO - CSCO - running symbols strategy to get entries and exits
2025-01-17 11:10:16,201 - utils_portfolio - INFO - Evaluating symbol if to open, close, or no change
2025-01-17 11:10:16,237 - utils_strategy - INFO - CVS - downloading data from yfinance
2025-01-17 11:10:24,901 - utils_portfolio - INFO - Checking if we have correct date
2025-01-17 11:10:24,915 - utils_portfolio - INFO - CVS - running symbols strategy to get entries and exits
2025-01-17 11:10:52,302 - utils_portfolio - INFO - Evaluating symbol if to open, close, or no change
2025-01-17 11:10:52,339 - utils_strategy - INFO - DIA - downloading data from yfinance
2025-01-17 11:11:01,537 - utils_portfolio - INFO - Checking if we have correct date
2025-01-17 11:11:01,551 - utils_portfolio - INFO - DIA - running symbols strategy to get entries and exits
2025-01-17 11:11:29,407 - utils_portfolio - INFO - Evaluating symbol if to open, close, or no change
2025-01-17 11:11:29,446 - utils_strategy - INFO - DIS - downloading data from yfinance
2025-01-17 11:11:37,993 - utils_portfolio - INFO - Checking if we have correct date
2025-01-17 11:11:38,007 - utils_portfolio - INFO - DIS - running symbols strategy to get entries and exits
2025-01-17 11:12:05,209 - utils_portfolio - INFO - Evaluating symbol if to open, close, or no change
2025-01-17 11:12:05,254 - utils_strategy - INFO - DVN - downloading data from yfinance
2025-01-17 11:12:14,142 - utils_portfolio - INFO - Checking if we have correct date
2025-01-17 11:12:14,156 - utils_portfolio - INFO - DVN - running symbols strategy to get entries and exits
2025-01-17 11:12:41,263 - utils_portfolio - INFO - Evaluating symbol if to open, close, or no change
2025-01-17 11:12:41,305 - utils_strategy - INFO - EBAY - downloading data from yfinance
2025-01-17 11:12:49,967 - utils_portfolio - INFO - Checking if we have correct date
2025-01-17 11:12:49,974 - utils_portfolio - INFO - EBAY - running symbols strategy to get entries and exits
2025-01-17 11:13:17,714 - utils_portfolio - INFO - Evaluating symbol if to open, close, or no change
2025-01-17 11:13:17,768 - utils_strategy - INFO - EOG - downloading data from yfinance
2025-01-17 11:13:26,416 - utils_portfolio - INFO - Checking if we have correct date
2025-01-17 11:13:26,433 - utils_portfolio - INFO - EOG - running symbols strategy to get entries and exits
2025-01-17 11:13:54,791 - utils_portfolio - INFO - Evaluating symbol if to open, close, or no change
2025-01-17 11:13:54,830 - utils_strategy - INFO - EQT - downloading data from yfinance
2025-01-17 11:14:03,526 - utils_portfolio - INFO - Checking if we have correct date
2025-01-17 11:14:03,536 - utils_portfolio - INFO - EQT - running symbols strategy to get entries and exits
2025-01-17 11:14:31,714 - utils_portfolio - INFO - Evaluating symbol if to open, close, or no change
2025-01-17 11:14:31,754 - utils_strategy - INFO - EWZ - downloading data from yfinance
2025-01-17 11:14:40,177 - utils_portfolio - INFO - Checking if we have correct date
2025-01-17 11:14:40,192 - utils_portfolio - INFO - EWZ - running symbols strategy to get entries and exits
2025-01-17 11:15:07,024 - utils_portfolio - INFO - Evaluating symbol if to open, close, or no change
2025-01-17 11:15:07,062 - utils_strategy - INFO - FAST - downloading data from yfinance
2025-01-17 11:15:15,953 - utils_portfolio - INFO - Checking if we have correct date
2025-01-17 11:15:15,968 - utils_portfolio - INFO - FAST - running symbols strategy to get entries and exits
2025-01-17 11:15:43,780 - utils_portfolio - INFO - Evaluating symbol if to open, close, or no change
2025-01-17 11:15:43,990 - utils_strategy - INFO - FCX - downloading data from yfinance
2025-01-17 11:15:52,549 - utils_portfolio - INFO - Checking if we have correct date
2025-01-17 11:15:52,563 - utils_portfolio - INFO - FCX - running symbols strategy to get entries and exits
2025-01-17 11:16:20,315 - utils_portfolio - INFO - Evaluating symbol if to open, close, or no change
2025-01-17 11:16:20,353 - utils_strategy - INFO - FTNT - downloading data from yfinance
2025-01-17 11:16:25,811 - utils_portfolio - INFO - Checking if we have correct date
2025-01-17 11:16:25,817 - utils_portfolio - INFO - FTNT - running symbols strategy to get entries and exits
2025-01-17 11:16:45,742 - utils_portfolio - INFO - Evaluating symbol if to open, close, or no change
2025-01-17 11:16:45,772 - utils_strategy - INFO - GFI - downloading data from yfinance
2025-01-17 11:16:54,291 - utils_portfolio - INFO - Checking if we have correct date
2025-01-17 11:16:54,306 - utils_portfolio - INFO - GFI - running symbols strategy to get entries and exits
2025-01-17 11:17:22,469 - utils_portfolio - INFO - Evaluating symbol if to open, close, or no change
2025-01-17 11:17:22,509 - utils_strategy - INFO - GILD - downloading data from yfinance
2025-01-17 11:17:30,895 - utils_portfolio - INFO - Checking if we have correct date
2025-01-17 11:17:30,909 - utils_portfolio - INFO - GILD - running symbols strategy to get entries and exits
2025-01-17 11:17:58,920 - utils_portfolio - INFO - Evaluating symbol if to open, close, or no change
2025-01-17 11:17:58,960 - utils_strategy - INFO - GL - downloading data from yfinance
2025-01-17 11:18:07,456 - utils_portfolio - INFO - Checking if we have correct date
2025-01-17 11:18:07,470 - utils_portfolio - INFO - GL - running symbols strategy to get entries and exits
2025-01-17 11:18:35,901 - utils_portfolio - INFO - Evaluating symbol if to open, close, or no change
2025-01-17 11:18:35,943 - utils_strategy - INFO - GOLD - downloading data from yfinance
2025-01-17 11:18:44,360 - utils_portfolio - INFO - Checking if we have correct date
2025-01-17 11:18:44,375 - utils_portfolio - INFO - GOLD - running symbols strategy to get entries and exits
2025-01-17 11:19:12,174 - utils_portfolio - INFO - Evaluating symbol if to open, close, or no change
2025-01-17 11:19:12,214 - utils_strategy - INFO - GOOGL - downloading data from yfinance
2025-01-17 11:19:19,568 - utils_portfolio - INFO - Checking if we have correct date
2025-01-17 11:19:19,582 - utils_portfolio - INFO - GOOGL - running symbols strategy to get entries and exits
2025-01-17 11:19:43,852 - utils_portfolio - INFO - Evaluating symbol if to open, close, or no change
2025-01-17 11:19:43,886 - utils_strategy - INFO - HD - downloading data from yfinance
2025-01-17 11:19:52,495 - utils_portfolio - INFO - Checking if we have correct date
2025-01-17 11:19:52,503 - utils_portfolio - INFO - HD - running symbols strategy to get entries and exits
2025-01-17 11:20:20,366 - utils_portfolio - INFO - Evaluating symbol if to open, close, or no change
2025-01-17 11:20:20,404 - utils_strategy - INFO - HPE - downloading data from yfinance
2025-01-17 11:20:24,174 - utils_portfolio - INFO - Checking if we have correct date
2025-01-17 11:20:24,188 - utils_portfolio - INFO - HPE - running symbols strategy to get entries and exits
2025-01-17 11:20:38,681 - utils_portfolio - INFO - Evaluating symbol if to open, close, or no change
2025-01-17 11:20:38,715 - utils_strategy - INFO - IBM - downloading data from yfinance
2025-01-17 11:20:47,286 - utils_portfolio - INFO - Checking if we have correct date
2025-01-17 11:20:47,300 - utils_portfolio - INFO - IBM - running symbols strategy to get entries and exits
2025-01-17 11:21:14,488 - utils_portfolio - INFO - Evaluating symbol if to open, close, or no change
2025-01-17 11:21:14,530 - utils_strategy - INFO - IVV - downloading data from yfinance
2025-01-17 11:21:23,187 - utils_portfolio - INFO - Checking if we have correct date
2025-01-17 11:21:23,202 - utils_portfolio - INFO - IVV - running symbols strategy to get entries and exits
2025-01-17 11:21:50,960 - utils_portfolio - INFO - Evaluating symbol if to open, close, or no change
2025-01-17 11:21:50,996 - utils_strategy - INFO - IWM - downloading data from yfinance
2025-01-17 11:21:59,435 - utils_portfolio - INFO - Checking if we have correct date
2025-01-17 11:21:59,449 - utils_portfolio - INFO - IWM - running symbols strategy to get entries and exits
2025-01-17 11:22:27,259 - utils_portfolio - INFO - Evaluating symbol if to open, close, or no change
2025-01-17 11:22:27,297 - utils_strategy - INFO - IYR - downloading data from yfinance
2025-01-17 11:22:35,694 - utils_portfolio - INFO - Checking if we have correct date
2025-01-17 11:22:35,708 - utils_portfolio - INFO - IYR - running symbols strategy to get entries and exits
2025-01-17 11:23:03,091 - utils_portfolio - INFO - Evaluating symbol if to open, close, or no change
2025-01-17 11:23:03,135 - utils_strategy - INFO - JD - downloading data from yfinance
2025-01-17 11:23:07,293 - utils_portfolio - INFO - Checking if we have correct date
2025-01-17 11:23:07,308 - utils_portfolio - INFO - JD - running symbols strategy to get entries and exits
2025-01-17 11:23:23,633 - utils_portfolio - INFO - Evaluating symbol if to open, close, or no change
2025-01-17 11:23:23,659 - utils_strategy - INFO - JPM - downloading data from yfinance
2025-01-17 11:23:32,311 - utils_portfolio - INFO - Checking if we have correct date
2025-01-17 11:23:32,325 - utils_portfolio - INFO - JPM - running symbols strategy to get entries and exits
2025-01-17 11:24:00,884 - utils_portfolio - INFO - Evaluating symbol if to open, close, or no change
2025-01-17 11:24:00,924 - utils_strategy - INFO - KHC - downloading data from yfinance
2025-01-17 11:24:04,745 - utils_portfolio - INFO - Checking if we have correct date
2025-01-17 11:24:04,760 - utils_portfolio - INFO - KHC - running symbols strategy to get entries and exits
2025-01-17 11:24:20,175 - utils_portfolio - INFO - Evaluating symbol if to open, close, or no change
2025-01-17 11:24:20,199 - utils_strategy - INFO - KO - downloading data from yfinance
2025-01-17 11:24:28,749 - utils_portfolio - INFO - Checking if we have correct date
2025-01-17 11:24:28,764 - utils_portfolio - INFO - KO - running symbols strategy to get entries and exits
2025-01-17 11:24:57,034 - utils_portfolio - INFO - Evaluating symbol if to open, close, or no change
2025-01-17 11:24:57,237 - utils_strategy - INFO - KR - downloading data from yfinance
2025-01-17 11:25:05,758 - utils_portfolio - INFO - Checking if we have correct date
2025-01-17 11:25:05,765 - utils_portfolio - INFO - KR - running symbols strategy to get entries and exits
2025-01-17 11:25:33,338 - utils_portfolio - INFO - Evaluating symbol if to open, close, or no change
2025-01-17 11:25:33,376 - utils_strategy - INFO - KRE - downloading data from yfinance
2025-01-17 11:25:39,952 - utils_portfolio - INFO - Checking if we have correct date
2025-01-17 11:25:39,966 - utils_portfolio - INFO - KRE - running symbols strategy to get entries and exits
2025-01-17 11:26:02,363 - utils_portfolio - INFO - Evaluating symbol if to open, close, or no change
2025-01-17 11:26:02,395 - utils_strategy - INFO - KSS - downloading data from yfinance
2025-01-17 11:26:10,900 - utils_portfolio - INFO - Checking if we have correct date
2025-01-17 11:26:10,914 - utils_portfolio - INFO - KSS - running symbols strategy to get entries and exits
2025-01-17 11:26:38,202 - utils_portfolio - INFO - Evaluating symbol if to open, close, or no change
2025-01-17 11:26:38,240 - utils_strategy - INFO - LABU - downloading data from yfinance
2025-01-17 11:26:42,078 - utils_portfolio - INFO - Checking if we have correct date
2025-01-17 11:26:42,093 - utils_portfolio - INFO - LABU - running symbols strategy to get entries and exits
2025-01-17 11:26:57,552 - utils_portfolio - INFO - Evaluating symbol if to open, close, or no change
2025-01-17 11:26:57,576 - utils_strategy - INFO - LLY - downloading data from yfinance
2025-01-17 11:27:06,191 - utils_portfolio - INFO - Checking if we have correct date
2025-01-17 11:27:06,206 - utils_portfolio - INFO - LLY - running symbols strategy to get entries and exits
2025-01-17 11:27:33,900 - utils_portfolio - INFO - Evaluating symbol if to open, close, or no change
2025-01-17 11:27:33,940 - utils_strategy - INFO - LQD - downloading data from yfinance
2025-01-17 11:27:41,683 - utils_portfolio - INFO - Checking if we have correct date
2025-01-17 11:27:41,697 - utils_portfolio - INFO - LQD - running symbols strategy to get entries and exits
2025-01-17 11:28:07,498 - utils_portfolio - INFO - Evaluating symbol if to open, close, or no change
2025-01-17 11:28:07,531 - utils_strategy - INFO - LULU - downloading data from yfinance
2025-01-17 11:28:13,682 - utils_portfolio - INFO - Checking if we have correct date
2025-01-17 11:28:13,695 - utils_portfolio - INFO - LULU - running symbols strategy to get entries and exits
2025-01-17 11:28:35,433 - utils_portfolio - INFO - Evaluating symbol if to open, close, or no change
2025-01-17 11:28:35,466 - utils_strategy - INFO - LW - downloading data from yfinance
2025-01-17 11:28:39,308 - utils_portfolio - INFO - Checking if we have correct date
2025-01-17 11:28:39,326 - utils_portfolio - INFO - LW - running symbols strategy to get entries and exits
2025-01-17 11:28:53,052 - utils_portfolio - INFO - Evaluating symbol if to open, close, or no change
2025-01-17 11:28:53,077 - utils_strategy - INFO - MA - downloading data from yfinance
2025-01-17 11:28:59,679 - utils_portfolio - INFO - Checking if we have correct date
2025-01-17 11:28:59,694 - utils_portfolio - INFO - MA - running symbols strategy to get entries and exits
2025-01-17 11:29:22,247 - utils_portfolio - INFO - Evaluating symbol if to open, close, or no change
2025-01-17 11:29:22,280 - utils_strategy - INFO - MARA - downloading data from yfinance
2025-01-17 11:29:27,239 - utils_portfolio - INFO - Checking if we have correct date
2025-01-17 11:29:27,253 - utils_portfolio - INFO - MARA - running symbols strategy to get entries and exits
2025-01-17 11:29:45,783 - utils_portfolio - INFO - Evaluating symbol if to open, close, or no change
2025-01-17 11:29:45,812 - utils_strategy - INFO - MCHP - downloading data from yfinance
2025-01-17 11:29:54,436 - utils_portfolio - INFO - Checking if we have correct date
2025-01-17 11:29:54,444 - utils_portfolio - INFO - MCHP - running symbols strategy to get entries and exits
2025-01-17 11:30:23,068 - utils_portfolio - INFO - Evaluating symbol if to open, close, or no change
2025-01-17 11:30:23,106 - utils_strategy - INFO - MNST - downloading data from yfinance
2025-01-17 11:30:31,736 - utils_portfolio - INFO - Checking if we have correct date
2025-01-17 11:30:31,749 - utils_portfolio - INFO - MNST - running symbols strategy to get entries and exits
2025-01-17 11:31:00,138 - utils_portfolio - INFO - Evaluating symbol if to open, close, or no change
2025-01-17 11:31:00,174 - utils_strategy - INFO - MO - downloading data from yfinance
2025-01-17 11:31:09,495 - utils_portfolio - INFO - Checking if we have correct date
2025-01-17 11:31:09,509 - utils_portfolio - INFO - MO - running symbols strategy to get entries and exits
2025-01-17 11:31:37,966 - utils_portfolio - INFO - Evaluating symbol if to open, close, or no change
2025-01-17 11:31:38,004 - utils_strategy - INFO - MPC - downloading data from yfinance
2025-01-17 11:31:43,071 - utils_portfolio - INFO - Checking if we have correct date
2025-01-17 11:31:43,085 - utils_portfolio - INFO - MPC - running symbols strategy to get entries and exits
2025-01-17 11:32:01,461 - utils_portfolio - INFO - Evaluating symbol if to open, close, or no change
2025-01-17 11:32:01,489 - utils_strategy - INFO - MRK - downloading data from yfinance
2025-01-17 11:32:10,166 - utils_portfolio - INFO - Checking if we have correct date
2025-01-17 11:32:10,181 - utils_portfolio - INFO - MRK - running symbols strategy to get entries and exits
2025-01-17 11:32:38,191 - utils_portfolio - INFO - Evaluating symbol if to open, close, or no change
2025-01-17 11:32:38,231 - utils_strategy - INFO - MS - downloading data from yfinance
2025-01-17 11:32:46,774 - utils_portfolio - INFO - Checking if we have correct date
2025-01-17 11:32:46,781 - utils_portfolio - INFO - MS - running symbols strategy to get entries and exits
2025-01-17 11:33:14,576 - utils_portfolio - INFO - Evaluating symbol if to open, close, or no change
2025-01-17 11:33:14,771 - utils_strategy - INFO - MSFT - downloading data from yfinance
2025-01-17 11:33:23,665 - utils_portfolio - INFO - Checking if we have correct date
2025-01-17 11:33:23,679 - utils_portfolio - INFO - MSFT - running symbols strategy to get entries and exits
2025-01-17 11:33:52,312 - utils_portfolio - INFO - Evaluating symbol if to open, close, or no change
2025-01-17 11:33:52,351 - utils_strategy - INFO - MU - downloading data from yfinance
2025-01-17 11:34:00,946 - utils_portfolio - INFO - Checking if we have correct date
2025-01-17 11:34:00,966 - utils_portfolio - INFO - MU - running symbols strategy to get entries and exits
2025-01-17 11:34:30,255 - utils_portfolio - INFO - Evaluating symbol if to open, close, or no change
2025-01-17 11:34:30,293 - utils_strategy - INFO - NFLX - downloading data from yfinance
2025-01-17 11:34:37,973 - utils_portfolio - INFO - Checking if we have correct date
2025-01-17 11:34:37,980 - utils_portfolio - INFO - NFLX - running symbols strategy to get entries and exits
2025-01-17 11:35:03,767 - utils_portfolio - INFO - Evaluating symbol if to open, close, or no change
2025-01-17 11:35:03,802 - utils_strategy - INFO - NKE - downloading data from yfinance
2025-01-17 11:35:12,434 - utils_portfolio - INFO - Checking if we have correct date
2025-01-17 11:35:12,448 - utils_portfolio - INFO - NKE - running symbols strategy to get entries and exits
2025-01-17 11:35:40,403 - utils_portfolio - INFO - Evaluating symbol if to open, close, or no change
2025-01-17 11:35:40,447 - utils_strategy - INFO - NVDA - downloading data from yfinance
2025-01-17 11:35:49,076 - utils_portfolio - INFO - Checking if we have correct date
2025-01-17 11:35:49,089 - utils_portfolio - INFO - NVDA - running symbols strategy to get entries and exits
2025-01-17 11:36:17,761 - utils_portfolio - INFO - Evaluating symbol if to open, close, or no change
2025-01-17 11:36:17,970 - utils_strategy - INFO - NVO - downloading data from yfinance
2025-01-17 11:36:26,455 - utils_portfolio - INFO - Checking if we have correct date
2025-01-17 11:36:26,469 - utils_portfolio - INFO - NVO - running symbols strategy to get entries and exits
2025-01-17 11:36:54,862 - utils_portfolio - INFO - Evaluating symbol if to open, close, or no change
2025-01-17 11:36:54,900 - utils_strategy - INFO - O - downloading data from yfinance
2025-01-17 11:37:03,657 - utils_portfolio - INFO - Checking if we have correct date
2025-01-17 11:37:03,672 - utils_portfolio - INFO - O - running symbols strategy to get entries and exits
2025-01-17 11:37:32,130 - utils_portfolio - INFO - Evaluating symbol if to open, close, or no change
2025-01-17 11:37:32,170 - utils_strategy - INFO - PBR - downloading data from yfinance
2025-01-17 11:37:40,591 - utils_portfolio - INFO - Checking if we have correct date
2025-01-17 11:37:40,605 - utils_portfolio - INFO - PBR - running symbols strategy to get entries and exits
2025-01-17 11:38:08,315 - utils_portfolio - INFO - Evaluating symbol if to open, close, or no change
2025-01-17 11:38:08,355 - utils_strategy - INFO - PEP - downloading data from yfinance
2025-01-17 11:38:17,490 - utils_portfolio - INFO - Checking if we have correct date
2025-01-17 11:38:17,505 - utils_portfolio - INFO - PEP - running symbols strategy to get entries and exits
2025-01-17 11:38:45,625 - utils_portfolio - INFO - Evaluating symbol if to open, close, or no change
2025-01-17 11:38:45,664 - utils_strategy - INFO - PFE - downloading data from yfinance
2025-01-17 11:38:54,292 - utils_portfolio - INFO - Checking if we have correct date
2025-01-17 11:38:54,299 - utils_portfolio - INFO - PFE - running symbols strategy to get entries and exits
2025-01-17 11:39:22,696 - utils_portfolio - INFO - Evaluating symbol if to open, close, or no change
2025-01-17 11:39:22,735 - utils_strategy - INFO - PG - downloading data from yfinance
2025-01-17 11:39:31,323 - utils_portfolio - INFO - Checking if we have correct date
2025-01-17 11:39:31,331 - utils_portfolio - INFO - PG - running symbols strategy to get entries and exits
2025-01-17 11:39:59,023 - utils_portfolio - INFO - Evaluating symbol if to open, close, or no change
2025-01-17 11:39:59,063 - utils_strategy - INFO - PGR - downloading data from yfinance
2025-01-17 11:40:07,707 - utils_portfolio - INFO - Checking if we have correct date
2025-01-17 11:40:07,721 - utils_portfolio - INFO - PGR - running symbols strategy to get entries and exits
2025-01-17 11:40:35,877 - utils_portfolio - INFO - Evaluating symbol if to open, close, or no change
2025-01-17 11:40:35,913 - utils_strategy - INFO - PLUG - downloading data from yfinance
2025-01-17 11:40:44,616 - utils_portfolio - INFO - Checking if we have correct date
2025-01-17 11:40:44,631 - utils_portfolio - INFO - PLUG - running symbols strategy to get entries and exits
2025-01-17 11:41:12,425 - utils_portfolio - INFO - Evaluating symbol if to open, close, or no change
2025-01-17 11:41:12,463 - utils_strategy - INFO - PR - downloading data from yfinance
2025-01-17 11:41:16,166 - utils_portfolio - INFO - Checking if we have correct date
2025-01-17 11:41:16,180 - utils_portfolio - INFO - PR - running symbols strategy to get entries and exits
2025-01-17 11:41:30,550 - utils_portfolio - INFO - Evaluating symbol if to open, close, or no change
2025-01-17 11:41:30,574 - utils_strategy - INFO - RIG - downloading data from yfinance
2025-01-17 11:41:39,325 - utils_portfolio - INFO - Checking if we have correct date
2025-01-17 11:41:39,332 - utils_portfolio - INFO - RIG - running symbols strategy to get entries and exits
2025-01-17 11:42:06,931 - utils_portfolio - INFO - Evaluating symbol if to open, close, or no change
2025-01-17 11:42:06,973 - utils_strategy - INFO - RIOT - downloading data from yfinance
2025-01-17 11:42:10,885 - utils_portfolio - INFO - Checking if we have correct date
2025-01-17 11:42:10,899 - utils_portfolio - INFO - RIOT - running symbols strategy to get entries and exits
2025-01-17 11:42:26,191 - utils_portfolio - INFO - Evaluating symbol if to open, close, or no change
2025-01-17 11:42:26,217 - utils_strategy - INFO - RTX - downloading data from yfinance
2025-01-17 11:42:35,063 - utils_portfolio - INFO - Checking if we have correct date
2025-01-17 11:42:35,078 - utils_portfolio - INFO - RTX - running symbols strategy to get entries and exits
2025-01-17 11:43:03,143 - utils_portfolio - INFO - Evaluating symbol if to open, close, or no change
2025-01-17 11:43:03,178 - utils_strategy - INFO - SBUX - downloading data from yfinance
2025-01-17 11:43:11,922 - utils_portfolio - INFO - Checking if we have correct date
2025-01-17 11:43:11,940 - utils_portfolio - INFO - SBUX - running symbols strategy to get entries and exits
2025-01-17 11:43:39,740 - utils_portfolio - INFO - Evaluating symbol if to open, close, or no change
2025-01-17 11:43:39,780 - utils_strategy - INFO - SCHW - downloading data from yfinance
2025-01-17 11:43:48,583 - utils_portfolio - INFO - Checking if we have correct date
2025-01-17 11:43:48,598 - utils_portfolio - INFO - SCHW - running symbols strategy to get entries and exits
2025-01-17 11:44:17,253 - utils_portfolio - INFO - Evaluating symbol if to open, close, or no change
2025-01-17 11:44:17,292 - utils_strategy - INFO - SLB - downloading data from yfinance
2025-01-17 11:44:25,927 - utils_portfolio - INFO - Checking if we have correct date
2025-01-17 11:44:25,941 - utils_portfolio - INFO - SLB - running symbols strategy to get entries and exits
2025-01-17 11:44:53,667 - utils_portfolio - INFO - Evaluating symbol if to open, close, or no change
2025-01-17 11:44:53,706 - utils_strategy - INFO - SLV - downloading data from yfinance
2025-01-17 11:45:00,513 - utils_portfolio - INFO - Checking if we have correct date
2025-01-17 11:45:00,527 - utils_portfolio - INFO - SLV - running symbols strategy to get entries and exits
2025-01-17 11:45:23,871 - utils_portfolio - INFO - Evaluating symbol if to open, close, or no change
2025-01-17 11:45:23,906 - utils_strategy - INFO - SMH - downloading data from yfinance
2025-01-17 11:45:32,318 - utils_portfolio - INFO - Checking if we have correct date
2025-01-17 11:45:32,332 - utils_portfolio - INFO - SMH - running symbols strategy to get entries and exits
2025-01-17 11:46:00,222 - utils_portfolio - INFO - Evaluating symbol if to open, close, or no change
2025-01-17 11:46:00,262 - utils_strategy - INFO - SOXS - downloading data from yfinance
2025-01-17 11:46:05,657 - utils_portfolio - INFO - Checking if we have correct date
2025-01-17 11:46:05,671 - utils_portfolio - INFO - SOXS - running symbols strategy to get entries and exits
2025-01-17 11:46:26,303 - utils_portfolio - INFO - Evaluating symbol if to open, close, or no change
2025-01-17 11:46:26,339 - utils_strategy - INFO - SPXL - downloading data from yfinance
2025-01-17 11:46:32,144 - utils_portfolio - INFO - Checking if we have correct date
2025-01-17 11:46:32,159 - utils_portfolio - INFO - SPXL - running symbols strategy to get entries and exits
2025-01-17 11:46:53,128 - utils_portfolio - INFO - Evaluating symbol if to open, close, or no change
2025-01-17 11:46:53,157 - utils_strategy - INFO - SQ - downloading data from yfinance
2025-01-17 11:46:56,963 - utils_portfolio - INFO - Checking if we have correct date
2025-01-17 11:46:56,977 - utils_portfolio - INFO - SQ - running symbols strategy to get entries and exits
2025-01-17 11:47:11,604 - utils_portfolio - INFO - Evaluating symbol if to open, close, or no change
2025-01-17 11:47:11,629 - utils_strategy - INFO - TMF - downloading data from yfinance
2025-01-17 11:47:17,638 - utils_portfolio - INFO - Checking if we have correct date
2025-01-17 11:47:17,653 - utils_portfolio - INFO - TMF - running symbols strategy to get entries and exits
2025-01-17 11:47:38,392 - utils_portfolio - INFO - Evaluating symbol if to open, close, or no change
2025-01-17 11:47:38,422 - utils_strategy - INFO - TNA - downloading data from yfinance
2025-01-17 11:47:44,422 - utils_portfolio - INFO - Checking if we have correct date
2025-01-17 11:47:44,437 - utils_portfolio - INFO - TNA - running symbols strategy to get entries and exits
2025-01-17 11:48:04,814 - utils_portfolio - INFO - Evaluating symbol if to open, close, or no change
2025-01-17 11:48:04,845 - utils_strategy - INFO - TQQQ - downloading data from yfinance
2025-01-17 11:48:10,457 - utils_portfolio - INFO - Checking if we have correct date
2025-01-17 11:48:10,472 - utils_portfolio - INFO - TQQQ - running symbols strategy to get entries and exits
2025-01-17 11:48:31,201 - utils_portfolio - INFO - Evaluating symbol if to open, close, or no change
2025-01-17 11:48:31,233 - utils_strategy - INFO - TSLA - downloading data from yfinance
2025-01-17 11:48:36,844 - utils_portfolio - INFO - Checking if we have correct date
2025-01-17 11:48:36,859 - utils_portfolio - INFO - TSLA - running symbols strategy to get entries and exits
2025-01-17 11:48:56,107 - utils_portfolio - INFO - Evaluating symbol if to open, close, or no change
2025-01-17 11:48:56,139 - utils_strategy - INFO - TSM - downloading data from yfinance
2025-01-17 11:49:19,477 - utils_portfolio - INFO - Checking if we have correct date
2025-01-17 11:49:19,491 - utils_portfolio - INFO - TSM - running symbols strategy to get entries and exits
2025-01-17 11:49:47,138 - utils_portfolio - INFO - Evaluating symbol if to open, close, or no change
2025-01-17 11:49:47,176 - utils_strategy - INFO - TXN - downloading data from yfinance
2025-01-17 11:49:55,841 - utils_portfolio - INFO - Checking if we have correct date
2025-01-17 11:49:55,855 - utils_portfolio - INFO - TXN - running symbols strategy to get entries and exits
2025-01-17 11:50:24,400 - utils_portfolio - INFO - Evaluating symbol if to open, close, or no change
2025-01-17 11:50:24,437 - utils_strategy - INFO - UAL - downloading data from yfinance
2025-01-17 11:50:31,687 - utils_portfolio - INFO - Checking if we have correct date
2025-01-17 11:50:31,701 - utils_portfolio - INFO - UAL - running symbols strategy to get entries and exits
2025-01-17 11:50:54,874 - utils_portfolio - INFO - Evaluating symbol if to open, close, or no change
2025-01-17 11:50:54,907 - utils_strategy - INFO - UNH - downloading data from yfinance
2025-01-17 11:51:03,447 - utils_portfolio - INFO - Checking if we have correct date
2025-01-17 11:51:03,461 - utils_portfolio - INFO - UNH - running symbols strategy to get entries and exits
2025-01-17 11:51:32,444 - utils_portfolio - INFO - Evaluating symbol if to open, close, or no change
2025-01-17 11:51:32,481 - utils_strategy - INFO - UPRO - downloading data from yfinance
2025-01-17 11:51:38,186 - utils_portfolio - INFO - Checking if we have correct date
2025-01-17 11:51:38,194 - utils_portfolio - INFO - UPRO - running symbols strategy to get entries and exits
2025-01-17 11:51:58,163 - utils_portfolio - INFO - Evaluating symbol if to open, close, or no change
2025-01-17 11:51:58,192 - utils_strategy - INFO - UPS - downloading data from yfinance
2025-01-17 11:52:06,930 - utils_portfolio - INFO - Checking if we have correct date
2025-01-17 11:52:06,945 - utils_portfolio - INFO - UPS - running symbols strategy to get entries and exits
2025-01-17 11:52:35,202 - utils_portfolio - INFO - Evaluating symbol if to open, close, or no change
2025-01-17 11:52:35,240 - utils_strategy - INFO - USB - downloading data from yfinance
2025-01-17 11:52:44,037 - utils_portfolio - INFO - Checking if we have correct date
2025-01-17 11:52:44,044 - utils_portfolio - INFO - USB - running symbols strategy to get entries and exits
2025-01-17 11:53:12,004 - utils_portfolio - INFO - Evaluating symbol if to open, close, or no change
2025-01-17 11:53:12,046 - utils_strategy - INFO - VALE - downloading data from yfinance
2025-01-17 11:53:20,126 - utils_portfolio - INFO - Checking if we have correct date
2025-01-17 11:53:20,141 - utils_portfolio - INFO - VALE - running symbols strategy to get entries and exits
2025-01-17 11:53:46,838 - utils_portfolio - INFO - Evaluating symbol if to open, close, or no change
2025-01-17 11:53:46,873 - utils_strategy - INFO - VFC - downloading data from yfinance
2025-01-17 11:53:55,744 - utils_portfolio - INFO - Checking if we have correct date
2025-01-17 11:53:55,758 - utils_portfolio - INFO - VFC - running symbols strategy to get entries and exits
2025-01-17 11:54:24,913 - utils_portfolio - INFO - Evaluating symbol if to open, close, or no change
2025-01-17 11:54:25,119 - utils_strategy - INFO - VICI - downloading data from yfinance
2025-01-17 11:54:28,282 - utils_portfolio - INFO - Checking if we have correct date
2025-01-17 11:54:28,296 - utils_portfolio - INFO - VICI - running symbols strategy to get entries and exits
2025-01-17 11:54:40,942 - utils_portfolio - INFO - Evaluating symbol if to open, close, or no change
2025-01-17 11:54:40,966 - utils_strategy - INFO - VIXY - downloading data from yfinance
2025-01-17 11:54:46,488 - utils_portfolio - INFO - Checking if we have correct date
2025-01-17 11:54:46,509 - utils_portfolio - INFO - VIXY - running symbols strategy to get entries and exits
2025-01-17 11:55:06,424 - utils_portfolio - INFO - Evaluating symbol if to open, close, or no change
2025-01-17 11:55:06,456 - utils_strategy - INFO - VNQ - downloading data from yfinance
2025-01-17 11:55:13,955 - utils_portfolio - INFO - Checking if we have correct date
2025-01-17 11:55:13,970 - utils_portfolio - INFO - VNQ - running symbols strategy to get entries and exits
2025-01-17 11:55:37,947 - utils_portfolio - INFO - Evaluating symbol if to open, close, or no change
2025-01-17 11:55:37,984 - utils_strategy - INFO - VOO - downloading data from yfinance
2025-01-17 11:55:43,325 - utils_portfolio - INFO - Checking if we have correct date
2025-01-17 11:55:43,339 - utils_portfolio - INFO - VOO - running symbols strategy to get entries and exits
2025-01-17 11:56:02,616 - utils_portfolio - INFO - Evaluating symbol if to open, close, or no change
2025-01-17 11:56:02,648 - utils_strategy - INFO - WBD - downloading data from yfinance
2025-01-17 11:56:09,625 - utils_portfolio - INFO - Checking if we have correct date
2025-01-17 11:56:09,640 - utils_portfolio - INFO - WBD - running symbols strategy to get entries and exits
2025-01-17 11:56:33,701 - utils_portfolio - INFO - Evaluating symbol if to open, close, or no change
2025-01-17 11:56:33,736 - utils_strategy - INFO - WDC - downloading data from yfinance
2025-01-17 11:56:42,277 - utils_portfolio - INFO - Checking if we have correct date
2025-01-17 11:56:42,291 - utils_portfolio - INFO - WDC - running symbols strategy to get entries and exits
2025-01-17 11:57:10,556 - utils_portfolio - INFO - Evaluating symbol if to open, close, or no change
2025-01-17 11:57:10,595 - utils_strategy - INFO - XBI - downloading data from yfinance
2025-01-17 11:57:17,313 - utils_portfolio - INFO - Checking if we have correct date
2025-01-17 11:57:17,334 - utils_portfolio - INFO - XBI - running symbols strategy to get entries and exits
2025-01-17 11:57:40,415 - utils_portfolio - INFO - Evaluating symbol if to open, close, or no change
2025-01-17 11:57:40,449 - utils_strategy - INFO - XLB - downloading data from yfinance
2025-01-17 11:57:48,947 - utils_portfolio - INFO - Checking if we have correct date
2025-01-17 11:57:48,962 - utils_portfolio - INFO - XLB - running symbols strategy to get entries and exits
2025-01-17 11:58:17,514 - utils_portfolio - INFO - Evaluating symbol if to open, close, or no change
2025-01-17 11:58:17,550 - utils_strategy - INFO - XLE - downloading data from yfinance
2025-01-17 11:58:26,516 - utils_portfolio - INFO - Checking if we have correct date
2025-01-17 11:58:26,529 - utils_portfolio - INFO - XLE - running symbols strategy to get entries and exits
2025-01-17 11:58:54,868 - utils_portfolio - INFO - Evaluating symbol if to open, close, or no change
2025-01-17 11:58:54,905 - utils_strategy - INFO - XLI - downloading data from yfinance
2025-01-17 11:59:03,675 - utils_portfolio - INFO - Checking if we have correct date
2025-01-17 11:59:03,860 - utils_portfolio - INFO - XLI - running symbols strategy to get entries and exits
2025-01-17 11:59:32,223 - utils_portfolio - INFO - Evaluating symbol if to open, close, or no change
2025-01-17 11:59:32,260 - utils_strategy - INFO - XLK - downloading data from yfinance
2025-01-17 11:59:41,036 - utils_portfolio - INFO - Checking if we have correct date
2025-01-17 11:59:41,050 - utils_portfolio - INFO - XLK - running symbols strategy to get entries and exits
2025-01-17 12:00:09,250 - utils_portfolio - INFO - Evaluating symbol if to open, close, or no change
2025-01-17 12:00:09,288 - utils_strategy - INFO - XLP - downloading data from yfinance
2025-01-17 12:00:17,973 - utils_portfolio - INFO - Checking if we have correct date
2025-01-17 12:00:17,988 - utils_portfolio - INFO - XLP - running symbols strategy to get entries and exits
2025-01-17 12:00:46,635 - utils_portfolio - INFO - Evaluating symbol if to open, close, or no change
2025-01-17 12:00:46,673 - utils_strategy - INFO - XLV - downloading data from yfinance
2025-01-17 12:00:55,314 - utils_portfolio - INFO - Checking if we have correct date
2025-01-17 12:00:55,328 - utils_portfolio - INFO - XLV - running symbols strategy to get entries and exits
2025-01-17 12:01:23,994 - utils_portfolio - INFO - Evaluating symbol if to open, close, or no change
2025-01-17 12:01:24,032 - utils_strategy - INFO - XLY - downloading data from yfinance
2025-01-17 12:01:32,663 - utils_portfolio - INFO - Checking if we have correct date
2025-01-17 12:01:32,678 - utils_portfolio - INFO - XLY - running symbols strategy to get entries and exits
2025-01-17 12:02:00,047 - utils_portfolio - INFO - Evaluating symbol if to open, close, or no change
2025-01-17 12:02:00,086 - utils_strategy - INFO - XOP - downloading data from yfinance
2025-01-17 12:02:06,816 - utils_portfolio - INFO - Checking if we have correct date
2025-01-17 12:02:06,830 - utils_portfolio - INFO - XOP - running symbols strategy to get entries and exits
2025-01-17 12:02:29,918 - utils_portfolio - INFO - Evaluating symbol if to open, close, or no change
2025-01-17 12:02:29,951 - root - INFO - Portfolio p2 symbols actions - {'AAL': 'no_change', 'AAPL': 'no_change', 'ABBV': 'no_change', 'ABT': 'no_change', 'ADI': 'no_change', 'AMC': 'no_change', 'APA': 'no_change', 'APH': 'no_change', 'AXP': 'no_change', 'AZN': 'open', 'BAC': 'no_change', 'BP': 'open', 'BX': 'open', 'C': 'no_change', 'CAG': 'no_change', 'CAT': 'no_change', 'CCJ': 'no_change', 'CCL': 'open', 'CGC': 'no_change', 'CLF': 'no_change', 'COST': 'no_change', 'CRM': 'no_change', 'CSCO': 'no_change', 'CVS': 'no_change', 'DIA': 'no_change', 'DIS': 'no_change', 'DVN': 'no_change', 'EBAY': 'no_change', 'EOG': 'no_change', 'EQT': 'no_change', 'EWZ': 'no_change', 'FAST': 'no_change', 'FCX': 'no_change', 'FTNT': 'no_change', 'GFI': 'no_change', 'GILD': 'no_change', 'GL': 'no_change', 'GOLD': 'no_change', 'GOOGL': 'no_change', 'HD': 'no_change', 'HPE': 'no_change', 'IBM': 'no_change', 'IVV': 'no_change', 'IWM': 'no_change', 'IYR': 'no_change', 'JD': 'no_change', 'JPM': 'no_change', 'KHC': 'open', 'KO': 'no_change', 'KR': 'no_change', 'KRE': 'no_change', 'KSS': 'no_change', 'LABU': 'no_change', 'LLY': 'no_change', 'LQD': 'open', 'LULU': 'close', 'LW': 'no_change', 'MA': 'no_change', 'MARA': 'no_change', 'MCHP': 'no_change', 'MNST': 'open', 'MO': 'no_change', 'MPC': 'no_change', 'MRK': 'open', 'MS': 'no_change', 'MSFT': 'no_change', 'MU': 'no_change', 'NFLX': 'no_change', 'NKE': 'no_change', 'NVDA': 'no_change', 'NVO': 'no_change', 'O': 'no_change', 'PBR': 'no_change', 'PEP': 'open', 'PFE': 'no_change', 'PG': 'no_change', 'PGR': 'no_change', 'PLUG': 'no_change', 'PR': 'no_change', 'RIG': 'no_change', 'RIOT': 'no_change', 'RTX': 'no_change', 'SBUX': 'no_change', 'SCHW': 'open', 'SLB': 'no_change', 'SLV': 'no_change', 'SMH': 'no_change', 'SOXS': 'no_change', 'SPXL': 'no_change', 'SQ': 'no_change', 'TMF': 'no_change', 'TNA': 'no_change', 'TQQQ': 'no_change', 'TSLA': 'no_change', 'TSM': 'no_change', 'TXN': 'no_change', 'UAL': 'no_change', 'UNH': 'close', 'UPRO': 'no_change', 'UPS': 'no_change', 'USB': 'no_change', 'VALE': 'no_change', 'VFC': 'no_change', 'VICI': 'no_change', 'VIXY': 'no_change', 'VNQ': 'open', 'VOO': 'no_change', 'WBD': 'no_change', 'WDC': 'no_change', 'XBI': 'no_change', 'XLB': 'no_change', 'XLE': 'no_change', 'XLI': 'no_change', 'XLK': 'no_change', 'XLP': 'no_change', 'XLV': 'no_change', 'XLY': 'no_change', 'XOP': 'no_change'}
2025-01-17 12:02:29,951 - utils_portfolio - INFO - Submitting orders to close existing positions
2025-01-17 12:02:30,638 - utils_portfolio - INFO - Updating state of portfolio - p2
2025-01-17 12:02:30,639 - utils_portfolio - INFO - Calculating closed trades stats
2025-01-17 12:02:30,640 - utils_portfolio - INFO - Processing symbol - AAL
2025-01-17 12:02:31,156 - utils_portfolio - INFO - Processing symbol - AAPL
2025-01-17 12:02:31,358 - utils_portfolio - INFO - Processing symbol - ABBV
2025-01-17 12:02:31,558 - utils_portfolio - INFO - Processing symbol - ABT
2025-01-17 12:02:31,742 - utils_portfolio - INFO - Processing symbol - ADI
2025-01-17 12:02:31,969 - utils_portfolio - INFO - Processing symbol - AMC
2025-01-17 12:02:32,180 - utils_portfolio - INFO - Processing symbol - APA
2025-01-17 12:02:32,377 - utils_portfolio - INFO - Processing symbol - APH
2025-01-17 12:02:32,610 - utils_portfolio - INFO - Processing symbol - AXP
2025-01-17 12:02:32,791 - utils_portfolio - INFO - Processing symbol - AZN
2025-01-17 12:02:32,938 - utils_portfolio - INFO - Processing symbol - BAC
2025-01-17 12:02:33,098 - utils_portfolio - INFO - Processing symbol - BP
2025-01-17 12:02:33,219 - utils_portfolio - INFO - Processing symbol - BX
2025-01-17 12:02:33,409 - utils_portfolio - INFO - Processing symbol - C
2025-01-17 12:02:33,634 - utils_portfolio - INFO - Processing symbol - CAG
2025-01-17 12:02:33,815 - utils_portfolio - INFO - Processing symbol - CAT
2025-01-17 12:02:33,935 - utils_portfolio - INFO - Processing symbol - CCJ
2025-01-17 12:02:34,122 - utils_portfolio - INFO - Processing symbol - CCL
2025-01-17 12:02:34,326 - utils_portfolio - INFO - Processing symbol - CGC
2025-01-17 12:02:34,532 - utils_portfolio - INFO - Processing symbol - CLF
2025-01-17 12:02:34,705 - utils_portfolio - INFO - Processing symbol - COST
2025-01-17 12:02:34,851 - utils_portfolio - INFO - Processing symbol - CRM
2025-01-17 12:02:34,971 - utils_portfolio - INFO - Processing symbol - CSCO
2025-01-17 12:02:35,095 - utils_portfolio - INFO - Processing symbol - CVS
2025-01-17 12:02:35,244 - utils_portfolio - INFO - Processing symbol - DIA
2025-01-17 12:02:35,364 - utils_portfolio - INFO - Processing symbol - DIS
2025-01-17 12:02:35,556 - utils_portfolio - INFO - Processing symbol - DVN
2025-01-17 12:02:35,758 - utils_portfolio - INFO - Processing symbol - EBAY
2025-01-17 12:02:35,966 - utils_portfolio - INFO - Processing symbol - EOG
2025-01-17 12:02:36,166 - utils_portfolio - INFO - Processing symbol - EQT
2025-01-17 12:02:36,370 - utils_portfolio - INFO - Processing symbol - EWZ
2025-01-17 12:02:36,580 - utils_portfolio - INFO - Processing symbol - FAST
2025-01-17 12:02:36,784 - utils_portfolio - INFO - Processing symbol - FCX
2025-01-17 12:02:36,990 - utils_portfolio - INFO - Processing symbol - FTNT
2025-01-17 12:02:37,190 - utils_portfolio - INFO - Processing symbol - GFI
2025-01-17 12:02:37,337 - utils_portfolio - INFO - Processing symbol - GILD
2025-01-17 12:02:37,457 - utils_portfolio - INFO - Processing symbol - GL
2025-01-17 12:02:37,603 - utils_portfolio - INFO - Processing symbol - GOLD
2025-01-17 12:02:37,808 - utils_portfolio - INFO - Processing symbol - GOOGL
2025-01-17 12:02:38,014 - utils_portfolio - INFO - Processing symbol - HD
2025-01-17 12:02:38,212 - utils_portfolio - INFO - Processing symbol - HPE
2025-01-17 12:02:38,427 - utils_portfolio - INFO - Processing symbol - IBM
2025-01-17 12:02:38,634 - utils_portfolio - INFO - Processing symbol - IVV
2025-01-17 12:02:38,829 - utils_portfolio - INFO - Processing symbol - IWM
2025-01-17 12:02:38,973 - utils_portfolio - INFO - Processing symbol - IYR
2025-01-17 12:02:39,120 - utils_portfolio - INFO - Processing symbol - JD
2025-01-17 12:02:39,233 - utils_portfolio - INFO - Processing symbol - JPM
2025-01-17 12:02:39,348 - utils_portfolio - INFO - Processing symbol - KHC
2025-01-17 12:02:39,468 - utils_portfolio - INFO - Processing symbol - KO
2025-01-17 12:02:39,595 - utils_portfolio - INFO - Processing symbol - KR
2025-01-17 12:02:39,712 - utils_portfolio - INFO - Processing symbol - KRE
2025-01-17 12:02:39,857 - utils_portfolio - INFO - Processing symbol - KSS
2025-01-17 12:02:39,978 - utils_portfolio - INFO - Processing symbol - LABU
2025-01-17 12:02:40,161 - utils_portfolio - INFO - Processing symbol - LLY
2025-01-17 12:02:40,370 - utils_portfolio - INFO - Processing symbol - LQD
2025-01-17 12:02:40,486 - utils_portfolio - INFO - Processing symbol - LULU
2025-01-17 12:02:40,679 - utils_portfolio - INFO - Processing symbol - LW
2025-01-17 12:02:40,903 - utils_portfolio - INFO - Processing symbol - MA
2025-01-17 12:02:41,085 - utils_portfolio - INFO - Processing symbol - MARA
2025-01-17 12:02:41,287 - utils_portfolio - INFO - Processing symbol - MCHP
2025-01-17 12:02:41,494 - utils_portfolio - INFO - Processing symbol - MNST
2025-01-17 12:02:41,632 - utils_portfolio - INFO - Processing symbol - MO
2025-01-17 12:02:41,752 - utils_portfolio - INFO - Processing symbol - MPC
2025-01-17 12:02:41,899 - utils_portfolio - INFO - Processing symbol - MRK
2025-01-17 12:02:42,136 - utils_portfolio - INFO - Processing symbol - MS
2025-01-17 12:02:42,342 - utils_portfolio - INFO - Processing symbol - MSFT
2025-01-17 12:02:42,519 - utils_portfolio - INFO - Processing symbol - MU
2025-01-17 12:02:42,727 - utils_portfolio - INFO - Processing symbol - NFLX
2025-01-17 12:02:42,928 - utils_portfolio - INFO - Processing symbol - NKE
2025-01-17 12:02:43,049 - utils_portfolio - INFO - Processing symbol - NVDA
2025-01-17 12:02:43,170 - utils_portfolio - INFO - Processing symbol - NVO
2025-01-17 12:02:43,339 - utils_portfolio - INFO - Processing symbol - O
2025-01-17 12:02:43,565 - utils_portfolio - INFO - Processing symbol - PBR
2025-01-17 12:02:43,743 - utils_portfolio - INFO - Processing symbol - PEP
2025-01-17 12:02:43,953 - utils_portfolio - INFO - Processing symbol - PFE
2025-01-17 12:02:44,160 - utils_portfolio - INFO - Processing symbol - PG
2025-01-17 12:02:44,362 - utils_portfolio - INFO - Processing symbol - PGR
2025-01-17 12:02:44,568 - utils_portfolio - INFO - Processing symbol - PLUG
2025-01-17 12:02:44,766 - utils_portfolio - INFO - Processing symbol - PR
2025-01-17 12:02:44,978 - utils_portfolio - INFO - Processing symbol - RIG
2025-01-17 12:02:45,179 - utils_portfolio - INFO - Processing symbol - RIOT
2025-01-17 12:02:45,302 - utils_portfolio - INFO - Processing symbol - RTX
2025-01-17 12:02:45,458 - utils_portfolio - INFO - Processing symbol - SBUX
2025-01-17 12:02:45,588 - utils_portfolio - INFO - Processing symbol - SCHW
2025-01-17 12:02:45,791 - utils_portfolio - INFO - Processing symbol - SLB
2025-01-17 12:02:45,970 - utils_portfolio - INFO - Processing symbol - SLV
2025-01-17 12:02:46,104 - utils_portfolio - INFO - Processing symbol - SMH
2025-01-17 12:02:46,222 - utils_portfolio - INFO - Processing symbol - SOXS
2025-01-17 12:02:46,352 - utils_portfolio - INFO - Processing symbol - SPXL
2025-01-17 12:02:46,483 - utils_portfolio - INFO - Processing symbol - SQ
2025-01-17 12:02:46,604 - utils_portfolio - INFO - Processing symbol - TMF
2025-01-17 12:02:46,768 - utils_portfolio - INFO - Processing symbol - TNA
2025-01-17 12:02:46,948 - utils_portfolio - INFO - Processing symbol - TQQQ
2025-01-17 12:02:47,128 - utils_portfolio - INFO - Processing symbol - TSLA
2025-01-17 12:02:47,326 - utils_portfolio - INFO - Processing symbol - TSM
2025-01-17 12:02:47,562 - utils_portfolio - INFO - Processing symbol - TXN
2025-01-17 12:02:47,684 - utils_portfolio - INFO - Processing symbol - UAL
2025-01-17 12:02:47,840 - utils_portfolio - INFO - Processing symbol - UNH
2025-01-17 12:02:47,965 - utils_portfolio - INFO - Processing symbol - UPRO
2025-01-17 12:02:48,151 - utils_portfolio - INFO - Processing symbol - UPS
