2024-07-15 12:59:41,006 - root - INFO - Logger is setup
2024-07-15 12:59:41,056 - utils_portfolio - INFO - Updating whole portfolio state
2024-07-15 12:59:42,234 - utils_portfolio - INFO - Calculating open trades stats
2024-07-15 12:59:58,264 - utils_portfolio - INFO - Calculating closed trades stats
2024-07-15 13:00:08,979 - utils_portfolio - INFO - Updating info of portfolio - p1
2024-07-15 13:00:09,055 - utils_portfolio - INFO - Calculating symbols weights
2024-07-15 13:00:09,056 - root - INFO - Portfolio p1 symbols weights - {'PLTR': 0.09090909090909091, 'BTC/USD': 0.09090909090909091, 'AAL': 0.09090909090909091, 'VRT': 0.09090909090909091, 'GBTC': 0.09090909090909091, 'DELL': 0.09090909090909091, 'GM': 0.09090909090909091, 'IYR': 0.09090909090909091, 'DKNG': 0.09090909090909091, 'EBAY': 0.09090909090909091, 'CRWD': 0.09090909090909091}
2024-07-15 13:00:09,056 - utils_strategy - INFO - PLTR - downloading data from alpaca
2024-07-15 13:00:09,985 - utils_portfolio - INFO - Checking if we have correct date
2024-07-15 13:00:09,985 - utils_portfolio - INFO - PLTR - running symbols strategy to get entries and exits
2024-07-15 13:00:10,001 - utils_portfolio - INFO - Evaluating symbol if to open, close, or no change
2024-07-15 13:00:15,075 - utils_strategy - INFO - BTC/USD - downloading data from alpaca
2024-07-15 13:00:16,315 - utils_portfolio - INFO - Checking if we have correct date
2024-07-15 13:00:16,315 - utils_portfolio - INFO - BTC/USD - running symbols strategy to get entries and exits
2024-07-15 13:00:16,328 - utils_portfolio - INFO - Evaluating symbol if to open, close, or no change
2024-07-15 13:00:16,356 - utils_strategy - INFO - AAL - downloading data from alpaca
2024-07-15 13:00:17,543 - utils_portfolio - INFO - Checking if we have correct date
2024-07-15 13:00:17,543 - utils_portfolio - INFO - AAL - running symbols strategy to get entries and exits
2024-07-15 13:00:17,560 - utils_portfolio - INFO - Evaluating symbol if to open, close, or no change
2024-07-15 13:00:17,595 - utils_strategy - INFO - VRT - downloading data from alpaca
2024-07-15 13:00:18,582 - utils_portfolio - INFO - Checking if we have correct date
2024-07-15 13:00:18,582 - utils_portfolio - INFO - VRT - running symbols strategy to get entries and exits
2024-07-15 13:00:18,599 - utils_portfolio - INFO - Evaluating symbol if to open, close, or no change
2024-07-15 13:00:18,632 - utils_strategy - INFO - GBTC - downloading data from alpaca
2024-07-15 13:00:19,144 - utils_portfolio - INFO - Checking if we have correct date
2024-07-15 13:00:19,144 - utils_portfolio - INFO - GBTC - running symbols strategy to get entries and exits
2024-07-15 13:00:19,155 - utils_portfolio - INFO - Evaluating symbol if to open, close, or no change
2024-07-15 13:00:19,193 - utils_strategy - INFO - DELL - downloading data from alpaca
2024-07-15 13:00:20,107 - utils_portfolio - INFO - Checking if we have correct date
2024-07-15 13:00:20,108 - utils_portfolio - INFO - DELL - running symbols strategy to get entries and exits
2024-07-15 13:00:20,121 - utils_portfolio - INFO - Evaluating symbol if to open, close, or no change
2024-07-15 13:00:20,157 - utils_strategy - INFO - GM - downloading data from alpaca
2024-07-15 13:00:21,538 - utils_portfolio - INFO - Checking if we have correct date
2024-07-15 13:00:21,538 - utils_portfolio - INFO - GM - running symbols strategy to get entries and exits
2024-07-15 13:00:21,555 - utils_portfolio - INFO - Evaluating symbol if to open, close, or no change
2024-07-15 13:00:21,586 - utils_strategy - INFO - IYR - downloading data from alpaca
2024-07-15 13:00:23,011 - utils_portfolio - INFO - Checking if we have correct date
2024-07-15 13:00:23,011 - utils_portfolio - INFO - IYR - running symbols strategy to get entries and exits
2024-07-15 13:00:23,032 - utils_portfolio - INFO - Evaluating symbol if to open, close, or no change
2024-07-15 13:00:23,071 - utils_strategy - INFO - DKNG - downloading data from alpaca
2024-07-15 13:00:24,007 - utils_portfolio - INFO - Checking if we have correct date
2024-07-15 13:00:24,007 - utils_portfolio - INFO - DKNG - running symbols strategy to get entries and exits
2024-07-15 13:00:24,021 - utils_portfolio - INFO - Evaluating symbol if to open, close, or no change
2024-07-15 13:00:24,060 - utils_strategy - INFO - EBAY - downloading data from alpaca
2024-07-15 13:00:25,324 - utils_portfolio - INFO - Checking if we have correct date
2024-07-15 13:00:25,324 - utils_portfolio - INFO - EBAY - running symbols strategy to get entries and exits
2024-07-15 13:00:25,344 - utils_portfolio - INFO - Evaluating symbol if to open, close, or no change
2024-07-15 13:00:25,374 - utils_strategy - INFO - CRWD - downloading data from alpaca
2024-07-15 13:00:26,259 - utils_portfolio - INFO - Checking if we have correct date
2024-07-15 13:00:26,259 - utils_portfolio - INFO - CRWD - running symbols strategy to get entries and exits
2024-07-15 13:00:26,277 - utils_portfolio - INFO - Evaluating symbol if to open, close, or no change
2024-07-15 13:00:26,312 - root - INFO - Portfolio p1 symbols actions - {'PLTR': 'no_change', 'BTCUSD': 'open', 'AAL': 'no_change', 'VRT': 'close', 'GBTC': 'no_change', 'DELL': 'no_change', 'GM': 'open', 'IYR': 'no_change', 'DKNG': 'open', 'EBAY': 'open', 'CRWD': 'no_change'}
2024-07-15 13:00:26,313 - utils_portfolio - INFO - Submitting orders to close existing positions
2024-07-15 13:00:26,821 - utils_portfolio - INFO - Updating state of portfolio - p1
2024-07-15 13:00:26,821 - utils_portfolio - INFO - Calculating closed trades stats
2024-07-15 13:00:29,395 - utils_portfolio - INFO - Calculating open trades stats
2024-07-15 13:00:32,507 - utils_portfolio - INFO - Portfolio p1 - calculating position sizes
2024-07-15 13:00:32,524 - root - INFO - Portfolio p1 position sizes - symbol
PLTR      457.85
BTCUSD    457.85
AAL       457.85
VRT       457.85
GBTC      457.85
DELL      457.85
GM        457.85
IYR       457.85
DKNG      457.85
EBAY      457.85
CRWD      457.85
Name: position, dtype: float64
2024-07-15 13:00:32,525 - utils_portfolio - INFO - Submitting orders to open positions
2024-07-15 13:00:33,681 - root - INFO - XXXXXXXXXXXXXXXXXXXX --- Portfolio p1 - DONE --- XXXXXXXXXXXXXXXXXXXX
2024-07-15 13:00:33,682 - utils_portfolio - INFO - Updating info of portfolio - p2
2024-07-15 13:00:33,746 - utils_portfolio - INFO - Calculating symbols weights
2024-07-15 13:00:33,746 - utils_portfolio - INFO - Calculating closed trades count
2024-07-15 13:00:35,955 - root - INFO - Portfolio p2 symbols weights - {'AAPL': 0.1111111111111111, 'GOOGL': 0.1111111111111111, 'META': 0.1111111111111111, 'MRVL': 0.1111111111111111, 'MSTR': 0.1111111111111111, 'SCHD': 0.1111111111111111, 'BITO': 0.1111111111111111, 'AVGO': 0.1111111111111111, 'SOUN': 0.1111111111111111}
2024-07-15 13:00:35,956 - utils_strategy - INFO - AAPL - downloading data from yfinance
2024-07-15 13:00:36,543 - utils_portfolio - INFO - Checking if we have correct date
2024-07-15 13:00:36,543 - utils_portfolio - INFO - AAPL - running symbols strategy to get entries and exits
2024-07-15 13:00:36,551 - utils_portfolio - INFO - Evaluating symbol if to open, close, or no change
2024-07-15 13:00:36,588 - utils_strategy - INFO - GOOGL - downloading data from yfinance
2024-07-15 13:00:37,009 - utils_portfolio - INFO - Checking if we have correct date
2024-07-15 13:00:37,009 - utils_portfolio - INFO - GOOGL - running symbols strategy to get entries and exits
2024-07-15 13:00:37,018 - utils_portfolio - INFO - Evaluating symbol if to open, close, or no change
2024-07-15 13:00:37,050 - utils_strategy - INFO - META - downloading data from yfinance
2024-07-15 13:00:37,222 - utils_portfolio - INFO - Checking if we have correct date
2024-07-15 13:00:37,222 - utils_portfolio - INFO - META - running symbols strategy to get entries and exits
2024-07-15 13:00:37,230 - utils_portfolio - INFO - Evaluating symbol if to open, close, or no change
2024-07-15 13:00:37,261 - utils_strategy - INFO - MRVL - downloading data from yfinance
2024-07-15 13:00:37,555 - utils_portfolio - INFO - Checking if we have correct date
2024-07-15 13:00:37,555 - utils_portfolio - INFO - MRVL - running symbols strategy to get entries and exits
2024-07-15 13:00:37,562 - utils_portfolio - INFO - Evaluating symbol if to open, close, or no change
2024-07-15 13:00:37,598 - utils_strategy - INFO - MSTR - downloading data from yfinance
2024-07-15 13:00:37,841 - utils_portfolio - INFO - Checking if we have correct date
2024-07-15 13:00:37,841 - utils_portfolio - INFO - MSTR - running symbols strategy to get entries and exits
2024-07-15 13:00:37,849 - utils_portfolio - INFO - Evaluating symbol if to open, close, or no change
2024-07-15 13:00:37,881 - utils_strategy - INFO - SCHD - downloading data from yfinance
2024-07-15 13:00:38,080 - utils_portfolio - INFO - Checking if we have correct date
2024-07-15 13:00:38,080 - utils_portfolio - INFO - SCHD - running symbols strategy to get entries and exits
2024-07-15 13:00:38,087 - utils_portfolio - INFO - Evaluating symbol if to open, close, or no change
2024-07-15 13:00:38,116 - utils_strategy - INFO - BITO - downloading data from yfinance
2024-07-15 13:00:38,241 - utils_portfolio - INFO - Checking if we have correct date
2024-07-15 13:00:38,241 - utils_portfolio - INFO - BITO - running symbols strategy to get entries and exits
2024-07-15 13:00:38,250 - utils_portfolio - INFO - Evaluating symbol if to open, close, or no change
2024-07-15 13:00:38,277 - utils_strategy - INFO - AVGO - downloading data from yfinance
2024-07-15 13:00:38,470 - utils_portfolio - INFO - Checking if we have correct date
2024-07-15 13:00:38,470 - utils_portfolio - INFO - AVGO - running symbols strategy to get entries and exits
2024-07-15 13:00:38,478 - utils_portfolio - INFO - Evaluating symbol if to open, close, or no change
2024-07-15 13:00:38,516 - utils_strategy - INFO - SOUN - downloading data from yfinance
2024-07-15 13:00:38,641 - utils_portfolio - INFO - Checking if we have correct date
2024-07-15 13:00:38,641 - utils_portfolio - INFO - SOUN - running symbols strategy to get entries and exits
2024-07-15 13:00:38,657 - utils_portfolio - INFO - Evaluating symbol if to open, close, or no change
2024-07-15 13:00:38,683 - root - INFO - Portfolio p2 symbols actions - {'AAPL': 'no_change', 'GOOGL': 'close', 'META': 'no_change', 'MRVL': 'no_change', 'MSTR': 'open', 'SCHD': 'no_change', 'BITO': 'no_change', 'AVGO': 'close', 'SOUN': 'no_change'}
2024-07-15 13:00:38,683 - utils_portfolio - INFO - Submitting orders to close existing positions
2024-07-15 13:00:39,520 - utils_portfolio - INFO - Updating state of portfolio - p2
2024-07-15 13:00:39,522 - utils_portfolio - INFO - Calculating closed trades stats
2024-07-15 13:00:41,600 - utils_portfolio - INFO - Calculating open trades stats
2024-07-15 13:00:44,910 - utils_portfolio - INFO - Portfolio p2 - calculating position sizes
2024-07-15 13:00:44,930 - root - INFO - Portfolio p2 position sizes - symbol
AAPL     610.19
GOOGL    610.19
META     610.19
MRVL     610.19
MSTR     610.19
SCHD     610.19
BITO     610.19
AVGO     610.19
SOUN     610.19
Name: position, dtype: float64
2024-07-15 13:00:44,930 - utils_portfolio - INFO - Submitting orders to open positions
2024-07-15 13:00:45,520 - root - INFO - XXXXXXXXXXXXXXXXXXXX --- Portfolio p2 - DONE --- XXXXXXXXXXXXXXXXXXXX
2024-07-15 13:00:45,521 - utils_portfolio - INFO - Updating info of portfolio - p3
2024-07-15 13:00:45,594 - utils_portfolio - INFO - Calculating symbols weights
2024-07-15 13:00:45,595 - root - INFO - Portfolio p3 symbols weights - {'TSLA': 0.1, 'NVDA': 0.1, 'AMD': 0.1, 'QQQ': 0.1, 'AMZN': 0.1, 'TQQQ': 0.1, 'VOO': 0.1, 'BABA': 0.1, 'BA': 0.1, 'XLI': 0.1}
2024-07-15 13:00:45,595 - utils_strategy - INFO - TSLA - downloading data from yfinance
2024-07-15 13:00:45,889 - utils_portfolio - INFO - Checking if we have correct date
2024-07-15 13:00:45,889 - utils_portfolio - INFO - TSLA - running symbols strategy to get entries and exits
2024-07-15 13:00:45,896 - utils_portfolio - INFO - Evaluating symbol if to open, close, or no change
2024-07-15 13:00:45,930 - utils_strategy - INFO - NVDA - downloading data from yfinance
2024-07-15 13:00:46,265 - utils_portfolio - INFO - Checking if we have correct date
2024-07-15 13:00:46,265 - utils_portfolio - INFO - NVDA - running symbols strategy to get entries and exits
2024-07-15 13:00:46,272 - utils_portfolio - INFO - Evaluating symbol if to open, close, or no change
2024-07-15 13:00:46,311 - utils_strategy - INFO - AMD - downloading data from yfinance
2024-07-15 13:00:46,506 - utils_portfolio - INFO - Checking if we have correct date
2024-07-15 13:00:46,506 - utils_portfolio - INFO - AMD - running symbols strategy to get entries and exits
2024-07-15 13:00:46,514 - utils_portfolio - INFO - Evaluating symbol if to open, close, or no change
2024-07-15 13:00:46,549 - utils_strategy - INFO - QQQ - downloading data from yfinance
2024-07-15 13:00:46,859 - utils_portfolio - INFO - Checking if we have correct date
2024-07-15 13:00:46,859 - utils_portfolio - INFO - QQQ - running symbols strategy to get entries and exits
2024-07-15 13:00:46,866 - utils_portfolio - INFO - Evaluating symbol if to open, close, or no change
2024-07-15 13:00:46,902 - utils_strategy - INFO - AMZN - downloading data from yfinance
2024-07-15 13:00:47,238 - utils_portfolio - INFO - Checking if we have correct date
2024-07-15 13:00:47,238 - utils_portfolio - INFO - AMZN - running symbols strategy to get entries and exits
2024-07-15 13:00:47,246 - utils_portfolio - INFO - Evaluating symbol if to open, close, or no change
2024-07-15 13:00:47,277 - utils_strategy - INFO - TQQQ - downloading data from yfinance
2024-07-15 13:00:47,618 - utils_portfolio - INFO - Checking if we have correct date
2024-07-15 13:00:47,618 - utils_portfolio - INFO - TQQQ - running symbols strategy to get entries and exits
2024-07-15 13:00:47,628 - utils_portfolio - INFO - Evaluating symbol if to open, close, or no change
2024-07-15 13:00:47,665 - utils_strategy - INFO - VOO - downloading data from yfinance
2024-07-15 13:00:47,894 - utils_portfolio - INFO - Checking if we have correct date
2024-07-15 13:00:47,894 - utils_portfolio - INFO - VOO - running symbols strategy to get entries and exits
2024-07-15 13:00:47,901 - utils_portfolio - INFO - Evaluating symbol if to open, close, or no change
2024-07-15 13:00:47,932 - utils_strategy - INFO - BABA - downloading data from yfinance
2024-07-15 13:00:48,120 - utils_portfolio - INFO - Checking if we have correct date
2024-07-15 13:00:48,120 - utils_portfolio - INFO - BABA - running symbols strategy to get entries and exits
2024-07-15 13:00:48,127 - utils_portfolio - INFO - Evaluating symbol if to open, close, or no change
2024-07-15 13:00:48,158 - utils_strategy - INFO - BA - downloading data from yfinance
2024-07-15 13:00:48,428 - utils_portfolio - INFO - Checking if we have correct date
2024-07-15 13:00:48,428 - utils_portfolio - INFO - BA - running symbols strategy to get entries and exits
2024-07-15 13:00:48,435 - utils_portfolio - INFO - Evaluating symbol if to open, close, or no change
2024-07-15 13:00:48,469 - utils_strategy - INFO - XLI - downloading data from yfinance
2024-07-15 13:00:48,765 - utils_portfolio - INFO - Checking if we have correct date
2024-07-15 13:00:48,765 - utils_portfolio - INFO - XLI - running symbols strategy to get entries and exits
2024-07-15 13:00:48,773 - utils_portfolio - INFO - Evaluating symbol if to open, close, or no change
2024-07-15 13:00:48,809 - root - INFO - Portfolio p3 symbols actions - {'TSLA': 'no_change', 'NVDA': 'no_change', 'AMD': 'close', 'QQQ': 'no_change', 'AMZN': 'close', 'TQQQ': 'no_change', 'VOO': 'no_change', 'BABA': 'no_change', 'BA': 'no_change', 'XLI': 'no_change'}
2024-07-15 13:00:48,809 - utils_portfolio - INFO - Submitting orders to close existing positions
2024-07-15 13:00:49,556 - utils_portfolio - INFO - Updating state of portfolio - p3
2024-07-15 13:00:49,557 - utils_portfolio - INFO - Calculating closed trades stats
2024-07-15 13:00:51,944 - utils_portfolio - INFO - Calculating open trades stats
2024-07-15 13:00:56,378 - utils_portfolio - INFO - Portfolio p3 - calculating position sizes
2024-07-15 13:00:56,386 - utils_portfolio - WARNING - Increasing of the portfolio size because not having min available cash
2024-07-15 13:00:56,409 - root - INFO - Portfolio p3 position sizes - symbol
TSLA    501.93
NVDA    501.93
AMD     501.93
QQQ     501.93
AMZN    501.93
TQQQ    501.93
VOO     501.93
BABA    501.93
BA      501.93
XLI     501.93
Name: position, dtype: float64
2024-07-15 13:00:56,409 - utils_portfolio - INFO - Submitting orders to open positions
2024-07-15 13:00:56,409 - root - INFO - XXXXXXXXXXXXXXXXXXXX --- Portfolio p3 - DONE --- XXXXXXXXXXXXXXXXXXXX
2024-07-15 13:00:56,410 - utils_portfolio - INFO - Updating info of portfolio - p4
2024-07-15 13:00:56,540 - utils_portfolio - INFO - Calculating symbols weights
2024-07-15 13:00:56,540 - root - INFO - Portfolio p4 symbols weights - {'RIOT': 0.05, 'NEE': 0.05, 'SLV': 0.05, 'SHOP': 0.05, 'FAST': 0.05, 'SPXL': 0.05, 'VALE': 0.05, 'SNAP': 0.05, 'WDC': 0.05, 'MO': 0.05, 'PM': 0.05, 'SQ': 0.05, 'PDD': 0.05, 'ABBV': 0.05, 'ON': 0.05, 'UPRO': 0.05, 'TSLL': 0.05, 'PBR': 0.05, 'MP': 0.05, 'U': 0.05}
2024-07-15 13:00:56,541 - utils_strategy - INFO - RIOT - downloading data from yfinance
2024-07-15 13:00:56,736 - utils_portfolio - INFO - Checking if we have correct date
2024-07-15 13:00:56,736 - utils_portfolio - INFO - RIOT - running symbols strategy to get entries and exits
2024-07-15 13:00:56,743 - utils_portfolio - INFO - Evaluating symbol if to open, close, or no change
2024-07-15 13:00:56,770 - utils_strategy - INFO - NEE - downloading data from yfinance
2024-07-15 13:00:57,102 - utils_portfolio - INFO - Checking if we have correct date
2024-07-15 13:00:57,103 - utils_portfolio - INFO - NEE - running symbols strategy to get entries and exits
2024-07-15 13:00:57,110 - utils_portfolio - INFO - Evaluating symbol if to open, close, or no change
2024-07-15 13:00:57,147 - utils_strategy - INFO - SLV - downloading data from yfinance
2024-07-15 13:00:57,311 - utils_portfolio - INFO - Checking if we have correct date
2024-07-15 13:00:57,311 - utils_portfolio - INFO - SLV - running symbols strategy to get entries and exits
2024-07-15 13:00:57,319 - utils_portfolio - INFO - Evaluating symbol if to open, close, or no change
2024-07-15 13:00:57,351 - utils_strategy - INFO - SHOP - downloading data from yfinance
2024-07-15 13:00:57,511 - utils_portfolio - INFO - Checking if we have correct date
2024-07-15 13:00:57,511 - utils_portfolio - INFO - SHOP - running symbols strategy to get entries and exits
2024-07-15 13:00:57,518 - utils_portfolio - INFO - Evaluating symbol if to open, close, or no change
2024-07-15 13:00:57,547 - utils_strategy - INFO - FAST - downloading data from yfinance
2024-07-15 13:00:57,863 - utils_portfolio - INFO - Checking if we have correct date
2024-07-15 13:00:57,863 - utils_portfolio - INFO - FAST - running symbols strategy to get entries and exits
2024-07-15 13:00:57,871 - utils_portfolio - INFO - Evaluating symbol if to open, close, or no change
2024-07-15 13:00:57,909 - utils_strategy - INFO - SPXL - downloading data from yfinance
2024-07-15 13:00:58,108 - utils_portfolio - INFO - Checking if we have correct date
2024-07-15 13:00:58,109 - utils_portfolio - INFO - SPXL - running symbols strategy to get entries and exits
2024-07-15 13:00:58,115 - utils_portfolio - INFO - Evaluating symbol if to open, close, or no change
2024-07-15 13:00:58,148 - utils_strategy - INFO - VALE - downloading data from yfinance
2024-07-15 13:00:58,384 - utils_portfolio - INFO - Checking if we have correct date
2024-07-15 13:00:58,384 - utils_portfolio - INFO - VALE - running symbols strategy to get entries and exits
2024-07-15 13:00:58,392 - utils_portfolio - INFO - Evaluating symbol if to open, close, or no change
2024-07-15 13:00:58,430 - utils_strategy - INFO - SNAP - downloading data from yfinance
2024-07-15 13:00:58,548 - utils_portfolio - INFO - Checking if we have correct date
2024-07-15 13:00:58,548 - utils_portfolio - INFO - SNAP - running symbols strategy to get entries and exits
2024-07-15 13:00:58,557 - utils_portfolio - INFO - Evaluating symbol if to open, close, or no change
2024-07-15 13:00:58,586 - utils_strategy - INFO - WDC - downloading data from yfinance
2024-07-15 13:00:58,861 - utils_portfolio - INFO - Checking if we have correct date
2024-07-15 13:00:58,862 - utils_portfolio - INFO - WDC - running symbols strategy to get entries and exits
2024-07-15 13:00:58,869 - utils_portfolio - INFO - Evaluating symbol if to open, close, or no change
2024-07-15 13:00:59,060 - utils_strategy - INFO - MO - downloading data from yfinance
2024-07-15 13:00:59,366 - utils_portfolio - INFO - Checking if we have correct date
2024-07-15 13:00:59,366 - utils_portfolio - INFO - MO - running symbols strategy to get entries and exits
2024-07-15 13:00:59,374 - utils_portfolio - INFO - Evaluating symbol if to open, close, or no change
2024-07-15 13:00:59,418 - utils_strategy - INFO - PM - downloading data from yfinance
2024-07-15 13:00:59,597 - utils_portfolio - INFO - Checking if we have correct date
2024-07-15 13:00:59,597 - utils_portfolio - INFO - PM - running symbols strategy to get entries and exits
2024-07-15 13:00:59,605 - utils_portfolio - INFO - Evaluating symbol if to open, close, or no change
2024-07-15 13:00:59,639 - utils_strategy - INFO - SQ - downloading data from yfinance
2024-07-15 13:00:59,794 - utils_portfolio - INFO - Checking if we have correct date
2024-07-15 13:00:59,794 - utils_portfolio - INFO - SQ - running symbols strategy to get entries and exits
2024-07-15 13:00:59,803 - utils_portfolio - INFO - Evaluating symbol if to open, close, or no change
2024-07-15 13:00:59,831 - utils_strategy - INFO - PDD - downloading data from yfinance
2024-07-15 13:00:59,977 - utils_portfolio - INFO - Checking if we have correct date
2024-07-15 13:00:59,978 - utils_portfolio - INFO - PDD - running symbols strategy to get entries and exits
2024-07-15 13:00:59,989 - utils_portfolio - INFO - Evaluating symbol if to open, close, or no change
2024-07-15 13:01:00,018 - utils_strategy - INFO - ABBV - downloading data from yfinance
2024-07-15 13:01:00,253 - utils_portfolio - INFO - Checking if we have correct date
2024-07-15 13:01:00,253 - utils_portfolio - INFO - ABBV - running symbols strategy to get entries and exits
2024-07-15 13:01:00,260 - utils_portfolio - INFO - Evaluating symbol if to open, close, or no change
2024-07-15 13:01:00,289 - utils_strategy - INFO - ON - downloading data from yfinance
2024-07-15 13:01:00,481 - utils_portfolio - INFO - Checking if we have correct date
2024-07-15 13:01:00,481 - utils_portfolio - INFO - ON - running symbols strategy to get entries and exits
2024-07-15 13:01:00,489 - utils_portfolio - INFO - Evaluating symbol if to open, close, or no change
2024-07-15 13:01:00,528 - utils_strategy - INFO - UPRO - downloading data from yfinance
2024-07-15 13:01:00,798 - utils_portfolio - INFO - Checking if we have correct date
2024-07-15 13:01:00,799 - utils_portfolio - INFO - UPRO - running symbols strategy to get entries and exits
2024-07-15 13:01:00,806 - utils_portfolio - INFO - Evaluating symbol if to open, close, or no change
2024-07-15 13:01:00,836 - utils_strategy - INFO - TSLL - downloading data from yfinance
2024-07-15 13:01:00,937 - utils_portfolio - INFO - Checking if we have correct date
2024-07-15 13:01:00,937 - utils_portfolio - INFO - TSLL - running symbols strategy to get entries and exits
2024-07-15 13:01:00,950 - utils_portfolio - INFO - Evaluating symbol if to open, close, or no change
2024-07-15 13:01:00,973 - utils_strategy - INFO - PBR - downloading data from yfinance
2024-07-15 13:01:01,208 - utils_portfolio - INFO - Checking if we have correct date
2024-07-15 13:01:01,208 - utils_portfolio - INFO - PBR - running symbols strategy to get entries and exits
2024-07-15 13:01:01,216 - utils_portfolio - INFO - Evaluating symbol if to open, close, or no change
2024-07-15 13:01:01,250 - utils_strategy - INFO - MP - downloading data from yfinance
2024-07-15 13:01:01,356 - utils_portfolio - INFO - Checking if we have correct date
2024-07-15 13:01:01,356 - utils_portfolio - INFO - MP - running symbols strategy to get entries and exits
2024-07-15 13:01:01,367 - utils_portfolio - INFO - Evaluating symbol if to open, close, or no change
2024-07-15 13:01:01,393 - utils_strategy - INFO - U - downloading data from yfinance
2024-07-15 13:01:01,526 - utils_portfolio - INFO - Checking if we have correct date
2024-07-15 13:01:01,526 - utils_portfolio - INFO - U - running symbols strategy to get entries and exits
2024-07-15 13:01:01,537 - utils_portfolio - INFO - Evaluating symbol if to open, close, or no change
2024-07-15 13:01:01,561 - root - INFO - Portfolio p4 symbols actions - {'RIOT': 'open', 'NEE': 'no_change', 'SLV': 'no_change', 'SHOP': 'close', 'FAST': 'no_change', 'SPXL': 'no_change', 'VALE': 'no_change', 'SNAP': 'no_change', 'WDC': 'no_change', 'MO': 'no_change', 'PM': 'no_change', 'SQ': 'open', 'PDD': 'no_change', 'ABBV': 'no_change', 'ON': 'no_change', 'UPRO': 'no_change', 'TSLL': 'no_change', 'PBR': 'no_change', 'MP': 'no_change', 'U': 'open'}
2024-07-15 13:01:01,561 - utils_portfolio - INFO - Submitting orders to close existing positions
2024-07-15 13:01:02,049 - utils_portfolio - INFO - Updating state of portfolio - p4
2024-07-15 13:01:02,051 - utils_portfolio - INFO - Calculating closed trades stats
2024-07-15 13:01:06,484 - utils_portfolio - INFO - Calculating open trades stats
2024-07-15 13:01:13,888 - utils_portfolio - INFO - Portfolio p4 - calculating position sizes
2024-07-15 13:01:13,905 - root - INFO - Portfolio p4 position sizes - symbol
RIOT    253.43
NEE     254.19
SLV     254.19
SHOP    254.19
FAST    254.19
SPXL    254.19
VALE    254.19
SNAP    253.43
WDC     254.19
MO      254.19
PM      254.19
SQ      253.43
PDD     254.19
ABBV    254.19
ON      254.19
UPRO    254.19
TSLL    253.43
PBR     254.19
MP      254.19
U       253.43
Name: position, dtype: float64
2024-07-15 13:01:13,905 - utils_portfolio - INFO - Submitting orders to open positions
2024-07-15 13:01:14,849 - root - INFO - XXXXXXXXXXXXXXXXXXXX --- Portfolio p4 - DONE --- XXXXXXXXXXXXXXXXXXXX
2024-07-15 13:01:14,850 - utils_portfolio - INFO - Updating state of symbols
2024-07-15 13:01:14,850 - utils_portfolio - INFO - Calculating closed trades stats
2024-07-15 13:01:25,431 - utils_portfolio - INFO - Calculating open trades stats
