2024-02-07 22:48:41,452 - __main__ - INFO - Logging is set up.
2024-02-07 22:48:41,458 - utils - INFO - BTC/USD - downloading data from yfinance
2024-02-07 22:48:42,011 - utils - INFO - BTC/USD - making symbol stats & plots
2024-02-07 22:48:43,005 - utils - INFO - BTC/USD - splitting data via rolling split
2024-02-07 22:48:43,765 - utils - INFO - calculating strategy stats
2024-02-07 22:49:14,501 - utils - INFO - BTC/USD - hhhl - calculating grouped stats of the strategy
2024-02-07 22:49:32,199 - utils - INFO - LINK/BTC - downloading data from yfinance
2024-02-07 22:49:32,385 - utils - INFO - LINK/BTC - making symbol stats & plots
2024-02-07 22:49:33,082 - utils - INFO - LINK/BTC - splitting data via rolling split
2024-02-07 22:49:33,321 - utils - INFO - calculating strategy stats
2024-02-07 22:49:51,767 - utils - INFO - LINK/BTC - hhhl - calculating grouped stats of the strategy
2024-02-07 22:50:09,418 - utils - INFO - UNI/US - downloading data from yfinance
2024-02-07 22:50:10,640 - yfinance - ERROR - 
1 Failed download:
2024-02-07 22:50:10,641 - yfinance - ERROR - ['UNI-US']: Exception('%ticker%: No timezone found, symbol may be delisted')
2024-02-07 22:50:10,644 - utils - INFO - BCH/USD - downloading data from yfinance
2024-02-07 22:50:10,829 - utils - INFO - BCH/USD - making symbol stats & plots
2024-02-07 22:50:11,432 - utils - INFO - BCH/USD - splitting data via rolling split
2024-02-07 22:50:11,646 - utils - INFO - calculating strategy stats
2024-02-07 22:50:30,337 - utils - INFO - BCH/USD - hhhl - calculating grouped stats of the strategy
2024-02-07 22:50:47,942 - utils - INFO - AAPL - downloading data from yfinance
2024-02-07 22:50:48,244 - utils - INFO - AAPL - making symbol stats & plots
2024-02-07 22:50:48,827 - utils - INFO - AAPL - splitting data via rolling split
2024-02-07 22:50:49,185 - utils - INFO - calculating strategy stats
2024-02-07 22:51:12,919 - utils - INFO - AAPL - hhhl - calculating grouped stats of the strategy
2024-02-07 22:51:30,604 - utils - INFO - DELL - downloading data from yfinance
2024-02-07 22:51:30,770 - utils - INFO - DELL - making symbol stats & plots
2024-02-07 22:51:31,317 - utils - INFO - DELL - splitting data via rolling split
2024-02-07 22:51:31,533 - utils - INFO - calculating strategy stats
2024-02-07 22:51:47,983 - utils - INFO - DELL - hhhl - calculating grouped stats of the strategy
